[2025-03-03T15:44:48.781+0000] {processor.py:161} INFO - Started process (PID=77) to work on /home/airflow/.local/lib/python3.8/site-packages/airflow/example_dags/example_branch_python_dop_operator_3.py
[2025-03-03T15:44:48.782+0000] {processor.py:830} INFO - Processing file /home/airflow/.local/lib/python3.8/site-packages/airflow/example_dags/example_branch_python_dop_operator_3.py for tasks to queue
[2025-03-03T15:44:48.785+0000] {logging_mixin.py:188} INFO - [2025-03-03T15:44:48.785+0000] {dagbag.py:538} INFO - Filling up the DagBag from /home/airflow/.local/lib/python3.8/site-packages/airflow/example_dags/example_branch_python_dop_operator_3.py
[2025-03-03T15:44:48.800+0000] {processor.py:840} INFO - DAG(s) 'example_branch_dop_operator_v3' retrieved from /home/airflow/.local/lib/python3.8/site-packages/airflow/example_dags/example_branch_python_dop_operator_3.py
[2025-03-03T15:44:48.939+0000] {logging_mixin.py:188} INFO - [2025-03-03T15:44:48.938+0000] {override.py:1769} INFO - Created Permission View: can edit on DAG:example_branch_dop_operator_v3
[2025-03-03T15:44:48.956+0000] {logging_mixin.py:188} INFO - [2025-03-03T15:44:48.956+0000] {override.py:1769} INFO - Created Permission View: can read on DAG:example_branch_dop_operator_v3
[2025-03-03T15:44:48.975+0000] {logging_mixin.py:188} INFO - [2025-03-03T15:44:48.975+0000] {override.py:1769} INFO - Created Permission View: can delete on DAG:example_branch_dop_operator_v3
[2025-03-03T15:44:48.976+0000] {logging_mixin.py:188} INFO - [2025-03-03T15:44:48.976+0000] {dag.py:3036} INFO - Sync 1 DAGs
[2025-03-03T15:44:48.990+0000] {logging_mixin.py:188} INFO - [2025-03-03T15:44:48.990+0000] {dag.py:3058} INFO - Creating ORM DAG for example_branch_dop_operator_v3
[2025-03-03T15:44:49.011+0000] {logging_mixin.py:188} INFO - [2025-03-03T15:44:49.011+0000] {dag.py:3823} INFO - Setting next_dagrun for example_branch_dop_operator_v3 to 2025-03-03 15:43:00+00:00, run_after=2025-03-03 15:44:00+00:00
[2025-03-03T15:44:49.043+0000] {processor.py:183} INFO - Processing /home/airflow/.local/lib/python3.8/site-packages/airflow/example_dags/example_branch_python_dop_operator_3.py took 0.266 seconds
[2025-03-03T15:45:19.459+0000] {processor.py:161} INFO - Started process (PID=127) to work on /home/airflow/.local/lib/python3.8/site-packages/airflow/example_dags/example_branch_python_dop_operator_3.py
[2025-03-03T15:45:19.461+0000] {processor.py:830} INFO - Processing file /home/airflow/.local/lib/python3.8/site-packages/airflow/example_dags/example_branch_python_dop_operator_3.py for tasks to queue
[2025-03-03T15:45:19.463+0000] {logging_mixin.py:188} INFO - [2025-03-03T15:45:19.463+0000] {dagbag.py:538} INFO - Filling up the DagBag from /home/airflow/.local/lib/python3.8/site-packages/airflow/example_dags/example_branch_python_dop_operator_3.py
[2025-03-03T15:45:19.475+0000] {processor.py:840} INFO - DAG(s) 'example_branch_dop_operator_v3' retrieved from /home/airflow/.local/lib/python3.8/site-packages/airflow/example_dags/example_branch_python_dop_operator_3.py
[2025-03-03T15:45:19.512+0000] {logging_mixin.py:188} INFO - [2025-03-03T15:45:19.511+0000] {dag.py:3036} INFO - Sync 1 DAGs
[2025-03-03T15:45:19.545+0000] {logging_mixin.py:188} INFO - [2025-03-03T15:45:19.545+0000] {dag.py:3823} INFO - Setting next_dagrun for example_branch_dop_operator_v3 to 2025-03-03 15:44:00+00:00, run_after=2025-03-03 15:45:00+00:00
[2025-03-03T15:45:19.579+0000] {processor.py:183} INFO - Processing /home/airflow/.local/lib/python3.8/site-packages/airflow/example_dags/example_branch_python_dop_operator_3.py took 0.125 seconds
[2025-03-03T16:12:51.348+0000] {processor.py:161} INFO - Started process (PID=132) to work on /home/airflow/.local/lib/python3.8/site-packages/airflow/example_dags/example_branch_python_dop_operator_3.py
[2025-03-03T16:12:51.349+0000] {processor.py:830} INFO - Processing file /home/airflow/.local/lib/python3.8/site-packages/airflow/example_dags/example_branch_python_dop_operator_3.py for tasks to queue
[2025-03-03T16:12:51.352+0000] {logging_mixin.py:188} INFO - [2025-03-03T16:12:51.351+0000] {dagbag.py:538} INFO - Filling up the DagBag from /home/airflow/.local/lib/python3.8/site-packages/airflow/example_dags/example_branch_python_dop_operator_3.py
[2025-03-03T16:12:51.365+0000] {processor.py:840} INFO - DAG(s) 'example_branch_dop_operator_v3' retrieved from /home/airflow/.local/lib/python3.8/site-packages/airflow/example_dags/example_branch_python_dop_operator_3.py
[2025-03-03T16:12:51.383+0000] {logging_mixin.py:188} INFO - [2025-03-03T16:12:51.382+0000] {dag.py:3036} INFO - Sync 1 DAGs
[2025-03-03T16:12:51.413+0000] {logging_mixin.py:188} INFO - [2025-03-03T16:12:51.413+0000] {dag.py:3823} INFO - Setting next_dagrun for example_branch_dop_operator_v3 to 2025-03-03 16:11:00+00:00, run_after=2025-03-03 16:12:00+00:00
[2025-03-03T16:12:51.452+0000] {processor.py:183} INFO - Processing /home/airflow/.local/lib/python3.8/site-packages/airflow/example_dags/example_branch_python_dop_operator_3.py took 0.108 seconds
[2025-03-03T16:13:22.095+0000] {processor.py:161} INFO - Started process (PID=182) to work on /home/airflow/.local/lib/python3.8/site-packages/airflow/example_dags/example_branch_python_dop_operator_3.py
[2025-03-03T16:13:22.096+0000] {processor.py:830} INFO - Processing file /home/airflow/.local/lib/python3.8/site-packages/airflow/example_dags/example_branch_python_dop_operator_3.py for tasks to queue
[2025-03-03T16:13:22.098+0000] {logging_mixin.py:188} INFO - [2025-03-03T16:13:22.098+0000] {dagbag.py:538} INFO - Filling up the DagBag from /home/airflow/.local/lib/python3.8/site-packages/airflow/example_dags/example_branch_python_dop_operator_3.py
[2025-03-03T16:13:22.108+0000] {processor.py:840} INFO - DAG(s) 'example_branch_dop_operator_v3' retrieved from /home/airflow/.local/lib/python3.8/site-packages/airflow/example_dags/example_branch_python_dop_operator_3.py
[2025-03-03T16:13:22.236+0000] {logging_mixin.py:188} INFO - [2025-03-03T16:13:22.236+0000] {dag.py:3036} INFO - Sync 1 DAGs
[2025-03-03T16:13:22.263+0000] {logging_mixin.py:188} INFO - [2025-03-03T16:13:22.263+0000] {dag.py:3823} INFO - Setting next_dagrun for example_branch_dop_operator_v3 to 2025-03-03 16:12:00+00:00, run_after=2025-03-03 16:13:00+00:00
[2025-03-03T16:13:22.294+0000] {processor.py:183} INFO - Processing /home/airflow/.local/lib/python3.8/site-packages/airflow/example_dags/example_branch_python_dop_operator_3.py took 0.203 seconds
[2025-03-03T16:13:52.810+0000] {processor.py:161} INFO - Started process (PID=232) to work on /home/airflow/.local/lib/python3.8/site-packages/airflow/example_dags/example_branch_python_dop_operator_3.py
[2025-03-03T16:13:52.811+0000] {processor.py:830} INFO - Processing file /home/airflow/.local/lib/python3.8/site-packages/airflow/example_dags/example_branch_python_dop_operator_3.py for tasks to queue
[2025-03-03T16:13:52.814+0000] {logging_mixin.py:188} INFO - [2025-03-03T16:13:52.813+0000] {dagbag.py:538} INFO - Filling up the DagBag from /home/airflow/.local/lib/python3.8/site-packages/airflow/example_dags/example_branch_python_dop_operator_3.py
[2025-03-03T16:13:52.823+0000] {processor.py:840} INFO - DAG(s) 'example_branch_dop_operator_v3' retrieved from /home/airflow/.local/lib/python3.8/site-packages/airflow/example_dags/example_branch_python_dop_operator_3.py
[2025-03-03T16:13:52.851+0000] {logging_mixin.py:188} INFO - [2025-03-03T16:13:52.851+0000] {dag.py:3036} INFO - Sync 1 DAGs
[2025-03-03T16:13:52.881+0000] {logging_mixin.py:188} INFO - [2025-03-03T16:13:52.881+0000] {dag.py:3823} INFO - Setting next_dagrun for example_branch_dop_operator_v3 to 2025-03-03 16:12:00+00:00, run_after=2025-03-03 16:13:00+00:00
[2025-03-03T16:13:52.910+0000] {processor.py:183} INFO - Processing /home/airflow/.local/lib/python3.8/site-packages/airflow/example_dags/example_branch_python_dop_operator_3.py took 0.104 seconds
[2025-03-03T16:14:23.430+0000] {processor.py:161} INFO - Started process (PID=282) to work on /home/airflow/.local/lib/python3.8/site-packages/airflow/example_dags/example_branch_python_dop_operator_3.py
[2025-03-03T16:14:23.432+0000] {processor.py:830} INFO - Processing file /home/airflow/.local/lib/python3.8/site-packages/airflow/example_dags/example_branch_python_dop_operator_3.py for tasks to queue
[2025-03-03T16:14:23.434+0000] {logging_mixin.py:188} INFO - [2025-03-03T16:14:23.434+0000] {dagbag.py:538} INFO - Filling up the DagBag from /home/airflow/.local/lib/python3.8/site-packages/airflow/example_dags/example_branch_python_dop_operator_3.py
[2025-03-03T16:14:23.446+0000] {processor.py:840} INFO - DAG(s) 'example_branch_dop_operator_v3' retrieved from /home/airflow/.local/lib/python3.8/site-packages/airflow/example_dags/example_branch_python_dop_operator_3.py
[2025-03-03T16:14:23.480+0000] {logging_mixin.py:188} INFO - [2025-03-03T16:14:23.479+0000] {dag.py:3036} INFO - Sync 1 DAGs
[2025-03-03T16:14:23.516+0000] {logging_mixin.py:188} INFO - [2025-03-03T16:14:23.515+0000] {dag.py:3823} INFO - Setting next_dagrun for example_branch_dop_operator_v3 to 2025-03-03 16:13:00+00:00, run_after=2025-03-03 16:14:00+00:00
[2025-03-03T16:14:23.549+0000] {processor.py:183} INFO - Processing /home/airflow/.local/lib/python3.8/site-packages/airflow/example_dags/example_branch_python_dop_operator_3.py took 0.123 seconds
[2025-03-03T16:14:54.040+0000] {processor.py:161} INFO - Started process (PID=332) to work on /home/airflow/.local/lib/python3.8/site-packages/airflow/example_dags/example_branch_python_dop_operator_3.py
[2025-03-03T16:14:54.042+0000] {processor.py:830} INFO - Processing file /home/airflow/.local/lib/python3.8/site-packages/airflow/example_dags/example_branch_python_dop_operator_3.py for tasks to queue
[2025-03-03T16:14:54.044+0000] {logging_mixin.py:188} INFO - [2025-03-03T16:14:54.043+0000] {dagbag.py:538} INFO - Filling up the DagBag from /home/airflow/.local/lib/python3.8/site-packages/airflow/example_dags/example_branch_python_dop_operator_3.py
[2025-03-03T16:14:54.054+0000] {processor.py:840} INFO - DAG(s) 'example_branch_dop_operator_v3' retrieved from /home/airflow/.local/lib/python3.8/site-packages/airflow/example_dags/example_branch_python_dop_operator_3.py
[2025-03-03T16:14:54.080+0000] {logging_mixin.py:188} INFO - [2025-03-03T16:14:54.080+0000] {dag.py:3036} INFO - Sync 1 DAGs
[2025-03-03T16:14:54.110+0000] {logging_mixin.py:188} INFO - [2025-03-03T16:14:54.110+0000] {dag.py:3823} INFO - Setting next_dagrun for example_branch_dop_operator_v3 to 2025-03-03 16:13:00+00:00, run_after=2025-03-03 16:14:00+00:00
[2025-03-03T16:14:54.140+0000] {processor.py:183} INFO - Processing /home/airflow/.local/lib/python3.8/site-packages/airflow/example_dags/example_branch_python_dop_operator_3.py took 0.104 seconds
[2025-03-03T16:15:25.100+0000] {processor.py:161} INFO - Started process (PID=382) to work on /home/airflow/.local/lib/python3.8/site-packages/airflow/example_dags/example_branch_python_dop_operator_3.py
[2025-03-03T16:15:25.101+0000] {processor.py:830} INFO - Processing file /home/airflow/.local/lib/python3.8/site-packages/airflow/example_dags/example_branch_python_dop_operator_3.py for tasks to queue
[2025-03-03T16:15:25.103+0000] {logging_mixin.py:188} INFO - [2025-03-03T16:15:25.103+0000] {dagbag.py:538} INFO - Filling up the DagBag from /home/airflow/.local/lib/python3.8/site-packages/airflow/example_dags/example_branch_python_dop_operator_3.py
[2025-03-03T16:15:25.113+0000] {processor.py:840} INFO - DAG(s) 'example_branch_dop_operator_v3' retrieved from /home/airflow/.local/lib/python3.8/site-packages/airflow/example_dags/example_branch_python_dop_operator_3.py
[2025-03-03T16:15:25.141+0000] {logging_mixin.py:188} INFO - [2025-03-03T16:15:25.140+0000] {dag.py:3036} INFO - Sync 1 DAGs
[2025-03-03T16:15:25.170+0000] {logging_mixin.py:188} INFO - [2025-03-03T16:15:25.170+0000] {dag.py:3823} INFO - Setting next_dagrun for example_branch_dop_operator_v3 to 2025-03-03 16:14:00+00:00, run_after=2025-03-03 16:15:00+00:00
[2025-03-03T16:15:25.198+0000] {processor.py:183} INFO - Processing /home/airflow/.local/lib/python3.8/site-packages/airflow/example_dags/example_branch_python_dop_operator_3.py took 0.102 seconds
[2025-03-03T16:15:55.501+0000] {processor.py:161} INFO - Started process (PID=432) to work on /home/airflow/.local/lib/python3.8/site-packages/airflow/example_dags/example_branch_python_dop_operator_3.py
[2025-03-03T16:15:55.502+0000] {processor.py:830} INFO - Processing file /home/airflow/.local/lib/python3.8/site-packages/airflow/example_dags/example_branch_python_dop_operator_3.py for tasks to queue
[2025-03-03T16:15:55.504+0000] {logging_mixin.py:188} INFO - [2025-03-03T16:15:55.504+0000] {dagbag.py:538} INFO - Filling up the DagBag from /home/airflow/.local/lib/python3.8/site-packages/airflow/example_dags/example_branch_python_dop_operator_3.py
[2025-03-03T16:15:55.514+0000] {processor.py:840} INFO - DAG(s) 'example_branch_dop_operator_v3' retrieved from /home/airflow/.local/lib/python3.8/site-packages/airflow/example_dags/example_branch_python_dop_operator_3.py
[2025-03-03T16:15:55.541+0000] {logging_mixin.py:188} INFO - [2025-03-03T16:15:55.541+0000] {dag.py:3036} INFO - Sync 1 DAGs
[2025-03-03T16:15:55.572+0000] {logging_mixin.py:188} INFO - [2025-03-03T16:15:55.572+0000] {dag.py:3823} INFO - Setting next_dagrun for example_branch_dop_operator_v3 to 2025-03-03 16:14:00+00:00, run_after=2025-03-03 16:15:00+00:00
[2025-03-03T16:15:55.599+0000] {processor.py:183} INFO - Processing /home/airflow/.local/lib/python3.8/site-packages/airflow/example_dags/example_branch_python_dop_operator_3.py took 0.102 seconds
[2025-03-03T16:40:18.747+0000] {processor.py:161} INFO - Started process (PID=131) to work on /home/airflow/.local/lib/python3.8/site-packages/airflow/example_dags/example_branch_python_dop_operator_3.py
[2025-03-03T16:40:18.749+0000] {processor.py:830} INFO - Processing file /home/airflow/.local/lib/python3.8/site-packages/airflow/example_dags/example_branch_python_dop_operator_3.py for tasks to queue
[2025-03-03T16:40:18.751+0000] {logging_mixin.py:188} INFO - [2025-03-03T16:40:18.751+0000] {dagbag.py:538} INFO - Filling up the DagBag from /home/airflow/.local/lib/python3.8/site-packages/airflow/example_dags/example_branch_python_dop_operator_3.py
[2025-03-03T16:40:18.771+0000] {processor.py:840} INFO - DAG(s) 'example_branch_dop_operator_v3' retrieved from /home/airflow/.local/lib/python3.8/site-packages/airflow/example_dags/example_branch_python_dop_operator_3.py
[2025-03-03T16:40:18.791+0000] {logging_mixin.py:188} INFO - [2025-03-03T16:40:18.791+0000] {dag.py:3036} INFO - Sync 1 DAGs
[2025-03-03T16:40:18.838+0000] {logging_mixin.py:188} INFO - [2025-03-03T16:40:18.837+0000] {dag.py:3823} INFO - Setting next_dagrun for example_branch_dop_operator_v3 to 2025-03-03 16:39:00+00:00, run_after=2025-03-03 16:40:00+00:00
[2025-03-03T16:40:18.879+0000] {processor.py:183} INFO - Processing /home/airflow/.local/lib/python3.8/site-packages/airflow/example_dags/example_branch_python_dop_operator_3.py took 0.140 seconds
[2025-03-03T16:40:49.599+0000] {processor.py:161} INFO - Started process (PID=181) to work on /home/airflow/.local/lib/python3.8/site-packages/airflow/example_dags/example_branch_python_dop_operator_3.py
[2025-03-03T16:40:49.601+0000] {processor.py:830} INFO - Processing file /home/airflow/.local/lib/python3.8/site-packages/airflow/example_dags/example_branch_python_dop_operator_3.py for tasks to queue
[2025-03-03T16:40:49.603+0000] {logging_mixin.py:188} INFO - [2025-03-03T16:40:49.603+0000] {dagbag.py:538} INFO - Filling up the DagBag from /home/airflow/.local/lib/python3.8/site-packages/airflow/example_dags/example_branch_python_dop_operator_3.py
[2025-03-03T16:40:49.615+0000] {processor.py:840} INFO - DAG(s) 'example_branch_dop_operator_v3' retrieved from /home/airflow/.local/lib/python3.8/site-packages/airflow/example_dags/example_branch_python_dop_operator_3.py
[2025-03-03T16:40:49.745+0000] {logging_mixin.py:188} INFO - [2025-03-03T16:40:49.744+0000] {dag.py:3036} INFO - Sync 1 DAGs
[2025-03-03T16:40:49.774+0000] {logging_mixin.py:188} INFO - [2025-03-03T16:40:49.774+0000] {dag.py:3823} INFO - Setting next_dagrun for example_branch_dop_operator_v3 to 2025-03-03 16:39:00+00:00, run_after=2025-03-03 16:40:00+00:00
[2025-03-03T16:40:49.805+0000] {processor.py:183} INFO - Processing /home/airflow/.local/lib/python3.8/site-packages/airflow/example_dags/example_branch_python_dop_operator_3.py took 0.210 seconds
[2025-03-03T16:41:20.715+0000] {processor.py:161} INFO - Started process (PID=231) to work on /home/airflow/.local/lib/python3.8/site-packages/airflow/example_dags/example_branch_python_dop_operator_3.py
[2025-03-03T16:41:20.716+0000] {processor.py:830} INFO - Processing file /home/airflow/.local/lib/python3.8/site-packages/airflow/example_dags/example_branch_python_dop_operator_3.py for tasks to queue
[2025-03-03T16:41:20.718+0000] {logging_mixin.py:188} INFO - [2025-03-03T16:41:20.717+0000] {dagbag.py:538} INFO - Filling up the DagBag from /home/airflow/.local/lib/python3.8/site-packages/airflow/example_dags/example_branch_python_dop_operator_3.py
[2025-03-03T16:41:20.729+0000] {processor.py:840} INFO - DAG(s) 'example_branch_dop_operator_v3' retrieved from /home/airflow/.local/lib/python3.8/site-packages/airflow/example_dags/example_branch_python_dop_operator_3.py
[2025-03-03T16:41:20.758+0000] {logging_mixin.py:188} INFO - [2025-03-03T16:41:20.758+0000] {dag.py:3036} INFO - Sync 1 DAGs
[2025-03-03T16:41:20.789+0000] {logging_mixin.py:188} INFO - [2025-03-03T16:41:20.789+0000] {dag.py:3823} INFO - Setting next_dagrun for example_branch_dop_operator_v3 to 2025-03-03 16:40:00+00:00, run_after=2025-03-03 16:41:00+00:00
[2025-03-03T16:41:20.818+0000] {processor.py:183} INFO - Processing /home/airflow/.local/lib/python3.8/site-packages/airflow/example_dags/example_branch_python_dop_operator_3.py took 0.107 seconds
[2025-03-03T16:41:51.095+0000] {processor.py:161} INFO - Started process (PID=281) to work on /home/airflow/.local/lib/python3.8/site-packages/airflow/example_dags/example_branch_python_dop_operator_3.py
[2025-03-03T16:41:51.097+0000] {processor.py:830} INFO - Processing file /home/airflow/.local/lib/python3.8/site-packages/airflow/example_dags/example_branch_python_dop_operator_3.py for tasks to queue
[2025-03-03T16:41:51.099+0000] {logging_mixin.py:188} INFO - [2025-03-03T16:41:51.099+0000] {dagbag.py:538} INFO - Filling up the DagBag from /home/airflow/.local/lib/python3.8/site-packages/airflow/example_dags/example_branch_python_dop_operator_3.py
[2025-03-03T16:41:51.113+0000] {processor.py:840} INFO - DAG(s) 'example_branch_dop_operator_v3' retrieved from /home/airflow/.local/lib/python3.8/site-packages/airflow/example_dags/example_branch_python_dop_operator_3.py
[2025-03-03T16:41:51.149+0000] {logging_mixin.py:188} INFO - [2025-03-03T16:41:51.148+0000] {dag.py:3036} INFO - Sync 1 DAGs
[2025-03-03T16:41:51.190+0000] {logging_mixin.py:188} INFO - [2025-03-03T16:41:51.189+0000] {dag.py:3823} INFO - Setting next_dagrun for example_branch_dop_operator_v3 to 2025-03-03 16:40:00+00:00, run_after=2025-03-03 16:41:00+00:00
[2025-03-03T16:41:51.223+0000] {processor.py:183} INFO - Processing /home/airflow/.local/lib/python3.8/site-packages/airflow/example_dags/example_branch_python_dop_operator_3.py took 0.132 seconds
[2025-03-03T16:42:21.308+0000] {processor.py:161} INFO - Started process (PID=332) to work on /home/airflow/.local/lib/python3.8/site-packages/airflow/example_dags/example_branch_python_dop_operator_3.py
[2025-03-03T16:42:21.311+0000] {processor.py:830} INFO - Processing file /home/airflow/.local/lib/python3.8/site-packages/airflow/example_dags/example_branch_python_dop_operator_3.py for tasks to queue
[2025-03-03T16:42:21.312+0000] {logging_mixin.py:188} INFO - [2025-03-03T16:42:21.312+0000] {dagbag.py:538} INFO - Filling up the DagBag from /home/airflow/.local/lib/python3.8/site-packages/airflow/example_dags/example_branch_python_dop_operator_3.py
[2025-03-03T16:42:21.322+0000] {processor.py:840} INFO - DAG(s) 'example_branch_dop_operator_v3' retrieved from /home/airflow/.local/lib/python3.8/site-packages/airflow/example_dags/example_branch_python_dop_operator_3.py
[2025-03-03T16:42:21.351+0000] {logging_mixin.py:188} INFO - [2025-03-03T16:42:21.350+0000] {dag.py:3036} INFO - Sync 1 DAGs
[2025-03-03T16:42:21.380+0000] {logging_mixin.py:188} INFO - [2025-03-03T16:42:21.380+0000] {dag.py:3823} INFO - Setting next_dagrun for example_branch_dop_operator_v3 to 2025-03-03 16:41:00+00:00, run_after=2025-03-03 16:42:00+00:00
[2025-03-03T16:42:21.408+0000] {processor.py:183} INFO - Processing /home/airflow/.local/lib/python3.8/site-packages/airflow/example_dags/example_branch_python_dop_operator_3.py took 0.104 seconds
[2025-03-03T16:42:51.527+0000] {processor.py:161} INFO - Started process (PID=381) to work on /home/airflow/.local/lib/python3.8/site-packages/airflow/example_dags/example_branch_python_dop_operator_3.py
[2025-03-03T16:42:51.529+0000] {processor.py:830} INFO - Processing file /home/airflow/.local/lib/python3.8/site-packages/airflow/example_dags/example_branch_python_dop_operator_3.py for tasks to queue
[2025-03-03T16:42:51.531+0000] {logging_mixin.py:188} INFO - [2025-03-03T16:42:51.531+0000] {dagbag.py:538} INFO - Filling up the DagBag from /home/airflow/.local/lib/python3.8/site-packages/airflow/example_dags/example_branch_python_dop_operator_3.py
[2025-03-03T16:42:51.542+0000] {processor.py:840} INFO - DAG(s) 'example_branch_dop_operator_v3' retrieved from /home/airflow/.local/lib/python3.8/site-packages/airflow/example_dags/example_branch_python_dop_operator_3.py
[2025-03-03T16:42:51.571+0000] {logging_mixin.py:188} INFO - [2025-03-03T16:42:51.570+0000] {dag.py:3036} INFO - Sync 1 DAGs
[2025-03-03T16:42:51.602+0000] {logging_mixin.py:188} INFO - [2025-03-03T16:42:51.602+0000] {dag.py:3823} INFO - Setting next_dagrun for example_branch_dop_operator_v3 to 2025-03-03 16:41:00+00:00, run_after=2025-03-03 16:42:00+00:00
[2025-03-03T16:42:51.631+0000] {processor.py:183} INFO - Processing /home/airflow/.local/lib/python3.8/site-packages/airflow/example_dags/example_branch_python_dop_operator_3.py took 0.108 seconds
[2025-03-03T16:43:21.820+0000] {processor.py:161} INFO - Started process (PID=431) to work on /home/airflow/.local/lib/python3.8/site-packages/airflow/example_dags/example_branch_python_dop_operator_3.py
[2025-03-03T16:43:21.822+0000] {processor.py:830} INFO - Processing file /home/airflow/.local/lib/python3.8/site-packages/airflow/example_dags/example_branch_python_dop_operator_3.py for tasks to queue
[2025-03-03T16:43:21.824+0000] {logging_mixin.py:188} INFO - [2025-03-03T16:43:21.824+0000] {dagbag.py:538} INFO - Filling up the DagBag from /home/airflow/.local/lib/python3.8/site-packages/airflow/example_dags/example_branch_python_dop_operator_3.py
[2025-03-03T16:43:21.835+0000] {processor.py:840} INFO - DAG(s) 'example_branch_dop_operator_v3' retrieved from /home/airflow/.local/lib/python3.8/site-packages/airflow/example_dags/example_branch_python_dop_operator_3.py
[2025-03-03T16:43:21.862+0000] {logging_mixin.py:188} INFO - [2025-03-03T16:43:21.862+0000] {dag.py:3036} INFO - Sync 1 DAGs
[2025-03-03T16:43:21.894+0000] {logging_mixin.py:188} INFO - [2025-03-03T16:43:21.894+0000] {dag.py:3823} INFO - Setting next_dagrun for example_branch_dop_operator_v3 to 2025-03-03 16:42:00+00:00, run_after=2025-03-03 16:43:00+00:00
[2025-03-03T16:43:21.922+0000] {processor.py:183} INFO - Processing /home/airflow/.local/lib/python3.8/site-packages/airflow/example_dags/example_branch_python_dop_operator_3.py took 0.106 seconds
[2025-03-03T16:43:52.821+0000] {processor.py:161} INFO - Started process (PID=481) to work on /home/airflow/.local/lib/python3.8/site-packages/airflow/example_dags/example_branch_python_dop_operator_3.py
[2025-03-03T16:43:52.822+0000] {processor.py:830} INFO - Processing file /home/airflow/.local/lib/python3.8/site-packages/airflow/example_dags/example_branch_python_dop_operator_3.py for tasks to queue
[2025-03-03T16:43:52.825+0000] {logging_mixin.py:188} INFO - [2025-03-03T16:43:52.824+0000] {dagbag.py:538} INFO - Filling up the DagBag from /home/airflow/.local/lib/python3.8/site-packages/airflow/example_dags/example_branch_python_dop_operator_3.py
[2025-03-03T16:43:52.835+0000] {processor.py:840} INFO - DAG(s) 'example_branch_dop_operator_v3' retrieved from /home/airflow/.local/lib/python3.8/site-packages/airflow/example_dags/example_branch_python_dop_operator_3.py
[2025-03-03T16:43:52.863+0000] {logging_mixin.py:188} INFO - [2025-03-03T16:43:52.863+0000] {dag.py:3036} INFO - Sync 1 DAGs
[2025-03-03T16:43:52.892+0000] {logging_mixin.py:188} INFO - [2025-03-03T16:43:52.892+0000] {dag.py:3823} INFO - Setting next_dagrun for example_branch_dop_operator_v3 to 2025-03-03 16:42:00+00:00, run_after=2025-03-03 16:43:00+00:00
[2025-03-03T16:43:52.922+0000] {processor.py:183} INFO - Processing /home/airflow/.local/lib/python3.8/site-packages/airflow/example_dags/example_branch_python_dop_operator_3.py took 0.105 seconds
[2025-03-03T16:44:23.077+0000] {processor.py:161} INFO - Started process (PID=531) to work on /home/airflow/.local/lib/python3.8/site-packages/airflow/example_dags/example_branch_python_dop_operator_3.py
[2025-03-03T16:44:23.078+0000] {processor.py:830} INFO - Processing file /home/airflow/.local/lib/python3.8/site-packages/airflow/example_dags/example_branch_python_dop_operator_3.py for tasks to queue
[2025-03-03T16:44:23.080+0000] {logging_mixin.py:188} INFO - [2025-03-03T16:44:23.080+0000] {dagbag.py:538} INFO - Filling up the DagBag from /home/airflow/.local/lib/python3.8/site-packages/airflow/example_dags/example_branch_python_dop_operator_3.py
[2025-03-03T16:44:23.091+0000] {processor.py:840} INFO - DAG(s) 'example_branch_dop_operator_v3' retrieved from /home/airflow/.local/lib/python3.8/site-packages/airflow/example_dags/example_branch_python_dop_operator_3.py
[2025-03-03T16:44:23.119+0000] {logging_mixin.py:188} INFO - [2025-03-03T16:44:23.119+0000] {dag.py:3036} INFO - Sync 1 DAGs
[2025-03-03T16:44:23.152+0000] {logging_mixin.py:188} INFO - [2025-03-03T16:44:23.151+0000] {dag.py:3823} INFO - Setting next_dagrun for example_branch_dop_operator_v3 to 2025-03-03 16:43:00+00:00, run_after=2025-03-03 16:44:00+00:00
[2025-03-03T16:44:23.181+0000] {processor.py:183} INFO - Processing /home/airflow/.local/lib/python3.8/site-packages/airflow/example_dags/example_branch_python_dop_operator_3.py took 0.109 seconds
[2025-03-03T16:44:53.322+0000] {processor.py:161} INFO - Started process (PID=581) to work on /home/airflow/.local/lib/python3.8/site-packages/airflow/example_dags/example_branch_python_dop_operator_3.py
[2025-03-03T16:44:53.324+0000] {processor.py:830} INFO - Processing file /home/airflow/.local/lib/python3.8/site-packages/airflow/example_dags/example_branch_python_dop_operator_3.py for tasks to queue
[2025-03-03T16:44:53.326+0000] {logging_mixin.py:188} INFO - [2025-03-03T16:44:53.326+0000] {dagbag.py:538} INFO - Filling up the DagBag from /home/airflow/.local/lib/python3.8/site-packages/airflow/example_dags/example_branch_python_dop_operator_3.py
[2025-03-03T16:44:53.337+0000] {processor.py:840} INFO - DAG(s) 'example_branch_dop_operator_v3' retrieved from /home/airflow/.local/lib/python3.8/site-packages/airflow/example_dags/example_branch_python_dop_operator_3.py
[2025-03-03T16:44:53.366+0000] {logging_mixin.py:188} INFO - [2025-03-03T16:44:53.365+0000] {dag.py:3036} INFO - Sync 1 DAGs
[2025-03-03T16:44:53.396+0000] {logging_mixin.py:188} INFO - [2025-03-03T16:44:53.395+0000] {dag.py:3823} INFO - Setting next_dagrun for example_branch_dop_operator_v3 to 2025-03-03 16:43:00+00:00, run_after=2025-03-03 16:44:00+00:00
[2025-03-03T16:44:53.424+0000] {processor.py:183} INFO - Processing /home/airflow/.local/lib/python3.8/site-packages/airflow/example_dags/example_branch_python_dop_operator_3.py took 0.106 seconds
[2025-03-03T16:45:23.826+0000] {processor.py:161} INFO - Started process (PID=631) to work on /home/airflow/.local/lib/python3.8/site-packages/airflow/example_dags/example_branch_python_dop_operator_3.py
[2025-03-03T16:45:23.828+0000] {processor.py:830} INFO - Processing file /home/airflow/.local/lib/python3.8/site-packages/airflow/example_dags/example_branch_python_dop_operator_3.py for tasks to queue
[2025-03-03T16:45:23.830+0000] {logging_mixin.py:188} INFO - [2025-03-03T16:45:23.830+0000] {dagbag.py:538} INFO - Filling up the DagBag from /home/airflow/.local/lib/python3.8/site-packages/airflow/example_dags/example_branch_python_dop_operator_3.py
[2025-03-03T16:45:23.840+0000] {processor.py:840} INFO - DAG(s) 'example_branch_dop_operator_v3' retrieved from /home/airflow/.local/lib/python3.8/site-packages/airflow/example_dags/example_branch_python_dop_operator_3.py
[2025-03-03T16:45:23.867+0000] {logging_mixin.py:188} INFO - [2025-03-03T16:45:23.867+0000] {dag.py:3036} INFO - Sync 1 DAGs
[2025-03-03T16:45:23.897+0000] {logging_mixin.py:188} INFO - [2025-03-03T16:45:23.897+0000] {dag.py:3823} INFO - Setting next_dagrun for example_branch_dop_operator_v3 to 2025-03-03 16:44:00+00:00, run_after=2025-03-03 16:45:00+00:00
[2025-03-03T16:45:23.927+0000] {processor.py:183} INFO - Processing /home/airflow/.local/lib/python3.8/site-packages/airflow/example_dags/example_branch_python_dop_operator_3.py took 0.105 seconds
[2025-03-03T16:45:54.163+0000] {processor.py:161} INFO - Started process (PID=681) to work on /home/airflow/.local/lib/python3.8/site-packages/airflow/example_dags/example_branch_python_dop_operator_3.py
[2025-03-03T16:45:54.165+0000] {processor.py:830} INFO - Processing file /home/airflow/.local/lib/python3.8/site-packages/airflow/example_dags/example_branch_python_dop_operator_3.py for tasks to queue
[2025-03-03T16:45:54.167+0000] {logging_mixin.py:188} INFO - [2025-03-03T16:45:54.167+0000] {dagbag.py:538} INFO - Filling up the DagBag from /home/airflow/.local/lib/python3.8/site-packages/airflow/example_dags/example_branch_python_dop_operator_3.py
[2025-03-03T16:45:54.178+0000] {processor.py:840} INFO - DAG(s) 'example_branch_dop_operator_v3' retrieved from /home/airflow/.local/lib/python3.8/site-packages/airflow/example_dags/example_branch_python_dop_operator_3.py
[2025-03-03T16:45:54.206+0000] {logging_mixin.py:188} INFO - [2025-03-03T16:45:54.205+0000] {dag.py:3036} INFO - Sync 1 DAGs
[2025-03-03T16:45:54.237+0000] {logging_mixin.py:188} INFO - [2025-03-03T16:45:54.237+0000] {dag.py:3823} INFO - Setting next_dagrun for example_branch_dop_operator_v3 to 2025-03-03 16:44:00+00:00, run_after=2025-03-03 16:45:00+00:00
[2025-03-03T16:45:54.265+0000] {processor.py:183} INFO - Processing /home/airflow/.local/lib/python3.8/site-packages/airflow/example_dags/example_branch_python_dop_operator_3.py took 0.106 seconds
[2025-03-03T16:46:24.661+0000] {processor.py:161} INFO - Started process (PID=731) to work on /home/airflow/.local/lib/python3.8/site-packages/airflow/example_dags/example_branch_python_dop_operator_3.py
[2025-03-03T16:46:24.663+0000] {processor.py:830} INFO - Processing file /home/airflow/.local/lib/python3.8/site-packages/airflow/example_dags/example_branch_python_dop_operator_3.py for tasks to queue
[2025-03-03T16:46:24.665+0000] {logging_mixin.py:188} INFO - [2025-03-03T16:46:24.665+0000] {dagbag.py:538} INFO - Filling up the DagBag from /home/airflow/.local/lib/python3.8/site-packages/airflow/example_dags/example_branch_python_dop_operator_3.py
[2025-03-03T16:46:24.675+0000] {processor.py:840} INFO - DAG(s) 'example_branch_dop_operator_v3' retrieved from /home/airflow/.local/lib/python3.8/site-packages/airflow/example_dags/example_branch_python_dop_operator_3.py
[2025-03-03T16:46:24.704+0000] {logging_mixin.py:188} INFO - [2025-03-03T16:46:24.704+0000] {dag.py:3036} INFO - Sync 1 DAGs
[2025-03-03T16:46:24.735+0000] {logging_mixin.py:188} INFO - [2025-03-03T16:46:24.735+0000] {dag.py:3823} INFO - Setting next_dagrun for example_branch_dop_operator_v3 to 2025-03-03 16:45:00+00:00, run_after=2025-03-03 16:46:00+00:00
[2025-03-03T16:46:24.767+0000] {processor.py:183} INFO - Processing /home/airflow/.local/lib/python3.8/site-packages/airflow/example_dags/example_branch_python_dop_operator_3.py took 0.109 seconds
[2025-03-03T16:46:55.129+0000] {processor.py:161} INFO - Started process (PID=781) to work on /home/airflow/.local/lib/python3.8/site-packages/airflow/example_dags/example_branch_python_dop_operator_3.py
[2025-03-03T16:46:55.131+0000] {processor.py:830} INFO - Processing file /home/airflow/.local/lib/python3.8/site-packages/airflow/example_dags/example_branch_python_dop_operator_3.py for tasks to queue
[2025-03-03T16:46:55.133+0000] {logging_mixin.py:188} INFO - [2025-03-03T16:46:55.133+0000] {dagbag.py:538} INFO - Filling up the DagBag from /home/airflow/.local/lib/python3.8/site-packages/airflow/example_dags/example_branch_python_dop_operator_3.py
[2025-03-03T16:46:55.142+0000] {processor.py:840} INFO - DAG(s) 'example_branch_dop_operator_v3' retrieved from /home/airflow/.local/lib/python3.8/site-packages/airflow/example_dags/example_branch_python_dop_operator_3.py
[2025-03-03T16:46:55.170+0000] {logging_mixin.py:188} INFO - [2025-03-03T16:46:55.170+0000] {dag.py:3036} INFO - Sync 1 DAGs
[2025-03-03T16:46:55.198+0000] {logging_mixin.py:188} INFO - [2025-03-03T16:46:55.198+0000] {dag.py:3823} INFO - Setting next_dagrun for example_branch_dop_operator_v3 to 2025-03-03 16:45:00+00:00, run_after=2025-03-03 16:46:00+00:00
[2025-03-03T16:46:55.226+0000] {processor.py:183} INFO - Processing /home/airflow/.local/lib/python3.8/site-packages/airflow/example_dags/example_branch_python_dop_operator_3.py took 0.100 seconds
[2025-03-03T16:47:25.688+0000] {processor.py:161} INFO - Started process (PID=831) to work on /home/airflow/.local/lib/python3.8/site-packages/airflow/example_dags/example_branch_python_dop_operator_3.py
[2025-03-03T16:47:25.690+0000] {processor.py:830} INFO - Processing file /home/airflow/.local/lib/python3.8/site-packages/airflow/example_dags/example_branch_python_dop_operator_3.py for tasks to queue
[2025-03-03T16:47:25.692+0000] {logging_mixin.py:188} INFO - [2025-03-03T16:47:25.692+0000] {dagbag.py:538} INFO - Filling up the DagBag from /home/airflow/.local/lib/python3.8/site-packages/airflow/example_dags/example_branch_python_dop_operator_3.py
[2025-03-03T16:47:25.703+0000] {processor.py:840} INFO - DAG(s) 'example_branch_dop_operator_v3' retrieved from /home/airflow/.local/lib/python3.8/site-packages/airflow/example_dags/example_branch_python_dop_operator_3.py
[2025-03-03T16:47:25.734+0000] {logging_mixin.py:188} INFO - [2025-03-03T16:47:25.733+0000] {dag.py:3036} INFO - Sync 1 DAGs
[2025-03-03T16:47:25.767+0000] {logging_mixin.py:188} INFO - [2025-03-03T16:47:25.767+0000] {dag.py:3823} INFO - Setting next_dagrun for example_branch_dop_operator_v3 to 2025-03-03 16:46:00+00:00, run_after=2025-03-03 16:47:00+00:00
[2025-03-03T16:47:25.796+0000] {processor.py:183} INFO - Processing /home/airflow/.local/lib/python3.8/site-packages/airflow/example_dags/example_branch_python_dop_operator_3.py took 0.113 seconds
[2025-03-03T16:47:56.203+0000] {processor.py:161} INFO - Started process (PID=881) to work on /home/airflow/.local/lib/python3.8/site-packages/airflow/example_dags/example_branch_python_dop_operator_3.py
[2025-03-03T16:47:56.205+0000] {processor.py:830} INFO - Processing file /home/airflow/.local/lib/python3.8/site-packages/airflow/example_dags/example_branch_python_dop_operator_3.py for tasks to queue
[2025-03-03T16:47:56.208+0000] {logging_mixin.py:188} INFO - [2025-03-03T16:47:56.207+0000] {dagbag.py:538} INFO - Filling up the DagBag from /home/airflow/.local/lib/python3.8/site-packages/airflow/example_dags/example_branch_python_dop_operator_3.py
[2025-03-03T16:47:56.219+0000] {processor.py:840} INFO - DAG(s) 'example_branch_dop_operator_v3' retrieved from /home/airflow/.local/lib/python3.8/site-packages/airflow/example_dags/example_branch_python_dop_operator_3.py
[2025-03-03T16:47:56.251+0000] {logging_mixin.py:188} INFO - [2025-03-03T16:47:56.250+0000] {dag.py:3036} INFO - Sync 1 DAGs
[2025-03-03T16:47:56.289+0000] {logging_mixin.py:188} INFO - [2025-03-03T16:47:56.289+0000] {dag.py:3823} INFO - Setting next_dagrun for example_branch_dop_operator_v3 to 2025-03-03 16:46:00+00:00, run_after=2025-03-03 16:47:00+00:00
[2025-03-03T16:47:56.322+0000] {processor.py:183} INFO - Processing /home/airflow/.local/lib/python3.8/site-packages/airflow/example_dags/example_branch_python_dop_operator_3.py took 0.123 seconds
[2025-03-03T16:48:26.407+0000] {processor.py:161} INFO - Started process (PID=930) to work on /home/airflow/.local/lib/python3.8/site-packages/airflow/example_dags/example_branch_python_dop_operator_3.py
[2025-03-03T16:48:26.409+0000] {processor.py:830} INFO - Processing file /home/airflow/.local/lib/python3.8/site-packages/airflow/example_dags/example_branch_python_dop_operator_3.py for tasks to queue
[2025-03-03T16:48:26.412+0000] {logging_mixin.py:188} INFO - [2025-03-03T16:48:26.412+0000] {dagbag.py:538} INFO - Filling up the DagBag from /home/airflow/.local/lib/python3.8/site-packages/airflow/example_dags/example_branch_python_dop_operator_3.py
[2025-03-03T16:48:26.423+0000] {processor.py:840} INFO - DAG(s) 'example_branch_dop_operator_v3' retrieved from /home/airflow/.local/lib/python3.8/site-packages/airflow/example_dags/example_branch_python_dop_operator_3.py
[2025-03-03T16:48:26.450+0000] {logging_mixin.py:188} INFO - [2025-03-03T16:48:26.450+0000] {dag.py:3036} INFO - Sync 1 DAGs
[2025-03-03T16:48:26.482+0000] {logging_mixin.py:188} INFO - [2025-03-03T16:48:26.481+0000] {dag.py:3823} INFO - Setting next_dagrun for example_branch_dop_operator_v3 to 2025-03-03 16:47:00+00:00, run_after=2025-03-03 16:48:00+00:00
[2025-03-03T16:48:26.510+0000] {processor.py:183} INFO - Processing /home/airflow/.local/lib/python3.8/site-packages/airflow/example_dags/example_branch_python_dop_operator_3.py took 0.107 seconds
[2025-03-03T16:48:56.724+0000] {processor.py:161} INFO - Started process (PID=980) to work on /home/airflow/.local/lib/python3.8/site-packages/airflow/example_dags/example_branch_python_dop_operator_3.py
[2025-03-03T16:48:56.726+0000] {processor.py:830} INFO - Processing file /home/airflow/.local/lib/python3.8/site-packages/airflow/example_dags/example_branch_python_dop_operator_3.py for tasks to queue
[2025-03-03T16:48:56.728+0000] {logging_mixin.py:188} INFO - [2025-03-03T16:48:56.728+0000] {dagbag.py:538} INFO - Filling up the DagBag from /home/airflow/.local/lib/python3.8/site-packages/airflow/example_dags/example_branch_python_dop_operator_3.py
[2025-03-03T16:48:56.738+0000] {processor.py:840} INFO - DAG(s) 'example_branch_dop_operator_v3' retrieved from /home/airflow/.local/lib/python3.8/site-packages/airflow/example_dags/example_branch_python_dop_operator_3.py
[2025-03-03T16:48:56.768+0000] {logging_mixin.py:188} INFO - [2025-03-03T16:48:56.767+0000] {dag.py:3036} INFO - Sync 1 DAGs
[2025-03-03T16:48:56.800+0000] {logging_mixin.py:188} INFO - [2025-03-03T16:48:56.800+0000] {dag.py:3823} INFO - Setting next_dagrun for example_branch_dop_operator_v3 to 2025-03-03 16:47:00+00:00, run_after=2025-03-03 16:48:00+00:00
[2025-03-03T16:48:56.833+0000] {processor.py:183} INFO - Processing /home/airflow/.local/lib/python3.8/site-packages/airflow/example_dags/example_branch_python_dop_operator_3.py took 0.113 seconds
[2025-03-03T16:49:27.128+0000] {processor.py:161} INFO - Started process (PID=1030) to work on /home/airflow/.local/lib/python3.8/site-packages/airflow/example_dags/example_branch_python_dop_operator_3.py
[2025-03-03T16:49:27.131+0000] {processor.py:830} INFO - Processing file /home/airflow/.local/lib/python3.8/site-packages/airflow/example_dags/example_branch_python_dop_operator_3.py for tasks to queue
[2025-03-03T16:49:27.134+0000] {logging_mixin.py:188} INFO - [2025-03-03T16:49:27.134+0000] {dagbag.py:538} INFO - Filling up the DagBag from /home/airflow/.local/lib/python3.8/site-packages/airflow/example_dags/example_branch_python_dop_operator_3.py
[2025-03-03T16:49:27.159+0000] {processor.py:840} INFO - DAG(s) 'example_branch_dop_operator_v3' retrieved from /home/airflow/.local/lib/python3.8/site-packages/airflow/example_dags/example_branch_python_dop_operator_3.py
[2025-03-03T16:49:27.253+0000] {logging_mixin.py:188} INFO - [2025-03-03T16:49:27.252+0000] {dag.py:3036} INFO - Sync 1 DAGs
[2025-03-03T16:49:27.382+0000] {logging_mixin.py:188} INFO - [2025-03-03T16:49:27.381+0000] {dag.py:3823} INFO - Setting next_dagrun for example_branch_dop_operator_v3 to 2025-03-03 16:48:00+00:00, run_after=2025-03-03 16:49:00+00:00
[2025-03-03T16:49:27.443+0000] {processor.py:183} INFO - Processing /home/airflow/.local/lib/python3.8/site-packages/airflow/example_dags/example_branch_python_dop_operator_3.py took 0.324 seconds
[2025-03-03T16:49:57.529+0000] {processor.py:161} INFO - Started process (PID=1080) to work on /home/airflow/.local/lib/python3.8/site-packages/airflow/example_dags/example_branch_python_dop_operator_3.py
[2025-03-03T16:49:57.530+0000] {processor.py:830} INFO - Processing file /home/airflow/.local/lib/python3.8/site-packages/airflow/example_dags/example_branch_python_dop_operator_3.py for tasks to queue
[2025-03-03T16:49:57.532+0000] {logging_mixin.py:188} INFO - [2025-03-03T16:49:57.531+0000] {dagbag.py:538} INFO - Filling up the DagBag from /home/airflow/.local/lib/python3.8/site-packages/airflow/example_dags/example_branch_python_dop_operator_3.py
[2025-03-03T16:49:57.542+0000] {processor.py:840} INFO - DAG(s) 'example_branch_dop_operator_v3' retrieved from /home/airflow/.local/lib/python3.8/site-packages/airflow/example_dags/example_branch_python_dop_operator_3.py
[2025-03-03T16:49:57.571+0000] {logging_mixin.py:188} INFO - [2025-03-03T16:49:57.570+0000] {dag.py:3036} INFO - Sync 1 DAGs
[2025-03-03T16:49:57.600+0000] {logging_mixin.py:188} INFO - [2025-03-03T16:49:57.600+0000] {dag.py:3823} INFO - Setting next_dagrun for example_branch_dop_operator_v3 to 2025-03-03 16:48:00+00:00, run_after=2025-03-03 16:49:00+00:00
[2025-03-03T16:49:57.627+0000] {processor.py:183} INFO - Processing /home/airflow/.local/lib/python3.8/site-packages/airflow/example_dags/example_branch_python_dop_operator_3.py took 0.102 seconds
[2025-03-03T16:50:27.754+0000] {processor.py:161} INFO - Started process (PID=1130) to work on /home/airflow/.local/lib/python3.8/site-packages/airflow/example_dags/example_branch_python_dop_operator_3.py
[2025-03-03T16:50:27.756+0000] {processor.py:830} INFO - Processing file /home/airflow/.local/lib/python3.8/site-packages/airflow/example_dags/example_branch_python_dop_operator_3.py for tasks to queue
[2025-03-03T16:50:27.758+0000] {logging_mixin.py:188} INFO - [2025-03-03T16:50:27.757+0000] {dagbag.py:538} INFO - Filling up the DagBag from /home/airflow/.local/lib/python3.8/site-packages/airflow/example_dags/example_branch_python_dop_operator_3.py
[2025-03-03T16:50:27.766+0000] {processor.py:840} INFO - DAG(s) 'example_branch_dop_operator_v3' retrieved from /home/airflow/.local/lib/python3.8/site-packages/airflow/example_dags/example_branch_python_dop_operator_3.py
[2025-03-03T16:50:27.795+0000] {logging_mixin.py:188} INFO - [2025-03-03T16:50:27.795+0000] {dag.py:3036} INFO - Sync 1 DAGs
[2025-03-03T16:50:27.824+0000] {logging_mixin.py:188} INFO - [2025-03-03T16:50:27.824+0000] {dag.py:3823} INFO - Setting next_dagrun for example_branch_dop_operator_v3 to 2025-03-03 16:49:00+00:00, run_after=2025-03-03 16:50:00+00:00
[2025-03-03T16:50:27.854+0000] {processor.py:183} INFO - Processing /home/airflow/.local/lib/python3.8/site-packages/airflow/example_dags/example_branch_python_dop_operator_3.py took 0.104 seconds
[2025-03-03T16:50:57.990+0000] {processor.py:161} INFO - Started process (PID=1180) to work on /home/airflow/.local/lib/python3.8/site-packages/airflow/example_dags/example_branch_python_dop_operator_3.py
[2025-03-03T16:50:57.992+0000] {processor.py:830} INFO - Processing file /home/airflow/.local/lib/python3.8/site-packages/airflow/example_dags/example_branch_python_dop_operator_3.py for tasks to queue
[2025-03-03T16:50:57.994+0000] {logging_mixin.py:188} INFO - [2025-03-03T16:50:57.994+0000] {dagbag.py:538} INFO - Filling up the DagBag from /home/airflow/.local/lib/python3.8/site-packages/airflow/example_dags/example_branch_python_dop_operator_3.py
[2025-03-03T16:50:58.005+0000] {processor.py:840} INFO - DAG(s) 'example_branch_dop_operator_v3' retrieved from /home/airflow/.local/lib/python3.8/site-packages/airflow/example_dags/example_branch_python_dop_operator_3.py
[2025-03-03T16:50:58.033+0000] {logging_mixin.py:188} INFO - [2025-03-03T16:50:58.033+0000] {dag.py:3036} INFO - Sync 1 DAGs
[2025-03-03T16:50:58.064+0000] {logging_mixin.py:188} INFO - [2025-03-03T16:50:58.064+0000] {dag.py:3823} INFO - Setting next_dagrun for example_branch_dop_operator_v3 to 2025-03-03 16:49:00+00:00, run_after=2025-03-03 16:50:00+00:00
[2025-03-03T16:50:58.092+0000] {processor.py:183} INFO - Processing /home/airflow/.local/lib/python3.8/site-packages/airflow/example_dags/example_branch_python_dop_operator_3.py took 0.107 seconds
