[2025-03-03T15:44:54.985+0000] {processor.py:161} INFO - Started process (PID=110) to work on /home/airflow/.local/lib/python3.8/site-packages/airflow/example_dags/example_trigger_target_dag.py
[2025-03-03T15:44:54.986+0000] {processor.py:830} INFO - Processing file /home/airflow/.local/lib/python3.8/site-packages/airflow/example_dags/example_trigger_target_dag.py for tasks to queue
[2025-03-03T15:44:54.988+0000] {logging_mixin.py:188} INFO - [2025-03-03T15:44:54.988+0000] {dagbag.py:538} INFO - Filling up the DagBag from /home/airflow/.local/lib/python3.8/site-packages/airflow/example_dags/example_trigger_target_dag.py
[2025-03-03T15:44:54.996+0000] {processor.py:840} INFO - DAG(s) 'example_trigger_target_dag' retrieved from /home/airflow/.local/lib/python3.8/site-packages/airflow/example_dags/example_trigger_target_dag.py
[2025-03-03T15:44:55.238+0000] {logging_mixin.py:188} INFO - [2025-03-03T15:44:55.237+0000] {override.py:1769} INFO - Created Permission View: can edit on DAG:example_trigger_target_dag
[2025-03-03T15:44:55.273+0000] {logging_mixin.py:188} INFO - [2025-03-03T15:44:55.272+0000] {override.py:1769} INFO - Created Permission View: can read on DAG:example_trigger_target_dag
[2025-03-03T15:44:55.288+0000] {logging_mixin.py:188} INFO - [2025-03-03T15:44:55.288+0000] {override.py:1769} INFO - Created Permission View: can delete on DAG:example_trigger_target_dag
[2025-03-03T15:44:55.289+0000] {logging_mixin.py:188} INFO - [2025-03-03T15:44:55.289+0000] {dag.py:3036} INFO - Sync 1 DAGs
[2025-03-03T15:44:55.302+0000] {logging_mixin.py:188} INFO - [2025-03-03T15:44:55.302+0000] {dag.py:3058} INFO - Creating ORM DAG for example_trigger_target_dag
[2025-03-03T15:44:55.303+0000] {logging_mixin.py:188} INFO - [2025-03-03T15:44:55.303+0000] {dag.py:3823} INFO - Setting next_dagrun for example_trigger_target_dag to None, run_after=None
[2025-03-03T15:44:55.349+0000] {processor.py:183} INFO - Processing /home/airflow/.local/lib/python3.8/site-packages/airflow/example_dags/example_trigger_target_dag.py took 0.369 seconds
[2025-03-03T15:45:25.618+0000] {processor.py:161} INFO - Started process (PID=160) to work on /home/airflow/.local/lib/python3.8/site-packages/airflow/example_dags/example_trigger_target_dag.py
[2025-03-03T15:45:25.619+0000] {processor.py:830} INFO - Processing file /home/airflow/.local/lib/python3.8/site-packages/airflow/example_dags/example_trigger_target_dag.py for tasks to queue
[2025-03-03T15:45:25.622+0000] {logging_mixin.py:188} INFO - [2025-03-03T15:45:25.621+0000] {dagbag.py:538} INFO - Filling up the DagBag from /home/airflow/.local/lib/python3.8/site-packages/airflow/example_dags/example_trigger_target_dag.py
[2025-03-03T15:45:25.628+0000] {processor.py:840} INFO - DAG(s) 'example_trigger_target_dag' retrieved from /home/airflow/.local/lib/python3.8/site-packages/airflow/example_dags/example_trigger_target_dag.py
[2025-03-03T15:45:25.656+0000] {logging_mixin.py:188} INFO - [2025-03-03T15:45:25.655+0000] {dag.py:3036} INFO - Sync 1 DAGs
[2025-03-03T15:45:25.670+0000] {logging_mixin.py:188} INFO - [2025-03-03T15:45:25.670+0000] {dag.py:3823} INFO - Setting next_dagrun for example_trigger_target_dag to None, run_after=None
[2025-03-03T15:45:25.699+0000] {processor.py:183} INFO - Processing /home/airflow/.local/lib/python3.8/site-packages/airflow/example_dags/example_trigger_target_dag.py took 0.084 seconds
[2025-03-03T16:12:53.973+0000] {processor.py:161} INFO - Started process (PID=165) to work on /home/airflow/.local/lib/python3.8/site-packages/airflow/example_dags/example_trigger_target_dag.py
[2025-03-03T16:12:53.975+0000] {processor.py:830} INFO - Processing file /home/airflow/.local/lib/python3.8/site-packages/airflow/example_dags/example_trigger_target_dag.py for tasks to queue
[2025-03-03T16:12:53.977+0000] {logging_mixin.py:188} INFO - [2025-03-03T16:12:53.977+0000] {dagbag.py:538} INFO - Filling up the DagBag from /home/airflow/.local/lib/python3.8/site-packages/airflow/example_dags/example_trigger_target_dag.py
[2025-03-03T16:12:53.985+0000] {processor.py:840} INFO - DAG(s) 'example_trigger_target_dag' retrieved from /home/airflow/.local/lib/python3.8/site-packages/airflow/example_dags/example_trigger_target_dag.py
[2025-03-03T16:12:54.002+0000] {logging_mixin.py:188} INFO - [2025-03-03T16:12:54.002+0000] {dag.py:3036} INFO - Sync 1 DAGs
[2025-03-03T16:12:54.017+0000] {logging_mixin.py:188} INFO - [2025-03-03T16:12:54.017+0000] {dag.py:3823} INFO - Setting next_dagrun for example_trigger_target_dag to None, run_after=None
[2025-03-03T16:12:54.047+0000] {processor.py:183} INFO - Processing /home/airflow/.local/lib/python3.8/site-packages/airflow/example_dags/example_trigger_target_dag.py took 0.077 seconds
[2025-03-03T16:13:26.374+0000] {processor.py:161} INFO - Started process (PID=215) to work on /home/airflow/.local/lib/python3.8/site-packages/airflow/example_dags/example_trigger_target_dag.py
[2025-03-03T16:13:26.375+0000] {processor.py:830} INFO - Processing file /home/airflow/.local/lib/python3.8/site-packages/airflow/example_dags/example_trigger_target_dag.py for tasks to queue
[2025-03-03T16:13:26.377+0000] {logging_mixin.py:188} INFO - [2025-03-03T16:13:26.377+0000] {dagbag.py:538} INFO - Filling up the DagBag from /home/airflow/.local/lib/python3.8/site-packages/airflow/example_dags/example_trigger_target_dag.py
[2025-03-03T16:13:26.385+0000] {processor.py:840} INFO - DAG(s) 'example_trigger_target_dag' retrieved from /home/airflow/.local/lib/python3.8/site-packages/airflow/example_dags/example_trigger_target_dag.py
[2025-03-03T16:13:26.508+0000] {logging_mixin.py:188} INFO - [2025-03-03T16:13:26.508+0000] {dag.py:3036} INFO - Sync 1 DAGs
[2025-03-03T16:13:26.520+0000] {logging_mixin.py:188} INFO - [2025-03-03T16:13:26.520+0000] {dag.py:3823} INFO - Setting next_dagrun for example_trigger_target_dag to None, run_after=None
[2025-03-03T16:13:26.550+0000] {processor.py:183} INFO - Processing /home/airflow/.local/lib/python3.8/site-packages/airflow/example_dags/example_trigger_target_dag.py took 0.180 seconds
[2025-03-03T16:13:57.210+0000] {processor.py:161} INFO - Started process (PID=265) to work on /home/airflow/.local/lib/python3.8/site-packages/airflow/example_dags/example_trigger_target_dag.py
[2025-03-03T16:13:57.212+0000] {processor.py:830} INFO - Processing file /home/airflow/.local/lib/python3.8/site-packages/airflow/example_dags/example_trigger_target_dag.py for tasks to queue
[2025-03-03T16:13:57.214+0000] {logging_mixin.py:188} INFO - [2025-03-03T16:13:57.213+0000] {dagbag.py:538} INFO - Filling up the DagBag from /home/airflow/.local/lib/python3.8/site-packages/airflow/example_dags/example_trigger_target_dag.py
[2025-03-03T16:13:57.221+0000] {processor.py:840} INFO - DAG(s) 'example_trigger_target_dag' retrieved from /home/airflow/.local/lib/python3.8/site-packages/airflow/example_dags/example_trigger_target_dag.py
[2025-03-03T16:13:57.248+0000] {logging_mixin.py:188} INFO - [2025-03-03T16:13:57.248+0000] {dag.py:3036} INFO - Sync 1 DAGs
[2025-03-03T16:13:57.264+0000] {logging_mixin.py:188} INFO - [2025-03-03T16:13:57.264+0000] {dag.py:3823} INFO - Setting next_dagrun for example_trigger_target_dag to None, run_after=None
[2025-03-03T16:13:57.291+0000] {processor.py:183} INFO - Processing /home/airflow/.local/lib/python3.8/site-packages/airflow/example_dags/example_trigger_target_dag.py took 0.085 seconds
[2025-03-03T16:14:27.844+0000] {processor.py:161} INFO - Started process (PID=315) to work on /home/airflow/.local/lib/python3.8/site-packages/airflow/example_dags/example_trigger_target_dag.py
[2025-03-03T16:14:27.846+0000] {processor.py:830} INFO - Processing file /home/airflow/.local/lib/python3.8/site-packages/airflow/example_dags/example_trigger_target_dag.py for tasks to queue
[2025-03-03T16:14:27.849+0000] {logging_mixin.py:188} INFO - [2025-03-03T16:14:27.849+0000] {dagbag.py:538} INFO - Filling up the DagBag from /home/airflow/.local/lib/python3.8/site-packages/airflow/example_dags/example_trigger_target_dag.py
[2025-03-03T16:14:27.856+0000] {processor.py:840} INFO - DAG(s) 'example_trigger_target_dag' retrieved from /home/airflow/.local/lib/python3.8/site-packages/airflow/example_dags/example_trigger_target_dag.py
[2025-03-03T16:14:27.883+0000] {logging_mixin.py:188} INFO - [2025-03-03T16:14:27.883+0000] {dag.py:3036} INFO - Sync 1 DAGs
[2025-03-03T16:14:27.898+0000] {logging_mixin.py:188} INFO - [2025-03-03T16:14:27.898+0000] {dag.py:3823} INFO - Setting next_dagrun for example_trigger_target_dag to None, run_after=None
[2025-03-03T16:14:27.928+0000] {processor.py:183} INFO - Processing /home/airflow/.local/lib/python3.8/site-packages/airflow/example_dags/example_trigger_target_dag.py took 0.091 seconds
[2025-03-03T16:14:58.237+0000] {processor.py:161} INFO - Started process (PID=365) to work on /home/airflow/.local/lib/python3.8/site-packages/airflow/example_dags/example_trigger_target_dag.py
[2025-03-03T16:14:58.238+0000] {processor.py:830} INFO - Processing file /home/airflow/.local/lib/python3.8/site-packages/airflow/example_dags/example_trigger_target_dag.py for tasks to queue
[2025-03-03T16:14:58.240+0000] {logging_mixin.py:188} INFO - [2025-03-03T16:14:58.240+0000] {dagbag.py:538} INFO - Filling up the DagBag from /home/airflow/.local/lib/python3.8/site-packages/airflow/example_dags/example_trigger_target_dag.py
[2025-03-03T16:14:58.247+0000] {processor.py:840} INFO - DAG(s) 'example_trigger_target_dag' retrieved from /home/airflow/.local/lib/python3.8/site-packages/airflow/example_dags/example_trigger_target_dag.py
[2025-03-03T16:14:58.273+0000] {logging_mixin.py:188} INFO - [2025-03-03T16:14:58.273+0000] {dag.py:3036} INFO - Sync 1 DAGs
[2025-03-03T16:14:58.286+0000] {logging_mixin.py:188} INFO - [2025-03-03T16:14:58.286+0000] {dag.py:3823} INFO - Setting next_dagrun for example_trigger_target_dag to None, run_after=None
[2025-03-03T16:14:58.313+0000] {processor.py:183} INFO - Processing /home/airflow/.local/lib/python3.8/site-packages/airflow/example_dags/example_trigger_target_dag.py took 0.080 seconds
[2025-03-03T16:15:28.626+0000] {processor.py:161} INFO - Started process (PID=415) to work on /home/airflow/.local/lib/python3.8/site-packages/airflow/example_dags/example_trigger_target_dag.py
[2025-03-03T16:15:28.628+0000] {processor.py:830} INFO - Processing file /home/airflow/.local/lib/python3.8/site-packages/airflow/example_dags/example_trigger_target_dag.py for tasks to queue
[2025-03-03T16:15:28.630+0000] {logging_mixin.py:188} INFO - [2025-03-03T16:15:28.629+0000] {dagbag.py:538} INFO - Filling up the DagBag from /home/airflow/.local/lib/python3.8/site-packages/airflow/example_dags/example_trigger_target_dag.py
[2025-03-03T16:15:28.636+0000] {processor.py:840} INFO - DAG(s) 'example_trigger_target_dag' retrieved from /home/airflow/.local/lib/python3.8/site-packages/airflow/example_dags/example_trigger_target_dag.py
[2025-03-03T16:15:28.661+0000] {logging_mixin.py:188} INFO - [2025-03-03T16:15:28.661+0000] {dag.py:3036} INFO - Sync 1 DAGs
[2025-03-03T16:15:28.675+0000] {logging_mixin.py:188} INFO - [2025-03-03T16:15:28.674+0000] {dag.py:3823} INFO - Setting next_dagrun for example_trigger_target_dag to None, run_after=None
[2025-03-03T16:15:28.703+0000] {processor.py:183} INFO - Processing /home/airflow/.local/lib/python3.8/site-packages/airflow/example_dags/example_trigger_target_dag.py took 0.081 seconds
[2025-03-03T16:15:58.906+0000] {processor.py:161} INFO - Started process (PID=465) to work on /home/airflow/.local/lib/python3.8/site-packages/airflow/example_dags/example_trigger_target_dag.py
[2025-03-03T16:15:58.907+0000] {processor.py:830} INFO - Processing file /home/airflow/.local/lib/python3.8/site-packages/airflow/example_dags/example_trigger_target_dag.py for tasks to queue
[2025-03-03T16:15:58.910+0000] {logging_mixin.py:188} INFO - [2025-03-03T16:15:58.909+0000] {dagbag.py:538} INFO - Filling up the DagBag from /home/airflow/.local/lib/python3.8/site-packages/airflow/example_dags/example_trigger_target_dag.py
[2025-03-03T16:15:58.916+0000] {processor.py:840} INFO - DAG(s) 'example_trigger_target_dag' retrieved from /home/airflow/.local/lib/python3.8/site-packages/airflow/example_dags/example_trigger_target_dag.py
[2025-03-03T16:15:58.943+0000] {logging_mixin.py:188} INFO - [2025-03-03T16:15:58.942+0000] {dag.py:3036} INFO - Sync 1 DAGs
[2025-03-03T16:15:58.956+0000] {logging_mixin.py:188} INFO - [2025-03-03T16:15:58.956+0000] {dag.py:3823} INFO - Setting next_dagrun for example_trigger_target_dag to None, run_after=None
[2025-03-03T16:15:58.986+0000] {processor.py:183} INFO - Processing /home/airflow/.local/lib/python3.8/site-packages/airflow/example_dags/example_trigger_target_dag.py took 0.084 seconds
[2025-03-03T16:40:21.641+0000] {processor.py:161} INFO - Started process (PID=164) to work on /home/airflow/.local/lib/python3.8/site-packages/airflow/example_dags/example_trigger_target_dag.py
[2025-03-03T16:40:21.643+0000] {processor.py:830} INFO - Processing file /home/airflow/.local/lib/python3.8/site-packages/airflow/example_dags/example_trigger_target_dag.py for tasks to queue
[2025-03-03T16:40:21.646+0000] {logging_mixin.py:188} INFO - [2025-03-03T16:40:21.645+0000] {dagbag.py:538} INFO - Filling up the DagBag from /home/airflow/.local/lib/python3.8/site-packages/airflow/example_dags/example_trigger_target_dag.py
[2025-03-03T16:40:21.656+0000] {processor.py:840} INFO - DAG(s) 'example_trigger_target_dag' retrieved from /home/airflow/.local/lib/python3.8/site-packages/airflow/example_dags/example_trigger_target_dag.py
[2025-03-03T16:40:21.679+0000] {logging_mixin.py:188} INFO - [2025-03-03T16:40:21.678+0000] {dag.py:3036} INFO - Sync 1 DAGs
[2025-03-03T16:40:21.701+0000] {logging_mixin.py:188} INFO - [2025-03-03T16:40:21.700+0000] {dag.py:3823} INFO - Setting next_dagrun for example_trigger_target_dag to None, run_after=None
[2025-03-03T16:40:21.740+0000] {processor.py:183} INFO - Processing /home/airflow/.local/lib/python3.8/site-packages/airflow/example_dags/example_trigger_target_dag.py took 0.103 seconds
[2025-03-03T16:40:54.548+0000] {processor.py:161} INFO - Started process (PID=214) to work on /home/airflow/.local/lib/python3.8/site-packages/airflow/example_dags/example_trigger_target_dag.py
[2025-03-03T16:40:54.551+0000] {processor.py:830} INFO - Processing file /home/airflow/.local/lib/python3.8/site-packages/airflow/example_dags/example_trigger_target_dag.py for tasks to queue
[2025-03-03T16:40:54.555+0000] {logging_mixin.py:188} INFO - [2025-03-03T16:40:54.555+0000] {dagbag.py:538} INFO - Filling up the DagBag from /home/airflow/.local/lib/python3.8/site-packages/airflow/example_dags/example_trigger_target_dag.py
[2025-03-03T16:40:54.568+0000] {processor.py:840} INFO - DAG(s) 'example_trigger_target_dag' retrieved from /home/airflow/.local/lib/python3.8/site-packages/airflow/example_dags/example_trigger_target_dag.py
[2025-03-03T16:40:54.874+0000] {logging_mixin.py:188} INFO - [2025-03-03T16:40:54.873+0000] {dag.py:3036} INFO - Sync 1 DAGs
[2025-03-03T16:40:54.895+0000] {logging_mixin.py:188} INFO - [2025-03-03T16:40:54.895+0000] {dag.py:3823} INFO - Setting next_dagrun for example_trigger_target_dag to None, run_after=None
[2025-03-03T16:40:54.969+0000] {processor.py:183} INFO - Processing /home/airflow/.local/lib/python3.8/site-packages/airflow/example_dags/example_trigger_target_dag.py took 0.429 seconds
[2025-03-03T16:41:25.557+0000] {processor.py:161} INFO - Started process (PID=264) to work on /home/airflow/.local/lib/python3.8/site-packages/airflow/example_dags/example_trigger_target_dag.py
[2025-03-03T16:41:25.558+0000] {processor.py:830} INFO - Processing file /home/airflow/.local/lib/python3.8/site-packages/airflow/example_dags/example_trigger_target_dag.py for tasks to queue
[2025-03-03T16:41:25.560+0000] {logging_mixin.py:188} INFO - [2025-03-03T16:41:25.559+0000] {dagbag.py:538} INFO - Filling up the DagBag from /home/airflow/.local/lib/python3.8/site-packages/airflow/example_dags/example_trigger_target_dag.py
[2025-03-03T16:41:25.567+0000] {processor.py:840} INFO - DAG(s) 'example_trigger_target_dag' retrieved from /home/airflow/.local/lib/python3.8/site-packages/airflow/example_dags/example_trigger_target_dag.py
[2025-03-03T16:41:25.595+0000] {logging_mixin.py:188} INFO - [2025-03-03T16:41:25.595+0000] {dag.py:3036} INFO - Sync 1 DAGs
[2025-03-03T16:41:25.608+0000] {logging_mixin.py:188} INFO - [2025-03-03T16:41:25.608+0000] {dag.py:3823} INFO - Setting next_dagrun for example_trigger_target_dag to None, run_after=None
[2025-03-03T16:41:25.641+0000] {processor.py:183} INFO - Processing /home/airflow/.local/lib/python3.8/site-packages/airflow/example_dags/example_trigger_target_dag.py took 0.088 seconds
[2025-03-03T16:41:55.950+0000] {processor.py:161} INFO - Started process (PID=314) to work on /home/airflow/.local/lib/python3.8/site-packages/airflow/example_dags/example_trigger_target_dag.py
[2025-03-03T16:41:55.951+0000] {processor.py:830} INFO - Processing file /home/airflow/.local/lib/python3.8/site-packages/airflow/example_dags/example_trigger_target_dag.py for tasks to queue
[2025-03-03T16:41:55.953+0000] {logging_mixin.py:188} INFO - [2025-03-03T16:41:55.953+0000] {dagbag.py:538} INFO - Filling up the DagBag from /home/airflow/.local/lib/python3.8/site-packages/airflow/example_dags/example_trigger_target_dag.py
[2025-03-03T16:41:55.960+0000] {processor.py:840} INFO - DAG(s) 'example_trigger_target_dag' retrieved from /home/airflow/.local/lib/python3.8/site-packages/airflow/example_dags/example_trigger_target_dag.py
[2025-03-03T16:41:55.990+0000] {logging_mixin.py:188} INFO - [2025-03-03T16:41:55.989+0000] {dag.py:3036} INFO - Sync 1 DAGs
[2025-03-03T16:41:56.005+0000] {logging_mixin.py:188} INFO - [2025-03-03T16:41:56.004+0000] {dag.py:3823} INFO - Setting next_dagrun for example_trigger_target_dag to None, run_after=None
[2025-03-03T16:41:56.035+0000] {processor.py:183} INFO - Processing /home/airflow/.local/lib/python3.8/site-packages/airflow/example_dags/example_trigger_target_dag.py took 0.089 seconds
[2025-03-03T16:42:26.761+0000] {processor.py:161} INFO - Started process (PID=364) to work on /home/airflow/.local/lib/python3.8/site-packages/airflow/example_dags/example_trigger_target_dag.py
[2025-03-03T16:42:26.762+0000] {processor.py:830} INFO - Processing file /home/airflow/.local/lib/python3.8/site-packages/airflow/example_dags/example_trigger_target_dag.py for tasks to queue
[2025-03-03T16:42:26.764+0000] {logging_mixin.py:188} INFO - [2025-03-03T16:42:26.764+0000] {dagbag.py:538} INFO - Filling up the DagBag from /home/airflow/.local/lib/python3.8/site-packages/airflow/example_dags/example_trigger_target_dag.py
[2025-03-03T16:42:26.771+0000] {processor.py:840} INFO - DAG(s) 'example_trigger_target_dag' retrieved from /home/airflow/.local/lib/python3.8/site-packages/airflow/example_dags/example_trigger_target_dag.py
[2025-03-03T16:42:26.798+0000] {logging_mixin.py:188} INFO - [2025-03-03T16:42:26.797+0000] {dag.py:3036} INFO - Sync 1 DAGs
[2025-03-03T16:42:26.812+0000] {logging_mixin.py:188} INFO - [2025-03-03T16:42:26.811+0000] {dag.py:3823} INFO - Setting next_dagrun for example_trigger_target_dag to None, run_after=None
[2025-03-03T16:42:26.841+0000] {processor.py:183} INFO - Processing /home/airflow/.local/lib/python3.8/site-packages/airflow/example_dags/example_trigger_target_dag.py took 0.084 seconds
[2025-03-03T16:42:57.304+0000] {processor.py:161} INFO - Started process (PID=414) to work on /home/airflow/.local/lib/python3.8/site-packages/airflow/example_dags/example_trigger_target_dag.py
[2025-03-03T16:42:57.305+0000] {processor.py:830} INFO - Processing file /home/airflow/.local/lib/python3.8/site-packages/airflow/example_dags/example_trigger_target_dag.py for tasks to queue
[2025-03-03T16:42:57.308+0000] {logging_mixin.py:188} INFO - [2025-03-03T16:42:57.307+0000] {dagbag.py:538} INFO - Filling up the DagBag from /home/airflow/.local/lib/python3.8/site-packages/airflow/example_dags/example_trigger_target_dag.py
[2025-03-03T16:42:57.316+0000] {processor.py:840} INFO - DAG(s) 'example_trigger_target_dag' retrieved from /home/airflow/.local/lib/python3.8/site-packages/airflow/example_dags/example_trigger_target_dag.py
[2025-03-03T16:42:57.346+0000] {logging_mixin.py:188} INFO - [2025-03-03T16:42:57.345+0000] {dag.py:3036} INFO - Sync 1 DAGs
[2025-03-03T16:42:57.361+0000] {logging_mixin.py:188} INFO - [2025-03-03T16:42:57.359+0000] {dag.py:3823} INFO - Setting next_dagrun for example_trigger_target_dag to None, run_after=None
[2025-03-03T16:42:57.389+0000] {processor.py:183} INFO - Processing /home/airflow/.local/lib/python3.8/site-packages/airflow/example_dags/example_trigger_target_dag.py took 0.089 seconds
[2025-03-03T16:43:27.578+0000] {processor.py:161} INFO - Started process (PID=464) to work on /home/airflow/.local/lib/python3.8/site-packages/airflow/example_dags/example_trigger_target_dag.py
[2025-03-03T16:43:27.580+0000] {processor.py:830} INFO - Processing file /home/airflow/.local/lib/python3.8/site-packages/airflow/example_dags/example_trigger_target_dag.py for tasks to queue
[2025-03-03T16:43:27.582+0000] {logging_mixin.py:188} INFO - [2025-03-03T16:43:27.581+0000] {dagbag.py:538} INFO - Filling up the DagBag from /home/airflow/.local/lib/python3.8/site-packages/airflow/example_dags/example_trigger_target_dag.py
[2025-03-03T16:43:27.589+0000] {processor.py:840} INFO - DAG(s) 'example_trigger_target_dag' retrieved from /home/airflow/.local/lib/python3.8/site-packages/airflow/example_dags/example_trigger_target_dag.py
[2025-03-03T16:43:27.615+0000] {logging_mixin.py:188} INFO - [2025-03-03T16:43:27.615+0000] {dag.py:3036} INFO - Sync 1 DAGs
[2025-03-03T16:43:27.631+0000] {logging_mixin.py:188} INFO - [2025-03-03T16:43:27.630+0000] {dag.py:3823} INFO - Setting next_dagrun for example_trigger_target_dag to None, run_after=None
[2025-03-03T16:43:27.660+0000] {processor.py:183} INFO - Processing /home/airflow/.local/lib/python3.8/site-packages/airflow/example_dags/example_trigger_target_dag.py took 0.086 seconds
[2025-03-03T16:43:58.295+0000] {processor.py:161} INFO - Started process (PID=514) to work on /home/airflow/.local/lib/python3.8/site-packages/airflow/example_dags/example_trigger_target_dag.py
[2025-03-03T16:43:58.297+0000] {processor.py:830} INFO - Processing file /home/airflow/.local/lib/python3.8/site-packages/airflow/example_dags/example_trigger_target_dag.py for tasks to queue
[2025-03-03T16:43:58.299+0000] {logging_mixin.py:188} INFO - [2025-03-03T16:43:58.299+0000] {dagbag.py:538} INFO - Filling up the DagBag from /home/airflow/.local/lib/python3.8/site-packages/airflow/example_dags/example_trigger_target_dag.py
[2025-03-03T16:43:58.306+0000] {processor.py:840} INFO - DAG(s) 'example_trigger_target_dag' retrieved from /home/airflow/.local/lib/python3.8/site-packages/airflow/example_dags/example_trigger_target_dag.py
[2025-03-03T16:43:58.333+0000] {logging_mixin.py:188} INFO - [2025-03-03T16:43:58.333+0000] {dag.py:3036} INFO - Sync 1 DAGs
[2025-03-03T16:43:58.347+0000] {logging_mixin.py:188} INFO - [2025-03-03T16:43:58.347+0000] {dag.py:3823} INFO - Setting next_dagrun for example_trigger_target_dag to None, run_after=None
[2025-03-03T16:43:58.378+0000] {processor.py:183} INFO - Processing /home/airflow/.local/lib/python3.8/site-packages/airflow/example_dags/example_trigger_target_dag.py took 0.086 seconds
[2025-03-03T16:44:28.589+0000] {processor.py:161} INFO - Started process (PID=564) to work on /home/airflow/.local/lib/python3.8/site-packages/airflow/example_dags/example_trigger_target_dag.py
[2025-03-03T16:44:28.590+0000] {processor.py:830} INFO - Processing file /home/airflow/.local/lib/python3.8/site-packages/airflow/example_dags/example_trigger_target_dag.py for tasks to queue
[2025-03-03T16:44:28.592+0000] {logging_mixin.py:188} INFO - [2025-03-03T16:44:28.592+0000] {dagbag.py:538} INFO - Filling up the DagBag from /home/airflow/.local/lib/python3.8/site-packages/airflow/example_dags/example_trigger_target_dag.py
[2025-03-03T16:44:28.599+0000] {processor.py:840} INFO - DAG(s) 'example_trigger_target_dag' retrieved from /home/airflow/.local/lib/python3.8/site-packages/airflow/example_dags/example_trigger_target_dag.py
[2025-03-03T16:44:28.626+0000] {logging_mixin.py:188} INFO - [2025-03-03T16:44:28.625+0000] {dag.py:3036} INFO - Sync 1 DAGs
[2025-03-03T16:44:28.641+0000] {logging_mixin.py:188} INFO - [2025-03-03T16:44:28.641+0000] {dag.py:3823} INFO - Setting next_dagrun for example_trigger_target_dag to None, run_after=None
[2025-03-03T16:44:28.670+0000] {processor.py:183} INFO - Processing /home/airflow/.local/lib/python3.8/site-packages/airflow/example_dags/example_trigger_target_dag.py took 0.085 seconds
[2025-03-03T16:44:59.630+0000] {processor.py:161} INFO - Started process (PID=614) to work on /home/airflow/.local/lib/python3.8/site-packages/airflow/example_dags/example_trigger_target_dag.py
[2025-03-03T16:44:59.631+0000] {processor.py:830} INFO - Processing file /home/airflow/.local/lib/python3.8/site-packages/airflow/example_dags/example_trigger_target_dag.py for tasks to queue
[2025-03-03T16:44:59.634+0000] {logging_mixin.py:188} INFO - [2025-03-03T16:44:59.633+0000] {dagbag.py:538} INFO - Filling up the DagBag from /home/airflow/.local/lib/python3.8/site-packages/airflow/example_dags/example_trigger_target_dag.py
[2025-03-03T16:44:59.640+0000] {processor.py:840} INFO - DAG(s) 'example_trigger_target_dag' retrieved from /home/airflow/.local/lib/python3.8/site-packages/airflow/example_dags/example_trigger_target_dag.py
[2025-03-03T16:44:59.670+0000] {logging_mixin.py:188} INFO - [2025-03-03T16:44:59.670+0000] {dag.py:3036} INFO - Sync 1 DAGs
[2025-03-03T16:44:59.685+0000] {logging_mixin.py:188} INFO - [2025-03-03T16:44:59.685+0000] {dag.py:3823} INFO - Setting next_dagrun for example_trigger_target_dag to None, run_after=None
[2025-03-03T16:44:59.712+0000] {processor.py:183} INFO - Processing /home/airflow/.local/lib/python3.8/site-packages/airflow/example_dags/example_trigger_target_dag.py took 0.086 seconds
[2025-03-03T16:45:30.167+0000] {processor.py:161} INFO - Started process (PID=664) to work on /home/airflow/.local/lib/python3.8/site-packages/airflow/example_dags/example_trigger_target_dag.py
[2025-03-03T16:45:30.169+0000] {processor.py:830} INFO - Processing file /home/airflow/.local/lib/python3.8/site-packages/airflow/example_dags/example_trigger_target_dag.py for tasks to queue
[2025-03-03T16:45:30.171+0000] {logging_mixin.py:188} INFO - [2025-03-03T16:45:30.170+0000] {dagbag.py:538} INFO - Filling up the DagBag from /home/airflow/.local/lib/python3.8/site-packages/airflow/example_dags/example_trigger_target_dag.py
[2025-03-03T16:45:30.181+0000] {processor.py:840} INFO - DAG(s) 'example_trigger_target_dag' retrieved from /home/airflow/.local/lib/python3.8/site-packages/airflow/example_dags/example_trigger_target_dag.py
[2025-03-03T16:45:30.208+0000] {logging_mixin.py:188} INFO - [2025-03-03T16:45:30.207+0000] {dag.py:3036} INFO - Sync 1 DAGs
[2025-03-03T16:45:30.220+0000] {logging_mixin.py:188} INFO - [2025-03-03T16:45:30.220+0000] {dag.py:3823} INFO - Setting next_dagrun for example_trigger_target_dag to None, run_after=None
[2025-03-03T16:45:30.248+0000] {processor.py:183} INFO - Processing /home/airflow/.local/lib/python3.8/site-packages/airflow/example_dags/example_trigger_target_dag.py took 0.085 seconds
[2025-03-03T16:46:00.761+0000] {processor.py:161} INFO - Started process (PID=714) to work on /home/airflow/.local/lib/python3.8/site-packages/airflow/example_dags/example_trigger_target_dag.py
[2025-03-03T16:46:00.763+0000] {processor.py:830} INFO - Processing file /home/airflow/.local/lib/python3.8/site-packages/airflow/example_dags/example_trigger_target_dag.py for tasks to queue
[2025-03-03T16:46:00.765+0000] {logging_mixin.py:188} INFO - [2025-03-03T16:46:00.764+0000] {dagbag.py:538} INFO - Filling up the DagBag from /home/airflow/.local/lib/python3.8/site-packages/airflow/example_dags/example_trigger_target_dag.py
[2025-03-03T16:46:00.771+0000] {processor.py:840} INFO - DAG(s) 'example_trigger_target_dag' retrieved from /home/airflow/.local/lib/python3.8/site-packages/airflow/example_dags/example_trigger_target_dag.py
[2025-03-03T16:46:00.797+0000] {logging_mixin.py:188} INFO - [2025-03-03T16:46:00.797+0000] {dag.py:3036} INFO - Sync 1 DAGs
[2025-03-03T16:46:00.811+0000] {logging_mixin.py:188} INFO - [2025-03-03T16:46:00.810+0000] {dag.py:3823} INFO - Setting next_dagrun for example_trigger_target_dag to None, run_after=None
[2025-03-03T16:46:00.841+0000] {processor.py:183} INFO - Processing /home/airflow/.local/lib/python3.8/site-packages/airflow/example_dags/example_trigger_target_dag.py took 0.083 seconds
[2025-03-03T16:46:31.065+0000] {processor.py:161} INFO - Started process (PID=764) to work on /home/airflow/.local/lib/python3.8/site-packages/airflow/example_dags/example_trigger_target_dag.py
[2025-03-03T16:46:31.066+0000] {processor.py:830} INFO - Processing file /home/airflow/.local/lib/python3.8/site-packages/airflow/example_dags/example_trigger_target_dag.py for tasks to queue
[2025-03-03T16:46:31.069+0000] {logging_mixin.py:188} INFO - [2025-03-03T16:46:31.069+0000] {dagbag.py:538} INFO - Filling up the DagBag from /home/airflow/.local/lib/python3.8/site-packages/airflow/example_dags/example_trigger_target_dag.py
[2025-03-03T16:46:31.076+0000] {processor.py:840} INFO - DAG(s) 'example_trigger_target_dag' retrieved from /home/airflow/.local/lib/python3.8/site-packages/airflow/example_dags/example_trigger_target_dag.py
[2025-03-03T16:46:31.101+0000] {logging_mixin.py:188} INFO - [2025-03-03T16:46:31.101+0000] {dag.py:3036} INFO - Sync 1 DAGs
[2025-03-03T16:46:31.115+0000] {logging_mixin.py:188} INFO - [2025-03-03T16:46:31.114+0000] {dag.py:3823} INFO - Setting next_dagrun for example_trigger_target_dag to None, run_after=None
[2025-03-03T16:46:31.144+0000] {processor.py:183} INFO - Processing /home/airflow/.local/lib/python3.8/site-packages/airflow/example_dags/example_trigger_target_dag.py took 0.082 seconds
[2025-03-03T16:47:01.544+0000] {processor.py:161} INFO - Started process (PID=814) to work on /home/airflow/.local/lib/python3.8/site-packages/airflow/example_dags/example_trigger_target_dag.py
[2025-03-03T16:47:01.545+0000] {processor.py:830} INFO - Processing file /home/airflow/.local/lib/python3.8/site-packages/airflow/example_dags/example_trigger_target_dag.py for tasks to queue
[2025-03-03T16:47:01.547+0000] {logging_mixin.py:188} INFO - [2025-03-03T16:47:01.547+0000] {dagbag.py:538} INFO - Filling up the DagBag from /home/airflow/.local/lib/python3.8/site-packages/airflow/example_dags/example_trigger_target_dag.py
[2025-03-03T16:47:01.554+0000] {processor.py:840} INFO - DAG(s) 'example_trigger_target_dag' retrieved from /home/airflow/.local/lib/python3.8/site-packages/airflow/example_dags/example_trigger_target_dag.py
[2025-03-03T16:47:01.580+0000] {logging_mixin.py:188} INFO - [2025-03-03T16:47:01.579+0000] {dag.py:3036} INFO - Sync 1 DAGs
[2025-03-03T16:47:01.593+0000] {logging_mixin.py:188} INFO - [2025-03-03T16:47:01.593+0000] {dag.py:3823} INFO - Setting next_dagrun for example_trigger_target_dag to None, run_after=None
[2025-03-03T16:47:01.622+0000] {processor.py:183} INFO - Processing /home/airflow/.local/lib/python3.8/site-packages/airflow/example_dags/example_trigger_target_dag.py took 0.081 seconds
[2025-03-03T16:47:32.620+0000] {processor.py:161} INFO - Started process (PID=864) to work on /home/airflow/.local/lib/python3.8/site-packages/airflow/example_dags/example_trigger_target_dag.py
[2025-03-03T16:47:32.623+0000] {processor.py:830} INFO - Processing file /home/airflow/.local/lib/python3.8/site-packages/airflow/example_dags/example_trigger_target_dag.py for tasks to queue
[2025-03-03T16:47:32.627+0000] {logging_mixin.py:188} INFO - [2025-03-03T16:47:32.626+0000] {dagbag.py:538} INFO - Filling up the DagBag from /home/airflow/.local/lib/python3.8/site-packages/airflow/example_dags/example_trigger_target_dag.py
[2025-03-03T16:47:32.637+0000] {processor.py:840} INFO - DAG(s) 'example_trigger_target_dag' retrieved from /home/airflow/.local/lib/python3.8/site-packages/airflow/example_dags/example_trigger_target_dag.py
[2025-03-03T16:47:32.665+0000] {logging_mixin.py:188} INFO - [2025-03-03T16:47:32.664+0000] {dag.py:3036} INFO - Sync 1 DAGs
[2025-03-03T16:47:32.679+0000] {logging_mixin.py:188} INFO - [2025-03-03T16:47:32.679+0000] {dag.py:3823} INFO - Setting next_dagrun for example_trigger_target_dag to None, run_after=None
[2025-03-03T16:47:32.710+0000] {processor.py:183} INFO - Processing /home/airflow/.local/lib/python3.8/site-packages/airflow/example_dags/example_trigger_target_dag.py took 0.095 seconds
[2025-03-03T16:48:02.846+0000] {processor.py:161} INFO - Started process (PID=914) to work on /home/airflow/.local/lib/python3.8/site-packages/airflow/example_dags/example_trigger_target_dag.py
[2025-03-03T16:48:02.848+0000] {processor.py:830} INFO - Processing file /home/airflow/.local/lib/python3.8/site-packages/airflow/example_dags/example_trigger_target_dag.py for tasks to queue
[2025-03-03T16:48:02.850+0000] {logging_mixin.py:188} INFO - [2025-03-03T16:48:02.849+0000] {dagbag.py:538} INFO - Filling up the DagBag from /home/airflow/.local/lib/python3.8/site-packages/airflow/example_dags/example_trigger_target_dag.py
[2025-03-03T16:48:02.857+0000] {processor.py:840} INFO - DAG(s) 'example_trigger_target_dag' retrieved from /home/airflow/.local/lib/python3.8/site-packages/airflow/example_dags/example_trigger_target_dag.py
[2025-03-03T16:48:02.885+0000] {logging_mixin.py:188} INFO - [2025-03-03T16:48:02.884+0000] {dag.py:3036} INFO - Sync 1 DAGs
[2025-03-03T16:48:02.900+0000] {logging_mixin.py:188} INFO - [2025-03-03T16:48:02.899+0000] {dag.py:3823} INFO - Setting next_dagrun for example_trigger_target_dag to None, run_after=None
[2025-03-03T16:48:02.929+0000] {processor.py:183} INFO - Processing /home/airflow/.local/lib/python3.8/site-packages/airflow/example_dags/example_trigger_target_dag.py took 0.086 seconds
[2025-03-03T16:48:33.146+0000] {processor.py:161} INFO - Started process (PID=964) to work on /home/airflow/.local/lib/python3.8/site-packages/airflow/example_dags/example_trigger_target_dag.py
[2025-03-03T16:48:33.148+0000] {processor.py:830} INFO - Processing file /home/airflow/.local/lib/python3.8/site-packages/airflow/example_dags/example_trigger_target_dag.py for tasks to queue
[2025-03-03T16:48:33.150+0000] {logging_mixin.py:188} INFO - [2025-03-03T16:48:33.149+0000] {dagbag.py:538} INFO - Filling up the DagBag from /home/airflow/.local/lib/python3.8/site-packages/airflow/example_dags/example_trigger_target_dag.py
[2025-03-03T16:48:33.156+0000] {processor.py:840} INFO - DAG(s) 'example_trigger_target_dag' retrieved from /home/airflow/.local/lib/python3.8/site-packages/airflow/example_dags/example_trigger_target_dag.py
[2025-03-03T16:48:33.182+0000] {logging_mixin.py:188} INFO - [2025-03-03T16:48:33.182+0000] {dag.py:3036} INFO - Sync 1 DAGs
[2025-03-03T16:48:33.196+0000] {logging_mixin.py:188} INFO - [2025-03-03T16:48:33.196+0000] {dag.py:3823} INFO - Setting next_dagrun for example_trigger_target_dag to None, run_after=None
[2025-03-03T16:48:33.226+0000] {processor.py:183} INFO - Processing /home/airflow/.local/lib/python3.8/site-packages/airflow/example_dags/example_trigger_target_dag.py took 0.083 seconds
[2025-03-03T16:49:03.517+0000] {processor.py:161} INFO - Started process (PID=1014) to work on /home/airflow/.local/lib/python3.8/site-packages/airflow/example_dags/example_trigger_target_dag.py
[2025-03-03T16:49:03.519+0000] {processor.py:830} INFO - Processing file /home/airflow/.local/lib/python3.8/site-packages/airflow/example_dags/example_trigger_target_dag.py for tasks to queue
[2025-03-03T16:49:03.521+0000] {logging_mixin.py:188} INFO - [2025-03-03T16:49:03.520+0000] {dagbag.py:538} INFO - Filling up the DagBag from /home/airflow/.local/lib/python3.8/site-packages/airflow/example_dags/example_trigger_target_dag.py
[2025-03-03T16:49:03.528+0000] {processor.py:840} INFO - DAG(s) 'example_trigger_target_dag' retrieved from /home/airflow/.local/lib/python3.8/site-packages/airflow/example_dags/example_trigger_target_dag.py
[2025-03-03T16:49:03.556+0000] {logging_mixin.py:188} INFO - [2025-03-03T16:49:03.555+0000] {dag.py:3036} INFO - Sync 1 DAGs
[2025-03-03T16:49:03.571+0000] {logging_mixin.py:188} INFO - [2025-03-03T16:49:03.570+0000] {dag.py:3823} INFO - Setting next_dagrun for example_trigger_target_dag to None, run_after=None
[2025-03-03T16:49:03.599+0000] {processor.py:183} INFO - Processing /home/airflow/.local/lib/python3.8/site-packages/airflow/example_dags/example_trigger_target_dag.py took 0.086 seconds
[2025-03-03T16:49:33.849+0000] {processor.py:161} INFO - Started process (PID=1064) to work on /home/airflow/.local/lib/python3.8/site-packages/airflow/example_dags/example_trigger_target_dag.py
[2025-03-03T16:49:33.849+0000] {processor.py:830} INFO - Processing file /home/airflow/.local/lib/python3.8/site-packages/airflow/example_dags/example_trigger_target_dag.py for tasks to queue
[2025-03-03T16:49:33.851+0000] {logging_mixin.py:188} INFO - [2025-03-03T16:49:33.851+0000] {dagbag.py:538} INFO - Filling up the DagBag from /home/airflow/.local/lib/python3.8/site-packages/airflow/example_dags/example_trigger_target_dag.py
[2025-03-03T16:49:33.860+0000] {processor.py:840} INFO - DAG(s) 'example_trigger_target_dag' retrieved from /home/airflow/.local/lib/python3.8/site-packages/airflow/example_dags/example_trigger_target_dag.py
[2025-03-03T16:49:33.889+0000] {logging_mixin.py:188} INFO - [2025-03-03T16:49:33.889+0000] {dag.py:3036} INFO - Sync 1 DAGs
[2025-03-03T16:49:33.904+0000] {logging_mixin.py:188} INFO - [2025-03-03T16:49:33.903+0000] {dag.py:3823} INFO - Setting next_dagrun for example_trigger_target_dag to None, run_after=None
[2025-03-03T16:49:33.937+0000] {processor.py:183} INFO - Processing /home/airflow/.local/lib/python3.8/site-packages/airflow/example_dags/example_trigger_target_dag.py took 0.093 seconds
[2025-03-03T16:50:04.682+0000] {processor.py:161} INFO - Started process (PID=1114) to work on /home/airflow/.local/lib/python3.8/site-packages/airflow/example_dags/example_trigger_target_dag.py
[2025-03-03T16:50:04.684+0000] {processor.py:830} INFO - Processing file /home/airflow/.local/lib/python3.8/site-packages/airflow/example_dags/example_trigger_target_dag.py for tasks to queue
[2025-03-03T16:50:04.686+0000] {logging_mixin.py:188} INFO - [2025-03-03T16:50:04.685+0000] {dagbag.py:538} INFO - Filling up the DagBag from /home/airflow/.local/lib/python3.8/site-packages/airflow/example_dags/example_trigger_target_dag.py
[2025-03-03T16:50:04.693+0000] {processor.py:840} INFO - DAG(s) 'example_trigger_target_dag' retrieved from /home/airflow/.local/lib/python3.8/site-packages/airflow/example_dags/example_trigger_target_dag.py
[2025-03-03T16:50:04.720+0000] {logging_mixin.py:188} INFO - [2025-03-03T16:50:04.719+0000] {dag.py:3036} INFO - Sync 1 DAGs
[2025-03-03T16:50:04.733+0000] {logging_mixin.py:188} INFO - [2025-03-03T16:50:04.733+0000] {dag.py:3823} INFO - Setting next_dagrun for example_trigger_target_dag to None, run_after=None
[2025-03-03T16:50:04.762+0000] {processor.py:183} INFO - Processing /home/airflow/.local/lib/python3.8/site-packages/airflow/example_dags/example_trigger_target_dag.py took 0.083 seconds
[2025-03-03T16:50:35.256+0000] {processor.py:161} INFO - Started process (PID=1164) to work on /home/airflow/.local/lib/python3.8/site-packages/airflow/example_dags/example_trigger_target_dag.py
[2025-03-03T16:50:35.258+0000] {processor.py:830} INFO - Processing file /home/airflow/.local/lib/python3.8/site-packages/airflow/example_dags/example_trigger_target_dag.py for tasks to queue
[2025-03-03T16:50:35.261+0000] {logging_mixin.py:188} INFO - [2025-03-03T16:50:35.260+0000] {dagbag.py:538} INFO - Filling up the DagBag from /home/airflow/.local/lib/python3.8/site-packages/airflow/example_dags/example_trigger_target_dag.py
[2025-03-03T16:50:35.268+0000] {processor.py:840} INFO - DAG(s) 'example_trigger_target_dag' retrieved from /home/airflow/.local/lib/python3.8/site-packages/airflow/example_dags/example_trigger_target_dag.py
[2025-03-03T16:50:35.298+0000] {logging_mixin.py:188} INFO - [2025-03-03T16:50:35.298+0000] {dag.py:3036} INFO - Sync 1 DAGs
[2025-03-03T16:50:35.313+0000] {logging_mixin.py:188} INFO - [2025-03-03T16:50:35.313+0000] {dag.py:3823} INFO - Setting next_dagrun for example_trigger_target_dag to None, run_after=None
[2025-03-03T16:50:35.493+0000] {processor.py:183} INFO - Processing /home/airflow/.local/lib/python3.8/site-packages/airflow/example_dags/example_trigger_target_dag.py took 0.241 seconds
