[2025-03-03T15:44:55.010+0000] {processor.py:161} INFO - Started process (PID=111) to work on /home/airflow/.local/lib/python3.8/site-packages/airflow/example_dags/example_nested_branch_dag.py
[2025-03-03T15:44:55.011+0000] {processor.py:830} INFO - Processing file /home/airflow/.local/lib/python3.8/site-packages/airflow/example_dags/example_nested_branch_dag.py for tasks to queue
[2025-03-03T15:44:55.014+0000] {logging_mixin.py:188} INFO - [2025-03-03T15:44:55.013+0000] {dagbag.py:538} INFO - Filling up the DagBag from /home/airflow/.local/lib/python3.8/site-packages/airflow/example_dags/example_nested_branch_dag.py
[2025-03-03T15:44:55.033+0000] {processor.py:840} INFO - DAG(s) 'example_nested_branch_dag' retrieved from /home/airflow/.local/lib/python3.8/site-packages/airflow/example_dags/example_nested_branch_dag.py
[2025-03-03T15:44:55.290+0000] {logging_mixin.py:188} INFO - [2025-03-03T15:44:55.289+0000] {override.py:1769} INFO - Created Permission View: can edit on DAG:example_nested_branch_dag
[2025-03-03T15:44:55.305+0000] {logging_mixin.py:188} INFO - [2025-03-03T15:44:55.304+0000] {override.py:1769} INFO - Created Permission View: can read on DAG:example_nested_branch_dag
[2025-03-03T15:44:55.320+0000] {logging_mixin.py:188} INFO - [2025-03-03T15:44:55.319+0000] {override.py:1769} INFO - Created Permission View: can delete on DAG:example_nested_branch_dag
[2025-03-03T15:44:55.320+0000] {logging_mixin.py:188} INFO - [2025-03-03T15:44:55.320+0000] {dag.py:3036} INFO - Sync 1 DAGs
[2025-03-03T15:44:55.337+0000] {logging_mixin.py:188} INFO - [2025-03-03T15:44:55.336+0000] {dag.py:3058} INFO - Creating ORM DAG for example_nested_branch_dag
[2025-03-03T15:44:55.376+0000] {logging_mixin.py:188} INFO - [2025-03-03T15:44:55.374+0000] {dag.py:3823} INFO - Setting next_dagrun for example_nested_branch_dag to 2025-03-02 00:00:00+00:00, run_after=2025-03-03 00:00:00+00:00
[2025-03-03T15:44:55.429+0000] {processor.py:183} INFO - Processing /home/airflow/.local/lib/python3.8/site-packages/airflow/example_dags/example_nested_branch_dag.py took 0.426 seconds
[2025-03-03T15:45:25.724+0000] {processor.py:161} INFO - Started process (PID=161) to work on /home/airflow/.local/lib/python3.8/site-packages/airflow/example_dags/example_nested_branch_dag.py
[2025-03-03T15:45:25.725+0000] {processor.py:830} INFO - Processing file /home/airflow/.local/lib/python3.8/site-packages/airflow/example_dags/example_nested_branch_dag.py for tasks to queue
[2025-03-03T15:45:25.727+0000] {logging_mixin.py:188} INFO - [2025-03-03T15:45:25.727+0000] {dagbag.py:538} INFO - Filling up the DagBag from /home/airflow/.local/lib/python3.8/site-packages/airflow/example_dags/example_nested_branch_dag.py
[2025-03-03T15:45:25.738+0000] {processor.py:840} INFO - DAG(s) 'example_nested_branch_dag' retrieved from /home/airflow/.local/lib/python3.8/site-packages/airflow/example_dags/example_nested_branch_dag.py
[2025-03-03T15:45:25.763+0000] {logging_mixin.py:188} INFO - [2025-03-03T15:45:25.763+0000] {dag.py:3036} INFO - Sync 1 DAGs
[2025-03-03T15:45:25.790+0000] {logging_mixin.py:188} INFO - [2025-03-03T15:45:25.789+0000] {dag.py:3823} INFO - Setting next_dagrun for example_nested_branch_dag to 2025-03-02 00:00:00+00:00, run_after=2025-03-03 00:00:00+00:00
[2025-03-03T15:45:25.817+0000] {processor.py:183} INFO - Processing /home/airflow/.local/lib/python3.8/site-packages/airflow/example_dags/example_nested_branch_dag.py took 0.097 seconds
[2025-03-03T16:12:54.021+0000] {processor.py:161} INFO - Started process (PID=166) to work on /home/airflow/.local/lib/python3.8/site-packages/airflow/example_dags/example_nested_branch_dag.py
[2025-03-03T16:12:54.023+0000] {processor.py:830} INFO - Processing file /home/airflow/.local/lib/python3.8/site-packages/airflow/example_dags/example_nested_branch_dag.py for tasks to queue
[2025-03-03T16:12:54.025+0000] {logging_mixin.py:188} INFO - [2025-03-03T16:12:54.024+0000] {dagbag.py:538} INFO - Filling up the DagBag from /home/airflow/.local/lib/python3.8/site-packages/airflow/example_dags/example_nested_branch_dag.py
[2025-03-03T16:12:54.038+0000] {processor.py:840} INFO - DAG(s) 'example_nested_branch_dag' retrieved from /home/airflow/.local/lib/python3.8/site-packages/airflow/example_dags/example_nested_branch_dag.py
[2025-03-03T16:12:54.056+0000] {logging_mixin.py:188} INFO - [2025-03-03T16:12:54.055+0000] {dag.py:3036} INFO - Sync 1 DAGs
[2025-03-03T16:12:54.084+0000] {logging_mixin.py:188} INFO - [2025-03-03T16:12:54.083+0000] {dag.py:3823} INFO - Setting next_dagrun for example_nested_branch_dag to 2025-03-02 00:00:00+00:00, run_after=2025-03-03 00:00:00+00:00
[2025-03-03T16:12:54.112+0000] {processor.py:183} INFO - Processing /home/airflow/.local/lib/python3.8/site-packages/airflow/example_dags/example_nested_branch_dag.py took 0.095 seconds
[2025-03-03T16:13:26.583+0000] {processor.py:161} INFO - Started process (PID=216) to work on /home/airflow/.local/lib/python3.8/site-packages/airflow/example_dags/example_nested_branch_dag.py
[2025-03-03T16:13:26.586+0000] {processor.py:830} INFO - Processing file /home/airflow/.local/lib/python3.8/site-packages/airflow/example_dags/example_nested_branch_dag.py for tasks to queue
[2025-03-03T16:13:26.588+0000] {logging_mixin.py:188} INFO - [2025-03-03T16:13:26.588+0000] {dagbag.py:538} INFO - Filling up the DagBag from /home/airflow/.local/lib/python3.8/site-packages/airflow/example_dags/example_nested_branch_dag.py
[2025-03-03T16:13:26.599+0000] {processor.py:840} INFO - DAG(s) 'example_nested_branch_dag' retrieved from /home/airflow/.local/lib/python3.8/site-packages/airflow/example_dags/example_nested_branch_dag.py
[2025-03-03T16:13:26.728+0000] {logging_mixin.py:188} INFO - [2025-03-03T16:13:26.728+0000] {dag.py:3036} INFO - Sync 1 DAGs
[2025-03-03T16:13:26.752+0000] {logging_mixin.py:188} INFO - [2025-03-03T16:13:26.752+0000] {dag.py:3823} INFO - Setting next_dagrun for example_nested_branch_dag to 2025-03-02 00:00:00+00:00, run_after=2025-03-03 00:00:00+00:00
[2025-03-03T16:13:26.782+0000] {processor.py:183} INFO - Processing /home/airflow/.local/lib/python3.8/site-packages/airflow/example_dags/example_nested_branch_dag.py took 0.203 seconds
[2025-03-03T16:13:57.313+0000] {processor.py:161} INFO - Started process (PID=266) to work on /home/airflow/.local/lib/python3.8/site-packages/airflow/example_dags/example_nested_branch_dag.py
[2025-03-03T16:13:57.315+0000] {processor.py:830} INFO - Processing file /home/airflow/.local/lib/python3.8/site-packages/airflow/example_dags/example_nested_branch_dag.py for tasks to queue
[2025-03-03T16:13:57.317+0000] {logging_mixin.py:188} INFO - [2025-03-03T16:13:57.317+0000] {dagbag.py:538} INFO - Filling up the DagBag from /home/airflow/.local/lib/python3.8/site-packages/airflow/example_dags/example_nested_branch_dag.py
[2025-03-03T16:13:57.328+0000] {processor.py:840} INFO - DAG(s) 'example_nested_branch_dag' retrieved from /home/airflow/.local/lib/python3.8/site-packages/airflow/example_dags/example_nested_branch_dag.py
[2025-03-03T16:13:57.355+0000] {logging_mixin.py:188} INFO - [2025-03-03T16:13:57.355+0000] {dag.py:3036} INFO - Sync 1 DAGs
[2025-03-03T16:13:57.380+0000] {logging_mixin.py:188} INFO - [2025-03-03T16:13:57.380+0000] {dag.py:3823} INFO - Setting next_dagrun for example_nested_branch_dag to 2025-03-02 00:00:00+00:00, run_after=2025-03-03 00:00:00+00:00
[2025-03-03T16:13:57.408+0000] {processor.py:183} INFO - Processing /home/airflow/.local/lib/python3.8/site-packages/airflow/example_dags/example_nested_branch_dag.py took 0.099 seconds
[2025-03-03T16:14:27.947+0000] {processor.py:161} INFO - Started process (PID=316) to work on /home/airflow/.local/lib/python3.8/site-packages/airflow/example_dags/example_nested_branch_dag.py
[2025-03-03T16:14:27.949+0000] {processor.py:830} INFO - Processing file /home/airflow/.local/lib/python3.8/site-packages/airflow/example_dags/example_nested_branch_dag.py for tasks to queue
[2025-03-03T16:14:27.953+0000] {logging_mixin.py:188} INFO - [2025-03-03T16:14:27.952+0000] {dagbag.py:538} INFO - Filling up the DagBag from /home/airflow/.local/lib/python3.8/site-packages/airflow/example_dags/example_nested_branch_dag.py
[2025-03-03T16:14:27.971+0000] {processor.py:840} INFO - DAG(s) 'example_nested_branch_dag' retrieved from /home/airflow/.local/lib/python3.8/site-packages/airflow/example_dags/example_nested_branch_dag.py
[2025-03-03T16:14:28.002+0000] {logging_mixin.py:188} INFO - [2025-03-03T16:14:28.001+0000] {dag.py:3036} INFO - Sync 1 DAGs
[2025-03-03T16:14:28.031+0000] {logging_mixin.py:188} INFO - [2025-03-03T16:14:28.031+0000] {dag.py:3823} INFO - Setting next_dagrun for example_nested_branch_dag to 2025-03-02 00:00:00+00:00, run_after=2025-03-03 00:00:00+00:00
[2025-03-03T16:14:28.061+0000] {processor.py:183} INFO - Processing /home/airflow/.local/lib/python3.8/site-packages/airflow/example_dags/example_nested_branch_dag.py took 0.117 seconds
[2025-03-03T16:14:58.338+0000] {processor.py:161} INFO - Started process (PID=366) to work on /home/airflow/.local/lib/python3.8/site-packages/airflow/example_dags/example_nested_branch_dag.py
[2025-03-03T16:14:58.339+0000] {processor.py:830} INFO - Processing file /home/airflow/.local/lib/python3.8/site-packages/airflow/example_dags/example_nested_branch_dag.py for tasks to queue
[2025-03-03T16:14:58.341+0000] {logging_mixin.py:188} INFO - [2025-03-03T16:14:58.341+0000] {dagbag.py:538} INFO - Filling up the DagBag from /home/airflow/.local/lib/python3.8/site-packages/airflow/example_dags/example_nested_branch_dag.py
[2025-03-03T16:14:58.352+0000] {processor.py:840} INFO - DAG(s) 'example_nested_branch_dag' retrieved from /home/airflow/.local/lib/python3.8/site-packages/airflow/example_dags/example_nested_branch_dag.py
[2025-03-03T16:14:58.379+0000] {logging_mixin.py:188} INFO - [2025-03-03T16:14:58.379+0000] {dag.py:3036} INFO - Sync 1 DAGs
[2025-03-03T16:14:58.406+0000] {logging_mixin.py:188} INFO - [2025-03-03T16:14:58.405+0000] {dag.py:3823} INFO - Setting next_dagrun for example_nested_branch_dag to 2025-03-02 00:00:00+00:00, run_after=2025-03-03 00:00:00+00:00
[2025-03-03T16:14:58.432+0000] {processor.py:183} INFO - Processing /home/airflow/.local/lib/python3.8/site-packages/airflow/example_dags/example_nested_branch_dag.py took 0.098 seconds
[2025-03-03T16:15:28.727+0000] {processor.py:161} INFO - Started process (PID=416) to work on /home/airflow/.local/lib/python3.8/site-packages/airflow/example_dags/example_nested_branch_dag.py
[2025-03-03T16:15:28.729+0000] {processor.py:830} INFO - Processing file /home/airflow/.local/lib/python3.8/site-packages/airflow/example_dags/example_nested_branch_dag.py for tasks to queue
[2025-03-03T16:15:28.731+0000] {logging_mixin.py:188} INFO - [2025-03-03T16:15:28.730+0000] {dagbag.py:538} INFO - Filling up the DagBag from /home/airflow/.local/lib/python3.8/site-packages/airflow/example_dags/example_nested_branch_dag.py
[2025-03-03T16:15:28.741+0000] {processor.py:840} INFO - DAG(s) 'example_nested_branch_dag' retrieved from /home/airflow/.local/lib/python3.8/site-packages/airflow/example_dags/example_nested_branch_dag.py
[2025-03-03T16:15:28.769+0000] {logging_mixin.py:188} INFO - [2025-03-03T16:15:28.768+0000] {dag.py:3036} INFO - Sync 1 DAGs
[2025-03-03T16:15:28.794+0000] {logging_mixin.py:188} INFO - [2025-03-03T16:15:28.793+0000] {dag.py:3823} INFO - Setting next_dagrun for example_nested_branch_dag to 2025-03-02 00:00:00+00:00, run_after=2025-03-03 00:00:00+00:00
[2025-03-03T16:15:28.822+0000] {processor.py:183} INFO - Processing /home/airflow/.local/lib/python3.8/site-packages/airflow/example_dags/example_nested_branch_dag.py took 0.098 seconds
[2025-03-03T16:15:59.009+0000] {processor.py:161} INFO - Started process (PID=466) to work on /home/airflow/.local/lib/python3.8/site-packages/airflow/example_dags/example_nested_branch_dag.py
[2025-03-03T16:15:59.010+0000] {processor.py:830} INFO - Processing file /home/airflow/.local/lib/python3.8/site-packages/airflow/example_dags/example_nested_branch_dag.py for tasks to queue
[2025-03-03T16:15:59.012+0000] {logging_mixin.py:188} INFO - [2025-03-03T16:15:59.012+0000] {dagbag.py:538} INFO - Filling up the DagBag from /home/airflow/.local/lib/python3.8/site-packages/airflow/example_dags/example_nested_branch_dag.py
[2025-03-03T16:15:59.023+0000] {processor.py:840} INFO - DAG(s) 'example_nested_branch_dag' retrieved from /home/airflow/.local/lib/python3.8/site-packages/airflow/example_dags/example_nested_branch_dag.py
[2025-03-03T16:15:59.051+0000] {logging_mixin.py:188} INFO - [2025-03-03T16:15:59.051+0000] {dag.py:3036} INFO - Sync 1 DAGs
[2025-03-03T16:15:59.078+0000] {logging_mixin.py:188} INFO - [2025-03-03T16:15:59.078+0000] {dag.py:3823} INFO - Setting next_dagrun for example_nested_branch_dag to 2025-03-02 00:00:00+00:00, run_after=2025-03-03 00:00:00+00:00
[2025-03-03T16:15:59.105+0000] {processor.py:183} INFO - Processing /home/airflow/.local/lib/python3.8/site-packages/airflow/example_dags/example_nested_branch_dag.py took 0.100 seconds
[2025-03-03T16:40:21.736+0000] {processor.py:161} INFO - Started process (PID=165) to work on /home/airflow/.local/lib/python3.8/site-packages/airflow/example_dags/example_nested_branch_dag.py
[2025-03-03T16:40:21.738+0000] {processor.py:830} INFO - Processing file /home/airflow/.local/lib/python3.8/site-packages/airflow/example_dags/example_nested_branch_dag.py for tasks to queue
[2025-03-03T16:40:21.740+0000] {logging_mixin.py:188} INFO - [2025-03-03T16:40:21.740+0000] {dagbag.py:538} INFO - Filling up the DagBag from /home/airflow/.local/lib/python3.8/site-packages/airflow/example_dags/example_nested_branch_dag.py
[2025-03-03T16:40:21.754+0000] {processor.py:840} INFO - DAG(s) 'example_nested_branch_dag' retrieved from /home/airflow/.local/lib/python3.8/site-packages/airflow/example_dags/example_nested_branch_dag.py
[2025-03-03T16:40:21.792+0000] {logging_mixin.py:188} INFO - [2025-03-03T16:40:21.792+0000] {dag.py:3036} INFO - Sync 1 DAGs
[2025-03-03T16:40:21.829+0000] {logging_mixin.py:188} INFO - [2025-03-03T16:40:21.828+0000] {dag.py:3823} INFO - Setting next_dagrun for example_nested_branch_dag to 2025-03-02 00:00:00+00:00, run_after=2025-03-03 00:00:00+00:00
[2025-03-03T16:40:21.871+0000] {processor.py:183} INFO - Processing /home/airflow/.local/lib/python3.8/site-packages/airflow/example_dags/example_nested_branch_dag.py took 0.141 seconds
[2025-03-03T16:40:55.057+0000] {processor.py:161} INFO - Started process (PID=215) to work on /home/airflow/.local/lib/python3.8/site-packages/airflow/example_dags/example_nested_branch_dag.py
[2025-03-03T16:40:55.062+0000] {processor.py:830} INFO - Processing file /home/airflow/.local/lib/python3.8/site-packages/airflow/example_dags/example_nested_branch_dag.py for tasks to queue
[2025-03-03T16:40:55.069+0000] {logging_mixin.py:188} INFO - [2025-03-03T16:40:55.068+0000] {dagbag.py:538} INFO - Filling up the DagBag from /home/airflow/.local/lib/python3.8/site-packages/airflow/example_dags/example_nested_branch_dag.py
[2025-03-03T16:40:55.101+0000] {processor.py:840} INFO - DAG(s) 'example_nested_branch_dag' retrieved from /home/airflow/.local/lib/python3.8/site-packages/airflow/example_dags/example_nested_branch_dag.py
[2025-03-03T16:40:55.366+0000] {logging_mixin.py:188} INFO - [2025-03-03T16:40:55.365+0000] {dag.py:3036} INFO - Sync 1 DAGs
[2025-03-03T16:40:55.402+0000] {logging_mixin.py:188} INFO - [2025-03-03T16:40:55.401+0000] {dag.py:3823} INFO - Setting next_dagrun for example_nested_branch_dag to 2025-03-02 00:00:00+00:00, run_after=2025-03-03 00:00:00+00:00
[2025-03-03T16:40:55.446+0000] {processor.py:183} INFO - Processing /home/airflow/.local/lib/python3.8/site-packages/airflow/example_dags/example_nested_branch_dag.py took 0.401 seconds
[2025-03-03T16:41:25.665+0000] {processor.py:161} INFO - Started process (PID=265) to work on /home/airflow/.local/lib/python3.8/site-packages/airflow/example_dags/example_nested_branch_dag.py
[2025-03-03T16:41:25.666+0000] {processor.py:830} INFO - Processing file /home/airflow/.local/lib/python3.8/site-packages/airflow/example_dags/example_nested_branch_dag.py for tasks to queue
[2025-03-03T16:41:25.668+0000] {logging_mixin.py:188} INFO - [2025-03-03T16:41:25.667+0000] {dagbag.py:538} INFO - Filling up the DagBag from /home/airflow/.local/lib/python3.8/site-packages/airflow/example_dags/example_nested_branch_dag.py
[2025-03-03T16:41:25.680+0000] {processor.py:840} INFO - DAG(s) 'example_nested_branch_dag' retrieved from /home/airflow/.local/lib/python3.8/site-packages/airflow/example_dags/example_nested_branch_dag.py
[2025-03-03T16:41:25.710+0000] {logging_mixin.py:188} INFO - [2025-03-03T16:41:25.709+0000] {dag.py:3036} INFO - Sync 1 DAGs
[2025-03-03T16:41:25.735+0000] {logging_mixin.py:188} INFO - [2025-03-03T16:41:25.735+0000] {dag.py:3823} INFO - Setting next_dagrun for example_nested_branch_dag to 2025-03-02 00:00:00+00:00, run_after=2025-03-03 00:00:00+00:00
[2025-03-03T16:41:25.766+0000] {processor.py:183} INFO - Processing /home/airflow/.local/lib/python3.8/site-packages/airflow/example_dags/example_nested_branch_dag.py took 0.106 seconds
[2025-03-03T16:41:56.060+0000] {processor.py:161} INFO - Started process (PID=315) to work on /home/airflow/.local/lib/python3.8/site-packages/airflow/example_dags/example_nested_branch_dag.py
[2025-03-03T16:41:56.062+0000] {processor.py:830} INFO - Processing file /home/airflow/.local/lib/python3.8/site-packages/airflow/example_dags/example_nested_branch_dag.py for tasks to queue
[2025-03-03T16:41:56.064+0000] {logging_mixin.py:188} INFO - [2025-03-03T16:41:56.064+0000] {dagbag.py:538} INFO - Filling up the DagBag from /home/airflow/.local/lib/python3.8/site-packages/airflow/example_dags/example_nested_branch_dag.py
[2025-03-03T16:41:56.075+0000] {processor.py:840} INFO - DAG(s) 'example_nested_branch_dag' retrieved from /home/airflow/.local/lib/python3.8/site-packages/airflow/example_dags/example_nested_branch_dag.py
[2025-03-03T16:41:56.107+0000] {logging_mixin.py:188} INFO - [2025-03-03T16:41:56.107+0000] {dag.py:3036} INFO - Sync 1 DAGs
[2025-03-03T16:41:56.139+0000] {logging_mixin.py:188} INFO - [2025-03-03T16:41:56.139+0000] {dag.py:3823} INFO - Setting next_dagrun for example_nested_branch_dag to 2025-03-02 00:00:00+00:00, run_after=2025-03-03 00:00:00+00:00
[2025-03-03T16:41:56.168+0000] {processor.py:183} INFO - Processing /home/airflow/.local/lib/python3.8/site-packages/airflow/example_dags/example_nested_branch_dag.py took 0.112 seconds
[2025-03-03T16:42:26.865+0000] {processor.py:161} INFO - Started process (PID=365) to work on /home/airflow/.local/lib/python3.8/site-packages/airflow/example_dags/example_nested_branch_dag.py
[2025-03-03T16:42:26.866+0000] {processor.py:830} INFO - Processing file /home/airflow/.local/lib/python3.8/site-packages/airflow/example_dags/example_nested_branch_dag.py for tasks to queue
[2025-03-03T16:42:26.868+0000] {logging_mixin.py:188} INFO - [2025-03-03T16:42:26.868+0000] {dagbag.py:538} INFO - Filling up the DagBag from /home/airflow/.local/lib/python3.8/site-packages/airflow/example_dags/example_nested_branch_dag.py
[2025-03-03T16:42:26.879+0000] {processor.py:840} INFO - DAG(s) 'example_nested_branch_dag' retrieved from /home/airflow/.local/lib/python3.8/site-packages/airflow/example_dags/example_nested_branch_dag.py
[2025-03-03T16:42:26.908+0000] {logging_mixin.py:188} INFO - [2025-03-03T16:42:26.907+0000] {dag.py:3036} INFO - Sync 1 DAGs
[2025-03-03T16:42:26.936+0000] {logging_mixin.py:188} INFO - [2025-03-03T16:42:26.936+0000] {dag.py:3823} INFO - Setting next_dagrun for example_nested_branch_dag to 2025-03-02 00:00:00+00:00, run_after=2025-03-03 00:00:00+00:00
[2025-03-03T16:42:26.967+0000] {processor.py:183} INFO - Processing /home/airflow/.local/lib/python3.8/site-packages/airflow/example_dags/example_nested_branch_dag.py took 0.106 seconds
[2025-03-03T16:42:57.411+0000] {processor.py:161} INFO - Started process (PID=415) to work on /home/airflow/.local/lib/python3.8/site-packages/airflow/example_dags/example_nested_branch_dag.py
[2025-03-03T16:42:57.413+0000] {processor.py:830} INFO - Processing file /home/airflow/.local/lib/python3.8/site-packages/airflow/example_dags/example_nested_branch_dag.py for tasks to queue
[2025-03-03T16:42:57.415+0000] {logging_mixin.py:188} INFO - [2025-03-03T16:42:57.415+0000] {dagbag.py:538} INFO - Filling up the DagBag from /home/airflow/.local/lib/python3.8/site-packages/airflow/example_dags/example_nested_branch_dag.py
[2025-03-03T16:42:57.426+0000] {processor.py:840} INFO - DAG(s) 'example_nested_branch_dag' retrieved from /home/airflow/.local/lib/python3.8/site-packages/airflow/example_dags/example_nested_branch_dag.py
[2025-03-03T16:42:57.456+0000] {logging_mixin.py:188} INFO - [2025-03-03T16:42:57.455+0000] {dag.py:3036} INFO - Sync 1 DAGs
[2025-03-03T16:42:57.484+0000] {logging_mixin.py:188} INFO - [2025-03-03T16:42:57.484+0000] {dag.py:3823} INFO - Setting next_dagrun for example_nested_branch_dag to 2025-03-02 00:00:00+00:00, run_after=2025-03-03 00:00:00+00:00
[2025-03-03T16:42:57.511+0000] {processor.py:183} INFO - Processing /home/airflow/.local/lib/python3.8/site-packages/airflow/example_dags/example_nested_branch_dag.py took 0.103 seconds
[2025-03-03T16:43:27.687+0000] {processor.py:161} INFO - Started process (PID=465) to work on /home/airflow/.local/lib/python3.8/site-packages/airflow/example_dags/example_nested_branch_dag.py
[2025-03-03T16:43:27.689+0000] {processor.py:830} INFO - Processing file /home/airflow/.local/lib/python3.8/site-packages/airflow/example_dags/example_nested_branch_dag.py for tasks to queue
[2025-03-03T16:43:27.691+0000] {logging_mixin.py:188} INFO - [2025-03-03T16:43:27.690+0000] {dagbag.py:538} INFO - Filling up the DagBag from /home/airflow/.local/lib/python3.8/site-packages/airflow/example_dags/example_nested_branch_dag.py
[2025-03-03T16:43:27.701+0000] {processor.py:840} INFO - DAG(s) 'example_nested_branch_dag' retrieved from /home/airflow/.local/lib/python3.8/site-packages/airflow/example_dags/example_nested_branch_dag.py
[2025-03-03T16:43:27.731+0000] {logging_mixin.py:188} INFO - [2025-03-03T16:43:27.730+0000] {dag.py:3036} INFO - Sync 1 DAGs
[2025-03-03T16:43:27.761+0000] {logging_mixin.py:188} INFO - [2025-03-03T16:43:27.761+0000] {dag.py:3823} INFO - Setting next_dagrun for example_nested_branch_dag to 2025-03-02 00:00:00+00:00, run_after=2025-03-03 00:00:00+00:00
[2025-03-03T16:43:27.790+0000] {processor.py:183} INFO - Processing /home/airflow/.local/lib/python3.8/site-packages/airflow/example_dags/example_nested_branch_dag.py took 0.106 seconds
[2025-03-03T16:43:58.404+0000] {processor.py:161} INFO - Started process (PID=515) to work on /home/airflow/.local/lib/python3.8/site-packages/airflow/example_dags/example_nested_branch_dag.py
[2025-03-03T16:43:58.405+0000] {processor.py:830} INFO - Processing file /home/airflow/.local/lib/python3.8/site-packages/airflow/example_dags/example_nested_branch_dag.py for tasks to queue
[2025-03-03T16:43:58.408+0000] {logging_mixin.py:188} INFO - [2025-03-03T16:43:58.407+0000] {dagbag.py:538} INFO - Filling up the DagBag from /home/airflow/.local/lib/python3.8/site-packages/airflow/example_dags/example_nested_branch_dag.py
[2025-03-03T16:43:58.419+0000] {processor.py:840} INFO - DAG(s) 'example_nested_branch_dag' retrieved from /home/airflow/.local/lib/python3.8/site-packages/airflow/example_dags/example_nested_branch_dag.py
[2025-03-03T16:43:58.449+0000] {logging_mixin.py:188} INFO - [2025-03-03T16:43:58.448+0000] {dag.py:3036} INFO - Sync 1 DAGs
[2025-03-03T16:43:58.473+0000] {logging_mixin.py:188} INFO - [2025-03-03T16:43:58.473+0000] {dag.py:3823} INFO - Setting next_dagrun for example_nested_branch_dag to 2025-03-02 00:00:00+00:00, run_after=2025-03-03 00:00:00+00:00
[2025-03-03T16:43:58.502+0000] {processor.py:183} INFO - Processing /home/airflow/.local/lib/python3.8/site-packages/airflow/example_dags/example_nested_branch_dag.py took 0.103 seconds
[2025-03-03T16:44:28.694+0000] {processor.py:161} INFO - Started process (PID=565) to work on /home/airflow/.local/lib/python3.8/site-packages/airflow/example_dags/example_nested_branch_dag.py
[2025-03-03T16:44:28.696+0000] {processor.py:830} INFO - Processing file /home/airflow/.local/lib/python3.8/site-packages/airflow/example_dags/example_nested_branch_dag.py for tasks to queue
[2025-03-03T16:44:28.698+0000] {logging_mixin.py:188} INFO - [2025-03-03T16:44:28.697+0000] {dagbag.py:538} INFO - Filling up the DagBag from /home/airflow/.local/lib/python3.8/site-packages/airflow/example_dags/example_nested_branch_dag.py
[2025-03-03T16:44:28.709+0000] {processor.py:840} INFO - DAG(s) 'example_nested_branch_dag' retrieved from /home/airflow/.local/lib/python3.8/site-packages/airflow/example_dags/example_nested_branch_dag.py
[2025-03-03T16:44:28.738+0000] {logging_mixin.py:188} INFO - [2025-03-03T16:44:28.737+0000] {dag.py:3036} INFO - Sync 1 DAGs
[2025-03-03T16:44:28.768+0000] {logging_mixin.py:188} INFO - [2025-03-03T16:44:28.768+0000] {dag.py:3823} INFO - Setting next_dagrun for example_nested_branch_dag to 2025-03-02 00:00:00+00:00, run_after=2025-03-03 00:00:00+00:00
[2025-03-03T16:44:28.796+0000] {processor.py:183} INFO - Processing /home/airflow/.local/lib/python3.8/site-packages/airflow/example_dags/example_nested_branch_dag.py took 0.106 seconds
[2025-03-03T16:44:59.741+0000] {processor.py:161} INFO - Started process (PID=615) to work on /home/airflow/.local/lib/python3.8/site-packages/airflow/example_dags/example_nested_branch_dag.py
[2025-03-03T16:44:59.743+0000] {processor.py:830} INFO - Processing file /home/airflow/.local/lib/python3.8/site-packages/airflow/example_dags/example_nested_branch_dag.py for tasks to queue
[2025-03-03T16:44:59.745+0000] {logging_mixin.py:188} INFO - [2025-03-03T16:44:59.745+0000] {dagbag.py:538} INFO - Filling up the DagBag from /home/airflow/.local/lib/python3.8/site-packages/airflow/example_dags/example_nested_branch_dag.py
[2025-03-03T16:44:59.757+0000] {processor.py:840} INFO - DAG(s) 'example_nested_branch_dag' retrieved from /home/airflow/.local/lib/python3.8/site-packages/airflow/example_dags/example_nested_branch_dag.py
[2025-03-03T16:44:59.785+0000] {logging_mixin.py:188} INFO - [2025-03-03T16:44:59.784+0000] {dag.py:3036} INFO - Sync 1 DAGs
[2025-03-03T16:44:59.813+0000] {logging_mixin.py:188} INFO - [2025-03-03T16:44:59.813+0000] {dag.py:3823} INFO - Setting next_dagrun for example_nested_branch_dag to 2025-03-02 00:00:00+00:00, run_after=2025-03-03 00:00:00+00:00
[2025-03-03T16:44:59.842+0000] {processor.py:183} INFO - Processing /home/airflow/.local/lib/python3.8/site-packages/airflow/example_dags/example_nested_branch_dag.py took 0.105 seconds
[2025-03-03T16:45:30.276+0000] {processor.py:161} INFO - Started process (PID=665) to work on /home/airflow/.local/lib/python3.8/site-packages/airflow/example_dags/example_nested_branch_dag.py
[2025-03-03T16:45:30.278+0000] {processor.py:830} INFO - Processing file /home/airflow/.local/lib/python3.8/site-packages/airflow/example_dags/example_nested_branch_dag.py for tasks to queue
[2025-03-03T16:45:30.279+0000] {logging_mixin.py:188} INFO - [2025-03-03T16:45:30.279+0000] {dagbag.py:538} INFO - Filling up the DagBag from /home/airflow/.local/lib/python3.8/site-packages/airflow/example_dags/example_nested_branch_dag.py
[2025-03-03T16:45:30.290+0000] {processor.py:840} INFO - DAG(s) 'example_nested_branch_dag' retrieved from /home/airflow/.local/lib/python3.8/site-packages/airflow/example_dags/example_nested_branch_dag.py
[2025-03-03T16:45:30.318+0000] {logging_mixin.py:188} INFO - [2025-03-03T16:45:30.318+0000] {dag.py:3036} INFO - Sync 1 DAGs
[2025-03-03T16:45:30.344+0000] {logging_mixin.py:188} INFO - [2025-03-03T16:45:30.344+0000] {dag.py:3823} INFO - Setting next_dagrun for example_nested_branch_dag to 2025-03-02 00:00:00+00:00, run_after=2025-03-03 00:00:00+00:00
[2025-03-03T16:45:30.374+0000] {processor.py:183} INFO - Processing /home/airflow/.local/lib/python3.8/site-packages/airflow/example_dags/example_nested_branch_dag.py took 0.102 seconds
[2025-03-03T16:46:00.773+0000] {processor.py:161} INFO - Started process (PID=715) to work on /home/airflow/.local/lib/python3.8/site-packages/airflow/example_dags/example_nested_branch_dag.py
[2025-03-03T16:46:00.775+0000] {processor.py:830} INFO - Processing file /home/airflow/.local/lib/python3.8/site-packages/airflow/example_dags/example_nested_branch_dag.py for tasks to queue
[2025-03-03T16:46:00.777+0000] {logging_mixin.py:188} INFO - [2025-03-03T16:46:00.776+0000] {dagbag.py:538} INFO - Filling up the DagBag from /home/airflow/.local/lib/python3.8/site-packages/airflow/example_dags/example_nested_branch_dag.py
[2025-03-03T16:46:00.788+0000] {processor.py:840} INFO - DAG(s) 'example_nested_branch_dag' retrieved from /home/airflow/.local/lib/python3.8/site-packages/airflow/example_dags/example_nested_branch_dag.py
[2025-03-03T16:46:00.816+0000] {logging_mixin.py:188} INFO - [2025-03-03T16:46:00.816+0000] {dag.py:3036} INFO - Sync 1 DAGs
[2025-03-03T16:46:00.843+0000] {logging_mixin.py:188} INFO - [2025-03-03T16:46:00.842+0000] {dag.py:3823} INFO - Setting next_dagrun for example_nested_branch_dag to 2025-03-02 00:00:00+00:00, run_after=2025-03-03 00:00:00+00:00
[2025-03-03T16:46:00.869+0000] {processor.py:183} INFO - Processing /home/airflow/.local/lib/python3.8/site-packages/airflow/example_dags/example_nested_branch_dag.py took 0.100 seconds
[2025-03-03T16:46:31.169+0000] {processor.py:161} INFO - Started process (PID=765) to work on /home/airflow/.local/lib/python3.8/site-packages/airflow/example_dags/example_nested_branch_dag.py
[2025-03-03T16:46:31.170+0000] {processor.py:830} INFO - Processing file /home/airflow/.local/lib/python3.8/site-packages/airflow/example_dags/example_nested_branch_dag.py for tasks to queue
[2025-03-03T16:46:31.173+0000] {logging_mixin.py:188} INFO - [2025-03-03T16:46:31.172+0000] {dagbag.py:538} INFO - Filling up the DagBag from /home/airflow/.local/lib/python3.8/site-packages/airflow/example_dags/example_nested_branch_dag.py
[2025-03-03T16:46:31.183+0000] {processor.py:840} INFO - DAG(s) 'example_nested_branch_dag' retrieved from /home/airflow/.local/lib/python3.8/site-packages/airflow/example_dags/example_nested_branch_dag.py
[2025-03-03T16:46:31.211+0000] {logging_mixin.py:188} INFO - [2025-03-03T16:46:31.210+0000] {dag.py:3036} INFO - Sync 1 DAGs
[2025-03-03T16:46:31.236+0000] {logging_mixin.py:188} INFO - [2025-03-03T16:46:31.236+0000] {dag.py:3823} INFO - Setting next_dagrun for example_nested_branch_dag to 2025-03-02 00:00:00+00:00, run_after=2025-03-03 00:00:00+00:00
[2025-03-03T16:46:31.268+0000] {processor.py:183} INFO - Processing /home/airflow/.local/lib/python3.8/site-packages/airflow/example_dags/example_nested_branch_dag.py took 0.103 seconds
[2025-03-03T16:47:01.648+0000] {processor.py:161} INFO - Started process (PID=815) to work on /home/airflow/.local/lib/python3.8/site-packages/airflow/example_dags/example_nested_branch_dag.py
[2025-03-03T16:47:01.649+0000] {processor.py:830} INFO - Processing file /home/airflow/.local/lib/python3.8/site-packages/airflow/example_dags/example_nested_branch_dag.py for tasks to queue
[2025-03-03T16:47:01.651+0000] {logging_mixin.py:188} INFO - [2025-03-03T16:47:01.651+0000] {dagbag.py:538} INFO - Filling up the DagBag from /home/airflow/.local/lib/python3.8/site-packages/airflow/example_dags/example_nested_branch_dag.py
[2025-03-03T16:47:01.662+0000] {processor.py:840} INFO - DAG(s) 'example_nested_branch_dag' retrieved from /home/airflow/.local/lib/python3.8/site-packages/airflow/example_dags/example_nested_branch_dag.py
[2025-03-03T16:47:01.690+0000] {logging_mixin.py:188} INFO - [2025-03-03T16:47:01.690+0000] {dag.py:3036} INFO - Sync 1 DAGs
[2025-03-03T16:47:01.718+0000] {logging_mixin.py:188} INFO - [2025-03-03T16:47:01.717+0000] {dag.py:3823} INFO - Setting next_dagrun for example_nested_branch_dag to 2025-03-02 00:00:00+00:00, run_after=2025-03-03 00:00:00+00:00
[2025-03-03T16:47:01.837+0000] {processor.py:183} INFO - Processing /home/airflow/.local/lib/python3.8/site-packages/airflow/example_dags/example_nested_branch_dag.py took 0.192 seconds
[2025-03-03T16:47:32.739+0000] {processor.py:161} INFO - Started process (PID=865) to work on /home/airflow/.local/lib/python3.8/site-packages/airflow/example_dags/example_nested_branch_dag.py
[2025-03-03T16:47:32.741+0000] {processor.py:830} INFO - Processing file /home/airflow/.local/lib/python3.8/site-packages/airflow/example_dags/example_nested_branch_dag.py for tasks to queue
[2025-03-03T16:47:32.743+0000] {logging_mixin.py:188} INFO - [2025-03-03T16:47:32.743+0000] {dagbag.py:538} INFO - Filling up the DagBag from /home/airflow/.local/lib/python3.8/site-packages/airflow/example_dags/example_nested_branch_dag.py
[2025-03-03T16:47:32.754+0000] {processor.py:840} INFO - DAG(s) 'example_nested_branch_dag' retrieved from /home/airflow/.local/lib/python3.8/site-packages/airflow/example_dags/example_nested_branch_dag.py
[2025-03-03T16:47:32.782+0000] {logging_mixin.py:188} INFO - [2025-03-03T16:47:32.781+0000] {dag.py:3036} INFO - Sync 1 DAGs
[2025-03-03T16:47:32.806+0000] {logging_mixin.py:188} INFO - [2025-03-03T16:47:32.806+0000] {dag.py:3823} INFO - Setting next_dagrun for example_nested_branch_dag to 2025-03-02 00:00:00+00:00, run_after=2025-03-03 00:00:00+00:00
[2025-03-03T16:47:32.835+0000] {processor.py:183} INFO - Processing /home/airflow/.local/lib/python3.8/site-packages/airflow/example_dags/example_nested_branch_dag.py took 0.100 seconds
[2025-03-03T16:48:02.950+0000] {processor.py:161} INFO - Started process (PID=915) to work on /home/airflow/.local/lib/python3.8/site-packages/airflow/example_dags/example_nested_branch_dag.py
[2025-03-03T16:48:02.951+0000] {processor.py:830} INFO - Processing file /home/airflow/.local/lib/python3.8/site-packages/airflow/example_dags/example_nested_branch_dag.py for tasks to queue
[2025-03-03T16:48:02.953+0000] {logging_mixin.py:188} INFO - [2025-03-03T16:48:02.952+0000] {dagbag.py:538} INFO - Filling up the DagBag from /home/airflow/.local/lib/python3.8/site-packages/airflow/example_dags/example_nested_branch_dag.py
[2025-03-03T16:48:02.964+0000] {processor.py:840} INFO - DAG(s) 'example_nested_branch_dag' retrieved from /home/airflow/.local/lib/python3.8/site-packages/airflow/example_dags/example_nested_branch_dag.py
[2025-03-03T16:48:02.993+0000] {logging_mixin.py:188} INFO - [2025-03-03T16:48:02.992+0000] {dag.py:3036} INFO - Sync 1 DAGs
[2025-03-03T16:48:03.020+0000] {logging_mixin.py:188} INFO - [2025-03-03T16:48:03.019+0000] {dag.py:3823} INFO - Setting next_dagrun for example_nested_branch_dag to 2025-03-02 00:00:00+00:00, run_after=2025-03-03 00:00:00+00:00
[2025-03-03T16:48:03.049+0000] {processor.py:183} INFO - Processing /home/airflow/.local/lib/python3.8/site-packages/airflow/example_dags/example_nested_branch_dag.py took 0.103 seconds
[2025-03-03T16:48:33.250+0000] {processor.py:161} INFO - Started process (PID=965) to work on /home/airflow/.local/lib/python3.8/site-packages/airflow/example_dags/example_nested_branch_dag.py
[2025-03-03T16:48:33.252+0000] {processor.py:830} INFO - Processing file /home/airflow/.local/lib/python3.8/site-packages/airflow/example_dags/example_nested_branch_dag.py for tasks to queue
[2025-03-03T16:48:33.255+0000] {logging_mixin.py:188} INFO - [2025-03-03T16:48:33.254+0000] {dagbag.py:538} INFO - Filling up the DagBag from /home/airflow/.local/lib/python3.8/site-packages/airflow/example_dags/example_nested_branch_dag.py
[2025-03-03T16:48:33.268+0000] {processor.py:840} INFO - DAG(s) 'example_nested_branch_dag' retrieved from /home/airflow/.local/lib/python3.8/site-packages/airflow/example_dags/example_nested_branch_dag.py
[2025-03-03T16:48:33.296+0000] {logging_mixin.py:188} INFO - [2025-03-03T16:48:33.296+0000] {dag.py:3036} INFO - Sync 1 DAGs
[2025-03-03T16:48:33.322+0000] {logging_mixin.py:188} INFO - [2025-03-03T16:48:33.321+0000] {dag.py:3823} INFO - Setting next_dagrun for example_nested_branch_dag to 2025-03-02 00:00:00+00:00, run_after=2025-03-03 00:00:00+00:00
[2025-03-03T16:48:33.348+0000] {processor.py:183} INFO - Processing /home/airflow/.local/lib/python3.8/site-packages/airflow/example_dags/example_nested_branch_dag.py took 0.102 seconds
[2025-03-03T16:49:03.634+0000] {processor.py:161} INFO - Started process (PID=1015) to work on /home/airflow/.local/lib/python3.8/site-packages/airflow/example_dags/example_nested_branch_dag.py
[2025-03-03T16:49:03.636+0000] {processor.py:830} INFO - Processing file /home/airflow/.local/lib/python3.8/site-packages/airflow/example_dags/example_nested_branch_dag.py for tasks to queue
[2025-03-03T16:49:03.639+0000] {logging_mixin.py:188} INFO - [2025-03-03T16:49:03.638+0000] {dagbag.py:538} INFO - Filling up the DagBag from /home/airflow/.local/lib/python3.8/site-packages/airflow/example_dags/example_nested_branch_dag.py
[2025-03-03T16:49:03.649+0000] {processor.py:840} INFO - DAG(s) 'example_nested_branch_dag' retrieved from /home/airflow/.local/lib/python3.8/site-packages/airflow/example_dags/example_nested_branch_dag.py
[2025-03-03T16:49:03.680+0000] {logging_mixin.py:188} INFO - [2025-03-03T16:49:03.679+0000] {dag.py:3036} INFO - Sync 1 DAGs
[2025-03-03T16:49:03.704+0000] {logging_mixin.py:188} INFO - [2025-03-03T16:49:03.704+0000] {dag.py:3823} INFO - Setting next_dagrun for example_nested_branch_dag to 2025-03-02 00:00:00+00:00, run_after=2025-03-03 00:00:00+00:00
[2025-03-03T16:49:03.736+0000] {processor.py:183} INFO - Processing /home/airflow/.local/lib/python3.8/site-packages/airflow/example_dags/example_nested_branch_dag.py took 0.105 seconds
[2025-03-03T16:49:33.963+0000] {processor.py:161} INFO - Started process (PID=1065) to work on /home/airflow/.local/lib/python3.8/site-packages/airflow/example_dags/example_nested_branch_dag.py
[2025-03-03T16:49:33.964+0000] {processor.py:830} INFO - Processing file /home/airflow/.local/lib/python3.8/site-packages/airflow/example_dags/example_nested_branch_dag.py for tasks to queue
[2025-03-03T16:49:33.967+0000] {logging_mixin.py:188} INFO - [2025-03-03T16:49:33.966+0000] {dagbag.py:538} INFO - Filling up the DagBag from /home/airflow/.local/lib/python3.8/site-packages/airflow/example_dags/example_nested_branch_dag.py
[2025-03-03T16:49:33.979+0000] {processor.py:840} INFO - DAG(s) 'example_nested_branch_dag' retrieved from /home/airflow/.local/lib/python3.8/site-packages/airflow/example_dags/example_nested_branch_dag.py
[2025-03-03T16:49:34.010+0000] {logging_mixin.py:188} INFO - [2025-03-03T16:49:34.010+0000] {dag.py:3036} INFO - Sync 1 DAGs
[2025-03-03T16:49:34.041+0000] {logging_mixin.py:188} INFO - [2025-03-03T16:49:34.041+0000] {dag.py:3823} INFO - Setting next_dagrun for example_nested_branch_dag to 2025-03-02 00:00:00+00:00, run_after=2025-03-03 00:00:00+00:00
[2025-03-03T16:49:34.075+0000] {processor.py:183} INFO - Processing /home/airflow/.local/lib/python3.8/site-packages/airflow/example_dags/example_nested_branch_dag.py took 0.116 seconds
[2025-03-03T16:50:04.790+0000] {processor.py:161} INFO - Started process (PID=1115) to work on /home/airflow/.local/lib/python3.8/site-packages/airflow/example_dags/example_nested_branch_dag.py
[2025-03-03T16:50:04.792+0000] {processor.py:830} INFO - Processing file /home/airflow/.local/lib/python3.8/site-packages/airflow/example_dags/example_nested_branch_dag.py for tasks to queue
[2025-03-03T16:50:04.794+0000] {logging_mixin.py:188} INFO - [2025-03-03T16:50:04.794+0000] {dagbag.py:538} INFO - Filling up the DagBag from /home/airflow/.local/lib/python3.8/site-packages/airflow/example_dags/example_nested_branch_dag.py
[2025-03-03T16:50:04.805+0000] {processor.py:840} INFO - DAG(s) 'example_nested_branch_dag' retrieved from /home/airflow/.local/lib/python3.8/site-packages/airflow/example_dags/example_nested_branch_dag.py
[2025-03-03T16:50:04.833+0000] {logging_mixin.py:188} INFO - [2025-03-03T16:50:04.832+0000] {dag.py:3036} INFO - Sync 1 DAGs
[2025-03-03T16:50:04.859+0000] {logging_mixin.py:188} INFO - [2025-03-03T16:50:04.858+0000] {dag.py:3823} INFO - Setting next_dagrun for example_nested_branch_dag to 2025-03-02 00:00:00+00:00, run_after=2025-03-03 00:00:00+00:00
[2025-03-03T16:50:04.887+0000] {processor.py:183} INFO - Processing /home/airflow/.local/lib/python3.8/site-packages/airflow/example_dags/example_nested_branch_dag.py took 0.101 seconds
[2025-03-03T16:50:35.424+0000] {processor.py:161} INFO - Started process (PID=1165) to work on /home/airflow/.local/lib/python3.8/site-packages/airflow/example_dags/example_nested_branch_dag.py
[2025-03-03T16:50:35.426+0000] {processor.py:830} INFO - Processing file /home/airflow/.local/lib/python3.8/site-packages/airflow/example_dags/example_nested_branch_dag.py for tasks to queue
[2025-03-03T16:50:35.429+0000] {logging_mixin.py:188} INFO - [2025-03-03T16:50:35.428+0000] {dagbag.py:538} INFO - Filling up the DagBag from /home/airflow/.local/lib/python3.8/site-packages/airflow/example_dags/example_nested_branch_dag.py
[2025-03-03T16:50:35.441+0000] {processor.py:840} INFO - DAG(s) 'example_nested_branch_dag' retrieved from /home/airflow/.local/lib/python3.8/site-packages/airflow/example_dags/example_nested_branch_dag.py
[2025-03-03T16:50:35.472+0000] {logging_mixin.py:188} INFO - [2025-03-03T16:50:35.471+0000] {dag.py:3036} INFO - Sync 1 DAGs
[2025-03-03T16:50:35.649+0000] {logging_mixin.py:188} INFO - [2025-03-03T16:50:35.648+0000] {dag.py:3823} INFO - Setting next_dagrun for example_nested_branch_dag to 2025-03-02 00:00:00+00:00, run_after=2025-03-03 00:00:00+00:00
[2025-03-03T16:50:35.677+0000] {processor.py:183} INFO - Processing /home/airflow/.local/lib/python3.8/site-packages/airflow/example_dags/example_nested_branch_dag.py took 0.256 seconds
