[2025-03-03T15:44:52.008+0000] {processor.py:161} INFO - Started process (PID=95) to work on /home/airflow/.local/lib/python3.8/site-packages/airflow/example_dags/example_setup_teardown.py
[2025-03-03T15:44:52.010+0000] {processor.py:830} INFO - Processing file /home/airflow/.local/lib/python3.8/site-packages/airflow/example_dags/example_setup_teardown.py for tasks to queue
[2025-03-03T15:44:52.013+0000] {logging_mixin.py:188} INFO - [2025-03-03T15:44:52.012+0000] {dagbag.py:538} INFO - Filling up the DagBag from /home/airflow/.local/lib/python3.8/site-packages/airflow/example_dags/example_setup_teardown.py
[2025-03-03T15:44:52.022+0000] {processor.py:840} INFO - DAG(s) 'example_setup_teardown' retrieved from /home/airflow/.local/lib/python3.8/site-packages/airflow/example_dags/example_setup_teardown.py
[2025-03-03T15:44:52.178+0000] {logging_mixin.py:188} INFO - [2025-03-03T15:44:52.177+0000] {override.py:1769} INFO - Created Permission View: can edit on DAG:example_setup_teardown
[2025-03-03T15:44:52.193+0000] {logging_mixin.py:188} INFO - [2025-03-03T15:44:52.192+0000] {override.py:1769} INFO - Created Permission View: can read on DAG:example_setup_teardown
[2025-03-03T15:44:52.208+0000] {logging_mixin.py:188} INFO - [2025-03-03T15:44:52.207+0000] {override.py:1769} INFO - Created Permission View: can delete on DAG:example_setup_teardown
[2025-03-03T15:44:52.209+0000] {logging_mixin.py:188} INFO - [2025-03-03T15:44:52.209+0000] {dag.py:3036} INFO - Sync 1 DAGs
[2025-03-03T15:44:52.224+0000] {logging_mixin.py:188} INFO - [2025-03-03T15:44:52.224+0000] {dag.py:3058} INFO - Creating ORM DAG for example_setup_teardown
[2025-03-03T15:44:52.240+0000] {logging_mixin.py:188} INFO - [2025-03-03T15:44:52.240+0000] {dag.py:3823} INFO - Setting next_dagrun for example_setup_teardown to 2025-03-02 00:00:00+00:00, run_after=2025-03-03 00:00:00+00:00
[2025-03-03T15:44:52.272+0000] {processor.py:183} INFO - Processing /home/airflow/.local/lib/python3.8/site-packages/airflow/example_dags/example_setup_teardown.py took 0.269 seconds
[2025-03-03T15:45:22.670+0000] {processor.py:161} INFO - Started process (PID=145) to work on /home/airflow/.local/lib/python3.8/site-packages/airflow/example_dags/example_setup_teardown.py
[2025-03-03T15:45:22.672+0000] {processor.py:830} INFO - Processing file /home/airflow/.local/lib/python3.8/site-packages/airflow/example_dags/example_setup_teardown.py for tasks to queue
[2025-03-03T15:45:22.674+0000] {logging_mixin.py:188} INFO - [2025-03-03T15:45:22.674+0000] {dagbag.py:538} INFO - Filling up the DagBag from /home/airflow/.local/lib/python3.8/site-packages/airflow/example_dags/example_setup_teardown.py
[2025-03-03T15:45:22.682+0000] {processor.py:840} INFO - DAG(s) 'example_setup_teardown' retrieved from /home/airflow/.local/lib/python3.8/site-packages/airflow/example_dags/example_setup_teardown.py
[2025-03-03T15:45:22.709+0000] {logging_mixin.py:188} INFO - [2025-03-03T15:45:22.709+0000] {dag.py:3036} INFO - Sync 1 DAGs
[2025-03-03T15:45:22.734+0000] {logging_mixin.py:188} INFO - [2025-03-03T15:45:22.734+0000] {dag.py:3823} INFO - Setting next_dagrun for example_setup_teardown to 2025-03-02 00:00:00+00:00, run_after=2025-03-03 00:00:00+00:00
[2025-03-03T15:45:22.761+0000] {processor.py:183} INFO - Processing /home/airflow/.local/lib/python3.8/site-packages/airflow/example_dags/example_setup_teardown.py took 0.096 seconds
[2025-03-03T16:12:53.028+0000] {processor.py:161} INFO - Started process (PID=150) to work on /home/airflow/.local/lib/python3.8/site-packages/airflow/example_dags/example_setup_teardown.py
[2025-03-03T16:12:53.030+0000] {processor.py:830} INFO - Processing file /home/airflow/.local/lib/python3.8/site-packages/airflow/example_dags/example_setup_teardown.py for tasks to queue
[2025-03-03T16:12:53.032+0000] {logging_mixin.py:188} INFO - [2025-03-03T16:12:53.032+0000] {dagbag.py:538} INFO - Filling up the DagBag from /home/airflow/.local/lib/python3.8/site-packages/airflow/example_dags/example_setup_teardown.py
[2025-03-03T16:12:53.041+0000] {processor.py:840} INFO - DAG(s) 'example_setup_teardown' retrieved from /home/airflow/.local/lib/python3.8/site-packages/airflow/example_dags/example_setup_teardown.py
[2025-03-03T16:12:53.059+0000] {logging_mixin.py:188} INFO - [2025-03-03T16:12:53.059+0000] {dag.py:3036} INFO - Sync 1 DAGs
[2025-03-03T16:12:53.087+0000] {logging_mixin.py:188} INFO - [2025-03-03T16:12:53.087+0000] {dag.py:3823} INFO - Setting next_dagrun for example_setup_teardown to 2025-03-02 00:00:00+00:00, run_after=2025-03-03 00:00:00+00:00
[2025-03-03T16:12:53.117+0000] {processor.py:183} INFO - Processing /home/airflow/.local/lib/python3.8/site-packages/airflow/example_dags/example_setup_teardown.py took 0.093 seconds
[2025-03-03T16:13:24.264+0000] {processor.py:161} INFO - Started process (PID=200) to work on /home/airflow/.local/lib/python3.8/site-packages/airflow/example_dags/example_setup_teardown.py
[2025-03-03T16:13:24.265+0000] {processor.py:830} INFO - Processing file /home/airflow/.local/lib/python3.8/site-packages/airflow/example_dags/example_setup_teardown.py for tasks to queue
[2025-03-03T16:13:24.267+0000] {logging_mixin.py:188} INFO - [2025-03-03T16:13:24.267+0000] {dagbag.py:538} INFO - Filling up the DagBag from /home/airflow/.local/lib/python3.8/site-packages/airflow/example_dags/example_setup_teardown.py
[2025-03-03T16:13:24.275+0000] {processor.py:840} INFO - DAG(s) 'example_setup_teardown' retrieved from /home/airflow/.local/lib/python3.8/site-packages/airflow/example_dags/example_setup_teardown.py
[2025-03-03T16:13:24.402+0000] {logging_mixin.py:188} INFO - [2025-03-03T16:13:24.402+0000] {dag.py:3036} INFO - Sync 1 DAGs
[2025-03-03T16:13:24.426+0000] {logging_mixin.py:188} INFO - [2025-03-03T16:13:24.426+0000] {dag.py:3823} INFO - Setting next_dagrun for example_setup_teardown to 2025-03-02 00:00:00+00:00, run_after=2025-03-03 00:00:00+00:00
[2025-03-03T16:13:24.456+0000] {processor.py:183} INFO - Processing /home/airflow/.local/lib/python3.8/site-packages/airflow/example_dags/example_setup_teardown.py took 0.196 seconds
[2025-03-03T16:13:55.261+0000] {processor.py:161} INFO - Started process (PID=250) to work on /home/airflow/.local/lib/python3.8/site-packages/airflow/example_dags/example_setup_teardown.py
[2025-03-03T16:13:55.263+0000] {processor.py:830} INFO - Processing file /home/airflow/.local/lib/python3.8/site-packages/airflow/example_dags/example_setup_teardown.py for tasks to queue
[2025-03-03T16:13:55.265+0000] {logging_mixin.py:188} INFO - [2025-03-03T16:13:55.265+0000] {dagbag.py:538} INFO - Filling up the DagBag from /home/airflow/.local/lib/python3.8/site-packages/airflow/example_dags/example_setup_teardown.py
[2025-03-03T16:13:55.273+0000] {processor.py:840} INFO - DAG(s) 'example_setup_teardown' retrieved from /home/airflow/.local/lib/python3.8/site-packages/airflow/example_dags/example_setup_teardown.py
[2025-03-03T16:13:55.299+0000] {logging_mixin.py:188} INFO - [2025-03-03T16:13:55.299+0000] {dag.py:3036} INFO - Sync 1 DAGs
[2025-03-03T16:13:55.323+0000] {logging_mixin.py:188} INFO - [2025-03-03T16:13:55.323+0000] {dag.py:3823} INFO - Setting next_dagrun for example_setup_teardown to 2025-03-02 00:00:00+00:00, run_after=2025-03-03 00:00:00+00:00
[2025-03-03T16:13:55.354+0000] {processor.py:183} INFO - Processing /home/airflow/.local/lib/python3.8/site-packages/airflow/example_dags/example_setup_teardown.py took 0.097 seconds
[2025-03-03T16:14:25.742+0000] {processor.py:161} INFO - Started process (PID=300) to work on /home/airflow/.local/lib/python3.8/site-packages/airflow/example_dags/example_setup_teardown.py
[2025-03-03T16:14:25.744+0000] {processor.py:830} INFO - Processing file /home/airflow/.local/lib/python3.8/site-packages/airflow/example_dags/example_setup_teardown.py for tasks to queue
[2025-03-03T16:14:25.748+0000] {logging_mixin.py:188} INFO - [2025-03-03T16:14:25.747+0000] {dagbag.py:538} INFO - Filling up the DagBag from /home/airflow/.local/lib/python3.8/site-packages/airflow/example_dags/example_setup_teardown.py
[2025-03-03T16:14:25.759+0000] {processor.py:840} INFO - DAG(s) 'example_setup_teardown' retrieved from /home/airflow/.local/lib/python3.8/site-packages/airflow/example_dags/example_setup_teardown.py
[2025-03-03T16:14:25.788+0000] {logging_mixin.py:188} INFO - [2025-03-03T16:14:25.788+0000] {dag.py:3036} INFO - Sync 1 DAGs
[2025-03-03T16:14:25.815+0000] {logging_mixin.py:188} INFO - [2025-03-03T16:14:25.815+0000] {dag.py:3823} INFO - Setting next_dagrun for example_setup_teardown to 2025-03-02 00:00:00+00:00, run_after=2025-03-03 00:00:00+00:00
[2025-03-03T16:14:25.849+0000] {processor.py:183} INFO - Processing /home/airflow/.local/lib/python3.8/site-packages/airflow/example_dags/example_setup_teardown.py took 0.111 seconds
[2025-03-03T16:14:56.278+0000] {processor.py:161} INFO - Started process (PID=350) to work on /home/airflow/.local/lib/python3.8/site-packages/airflow/example_dags/example_setup_teardown.py
[2025-03-03T16:14:56.279+0000] {processor.py:830} INFO - Processing file /home/airflow/.local/lib/python3.8/site-packages/airflow/example_dags/example_setup_teardown.py for tasks to queue
[2025-03-03T16:14:56.281+0000] {logging_mixin.py:188} INFO - [2025-03-03T16:14:56.281+0000] {dagbag.py:538} INFO - Filling up the DagBag from /home/airflow/.local/lib/python3.8/site-packages/airflow/example_dags/example_setup_teardown.py
[2025-03-03T16:14:56.289+0000] {processor.py:840} INFO - DAG(s) 'example_setup_teardown' retrieved from /home/airflow/.local/lib/python3.8/site-packages/airflow/example_dags/example_setup_teardown.py
[2025-03-03T16:14:56.317+0000] {logging_mixin.py:188} INFO - [2025-03-03T16:14:56.316+0000] {dag.py:3036} INFO - Sync 1 DAGs
[2025-03-03T16:14:56.343+0000] {logging_mixin.py:188} INFO - [2025-03-03T16:14:56.343+0000] {dag.py:3823} INFO - Setting next_dagrun for example_setup_teardown to 2025-03-02 00:00:00+00:00, run_after=2025-03-03 00:00:00+00:00
[2025-03-03T16:14:56.374+0000] {processor.py:183} INFO - Processing /home/airflow/.local/lib/python3.8/site-packages/airflow/example_dags/example_setup_teardown.py took 0.100 seconds
[2025-03-03T16:15:26.518+0000] {processor.py:161} INFO - Started process (PID=400) to work on /home/airflow/.local/lib/python3.8/site-packages/airflow/example_dags/example_setup_teardown.py
[2025-03-03T16:15:26.520+0000] {processor.py:830} INFO - Processing file /home/airflow/.local/lib/python3.8/site-packages/airflow/example_dags/example_setup_teardown.py for tasks to queue
[2025-03-03T16:15:26.522+0000] {logging_mixin.py:188} INFO - [2025-03-03T16:15:26.522+0000] {dagbag.py:538} INFO - Filling up the DagBag from /home/airflow/.local/lib/python3.8/site-packages/airflow/example_dags/example_setup_teardown.py
[2025-03-03T16:15:26.530+0000] {processor.py:840} INFO - DAG(s) 'example_setup_teardown' retrieved from /home/airflow/.local/lib/python3.8/site-packages/airflow/example_dags/example_setup_teardown.py
[2025-03-03T16:15:26.558+0000] {logging_mixin.py:188} INFO - [2025-03-03T16:15:26.557+0000] {dag.py:3036} INFO - Sync 1 DAGs
[2025-03-03T16:15:26.583+0000] {logging_mixin.py:188} INFO - [2025-03-03T16:15:26.583+0000] {dag.py:3823} INFO - Setting next_dagrun for example_setup_teardown to 2025-03-02 00:00:00+00:00, run_after=2025-03-03 00:00:00+00:00
[2025-03-03T16:15:26.610+0000] {processor.py:183} INFO - Processing /home/airflow/.local/lib/python3.8/site-packages/airflow/example_dags/example_setup_teardown.py took 0.095 seconds
[2025-03-03T16:15:56.795+0000] {processor.py:161} INFO - Started process (PID=450) to work on /home/airflow/.local/lib/python3.8/site-packages/airflow/example_dags/example_setup_teardown.py
[2025-03-03T16:15:56.796+0000] {processor.py:830} INFO - Processing file /home/airflow/.local/lib/python3.8/site-packages/airflow/example_dags/example_setup_teardown.py for tasks to queue
[2025-03-03T16:15:56.798+0000] {logging_mixin.py:188} INFO - [2025-03-03T16:15:56.798+0000] {dagbag.py:538} INFO - Filling up the DagBag from /home/airflow/.local/lib/python3.8/site-packages/airflow/example_dags/example_setup_teardown.py
[2025-03-03T16:15:56.806+0000] {processor.py:840} INFO - DAG(s) 'example_setup_teardown' retrieved from /home/airflow/.local/lib/python3.8/site-packages/airflow/example_dags/example_setup_teardown.py
[2025-03-03T16:15:56.833+0000] {logging_mixin.py:188} INFO - [2025-03-03T16:15:56.832+0000] {dag.py:3036} INFO - Sync 1 DAGs
[2025-03-03T16:15:56.858+0000] {logging_mixin.py:188} INFO - [2025-03-03T16:15:56.858+0000] {dag.py:3823} INFO - Setting next_dagrun for example_setup_teardown to 2025-03-02 00:00:00+00:00, run_after=2025-03-03 00:00:00+00:00
[2025-03-03T16:15:56.887+0000] {processor.py:183} INFO - Processing /home/airflow/.local/lib/python3.8/site-packages/airflow/example_dags/example_setup_teardown.py took 0.096 seconds
[2025-03-03T16:40:20.432+0000] {processor.py:161} INFO - Started process (PID=149) to work on /home/airflow/.local/lib/python3.8/site-packages/airflow/example_dags/example_setup_teardown.py
[2025-03-03T16:40:20.434+0000] {processor.py:830} INFO - Processing file /home/airflow/.local/lib/python3.8/site-packages/airflow/example_dags/example_setup_teardown.py for tasks to queue
[2025-03-03T16:40:20.436+0000] {logging_mixin.py:188} INFO - [2025-03-03T16:40:20.436+0000] {dagbag.py:538} INFO - Filling up the DagBag from /home/airflow/.local/lib/python3.8/site-packages/airflow/example_dags/example_setup_teardown.py
[2025-03-03T16:40:20.446+0000] {processor.py:840} INFO - DAG(s) 'example_setup_teardown' retrieved from /home/airflow/.local/lib/python3.8/site-packages/airflow/example_dags/example_setup_teardown.py
[2025-03-03T16:40:20.470+0000] {logging_mixin.py:188} INFO - [2025-03-03T16:40:20.469+0000] {dag.py:3036} INFO - Sync 1 DAGs
[2025-03-03T16:40:20.510+0000] {logging_mixin.py:188} INFO - [2025-03-03T16:40:20.509+0000] {dag.py:3823} INFO - Setting next_dagrun for example_setup_teardown to 2025-03-02 00:00:00+00:00, run_after=2025-03-03 00:00:00+00:00
[2025-03-03T16:40:20.553+0000] {processor.py:183} INFO - Processing /home/airflow/.local/lib/python3.8/site-packages/airflow/example_dags/example_setup_teardown.py took 0.125 seconds
[2025-03-03T16:40:51.900+0000] {processor.py:161} INFO - Started process (PID=199) to work on /home/airflow/.local/lib/python3.8/site-packages/airflow/example_dags/example_setup_teardown.py
[2025-03-03T16:40:51.901+0000] {processor.py:830} INFO - Processing file /home/airflow/.local/lib/python3.8/site-packages/airflow/example_dags/example_setup_teardown.py for tasks to queue
[2025-03-03T16:40:51.904+0000] {logging_mixin.py:188} INFO - [2025-03-03T16:40:51.903+0000] {dagbag.py:538} INFO - Filling up the DagBag from /home/airflow/.local/lib/python3.8/site-packages/airflow/example_dags/example_setup_teardown.py
[2025-03-03T16:40:51.912+0000] {processor.py:840} INFO - DAG(s) 'example_setup_teardown' retrieved from /home/airflow/.local/lib/python3.8/site-packages/airflow/example_dags/example_setup_teardown.py
[2025-03-03T16:40:52.044+0000] {logging_mixin.py:188} INFO - [2025-03-03T16:40:52.043+0000] {dag.py:3036} INFO - Sync 1 DAGs
[2025-03-03T16:40:52.068+0000] {logging_mixin.py:188} INFO - [2025-03-03T16:40:52.067+0000] {dag.py:3823} INFO - Setting next_dagrun for example_setup_teardown to 2025-03-02 00:00:00+00:00, run_after=2025-03-03 00:00:00+00:00
[2025-03-03T16:40:52.101+0000] {processor.py:183} INFO - Processing /home/airflow/.local/lib/python3.8/site-packages/airflow/example_dags/example_setup_teardown.py took 0.206 seconds
[2025-03-03T16:41:22.218+0000] {processor.py:161} INFO - Started process (PID=249) to work on /home/airflow/.local/lib/python3.8/site-packages/airflow/example_dags/example_setup_teardown.py
[2025-03-03T16:41:22.220+0000] {processor.py:830} INFO - Processing file /home/airflow/.local/lib/python3.8/site-packages/airflow/example_dags/example_setup_teardown.py for tasks to queue
[2025-03-03T16:41:22.221+0000] {logging_mixin.py:188} INFO - [2025-03-03T16:41:22.221+0000] {dagbag.py:538} INFO - Filling up the DagBag from /home/airflow/.local/lib/python3.8/site-packages/airflow/example_dags/example_setup_teardown.py
[2025-03-03T16:41:22.229+0000] {processor.py:840} INFO - DAG(s) 'example_setup_teardown' retrieved from /home/airflow/.local/lib/python3.8/site-packages/airflow/example_dags/example_setup_teardown.py
[2025-03-03T16:41:22.257+0000] {logging_mixin.py:188} INFO - [2025-03-03T16:41:22.257+0000] {dag.py:3036} INFO - Sync 1 DAGs
[2025-03-03T16:41:22.284+0000] {logging_mixin.py:188} INFO - [2025-03-03T16:41:22.284+0000] {dag.py:3823} INFO - Setting next_dagrun for example_setup_teardown to 2025-03-02 00:00:00+00:00, run_after=2025-03-03 00:00:00+00:00
[2025-03-03T16:41:22.315+0000] {processor.py:183} INFO - Processing /home/airflow/.local/lib/python3.8/site-packages/airflow/example_dags/example_setup_teardown.py took 0.100 seconds
[2025-03-03T16:41:52.724+0000] {processor.py:161} INFO - Started process (PID=299) to work on /home/airflow/.local/lib/python3.8/site-packages/airflow/example_dags/example_setup_teardown.py
[2025-03-03T16:41:52.726+0000] {processor.py:830} INFO - Processing file /home/airflow/.local/lib/python3.8/site-packages/airflow/example_dags/example_setup_teardown.py for tasks to queue
[2025-03-03T16:41:52.729+0000] {logging_mixin.py:188} INFO - [2025-03-03T16:41:52.729+0000] {dagbag.py:538} INFO - Filling up the DagBag from /home/airflow/.local/lib/python3.8/site-packages/airflow/example_dags/example_setup_teardown.py
[2025-03-03T16:41:52.737+0000] {processor.py:840} INFO - DAG(s) 'example_setup_teardown' retrieved from /home/airflow/.local/lib/python3.8/site-packages/airflow/example_dags/example_setup_teardown.py
[2025-03-03T16:41:52.766+0000] {logging_mixin.py:188} INFO - [2025-03-03T16:41:52.765+0000] {dag.py:3036} INFO - Sync 1 DAGs
[2025-03-03T16:41:52.799+0000] {logging_mixin.py:188} INFO - [2025-03-03T16:41:52.799+0000] {dag.py:3823} INFO - Setting next_dagrun for example_setup_teardown to 2025-03-02 00:00:00+00:00, run_after=2025-03-03 00:00:00+00:00
[2025-03-03T16:41:52.827+0000] {processor.py:183} INFO - Processing /home/airflow/.local/lib/python3.8/site-packages/airflow/example_dags/example_setup_teardown.py took 0.106 seconds
[2025-03-03T16:42:23.732+0000] {processor.py:161} INFO - Started process (PID=349) to work on /home/airflow/.local/lib/python3.8/site-packages/airflow/example_dags/example_setup_teardown.py
[2025-03-03T16:42:23.734+0000] {processor.py:830} INFO - Processing file /home/airflow/.local/lib/python3.8/site-packages/airflow/example_dags/example_setup_teardown.py for tasks to queue
[2025-03-03T16:42:23.736+0000] {logging_mixin.py:188} INFO - [2025-03-03T16:42:23.736+0000] {dagbag.py:538} INFO - Filling up the DagBag from /home/airflow/.local/lib/python3.8/site-packages/airflow/example_dags/example_setup_teardown.py
[2025-03-03T16:42:23.746+0000] {processor.py:840} INFO - DAG(s) 'example_setup_teardown' retrieved from /home/airflow/.local/lib/python3.8/site-packages/airflow/example_dags/example_setup_teardown.py
[2025-03-03T16:42:23.773+0000] {logging_mixin.py:188} INFO - [2025-03-03T16:42:23.772+0000] {dag.py:3036} INFO - Sync 1 DAGs
[2025-03-03T16:42:23.799+0000] {logging_mixin.py:188} INFO - [2025-03-03T16:42:23.799+0000] {dag.py:3823} INFO - Setting next_dagrun for example_setup_teardown to 2025-03-02 00:00:00+00:00, run_after=2025-03-03 00:00:00+00:00
[2025-03-03T16:42:23.829+0000] {processor.py:183} INFO - Processing /home/airflow/.local/lib/python3.8/site-packages/airflow/example_dags/example_setup_teardown.py took 0.100 seconds
[2025-03-03T16:42:54.197+0000] {processor.py:161} INFO - Started process (PID=399) to work on /home/airflow/.local/lib/python3.8/site-packages/airflow/example_dags/example_setup_teardown.py
[2025-03-03T16:42:54.199+0000] {processor.py:830} INFO - Processing file /home/airflow/.local/lib/python3.8/site-packages/airflow/example_dags/example_setup_teardown.py for tasks to queue
[2025-03-03T16:42:54.202+0000] {logging_mixin.py:188} INFO - [2025-03-03T16:42:54.201+0000] {dagbag.py:538} INFO - Filling up the DagBag from /home/airflow/.local/lib/python3.8/site-packages/airflow/example_dags/example_setup_teardown.py
[2025-03-03T16:42:54.214+0000] {processor.py:840} INFO - DAG(s) 'example_setup_teardown' retrieved from /home/airflow/.local/lib/python3.8/site-packages/airflow/example_dags/example_setup_teardown.py
[2025-03-03T16:42:54.252+0000] {logging_mixin.py:188} INFO - [2025-03-03T16:42:54.251+0000] {dag.py:3036} INFO - Sync 1 DAGs
[2025-03-03T16:42:54.288+0000] {logging_mixin.py:188} INFO - [2025-03-03T16:42:54.287+0000] {dag.py:3823} INFO - Setting next_dagrun for example_setup_teardown to 2025-03-02 00:00:00+00:00, run_after=2025-03-03 00:00:00+00:00
[2025-03-03T16:42:54.333+0000] {processor.py:183} INFO - Processing /home/airflow/.local/lib/python3.8/site-packages/airflow/example_dags/example_setup_teardown.py took 0.141 seconds
[2025-03-03T16:43:24.506+0000] {processor.py:161} INFO - Started process (PID=449) to work on /home/airflow/.local/lib/python3.8/site-packages/airflow/example_dags/example_setup_teardown.py
[2025-03-03T16:43:24.508+0000] {processor.py:830} INFO - Processing file /home/airflow/.local/lib/python3.8/site-packages/airflow/example_dags/example_setup_teardown.py for tasks to queue
[2025-03-03T16:43:24.510+0000] {logging_mixin.py:188} INFO - [2025-03-03T16:43:24.510+0000] {dagbag.py:538} INFO - Filling up the DagBag from /home/airflow/.local/lib/python3.8/site-packages/airflow/example_dags/example_setup_teardown.py
[2025-03-03T16:43:24.521+0000] {processor.py:840} INFO - DAG(s) 'example_setup_teardown' retrieved from /home/airflow/.local/lib/python3.8/site-packages/airflow/example_dags/example_setup_teardown.py
[2025-03-03T16:43:24.552+0000] {logging_mixin.py:188} INFO - [2025-03-03T16:43:24.552+0000] {dag.py:3036} INFO - Sync 1 DAGs
[2025-03-03T16:43:24.580+0000] {logging_mixin.py:188} INFO - [2025-03-03T16:43:24.580+0000] {dag.py:3823} INFO - Setting next_dagrun for example_setup_teardown to 2025-03-02 00:00:00+00:00, run_after=2025-03-03 00:00:00+00:00
[2025-03-03T16:43:24.611+0000] {processor.py:183} INFO - Processing /home/airflow/.local/lib/python3.8/site-packages/airflow/example_dags/example_setup_teardown.py took 0.109 seconds
[2025-03-03T16:43:55.103+0000] {processor.py:161} INFO - Started process (PID=499) to work on /home/airflow/.local/lib/python3.8/site-packages/airflow/example_dags/example_setup_teardown.py
[2025-03-03T16:43:55.104+0000] {processor.py:830} INFO - Processing file /home/airflow/.local/lib/python3.8/site-packages/airflow/example_dags/example_setup_teardown.py for tasks to queue
[2025-03-03T16:43:55.106+0000] {logging_mixin.py:188} INFO - [2025-03-03T16:43:55.106+0000] {dagbag.py:538} INFO - Filling up the DagBag from /home/airflow/.local/lib/python3.8/site-packages/airflow/example_dags/example_setup_teardown.py
[2025-03-03T16:43:55.115+0000] {processor.py:840} INFO - DAG(s) 'example_setup_teardown' retrieved from /home/airflow/.local/lib/python3.8/site-packages/airflow/example_dags/example_setup_teardown.py
[2025-03-03T16:43:55.143+0000] {logging_mixin.py:188} INFO - [2025-03-03T16:43:55.143+0000] {dag.py:3036} INFO - Sync 1 DAGs
[2025-03-03T16:43:55.169+0000] {logging_mixin.py:188} INFO - [2025-03-03T16:43:55.168+0000] {dag.py:3823} INFO - Setting next_dagrun for example_setup_teardown to 2025-03-02 00:00:00+00:00, run_after=2025-03-03 00:00:00+00:00
[2025-03-03T16:43:55.197+0000] {processor.py:183} INFO - Processing /home/airflow/.local/lib/python3.8/site-packages/airflow/example_dags/example_setup_teardown.py took 0.098 seconds
[2025-03-03T16:44:25.529+0000] {processor.py:161} INFO - Started process (PID=549) to work on /home/airflow/.local/lib/python3.8/site-packages/airflow/example_dags/example_setup_teardown.py
[2025-03-03T16:44:25.531+0000] {processor.py:830} INFO - Processing file /home/airflow/.local/lib/python3.8/site-packages/airflow/example_dags/example_setup_teardown.py for tasks to queue
[2025-03-03T16:44:25.533+0000] {logging_mixin.py:188} INFO - [2025-03-03T16:44:25.532+0000] {dagbag.py:538} INFO - Filling up the DagBag from /home/airflow/.local/lib/python3.8/site-packages/airflow/example_dags/example_setup_teardown.py
[2025-03-03T16:44:25.541+0000] {processor.py:840} INFO - DAG(s) 'example_setup_teardown' retrieved from /home/airflow/.local/lib/python3.8/site-packages/airflow/example_dags/example_setup_teardown.py
[2025-03-03T16:44:25.570+0000] {logging_mixin.py:188} INFO - [2025-03-03T16:44:25.570+0000] {dag.py:3036} INFO - Sync 1 DAGs
[2025-03-03T16:44:25.599+0000] {logging_mixin.py:188} INFO - [2025-03-03T16:44:25.598+0000] {dag.py:3823} INFO - Setting next_dagrun for example_setup_teardown to 2025-03-02 00:00:00+00:00, run_after=2025-03-03 00:00:00+00:00
[2025-03-03T16:44:25.630+0000] {processor.py:183} INFO - Processing /home/airflow/.local/lib/python3.8/site-packages/airflow/example_dags/example_setup_teardown.py took 0.105 seconds
[2025-03-03T16:44:56.578+0000] {processor.py:161} INFO - Started process (PID=599) to work on /home/airflow/.local/lib/python3.8/site-packages/airflow/example_dags/example_setup_teardown.py
[2025-03-03T16:44:56.580+0000] {processor.py:830} INFO - Processing file /home/airflow/.local/lib/python3.8/site-packages/airflow/example_dags/example_setup_teardown.py for tasks to queue
[2025-03-03T16:44:56.582+0000] {logging_mixin.py:188} INFO - [2025-03-03T16:44:56.581+0000] {dagbag.py:538} INFO - Filling up the DagBag from /home/airflow/.local/lib/python3.8/site-packages/airflow/example_dags/example_setup_teardown.py
[2025-03-03T16:44:56.589+0000] {processor.py:840} INFO - DAG(s) 'example_setup_teardown' retrieved from /home/airflow/.local/lib/python3.8/site-packages/airflow/example_dags/example_setup_teardown.py
[2025-03-03T16:44:56.618+0000] {logging_mixin.py:188} INFO - [2025-03-03T16:44:56.618+0000] {dag.py:3036} INFO - Sync 1 DAGs
[2025-03-03T16:44:56.644+0000] {logging_mixin.py:188} INFO - [2025-03-03T16:44:56.643+0000] {dag.py:3823} INFO - Setting next_dagrun for example_setup_teardown to 2025-03-02 00:00:00+00:00, run_after=2025-03-03 00:00:00+00:00
[2025-03-03T16:44:56.676+0000] {processor.py:183} INFO - Processing /home/airflow/.local/lib/python3.8/site-packages/airflow/example_dags/example_setup_teardown.py took 0.101 seconds
[2025-03-03T16:45:27.157+0000] {processor.py:161} INFO - Started process (PID=649) to work on /home/airflow/.local/lib/python3.8/site-packages/airflow/example_dags/example_setup_teardown.py
[2025-03-03T16:45:27.159+0000] {processor.py:830} INFO - Processing file /home/airflow/.local/lib/python3.8/site-packages/airflow/example_dags/example_setup_teardown.py for tasks to queue
[2025-03-03T16:45:27.161+0000] {logging_mixin.py:188} INFO - [2025-03-03T16:45:27.161+0000] {dagbag.py:538} INFO - Filling up the DagBag from /home/airflow/.local/lib/python3.8/site-packages/airflow/example_dags/example_setup_teardown.py
[2025-03-03T16:45:27.169+0000] {processor.py:840} INFO - DAG(s) 'example_setup_teardown' retrieved from /home/airflow/.local/lib/python3.8/site-packages/airflow/example_dags/example_setup_teardown.py
[2025-03-03T16:45:27.199+0000] {logging_mixin.py:188} INFO - [2025-03-03T16:45:27.198+0000] {dag.py:3036} INFO - Sync 1 DAGs
[2025-03-03T16:45:27.224+0000] {logging_mixin.py:188} INFO - [2025-03-03T16:45:27.223+0000] {dag.py:3823} INFO - Setting next_dagrun for example_setup_teardown to 2025-03-02 00:00:00+00:00, run_after=2025-03-03 00:00:00+00:00
[2025-03-03T16:45:27.253+0000] {processor.py:183} INFO - Processing /home/airflow/.local/lib/python3.8/site-packages/airflow/example_dags/example_setup_teardown.py took 0.100 seconds
[2025-03-03T16:45:57.617+0000] {processor.py:161} INFO - Started process (PID=699) to work on /home/airflow/.local/lib/python3.8/site-packages/airflow/example_dags/example_setup_teardown.py
[2025-03-03T16:45:57.619+0000] {processor.py:830} INFO - Processing file /home/airflow/.local/lib/python3.8/site-packages/airflow/example_dags/example_setup_teardown.py for tasks to queue
[2025-03-03T16:45:57.621+0000] {logging_mixin.py:188} INFO - [2025-03-03T16:45:57.621+0000] {dagbag.py:538} INFO - Filling up the DagBag from /home/airflow/.local/lib/python3.8/site-packages/airflow/example_dags/example_setup_teardown.py
[2025-03-03T16:45:57.629+0000] {processor.py:840} INFO - DAG(s) 'example_setup_teardown' retrieved from /home/airflow/.local/lib/python3.8/site-packages/airflow/example_dags/example_setup_teardown.py
[2025-03-03T16:45:57.655+0000] {logging_mixin.py:188} INFO - [2025-03-03T16:45:57.655+0000] {dag.py:3036} INFO - Sync 1 DAGs
[2025-03-03T16:45:57.680+0000] {logging_mixin.py:188} INFO - [2025-03-03T16:45:57.680+0000] {dag.py:3823} INFO - Setting next_dagrun for example_setup_teardown to 2025-03-02 00:00:00+00:00, run_after=2025-03-03 00:00:00+00:00
[2025-03-03T16:45:57.777+0000] {processor.py:183} INFO - Processing /home/airflow/.local/lib/python3.8/site-packages/airflow/example_dags/example_setup_teardown.py took 0.166 seconds
[2025-03-03T16:46:27.969+0000] {processor.py:161} INFO - Started process (PID=749) to work on /home/airflow/.local/lib/python3.8/site-packages/airflow/example_dags/example_setup_teardown.py
[2025-03-03T16:46:27.970+0000] {processor.py:830} INFO - Processing file /home/airflow/.local/lib/python3.8/site-packages/airflow/example_dags/example_setup_teardown.py for tasks to queue
[2025-03-03T16:46:27.972+0000] {logging_mixin.py:188} INFO - [2025-03-03T16:46:27.972+0000] {dagbag.py:538} INFO - Filling up the DagBag from /home/airflow/.local/lib/python3.8/site-packages/airflow/example_dags/example_setup_teardown.py
[2025-03-03T16:46:27.980+0000] {processor.py:840} INFO - DAG(s) 'example_setup_teardown' retrieved from /home/airflow/.local/lib/python3.8/site-packages/airflow/example_dags/example_setup_teardown.py
[2025-03-03T16:46:28.008+0000] {logging_mixin.py:188} INFO - [2025-03-03T16:46:28.008+0000] {dag.py:3036} INFO - Sync 1 DAGs
[2025-03-03T16:46:28.032+0000] {logging_mixin.py:188} INFO - [2025-03-03T16:46:28.032+0000] {dag.py:3823} INFO - Setting next_dagrun for example_setup_teardown to 2025-03-02 00:00:00+00:00, run_after=2025-03-03 00:00:00+00:00
[2025-03-03T16:46:28.060+0000] {processor.py:183} INFO - Processing /home/airflow/.local/lib/python3.8/site-packages/airflow/example_dags/example_setup_teardown.py took 0.095 seconds
[2025-03-03T16:46:58.497+0000] {processor.py:161} INFO - Started process (PID=799) to work on /home/airflow/.local/lib/python3.8/site-packages/airflow/example_dags/example_setup_teardown.py
[2025-03-03T16:46:58.498+0000] {processor.py:830} INFO - Processing file /home/airflow/.local/lib/python3.8/site-packages/airflow/example_dags/example_setup_teardown.py for tasks to queue
[2025-03-03T16:46:58.500+0000] {logging_mixin.py:188} INFO - [2025-03-03T16:46:58.500+0000] {dagbag.py:538} INFO - Filling up the DagBag from /home/airflow/.local/lib/python3.8/site-packages/airflow/example_dags/example_setup_teardown.py
[2025-03-03T16:46:58.508+0000] {processor.py:840} INFO - DAG(s) 'example_setup_teardown' retrieved from /home/airflow/.local/lib/python3.8/site-packages/airflow/example_dags/example_setup_teardown.py
[2025-03-03T16:46:58.536+0000] {logging_mixin.py:188} INFO - [2025-03-03T16:46:58.536+0000] {dag.py:3036} INFO - Sync 1 DAGs
[2025-03-03T16:46:58.563+0000] {logging_mixin.py:188} INFO - [2025-03-03T16:46:58.563+0000] {dag.py:3823} INFO - Setting next_dagrun for example_setup_teardown to 2025-03-02 00:00:00+00:00, run_after=2025-03-03 00:00:00+00:00
[2025-03-03T16:46:58.592+0000] {processor.py:183} INFO - Processing /home/airflow/.local/lib/python3.8/site-packages/airflow/example_dags/example_setup_teardown.py took 0.098 seconds
[2025-03-03T16:47:29.413+0000] {processor.py:161} INFO - Started process (PID=849) to work on /home/airflow/.local/lib/python3.8/site-packages/airflow/example_dags/example_setup_teardown.py
[2025-03-03T16:47:29.414+0000] {processor.py:830} INFO - Processing file /home/airflow/.local/lib/python3.8/site-packages/airflow/example_dags/example_setup_teardown.py for tasks to queue
[2025-03-03T16:47:29.416+0000] {logging_mixin.py:188} INFO - [2025-03-03T16:47:29.416+0000] {dagbag.py:538} INFO - Filling up the DagBag from /home/airflow/.local/lib/python3.8/site-packages/airflow/example_dags/example_setup_teardown.py
[2025-03-03T16:47:29.425+0000] {processor.py:840} INFO - DAG(s) 'example_setup_teardown' retrieved from /home/airflow/.local/lib/python3.8/site-packages/airflow/example_dags/example_setup_teardown.py
[2025-03-03T16:47:29.457+0000] {logging_mixin.py:188} INFO - [2025-03-03T16:47:29.457+0000] {dag.py:3036} INFO - Sync 1 DAGs
[2025-03-03T16:47:29.483+0000] {logging_mixin.py:188} INFO - [2025-03-03T16:47:29.483+0000] {dag.py:3823} INFO - Setting next_dagrun for example_setup_teardown to 2025-03-02 00:00:00+00:00, run_after=2025-03-03 00:00:00+00:00
[2025-03-03T16:47:29.512+0000] {processor.py:183} INFO - Processing /home/airflow/.local/lib/python3.8/site-packages/airflow/example_dags/example_setup_teardown.py took 0.103 seconds
[2025-03-03T16:47:59.748+0000] {processor.py:161} INFO - Started process (PID=899) to work on /home/airflow/.local/lib/python3.8/site-packages/airflow/example_dags/example_setup_teardown.py
[2025-03-03T16:47:59.749+0000] {processor.py:830} INFO - Processing file /home/airflow/.local/lib/python3.8/site-packages/airflow/example_dags/example_setup_teardown.py for tasks to queue
[2025-03-03T16:47:59.751+0000] {logging_mixin.py:188} INFO - [2025-03-03T16:47:59.750+0000] {dagbag.py:538} INFO - Filling up the DagBag from /home/airflow/.local/lib/python3.8/site-packages/airflow/example_dags/example_setup_teardown.py
[2025-03-03T16:47:59.759+0000] {processor.py:840} INFO - DAG(s) 'example_setup_teardown' retrieved from /home/airflow/.local/lib/python3.8/site-packages/airflow/example_dags/example_setup_teardown.py
[2025-03-03T16:47:59.789+0000] {logging_mixin.py:188} INFO - [2025-03-03T16:47:59.789+0000] {dag.py:3036} INFO - Sync 1 DAGs
[2025-03-03T16:47:59.817+0000] {logging_mixin.py:188} INFO - [2025-03-03T16:47:59.816+0000] {dag.py:3823} INFO - Setting next_dagrun for example_setup_teardown to 2025-03-02 00:00:00+00:00, run_after=2025-03-03 00:00:00+00:00
[2025-03-03T16:47:59.845+0000] {processor.py:183} INFO - Processing /home/airflow/.local/lib/python3.8/site-packages/airflow/example_dags/example_setup_teardown.py took 0.101 seconds
[2025-03-03T16:48:30.069+0000] {processor.py:161} INFO - Started process (PID=949) to work on /home/airflow/.local/lib/python3.8/site-packages/airflow/example_dags/example_setup_teardown.py
[2025-03-03T16:48:30.071+0000] {processor.py:830} INFO - Processing file /home/airflow/.local/lib/python3.8/site-packages/airflow/example_dags/example_setup_teardown.py for tasks to queue
[2025-03-03T16:48:30.073+0000] {logging_mixin.py:188} INFO - [2025-03-03T16:48:30.073+0000] {dagbag.py:538} INFO - Filling up the DagBag from /home/airflow/.local/lib/python3.8/site-packages/airflow/example_dags/example_setup_teardown.py
[2025-03-03T16:48:30.081+0000] {processor.py:840} INFO - DAG(s) 'example_setup_teardown' retrieved from /home/airflow/.local/lib/python3.8/site-packages/airflow/example_dags/example_setup_teardown.py
[2025-03-03T16:48:30.111+0000] {logging_mixin.py:188} INFO - [2025-03-03T16:48:30.110+0000] {dag.py:3036} INFO - Sync 1 DAGs
[2025-03-03T16:48:30.136+0000] {logging_mixin.py:188} INFO - [2025-03-03T16:48:30.136+0000] {dag.py:3823} INFO - Setting next_dagrun for example_setup_teardown to 2025-03-02 00:00:00+00:00, run_after=2025-03-03 00:00:00+00:00
[2025-03-03T16:48:30.166+0000] {processor.py:183} INFO - Processing /home/airflow/.local/lib/python3.8/site-packages/airflow/example_dags/example_setup_teardown.py took 0.100 seconds
[2025-03-03T16:49:00.347+0000] {processor.py:161} INFO - Started process (PID=999) to work on /home/airflow/.local/lib/python3.8/site-packages/airflow/example_dags/example_setup_teardown.py
[2025-03-03T16:49:00.349+0000] {processor.py:830} INFO - Processing file /home/airflow/.local/lib/python3.8/site-packages/airflow/example_dags/example_setup_teardown.py for tasks to queue
[2025-03-03T16:49:00.351+0000] {logging_mixin.py:188} INFO - [2025-03-03T16:49:00.350+0000] {dagbag.py:538} INFO - Filling up the DagBag from /home/airflow/.local/lib/python3.8/site-packages/airflow/example_dags/example_setup_teardown.py
[2025-03-03T16:49:00.359+0000] {processor.py:840} INFO - DAG(s) 'example_setup_teardown' retrieved from /home/airflow/.local/lib/python3.8/site-packages/airflow/example_dags/example_setup_teardown.py
[2025-03-03T16:49:00.388+0000] {logging_mixin.py:188} INFO - [2025-03-03T16:49:00.388+0000] {dag.py:3036} INFO - Sync 1 DAGs
[2025-03-03T16:49:00.416+0000] {logging_mixin.py:188} INFO - [2025-03-03T16:49:00.415+0000] {dag.py:3823} INFO - Setting next_dagrun for example_setup_teardown to 2025-03-02 00:00:00+00:00, run_after=2025-03-03 00:00:00+00:00
[2025-03-03T16:49:00.445+0000] {processor.py:183} INFO - Processing /home/airflow/.local/lib/python3.8/site-packages/airflow/example_dags/example_setup_teardown.py took 0.101 seconds
[2025-03-03T16:49:30.485+0000] {processor.py:161} INFO - Started process (PID=1048) to work on /home/airflow/.local/lib/python3.8/site-packages/airflow/example_dags/example_setup_teardown.py
[2025-03-03T16:49:30.487+0000] {processor.py:830} INFO - Processing file /home/airflow/.local/lib/python3.8/site-packages/airflow/example_dags/example_setup_teardown.py for tasks to queue
[2025-03-03T16:49:30.490+0000] {logging_mixin.py:188} INFO - [2025-03-03T16:49:30.489+0000] {dagbag.py:538} INFO - Filling up the DagBag from /home/airflow/.local/lib/python3.8/site-packages/airflow/example_dags/example_setup_teardown.py
[2025-03-03T16:49:30.497+0000] {processor.py:840} INFO - DAG(s) 'example_setup_teardown' retrieved from /home/airflow/.local/lib/python3.8/site-packages/airflow/example_dags/example_setup_teardown.py
[2025-03-03T16:49:30.526+0000] {logging_mixin.py:188} INFO - [2025-03-03T16:49:30.526+0000] {dag.py:3036} INFO - Sync 1 DAGs
[2025-03-03T16:49:30.552+0000] {logging_mixin.py:188} INFO - [2025-03-03T16:49:30.552+0000] {dag.py:3823} INFO - Setting next_dagrun for example_setup_teardown to 2025-03-02 00:00:00+00:00, run_after=2025-03-03 00:00:00+00:00
[2025-03-03T16:49:30.733+0000] {processor.py:183} INFO - Processing /home/airflow/.local/lib/python3.8/site-packages/airflow/example_dags/example_setup_teardown.py took 0.251 seconds
[2025-03-03T16:50:01.240+0000] {processor.py:161} INFO - Started process (PID=1098) to work on /home/airflow/.local/lib/python3.8/site-packages/airflow/example_dags/example_setup_teardown.py
[2025-03-03T16:50:01.242+0000] {processor.py:830} INFO - Processing file /home/airflow/.local/lib/python3.8/site-packages/airflow/example_dags/example_setup_teardown.py for tasks to queue
[2025-03-03T16:50:01.244+0000] {logging_mixin.py:188} INFO - [2025-03-03T16:50:01.244+0000] {dagbag.py:538} INFO - Filling up the DagBag from /home/airflow/.local/lib/python3.8/site-packages/airflow/example_dags/example_setup_teardown.py
[2025-03-03T16:50:01.252+0000] {processor.py:840} INFO - DAG(s) 'example_setup_teardown' retrieved from /home/airflow/.local/lib/python3.8/site-packages/airflow/example_dags/example_setup_teardown.py
[2025-03-03T16:50:01.282+0000] {logging_mixin.py:188} INFO - [2025-03-03T16:50:01.282+0000] {dag.py:3036} INFO - Sync 1 DAGs
[2025-03-03T16:50:01.309+0000] {logging_mixin.py:188} INFO - [2025-03-03T16:50:01.309+0000] {dag.py:3823} INFO - Setting next_dagrun for example_setup_teardown to 2025-03-02 00:00:00+00:00, run_after=2025-03-03 00:00:00+00:00
[2025-03-03T16:50:01.336+0000] {processor.py:183} INFO - Processing /home/airflow/.local/lib/python3.8/site-packages/airflow/example_dags/example_setup_teardown.py took 0.100 seconds
[2025-03-03T16:50:32.397+0000] {processor.py:161} INFO - Started process (PID=1149) to work on /home/airflow/.local/lib/python3.8/site-packages/airflow/example_dags/example_setup_teardown.py
[2025-03-03T16:50:32.398+0000] {processor.py:830} INFO - Processing file /home/airflow/.local/lib/python3.8/site-packages/airflow/example_dags/example_setup_teardown.py for tasks to queue
[2025-03-03T16:50:32.401+0000] {logging_mixin.py:188} INFO - [2025-03-03T16:50:32.400+0000] {dagbag.py:538} INFO - Filling up the DagBag from /home/airflow/.local/lib/python3.8/site-packages/airflow/example_dags/example_setup_teardown.py
[2025-03-03T16:50:32.409+0000] {processor.py:840} INFO - DAG(s) 'example_setup_teardown' retrieved from /home/airflow/.local/lib/python3.8/site-packages/airflow/example_dags/example_setup_teardown.py
[2025-03-03T16:50:32.440+0000] {logging_mixin.py:188} INFO - [2025-03-03T16:50:32.440+0000] {dag.py:3036} INFO - Sync 1 DAGs
[2025-03-03T16:50:32.467+0000] {logging_mixin.py:188} INFO - [2025-03-03T16:50:32.467+0000] {dag.py:3823} INFO - Setting next_dagrun for example_setup_teardown to 2025-03-02 00:00:00+00:00, run_after=2025-03-03 00:00:00+00:00
[2025-03-03T16:50:32.500+0000] {processor.py:183} INFO - Processing /home/airflow/.local/lib/python3.8/site-packages/airflow/example_dags/example_setup_teardown.py took 0.107 seconds
