[2025-03-03T15:44:48.998+0000] {processor.py:161} INFO - Started process (PID=78) to work on /home/airflow/.local/lib/python3.8/site-packages/airflow/example_dags/example_complex.py
[2025-03-03T15:44:48.999+0000] {processor.py:830} INFO - Processing file /home/airflow/.local/lib/python3.8/site-packages/airflow/example_dags/example_complex.py for tasks to queue
[2025-03-03T15:44:49.002+0000] {logging_mixin.py:188} INFO - [2025-03-03T15:44:49.001+0000] {dagbag.py:538} INFO - Filling up the DagBag from /home/airflow/.local/lib/python3.8/site-packages/airflow/example_dags/example_complex.py
[2025-03-03T15:44:49.034+0000] {processor.py:840} INFO - DAG(s) 'example_complex' retrieved from /home/airflow/.local/lib/python3.8/site-packages/airflow/example_dags/example_complex.py
[2025-03-03T15:44:49.242+0000] {logging_mixin.py:188} INFO - [2025-03-03T15:44:49.242+0000] {override.py:1769} INFO - Created Permission View: can edit on DAG:example_complex
[2025-03-03T15:44:49.258+0000] {logging_mixin.py:188} INFO - [2025-03-03T15:44:49.258+0000] {override.py:1769} INFO - Created Permission View: can read on DAG:example_complex
[2025-03-03T15:44:49.274+0000] {logging_mixin.py:188} INFO - [2025-03-03T15:44:49.274+0000] {override.py:1769} INFO - Created Permission View: can delete on DAG:example_complex
[2025-03-03T15:44:49.275+0000] {logging_mixin.py:188} INFO - [2025-03-03T15:44:49.274+0000] {dag.py:3036} INFO - Sync 1 DAGs
[2025-03-03T15:44:49.318+0000] {logging_mixin.py:188} INFO - [2025-03-03T15:44:49.317+0000] {dag.py:3058} INFO - Creating ORM DAG for example_complex
[2025-03-03T15:44:49.319+0000] {logging_mixin.py:188} INFO - [2025-03-03T15:44:49.319+0000] {dag.py:3823} INFO - Setting next_dagrun for example_complex to None, run_after=None
[2025-03-03T15:44:49.368+0000] {processor.py:183} INFO - Processing /home/airflow/.local/lib/python3.8/site-packages/airflow/example_dags/example_complex.py took 0.376 seconds
[2025-03-03T15:45:19.473+0000] {processor.py:161} INFO - Started process (PID=128) to work on /home/airflow/.local/lib/python3.8/site-packages/airflow/example_dags/example_complex.py
[2025-03-03T15:45:19.475+0000] {processor.py:830} INFO - Processing file /home/airflow/.local/lib/python3.8/site-packages/airflow/example_dags/example_complex.py for tasks to queue
[2025-03-03T15:45:19.478+0000] {logging_mixin.py:188} INFO - [2025-03-03T15:45:19.478+0000] {dagbag.py:538} INFO - Filling up the DagBag from /home/airflow/.local/lib/python3.8/site-packages/airflow/example_dags/example_complex.py
[2025-03-03T15:45:19.497+0000] {processor.py:840} INFO - DAG(s) 'example_complex' retrieved from /home/airflow/.local/lib/python3.8/site-packages/airflow/example_dags/example_complex.py
[2025-03-03T15:45:19.539+0000] {logging_mixin.py:188} INFO - [2025-03-03T15:45:19.539+0000] {dag.py:3036} INFO - Sync 1 DAGs
[2025-03-03T15:45:19.554+0000] {logging_mixin.py:188} INFO - [2025-03-03T15:45:19.553+0000] {dag.py:3823} INFO - Setting next_dagrun for example_complex to None, run_after=None
[2025-03-03T15:45:19.584+0000] {processor.py:183} INFO - Processing /home/airflow/.local/lib/python3.8/site-packages/airflow/example_dags/example_complex.py took 0.116 seconds
[2025-03-03T16:12:51.488+0000] {processor.py:161} INFO - Started process (PID=133) to work on /home/airflow/.local/lib/python3.8/site-packages/airflow/example_dags/example_complex.py
[2025-03-03T16:12:51.489+0000] {processor.py:830} INFO - Processing file /home/airflow/.local/lib/python3.8/site-packages/airflow/example_dags/example_complex.py for tasks to queue
[2025-03-03T16:12:51.492+0000] {logging_mixin.py:188} INFO - [2025-03-03T16:12:51.491+0000] {dagbag.py:538} INFO - Filling up the DagBag from /home/airflow/.local/lib/python3.8/site-packages/airflow/example_dags/example_complex.py
[2025-03-03T16:12:51.508+0000] {processor.py:840} INFO - DAG(s) 'example_complex' retrieved from /home/airflow/.local/lib/python3.8/site-packages/airflow/example_dags/example_complex.py
[2025-03-03T16:12:51.527+0000] {logging_mixin.py:188} INFO - [2025-03-03T16:12:51.527+0000] {dag.py:3036} INFO - Sync 1 DAGs
[2025-03-03T16:12:51.544+0000] {logging_mixin.py:188} INFO - [2025-03-03T16:12:51.544+0000] {dag.py:3823} INFO - Setting next_dagrun for example_complex to None, run_after=None
[2025-03-03T16:12:51.574+0000] {processor.py:183} INFO - Processing /home/airflow/.local/lib/python3.8/site-packages/airflow/example_dags/example_complex.py took 0.091 seconds
[2025-03-03T16:13:22.156+0000] {processor.py:161} INFO - Started process (PID=183) to work on /home/airflow/.local/lib/python3.8/site-packages/airflow/example_dags/example_complex.py
[2025-03-03T16:13:22.157+0000] {processor.py:830} INFO - Processing file /home/airflow/.local/lib/python3.8/site-packages/airflow/example_dags/example_complex.py for tasks to queue
[2025-03-03T16:13:22.159+0000] {logging_mixin.py:188} INFO - [2025-03-03T16:13:22.159+0000] {dagbag.py:538} INFO - Filling up the DagBag from /home/airflow/.local/lib/python3.8/site-packages/airflow/example_dags/example_complex.py
[2025-03-03T16:13:22.170+0000] {processor.py:840} INFO - DAG(s) 'example_complex' retrieved from /home/airflow/.local/lib/python3.8/site-packages/airflow/example_dags/example_complex.py
[2025-03-03T16:13:22.315+0000] {logging_mixin.py:188} INFO - [2025-03-03T16:13:22.314+0000] {dag.py:3036} INFO - Sync 1 DAGs
[2025-03-03T16:13:22.326+0000] {logging_mixin.py:188} INFO - [2025-03-03T16:13:22.326+0000] {dag.py:3823} INFO - Setting next_dagrun for example_complex to None, run_after=None
[2025-03-03T16:13:22.358+0000] {processor.py:183} INFO - Processing /home/airflow/.local/lib/python3.8/site-packages/airflow/example_dags/example_complex.py took 0.206 seconds
[2025-03-03T16:13:52.859+0000] {processor.py:161} INFO - Started process (PID=233) to work on /home/airflow/.local/lib/python3.8/site-packages/airflow/example_dags/example_complex.py
[2025-03-03T16:13:52.861+0000] {processor.py:830} INFO - Processing file /home/airflow/.local/lib/python3.8/site-packages/airflow/example_dags/example_complex.py for tasks to queue
[2025-03-03T16:13:52.863+0000] {logging_mixin.py:188} INFO - [2025-03-03T16:13:52.863+0000] {dagbag.py:538} INFO - Filling up the DagBag from /home/airflow/.local/lib/python3.8/site-packages/airflow/example_dags/example_complex.py
[2025-03-03T16:13:52.875+0000] {processor.py:840} INFO - DAG(s) 'example_complex' retrieved from /home/airflow/.local/lib/python3.8/site-packages/airflow/example_dags/example_complex.py
[2025-03-03T16:13:52.911+0000] {logging_mixin.py:188} INFO - [2025-03-03T16:13:52.910+0000] {dag.py:3036} INFO - Sync 1 DAGs
[2025-03-03T16:13:52.924+0000] {logging_mixin.py:188} INFO - [2025-03-03T16:13:52.924+0000] {dag.py:3823} INFO - Setting next_dagrun for example_complex to None, run_after=None
[2025-03-03T16:13:52.954+0000] {processor.py:183} INFO - Processing /home/airflow/.local/lib/python3.8/site-packages/airflow/example_dags/example_complex.py took 0.099 seconds
[2025-03-03T16:14:23.495+0000] {processor.py:161} INFO - Started process (PID=283) to work on /home/airflow/.local/lib/python3.8/site-packages/airflow/example_dags/example_complex.py
[2025-03-03T16:14:23.501+0000] {processor.py:830} INFO - Processing file /home/airflow/.local/lib/python3.8/site-packages/airflow/example_dags/example_complex.py for tasks to queue
[2025-03-03T16:14:23.503+0000] {logging_mixin.py:188} INFO - [2025-03-03T16:14:23.503+0000] {dagbag.py:538} INFO - Filling up the DagBag from /home/airflow/.local/lib/python3.8/site-packages/airflow/example_dags/example_complex.py
[2025-03-03T16:14:23.517+0000] {processor.py:840} INFO - DAG(s) 'example_complex' retrieved from /home/airflow/.local/lib/python3.8/site-packages/airflow/example_dags/example_complex.py
[2025-03-03T16:14:23.558+0000] {logging_mixin.py:188} INFO - [2025-03-03T16:14:23.558+0000] {dag.py:3036} INFO - Sync 1 DAGs
[2025-03-03T16:14:23.572+0000] {logging_mixin.py:188} INFO - [2025-03-03T16:14:23.571+0000] {dag.py:3823} INFO - Setting next_dagrun for example_complex to None, run_after=None
[2025-03-03T16:14:23.603+0000] {processor.py:183} INFO - Processing /home/airflow/.local/lib/python3.8/site-packages/airflow/example_dags/example_complex.py took 0.113 seconds
[2025-03-03T16:14:54.083+0000] {processor.py:161} INFO - Started process (PID=333) to work on /home/airflow/.local/lib/python3.8/site-packages/airflow/example_dags/example_complex.py
[2025-03-03T16:14:54.085+0000] {processor.py:830} INFO - Processing file /home/airflow/.local/lib/python3.8/site-packages/airflow/example_dags/example_complex.py for tasks to queue
[2025-03-03T16:14:54.087+0000] {logging_mixin.py:188} INFO - [2025-03-03T16:14:54.086+0000] {dagbag.py:538} INFO - Filling up the DagBag from /home/airflow/.local/lib/python3.8/site-packages/airflow/example_dags/example_complex.py
[2025-03-03T16:14:54.099+0000] {processor.py:840} INFO - DAG(s) 'example_complex' retrieved from /home/airflow/.local/lib/python3.8/site-packages/airflow/example_dags/example_complex.py
[2025-03-03T16:14:54.140+0000] {logging_mixin.py:188} INFO - [2025-03-03T16:14:54.140+0000] {dag.py:3036} INFO - Sync 1 DAGs
[2025-03-03T16:14:54.159+0000] {logging_mixin.py:188} INFO - [2025-03-03T16:14:54.159+0000] {dag.py:3823} INFO - Setting next_dagrun for example_complex to None, run_after=None
[2025-03-03T16:14:54.206+0000] {processor.py:183} INFO - Processing /home/airflow/.local/lib/python3.8/site-packages/airflow/example_dags/example_complex.py took 0.127 seconds
[2025-03-03T16:15:25.231+0000] {processor.py:161} INFO - Started process (PID=383) to work on /home/airflow/.local/lib/python3.8/site-packages/airflow/example_dags/example_complex.py
[2025-03-03T16:15:25.233+0000] {processor.py:830} INFO - Processing file /home/airflow/.local/lib/python3.8/site-packages/airflow/example_dags/example_complex.py for tasks to queue
[2025-03-03T16:15:25.236+0000] {logging_mixin.py:188} INFO - [2025-03-03T16:15:25.235+0000] {dagbag.py:538} INFO - Filling up the DagBag from /home/airflow/.local/lib/python3.8/site-packages/airflow/example_dags/example_complex.py
[2025-03-03T16:15:25.247+0000] {processor.py:840} INFO - DAG(s) 'example_complex' retrieved from /home/airflow/.local/lib/python3.8/site-packages/airflow/example_dags/example_complex.py
[2025-03-03T16:15:25.286+0000] {logging_mixin.py:188} INFO - [2025-03-03T16:15:25.285+0000] {dag.py:3036} INFO - Sync 1 DAGs
[2025-03-03T16:15:25.300+0000] {logging_mixin.py:188} INFO - [2025-03-03T16:15:25.300+0000] {dag.py:3823} INFO - Setting next_dagrun for example_complex to None, run_after=None
[2025-03-03T16:15:25.331+0000] {processor.py:183} INFO - Processing /home/airflow/.local/lib/python3.8/site-packages/airflow/example_dags/example_complex.py took 0.103 seconds
[2025-03-03T16:15:55.513+0000] {processor.py:161} INFO - Started process (PID=433) to work on /home/airflow/.local/lib/python3.8/site-packages/airflow/example_dags/example_complex.py
[2025-03-03T16:15:55.514+0000] {processor.py:830} INFO - Processing file /home/airflow/.local/lib/python3.8/site-packages/airflow/example_dags/example_complex.py for tasks to queue
[2025-03-03T16:15:55.516+0000] {logging_mixin.py:188} INFO - [2025-03-03T16:15:55.516+0000] {dagbag.py:538} INFO - Filling up the DagBag from /home/airflow/.local/lib/python3.8/site-packages/airflow/example_dags/example_complex.py
[2025-03-03T16:15:55.528+0000] {processor.py:840} INFO - DAG(s) 'example_complex' retrieved from /home/airflow/.local/lib/python3.8/site-packages/airflow/example_dags/example_complex.py
[2025-03-03T16:15:55.567+0000] {logging_mixin.py:188} INFO - [2025-03-03T16:15:55.567+0000] {dag.py:3036} INFO - Sync 1 DAGs
[2025-03-03T16:15:55.581+0000] {logging_mixin.py:188} INFO - [2025-03-03T16:15:55.581+0000] {dag.py:3823} INFO - Setting next_dagrun for example_complex to None, run_after=None
[2025-03-03T16:15:55.608+0000] {processor.py:183} INFO - Processing /home/airflow/.local/lib/python3.8/site-packages/airflow/example_dags/example_complex.py took 0.099 seconds
[2025-03-03T16:40:18.856+0000] {processor.py:161} INFO - Started process (PID=132) to work on /home/airflow/.local/lib/python3.8/site-packages/airflow/example_dags/example_complex.py
[2025-03-03T16:40:18.858+0000] {processor.py:830} INFO - Processing file /home/airflow/.local/lib/python3.8/site-packages/airflow/example_dags/example_complex.py for tasks to queue
[2025-03-03T16:40:18.861+0000] {logging_mixin.py:188} INFO - [2025-03-03T16:40:18.860+0000] {dagbag.py:538} INFO - Filling up the DagBag from /home/airflow/.local/lib/python3.8/site-packages/airflow/example_dags/example_complex.py
[2025-03-03T16:40:18.881+0000] {processor.py:840} INFO - DAG(s) 'example_complex' retrieved from /home/airflow/.local/lib/python3.8/site-packages/airflow/example_dags/example_complex.py
[2025-03-03T16:40:18.905+0000] {logging_mixin.py:188} INFO - [2025-03-03T16:40:18.905+0000] {dag.py:3036} INFO - Sync 1 DAGs
[2025-03-03T16:40:18.926+0000] {logging_mixin.py:188} INFO - [2025-03-03T16:40:18.925+0000] {dag.py:3823} INFO - Setting next_dagrun for example_complex to None, run_after=None
[2025-03-03T16:40:18.962+0000] {processor.py:183} INFO - Processing /home/airflow/.local/lib/python3.8/site-packages/airflow/example_dags/example_complex.py took 0.111 seconds
[2025-03-03T16:40:49.643+0000] {processor.py:161} INFO - Started process (PID=182) to work on /home/airflow/.local/lib/python3.8/site-packages/airflow/example_dags/example_complex.py
[2025-03-03T16:40:49.645+0000] {processor.py:830} INFO - Processing file /home/airflow/.local/lib/python3.8/site-packages/airflow/example_dags/example_complex.py for tasks to queue
[2025-03-03T16:40:49.648+0000] {logging_mixin.py:188} INFO - [2025-03-03T16:40:49.647+0000] {dagbag.py:538} INFO - Filling up the DagBag from /home/airflow/.local/lib/python3.8/site-packages/airflow/example_dags/example_complex.py
[2025-03-03T16:40:49.660+0000] {processor.py:840} INFO - DAG(s) 'example_complex' retrieved from /home/airflow/.local/lib/python3.8/site-packages/airflow/example_dags/example_complex.py
[2025-03-03T16:40:49.799+0000] {logging_mixin.py:188} INFO - [2025-03-03T16:40:49.799+0000] {dag.py:3036} INFO - Sync 1 DAGs
[2025-03-03T16:40:49.811+0000] {logging_mixin.py:188} INFO - [2025-03-03T16:40:49.811+0000] {dag.py:3823} INFO - Setting next_dagrun for example_complex to None, run_after=None
[2025-03-03T16:40:49.848+0000] {processor.py:183} INFO - Processing /home/airflow/.local/lib/python3.8/site-packages/airflow/example_dags/example_complex.py took 0.210 seconds
[2025-03-03T16:41:20.728+0000] {processor.py:161} INFO - Started process (PID=232) to work on /home/airflow/.local/lib/python3.8/site-packages/airflow/example_dags/example_complex.py
[2025-03-03T16:41:20.729+0000] {processor.py:830} INFO - Processing file /home/airflow/.local/lib/python3.8/site-packages/airflow/example_dags/example_complex.py for tasks to queue
[2025-03-03T16:41:20.731+0000] {logging_mixin.py:188} INFO - [2025-03-03T16:41:20.731+0000] {dagbag.py:538} INFO - Filling up the DagBag from /home/airflow/.local/lib/python3.8/site-packages/airflow/example_dags/example_complex.py
[2025-03-03T16:41:20.743+0000] {processor.py:840} INFO - DAG(s) 'example_complex' retrieved from /home/airflow/.local/lib/python3.8/site-packages/airflow/example_dags/example_complex.py
[2025-03-03T16:41:20.783+0000] {logging_mixin.py:188} INFO - [2025-03-03T16:41:20.782+0000] {dag.py:3036} INFO - Sync 1 DAGs
[2025-03-03T16:41:20.798+0000] {logging_mixin.py:188} INFO - [2025-03-03T16:41:20.798+0000] {dag.py:3823} INFO - Setting next_dagrun for example_complex to None, run_after=None
[2025-03-03T16:41:20.828+0000] {processor.py:183} INFO - Processing /home/airflow/.local/lib/python3.8/site-packages/airflow/example_dags/example_complex.py took 0.104 seconds
[2025-03-03T16:41:51.108+0000] {processor.py:161} INFO - Started process (PID=282) to work on /home/airflow/.local/lib/python3.8/site-packages/airflow/example_dags/example_complex.py
[2025-03-03T16:41:51.111+0000] {processor.py:830} INFO - Processing file /home/airflow/.local/lib/python3.8/site-packages/airflow/example_dags/example_complex.py for tasks to queue
[2025-03-03T16:41:51.114+0000] {logging_mixin.py:188} INFO - [2025-03-03T16:41:51.113+0000] {dagbag.py:538} INFO - Filling up the DagBag from /home/airflow/.local/lib/python3.8/site-packages/airflow/example_dags/example_complex.py
[2025-03-03T16:41:51.128+0000] {processor.py:840} INFO - DAG(s) 'example_complex' retrieved from /home/airflow/.local/lib/python3.8/site-packages/airflow/example_dags/example_complex.py
[2025-03-03T16:41:51.169+0000] {logging_mixin.py:188} INFO - [2025-03-03T16:41:51.169+0000] {dag.py:3036} INFO - Sync 1 DAGs
[2025-03-03T16:41:51.186+0000] {logging_mixin.py:188} INFO - [2025-03-03T16:41:51.186+0000] {dag.py:3823} INFO - Setting next_dagrun for example_complex to None, run_after=None
[2025-03-03T16:41:51.219+0000] {processor.py:183} INFO - Processing /home/airflow/.local/lib/python3.8/site-packages/airflow/example_dags/example_complex.py took 0.115 seconds
[2025-03-03T16:42:21.263+0000] {processor.py:161} INFO - Started process (PID=331) to work on /home/airflow/.local/lib/python3.8/site-packages/airflow/example_dags/example_complex.py
[2025-03-03T16:42:21.265+0000] {processor.py:830} INFO - Processing file /home/airflow/.local/lib/python3.8/site-packages/airflow/example_dags/example_complex.py for tasks to queue
[2025-03-03T16:42:21.267+0000] {logging_mixin.py:188} INFO - [2025-03-03T16:42:21.267+0000] {dagbag.py:538} INFO - Filling up the DagBag from /home/airflow/.local/lib/python3.8/site-packages/airflow/example_dags/example_complex.py
[2025-03-03T16:42:21.280+0000] {processor.py:840} INFO - DAG(s) 'example_complex' retrieved from /home/airflow/.local/lib/python3.8/site-packages/airflow/example_dags/example_complex.py
[2025-03-03T16:42:21.319+0000] {logging_mixin.py:188} INFO - [2025-03-03T16:42:21.318+0000] {dag.py:3036} INFO - Sync 1 DAGs
[2025-03-03T16:42:21.332+0000] {logging_mixin.py:188} INFO - [2025-03-03T16:42:21.332+0000] {dag.py:3823} INFO - Setting next_dagrun for example_complex to None, run_after=None
[2025-03-03T16:42:21.361+0000] {processor.py:183} INFO - Processing /home/airflow/.local/lib/python3.8/site-packages/airflow/example_dags/example_complex.py took 0.102 seconds
[2025-03-03T16:42:51.539+0000] {processor.py:161} INFO - Started process (PID=382) to work on /home/airflow/.local/lib/python3.8/site-packages/airflow/example_dags/example_complex.py
[2025-03-03T16:42:51.541+0000] {processor.py:830} INFO - Processing file /home/airflow/.local/lib/python3.8/site-packages/airflow/example_dags/example_complex.py for tasks to queue
[2025-03-03T16:42:51.543+0000] {logging_mixin.py:188} INFO - [2025-03-03T16:42:51.542+0000] {dagbag.py:538} INFO - Filling up the DagBag from /home/airflow/.local/lib/python3.8/site-packages/airflow/example_dags/example_complex.py
[2025-03-03T16:42:51.554+0000] {processor.py:840} INFO - DAG(s) 'example_complex' retrieved from /home/airflow/.local/lib/python3.8/site-packages/airflow/example_dags/example_complex.py
[2025-03-03T16:42:51.593+0000] {logging_mixin.py:188} INFO - [2025-03-03T16:42:51.592+0000] {dag.py:3036} INFO - Sync 1 DAGs
[2025-03-03T16:42:51.607+0000] {logging_mixin.py:188} INFO - [2025-03-03T16:42:51.607+0000] {dag.py:3823} INFO - Setting next_dagrun for example_complex to None, run_after=None
[2025-03-03T16:42:51.638+0000] {processor.py:183} INFO - Processing /home/airflow/.local/lib/python3.8/site-packages/airflow/example_dags/example_complex.py took 0.102 seconds
[2025-03-03T16:43:21.833+0000] {processor.py:161} INFO - Started process (PID=432) to work on /home/airflow/.local/lib/python3.8/site-packages/airflow/example_dags/example_complex.py
[2025-03-03T16:43:21.834+0000] {processor.py:830} INFO - Processing file /home/airflow/.local/lib/python3.8/site-packages/airflow/example_dags/example_complex.py for tasks to queue
[2025-03-03T16:43:21.837+0000] {logging_mixin.py:188} INFO - [2025-03-03T16:43:21.836+0000] {dagbag.py:538} INFO - Filling up the DagBag from /home/airflow/.local/lib/python3.8/site-packages/airflow/example_dags/example_complex.py
[2025-03-03T16:43:21.849+0000] {processor.py:840} INFO - DAG(s) 'example_complex' retrieved from /home/airflow/.local/lib/python3.8/site-packages/airflow/example_dags/example_complex.py
[2025-03-03T16:43:21.886+0000] {logging_mixin.py:188} INFO - [2025-03-03T16:43:21.886+0000] {dag.py:3036} INFO - Sync 1 DAGs
[2025-03-03T16:43:21.901+0000] {logging_mixin.py:188} INFO - [2025-03-03T16:43:21.900+0000] {dag.py:3823} INFO - Setting next_dagrun for example_complex to None, run_after=None
[2025-03-03T16:43:21.929+0000] {processor.py:183} INFO - Processing /home/airflow/.local/lib/python3.8/site-packages/airflow/example_dags/example_complex.py took 0.100 seconds
[2025-03-03T16:43:52.833+0000] {processor.py:161} INFO - Started process (PID=482) to work on /home/airflow/.local/lib/python3.8/site-packages/airflow/example_dags/example_complex.py
[2025-03-03T16:43:52.834+0000] {processor.py:830} INFO - Processing file /home/airflow/.local/lib/python3.8/site-packages/airflow/example_dags/example_complex.py for tasks to queue
[2025-03-03T16:43:52.836+0000] {logging_mixin.py:188} INFO - [2025-03-03T16:43:52.836+0000] {dagbag.py:538} INFO - Filling up the DagBag from /home/airflow/.local/lib/python3.8/site-packages/airflow/example_dags/example_complex.py
[2025-03-03T16:43:52.848+0000] {processor.py:840} INFO - DAG(s) 'example_complex' retrieved from /home/airflow/.local/lib/python3.8/site-packages/airflow/example_dags/example_complex.py
[2025-03-03T16:43:52.885+0000] {logging_mixin.py:188} INFO - [2025-03-03T16:43:52.885+0000] {dag.py:3036} INFO - Sync 1 DAGs
[2025-03-03T16:43:52.899+0000] {logging_mixin.py:188} INFO - [2025-03-03T16:43:52.899+0000] {dag.py:3823} INFO - Setting next_dagrun for example_complex to None, run_after=None
[2025-03-03T16:43:52.929+0000] {processor.py:183} INFO - Processing /home/airflow/.local/lib/python3.8/site-packages/airflow/example_dags/example_complex.py took 0.100 seconds
[2025-03-03T16:44:23.089+0000] {processor.py:161} INFO - Started process (PID=532) to work on /home/airflow/.local/lib/python3.8/site-packages/airflow/example_dags/example_complex.py
[2025-03-03T16:44:23.091+0000] {processor.py:830} INFO - Processing file /home/airflow/.local/lib/python3.8/site-packages/airflow/example_dags/example_complex.py for tasks to queue
[2025-03-03T16:44:23.093+0000] {logging_mixin.py:188} INFO - [2025-03-03T16:44:23.093+0000] {dagbag.py:538} INFO - Filling up the DagBag from /home/airflow/.local/lib/python3.8/site-packages/airflow/example_dags/example_complex.py
[2025-03-03T16:44:23.105+0000] {processor.py:840} INFO - DAG(s) 'example_complex' retrieved from /home/airflow/.local/lib/python3.8/site-packages/airflow/example_dags/example_complex.py
[2025-03-03T16:44:23.143+0000] {logging_mixin.py:188} INFO - [2025-03-03T16:44:23.142+0000] {dag.py:3036} INFO - Sync 1 DAGs
[2025-03-03T16:44:23.157+0000] {logging_mixin.py:188} INFO - [2025-03-03T16:44:23.156+0000] {dag.py:3823} INFO - Setting next_dagrun for example_complex to None, run_after=None
[2025-03-03T16:44:23.186+0000] {processor.py:183} INFO - Processing /home/airflow/.local/lib/python3.8/site-packages/airflow/example_dags/example_complex.py took 0.101 seconds
[2025-03-03T16:44:53.336+0000] {processor.py:161} INFO - Started process (PID=582) to work on /home/airflow/.local/lib/python3.8/site-packages/airflow/example_dags/example_complex.py
[2025-03-03T16:44:53.337+0000] {processor.py:830} INFO - Processing file /home/airflow/.local/lib/python3.8/site-packages/airflow/example_dags/example_complex.py for tasks to queue
[2025-03-03T16:44:53.339+0000] {logging_mixin.py:188} INFO - [2025-03-03T16:44:53.339+0000] {dagbag.py:538} INFO - Filling up the DagBag from /home/airflow/.local/lib/python3.8/site-packages/airflow/example_dags/example_complex.py
[2025-03-03T16:44:53.352+0000] {processor.py:840} INFO - DAG(s) 'example_complex' retrieved from /home/airflow/.local/lib/python3.8/site-packages/airflow/example_dags/example_complex.py
[2025-03-03T16:44:53.391+0000] {logging_mixin.py:188} INFO - [2025-03-03T16:44:53.390+0000] {dag.py:3036} INFO - Sync 1 DAGs
[2025-03-03T16:44:53.405+0000] {logging_mixin.py:188} INFO - [2025-03-03T16:44:53.405+0000] {dag.py:3823} INFO - Setting next_dagrun for example_complex to None, run_after=None
[2025-03-03T16:44:53.450+0000] {processor.py:183} INFO - Processing /home/airflow/.local/lib/python3.8/site-packages/airflow/example_dags/example_complex.py took 0.119 seconds
[2025-03-03T16:45:23.838+0000] {processor.py:161} INFO - Started process (PID=632) to work on /home/airflow/.local/lib/python3.8/site-packages/airflow/example_dags/example_complex.py
[2025-03-03T16:45:23.840+0000] {processor.py:830} INFO - Processing file /home/airflow/.local/lib/python3.8/site-packages/airflow/example_dags/example_complex.py for tasks to queue
[2025-03-03T16:45:23.842+0000] {logging_mixin.py:188} INFO - [2025-03-03T16:45:23.842+0000] {dagbag.py:538} INFO - Filling up the DagBag from /home/airflow/.local/lib/python3.8/site-packages/airflow/example_dags/example_complex.py
[2025-03-03T16:45:23.853+0000] {processor.py:840} INFO - DAG(s) 'example_complex' retrieved from /home/airflow/.local/lib/python3.8/site-packages/airflow/example_dags/example_complex.py
[2025-03-03T16:45:23.891+0000] {logging_mixin.py:188} INFO - [2025-03-03T16:45:23.891+0000] {dag.py:3036} INFO - Sync 1 DAGs
[2025-03-03T16:45:23.905+0000] {logging_mixin.py:188} INFO - [2025-03-03T16:45:23.905+0000] {dag.py:3823} INFO - Setting next_dagrun for example_complex to None, run_after=None
[2025-03-03T16:45:23.934+0000] {processor.py:183} INFO - Processing /home/airflow/.local/lib/python3.8/site-packages/airflow/example_dags/example_complex.py took 0.099 seconds
[2025-03-03T16:45:54.297+0000] {processor.py:161} INFO - Started process (PID=682) to work on /home/airflow/.local/lib/python3.8/site-packages/airflow/example_dags/example_complex.py
[2025-03-03T16:45:54.299+0000] {processor.py:830} INFO - Processing file /home/airflow/.local/lib/python3.8/site-packages/airflow/example_dags/example_complex.py for tasks to queue
[2025-03-03T16:45:54.301+0000] {logging_mixin.py:188} INFO - [2025-03-03T16:45:54.301+0000] {dagbag.py:538} INFO - Filling up the DagBag from /home/airflow/.local/lib/python3.8/site-packages/airflow/example_dags/example_complex.py
[2025-03-03T16:45:54.312+0000] {processor.py:840} INFO - DAG(s) 'example_complex' retrieved from /home/airflow/.local/lib/python3.8/site-packages/airflow/example_dags/example_complex.py
[2025-03-03T16:45:54.348+0000] {logging_mixin.py:188} INFO - [2025-03-03T16:45:54.348+0000] {dag.py:3036} INFO - Sync 1 DAGs
[2025-03-03T16:45:54.362+0000] {logging_mixin.py:188} INFO - [2025-03-03T16:45:54.361+0000] {dag.py:3823} INFO - Setting next_dagrun for example_complex to None, run_after=None
[2025-03-03T16:45:54.393+0000] {processor.py:183} INFO - Processing /home/airflow/.local/lib/python3.8/site-packages/airflow/example_dags/example_complex.py took 0.099 seconds
[2025-03-03T16:46:24.797+0000] {processor.py:161} INFO - Started process (PID=732) to work on /home/airflow/.local/lib/python3.8/site-packages/airflow/example_dags/example_complex.py
[2025-03-03T16:46:24.799+0000] {processor.py:830} INFO - Processing file /home/airflow/.local/lib/python3.8/site-packages/airflow/example_dags/example_complex.py for tasks to queue
[2025-03-03T16:46:24.802+0000] {logging_mixin.py:188} INFO - [2025-03-03T16:46:24.802+0000] {dagbag.py:538} INFO - Filling up the DagBag from /home/airflow/.local/lib/python3.8/site-packages/airflow/example_dags/example_complex.py
[2025-03-03T16:46:24.814+0000] {processor.py:840} INFO - DAG(s) 'example_complex' retrieved from /home/airflow/.local/lib/python3.8/site-packages/airflow/example_dags/example_complex.py
[2025-03-03T16:46:24.850+0000] {logging_mixin.py:188} INFO - [2025-03-03T16:46:24.850+0000] {dag.py:3036} INFO - Sync 1 DAGs
[2025-03-03T16:46:24.863+0000] {logging_mixin.py:188} INFO - [2025-03-03T16:46:24.863+0000] {dag.py:3823} INFO - Setting next_dagrun for example_complex to None, run_after=None
[2025-03-03T16:46:24.891+0000] {processor.py:183} INFO - Processing /home/airflow/.local/lib/python3.8/site-packages/airflow/example_dags/example_complex.py took 0.097 seconds
[2025-03-03T16:46:55.256+0000] {processor.py:161} INFO - Started process (PID=782) to work on /home/airflow/.local/lib/python3.8/site-packages/airflow/example_dags/example_complex.py
[2025-03-03T16:46:55.258+0000] {processor.py:830} INFO - Processing file /home/airflow/.local/lib/python3.8/site-packages/airflow/example_dags/example_complex.py for tasks to queue
[2025-03-03T16:46:55.260+0000] {logging_mixin.py:188} INFO - [2025-03-03T16:46:55.259+0000] {dagbag.py:538} INFO - Filling up the DagBag from /home/airflow/.local/lib/python3.8/site-packages/airflow/example_dags/example_complex.py
[2025-03-03T16:46:55.271+0000] {processor.py:840} INFO - DAG(s) 'example_complex' retrieved from /home/airflow/.local/lib/python3.8/site-packages/airflow/example_dags/example_complex.py
[2025-03-03T16:46:55.308+0000] {logging_mixin.py:188} INFO - [2025-03-03T16:46:55.307+0000] {dag.py:3036} INFO - Sync 1 DAGs
[2025-03-03T16:46:55.323+0000] {logging_mixin.py:188} INFO - [2025-03-03T16:46:55.322+0000] {dag.py:3823} INFO - Setting next_dagrun for example_complex to None, run_after=None
[2025-03-03T16:46:55.350+0000] {processor.py:183} INFO - Processing /home/airflow/.local/lib/python3.8/site-packages/airflow/example_dags/example_complex.py took 0.098 seconds
[2025-03-03T16:47:25.834+0000] {processor.py:161} INFO - Started process (PID=832) to work on /home/airflow/.local/lib/python3.8/site-packages/airflow/example_dags/example_complex.py
[2025-03-03T16:47:25.836+0000] {processor.py:830} INFO - Processing file /home/airflow/.local/lib/python3.8/site-packages/airflow/example_dags/example_complex.py for tasks to queue
[2025-03-03T16:47:25.839+0000] {logging_mixin.py:188} INFO - [2025-03-03T16:47:25.838+0000] {dagbag.py:538} INFO - Filling up the DagBag from /home/airflow/.local/lib/python3.8/site-packages/airflow/example_dags/example_complex.py
[2025-03-03T16:47:25.851+0000] {processor.py:840} INFO - DAG(s) 'example_complex' retrieved from /home/airflow/.local/lib/python3.8/site-packages/airflow/example_dags/example_complex.py
[2025-03-03T16:47:25.892+0000] {logging_mixin.py:188} INFO - [2025-03-03T16:47:25.891+0000] {dag.py:3036} INFO - Sync 1 DAGs
[2025-03-03T16:47:25.907+0000] {logging_mixin.py:188} INFO - [2025-03-03T16:47:25.906+0000] {dag.py:3823} INFO - Setting next_dagrun for example_complex to None, run_after=None
[2025-03-03T16:47:25.937+0000] {processor.py:183} INFO - Processing /home/airflow/.local/lib/python3.8/site-packages/airflow/example_dags/example_complex.py took 0.107 seconds
[2025-03-03T16:47:56.361+0000] {processor.py:161} INFO - Started process (PID=882) to work on /home/airflow/.local/lib/python3.8/site-packages/airflow/example_dags/example_complex.py
[2025-03-03T16:47:56.363+0000] {processor.py:830} INFO - Processing file /home/airflow/.local/lib/python3.8/site-packages/airflow/example_dags/example_complex.py for tasks to queue
[2025-03-03T16:47:56.366+0000] {logging_mixin.py:188} INFO - [2025-03-03T16:47:56.366+0000] {dagbag.py:538} INFO - Filling up the DagBag from /home/airflow/.local/lib/python3.8/site-packages/airflow/example_dags/example_complex.py
[2025-03-03T16:47:56.380+0000] {processor.py:840} INFO - DAG(s) 'example_complex' retrieved from /home/airflow/.local/lib/python3.8/site-packages/airflow/example_dags/example_complex.py
[2025-03-03T16:47:56.425+0000] {logging_mixin.py:188} INFO - [2025-03-03T16:47:56.424+0000] {dag.py:3036} INFO - Sync 1 DAGs
[2025-03-03T16:47:56.440+0000] {logging_mixin.py:188} INFO - [2025-03-03T16:47:56.440+0000] {dag.py:3823} INFO - Setting next_dagrun for example_complex to None, run_after=None
[2025-03-03T16:47:56.474+0000] {processor.py:183} INFO - Processing /home/airflow/.local/lib/python3.8/site-packages/airflow/example_dags/example_complex.py took 0.118 seconds
[2025-03-03T16:48:26.540+0000] {processor.py:161} INFO - Started process (PID=931) to work on /home/airflow/.local/lib/python3.8/site-packages/airflow/example_dags/example_complex.py
[2025-03-03T16:48:26.542+0000] {processor.py:830} INFO - Processing file /home/airflow/.local/lib/python3.8/site-packages/airflow/example_dags/example_complex.py for tasks to queue
[2025-03-03T16:48:26.544+0000] {logging_mixin.py:188} INFO - [2025-03-03T16:48:26.544+0000] {dagbag.py:538} INFO - Filling up the DagBag from /home/airflow/.local/lib/python3.8/site-packages/airflow/example_dags/example_complex.py
[2025-03-03T16:48:26.557+0000] {processor.py:840} INFO - DAG(s) 'example_complex' retrieved from /home/airflow/.local/lib/python3.8/site-packages/airflow/example_dags/example_complex.py
[2025-03-03T16:48:26.595+0000] {logging_mixin.py:188} INFO - [2025-03-03T16:48:26.594+0000] {dag.py:3036} INFO - Sync 1 DAGs
[2025-03-03T16:48:26.610+0000] {logging_mixin.py:188} INFO - [2025-03-03T16:48:26.610+0000] {dag.py:3823} INFO - Setting next_dagrun for example_complex to None, run_after=None
[2025-03-03T16:48:26.643+0000] {processor.py:183} INFO - Processing /home/airflow/.local/lib/python3.8/site-packages/airflow/example_dags/example_complex.py took 0.108 seconds
[2025-03-03T16:48:56.736+0000] {processor.py:161} INFO - Started process (PID=981) to work on /home/airflow/.local/lib/python3.8/site-packages/airflow/example_dags/example_complex.py
[2025-03-03T16:48:56.738+0000] {processor.py:830} INFO - Processing file /home/airflow/.local/lib/python3.8/site-packages/airflow/example_dags/example_complex.py for tasks to queue
[2025-03-03T16:48:56.740+0000] {logging_mixin.py:188} INFO - [2025-03-03T16:48:56.739+0000] {dagbag.py:538} INFO - Filling up the DagBag from /home/airflow/.local/lib/python3.8/site-packages/airflow/example_dags/example_complex.py
[2025-03-03T16:48:56.752+0000] {processor.py:840} INFO - DAG(s) 'example_complex' retrieved from /home/airflow/.local/lib/python3.8/site-packages/airflow/example_dags/example_complex.py
[2025-03-03T16:48:56.791+0000] {logging_mixin.py:188} INFO - [2025-03-03T16:48:56.791+0000] {dag.py:3036} INFO - Sync 1 DAGs
[2025-03-03T16:48:56.805+0000] {logging_mixin.py:188} INFO - [2025-03-03T16:48:56.805+0000] {dag.py:3823} INFO - Setting next_dagrun for example_complex to None, run_after=None
[2025-03-03T16:48:56.835+0000] {processor.py:183} INFO - Processing /home/airflow/.local/lib/python3.8/site-packages/airflow/example_dags/example_complex.py took 0.102 seconds
[2025-03-03T16:49:27.166+0000] {processor.py:161} INFO - Started process (PID=1031) to work on /home/airflow/.local/lib/python3.8/site-packages/airflow/example_dags/example_complex.py
[2025-03-03T16:49:27.170+0000] {processor.py:830} INFO - Processing file /home/airflow/.local/lib/python3.8/site-packages/airflow/example_dags/example_complex.py for tasks to queue
[2025-03-03T16:49:27.180+0000] {logging_mixin.py:188} INFO - [2025-03-03T16:49:27.179+0000] {dagbag.py:538} INFO - Filling up the DagBag from /home/airflow/.local/lib/python3.8/site-packages/airflow/example_dags/example_complex.py
[2025-03-03T16:49:27.233+0000] {processor.py:840} INFO - DAG(s) 'example_complex' retrieved from /home/airflow/.local/lib/python3.8/site-packages/airflow/example_dags/example_complex.py
[2025-03-03T16:49:27.366+0000] {logging_mixin.py:188} INFO - [2025-03-03T16:49:27.365+0000] {dag.py:3036} INFO - Sync 1 DAGs
[2025-03-03T16:49:27.418+0000] {logging_mixin.py:188} INFO - [2025-03-03T16:49:27.418+0000] {dag.py:3823} INFO - Setting next_dagrun for example_complex to None, run_after=None
[2025-03-03T16:49:27.456+0000] {processor.py:183} INFO - Processing /home/airflow/.local/lib/python3.8/site-packages/airflow/example_dags/example_complex.py took 0.306 seconds
[2025-03-03T16:49:57.542+0000] {processor.py:161} INFO - Started process (PID=1081) to work on /home/airflow/.local/lib/python3.8/site-packages/airflow/example_dags/example_complex.py
[2025-03-03T16:49:57.543+0000] {processor.py:830} INFO - Processing file /home/airflow/.local/lib/python3.8/site-packages/airflow/example_dags/example_complex.py for tasks to queue
[2025-03-03T16:49:57.545+0000] {logging_mixin.py:188} INFO - [2025-03-03T16:49:57.544+0000] {dagbag.py:538} INFO - Filling up the DagBag from /home/airflow/.local/lib/python3.8/site-packages/airflow/example_dags/example_complex.py
[2025-03-03T16:49:57.557+0000] {processor.py:840} INFO - DAG(s) 'example_complex' retrieved from /home/airflow/.local/lib/python3.8/site-packages/airflow/example_dags/example_complex.py
[2025-03-03T16:49:57.594+0000] {logging_mixin.py:188} INFO - [2025-03-03T16:49:57.593+0000] {dag.py:3036} INFO - Sync 1 DAGs
[2025-03-03T16:49:57.607+0000] {logging_mixin.py:188} INFO - [2025-03-03T16:49:57.607+0000] {dag.py:3823} INFO - Setting next_dagrun for example_complex to None, run_after=None
[2025-03-03T16:49:57.635+0000] {processor.py:183} INFO - Processing /home/airflow/.local/lib/python3.8/site-packages/airflow/example_dags/example_complex.py took 0.097 seconds
[2025-03-03T16:50:27.767+0000] {processor.py:161} INFO - Started process (PID=1131) to work on /home/airflow/.local/lib/python3.8/site-packages/airflow/example_dags/example_complex.py
[2025-03-03T16:50:27.768+0000] {processor.py:830} INFO - Processing file /home/airflow/.local/lib/python3.8/site-packages/airflow/example_dags/example_complex.py for tasks to queue
[2025-03-03T16:50:27.772+0000] {logging_mixin.py:188} INFO - [2025-03-03T16:50:27.771+0000] {dagbag.py:538} INFO - Filling up the DagBag from /home/airflow/.local/lib/python3.8/site-packages/airflow/example_dags/example_complex.py
[2025-03-03T16:50:27.784+0000] {processor.py:840} INFO - DAG(s) 'example_complex' retrieved from /home/airflow/.local/lib/python3.8/site-packages/airflow/example_dags/example_complex.py
[2025-03-03T16:50:27.822+0000] {logging_mixin.py:188} INFO - [2025-03-03T16:50:27.822+0000] {dag.py:3036} INFO - Sync 1 DAGs
[2025-03-03T16:50:27.836+0000] {logging_mixin.py:188} INFO - [2025-03-03T16:50:27.836+0000] {dag.py:3823} INFO - Setting next_dagrun for example_complex to None, run_after=None
[2025-03-03T16:50:27.864+0000] {processor.py:183} INFO - Processing /home/airflow/.local/lib/python3.8/site-packages/airflow/example_dags/example_complex.py took 0.101 seconds
[2025-03-03T16:50:58.001+0000] {processor.py:161} INFO - Started process (PID=1181) to work on /home/airflow/.local/lib/python3.8/site-packages/airflow/example_dags/example_complex.py
[2025-03-03T16:50:58.003+0000] {processor.py:830} INFO - Processing file /home/airflow/.local/lib/python3.8/site-packages/airflow/example_dags/example_complex.py for tasks to queue
[2025-03-03T16:50:58.006+0000] {logging_mixin.py:188} INFO - [2025-03-03T16:50:58.005+0000] {dagbag.py:538} INFO - Filling up the DagBag from /home/airflow/.local/lib/python3.8/site-packages/airflow/example_dags/example_complex.py
[2025-03-03T16:50:58.018+0000] {processor.py:840} INFO - DAG(s) 'example_complex' retrieved from /home/airflow/.local/lib/python3.8/site-packages/airflow/example_dags/example_complex.py
[2025-03-03T16:50:58.056+0000] {logging_mixin.py:188} INFO - [2025-03-03T16:50:58.056+0000] {dag.py:3036} INFO - Sync 1 DAGs
[2025-03-03T16:50:58.069+0000] {logging_mixin.py:188} INFO - [2025-03-03T16:50:58.069+0000] {dag.py:3823} INFO - Setting next_dagrun for example_complex to None, run_after=None
[2025-03-03T16:50:58.098+0000] {processor.py:183} INFO - Processing /home/airflow/.local/lib/python3.8/site-packages/airflow/example_dags/example_complex.py took 0.101 seconds
