[2025-03-03T19:35:16.603+0000] {processor.py:186} INFO - Started process (PID=96) to work on /home/airflow/.local/lib/python3.12/site-packages/airflow/example_dags/example_display_name.py
[2025-03-03T19:35:16.605+0000] {processor.py:914} INFO - Processing file /home/airflow/.local/lib/python3.12/site-packages/airflow/example_dags/example_display_name.py for tasks to queue
[2025-03-03T19:35:16.612+0000] {logging_mixin.py:190} INFO - [2025-03-03T19:35:16.611+0000] {dagbag.py:588} INFO - Filling up the DagBag from /home/airflow/.local/lib/python3.12/site-packages/airflow/example_dags/example_display_name.py
[2025-03-03T19:35:16.631+0000] {processor.py:925} INFO - DAG(s) 'example_display_name' retrieved from /home/airflow/.local/lib/python3.12/site-packages/airflow/example_dags/example_display_name.py
[2025-03-03T19:35:16.867+0000] {logging_mixin.py:190} INFO - [2025-03-03T19:35:16.867+0000] {dag.py:3239} INFO - Sync 1 DAGs
[2025-03-03T19:35:16.896+0000] {logging_mixin.py:190} INFO - [2025-03-03T19:35:16.896+0000] {dag.py:4180} INFO - Setting next_dagrun for example_display_name to None, run_after=None
[2025-03-03T19:35:16.924+0000] {processor.py:208} INFO - Processing /home/airflow/.local/lib/python3.12/site-packages/airflow/example_dags/example_display_name.py took 0.335 seconds
[2025-03-03T19:35:49.765+0000] {processor.py:186} INFO - Started process (PID=155) to work on /home/airflow/.local/lib/python3.12/site-packages/airflow/example_dags/example_display_name.py
[2025-03-03T19:35:49.769+0000] {processor.py:914} INFO - Processing file /home/airflow/.local/lib/python3.12/site-packages/airflow/example_dags/example_display_name.py for tasks to queue
[2025-03-03T19:35:49.812+0000] {logging_mixin.py:190} INFO - [2025-03-03T19:35:49.811+0000] {dagbag.py:588} INFO - Filling up the DagBag from /home/airflow/.local/lib/python3.12/site-packages/airflow/example_dags/example_display_name.py
[2025-03-03T19:35:49.854+0000] {processor.py:925} INFO - DAG(s) 'example_display_name' retrieved from /home/airflow/.local/lib/python3.12/site-packages/airflow/example_dags/example_display_name.py
[2025-03-03T19:35:49.953+0000] {logging_mixin.py:190} INFO - [2025-03-03T19:35:49.952+0000] {dag.py:3239} INFO - Sync 1 DAGs
[2025-03-03T19:35:50.062+0000] {logging_mixin.py:190} INFO - [2025-03-03T19:35:50.061+0000] {dag.py:4180} INFO - Setting next_dagrun for example_display_name to None, run_after=None
[2025-03-03T19:35:50.127+0000] {processor.py:208} INFO - Processing /home/airflow/.local/lib/python3.12/site-packages/airflow/example_dags/example_display_name.py took 0.399 seconds
[2025-03-03T19:36:27.609+0000] {processor.py:186} INFO - Started process (PID=214) to work on /home/airflow/.local/lib/python3.12/site-packages/airflow/example_dags/example_display_name.py
[2025-03-03T19:36:27.612+0000] {processor.py:914} INFO - Processing file /home/airflow/.local/lib/python3.12/site-packages/airflow/example_dags/example_display_name.py for tasks to queue
[2025-03-03T19:36:27.616+0000] {logging_mixin.py:190} INFO - [2025-03-03T19:36:27.616+0000] {dagbag.py:588} INFO - Filling up the DagBag from /home/airflow/.local/lib/python3.12/site-packages/airflow/example_dags/example_display_name.py
[2025-03-03T19:36:27.658+0000] {processor.py:925} INFO - DAG(s) 'example_display_name' retrieved from /home/airflow/.local/lib/python3.12/site-packages/airflow/example_dags/example_display_name.py
[2025-03-03T19:36:27.707+0000] {logging_mixin.py:190} INFO - [2025-03-03T19:36:27.706+0000] {dag.py:3239} INFO - Sync 1 DAGs
[2025-03-03T19:36:27.750+0000] {logging_mixin.py:190} INFO - [2025-03-03T19:36:27.749+0000] {dag.py:4180} INFO - Setting next_dagrun for example_display_name to None, run_after=None
[2025-03-03T19:36:27.794+0000] {processor.py:208} INFO - Processing /home/airflow/.local/lib/python3.12/site-packages/airflow/example_dags/example_display_name.py took 0.216 seconds
[2025-03-03T19:37:18.814+0000] {processor.py:186} INFO - Started process (PID=282) to work on /home/airflow/.local/lib/python3.12/site-packages/airflow/example_dags/example_display_name.py
[2025-03-03T19:37:18.846+0000] {processor.py:914} INFO - Processing file /home/airflow/.local/lib/python3.12/site-packages/airflow/example_dags/example_display_name.py for tasks to queue
[2025-03-03T19:37:18.865+0000] {logging_mixin.py:190} INFO - [2025-03-03T19:37:18.863+0000] {dagbag.py:588} INFO - Filling up the DagBag from /home/airflow/.local/lib/python3.12/site-packages/airflow/example_dags/example_display_name.py
[2025-03-03T19:37:18.917+0000] {processor.py:925} INFO - DAG(s) 'example_display_name' retrieved from /home/airflow/.local/lib/python3.12/site-packages/airflow/example_dags/example_display_name.py
[2025-03-03T19:37:18.992+0000] {logging_mixin.py:190} INFO - [2025-03-03T19:37:18.991+0000] {dag.py:3239} INFO - Sync 1 DAGs
[2025-03-03T19:37:19.022+0000] {logging_mixin.py:190} INFO - [2025-03-03T19:37:19.021+0000] {dag.py:4180} INFO - Setting next_dagrun for example_display_name to None, run_after=None
[2025-03-03T19:37:19.272+0000] {processor.py:208} INFO - Processing /home/airflow/.local/lib/python3.12/site-packages/airflow/example_dags/example_display_name.py took 0.472 seconds
[2025-03-03T19:37:49.926+0000] {processor.py:186} INFO - Started process (PID=341) to work on /home/airflow/.local/lib/python3.12/site-packages/airflow/example_dags/example_display_name.py
[2025-03-03T19:37:49.929+0000] {processor.py:914} INFO - Processing file /home/airflow/.local/lib/python3.12/site-packages/airflow/example_dags/example_display_name.py for tasks to queue
[2025-03-03T19:37:49.937+0000] {logging_mixin.py:190} INFO - [2025-03-03T19:37:49.937+0000] {dagbag.py:588} INFO - Filling up the DagBag from /home/airflow/.local/lib/python3.12/site-packages/airflow/example_dags/example_display_name.py
[2025-03-03T19:37:49.958+0000] {processor.py:925} INFO - DAG(s) 'example_display_name' retrieved from /home/airflow/.local/lib/python3.12/site-packages/airflow/example_dags/example_display_name.py
[2025-03-03T19:37:49.997+0000] {logging_mixin.py:190} INFO - [2025-03-03T19:37:49.997+0000] {dag.py:3239} INFO - Sync 1 DAGs
[2025-03-03T19:37:50.036+0000] {logging_mixin.py:190} INFO - [2025-03-03T19:37:50.036+0000] {dag.py:4180} INFO - Setting next_dagrun for example_display_name to None, run_after=None
[2025-03-03T19:37:50.080+0000] {processor.py:208} INFO - Processing /home/airflow/.local/lib/python3.12/site-packages/airflow/example_dags/example_display_name.py took 0.171 seconds
[2025-03-03T19:38:21.964+0000] {processor.py:186} INFO - Started process (PID=400) to work on /home/airflow/.local/lib/python3.12/site-packages/airflow/example_dags/example_display_name.py
[2025-03-03T19:38:21.966+0000] {processor.py:914} INFO - Processing file /home/airflow/.local/lib/python3.12/site-packages/airflow/example_dags/example_display_name.py for tasks to queue
[2025-03-03T19:38:21.969+0000] {logging_mixin.py:190} INFO - [2025-03-03T19:38:21.969+0000] {dagbag.py:588} INFO - Filling up the DagBag from /home/airflow/.local/lib/python3.12/site-packages/airflow/example_dags/example_display_name.py
[2025-03-03T19:38:21.983+0000] {processor.py:925} INFO - DAG(s) 'example_display_name' retrieved from /home/airflow/.local/lib/python3.12/site-packages/airflow/example_dags/example_display_name.py
[2025-03-03T19:38:22.016+0000] {logging_mixin.py:190} INFO - [2025-03-03T19:38:22.016+0000] {dag.py:3239} INFO - Sync 1 DAGs
[2025-03-03T19:38:22.043+0000] {logging_mixin.py:190} INFO - [2025-03-03T19:38:22.043+0000] {dag.py:4180} INFO - Setting next_dagrun for example_display_name to None, run_after=None
[2025-03-03T19:38:22.078+0000] {processor.py:208} INFO - Processing /home/airflow/.local/lib/python3.12/site-packages/airflow/example_dags/example_display_name.py took 0.124 seconds
[2025-03-03T19:38:53.208+0000] {processor.py:186} INFO - Started process (PID=459) to work on /home/airflow/.local/lib/python3.12/site-packages/airflow/example_dags/example_display_name.py
[2025-03-03T19:38:53.210+0000] {processor.py:914} INFO - Processing file /home/airflow/.local/lib/python3.12/site-packages/airflow/example_dags/example_display_name.py for tasks to queue
[2025-03-03T19:38:53.215+0000] {logging_mixin.py:190} INFO - [2025-03-03T19:38:53.214+0000] {dagbag.py:588} INFO - Filling up the DagBag from /home/airflow/.local/lib/python3.12/site-packages/airflow/example_dags/example_display_name.py
[2025-03-03T19:38:53.227+0000] {processor.py:925} INFO - DAG(s) 'example_display_name' retrieved from /home/airflow/.local/lib/python3.12/site-packages/airflow/example_dags/example_display_name.py
[2025-03-03T19:38:53.259+0000] {logging_mixin.py:190} INFO - [2025-03-03T19:38:53.258+0000] {dag.py:3239} INFO - Sync 1 DAGs
[2025-03-03T19:38:53.284+0000] {logging_mixin.py:190} INFO - [2025-03-03T19:38:53.284+0000] {dag.py:4180} INFO - Setting next_dagrun for example_display_name to None, run_after=None
[2025-03-03T19:38:53.308+0000] {processor.py:208} INFO - Processing /home/airflow/.local/lib/python3.12/site-packages/airflow/example_dags/example_display_name.py took 0.110 seconds
[2025-03-03T19:39:24.536+0000] {processor.py:186} INFO - Started process (PID=518) to work on /home/airflow/.local/lib/python3.12/site-packages/airflow/example_dags/example_display_name.py
[2025-03-03T19:39:24.537+0000] {processor.py:914} INFO - Processing file /home/airflow/.local/lib/python3.12/site-packages/airflow/example_dags/example_display_name.py for tasks to queue
[2025-03-03T19:39:24.540+0000] {logging_mixin.py:190} INFO - [2025-03-03T19:39:24.539+0000] {dagbag.py:588} INFO - Filling up the DagBag from /home/airflow/.local/lib/python3.12/site-packages/airflow/example_dags/example_display_name.py
[2025-03-03T19:39:24.550+0000] {processor.py:925} INFO - DAG(s) 'example_display_name' retrieved from /home/airflow/.local/lib/python3.12/site-packages/airflow/example_dags/example_display_name.py
[2025-03-03T19:39:24.576+0000] {logging_mixin.py:190} INFO - [2025-03-03T19:39:24.576+0000] {dag.py:3239} INFO - Sync 1 DAGs
[2025-03-03T19:39:24.595+0000] {logging_mixin.py:190} INFO - [2025-03-03T19:39:24.595+0000] {dag.py:4180} INFO - Setting next_dagrun for example_display_name to None, run_after=None
[2025-03-03T19:39:24.619+0000] {processor.py:208} INFO - Processing /home/airflow/.local/lib/python3.12/site-packages/airflow/example_dags/example_display_name.py took 0.092 seconds
[2025-03-03T19:40:21.904+0000] {processor.py:186} INFO - Started process (PID=580) to work on /home/airflow/.local/lib/python3.12/site-packages/airflow/example_dags/example_display_name.py
[2025-03-03T19:40:21.907+0000] {processor.py:914} INFO - Processing file /home/airflow/.local/lib/python3.12/site-packages/airflow/example_dags/example_display_name.py for tasks to queue
[2025-03-03T19:40:21.911+0000] {logging_mixin.py:190} INFO - [2025-03-03T19:40:21.911+0000] {dagbag.py:588} INFO - Filling up the DagBag from /home/airflow/.local/lib/python3.12/site-packages/airflow/example_dags/example_display_name.py
[2025-03-03T19:40:21.929+0000] {processor.py:925} INFO - DAG(s) 'example_display_name' retrieved from /home/airflow/.local/lib/python3.12/site-packages/airflow/example_dags/example_display_name.py
[2025-03-03T19:40:21.974+0000] {logging_mixin.py:190} INFO - [2025-03-03T19:40:21.974+0000] {dag.py:3239} INFO - Sync 1 DAGs
[2025-03-03T19:40:22.012+0000] {logging_mixin.py:190} INFO - [2025-03-03T19:40:22.012+0000] {dag.py:4180} INFO - Setting next_dagrun for example_display_name to None, run_after=None
[2025-03-03T19:40:22.052+0000] {processor.py:208} INFO - Processing /home/airflow/.local/lib/python3.12/site-packages/airflow/example_dags/example_display_name.py took 0.161 seconds
[2025-03-03T19:40:52.460+0000] {processor.py:186} INFO - Started process (PID=639) to work on /home/airflow/.local/lib/python3.12/site-packages/airflow/example_dags/example_display_name.py
[2025-03-03T19:40:52.462+0000] {processor.py:914} INFO - Processing file /home/airflow/.local/lib/python3.12/site-packages/airflow/example_dags/example_display_name.py for tasks to queue
[2025-03-03T19:40:52.464+0000] {logging_mixin.py:190} INFO - [2025-03-03T19:40:52.464+0000] {dagbag.py:588} INFO - Filling up the DagBag from /home/airflow/.local/lib/python3.12/site-packages/airflow/example_dags/example_display_name.py
[2025-03-03T19:40:52.473+0000] {processor.py:925} INFO - DAG(s) 'example_display_name' retrieved from /home/airflow/.local/lib/python3.12/site-packages/airflow/example_dags/example_display_name.py
[2025-03-03T19:40:52.495+0000] {logging_mixin.py:190} INFO - [2025-03-03T19:40:52.495+0000] {dag.py:3239} INFO - Sync 1 DAGs
[2025-03-03T19:40:52.512+0000] {logging_mixin.py:190} INFO - [2025-03-03T19:40:52.511+0000] {dag.py:4180} INFO - Setting next_dagrun for example_display_name to None, run_after=None
[2025-03-03T19:40:52.533+0000] {processor.py:208} INFO - Processing /home/airflow/.local/lib/python3.12/site-packages/airflow/example_dags/example_display_name.py took 0.080 seconds
[2025-03-03T19:41:24.533+0000] {processor.py:186} INFO - Started process (PID=698) to work on /home/airflow/.local/lib/python3.12/site-packages/airflow/example_dags/example_display_name.py
[2025-03-03T19:41:24.535+0000] {processor.py:914} INFO - Processing file /home/airflow/.local/lib/python3.12/site-packages/airflow/example_dags/example_display_name.py for tasks to queue
[2025-03-03T19:41:24.539+0000] {logging_mixin.py:190} INFO - [2025-03-03T19:41:24.538+0000] {dagbag.py:588} INFO - Filling up the DagBag from /home/airflow/.local/lib/python3.12/site-packages/airflow/example_dags/example_display_name.py
[2025-03-03T19:41:24.552+0000] {processor.py:925} INFO - DAG(s) 'example_display_name' retrieved from /home/airflow/.local/lib/python3.12/site-packages/airflow/example_dags/example_display_name.py
[2025-03-03T19:41:24.592+0000] {logging_mixin.py:190} INFO - [2025-03-03T19:41:24.591+0000] {dag.py:3239} INFO - Sync 1 DAGs
[2025-03-03T19:41:24.633+0000] {logging_mixin.py:190} INFO - [2025-03-03T19:41:24.633+0000] {dag.py:4180} INFO - Setting next_dagrun for example_display_name to None, run_after=None
[2025-03-03T19:41:24.673+0000] {processor.py:208} INFO - Processing /home/airflow/.local/lib/python3.12/site-packages/airflow/example_dags/example_display_name.py took 0.148 seconds
[2025-03-03T19:42:01.498+0000] {processor.py:186} INFO - Started process (PID=757) to work on /home/airflow/.local/lib/python3.12/site-packages/airflow/example_dags/example_display_name.py
[2025-03-03T19:42:01.509+0000] {processor.py:914} INFO - Processing file /home/airflow/.local/lib/python3.12/site-packages/airflow/example_dags/example_display_name.py for tasks to queue
[2025-03-03T19:42:01.518+0000] {logging_mixin.py:190} INFO - [2025-03-03T19:42:01.518+0000] {dagbag.py:588} INFO - Filling up the DagBag from /home/airflow/.local/lib/python3.12/site-packages/airflow/example_dags/example_display_name.py
[2025-03-03T19:42:01.590+0000] {processor.py:925} INFO - DAG(s) 'example_display_name' retrieved from /home/airflow/.local/lib/python3.12/site-packages/airflow/example_dags/example_display_name.py
[2025-03-03T19:42:01.651+0000] {logging_mixin.py:190} INFO - [2025-03-03T19:42:01.650+0000] {dag.py:3239} INFO - Sync 1 DAGs
[2025-03-03T19:42:01.713+0000] {logging_mixin.py:190} INFO - [2025-03-03T19:42:01.712+0000] {dag.py:4180} INFO - Setting next_dagrun for example_display_name to None, run_after=None
[2025-03-03T19:42:01.760+0000] {processor.py:208} INFO - Processing /home/airflow/.local/lib/python3.12/site-packages/airflow/example_dags/example_display_name.py took 0.295 seconds
[2025-03-03T19:42:31.846+0000] {processor.py:186} INFO - Started process (PID=816) to work on /home/airflow/.local/lib/python3.12/site-packages/airflow/example_dags/example_display_name.py
[2025-03-03T19:42:31.848+0000] {processor.py:914} INFO - Processing file /home/airflow/.local/lib/python3.12/site-packages/airflow/example_dags/example_display_name.py for tasks to queue
[2025-03-03T19:42:31.851+0000] {logging_mixin.py:190} INFO - [2025-03-03T19:42:31.851+0000] {dagbag.py:588} INFO - Filling up the DagBag from /home/airflow/.local/lib/python3.12/site-packages/airflow/example_dags/example_display_name.py
[2025-03-03T19:42:31.862+0000] {processor.py:925} INFO - DAG(s) 'example_display_name' retrieved from /home/airflow/.local/lib/python3.12/site-packages/airflow/example_dags/example_display_name.py
[2025-03-03T19:42:31.899+0000] {logging_mixin.py:190} INFO - [2025-03-03T19:42:31.898+0000] {dag.py:3239} INFO - Sync 1 DAGs
[2025-03-03T19:42:31.933+0000] {logging_mixin.py:190} INFO - [2025-03-03T19:42:31.932+0000] {dag.py:4180} INFO - Setting next_dagrun for example_display_name to None, run_after=None
[2025-03-03T19:42:32.000+0000] {processor.py:208} INFO - Processing /home/airflow/.local/lib/python3.12/site-packages/airflow/example_dags/example_display_name.py took 0.166 seconds
[2025-03-03T19:43:03.812+0000] {processor.py:186} INFO - Started process (PID=877) to work on /home/airflow/.local/lib/python3.12/site-packages/airflow/example_dags/example_display_name.py
[2025-03-03T19:43:03.814+0000] {processor.py:914} INFO - Processing file /home/airflow/.local/lib/python3.12/site-packages/airflow/example_dags/example_display_name.py for tasks to queue
[2025-03-03T19:43:03.817+0000] {logging_mixin.py:190} INFO - [2025-03-03T19:43:03.817+0000] {dagbag.py:588} INFO - Filling up the DagBag from /home/airflow/.local/lib/python3.12/site-packages/airflow/example_dags/example_display_name.py
[2025-03-03T19:43:03.832+0000] {processor.py:925} INFO - DAG(s) 'example_display_name' retrieved from /home/airflow/.local/lib/python3.12/site-packages/airflow/example_dags/example_display_name.py
[2025-03-03T19:43:03.870+0000] {logging_mixin.py:190} INFO - [2025-03-03T19:43:03.870+0000] {dag.py:3239} INFO - Sync 1 DAGs
[2025-03-03T19:43:03.907+0000] {logging_mixin.py:190} INFO - [2025-03-03T19:43:03.906+0000] {dag.py:4180} INFO - Setting next_dagrun for example_display_name to None, run_after=None
[2025-03-03T19:43:03.943+0000] {processor.py:208} INFO - Processing /home/airflow/.local/lib/python3.12/site-packages/airflow/example_dags/example_display_name.py took 0.141 seconds
[2025-03-03T19:43:35.240+0000] {processor.py:186} INFO - Started process (PID=936) to work on /home/airflow/.local/lib/python3.12/site-packages/airflow/example_dags/example_display_name.py
[2025-03-03T19:43:35.241+0000] {processor.py:914} INFO - Processing file /home/airflow/.local/lib/python3.12/site-packages/airflow/example_dags/example_display_name.py for tasks to queue
[2025-03-03T19:43:35.245+0000] {logging_mixin.py:190} INFO - [2025-03-03T19:43:35.244+0000] {dagbag.py:588} INFO - Filling up the DagBag from /home/airflow/.local/lib/python3.12/site-packages/airflow/example_dags/example_display_name.py
[2025-03-03T19:43:35.258+0000] {processor.py:925} INFO - DAG(s) 'example_display_name' retrieved from /home/airflow/.local/lib/python3.12/site-packages/airflow/example_dags/example_display_name.py
[2025-03-03T19:43:35.284+0000] {logging_mixin.py:190} INFO - [2025-03-03T19:43:35.283+0000] {dag.py:3239} INFO - Sync 1 DAGs
[2025-03-03T19:43:35.309+0000] {logging_mixin.py:190} INFO - [2025-03-03T19:43:35.309+0000] {dag.py:4180} INFO - Setting next_dagrun for example_display_name to None, run_after=None
[2025-03-03T19:43:35.334+0000] {processor.py:208} INFO - Processing /home/airflow/.local/lib/python3.12/site-packages/airflow/example_dags/example_display_name.py took 0.105 seconds
[2025-03-03T19:44:06.123+0000] {processor.py:186} INFO - Started process (PID=995) to work on /home/airflow/.local/lib/python3.12/site-packages/airflow/example_dags/example_display_name.py
[2025-03-03T19:44:06.125+0000] {processor.py:914} INFO - Processing file /home/airflow/.local/lib/python3.12/site-packages/airflow/example_dags/example_display_name.py for tasks to queue
[2025-03-03T19:44:06.128+0000] {logging_mixin.py:190} INFO - [2025-03-03T19:44:06.128+0000] {dagbag.py:588} INFO - Filling up the DagBag from /home/airflow/.local/lib/python3.12/site-packages/airflow/example_dags/example_display_name.py
[2025-03-03T19:44:06.143+0000] {processor.py:925} INFO - DAG(s) 'example_display_name' retrieved from /home/airflow/.local/lib/python3.12/site-packages/airflow/example_dags/example_display_name.py
[2025-03-03T19:44:06.178+0000] {logging_mixin.py:190} INFO - [2025-03-03T19:44:06.178+0000] {dag.py:3239} INFO - Sync 1 DAGs
[2025-03-03T19:44:06.207+0000] {logging_mixin.py:190} INFO - [2025-03-03T19:44:06.207+0000] {dag.py:4180} INFO - Setting next_dagrun for example_display_name to None, run_after=None
[2025-03-03T19:44:06.235+0000] {processor.py:208} INFO - Processing /home/airflow/.local/lib/python3.12/site-packages/airflow/example_dags/example_display_name.py took 0.124 seconds
[2025-03-03T19:44:37.244+0000] {processor.py:186} INFO - Started process (PID=1053) to work on /home/airflow/.local/lib/python3.12/site-packages/airflow/example_dags/example_display_name.py
[2025-03-03T19:44:37.246+0000] {processor.py:914} INFO - Processing file /home/airflow/.local/lib/python3.12/site-packages/airflow/example_dags/example_display_name.py for tasks to queue
[2025-03-03T19:44:37.280+0000] {logging_mixin.py:190} INFO - [2025-03-03T19:44:37.279+0000] {dagbag.py:588} INFO - Filling up the DagBag from /home/airflow/.local/lib/python3.12/site-packages/airflow/example_dags/example_display_name.py
[2025-03-03T19:44:37.356+0000] {processor.py:925} INFO - DAG(s) 'example_display_name' retrieved from /home/airflow/.local/lib/python3.12/site-packages/airflow/example_dags/example_display_name.py
[2025-03-03T19:44:37.411+0000] {logging_mixin.py:190} INFO - [2025-03-03T19:44:37.411+0000] {dag.py:3239} INFO - Sync 1 DAGs
[2025-03-03T19:44:37.441+0000] {logging_mixin.py:190} INFO - [2025-03-03T19:44:37.440+0000] {dag.py:4180} INFO - Setting next_dagrun for example_display_name to None, run_after=None
[2025-03-03T19:44:37.481+0000] {processor.py:208} INFO - Processing /home/airflow/.local/lib/python3.12/site-packages/airflow/example_dags/example_display_name.py took 0.260 seconds
[2025-03-03T19:45:08.302+0000] {processor.py:186} INFO - Started process (PID=1112) to work on /home/airflow/.local/lib/python3.12/site-packages/airflow/example_dags/example_display_name.py
[2025-03-03T19:45:08.305+0000] {processor.py:914} INFO - Processing file /home/airflow/.local/lib/python3.12/site-packages/airflow/example_dags/example_display_name.py for tasks to queue
[2025-03-03T19:45:08.310+0000] {logging_mixin.py:190} INFO - [2025-03-03T19:45:08.308+0000] {dagbag.py:588} INFO - Filling up the DagBag from /home/airflow/.local/lib/python3.12/site-packages/airflow/example_dags/example_display_name.py
[2025-03-03T19:45:08.322+0000] {processor.py:925} INFO - DAG(s) 'example_display_name' retrieved from /home/airflow/.local/lib/python3.12/site-packages/airflow/example_dags/example_display_name.py
[2025-03-03T19:45:08.357+0000] {logging_mixin.py:190} INFO - [2025-03-03T19:45:08.356+0000] {dag.py:3239} INFO - Sync 1 DAGs
[2025-03-03T19:45:08.383+0000] {logging_mixin.py:190} INFO - [2025-03-03T19:45:08.382+0000] {dag.py:4180} INFO - Setting next_dagrun for example_display_name to None, run_after=None
[2025-03-03T19:45:08.419+0000] {processor.py:208} INFO - Processing /home/airflow/.local/lib/python3.12/site-packages/airflow/example_dags/example_display_name.py took 0.128 seconds
[2025-03-03T19:45:39.141+0000] {processor.py:186} INFO - Started process (PID=1170) to work on /home/airflow/.local/lib/python3.12/site-packages/airflow/example_dags/example_display_name.py
[2025-03-03T19:45:39.143+0000] {processor.py:914} INFO - Processing file /home/airflow/.local/lib/python3.12/site-packages/airflow/example_dags/example_display_name.py for tasks to queue
[2025-03-03T19:45:39.147+0000] {logging_mixin.py:190} INFO - [2025-03-03T19:45:39.147+0000] {dagbag.py:588} INFO - Filling up the DagBag from /home/airflow/.local/lib/python3.12/site-packages/airflow/example_dags/example_display_name.py
[2025-03-03T19:45:39.164+0000] {processor.py:925} INFO - DAG(s) 'example_display_name' retrieved from /home/airflow/.local/lib/python3.12/site-packages/airflow/example_dags/example_display_name.py
[2025-03-03T19:45:39.202+0000] {logging_mixin.py:190} INFO - [2025-03-03T19:45:39.200+0000] {dag.py:3239} INFO - Sync 1 DAGs
[2025-03-03T19:45:39.221+0000] {logging_mixin.py:190} INFO - [2025-03-03T19:45:39.221+0000] {dag.py:4180} INFO - Setting next_dagrun for example_display_name to None, run_after=None
[2025-03-03T19:45:39.257+0000] {processor.py:208} INFO - Processing /home/airflow/.local/lib/python3.12/site-packages/airflow/example_dags/example_display_name.py took 0.125 seconds
[2025-03-03T19:46:09.604+0000] {processor.py:186} INFO - Started process (PID=1229) to work on /home/airflow/.local/lib/python3.12/site-packages/airflow/example_dags/example_display_name.py
[2025-03-03T19:46:09.606+0000] {processor.py:914} INFO - Processing file /home/airflow/.local/lib/python3.12/site-packages/airflow/example_dags/example_display_name.py for tasks to queue
[2025-03-03T19:46:09.608+0000] {logging_mixin.py:190} INFO - [2025-03-03T19:46:09.608+0000] {dagbag.py:588} INFO - Filling up the DagBag from /home/airflow/.local/lib/python3.12/site-packages/airflow/example_dags/example_display_name.py
[2025-03-03T19:46:09.620+0000] {processor.py:925} INFO - DAG(s) 'example_display_name' retrieved from /home/airflow/.local/lib/python3.12/site-packages/airflow/example_dags/example_display_name.py
[2025-03-03T19:46:09.655+0000] {logging_mixin.py:190} INFO - [2025-03-03T19:46:09.655+0000] {dag.py:3239} INFO - Sync 1 DAGs
[2025-03-03T19:46:09.679+0000] {logging_mixin.py:190} INFO - [2025-03-03T19:46:09.678+0000] {dag.py:4180} INFO - Setting next_dagrun for example_display_name to None, run_after=None
[2025-03-03T19:46:09.719+0000] {processor.py:208} INFO - Processing /home/airflow/.local/lib/python3.12/site-packages/airflow/example_dags/example_display_name.py took 0.125 seconds
[2025-03-03T19:46:40.258+0000] {processor.py:186} INFO - Started process (PID=1288) to work on /home/airflow/.local/lib/python3.12/site-packages/airflow/example_dags/example_display_name.py
[2025-03-03T19:46:40.260+0000] {processor.py:914} INFO - Processing file /home/airflow/.local/lib/python3.12/site-packages/airflow/example_dags/example_display_name.py for tasks to queue
[2025-03-03T19:46:40.295+0000] {logging_mixin.py:190} INFO - [2025-03-03T19:46:40.286+0000] {dagbag.py:588} INFO - Filling up the DagBag from /home/airflow/.local/lib/python3.12/site-packages/airflow/example_dags/example_display_name.py
[2025-03-03T19:46:40.804+0000] {processor.py:925} INFO - DAG(s) 'example_display_name' retrieved from /home/airflow/.local/lib/python3.12/site-packages/airflow/example_dags/example_display_name.py
[2025-03-03T19:46:41.014+0000] {logging_mixin.py:190} INFO - [2025-03-03T19:46:41.010+0000] {dag.py:3239} INFO - Sync 1 DAGs
[2025-03-03T19:46:41.135+0000] {logging_mixin.py:190} INFO - [2025-03-03T19:46:41.134+0000] {dag.py:4180} INFO - Setting next_dagrun for example_display_name to None, run_after=None
[2025-03-03T19:46:41.264+0000] {processor.py:208} INFO - Processing /home/airflow/.local/lib/python3.12/site-packages/airflow/example_dags/example_display_name.py took 1.019 seconds
[2025-03-03T19:47:11.687+0000] {processor.py:186} INFO - Started process (PID=1347) to work on /home/airflow/.local/lib/python3.12/site-packages/airflow/example_dags/example_display_name.py
[2025-03-03T19:47:11.688+0000] {processor.py:914} INFO - Processing file /home/airflow/.local/lib/python3.12/site-packages/airflow/example_dags/example_display_name.py for tasks to queue
[2025-03-03T19:47:11.694+0000] {logging_mixin.py:190} INFO - [2025-03-03T19:47:11.692+0000] {dagbag.py:588} INFO - Filling up the DagBag from /home/airflow/.local/lib/python3.12/site-packages/airflow/example_dags/example_display_name.py
[2025-03-03T19:47:11.711+0000] {processor.py:925} INFO - DAG(s) 'example_display_name' retrieved from /home/airflow/.local/lib/python3.12/site-packages/airflow/example_dags/example_display_name.py
[2025-03-03T19:47:11.764+0000] {logging_mixin.py:190} INFO - [2025-03-03T19:47:11.761+0000] {dag.py:3239} INFO - Sync 1 DAGs
[2025-03-03T19:47:11.806+0000] {logging_mixin.py:190} INFO - [2025-03-03T19:47:11.806+0000] {dag.py:4180} INFO - Setting next_dagrun for example_display_name to None, run_after=None
[2025-03-03T19:47:11.855+0000] {processor.py:208} INFO - Processing /home/airflow/.local/lib/python3.12/site-packages/airflow/example_dags/example_display_name.py took 0.184 seconds
[2025-03-03T19:47:42.889+0000] {processor.py:186} INFO - Started process (PID=1406) to work on /home/airflow/.local/lib/python3.12/site-packages/airflow/example_dags/example_display_name.py
[2025-03-03T19:47:42.892+0000] {processor.py:914} INFO - Processing file /home/airflow/.local/lib/python3.12/site-packages/airflow/example_dags/example_display_name.py for tasks to queue
[2025-03-03T19:47:42.898+0000] {logging_mixin.py:190} INFO - [2025-03-03T19:47:42.897+0000] {dagbag.py:588} INFO - Filling up the DagBag from /home/airflow/.local/lib/python3.12/site-packages/airflow/example_dags/example_display_name.py
[2025-03-03T19:47:42.926+0000] {processor.py:925} INFO - DAG(s) 'example_display_name' retrieved from /home/airflow/.local/lib/python3.12/site-packages/airflow/example_dags/example_display_name.py
[2025-03-03T19:47:43.016+0000] {logging_mixin.py:190} INFO - [2025-03-03T19:47:43.014+0000] {dag.py:3239} INFO - Sync 1 DAGs
[2025-03-03T19:47:43.079+0000] {logging_mixin.py:190} INFO - [2025-03-03T19:47:43.079+0000] {dag.py:4180} INFO - Setting next_dagrun for example_display_name to None, run_after=None
[2025-03-03T19:47:43.214+0000] {processor.py:208} INFO - Processing /home/airflow/.local/lib/python3.12/site-packages/airflow/example_dags/example_display_name.py took 0.348 seconds
[2025-03-03T19:48:13.726+0000] {processor.py:186} INFO - Started process (PID=1465) to work on /home/airflow/.local/lib/python3.12/site-packages/airflow/example_dags/example_display_name.py
[2025-03-03T19:48:13.728+0000] {processor.py:914} INFO - Processing file /home/airflow/.local/lib/python3.12/site-packages/airflow/example_dags/example_display_name.py for tasks to queue
[2025-03-03T19:48:13.732+0000] {logging_mixin.py:190} INFO - [2025-03-03T19:48:13.731+0000] {dagbag.py:588} INFO - Filling up the DagBag from /home/airflow/.local/lib/python3.12/site-packages/airflow/example_dags/example_display_name.py
[2025-03-03T19:48:13.750+0000] {processor.py:925} INFO - DAG(s) 'example_display_name' retrieved from /home/airflow/.local/lib/python3.12/site-packages/airflow/example_dags/example_display_name.py
[2025-03-03T19:48:13.798+0000] {logging_mixin.py:190} INFO - [2025-03-03T19:48:13.798+0000] {dag.py:3239} INFO - Sync 1 DAGs
[2025-03-03T19:48:13.843+0000] {logging_mixin.py:190} INFO - [2025-03-03T19:48:13.841+0000] {dag.py:4180} INFO - Setting next_dagrun for example_display_name to None, run_after=None
[2025-03-03T19:48:13.896+0000] {processor.py:208} INFO - Processing /home/airflow/.local/lib/python3.12/site-packages/airflow/example_dags/example_display_name.py took 0.184 seconds
[2025-03-03T19:48:44.668+0000] {processor.py:186} INFO - Started process (PID=1524) to work on /home/airflow/.local/lib/python3.12/site-packages/airflow/example_dags/example_display_name.py
[2025-03-03T19:48:44.671+0000] {processor.py:914} INFO - Processing file /home/airflow/.local/lib/python3.12/site-packages/airflow/example_dags/example_display_name.py for tasks to queue
[2025-03-03T19:48:44.676+0000] {logging_mixin.py:190} INFO - [2025-03-03T19:48:44.675+0000] {dagbag.py:588} INFO - Filling up the DagBag from /home/airflow/.local/lib/python3.12/site-packages/airflow/example_dags/example_display_name.py
[2025-03-03T19:48:44.687+0000] {processor.py:925} INFO - DAG(s) 'example_display_name' retrieved from /home/airflow/.local/lib/python3.12/site-packages/airflow/example_dags/example_display_name.py
[2025-03-03T19:48:44.720+0000] {logging_mixin.py:190} INFO - [2025-03-03T19:48:44.720+0000] {dag.py:3239} INFO - Sync 1 DAGs
[2025-03-03T19:48:44.740+0000] {logging_mixin.py:190} INFO - [2025-03-03T19:48:44.740+0000] {dag.py:4180} INFO - Setting next_dagrun for example_display_name to None, run_after=None
[2025-03-03T19:48:44.769+0000] {processor.py:208} INFO - Processing /home/airflow/.local/lib/python3.12/site-packages/airflow/example_dags/example_display_name.py took 0.111 seconds
[2025-03-03T19:49:15.319+0000] {processor.py:186} INFO - Started process (PID=1582) to work on /home/airflow/.local/lib/python3.12/site-packages/airflow/example_dags/example_display_name.py
[2025-03-03T19:49:15.321+0000] {processor.py:914} INFO - Processing file /home/airflow/.local/lib/python3.12/site-packages/airflow/example_dags/example_display_name.py for tasks to queue
[2025-03-03T19:49:15.326+0000] {logging_mixin.py:190} INFO - [2025-03-03T19:49:15.326+0000] {dagbag.py:588} INFO - Filling up the DagBag from /home/airflow/.local/lib/python3.12/site-packages/airflow/example_dags/example_display_name.py
[2025-03-03T19:49:15.338+0000] {processor.py:925} INFO - DAG(s) 'example_display_name' retrieved from /home/airflow/.local/lib/python3.12/site-packages/airflow/example_dags/example_display_name.py
[2025-03-03T19:49:15.385+0000] {logging_mixin.py:190} INFO - [2025-03-03T19:49:15.385+0000] {dag.py:3239} INFO - Sync 1 DAGs
[2025-03-03T19:49:15.418+0000] {logging_mixin.py:190} INFO - [2025-03-03T19:49:15.417+0000] {dag.py:4180} INFO - Setting next_dagrun for example_display_name to None, run_after=None
[2025-03-03T19:49:15.481+0000] {processor.py:208} INFO - Processing /home/airflow/.local/lib/python3.12/site-packages/airflow/example_dags/example_display_name.py took 0.172 seconds
[2025-03-03T19:49:46.331+0000] {processor.py:186} INFO - Started process (PID=1641) to work on /home/airflow/.local/lib/python3.12/site-packages/airflow/example_dags/example_display_name.py
[2025-03-03T19:49:46.332+0000] {processor.py:914} INFO - Processing file /home/airflow/.local/lib/python3.12/site-packages/airflow/example_dags/example_display_name.py for tasks to queue
[2025-03-03T19:49:46.335+0000] {logging_mixin.py:190} INFO - [2025-03-03T19:49:46.335+0000] {dagbag.py:588} INFO - Filling up the DagBag from /home/airflow/.local/lib/python3.12/site-packages/airflow/example_dags/example_display_name.py
[2025-03-03T19:49:46.347+0000] {processor.py:925} INFO - DAG(s) 'example_display_name' retrieved from /home/airflow/.local/lib/python3.12/site-packages/airflow/example_dags/example_display_name.py
[2025-03-03T19:49:46.391+0000] {logging_mixin.py:190} INFO - [2025-03-03T19:49:46.391+0000] {dag.py:3239} INFO - Sync 1 DAGs
[2025-03-03T19:49:46.437+0000] {logging_mixin.py:190} INFO - [2025-03-03T19:49:46.437+0000] {dag.py:4180} INFO - Setting next_dagrun for example_display_name to None, run_after=None
[2025-03-03T19:49:46.480+0000] {processor.py:208} INFO - Processing /home/airflow/.local/lib/python3.12/site-packages/airflow/example_dags/example_display_name.py took 0.163 seconds
[2025-03-03T19:50:19.138+0000] {processor.py:186} INFO - Started process (PID=1700) to work on /home/airflow/.local/lib/python3.12/site-packages/airflow/example_dags/example_display_name.py
[2025-03-03T19:50:19.142+0000] {processor.py:914} INFO - Processing file /home/airflow/.local/lib/python3.12/site-packages/airflow/example_dags/example_display_name.py for tasks to queue
[2025-03-03T19:50:19.157+0000] {logging_mixin.py:190} INFO - [2025-03-03T19:50:19.156+0000] {dagbag.py:588} INFO - Filling up the DagBag from /home/airflow/.local/lib/python3.12/site-packages/airflow/example_dags/example_display_name.py
[2025-03-03T19:50:19.174+0000] {processor.py:925} INFO - DAG(s) 'example_display_name' retrieved from /home/airflow/.local/lib/python3.12/site-packages/airflow/example_dags/example_display_name.py
[2025-03-03T19:50:19.236+0000] {logging_mixin.py:190} INFO - [2025-03-03T19:50:19.236+0000] {dag.py:3239} INFO - Sync 1 DAGs
[2025-03-03T19:50:19.346+0000] {logging_mixin.py:190} INFO - [2025-03-03T19:50:19.345+0000] {dag.py:4180} INFO - Setting next_dagrun for example_display_name to None, run_after=None
[2025-03-03T19:50:19.404+0000] {processor.py:208} INFO - Processing /home/airflow/.local/lib/python3.12/site-packages/airflow/example_dags/example_display_name.py took 0.288 seconds
[2025-03-03T19:50:50.728+0000] {processor.py:186} INFO - Started process (PID=1759) to work on /home/airflow/.local/lib/python3.12/site-packages/airflow/example_dags/example_display_name.py
[2025-03-03T19:50:50.730+0000] {processor.py:914} INFO - Processing file /home/airflow/.local/lib/python3.12/site-packages/airflow/example_dags/example_display_name.py for tasks to queue
[2025-03-03T19:50:50.735+0000] {logging_mixin.py:190} INFO - [2025-03-03T19:50:50.733+0000] {dagbag.py:588} INFO - Filling up the DagBag from /home/airflow/.local/lib/python3.12/site-packages/airflow/example_dags/example_display_name.py
[2025-03-03T19:50:50.753+0000] {processor.py:925} INFO - DAG(s) 'example_display_name' retrieved from /home/airflow/.local/lib/python3.12/site-packages/airflow/example_dags/example_display_name.py
[2025-03-03T19:50:50.871+0000] {logging_mixin.py:190} INFO - [2025-03-03T19:50:50.870+0000] {dag.py:3239} INFO - Sync 1 DAGs
[2025-03-03T19:50:51.062+0000] {logging_mixin.py:190} INFO - [2025-03-03T19:50:51.062+0000] {dag.py:4180} INFO - Setting next_dagrun for example_display_name to None, run_after=None
[2025-03-03T19:50:51.364+0000] {processor.py:208} INFO - Processing /home/airflow/.local/lib/python3.12/site-packages/airflow/example_dags/example_display_name.py took 0.660 seconds
[2025-03-03T19:51:21.476+0000] {processor.py:186} INFO - Started process (PID=1817) to work on /home/airflow/.local/lib/python3.12/site-packages/airflow/example_dags/example_display_name.py
[2025-03-03T19:51:21.477+0000] {processor.py:914} INFO - Processing file /home/airflow/.local/lib/python3.12/site-packages/airflow/example_dags/example_display_name.py for tasks to queue
[2025-03-03T19:51:21.480+0000] {logging_mixin.py:190} INFO - [2025-03-03T19:51:21.480+0000] {dagbag.py:588} INFO - Filling up the DagBag from /home/airflow/.local/lib/python3.12/site-packages/airflow/example_dags/example_display_name.py
[2025-03-03T19:51:21.496+0000] {processor.py:925} INFO - DAG(s) 'example_display_name' retrieved from /home/airflow/.local/lib/python3.12/site-packages/airflow/example_dags/example_display_name.py
[2025-03-03T19:51:21.521+0000] {logging_mixin.py:190} INFO - [2025-03-03T19:51:21.521+0000] {dag.py:3239} INFO - Sync 1 DAGs
[2025-03-03T19:51:21.549+0000] {logging_mixin.py:190} INFO - [2025-03-03T19:51:21.549+0000] {dag.py:4180} INFO - Setting next_dagrun for example_display_name to None, run_after=None
[2025-03-03T19:51:21.577+0000] {processor.py:208} INFO - Processing /home/airflow/.local/lib/python3.12/site-packages/airflow/example_dags/example_display_name.py took 0.111 seconds
[2025-03-03T19:51:51.749+0000] {processor.py:186} INFO - Started process (PID=1876) to work on /home/airflow/.local/lib/python3.12/site-packages/airflow/example_dags/example_display_name.py
[2025-03-03T19:51:51.750+0000] {processor.py:914} INFO - Processing file /home/airflow/.local/lib/python3.12/site-packages/airflow/example_dags/example_display_name.py for tasks to queue
[2025-03-03T19:51:51.756+0000] {logging_mixin.py:190} INFO - [2025-03-03T19:51:51.755+0000] {dagbag.py:588} INFO - Filling up the DagBag from /home/airflow/.local/lib/python3.12/site-packages/airflow/example_dags/example_display_name.py
[2025-03-03T19:51:51.773+0000] {processor.py:925} INFO - DAG(s) 'example_display_name' retrieved from /home/airflow/.local/lib/python3.12/site-packages/airflow/example_dags/example_display_name.py
[2025-03-03T19:51:51.816+0000] {logging_mixin.py:190} INFO - [2025-03-03T19:51:51.814+0000] {dag.py:3239} INFO - Sync 1 DAGs
[2025-03-03T19:51:51.847+0000] {logging_mixin.py:190} INFO - [2025-03-03T19:51:51.847+0000] {dag.py:4180} INFO - Setting next_dagrun for example_display_name to None, run_after=None
[2025-03-03T19:51:51.887+0000] {processor.py:208} INFO - Processing /home/airflow/.local/lib/python3.12/site-packages/airflow/example_dags/example_display_name.py took 0.151 seconds
[2025-03-03T19:52:22.974+0000] {processor.py:186} INFO - Started process (PID=1935) to work on /home/airflow/.local/lib/python3.12/site-packages/airflow/example_dags/example_display_name.py
[2025-03-03T19:52:22.977+0000] {processor.py:914} INFO - Processing file /home/airflow/.local/lib/python3.12/site-packages/airflow/example_dags/example_display_name.py for tasks to queue
[2025-03-03T19:52:22.982+0000] {logging_mixin.py:190} INFO - [2025-03-03T19:52:22.981+0000] {dagbag.py:588} INFO - Filling up the DagBag from /home/airflow/.local/lib/python3.12/site-packages/airflow/example_dags/example_display_name.py
[2025-03-03T19:52:23.002+0000] {processor.py:925} INFO - DAG(s) 'example_display_name' retrieved from /home/airflow/.local/lib/python3.12/site-packages/airflow/example_dags/example_display_name.py
[2025-03-03T19:52:23.108+0000] {logging_mixin.py:190} INFO - [2025-03-03T19:52:23.102+0000] {dag.py:3239} INFO - Sync 1 DAGs
[2025-03-03T19:52:23.161+0000] {logging_mixin.py:190} INFO - [2025-03-03T19:52:23.160+0000] {dag.py:4180} INFO - Setting next_dagrun for example_display_name to None, run_after=None
[2025-03-03T19:52:23.213+0000] {processor.py:208} INFO - Processing /home/airflow/.local/lib/python3.12/site-packages/airflow/example_dags/example_display_name.py took 0.273 seconds
[2025-03-03T19:52:53.892+0000] {processor.py:186} INFO - Started process (PID=1993) to work on /home/airflow/.local/lib/python3.12/site-packages/airflow/example_dags/example_display_name.py
[2025-03-03T19:52:53.894+0000] {processor.py:914} INFO - Processing file /home/airflow/.local/lib/python3.12/site-packages/airflow/example_dags/example_display_name.py for tasks to queue
[2025-03-03T19:52:53.903+0000] {logging_mixin.py:190} INFO - [2025-03-03T19:52:53.900+0000] {dagbag.py:588} INFO - Filling up the DagBag from /home/airflow/.local/lib/python3.12/site-packages/airflow/example_dags/example_display_name.py
[2025-03-03T19:52:53.957+0000] {processor.py:925} INFO - DAG(s) 'example_display_name' retrieved from /home/airflow/.local/lib/python3.12/site-packages/airflow/example_dags/example_display_name.py
[2025-03-03T19:52:54.047+0000] {logging_mixin.py:190} INFO - [2025-03-03T19:52:54.047+0000] {dag.py:3239} INFO - Sync 1 DAGs
[2025-03-03T19:52:54.117+0000] {logging_mixin.py:190} INFO - [2025-03-03T19:52:54.117+0000] {dag.py:4180} INFO - Setting next_dagrun for example_display_name to None, run_after=None
[2025-03-03T19:52:54.184+0000] {processor.py:208} INFO - Processing /home/airflow/.local/lib/python3.12/site-packages/airflow/example_dags/example_display_name.py took 0.307 seconds
[2025-03-03T19:53:24.333+0000] {processor.py:186} INFO - Started process (PID=2051) to work on /home/airflow/.local/lib/python3.12/site-packages/airflow/example_dags/example_display_name.py
[2025-03-03T19:53:24.336+0000] {processor.py:914} INFO - Processing file /home/airflow/.local/lib/python3.12/site-packages/airflow/example_dags/example_display_name.py for tasks to queue
[2025-03-03T19:53:24.350+0000] {logging_mixin.py:190} INFO - [2025-03-03T19:53:24.349+0000] {dagbag.py:588} INFO - Filling up the DagBag from /home/airflow/.local/lib/python3.12/site-packages/airflow/example_dags/example_display_name.py
[2025-03-03T19:53:24.371+0000] {processor.py:925} INFO - DAG(s) 'example_display_name' retrieved from /home/airflow/.local/lib/python3.12/site-packages/airflow/example_dags/example_display_name.py
[2025-03-03T19:53:24.429+0000] {logging_mixin.py:190} INFO - [2025-03-03T19:53:24.428+0000] {dag.py:3239} INFO - Sync 1 DAGs
[2025-03-03T19:53:24.461+0000] {logging_mixin.py:190} INFO - [2025-03-03T19:53:24.460+0000] {dag.py:4180} INFO - Setting next_dagrun for example_display_name to None, run_after=None
[2025-03-03T19:53:24.485+0000] {processor.py:208} INFO - Processing /home/airflow/.local/lib/python3.12/site-packages/airflow/example_dags/example_display_name.py took 0.165 seconds
[2025-03-03T19:53:54.758+0000] {processor.py:186} INFO - Started process (PID=2110) to work on /home/airflow/.local/lib/python3.12/site-packages/airflow/example_dags/example_display_name.py
[2025-03-03T19:53:54.759+0000] {processor.py:914} INFO - Processing file /home/airflow/.local/lib/python3.12/site-packages/airflow/example_dags/example_display_name.py for tasks to queue
[2025-03-03T19:53:54.764+0000] {logging_mixin.py:190} INFO - [2025-03-03T19:53:54.762+0000] {dagbag.py:588} INFO - Filling up the DagBag from /home/airflow/.local/lib/python3.12/site-packages/airflow/example_dags/example_display_name.py
[2025-03-03T19:53:54.793+0000] {processor.py:925} INFO - DAG(s) 'example_display_name' retrieved from /home/airflow/.local/lib/python3.12/site-packages/airflow/example_dags/example_display_name.py
[2025-03-03T19:53:54.837+0000] {logging_mixin.py:190} INFO - [2025-03-03T19:53:54.837+0000] {dag.py:3239} INFO - Sync 1 DAGs
[2025-03-03T19:53:54.860+0000] {logging_mixin.py:190} INFO - [2025-03-03T19:53:54.860+0000] {dag.py:4180} INFO - Setting next_dagrun for example_display_name to None, run_after=None
[2025-03-03T19:53:54.903+0000] {processor.py:208} INFO - Processing /home/airflow/.local/lib/python3.12/site-packages/airflow/example_dags/example_display_name.py took 0.155 seconds
[2025-03-03T19:54:25.502+0000] {processor.py:186} INFO - Started process (PID=2169) to work on /home/airflow/.local/lib/python3.12/site-packages/airflow/example_dags/example_display_name.py
[2025-03-03T19:54:25.504+0000] {processor.py:914} INFO - Processing file /home/airflow/.local/lib/python3.12/site-packages/airflow/example_dags/example_display_name.py for tasks to queue
[2025-03-03T19:54:25.509+0000] {logging_mixin.py:190} INFO - [2025-03-03T19:54:25.508+0000] {dagbag.py:588} INFO - Filling up the DagBag from /home/airflow/.local/lib/python3.12/site-packages/airflow/example_dags/example_display_name.py
[2025-03-03T19:54:25.524+0000] {processor.py:925} INFO - DAG(s) 'example_display_name' retrieved from /home/airflow/.local/lib/python3.12/site-packages/airflow/example_dags/example_display_name.py
[2025-03-03T19:54:25.581+0000] {logging_mixin.py:190} INFO - [2025-03-03T19:54:25.580+0000] {dag.py:3239} INFO - Sync 1 DAGs
[2025-03-03T19:54:25.619+0000] {logging_mixin.py:190} INFO - [2025-03-03T19:54:25.618+0000] {dag.py:4180} INFO - Setting next_dagrun for example_display_name to None, run_after=None
[2025-03-03T19:54:25.657+0000] {processor.py:208} INFO - Processing /home/airflow/.local/lib/python3.12/site-packages/airflow/example_dags/example_display_name.py took 0.167 seconds
[2025-03-03T19:54:56.539+0000] {processor.py:186} INFO - Started process (PID=2228) to work on /home/airflow/.local/lib/python3.12/site-packages/airflow/example_dags/example_display_name.py
[2025-03-03T19:54:56.540+0000] {processor.py:914} INFO - Processing file /home/airflow/.local/lib/python3.12/site-packages/airflow/example_dags/example_display_name.py for tasks to queue
[2025-03-03T19:54:56.544+0000] {logging_mixin.py:190} INFO - [2025-03-03T19:54:56.544+0000] {dagbag.py:588} INFO - Filling up the DagBag from /home/airflow/.local/lib/python3.12/site-packages/airflow/example_dags/example_display_name.py
[2025-03-03T19:54:56.559+0000] {processor.py:925} INFO - DAG(s) 'example_display_name' retrieved from /home/airflow/.local/lib/python3.12/site-packages/airflow/example_dags/example_display_name.py
[2025-03-03T19:54:56.590+0000] {logging_mixin.py:190} INFO - [2025-03-03T19:54:56.590+0000] {dag.py:3239} INFO - Sync 1 DAGs
[2025-03-03T19:54:56.610+0000] {logging_mixin.py:190} INFO - [2025-03-03T19:54:56.609+0000] {dag.py:4180} INFO - Setting next_dagrun for example_display_name to None, run_after=None
[2025-03-03T19:54:56.640+0000] {processor.py:208} INFO - Processing /home/airflow/.local/lib/python3.12/site-packages/airflow/example_dags/example_display_name.py took 0.111 seconds
[2025-03-03T19:55:27.324+0000] {processor.py:186} INFO - Started process (PID=2286) to work on /home/airflow/.local/lib/python3.12/site-packages/airflow/example_dags/example_display_name.py
[2025-03-03T19:55:27.325+0000] {processor.py:914} INFO - Processing file /home/airflow/.local/lib/python3.12/site-packages/airflow/example_dags/example_display_name.py for tasks to queue
[2025-03-03T19:55:27.328+0000] {logging_mixin.py:190} INFO - [2025-03-03T19:55:27.328+0000] {dagbag.py:588} INFO - Filling up the DagBag from /home/airflow/.local/lib/python3.12/site-packages/airflow/example_dags/example_display_name.py
[2025-03-03T19:55:27.338+0000] {processor.py:925} INFO - DAG(s) 'example_display_name' retrieved from /home/airflow/.local/lib/python3.12/site-packages/airflow/example_dags/example_display_name.py
[2025-03-03T19:55:27.361+0000] {logging_mixin.py:190} INFO - [2025-03-03T19:55:27.361+0000] {dag.py:3239} INFO - Sync 1 DAGs
[2025-03-03T19:55:27.378+0000] {logging_mixin.py:190} INFO - [2025-03-03T19:55:27.378+0000] {dag.py:4180} INFO - Setting next_dagrun for example_display_name to None, run_after=None
[2025-03-03T19:55:27.403+0000] {processor.py:208} INFO - Processing /home/airflow/.local/lib/python3.12/site-packages/airflow/example_dags/example_display_name.py took 0.086 seconds
[2025-03-03T19:55:57.873+0000] {processor.py:186} INFO - Started process (PID=2345) to work on /home/airflow/.local/lib/python3.12/site-packages/airflow/example_dags/example_display_name.py
[2025-03-03T19:55:57.875+0000] {processor.py:914} INFO - Processing file /home/airflow/.local/lib/python3.12/site-packages/airflow/example_dags/example_display_name.py for tasks to queue
[2025-03-03T19:55:57.878+0000] {logging_mixin.py:190} INFO - [2025-03-03T19:55:57.877+0000] {dagbag.py:588} INFO - Filling up the DagBag from /home/airflow/.local/lib/python3.12/site-packages/airflow/example_dags/example_display_name.py
[2025-03-03T19:55:57.889+0000] {processor.py:925} INFO - DAG(s) 'example_display_name' retrieved from /home/airflow/.local/lib/python3.12/site-packages/airflow/example_dags/example_display_name.py
[2025-03-03T19:55:57.913+0000] {logging_mixin.py:190} INFO - [2025-03-03T19:55:57.912+0000] {dag.py:3239} INFO - Sync 1 DAGs
[2025-03-03T19:55:57.932+0000] {logging_mixin.py:190} INFO - [2025-03-03T19:55:57.931+0000] {dag.py:4180} INFO - Setting next_dagrun for example_display_name to None, run_after=None
[2025-03-03T19:55:57.957+0000] {processor.py:208} INFO - Processing /home/airflow/.local/lib/python3.12/site-packages/airflow/example_dags/example_display_name.py took 0.092 seconds
[2025-03-03T19:56:28.602+0000] {processor.py:186} INFO - Started process (PID=2404) to work on /home/airflow/.local/lib/python3.12/site-packages/airflow/example_dags/example_display_name.py
[2025-03-03T19:56:28.604+0000] {processor.py:914} INFO - Processing file /home/airflow/.local/lib/python3.12/site-packages/airflow/example_dags/example_display_name.py for tasks to queue
[2025-03-03T19:56:28.620+0000] {logging_mixin.py:190} INFO - [2025-03-03T19:56:28.619+0000] {dagbag.py:588} INFO - Filling up the DagBag from /home/airflow/.local/lib/python3.12/site-packages/airflow/example_dags/example_display_name.py
[2025-03-03T19:56:28.637+0000] {processor.py:925} INFO - DAG(s) 'example_display_name' retrieved from /home/airflow/.local/lib/python3.12/site-packages/airflow/example_dags/example_display_name.py
[2025-03-03T19:56:28.685+0000] {logging_mixin.py:190} INFO - [2025-03-03T19:56:28.684+0000] {dag.py:3239} INFO - Sync 1 DAGs
[2025-03-03T19:56:28.716+0000] {logging_mixin.py:190} INFO - [2025-03-03T19:56:28.715+0000] {dag.py:4180} INFO - Setting next_dagrun for example_display_name to None, run_after=None
[2025-03-03T19:56:28.748+0000] {processor.py:208} INFO - Processing /home/airflow/.local/lib/python3.12/site-packages/airflow/example_dags/example_display_name.py took 0.159 seconds
[2025-03-03T19:58:22.892+0000] {processor.py:186} INFO - Started process (PID=2470) to work on /home/airflow/.local/lib/python3.12/site-packages/airflow/example_dags/example_display_name.py
[2025-03-03T19:58:22.907+0000] {processor.py:914} INFO - Processing file /home/airflow/.local/lib/python3.12/site-packages/airflow/example_dags/example_display_name.py for tasks to queue
[2025-03-03T19:58:22.976+0000] {logging_mixin.py:190} INFO - [2025-03-03T19:58:22.945+0000] {dagbag.py:588} INFO - Filling up the DagBag from /home/airflow/.local/lib/python3.12/site-packages/airflow/example_dags/example_display_name.py
[2025-03-03T19:58:23.092+0000] {processor.py:925} INFO - DAG(s) 'example_display_name' retrieved from /home/airflow/.local/lib/python3.12/site-packages/airflow/example_dags/example_display_name.py
[2025-03-03T19:58:23.231+0000] {logging_mixin.py:190} INFO - [2025-03-03T19:58:23.230+0000] {dag.py:3239} INFO - Sync 1 DAGs
[2025-03-03T19:58:23.327+0000] {logging_mixin.py:190} INFO - [2025-03-03T19:58:23.327+0000] {dag.py:4180} INFO - Setting next_dagrun for example_display_name to None, run_after=None
[2025-03-03T19:58:23.429+0000] {processor.py:208} INFO - Processing /home/airflow/.local/lib/python3.12/site-packages/airflow/example_dags/example_display_name.py took 0.707 seconds
[2025-03-03T19:59:49.315+0000] {processor.py:186} INFO - Started process (PID=2525) to work on /home/airflow/.local/lib/python3.12/site-packages/airflow/example_dags/example_display_name.py
[2025-03-03T19:59:49.324+0000] {processor.py:914} INFO - Processing file /home/airflow/.local/lib/python3.12/site-packages/airflow/example_dags/example_display_name.py for tasks to queue
[2025-03-03T19:59:49.350+0000] {logging_mixin.py:190} INFO - [2025-03-03T19:59:49.348+0000] {dagbag.py:588} INFO - Filling up the DagBag from /home/airflow/.local/lib/python3.12/site-packages/airflow/example_dags/example_display_name.py
[2025-03-03T19:59:49.420+0000] {processor.py:925} INFO - DAG(s) 'example_display_name' retrieved from /home/airflow/.local/lib/python3.12/site-packages/airflow/example_dags/example_display_name.py
[2025-03-03T19:59:49.621+0000] {logging_mixin.py:190} INFO - [2025-03-03T19:59:49.618+0000] {dag.py:3239} INFO - Sync 1 DAGs
[2025-03-03T19:59:49.886+0000] {logging_mixin.py:190} INFO - [2025-03-03T19:59:49.874+0000] {dag.py:4180} INFO - Setting next_dagrun for example_display_name to None, run_after=None
[2025-03-03T19:59:50.365+0000] {processor.py:208} INFO - Processing /home/airflow/.local/lib/python3.12/site-packages/airflow/example_dags/example_display_name.py took 1.120 seconds
[2025-03-03T20:03:38.668+0000] {processor.py:186} INFO - Started process (PID=2602) to work on /home/airflow/.local/lib/python3.12/site-packages/airflow/example_dags/example_display_name.py
[2025-03-03T20:03:38.716+0000] {processor.py:914} INFO - Processing file /home/airflow/.local/lib/python3.12/site-packages/airflow/example_dags/example_display_name.py for tasks to queue
[2025-03-03T20:03:38.786+0000] {logging_mixin.py:190} INFO - [2025-03-03T20:03:38.760+0000] {dagbag.py:588} INFO - Filling up the DagBag from /home/airflow/.local/lib/python3.12/site-packages/airflow/example_dags/example_display_name.py
[2025-03-03T20:03:38.920+0000] {processor.py:925} INFO - DAG(s) 'example_display_name' retrieved from /home/airflow/.local/lib/python3.12/site-packages/airflow/example_dags/example_display_name.py
[2025-03-03T20:03:39.449+0000] {logging_mixin.py:190} INFO - [2025-03-03T20:03:39.442+0000] {dag.py:3239} INFO - Sync 1 DAGs
[2025-03-03T20:03:39.918+0000] {logging_mixin.py:190} INFO - [2025-03-03T20:03:39.917+0000] {dag.py:4180} INFO - Setting next_dagrun for example_display_name to None, run_after=None
[2025-03-03T20:03:40.891+0000] {processor.py:208} INFO - Processing /home/airflow/.local/lib/python3.12/site-packages/airflow/example_dags/example_display_name.py took 2.484 seconds
[2025-03-03T20:07:06.893+0000] {processor.py:186} INFO - Started process (PID=2651) to work on /home/airflow/.local/lib/python3.12/site-packages/airflow/example_dags/example_display_name.py
[2025-03-03T20:07:06.904+0000] {processor.py:914} INFO - Processing file /home/airflow/.local/lib/python3.12/site-packages/airflow/example_dags/example_display_name.py for tasks to queue
[2025-03-03T20:07:06.929+0000] {logging_mixin.py:190} INFO - [2025-03-03T20:07:06.922+0000] {dagbag.py:588} INFO - Filling up the DagBag from /home/airflow/.local/lib/python3.12/site-packages/airflow/example_dags/example_display_name.py
[2025-03-03T20:07:07.083+0000] {processor.py:925} INFO - DAG(s) 'example_display_name' retrieved from /home/airflow/.local/lib/python3.12/site-packages/airflow/example_dags/example_display_name.py
[2025-03-03T20:07:07.648+0000] {logging_mixin.py:190} INFO - [2025-03-03T20:07:07.646+0000] {dag.py:3239} INFO - Sync 1 DAGs
[2025-03-03T20:07:10.718+0000] {logging_mixin.py:190} INFO - [2025-03-03T20:07:10.716+0000] {dag.py:4180} INFO - Setting next_dagrun for example_display_name to None, run_after=None
[2025-03-03T20:07:12.797+0000] {processor.py:208} INFO - Processing /home/airflow/.local/lib/python3.12/site-packages/airflow/example_dags/example_display_name.py took 6.026 seconds
[2025-03-03T20:10:46.797+0000] {processor.py:186} INFO - Started process (PID=2700) to work on /home/airflow/.local/lib/python3.12/site-packages/airflow/example_dags/example_display_name.py
[2025-03-03T20:10:46.823+0000] {processor.py:914} INFO - Processing file /home/airflow/.local/lib/python3.12/site-packages/airflow/example_dags/example_display_name.py for tasks to queue
[2025-03-03T20:10:46.839+0000] {logging_mixin.py:190} INFO - [2025-03-03T20:10:46.835+0000] {dagbag.py:588} INFO - Filling up the DagBag from /home/airflow/.local/lib/python3.12/site-packages/airflow/example_dags/example_display_name.py
[2025-03-03T20:10:47.140+0000] {processor.py:925} INFO - DAG(s) 'example_display_name' retrieved from /home/airflow/.local/lib/python3.12/site-packages/airflow/example_dags/example_display_name.py
[2025-03-03T20:10:47.418+0000] {logging_mixin.py:190} INFO - [2025-03-03T20:10:47.418+0000] {dag.py:3239} INFO - Sync 1 DAGs
[2025-03-03T20:10:47.540+0000] {logging_mixin.py:190} INFO - [2025-03-03T20:10:47.539+0000] {dag.py:4180} INFO - Setting next_dagrun for example_display_name to None, run_after=None
[2025-03-03T20:10:47.700+0000] {processor.py:208} INFO - Processing /home/airflow/.local/lib/python3.12/site-packages/airflow/example_dags/example_display_name.py took 1.331 seconds
[2025-03-03T20:15:25.482+0000] {processor.py:186} INFO - Started process (PID=2751) to work on /home/airflow/.local/lib/python3.12/site-packages/airflow/example_dags/example_display_name.py
[2025-03-03T20:15:25.539+0000] {processor.py:914} INFO - Processing file /home/airflow/.local/lib/python3.12/site-packages/airflow/example_dags/example_display_name.py for tasks to queue
[2025-03-03T20:15:25.586+0000] {logging_mixin.py:190} INFO - [2025-03-03T20:15:25.575+0000] {dagbag.py:588} INFO - Filling up the DagBag from /home/airflow/.local/lib/python3.12/site-packages/airflow/example_dags/example_display_name.py
[2025-03-03T20:15:26.675+0000] {processor.py:925} INFO - DAG(s) 'example_display_name' retrieved from /home/airflow/.local/lib/python3.12/site-packages/airflow/example_dags/example_display_name.py
[2025-03-03T20:15:28.079+0000] {logging_mixin.py:190} INFO - [2025-03-03T20:15:28.076+0000] {dag.py:3239} INFO - Sync 1 DAGs
[2025-03-03T20:15:29.667+0000] {logging_mixin.py:190} INFO - [2025-03-03T20:15:29.666+0000] {dag.py:4180} INFO - Setting next_dagrun for example_display_name to None, run_after=None
[2025-03-03T20:15:31.156+0000] {processor.py:208} INFO - Processing /home/airflow/.local/lib/python3.12/site-packages/airflow/example_dags/example_display_name.py took 5.932 seconds
[2025-03-03T20:17:23.334+0000] {processor.py:186} INFO - Started process (PID=2803) to work on /home/airflow/.local/lib/python3.12/site-packages/airflow/example_dags/example_display_name.py
[2025-03-03T20:17:23.339+0000] {processor.py:914} INFO - Processing file /home/airflow/.local/lib/python3.12/site-packages/airflow/example_dags/example_display_name.py for tasks to queue
[2025-03-03T20:17:23.345+0000] {logging_mixin.py:190} INFO - [2025-03-03T20:17:23.342+0000] {dagbag.py:588} INFO - Filling up the DagBag from /home/airflow/.local/lib/python3.12/site-packages/airflow/example_dags/example_display_name.py
[2025-03-03T20:17:23.593+0000] {processor.py:925} INFO - DAG(s) 'example_display_name' retrieved from /home/airflow/.local/lib/python3.12/site-packages/airflow/example_dags/example_display_name.py
[2025-03-03T20:17:23.660+0000] {logging_mixin.py:190} INFO - [2025-03-03T20:17:23.660+0000] {dag.py:3239} INFO - Sync 1 DAGs
[2025-03-03T20:17:23.727+0000] {logging_mixin.py:190} INFO - [2025-03-03T20:17:23.726+0000] {dag.py:4180} INFO - Setting next_dagrun for example_display_name to None, run_after=None
[2025-03-03T20:17:23.775+0000] {processor.py:208} INFO - Processing /home/airflow/.local/lib/python3.12/site-packages/airflow/example_dags/example_display_name.py took 0.468 seconds
[2025-03-03T20:18:01.434+0000] {processor.py:186} INFO - Started process (PID=2862) to work on /home/airflow/.local/lib/python3.12/site-packages/airflow/example_dags/example_display_name.py
[2025-03-03T20:18:01.439+0000] {processor.py:914} INFO - Processing file /home/airflow/.local/lib/python3.12/site-packages/airflow/example_dags/example_display_name.py for tasks to queue
[2025-03-03T20:18:01.449+0000] {logging_mixin.py:190} INFO - [2025-03-03T20:18:01.446+0000] {dagbag.py:588} INFO - Filling up the DagBag from /home/airflow/.local/lib/python3.12/site-packages/airflow/example_dags/example_display_name.py
[2025-03-03T20:18:01.508+0000] {processor.py:925} INFO - DAG(s) 'example_display_name' retrieved from /home/airflow/.local/lib/python3.12/site-packages/airflow/example_dags/example_display_name.py
[2025-03-03T20:18:01.578+0000] {logging_mixin.py:190} INFO - [2025-03-03T20:18:01.576+0000] {dag.py:3239} INFO - Sync 1 DAGs
[2025-03-03T20:18:01.666+0000] {logging_mixin.py:190} INFO - [2025-03-03T20:18:01.665+0000] {dag.py:4180} INFO - Setting next_dagrun for example_display_name to None, run_after=None
[2025-03-03T20:18:01.768+0000] {processor.py:208} INFO - Processing /home/airflow/.local/lib/python3.12/site-packages/airflow/example_dags/example_display_name.py took 0.362 seconds
[2025-03-03T20:20:47.489+0000] {processor.py:186} INFO - Started process (PID=2928) to work on /home/airflow/.local/lib/python3.12/site-packages/airflow/example_dags/example_display_name.py
[2025-03-03T20:20:47.491+0000] {processor.py:914} INFO - Processing file /home/airflow/.local/lib/python3.12/site-packages/airflow/example_dags/example_display_name.py for tasks to queue
[2025-03-03T20:20:47.493+0000] {logging_mixin.py:190} INFO - [2025-03-03T20:20:47.493+0000] {dagbag.py:588} INFO - Filling up the DagBag from /home/airflow/.local/lib/python3.12/site-packages/airflow/example_dags/example_display_name.py
[2025-03-03T20:20:47.513+0000] {processor.py:925} INFO - DAG(s) 'example_display_name' retrieved from /home/airflow/.local/lib/python3.12/site-packages/airflow/example_dags/example_display_name.py
[2025-03-03T20:20:47.553+0000] {logging_mixin.py:190} INFO - [2025-03-03T20:20:47.553+0000] {dag.py:3239} INFO - Sync 1 DAGs
[2025-03-03T20:20:47.598+0000] {logging_mixin.py:190} INFO - [2025-03-03T20:20:47.597+0000] {dag.py:4180} INFO - Setting next_dagrun for example_display_name to None, run_after=None
[2025-03-03T20:20:47.645+0000] {processor.py:208} INFO - Processing /home/airflow/.local/lib/python3.12/site-packages/airflow/example_dags/example_display_name.py took 0.170 seconds
