[2025-03-03T15:44:52.436+0000] {processor.py:161} INFO - Started process (PID=98) to work on /home/airflow/.local/lib/python3.8/site-packages/airflow/example_dags/example_xcomargs.py
[2025-03-03T15:44:52.437+0000] {processor.py:830} INFO - Processing file /home/airflow/.local/lib/python3.8/site-packages/airflow/example_dags/example_xcomargs.py for tasks to queue
[2025-03-03T15:44:52.440+0000] {logging_mixin.py:188} INFO - [2025-03-03T15:44:52.439+0000] {dagbag.py:538} INFO - Filling up the DagBag from /home/airflow/.local/lib/python3.8/site-packages/airflow/example_dags/example_xcomargs.py
[2025-03-03T15:44:52.452+0000] {processor.py:840} INFO - DAG(s) 'example_xcom_args', 'example_xcom_args_with_operators' retrieved from /home/airflow/.local/lib/python3.8/site-packages/airflow/example_dags/example_xcomargs.py
[2025-03-03T15:44:52.580+0000] {logging_mixin.py:188} INFO - [2025-03-03T15:44:52.579+0000] {override.py:1769} INFO - Created Permission View: can edit on DAG:example_xcom_args
[2025-03-03T15:44:52.596+0000] {logging_mixin.py:188} INFO - [2025-03-03T15:44:52.595+0000] {override.py:1769} INFO - Created Permission View: can read on DAG:example_xcom_args
[2025-03-03T15:44:52.608+0000] {logging_mixin.py:188} INFO - [2025-03-03T15:44:52.608+0000] {override.py:1769} INFO - Created Permission View: can delete on DAG:example_xcom_args
[2025-03-03T15:44:52.640+0000] {logging_mixin.py:188} INFO - [2025-03-03T15:44:52.639+0000] {override.py:1769} INFO - Created Permission View: can edit on DAG:example_xcom_args_with_operators
[2025-03-03T15:44:52.658+0000] {logging_mixin.py:188} INFO - [2025-03-03T15:44:52.658+0000] {override.py:1769} INFO - Created Permission View: can read on DAG:example_xcom_args_with_operators
[2025-03-03T15:44:52.676+0000] {logging_mixin.py:188} INFO - [2025-03-03T15:44:52.675+0000] {override.py:1769} INFO - Created Permission View: can delete on DAG:example_xcom_args_with_operators
[2025-03-03T15:44:52.676+0000] {logging_mixin.py:188} INFO - [2025-03-03T15:44:52.676+0000] {dag.py:3036} INFO - Sync 2 DAGs
[2025-03-03T15:44:52.699+0000] {logging_mixin.py:188} INFO - [2025-03-03T15:44:52.699+0000] {dag.py:3058} INFO - Creating ORM DAG for example_xcom_args_with_operators
[2025-03-03T15:44:52.702+0000] {logging_mixin.py:188} INFO - [2025-03-03T15:44:52.701+0000] {dag.py:3058} INFO - Creating ORM DAG for example_xcom_args
[2025-03-03T15:44:52.702+0000] {logging_mixin.py:188} INFO - [2025-03-03T15:44:52.702+0000] {dag.py:3823} INFO - Setting next_dagrun for example_xcom_args to None, run_after=None
[2025-03-03T15:44:52.704+0000] {logging_mixin.py:188} INFO - [2025-03-03T15:44:52.704+0000] {dag.py:3823} INFO - Setting next_dagrun for example_xcom_args_with_operators to None, run_after=None
[2025-03-03T15:44:52.741+0000] {processor.py:183} INFO - Processing /home/airflow/.local/lib/python3.8/site-packages/airflow/example_dags/example_xcomargs.py took 0.309 seconds
[2025-03-03T15:45:22.858+0000] {processor.py:161} INFO - Started process (PID=148) to work on /home/airflow/.local/lib/python3.8/site-packages/airflow/example_dags/example_xcomargs.py
[2025-03-03T15:45:22.859+0000] {processor.py:830} INFO - Processing file /home/airflow/.local/lib/python3.8/site-packages/airflow/example_dags/example_xcomargs.py for tasks to queue
[2025-03-03T15:45:22.861+0000] {logging_mixin.py:188} INFO - [2025-03-03T15:45:22.861+0000] {dagbag.py:538} INFO - Filling up the DagBag from /home/airflow/.local/lib/python3.8/site-packages/airflow/example_dags/example_xcomargs.py
[2025-03-03T15:45:22.871+0000] {processor.py:840} INFO - DAG(s) 'example_xcom_args', 'example_xcom_args_with_operators' retrieved from /home/airflow/.local/lib/python3.8/site-packages/airflow/example_dags/example_xcomargs.py
[2025-03-03T15:45:22.903+0000] {logging_mixin.py:188} INFO - [2025-03-03T15:45:22.903+0000] {dag.py:3036} INFO - Sync 2 DAGs
[2025-03-03T15:45:22.917+0000] {logging_mixin.py:188} INFO - [2025-03-03T15:45:22.916+0000] {dag.py:3823} INFO - Setting next_dagrun for example_xcom_args to None, run_after=None
[2025-03-03T15:45:22.921+0000] {logging_mixin.py:188} INFO - [2025-03-03T15:45:22.921+0000] {dag.py:3823} INFO - Setting next_dagrun for example_xcom_args_with_operators to None, run_after=None
[2025-03-03T15:45:22.948+0000] {processor.py:183} INFO - Processing /home/airflow/.local/lib/python3.8/site-packages/airflow/example_dags/example_xcomargs.py took 0.094 seconds
[2025-03-03T16:12:53.210+0000] {processor.py:161} INFO - Started process (PID=153) to work on /home/airflow/.local/lib/python3.8/site-packages/airflow/example_dags/example_xcomargs.py
[2025-03-03T16:12:53.212+0000] {processor.py:830} INFO - Processing file /home/airflow/.local/lib/python3.8/site-packages/airflow/example_dags/example_xcomargs.py for tasks to queue
[2025-03-03T16:12:53.214+0000] {logging_mixin.py:188} INFO - [2025-03-03T16:12:53.214+0000] {dagbag.py:538} INFO - Filling up the DagBag from /home/airflow/.local/lib/python3.8/site-packages/airflow/example_dags/example_xcomargs.py
[2025-03-03T16:12:53.226+0000] {processor.py:840} INFO - DAG(s) 'example_xcom_args_with_operators', 'example_xcom_args' retrieved from /home/airflow/.local/lib/python3.8/site-packages/airflow/example_dags/example_xcomargs.py
[2025-03-03T16:12:53.250+0000] {logging_mixin.py:188} INFO - [2025-03-03T16:12:53.250+0000] {dag.py:3036} INFO - Sync 2 DAGs
[2025-03-03T16:12:53.266+0000] {logging_mixin.py:188} INFO - [2025-03-03T16:12:53.266+0000] {dag.py:3823} INFO - Setting next_dagrun for example_xcom_args to None, run_after=None
[2025-03-03T16:12:53.271+0000] {logging_mixin.py:188} INFO - [2025-03-03T16:12:53.271+0000] {dag.py:3823} INFO - Setting next_dagrun for example_xcom_args_with_operators to None, run_after=None
[2025-03-03T16:12:53.301+0000] {processor.py:183} INFO - Processing /home/airflow/.local/lib/python3.8/site-packages/airflow/example_dags/example_xcomargs.py took 0.098 seconds
[2025-03-03T16:13:24.558+0000] {processor.py:161} INFO - Started process (PID=203) to work on /home/airflow/.local/lib/python3.8/site-packages/airflow/example_dags/example_xcomargs.py
[2025-03-03T16:13:24.559+0000] {processor.py:830} INFO - Processing file /home/airflow/.local/lib/python3.8/site-packages/airflow/example_dags/example_xcomargs.py for tasks to queue
[2025-03-03T16:13:24.561+0000] {logging_mixin.py:188} INFO - [2025-03-03T16:13:24.561+0000] {dagbag.py:538} INFO - Filling up the DagBag from /home/airflow/.local/lib/python3.8/site-packages/airflow/example_dags/example_xcomargs.py
[2025-03-03T16:13:24.570+0000] {processor.py:840} INFO - DAG(s) 'example_xcom_args_with_operators', 'example_xcom_args' retrieved from /home/airflow/.local/lib/python3.8/site-packages/airflow/example_dags/example_xcomargs.py
[2025-03-03T16:13:24.713+0000] {logging_mixin.py:188} INFO - [2025-03-03T16:13:24.713+0000] {dag.py:3036} INFO - Sync 2 DAGs
[2025-03-03T16:13:24.725+0000] {logging_mixin.py:188} INFO - [2025-03-03T16:13:24.725+0000] {dag.py:3823} INFO - Setting next_dagrun for example_xcom_args to None, run_after=None
[2025-03-03T16:13:24.729+0000] {logging_mixin.py:188} INFO - [2025-03-03T16:13:24.729+0000] {dag.py:3823} INFO - Setting next_dagrun for example_xcom_args_with_operators to None, run_after=None
[2025-03-03T16:13:24.757+0000] {processor.py:183} INFO - Processing /home/airflow/.local/lib/python3.8/site-packages/airflow/example_dags/example_xcomargs.py took 0.202 seconds
[2025-03-03T16:13:55.458+0000] {processor.py:161} INFO - Started process (PID=253) to work on /home/airflow/.local/lib/python3.8/site-packages/airflow/example_dags/example_xcomargs.py
[2025-03-03T16:13:55.459+0000] {processor.py:830} INFO - Processing file /home/airflow/.local/lib/python3.8/site-packages/airflow/example_dags/example_xcomargs.py for tasks to queue
[2025-03-03T16:13:55.462+0000] {logging_mixin.py:188} INFO - [2025-03-03T16:13:55.462+0000] {dagbag.py:538} INFO - Filling up the DagBag from /home/airflow/.local/lib/python3.8/site-packages/airflow/example_dags/example_xcomargs.py
[2025-03-03T16:13:55.471+0000] {processor.py:840} INFO - DAG(s) 'example_xcom_args_with_operators', 'example_xcom_args' retrieved from /home/airflow/.local/lib/python3.8/site-packages/airflow/example_dags/example_xcomargs.py
[2025-03-03T16:13:55.504+0000] {logging_mixin.py:188} INFO - [2025-03-03T16:13:55.503+0000] {dag.py:3036} INFO - Sync 2 DAGs
[2025-03-03T16:13:55.518+0000] {logging_mixin.py:188} INFO - [2025-03-03T16:13:55.518+0000] {dag.py:3823} INFO - Setting next_dagrun for example_xcom_args to None, run_after=None
[2025-03-03T16:13:55.522+0000] {logging_mixin.py:188} INFO - [2025-03-03T16:13:55.522+0000] {dag.py:3823} INFO - Setting next_dagrun for example_xcom_args_with_operators to None, run_after=None
[2025-03-03T16:13:55.549+0000] {processor.py:183} INFO - Processing /home/airflow/.local/lib/python3.8/site-packages/airflow/example_dags/example_xcomargs.py took 0.095 seconds
[2025-03-03T16:14:25.975+0000] {processor.py:161} INFO - Started process (PID=303) to work on /home/airflow/.local/lib/python3.8/site-packages/airflow/example_dags/example_xcomargs.py
[2025-03-03T16:14:25.977+0000] {processor.py:830} INFO - Processing file /home/airflow/.local/lib/python3.8/site-packages/airflow/example_dags/example_xcomargs.py for tasks to queue
[2025-03-03T16:14:25.979+0000] {logging_mixin.py:188} INFO - [2025-03-03T16:14:25.979+0000] {dagbag.py:538} INFO - Filling up the DagBag from /home/airflow/.local/lib/python3.8/site-packages/airflow/example_dags/example_xcomargs.py
[2025-03-03T16:14:25.989+0000] {processor.py:840} INFO - DAG(s) 'example_xcom_args', 'example_xcom_args_with_operators' retrieved from /home/airflow/.local/lib/python3.8/site-packages/airflow/example_dags/example_xcomargs.py
[2025-03-03T16:14:26.024+0000] {logging_mixin.py:188} INFO - [2025-03-03T16:14:26.023+0000] {dag.py:3036} INFO - Sync 2 DAGs
[2025-03-03T16:14:26.041+0000] {logging_mixin.py:188} INFO - [2025-03-03T16:14:26.040+0000] {dag.py:3823} INFO - Setting next_dagrun for example_xcom_args to None, run_after=None
[2025-03-03T16:14:26.045+0000] {logging_mixin.py:188} INFO - [2025-03-03T16:14:26.045+0000] {dag.py:3823} INFO - Setting next_dagrun for example_xcom_args_with_operators to None, run_after=None
[2025-03-03T16:14:26.074+0000] {processor.py:183} INFO - Processing /home/airflow/.local/lib/python3.8/site-packages/airflow/example_dags/example_xcomargs.py took 0.103 seconds
[2025-03-03T16:14:56.478+0000] {processor.py:161} INFO - Started process (PID=353) to work on /home/airflow/.local/lib/python3.8/site-packages/airflow/example_dags/example_xcomargs.py
[2025-03-03T16:14:56.480+0000] {processor.py:830} INFO - Processing file /home/airflow/.local/lib/python3.8/site-packages/airflow/example_dags/example_xcomargs.py for tasks to queue
[2025-03-03T16:14:56.482+0000] {logging_mixin.py:188} INFO - [2025-03-03T16:14:56.481+0000] {dagbag.py:538} INFO - Filling up the DagBag from /home/airflow/.local/lib/python3.8/site-packages/airflow/example_dags/example_xcomargs.py
[2025-03-03T16:14:56.490+0000] {processor.py:840} INFO - DAG(s) 'example_xcom_args', 'example_xcom_args_with_operators' retrieved from /home/airflow/.local/lib/python3.8/site-packages/airflow/example_dags/example_xcomargs.py
[2025-03-03T16:14:56.522+0000] {logging_mixin.py:188} INFO - [2025-03-03T16:14:56.522+0000] {dag.py:3036} INFO - Sync 2 DAGs
[2025-03-03T16:14:56.536+0000] {logging_mixin.py:188} INFO - [2025-03-03T16:14:56.536+0000] {dag.py:3823} INFO - Setting next_dagrun for example_xcom_args to None, run_after=None
[2025-03-03T16:14:56.540+0000] {logging_mixin.py:188} INFO - [2025-03-03T16:14:56.540+0000] {dag.py:3823} INFO - Setting next_dagrun for example_xcom_args_with_operators to None, run_after=None
[2025-03-03T16:14:56.567+0000] {processor.py:183} INFO - Processing /home/airflow/.local/lib/python3.8/site-packages/airflow/example_dags/example_xcomargs.py took 0.092 seconds
[2025-03-03T16:15:26.702+0000] {processor.py:161} INFO - Started process (PID=403) to work on /home/airflow/.local/lib/python3.8/site-packages/airflow/example_dags/example_xcomargs.py
[2025-03-03T16:15:26.704+0000] {processor.py:830} INFO - Processing file /home/airflow/.local/lib/python3.8/site-packages/airflow/example_dags/example_xcomargs.py for tasks to queue
[2025-03-03T16:15:26.706+0000] {logging_mixin.py:188} INFO - [2025-03-03T16:15:26.706+0000] {dagbag.py:538} INFO - Filling up the DagBag from /home/airflow/.local/lib/python3.8/site-packages/airflow/example_dags/example_xcomargs.py
[2025-03-03T16:15:26.715+0000] {processor.py:840} INFO - DAG(s) 'example_xcom_args_with_operators', 'example_xcom_args' retrieved from /home/airflow/.local/lib/python3.8/site-packages/airflow/example_dags/example_xcomargs.py
[2025-03-03T16:15:26.747+0000] {logging_mixin.py:188} INFO - [2025-03-03T16:15:26.747+0000] {dag.py:3036} INFO - Sync 2 DAGs
[2025-03-03T16:15:26.762+0000] {logging_mixin.py:188} INFO - [2025-03-03T16:15:26.761+0000] {dag.py:3823} INFO - Setting next_dagrun for example_xcom_args to None, run_after=None
[2025-03-03T16:15:26.766+0000] {logging_mixin.py:188} INFO - [2025-03-03T16:15:26.766+0000] {dag.py:3823} INFO - Setting next_dagrun for example_xcom_args_with_operators to None, run_after=None
[2025-03-03T16:15:26.793+0000] {processor.py:183} INFO - Processing /home/airflow/.local/lib/python3.8/site-packages/airflow/example_dags/example_xcomargs.py took 0.096 seconds
[2025-03-03T16:15:56.959+0000] {processor.py:161} INFO - Started process (PID=453) to work on /home/airflow/.local/lib/python3.8/site-packages/airflow/example_dags/example_xcomargs.py
[2025-03-03T16:15:56.961+0000] {processor.py:830} INFO - Processing file /home/airflow/.local/lib/python3.8/site-packages/airflow/example_dags/example_xcomargs.py for tasks to queue
[2025-03-03T16:15:56.963+0000] {logging_mixin.py:188} INFO - [2025-03-03T16:15:56.962+0000] {dagbag.py:538} INFO - Filling up the DagBag from /home/airflow/.local/lib/python3.8/site-packages/airflow/example_dags/example_xcomargs.py
[2025-03-03T16:15:56.972+0000] {processor.py:840} INFO - DAG(s) 'example_xcom_args', 'example_xcom_args_with_operators' retrieved from /home/airflow/.local/lib/python3.8/site-packages/airflow/example_dags/example_xcomargs.py
[2025-03-03T16:15:57.004+0000] {logging_mixin.py:188} INFO - [2025-03-03T16:15:57.003+0000] {dag.py:3036} INFO - Sync 2 DAGs
[2025-03-03T16:15:57.016+0000] {logging_mixin.py:188} INFO - [2025-03-03T16:15:57.016+0000] {dag.py:3823} INFO - Setting next_dagrun for example_xcom_args to None, run_after=None
[2025-03-03T16:15:57.021+0000] {logging_mixin.py:188} INFO - [2025-03-03T16:15:57.021+0000] {dag.py:3823} INFO - Setting next_dagrun for example_xcom_args_with_operators to None, run_after=None
[2025-03-03T16:15:57.046+0000] {processor.py:183} INFO - Processing /home/airflow/.local/lib/python3.8/site-packages/airflow/example_dags/example_xcomargs.py took 0.091 seconds
[2025-03-03T16:40:20.637+0000] {processor.py:161} INFO - Started process (PID=152) to work on /home/airflow/.local/lib/python3.8/site-packages/airflow/example_dags/example_xcomargs.py
[2025-03-03T16:40:20.639+0000] {processor.py:830} INFO - Processing file /home/airflow/.local/lib/python3.8/site-packages/airflow/example_dags/example_xcomargs.py for tasks to queue
[2025-03-03T16:40:20.641+0000] {logging_mixin.py:188} INFO - [2025-03-03T16:40:20.640+0000] {dagbag.py:538} INFO - Filling up the DagBag from /home/airflow/.local/lib/python3.8/site-packages/airflow/example_dags/example_xcomargs.py
[2025-03-03T16:40:20.652+0000] {processor.py:840} INFO - DAG(s) 'example_xcom_args', 'example_xcom_args_with_operators' retrieved from /home/airflow/.local/lib/python3.8/site-packages/airflow/example_dags/example_xcomargs.py
[2025-03-03T16:40:20.676+0000] {logging_mixin.py:188} INFO - [2025-03-03T16:40:20.675+0000] {dag.py:3036} INFO - Sync 2 DAGs
[2025-03-03T16:40:20.697+0000] {logging_mixin.py:188} INFO - [2025-03-03T16:40:20.697+0000] {dag.py:3823} INFO - Setting next_dagrun for example_xcom_args to None, run_after=None
[2025-03-03T16:40:20.706+0000] {logging_mixin.py:188} INFO - [2025-03-03T16:40:20.706+0000] {dag.py:3823} INFO - Setting next_dagrun for example_xcom_args_with_operators to None, run_after=None
[2025-03-03T16:40:20.737+0000] {processor.py:183} INFO - Processing /home/airflow/.local/lib/python3.8/site-packages/airflow/example_dags/example_xcomargs.py took 0.105 seconds
[2025-03-03T16:40:52.239+0000] {processor.py:161} INFO - Started process (PID=202) to work on /home/airflow/.local/lib/python3.8/site-packages/airflow/example_dags/example_xcomargs.py
[2025-03-03T16:40:52.241+0000] {processor.py:830} INFO - Processing file /home/airflow/.local/lib/python3.8/site-packages/airflow/example_dags/example_xcomargs.py for tasks to queue
[2025-03-03T16:40:52.244+0000] {logging_mixin.py:188} INFO - [2025-03-03T16:40:52.243+0000] {dagbag.py:538} INFO - Filling up the DagBag from /home/airflow/.local/lib/python3.8/site-packages/airflow/example_dags/example_xcomargs.py
[2025-03-03T16:40:52.254+0000] {processor.py:840} INFO - DAG(s) 'example_xcom_args_with_operators', 'example_xcom_args' retrieved from /home/airflow/.local/lib/python3.8/site-packages/airflow/example_dags/example_xcomargs.py
[2025-03-03T16:40:52.448+0000] {logging_mixin.py:188} INFO - [2025-03-03T16:40:52.447+0000] {dag.py:3036} INFO - Sync 2 DAGs
[2025-03-03T16:40:52.462+0000] {logging_mixin.py:188} INFO - [2025-03-03T16:40:52.461+0000] {dag.py:3823} INFO - Setting next_dagrun for example_xcom_args to None, run_after=None
[2025-03-03T16:40:52.467+0000] {logging_mixin.py:188} INFO - [2025-03-03T16:40:52.466+0000] {dag.py:3823} INFO - Setting next_dagrun for example_xcom_args_with_operators to None, run_after=None
[2025-03-03T16:40:52.516+0000] {processor.py:183} INFO - Processing /home/airflow/.local/lib/python3.8/site-packages/airflow/example_dags/example_xcomargs.py took 0.281 seconds
[2025-03-03T16:41:22.639+0000] {processor.py:161} INFO - Started process (PID=252) to work on /home/airflow/.local/lib/python3.8/site-packages/airflow/example_dags/example_xcomargs.py
[2025-03-03T16:41:22.640+0000] {processor.py:830} INFO - Processing file /home/airflow/.local/lib/python3.8/site-packages/airflow/example_dags/example_xcomargs.py for tasks to queue
[2025-03-03T16:41:22.642+0000] {logging_mixin.py:188} INFO - [2025-03-03T16:41:22.642+0000] {dagbag.py:538} INFO - Filling up the DagBag from /home/airflow/.local/lib/python3.8/site-packages/airflow/example_dags/example_xcomargs.py
[2025-03-03T16:41:22.651+0000] {processor.py:840} INFO - DAG(s) 'example_xcom_args', 'example_xcom_args_with_operators' retrieved from /home/airflow/.local/lib/python3.8/site-packages/airflow/example_dags/example_xcomargs.py
[2025-03-03T16:41:22.685+0000] {logging_mixin.py:188} INFO - [2025-03-03T16:41:22.684+0000] {dag.py:3036} INFO - Sync 2 DAGs
[2025-03-03T16:41:22.699+0000] {logging_mixin.py:188} INFO - [2025-03-03T16:41:22.699+0000] {dag.py:3823} INFO - Setting next_dagrun for example_xcom_args to None, run_after=None
[2025-03-03T16:41:22.703+0000] {logging_mixin.py:188} INFO - [2025-03-03T16:41:22.703+0000] {dag.py:3823} INFO - Setting next_dagrun for example_xcom_args_with_operators to None, run_after=None
[2025-03-03T16:41:22.732+0000] {processor.py:183} INFO - Processing /home/airflow/.local/lib/python3.8/site-packages/airflow/example_dags/example_xcomargs.py took 0.097 seconds
[2025-03-03T16:41:52.951+0000] {processor.py:161} INFO - Started process (PID=302) to work on /home/airflow/.local/lib/python3.8/site-packages/airflow/example_dags/example_xcomargs.py
[2025-03-03T16:41:52.953+0000] {processor.py:830} INFO - Processing file /home/airflow/.local/lib/python3.8/site-packages/airflow/example_dags/example_xcomargs.py for tasks to queue
[2025-03-03T16:41:52.956+0000] {logging_mixin.py:188} INFO - [2025-03-03T16:41:52.955+0000] {dagbag.py:538} INFO - Filling up the DagBag from /home/airflow/.local/lib/python3.8/site-packages/airflow/example_dags/example_xcomargs.py
[2025-03-03T16:41:52.966+0000] {processor.py:840} INFO - DAG(s) 'example_xcom_args', 'example_xcom_args_with_operators' retrieved from /home/airflow/.local/lib/python3.8/site-packages/airflow/example_dags/example_xcomargs.py
[2025-03-03T16:41:53.003+0000] {logging_mixin.py:188} INFO - [2025-03-03T16:41:53.002+0000] {dag.py:3036} INFO - Sync 2 DAGs
[2025-03-03T16:41:53.020+0000] {logging_mixin.py:188} INFO - [2025-03-03T16:41:53.019+0000] {dag.py:3823} INFO - Setting next_dagrun for example_xcom_args to None, run_after=None
[2025-03-03T16:41:53.026+0000] {logging_mixin.py:188} INFO - [2025-03-03T16:41:53.025+0000] {dag.py:3823} INFO - Setting next_dagrun for example_xcom_args_with_operators to None, run_after=None
[2025-03-03T16:41:53.055+0000] {processor.py:183} INFO - Processing /home/airflow/.local/lib/python3.8/site-packages/airflow/example_dags/example_xcomargs.py took 0.108 seconds
[2025-03-03T16:42:24.003+0000] {processor.py:161} INFO - Started process (PID=352) to work on /home/airflow/.local/lib/python3.8/site-packages/airflow/example_dags/example_xcomargs.py
[2025-03-03T16:42:24.005+0000] {processor.py:830} INFO - Processing file /home/airflow/.local/lib/python3.8/site-packages/airflow/example_dags/example_xcomargs.py for tasks to queue
[2025-03-03T16:42:24.007+0000] {logging_mixin.py:188} INFO - [2025-03-03T16:42:24.007+0000] {dagbag.py:538} INFO - Filling up the DagBag from /home/airflow/.local/lib/python3.8/site-packages/airflow/example_dags/example_xcomargs.py
[2025-03-03T16:42:24.017+0000] {processor.py:840} INFO - DAG(s) 'example_xcom_args', 'example_xcom_args_with_operators' retrieved from /home/airflow/.local/lib/python3.8/site-packages/airflow/example_dags/example_xcomargs.py
[2025-03-03T16:42:24.050+0000] {logging_mixin.py:188} INFO - [2025-03-03T16:42:24.050+0000] {dag.py:3036} INFO - Sync 2 DAGs
[2025-03-03T16:42:24.065+0000] {logging_mixin.py:188} INFO - [2025-03-03T16:42:24.065+0000] {dag.py:3823} INFO - Setting next_dagrun for example_xcom_args to None, run_after=None
[2025-03-03T16:42:24.070+0000] {logging_mixin.py:188} INFO - [2025-03-03T16:42:24.069+0000] {dag.py:3823} INFO - Setting next_dagrun for example_xcom_args_with_operators to None, run_after=None
[2025-03-03T16:42:24.095+0000] {processor.py:183} INFO - Processing /home/airflow/.local/lib/python3.8/site-packages/airflow/example_dags/example_xcomargs.py took 0.095 seconds
[2025-03-03T16:42:54.518+0000] {processor.py:161} INFO - Started process (PID=402) to work on /home/airflow/.local/lib/python3.8/site-packages/airflow/example_dags/example_xcomargs.py
[2025-03-03T16:42:54.521+0000] {processor.py:830} INFO - Processing file /home/airflow/.local/lib/python3.8/site-packages/airflow/example_dags/example_xcomargs.py for tasks to queue
[2025-03-03T16:42:54.528+0000] {logging_mixin.py:188} INFO - [2025-03-03T16:42:54.527+0000] {dagbag.py:538} INFO - Filling up the DagBag from /home/airflow/.local/lib/python3.8/site-packages/airflow/example_dags/example_xcomargs.py
[2025-03-03T16:42:54.542+0000] {processor.py:840} INFO - DAG(s) 'example_xcom_args_with_operators', 'example_xcom_args' retrieved from /home/airflow/.local/lib/python3.8/site-packages/airflow/example_dags/example_xcomargs.py
[2025-03-03T16:42:54.592+0000] {logging_mixin.py:188} INFO - [2025-03-03T16:42:54.591+0000] {dag.py:3036} INFO - Sync 2 DAGs
[2025-03-03T16:42:54.608+0000] {logging_mixin.py:188} INFO - [2025-03-03T16:42:54.607+0000] {dag.py:3823} INFO - Setting next_dagrun for example_xcom_args to None, run_after=None
[2025-03-03T16:42:54.614+0000] {logging_mixin.py:188} INFO - [2025-03-03T16:42:54.614+0000] {dag.py:3823} INFO - Setting next_dagrun for example_xcom_args_with_operators to None, run_after=None
[2025-03-03T16:42:54.641+0000] {processor.py:183} INFO - Processing /home/airflow/.local/lib/python3.8/site-packages/airflow/example_dags/example_xcomargs.py took 0.128 seconds
[2025-03-03T16:43:24.675+0000] {processor.py:161} INFO - Started process (PID=452) to work on /home/airflow/.local/lib/python3.8/site-packages/airflow/example_dags/example_xcomargs.py
[2025-03-03T16:43:24.677+0000] {processor.py:830} INFO - Processing file /home/airflow/.local/lib/python3.8/site-packages/airflow/example_dags/example_xcomargs.py for tasks to queue
[2025-03-03T16:43:24.679+0000] {logging_mixin.py:188} INFO - [2025-03-03T16:43:24.679+0000] {dagbag.py:538} INFO - Filling up the DagBag from /home/airflow/.local/lib/python3.8/site-packages/airflow/example_dags/example_xcomargs.py
[2025-03-03T16:43:24.690+0000] {processor.py:840} INFO - DAG(s) 'example_xcom_args', 'example_xcom_args_with_operators' retrieved from /home/airflow/.local/lib/python3.8/site-packages/airflow/example_dags/example_xcomargs.py
[2025-03-03T16:43:24.746+0000] {logging_mixin.py:188} INFO - [2025-03-03T16:43:24.745+0000] {dag.py:3036} INFO - Sync 2 DAGs
[2025-03-03T16:43:24.766+0000] {logging_mixin.py:188} INFO - [2025-03-03T16:43:24.766+0000] {dag.py:3823} INFO - Setting next_dagrun for example_xcom_args to None, run_after=None
[2025-03-03T16:43:24.775+0000] {logging_mixin.py:188} INFO - [2025-03-03T16:43:24.774+0000] {dag.py:3823} INFO - Setting next_dagrun for example_xcom_args_with_operators to None, run_after=None
[2025-03-03T16:43:24.811+0000] {processor.py:183} INFO - Processing /home/airflow/.local/lib/python3.8/site-packages/airflow/example_dags/example_xcomargs.py took 0.140 seconds
[2025-03-03T16:43:55.372+0000] {processor.py:161} INFO - Started process (PID=502) to work on /home/airflow/.local/lib/python3.8/site-packages/airflow/example_dags/example_xcomargs.py
[2025-03-03T16:43:55.374+0000] {processor.py:830} INFO - Processing file /home/airflow/.local/lib/python3.8/site-packages/airflow/example_dags/example_xcomargs.py for tasks to queue
[2025-03-03T16:43:55.376+0000] {logging_mixin.py:188} INFO - [2025-03-03T16:43:55.376+0000] {dagbag.py:538} INFO - Filling up the DagBag from /home/airflow/.local/lib/python3.8/site-packages/airflow/example_dags/example_xcomargs.py
[2025-03-03T16:43:55.386+0000] {processor.py:840} INFO - DAG(s) 'example_xcom_args_with_operators', 'example_xcom_args' retrieved from /home/airflow/.local/lib/python3.8/site-packages/airflow/example_dags/example_xcomargs.py
[2025-03-03T16:43:55.418+0000] {logging_mixin.py:188} INFO - [2025-03-03T16:43:55.418+0000] {dag.py:3036} INFO - Sync 2 DAGs
[2025-03-03T16:43:55.433+0000] {logging_mixin.py:188} INFO - [2025-03-03T16:43:55.432+0000] {dag.py:3823} INFO - Setting next_dagrun for example_xcom_args to None, run_after=None
[2025-03-03T16:43:55.438+0000] {logging_mixin.py:188} INFO - [2025-03-03T16:43:55.437+0000] {dag.py:3823} INFO - Setting next_dagrun for example_xcom_args_with_operators to None, run_after=None
[2025-03-03T16:43:55.465+0000] {processor.py:183} INFO - Processing /home/airflow/.local/lib/python3.8/site-packages/airflow/example_dags/example_xcomargs.py took 0.096 seconds
[2025-03-03T16:44:25.802+0000] {processor.py:161} INFO - Started process (PID=552) to work on /home/airflow/.local/lib/python3.8/site-packages/airflow/example_dags/example_xcomargs.py
[2025-03-03T16:44:25.804+0000] {processor.py:830} INFO - Processing file /home/airflow/.local/lib/python3.8/site-packages/airflow/example_dags/example_xcomargs.py for tasks to queue
[2025-03-03T16:44:25.807+0000] {logging_mixin.py:188} INFO - [2025-03-03T16:44:25.806+0000] {dagbag.py:538} INFO - Filling up the DagBag from /home/airflow/.local/lib/python3.8/site-packages/airflow/example_dags/example_xcomargs.py
[2025-03-03T16:44:25.817+0000] {processor.py:840} INFO - DAG(s) 'example_xcom_args_with_operators', 'example_xcom_args' retrieved from /home/airflow/.local/lib/python3.8/site-packages/airflow/example_dags/example_xcomargs.py
[2025-03-03T16:44:25.850+0000] {logging_mixin.py:188} INFO - [2025-03-03T16:44:25.850+0000] {dag.py:3036} INFO - Sync 2 DAGs
[2025-03-03T16:44:25.865+0000] {logging_mixin.py:188} INFO - [2025-03-03T16:44:25.864+0000] {dag.py:3823} INFO - Setting next_dagrun for example_xcom_args to None, run_after=None
[2025-03-03T16:44:25.869+0000] {logging_mixin.py:188} INFO - [2025-03-03T16:44:25.869+0000] {dag.py:3823} INFO - Setting next_dagrun for example_xcom_args_with_operators to None, run_after=None
[2025-03-03T16:44:25.896+0000] {processor.py:183} INFO - Processing /home/airflow/.local/lib/python3.8/site-packages/airflow/example_dags/example_xcomargs.py took 0.097 seconds
[2025-03-03T16:44:56.841+0000] {processor.py:161} INFO - Started process (PID=602) to work on /home/airflow/.local/lib/python3.8/site-packages/airflow/example_dags/example_xcomargs.py
[2025-03-03T16:44:56.842+0000] {processor.py:830} INFO - Processing file /home/airflow/.local/lib/python3.8/site-packages/airflow/example_dags/example_xcomargs.py for tasks to queue
[2025-03-03T16:44:56.844+0000] {logging_mixin.py:188} INFO - [2025-03-03T16:44:56.844+0000] {dagbag.py:538} INFO - Filling up the DagBag from /home/airflow/.local/lib/python3.8/site-packages/airflow/example_dags/example_xcomargs.py
[2025-03-03T16:44:56.853+0000] {processor.py:840} INFO - DAG(s) 'example_xcom_args', 'example_xcom_args_with_operators' retrieved from /home/airflow/.local/lib/python3.8/site-packages/airflow/example_dags/example_xcomargs.py
[2025-03-03T16:44:56.888+0000] {logging_mixin.py:188} INFO - [2025-03-03T16:44:56.888+0000] {dag.py:3036} INFO - Sync 2 DAGs
[2025-03-03T16:44:56.903+0000] {logging_mixin.py:188} INFO - [2025-03-03T16:44:56.903+0000] {dag.py:3823} INFO - Setting next_dagrun for example_xcom_args to None, run_after=None
[2025-03-03T16:44:56.908+0000] {logging_mixin.py:188} INFO - [2025-03-03T16:44:56.908+0000] {dag.py:3823} INFO - Setting next_dagrun for example_xcom_args_with_operators to None, run_after=None
[2025-03-03T16:44:56.937+0000] {processor.py:183} INFO - Processing /home/airflow/.local/lib/python3.8/site-packages/airflow/example_dags/example_xcomargs.py took 0.100 seconds
[2025-03-03T16:45:27.420+0000] {processor.py:161} INFO - Started process (PID=652) to work on /home/airflow/.local/lib/python3.8/site-packages/airflow/example_dags/example_xcomargs.py
[2025-03-03T16:45:27.422+0000] {processor.py:830} INFO - Processing file /home/airflow/.local/lib/python3.8/site-packages/airflow/example_dags/example_xcomargs.py for tasks to queue
[2025-03-03T16:45:27.424+0000] {logging_mixin.py:188} INFO - [2025-03-03T16:45:27.423+0000] {dagbag.py:538} INFO - Filling up the DagBag from /home/airflow/.local/lib/python3.8/site-packages/airflow/example_dags/example_xcomargs.py
[2025-03-03T16:45:27.433+0000] {processor.py:840} INFO - DAG(s) 'example_xcom_args', 'example_xcom_args_with_operators' retrieved from /home/airflow/.local/lib/python3.8/site-packages/airflow/example_dags/example_xcomargs.py
[2025-03-03T16:45:27.466+0000] {logging_mixin.py:188} INFO - [2025-03-03T16:45:27.466+0000] {dag.py:3036} INFO - Sync 2 DAGs
[2025-03-03T16:45:27.479+0000] {logging_mixin.py:188} INFO - [2025-03-03T16:45:27.479+0000] {dag.py:3823} INFO - Setting next_dagrun for example_xcom_args to None, run_after=None
[2025-03-03T16:45:27.484+0000] {logging_mixin.py:188} INFO - [2025-03-03T16:45:27.484+0000] {dag.py:3823} INFO - Setting next_dagrun for example_xcom_args_with_operators to None, run_after=None
[2025-03-03T16:45:27.509+0000] {processor.py:183} INFO - Processing /home/airflow/.local/lib/python3.8/site-packages/airflow/example_dags/example_xcomargs.py took 0.093 seconds
[2025-03-03T16:45:57.938+0000] {processor.py:161} INFO - Started process (PID=702) to work on /home/airflow/.local/lib/python3.8/site-packages/airflow/example_dags/example_xcomargs.py
[2025-03-03T16:45:57.940+0000] {processor.py:830} INFO - Processing file /home/airflow/.local/lib/python3.8/site-packages/airflow/example_dags/example_xcomargs.py for tasks to queue
[2025-03-03T16:45:57.943+0000] {logging_mixin.py:188} INFO - [2025-03-03T16:45:57.942+0000] {dagbag.py:538} INFO - Filling up the DagBag from /home/airflow/.local/lib/python3.8/site-packages/airflow/example_dags/example_xcomargs.py
[2025-03-03T16:45:57.951+0000] {processor.py:840} INFO - DAG(s) 'example_xcom_args_with_operators', 'example_xcom_args' retrieved from /home/airflow/.local/lib/python3.8/site-packages/airflow/example_dags/example_xcomargs.py
[2025-03-03T16:45:57.983+0000] {logging_mixin.py:188} INFO - [2025-03-03T16:45:57.982+0000] {dag.py:3036} INFO - Sync 2 DAGs
[2025-03-03T16:45:57.997+0000] {logging_mixin.py:188} INFO - [2025-03-03T16:45:57.997+0000] {dag.py:3823} INFO - Setting next_dagrun for example_xcom_args to None, run_after=None
[2025-03-03T16:45:58.002+0000] {logging_mixin.py:188} INFO - [2025-03-03T16:45:58.002+0000] {dag.py:3823} INFO - Setting next_dagrun for example_xcom_args_with_operators to None, run_after=None
[2025-03-03T16:45:58.029+0000] {processor.py:183} INFO - Processing /home/airflow/.local/lib/python3.8/site-packages/airflow/example_dags/example_xcomargs.py took 0.095 seconds
[2025-03-03T16:46:28.222+0000] {processor.py:161} INFO - Started process (PID=752) to work on /home/airflow/.local/lib/python3.8/site-packages/airflow/example_dags/example_xcomargs.py
[2025-03-03T16:46:28.224+0000] {processor.py:830} INFO - Processing file /home/airflow/.local/lib/python3.8/site-packages/airflow/example_dags/example_xcomargs.py for tasks to queue
[2025-03-03T16:46:28.226+0000] {logging_mixin.py:188} INFO - [2025-03-03T16:46:28.225+0000] {dagbag.py:538} INFO - Filling up the DagBag from /home/airflow/.local/lib/python3.8/site-packages/airflow/example_dags/example_xcomargs.py
[2025-03-03T16:46:28.234+0000] {processor.py:840} INFO - DAG(s) 'example_xcom_args_with_operators', 'example_xcom_args' retrieved from /home/airflow/.local/lib/python3.8/site-packages/airflow/example_dags/example_xcomargs.py
[2025-03-03T16:46:28.269+0000] {logging_mixin.py:188} INFO - [2025-03-03T16:46:28.269+0000] {dag.py:3036} INFO - Sync 2 DAGs
[2025-03-03T16:46:28.283+0000] {logging_mixin.py:188} INFO - [2025-03-03T16:46:28.283+0000] {dag.py:3823} INFO - Setting next_dagrun for example_xcom_args to None, run_after=None
[2025-03-03T16:46:28.288+0000] {logging_mixin.py:188} INFO - [2025-03-03T16:46:28.288+0000] {dag.py:3823} INFO - Setting next_dagrun for example_xcom_args_with_operators to None, run_after=None
[2025-03-03T16:46:28.315+0000] {processor.py:183} INFO - Processing /home/airflow/.local/lib/python3.8/site-packages/airflow/example_dags/example_xcomargs.py took 0.096 seconds
[2025-03-03T16:46:58.765+0000] {processor.py:161} INFO - Started process (PID=802) to work on /home/airflow/.local/lib/python3.8/site-packages/airflow/example_dags/example_xcomargs.py
[2025-03-03T16:46:58.766+0000] {processor.py:830} INFO - Processing file /home/airflow/.local/lib/python3.8/site-packages/airflow/example_dags/example_xcomargs.py for tasks to queue
[2025-03-03T16:46:58.768+0000] {logging_mixin.py:188} INFO - [2025-03-03T16:46:58.768+0000] {dagbag.py:538} INFO - Filling up the DagBag from /home/airflow/.local/lib/python3.8/site-packages/airflow/example_dags/example_xcomargs.py
[2025-03-03T16:46:58.777+0000] {processor.py:840} INFO - DAG(s) 'example_xcom_args', 'example_xcom_args_with_operators' retrieved from /home/airflow/.local/lib/python3.8/site-packages/airflow/example_dags/example_xcomargs.py
[2025-03-03T16:46:58.808+0000] {logging_mixin.py:188} INFO - [2025-03-03T16:46:58.808+0000] {dag.py:3036} INFO - Sync 2 DAGs
[2025-03-03T16:46:58.821+0000] {logging_mixin.py:188} INFO - [2025-03-03T16:46:58.821+0000] {dag.py:3823} INFO - Setting next_dagrun for example_xcom_args to None, run_after=None
[2025-03-03T16:46:58.826+0000] {logging_mixin.py:188} INFO - [2025-03-03T16:46:58.825+0000] {dag.py:3823} INFO - Setting next_dagrun for example_xcom_args_with_operators to None, run_after=None
[2025-03-03T16:46:58.850+0000] {processor.py:183} INFO - Processing /home/airflow/.local/lib/python3.8/site-packages/airflow/example_dags/example_xcomargs.py took 0.089 seconds
[2025-03-03T16:47:29.690+0000] {processor.py:161} INFO - Started process (PID=852) to work on /home/airflow/.local/lib/python3.8/site-packages/airflow/example_dags/example_xcomargs.py
[2025-03-03T16:47:29.692+0000] {processor.py:830} INFO - Processing file /home/airflow/.local/lib/python3.8/site-packages/airflow/example_dags/example_xcomargs.py for tasks to queue
[2025-03-03T16:47:29.695+0000] {logging_mixin.py:188} INFO - [2025-03-03T16:47:29.694+0000] {dagbag.py:538} INFO - Filling up the DagBag from /home/airflow/.local/lib/python3.8/site-packages/airflow/example_dags/example_xcomargs.py
[2025-03-03T16:47:29.704+0000] {processor.py:840} INFO - DAG(s) 'example_xcom_args_with_operators', 'example_xcom_args' retrieved from /home/airflow/.local/lib/python3.8/site-packages/airflow/example_dags/example_xcomargs.py
[2025-03-03T16:47:29.739+0000] {logging_mixin.py:188} INFO - [2025-03-03T16:47:29.738+0000] {dag.py:3036} INFO - Sync 2 DAGs
[2025-03-03T16:47:29.756+0000] {logging_mixin.py:188} INFO - [2025-03-03T16:47:29.755+0000] {dag.py:3823} INFO - Setting next_dagrun for example_xcom_args to None, run_after=None
[2025-03-03T16:47:29.760+0000] {logging_mixin.py:188} INFO - [2025-03-03T16:47:29.759+0000] {dag.py:3823} INFO - Setting next_dagrun for example_xcom_args_with_operators to None, run_after=None
[2025-03-03T16:47:29.784+0000] {processor.py:183} INFO - Processing /home/airflow/.local/lib/python3.8/site-packages/airflow/example_dags/example_xcomargs.py took 0.098 seconds
[2025-03-03T16:48:00.012+0000] {processor.py:161} INFO - Started process (PID=902) to work on /home/airflow/.local/lib/python3.8/site-packages/airflow/example_dags/example_xcomargs.py
[2025-03-03T16:48:00.012+0000] {processor.py:830} INFO - Processing file /home/airflow/.local/lib/python3.8/site-packages/airflow/example_dags/example_xcomargs.py for tasks to queue
[2025-03-03T16:48:00.015+0000] {logging_mixin.py:188} INFO - [2025-03-03T16:48:00.014+0000] {dagbag.py:538} INFO - Filling up the DagBag from /home/airflow/.local/lib/python3.8/site-packages/airflow/example_dags/example_xcomargs.py
[2025-03-03T16:48:00.024+0000] {processor.py:840} INFO - DAG(s) 'example_xcom_args', 'example_xcom_args_with_operators' retrieved from /home/airflow/.local/lib/python3.8/site-packages/airflow/example_dags/example_xcomargs.py
[2025-03-03T16:48:00.059+0000] {logging_mixin.py:188} INFO - [2025-03-03T16:48:00.058+0000] {dag.py:3036} INFO - Sync 2 DAGs
[2025-03-03T16:48:00.073+0000] {logging_mixin.py:188} INFO - [2025-03-03T16:48:00.072+0000] {dag.py:3823} INFO - Setting next_dagrun for example_xcom_args to None, run_after=None
[2025-03-03T16:48:00.077+0000] {logging_mixin.py:188} INFO - [2025-03-03T16:48:00.077+0000] {dag.py:3823} INFO - Setting next_dagrun for example_xcom_args_with_operators to None, run_after=None
[2025-03-03T16:48:00.102+0000] {processor.py:183} INFO - Processing /home/airflow/.local/lib/python3.8/site-packages/airflow/example_dags/example_xcomargs.py took 0.094 seconds
[2025-03-03T16:48:30.341+0000] {processor.py:161} INFO - Started process (PID=952) to work on /home/airflow/.local/lib/python3.8/site-packages/airflow/example_dags/example_xcomargs.py
[2025-03-03T16:48:30.343+0000] {processor.py:830} INFO - Processing file /home/airflow/.local/lib/python3.8/site-packages/airflow/example_dags/example_xcomargs.py for tasks to queue
[2025-03-03T16:48:30.345+0000] {logging_mixin.py:188} INFO - [2025-03-03T16:48:30.344+0000] {dagbag.py:538} INFO - Filling up the DagBag from /home/airflow/.local/lib/python3.8/site-packages/airflow/example_dags/example_xcomargs.py
[2025-03-03T16:48:30.354+0000] {processor.py:840} INFO - DAG(s) 'example_xcom_args_with_operators', 'example_xcom_args' retrieved from /home/airflow/.local/lib/python3.8/site-packages/airflow/example_dags/example_xcomargs.py
[2025-03-03T16:48:30.387+0000] {logging_mixin.py:188} INFO - [2025-03-03T16:48:30.387+0000] {dag.py:3036} INFO - Sync 2 DAGs
[2025-03-03T16:48:30.402+0000] {logging_mixin.py:188} INFO - [2025-03-03T16:48:30.402+0000] {dag.py:3823} INFO - Setting next_dagrun for example_xcom_args to None, run_after=None
[2025-03-03T16:48:30.407+0000] {logging_mixin.py:188} INFO - [2025-03-03T16:48:30.406+0000] {dag.py:3823} INFO - Setting next_dagrun for example_xcom_args_with_operators to None, run_after=None
[2025-03-03T16:48:30.433+0000] {processor.py:183} INFO - Processing /home/airflow/.local/lib/python3.8/site-packages/airflow/example_dags/example_xcomargs.py took 0.096 seconds
[2025-03-03T16:49:00.609+0000] {processor.py:161} INFO - Started process (PID=1002) to work on /home/airflow/.local/lib/python3.8/site-packages/airflow/example_dags/example_xcomargs.py
[2025-03-03T16:49:00.611+0000] {processor.py:830} INFO - Processing file /home/airflow/.local/lib/python3.8/site-packages/airflow/example_dags/example_xcomargs.py for tasks to queue
[2025-03-03T16:49:00.613+0000] {logging_mixin.py:188} INFO - [2025-03-03T16:49:00.613+0000] {dagbag.py:538} INFO - Filling up the DagBag from /home/airflow/.local/lib/python3.8/site-packages/airflow/example_dags/example_xcomargs.py
[2025-03-03T16:49:00.623+0000] {processor.py:840} INFO - DAG(s) 'example_xcom_args_with_operators', 'example_xcom_args' retrieved from /home/airflow/.local/lib/python3.8/site-packages/airflow/example_dags/example_xcomargs.py
[2025-03-03T16:49:00.655+0000] {logging_mixin.py:188} INFO - [2025-03-03T16:49:00.655+0000] {dag.py:3036} INFO - Sync 2 DAGs
[2025-03-03T16:49:00.673+0000] {logging_mixin.py:188} INFO - [2025-03-03T16:49:00.673+0000] {dag.py:3823} INFO - Setting next_dagrun for example_xcom_args to None, run_after=None
[2025-03-03T16:49:00.679+0000] {logging_mixin.py:188} INFO - [2025-03-03T16:49:00.678+0000] {dag.py:3823} INFO - Setting next_dagrun for example_xcom_args_with_operators to None, run_after=None
[2025-03-03T16:49:00.708+0000] {processor.py:183} INFO - Processing /home/airflow/.local/lib/python3.8/site-packages/airflow/example_dags/example_xcomargs.py took 0.102 seconds
[2025-03-03T16:49:30.983+0000] {processor.py:161} INFO - Started process (PID=1052) to work on /home/airflow/.local/lib/python3.8/site-packages/airflow/example_dags/example_xcomargs.py
[2025-03-03T16:49:30.984+0000] {processor.py:830} INFO - Processing file /home/airflow/.local/lib/python3.8/site-packages/airflow/example_dags/example_xcomargs.py for tasks to queue
[2025-03-03T16:49:30.986+0000] {logging_mixin.py:188} INFO - [2025-03-03T16:49:30.986+0000] {dagbag.py:538} INFO - Filling up the DagBag from /home/airflow/.local/lib/python3.8/site-packages/airflow/example_dags/example_xcomargs.py
[2025-03-03T16:49:30.997+0000] {processor.py:840} INFO - DAG(s) 'example_xcom_args', 'example_xcom_args_with_operators' retrieved from /home/airflow/.local/lib/python3.8/site-packages/airflow/example_dags/example_xcomargs.py
[2025-03-03T16:49:31.036+0000] {logging_mixin.py:188} INFO - [2025-03-03T16:49:31.036+0000] {dag.py:3036} INFO - Sync 2 DAGs
[2025-03-03T16:49:31.052+0000] {logging_mixin.py:188} INFO - [2025-03-03T16:49:31.052+0000] {dag.py:3823} INFO - Setting next_dagrun for example_xcom_args to None, run_after=None
[2025-03-03T16:49:31.060+0000] {logging_mixin.py:188} INFO - [2025-03-03T16:49:31.060+0000] {dag.py:3823} INFO - Setting next_dagrun for example_xcom_args_with_operators to None, run_after=None
[2025-03-03T16:49:31.091+0000] {processor.py:183} INFO - Processing /home/airflow/.local/lib/python3.8/site-packages/airflow/example_dags/example_xcomargs.py took 0.111 seconds
[2025-03-03T16:50:01.747+0000] {processor.py:161} INFO - Started process (PID=1102) to work on /home/airflow/.local/lib/python3.8/site-packages/airflow/example_dags/example_xcomargs.py
[2025-03-03T16:50:01.749+0000] {processor.py:830} INFO - Processing file /home/airflow/.local/lib/python3.8/site-packages/airflow/example_dags/example_xcomargs.py for tasks to queue
[2025-03-03T16:50:01.751+0000] {logging_mixin.py:188} INFO - [2025-03-03T16:50:01.750+0000] {dagbag.py:538} INFO - Filling up the DagBag from /home/airflow/.local/lib/python3.8/site-packages/airflow/example_dags/example_xcomargs.py
[2025-03-03T16:50:01.763+0000] {processor.py:840} INFO - DAG(s) 'example_xcom_args_with_operators', 'example_xcom_args' retrieved from /home/airflow/.local/lib/python3.8/site-packages/airflow/example_dags/example_xcomargs.py
[2025-03-03T16:50:01.799+0000] {logging_mixin.py:188} INFO - [2025-03-03T16:50:01.799+0000] {dag.py:3036} INFO - Sync 2 DAGs
[2025-03-03T16:50:01.813+0000] {logging_mixin.py:188} INFO - [2025-03-03T16:50:01.813+0000] {dag.py:3823} INFO - Setting next_dagrun for example_xcom_args to None, run_after=None
[2025-03-03T16:50:01.817+0000] {logging_mixin.py:188} INFO - [2025-03-03T16:50:01.817+0000] {dag.py:3823} INFO - Setting next_dagrun for example_xcom_args_with_operators to None, run_after=None
[2025-03-03T16:50:01.844+0000] {processor.py:183} INFO - Processing /home/airflow/.local/lib/python3.8/site-packages/airflow/example_dags/example_xcomargs.py took 0.101 seconds
[2025-03-03T16:50:32.667+0000] {processor.py:161} INFO - Started process (PID=1152) to work on /home/airflow/.local/lib/python3.8/site-packages/airflow/example_dags/example_xcomargs.py
[2025-03-03T16:50:32.668+0000] {processor.py:830} INFO - Processing file /home/airflow/.local/lib/python3.8/site-packages/airflow/example_dags/example_xcomargs.py for tasks to queue
[2025-03-03T16:50:32.671+0000] {logging_mixin.py:188} INFO - [2025-03-03T16:50:32.671+0000] {dagbag.py:538} INFO - Filling up the DagBag from /home/airflow/.local/lib/python3.8/site-packages/airflow/example_dags/example_xcomargs.py
[2025-03-03T16:50:32.680+0000] {processor.py:840} INFO - DAG(s) 'example_xcom_args', 'example_xcom_args_with_operators' retrieved from /home/airflow/.local/lib/python3.8/site-packages/airflow/example_dags/example_xcomargs.py
[2025-03-03T16:50:32.713+0000] {logging_mixin.py:188} INFO - [2025-03-03T16:50:32.712+0000] {dag.py:3036} INFO - Sync 2 DAGs
[2025-03-03T16:50:32.728+0000] {logging_mixin.py:188} INFO - [2025-03-03T16:50:32.728+0000] {dag.py:3823} INFO - Setting next_dagrun for example_xcom_args to None, run_after=None
[2025-03-03T16:50:32.733+0000] {logging_mixin.py:188} INFO - [2025-03-03T16:50:32.732+0000] {dag.py:3823} INFO - Setting next_dagrun for example_xcom_args_with_operators to None, run_after=None
[2025-03-03T16:50:32.759+0000] {processor.py:183} INFO - Processing /home/airflow/.local/lib/python3.8/site-packages/airflow/example_dags/example_xcomargs.py took 0.096 seconds
