[2025-03-03T15:44:47.883+0000] {processor.py:161} INFO - Started process (PID=71) to work on /home/airflow/.local/lib/python3.8/site-packages/airflow/example_dags/tutorial.py
[2025-03-03T15:44:47.885+0000] {processor.py:830} INFO - Processing file /home/airflow/.local/lib/python3.8/site-packages/airflow/example_dags/tutorial.py for tasks to queue
[2025-03-03T15:44:47.887+0000] {logging_mixin.py:188} INFO - [2025-03-03T15:44:47.887+0000] {dagbag.py:538} INFO - Filling up the DagBag from /home/airflow/.local/lib/python3.8/site-packages/airflow/example_dags/tutorial.py
[2025-03-03T15:44:47.903+0000] {processor.py:840} INFO - DAG(s) 'tutorial' retrieved from /home/airflow/.local/lib/python3.8/site-packages/airflow/example_dags/tutorial.py
[2025-03-03T15:44:48.044+0000] {logging_mixin.py:188} INFO - [2025-03-03T15:44:48.043+0000] {override.py:1769} INFO - Created Permission View: can edit on DAG:tutorial
[2025-03-03T15:44:48.060+0000] {logging_mixin.py:188} INFO - [2025-03-03T15:44:48.060+0000] {override.py:1769} INFO - Created Permission View: can read on DAG:tutorial
[2025-03-03T15:44:48.074+0000] {logging_mixin.py:188} INFO - [2025-03-03T15:44:48.073+0000] {override.py:1769} INFO - Created Permission View: can delete on DAG:tutorial
[2025-03-03T15:44:48.074+0000] {logging_mixin.py:188} INFO - [2025-03-03T15:44:48.074+0000] {dag.py:3036} INFO - Sync 1 DAGs
[2025-03-03T15:44:48.087+0000] {logging_mixin.py:188} INFO - [2025-03-03T15:44:48.087+0000] {dag.py:3058} INFO - Creating ORM DAG for tutorial
[2025-03-03T15:44:48.100+0000] {logging_mixin.py:188} INFO - [2025-03-03T15:44:48.099+0000] {dag.py:3823} INFO - Setting next_dagrun for tutorial to 2025-03-02 00:00:00+00:00, run_after=2025-03-03 00:00:00+00:00
[2025-03-03T15:44:48.137+0000] {processor.py:183} INFO - Processing /home/airflow/.local/lib/python3.8/site-packages/airflow/example_dags/tutorial.py took 0.261 seconds
[2025-03-03T15:45:18.803+0000] {processor.py:161} INFO - Started process (PID=121) to work on /home/airflow/.local/lib/python3.8/site-packages/airflow/example_dags/tutorial.py
[2025-03-03T15:45:18.805+0000] {processor.py:830} INFO - Processing file /home/airflow/.local/lib/python3.8/site-packages/airflow/example_dags/tutorial.py for tasks to queue
[2025-03-03T15:45:18.807+0000] {logging_mixin.py:188} INFO - [2025-03-03T15:45:18.806+0000] {dagbag.py:538} INFO - Filling up the DagBag from /home/airflow/.local/lib/python3.8/site-packages/airflow/example_dags/tutorial.py
[2025-03-03T15:45:18.817+0000] {processor.py:840} INFO - DAG(s) 'tutorial' retrieved from /home/airflow/.local/lib/python3.8/site-packages/airflow/example_dags/tutorial.py
[2025-03-03T15:45:18.848+0000] {logging_mixin.py:188} INFO - [2025-03-03T15:45:18.847+0000] {dag.py:3036} INFO - Sync 1 DAGs
[2025-03-03T15:45:18.878+0000] {logging_mixin.py:188} INFO - [2025-03-03T15:45:18.877+0000] {dag.py:3823} INFO - Setting next_dagrun for tutorial to 2025-03-02 00:00:00+00:00, run_after=2025-03-03 00:00:00+00:00
[2025-03-03T15:45:18.908+0000] {processor.py:183} INFO - Processing /home/airflow/.local/lib/python3.8/site-packages/airflow/example_dags/tutorial.py took 0.110 seconds
[2025-03-03T15:45:49.454+0000] {processor.py:161} INFO - Started process (PID=171) to work on /home/airflow/.local/lib/python3.8/site-packages/airflow/example_dags/tutorial.py
[2025-03-03T15:45:49.464+0000] {processor.py:830} INFO - Processing file /home/airflow/.local/lib/python3.8/site-packages/airflow/example_dags/tutorial.py for tasks to queue
[2025-03-03T15:45:49.467+0000] {logging_mixin.py:188} INFO - [2025-03-03T15:45:49.467+0000] {dagbag.py:538} INFO - Filling up the DagBag from /home/airflow/.local/lib/python3.8/site-packages/airflow/example_dags/tutorial.py
[2025-03-03T15:45:49.478+0000] {processor.py:840} INFO - DAG(s) 'tutorial' retrieved from /home/airflow/.local/lib/python3.8/site-packages/airflow/example_dags/tutorial.py
[2025-03-03T15:45:50.126+0000] {logging_mixin.py:188} INFO - [2025-03-03T15:45:50.126+0000] {process_utils.py:262} INFO - Waiting up to 5 seconds for processes to exit...
[2025-03-03T16:12:50.803+0000] {processor.py:161} INFO - Started process (PID=126) to work on /home/airflow/.local/lib/python3.8/site-packages/airflow/example_dags/tutorial.py
[2025-03-03T16:12:50.805+0000] {processor.py:830} INFO - Processing file /home/airflow/.local/lib/python3.8/site-packages/airflow/example_dags/tutorial.py for tasks to queue
[2025-03-03T16:12:50.807+0000] {logging_mixin.py:188} INFO - [2025-03-03T16:12:50.807+0000] {dagbag.py:538} INFO - Filling up the DagBag from /home/airflow/.local/lib/python3.8/site-packages/airflow/example_dags/tutorial.py
[2025-03-03T16:12:50.826+0000] {processor.py:840} INFO - DAG(s) 'tutorial' retrieved from /home/airflow/.local/lib/python3.8/site-packages/airflow/example_dags/tutorial.py
[2025-03-03T16:12:50.845+0000] {logging_mixin.py:188} INFO - [2025-03-03T16:12:50.844+0000] {dag.py:3036} INFO - Sync 1 DAGs
[2025-03-03T16:12:50.873+0000] {logging_mixin.py:188} INFO - [2025-03-03T16:12:50.872+0000] {dag.py:3823} INFO - Setting next_dagrun for tutorial to 2025-03-02 00:00:00+00:00, run_after=2025-03-03 00:00:00+00:00
[2025-03-03T16:12:50.904+0000] {processor.py:183} INFO - Processing /home/airflow/.local/lib/python3.8/site-packages/airflow/example_dags/tutorial.py took 0.108 seconds
[2025-03-03T16:13:21.383+0000] {processor.py:161} INFO - Started process (PID=176) to work on /home/airflow/.local/lib/python3.8/site-packages/airflow/example_dags/tutorial.py
[2025-03-03T16:13:21.385+0000] {processor.py:830} INFO - Processing file /home/airflow/.local/lib/python3.8/site-packages/airflow/example_dags/tutorial.py for tasks to queue
[2025-03-03T16:13:21.388+0000] {logging_mixin.py:188} INFO - [2025-03-03T16:13:21.387+0000] {dagbag.py:538} INFO - Filling up the DagBag from /home/airflow/.local/lib/python3.8/site-packages/airflow/example_dags/tutorial.py
[2025-03-03T16:13:21.395+0000] {processor.py:840} INFO - DAG(s) 'tutorial' retrieved from /home/airflow/.local/lib/python3.8/site-packages/airflow/example_dags/tutorial.py
[2025-03-03T16:13:21.534+0000] {logging_mixin.py:188} INFO - [2025-03-03T16:13:21.533+0000] {dag.py:3036} INFO - Sync 1 DAGs
[2025-03-03T16:13:21.559+0000] {logging_mixin.py:188} INFO - [2025-03-03T16:13:21.558+0000] {dag.py:3823} INFO - Setting next_dagrun for tutorial to 2025-03-02 00:00:00+00:00, run_after=2025-03-03 00:00:00+00:00
[2025-03-03T16:13:21.588+0000] {processor.py:183} INFO - Processing /home/airflow/.local/lib/python3.8/site-packages/airflow/example_dags/tutorial.py took 0.209 seconds
[2025-03-03T16:13:52.296+0000] {processor.py:161} INFO - Started process (PID=226) to work on /home/airflow/.local/lib/python3.8/site-packages/airflow/example_dags/tutorial.py
[2025-03-03T16:13:52.298+0000] {processor.py:830} INFO - Processing file /home/airflow/.local/lib/python3.8/site-packages/airflow/example_dags/tutorial.py for tasks to queue
[2025-03-03T16:13:52.300+0000] {logging_mixin.py:188} INFO - [2025-03-03T16:13:52.299+0000] {dagbag.py:538} INFO - Filling up the DagBag from /home/airflow/.local/lib/python3.8/site-packages/airflow/example_dags/tutorial.py
[2025-03-03T16:13:52.307+0000] {processor.py:840} INFO - DAG(s) 'tutorial' retrieved from /home/airflow/.local/lib/python3.8/site-packages/airflow/example_dags/tutorial.py
[2025-03-03T16:13:52.335+0000] {logging_mixin.py:188} INFO - [2025-03-03T16:13:52.335+0000] {dag.py:3036} INFO - Sync 1 DAGs
[2025-03-03T16:13:52.363+0000] {logging_mixin.py:188} INFO - [2025-03-03T16:13:52.363+0000] {dag.py:3823} INFO - Setting next_dagrun for tutorial to 2025-03-02 00:00:00+00:00, run_after=2025-03-03 00:00:00+00:00
[2025-03-03T16:13:52.393+0000] {processor.py:183} INFO - Processing /home/airflow/.local/lib/python3.8/site-packages/airflow/example_dags/tutorial.py took 0.100 seconds
[2025-03-03T16:14:22.877+0000] {processor.py:161} INFO - Started process (PID=276) to work on /home/airflow/.local/lib/python3.8/site-packages/airflow/example_dags/tutorial.py
[2025-03-03T16:14:22.879+0000] {processor.py:830} INFO - Processing file /home/airflow/.local/lib/python3.8/site-packages/airflow/example_dags/tutorial.py for tasks to queue
[2025-03-03T16:14:22.882+0000] {logging_mixin.py:188} INFO - [2025-03-03T16:14:22.882+0000] {dagbag.py:538} INFO - Filling up the DagBag from /home/airflow/.local/lib/python3.8/site-packages/airflow/example_dags/tutorial.py
[2025-03-03T16:14:22.893+0000] {processor.py:840} INFO - DAG(s) 'tutorial' retrieved from /home/airflow/.local/lib/python3.8/site-packages/airflow/example_dags/tutorial.py
[2025-03-03T16:14:22.923+0000] {logging_mixin.py:188} INFO - [2025-03-03T16:14:22.923+0000] {dag.py:3036} INFO - Sync 1 DAGs
[2025-03-03T16:14:22.953+0000] {logging_mixin.py:188} INFO - [2025-03-03T16:14:22.953+0000] {dag.py:3823} INFO - Setting next_dagrun for tutorial to 2025-03-02 00:00:00+00:00, run_after=2025-03-03 00:00:00+00:00
[2025-03-03T16:14:22.983+0000] {processor.py:183} INFO - Processing /home/airflow/.local/lib/python3.8/site-packages/airflow/example_dags/tutorial.py took 0.110 seconds
[2025-03-03T16:14:53.302+0000] {processor.py:161} INFO - Started process (PID=326) to work on /home/airflow/.local/lib/python3.8/site-packages/airflow/example_dags/tutorial.py
[2025-03-03T16:14:53.306+0000] {processor.py:830} INFO - Processing file /home/airflow/.local/lib/python3.8/site-packages/airflow/example_dags/tutorial.py for tasks to queue
[2025-03-03T16:14:53.313+0000] {logging_mixin.py:188} INFO - [2025-03-03T16:14:53.311+0000] {dagbag.py:538} INFO - Filling up the DagBag from /home/airflow/.local/lib/python3.8/site-packages/airflow/example_dags/tutorial.py
[2025-03-03T16:14:53.341+0000] {processor.py:840} INFO - DAG(s) 'tutorial' retrieved from /home/airflow/.local/lib/python3.8/site-packages/airflow/example_dags/tutorial.py
[2025-03-03T16:14:53.421+0000] {logging_mixin.py:188} INFO - [2025-03-03T16:14:53.420+0000] {dag.py:3036} INFO - Sync 1 DAGs
[2025-03-03T16:14:53.523+0000] {logging_mixin.py:188} INFO - [2025-03-03T16:14:53.522+0000] {dag.py:3823} INFO - Setting next_dagrun for tutorial to 2025-03-02 00:00:00+00:00, run_after=2025-03-03 00:00:00+00:00
[2025-03-03T16:14:53.588+0000] {processor.py:183} INFO - Processing /home/airflow/.local/lib/python3.8/site-packages/airflow/example_dags/tutorial.py took 0.298 seconds
[2025-03-03T16:15:24.423+0000] {processor.py:161} INFO - Started process (PID=376) to work on /home/airflow/.local/lib/python3.8/site-packages/airflow/example_dags/tutorial.py
[2025-03-03T16:15:24.425+0000] {processor.py:830} INFO - Processing file /home/airflow/.local/lib/python3.8/site-packages/airflow/example_dags/tutorial.py for tasks to queue
[2025-03-03T16:15:24.427+0000] {logging_mixin.py:188} INFO - [2025-03-03T16:15:24.427+0000] {dagbag.py:538} INFO - Filling up the DagBag from /home/airflow/.local/lib/python3.8/site-packages/airflow/example_dags/tutorial.py
[2025-03-03T16:15:24.434+0000] {processor.py:840} INFO - DAG(s) 'tutorial' retrieved from /home/airflow/.local/lib/python3.8/site-packages/airflow/example_dags/tutorial.py
[2025-03-03T16:15:24.464+0000] {logging_mixin.py:188} INFO - [2025-03-03T16:15:24.463+0000] {dag.py:3036} INFO - Sync 1 DAGs
[2025-03-03T16:15:24.489+0000] {logging_mixin.py:188} INFO - [2025-03-03T16:15:24.488+0000] {dag.py:3823} INFO - Setting next_dagrun for tutorial to 2025-03-02 00:00:00+00:00, run_after=2025-03-03 00:00:00+00:00
[2025-03-03T16:15:24.515+0000] {processor.py:183} INFO - Processing /home/airflow/.local/lib/python3.8/site-packages/airflow/example_dags/tutorial.py took 0.096 seconds
[2025-03-03T16:15:54.691+0000] {processor.py:161} INFO - Started process (PID=425) to work on /home/airflow/.local/lib/python3.8/site-packages/airflow/example_dags/tutorial.py
[2025-03-03T16:15:54.726+0000] {processor.py:830} INFO - Processing file /home/airflow/.local/lib/python3.8/site-packages/airflow/example_dags/tutorial.py for tasks to queue
[2025-03-03T16:15:54.728+0000] {logging_mixin.py:188} INFO - [2025-03-03T16:15:54.727+0000] {dagbag.py:538} INFO - Filling up the DagBag from /home/airflow/.local/lib/python3.8/site-packages/airflow/example_dags/tutorial.py
[2025-03-03T16:15:54.735+0000] {processor.py:840} INFO - DAG(s) 'tutorial' retrieved from /home/airflow/.local/lib/python3.8/site-packages/airflow/example_dags/tutorial.py
[2025-03-03T16:15:54.762+0000] {logging_mixin.py:188} INFO - [2025-03-03T16:15:54.762+0000] {dag.py:3036} INFO - Sync 1 DAGs
[2025-03-03T16:15:54.789+0000] {logging_mixin.py:188} INFO - [2025-03-03T16:15:54.789+0000] {dag.py:3823} INFO - Setting next_dagrun for tutorial to 2025-03-02 00:00:00+00:00, run_after=2025-03-03 00:00:00+00:00
[2025-03-03T16:15:54.817+0000] {processor.py:183} INFO - Processing /home/airflow/.local/lib/python3.8/site-packages/airflow/example_dags/tutorial.py took 0.130 seconds
[2025-03-03T16:40:18.241+0000] {processor.py:161} INFO - Started process (PID=125) to work on /home/airflow/.local/lib/python3.8/site-packages/airflow/example_dags/tutorial.py
[2025-03-03T16:40:18.243+0000] {processor.py:830} INFO - Processing file /home/airflow/.local/lib/python3.8/site-packages/airflow/example_dags/tutorial.py for tasks to queue
[2025-03-03T16:40:18.246+0000] {logging_mixin.py:188} INFO - [2025-03-03T16:40:18.246+0000] {dagbag.py:538} INFO - Filling up the DagBag from /home/airflow/.local/lib/python3.8/site-packages/airflow/example_dags/tutorial.py
[2025-03-03T16:40:18.262+0000] {processor.py:840} INFO - DAG(s) 'tutorial' retrieved from /home/airflow/.local/lib/python3.8/site-packages/airflow/example_dags/tutorial.py
[2025-03-03T16:40:18.282+0000] {logging_mixin.py:188} INFO - [2025-03-03T16:40:18.281+0000] {dag.py:3036} INFO - Sync 1 DAGs
[2025-03-03T16:40:18.315+0000] {logging_mixin.py:188} INFO - [2025-03-03T16:40:18.315+0000] {dag.py:3823} INFO - Setting next_dagrun for tutorial to 2025-03-02 00:00:00+00:00, run_after=2025-03-03 00:00:00+00:00
[2025-03-03T16:40:18.350+0000] {processor.py:183} INFO - Processing /home/airflow/.local/lib/python3.8/site-packages/airflow/example_dags/tutorial.py took 0.112 seconds
[2025-03-03T16:40:48.865+0000] {processor.py:161} INFO - Started process (PID=175) to work on /home/airflow/.local/lib/python3.8/site-packages/airflow/example_dags/tutorial.py
[2025-03-03T16:40:48.866+0000] {processor.py:830} INFO - Processing file /home/airflow/.local/lib/python3.8/site-packages/airflow/example_dags/tutorial.py for tasks to queue
[2025-03-03T16:40:48.869+0000] {logging_mixin.py:188} INFO - [2025-03-03T16:40:48.869+0000] {dagbag.py:538} INFO - Filling up the DagBag from /home/airflow/.local/lib/python3.8/site-packages/airflow/example_dags/tutorial.py
[2025-03-03T16:40:48.877+0000] {processor.py:840} INFO - DAG(s) 'tutorial' retrieved from /home/airflow/.local/lib/python3.8/site-packages/airflow/example_dags/tutorial.py
[2025-03-03T16:40:49.011+0000] {logging_mixin.py:188} INFO - [2025-03-03T16:40:49.010+0000] {dag.py:3036} INFO - Sync 1 DAGs
[2025-03-03T16:40:49.037+0000] {logging_mixin.py:188} INFO - [2025-03-03T16:40:49.037+0000] {dag.py:3823} INFO - Setting next_dagrun for tutorial to 2025-03-02 00:00:00+00:00, run_after=2025-03-03 00:00:00+00:00
[2025-03-03T16:40:49.067+0000] {processor.py:183} INFO - Processing /home/airflow/.local/lib/python3.8/site-packages/airflow/example_dags/tutorial.py took 0.207 seconds
[2025-03-03T16:41:19.112+0000] {processor.py:161} INFO - Started process (PID=225) to work on /home/airflow/.local/lib/python3.8/site-packages/airflow/example_dags/tutorial.py
[2025-03-03T16:41:19.113+0000] {processor.py:830} INFO - Processing file /home/airflow/.local/lib/python3.8/site-packages/airflow/example_dags/tutorial.py for tasks to queue
[2025-03-03T16:41:19.115+0000] {logging_mixin.py:188} INFO - [2025-03-03T16:41:19.115+0000] {dagbag.py:538} INFO - Filling up the DagBag from /home/airflow/.local/lib/python3.8/site-packages/airflow/example_dags/tutorial.py
[2025-03-03T16:41:19.123+0000] {processor.py:840} INFO - DAG(s) 'tutorial' retrieved from /home/airflow/.local/lib/python3.8/site-packages/airflow/example_dags/tutorial.py
[2025-03-03T16:41:19.151+0000] {logging_mixin.py:188} INFO - [2025-03-03T16:41:19.151+0000] {dag.py:3036} INFO - Sync 1 DAGs
[2025-03-03T16:41:19.181+0000] {logging_mixin.py:188} INFO - [2025-03-03T16:41:19.181+0000] {dag.py:3823} INFO - Setting next_dagrun for tutorial to 2025-03-02 00:00:00+00:00, run_after=2025-03-03 00:00:00+00:00
[2025-03-03T16:41:19.211+0000] {processor.py:183} INFO - Processing /home/airflow/.local/lib/python3.8/site-packages/airflow/example_dags/tutorial.py took 0.104 seconds
[2025-03-03T16:41:49.284+0000] {processor.py:161} INFO - Started process (PID=274) to work on /home/airflow/.local/lib/python3.8/site-packages/airflow/example_dags/tutorial.py
[2025-03-03T16:41:49.285+0000] {processor.py:830} INFO - Processing file /home/airflow/.local/lib/python3.8/site-packages/airflow/example_dags/tutorial.py for tasks to queue
[2025-03-03T16:41:49.288+0000] {logging_mixin.py:188} INFO - [2025-03-03T16:41:49.287+0000] {dagbag.py:538} INFO - Filling up the DagBag from /home/airflow/.local/lib/python3.8/site-packages/airflow/example_dags/tutorial.py
[2025-03-03T16:41:49.297+0000] {processor.py:840} INFO - DAG(s) 'tutorial' retrieved from /home/airflow/.local/lib/python3.8/site-packages/airflow/example_dags/tutorial.py
[2025-03-03T16:41:49.327+0000] {logging_mixin.py:188} INFO - [2025-03-03T16:41:49.327+0000] {dag.py:3036} INFO - Sync 1 DAGs
[2025-03-03T16:41:49.357+0000] {logging_mixin.py:188} INFO - [2025-03-03T16:41:49.356+0000] {dag.py:3823} INFO - Setting next_dagrun for tutorial to 2025-03-02 00:00:00+00:00, run_after=2025-03-03 00:00:00+00:00
[2025-03-03T16:41:49.388+0000] {processor.py:183} INFO - Processing /home/airflow/.local/lib/python3.8/site-packages/airflow/example_dags/tutorial.py took 0.108 seconds
[2025-03-03T16:42:19.603+0000] {processor.py:161} INFO - Started process (PID=324) to work on /home/airflow/.local/lib/python3.8/site-packages/airflow/example_dags/tutorial.py
[2025-03-03T16:42:19.604+0000] {processor.py:830} INFO - Processing file /home/airflow/.local/lib/python3.8/site-packages/airflow/example_dags/tutorial.py for tasks to queue
[2025-03-03T16:42:19.606+0000] {logging_mixin.py:188} INFO - [2025-03-03T16:42:19.606+0000] {dagbag.py:538} INFO - Filling up the DagBag from /home/airflow/.local/lib/python3.8/site-packages/airflow/example_dags/tutorial.py
[2025-03-03T16:42:19.614+0000] {processor.py:840} INFO - DAG(s) 'tutorial' retrieved from /home/airflow/.local/lib/python3.8/site-packages/airflow/example_dags/tutorial.py
[2025-03-03T16:42:19.642+0000] {logging_mixin.py:188} INFO - [2025-03-03T16:42:19.642+0000] {dag.py:3036} INFO - Sync 1 DAGs
[2025-03-03T16:42:19.666+0000] {logging_mixin.py:188} INFO - [2025-03-03T16:42:19.666+0000] {dag.py:3823} INFO - Setting next_dagrun for tutorial to 2025-03-02 00:00:00+00:00, run_after=2025-03-03 00:00:00+00:00
[2025-03-03T16:42:19.698+0000] {processor.py:183} INFO - Processing /home/airflow/.local/lib/python3.8/site-packages/airflow/example_dags/tutorial.py took 0.099 seconds
[2025-03-03T16:42:49.837+0000] {processor.py:161} INFO - Started process (PID=374) to work on /home/airflow/.local/lib/python3.8/site-packages/airflow/example_dags/tutorial.py
[2025-03-03T16:42:49.838+0000] {processor.py:830} INFO - Processing file /home/airflow/.local/lib/python3.8/site-packages/airflow/example_dags/tutorial.py for tasks to queue
[2025-03-03T16:42:49.840+0000] {logging_mixin.py:188} INFO - [2025-03-03T16:42:49.840+0000] {dagbag.py:538} INFO - Filling up the DagBag from /home/airflow/.local/lib/python3.8/site-packages/airflow/example_dags/tutorial.py
[2025-03-03T16:42:49.850+0000] {processor.py:840} INFO - DAG(s) 'tutorial' retrieved from /home/airflow/.local/lib/python3.8/site-packages/airflow/example_dags/tutorial.py
[2025-03-03T16:42:49.881+0000] {logging_mixin.py:188} INFO - [2025-03-03T16:42:49.881+0000] {dag.py:3036} INFO - Sync 1 DAGs
[2025-03-03T16:42:49.906+0000] {logging_mixin.py:188} INFO - [2025-03-03T16:42:49.905+0000] {dag.py:3823} INFO - Setting next_dagrun for tutorial to 2025-03-02 00:00:00+00:00, run_after=2025-03-03 00:00:00+00:00
[2025-03-03T16:42:49.935+0000] {processor.py:183} INFO - Processing /home/airflow/.local/lib/python3.8/site-packages/airflow/example_dags/tutorial.py took 0.102 seconds
[2025-03-03T16:43:19.996+0000] {processor.py:161} INFO - Started process (PID=424) to work on /home/airflow/.local/lib/python3.8/site-packages/airflow/example_dags/tutorial.py
[2025-03-03T16:43:19.998+0000] {processor.py:830} INFO - Processing file /home/airflow/.local/lib/python3.8/site-packages/airflow/example_dags/tutorial.py for tasks to queue
[2025-03-03T16:43:20.001+0000] {logging_mixin.py:188} INFO - [2025-03-03T16:43:20.000+0000] {dagbag.py:538} INFO - Filling up the DagBag from /home/airflow/.local/lib/python3.8/site-packages/airflow/example_dags/tutorial.py
[2025-03-03T16:43:20.008+0000] {processor.py:840} INFO - DAG(s) 'tutorial' retrieved from /home/airflow/.local/lib/python3.8/site-packages/airflow/example_dags/tutorial.py
[2025-03-03T16:43:20.035+0000] {logging_mixin.py:188} INFO - [2025-03-03T16:43:20.035+0000] {dag.py:3036} INFO - Sync 1 DAGs
[2025-03-03T16:43:20.063+0000] {logging_mixin.py:188} INFO - [2025-03-03T16:43:20.062+0000] {dag.py:3823} INFO - Setting next_dagrun for tutorial to 2025-03-02 00:00:00+00:00, run_after=2025-03-03 00:00:00+00:00
[2025-03-03T16:43:20.092+0000] {processor.py:183} INFO - Processing /home/airflow/.local/lib/python3.8/site-packages/airflow/example_dags/tutorial.py took 0.100 seconds
[2025-03-03T16:43:50.214+0000] {processor.py:161} INFO - Started process (PID=474) to work on /home/airflow/.local/lib/python3.8/site-packages/airflow/example_dags/tutorial.py
[2025-03-03T16:43:50.216+0000] {processor.py:830} INFO - Processing file /home/airflow/.local/lib/python3.8/site-packages/airflow/example_dags/tutorial.py for tasks to queue
[2025-03-03T16:43:50.218+0000] {logging_mixin.py:188} INFO - [2025-03-03T16:43:50.218+0000] {dagbag.py:538} INFO - Filling up the DagBag from /home/airflow/.local/lib/python3.8/site-packages/airflow/example_dags/tutorial.py
[2025-03-03T16:43:50.226+0000] {processor.py:840} INFO - DAG(s) 'tutorial' retrieved from /home/airflow/.local/lib/python3.8/site-packages/airflow/example_dags/tutorial.py
[2025-03-03T16:43:50.254+0000] {logging_mixin.py:188} INFO - [2025-03-03T16:43:50.253+0000] {dag.py:3036} INFO - Sync 1 DAGs
[2025-03-03T16:43:50.279+0000] {logging_mixin.py:188} INFO - [2025-03-03T16:43:50.279+0000] {dag.py:3823} INFO - Setting next_dagrun for tutorial to 2025-03-02 00:00:00+00:00, run_after=2025-03-03 00:00:00+00:00
[2025-03-03T16:43:50.307+0000] {processor.py:183} INFO - Processing /home/airflow/.local/lib/python3.8/site-packages/airflow/example_dags/tutorial.py took 0.097 seconds
[2025-03-03T16:44:20.514+0000] {processor.py:161} INFO - Started process (PID=524) to work on /home/airflow/.local/lib/python3.8/site-packages/airflow/example_dags/tutorial.py
[2025-03-03T16:44:20.515+0000] {processor.py:830} INFO - Processing file /home/airflow/.local/lib/python3.8/site-packages/airflow/example_dags/tutorial.py for tasks to queue
[2025-03-03T16:44:20.518+0000] {logging_mixin.py:188} INFO - [2025-03-03T16:44:20.517+0000] {dagbag.py:538} INFO - Filling up the DagBag from /home/airflow/.local/lib/python3.8/site-packages/airflow/example_dags/tutorial.py
[2025-03-03T16:44:20.525+0000] {processor.py:840} INFO - DAG(s) 'tutorial' retrieved from /home/airflow/.local/lib/python3.8/site-packages/airflow/example_dags/tutorial.py
[2025-03-03T16:44:20.556+0000] {logging_mixin.py:188} INFO - [2025-03-03T16:44:20.555+0000] {dag.py:3036} INFO - Sync 1 DAGs
[2025-03-03T16:44:20.584+0000] {logging_mixin.py:188} INFO - [2025-03-03T16:44:20.583+0000] {dag.py:3823} INFO - Setting next_dagrun for tutorial to 2025-03-02 00:00:00+00:00, run_after=2025-03-03 00:00:00+00:00
[2025-03-03T16:44:20.613+0000] {processor.py:183} INFO - Processing /home/airflow/.local/lib/python3.8/site-packages/airflow/example_dags/tutorial.py took 0.103 seconds
[2025-03-03T16:44:50.649+0000] {processor.py:161} INFO - Started process (PID=574) to work on /home/airflow/.local/lib/python3.8/site-packages/airflow/example_dags/tutorial.py
[2025-03-03T16:44:50.651+0000] {processor.py:830} INFO - Processing file /home/airflow/.local/lib/python3.8/site-packages/airflow/example_dags/tutorial.py for tasks to queue
[2025-03-03T16:44:50.653+0000] {logging_mixin.py:188} INFO - [2025-03-03T16:44:50.652+0000] {dagbag.py:538} INFO - Filling up the DagBag from /home/airflow/.local/lib/python3.8/site-packages/airflow/example_dags/tutorial.py
[2025-03-03T16:44:50.660+0000] {processor.py:840} INFO - DAG(s) 'tutorial' retrieved from /home/airflow/.local/lib/python3.8/site-packages/airflow/example_dags/tutorial.py
[2025-03-03T16:44:50.686+0000] {logging_mixin.py:188} INFO - [2025-03-03T16:44:50.686+0000] {dag.py:3036} INFO - Sync 1 DAGs
[2025-03-03T16:44:50.711+0000] {logging_mixin.py:188} INFO - [2025-03-03T16:44:50.710+0000] {dag.py:3823} INFO - Setting next_dagrun for tutorial to 2025-03-02 00:00:00+00:00, run_after=2025-03-03 00:00:00+00:00
[2025-03-03T16:44:50.740+0000] {processor.py:183} INFO - Processing /home/airflow/.local/lib/python3.8/site-packages/airflow/example_dags/tutorial.py took 0.094 seconds
[2025-03-03T16:45:21.303+0000] {processor.py:161} INFO - Started process (PID=624) to work on /home/airflow/.local/lib/python3.8/site-packages/airflow/example_dags/tutorial.py
[2025-03-03T16:45:21.304+0000] {processor.py:830} INFO - Processing file /home/airflow/.local/lib/python3.8/site-packages/airflow/example_dags/tutorial.py for tasks to queue
[2025-03-03T16:45:21.306+0000] {logging_mixin.py:188} INFO - [2025-03-03T16:45:21.306+0000] {dagbag.py:538} INFO - Filling up the DagBag from /home/airflow/.local/lib/python3.8/site-packages/airflow/example_dags/tutorial.py
[2025-03-03T16:45:21.314+0000] {processor.py:840} INFO - DAG(s) 'tutorial' retrieved from /home/airflow/.local/lib/python3.8/site-packages/airflow/example_dags/tutorial.py
[2025-03-03T16:45:21.344+0000] {logging_mixin.py:188} INFO - [2025-03-03T16:45:21.344+0000] {dag.py:3036} INFO - Sync 1 DAGs
[2025-03-03T16:45:21.369+0000] {logging_mixin.py:188} INFO - [2025-03-03T16:45:21.369+0000] {dag.py:3823} INFO - Setting next_dagrun for tutorial to 2025-03-02 00:00:00+00:00, run_after=2025-03-03 00:00:00+00:00
[2025-03-03T16:45:21.397+0000] {processor.py:183} INFO - Processing /home/airflow/.local/lib/python3.8/site-packages/airflow/example_dags/tutorial.py took 0.098 seconds
[2025-03-03T16:45:51.781+0000] {processor.py:161} INFO - Started process (PID=674) to work on /home/airflow/.local/lib/python3.8/site-packages/airflow/example_dags/tutorial.py
[2025-03-03T16:45:51.783+0000] {processor.py:830} INFO - Processing file /home/airflow/.local/lib/python3.8/site-packages/airflow/example_dags/tutorial.py for tasks to queue
[2025-03-03T16:45:51.785+0000] {logging_mixin.py:188} INFO - [2025-03-03T16:45:51.785+0000] {dagbag.py:538} INFO - Filling up the DagBag from /home/airflow/.local/lib/python3.8/site-packages/airflow/example_dags/tutorial.py
[2025-03-03T16:45:51.792+0000] {processor.py:840} INFO - DAG(s) 'tutorial' retrieved from /home/airflow/.local/lib/python3.8/site-packages/airflow/example_dags/tutorial.py
[2025-03-03T16:45:51.817+0000] {logging_mixin.py:188} INFO - [2025-03-03T16:45:51.817+0000] {dag.py:3036} INFO - Sync 1 DAGs
[2025-03-03T16:45:51.843+0000] {logging_mixin.py:188} INFO - [2025-03-03T16:45:51.842+0000] {dag.py:3823} INFO - Setting next_dagrun for tutorial to 2025-03-02 00:00:00+00:00, run_after=2025-03-03 00:00:00+00:00
[2025-03-03T16:45:51.871+0000] {processor.py:183} INFO - Processing /home/airflow/.local/lib/python3.8/site-packages/airflow/example_dags/tutorial.py took 0.094 seconds
[2025-03-03T16:46:22.279+0000] {processor.py:161} INFO - Started process (PID=724) to work on /home/airflow/.local/lib/python3.8/site-packages/airflow/example_dags/tutorial.py
[2025-03-03T16:46:22.281+0000] {processor.py:830} INFO - Processing file /home/airflow/.local/lib/python3.8/site-packages/airflow/example_dags/tutorial.py for tasks to queue
[2025-03-03T16:46:22.283+0000] {logging_mixin.py:188} INFO - [2025-03-03T16:46:22.283+0000] {dagbag.py:538} INFO - Filling up the DagBag from /home/airflow/.local/lib/python3.8/site-packages/airflow/example_dags/tutorial.py
[2025-03-03T16:46:22.293+0000] {processor.py:840} INFO - DAG(s) 'tutorial' retrieved from /home/airflow/.local/lib/python3.8/site-packages/airflow/example_dags/tutorial.py
[2025-03-03T16:46:22.320+0000] {logging_mixin.py:188} INFO - [2025-03-03T16:46:22.319+0000] {dag.py:3036} INFO - Sync 1 DAGs
[2025-03-03T16:46:22.347+0000] {logging_mixin.py:188} INFO - [2025-03-03T16:46:22.347+0000] {dag.py:3823} INFO - Setting next_dagrun for tutorial to 2025-03-02 00:00:00+00:00, run_after=2025-03-03 00:00:00+00:00
[2025-03-03T16:46:22.376+0000] {processor.py:183} INFO - Processing /home/airflow/.local/lib/python3.8/site-packages/airflow/example_dags/tutorial.py took 0.100 seconds
[2025-03-03T16:46:52.703+0000] {processor.py:161} INFO - Started process (PID=774) to work on /home/airflow/.local/lib/python3.8/site-packages/airflow/example_dags/tutorial.py
[2025-03-03T16:46:52.706+0000] {processor.py:830} INFO - Processing file /home/airflow/.local/lib/python3.8/site-packages/airflow/example_dags/tutorial.py for tasks to queue
[2025-03-03T16:46:52.708+0000] {logging_mixin.py:188} INFO - [2025-03-03T16:46:52.708+0000] {dagbag.py:538} INFO - Filling up the DagBag from /home/airflow/.local/lib/python3.8/site-packages/airflow/example_dags/tutorial.py
[2025-03-03T16:46:52.722+0000] {processor.py:840} INFO - DAG(s) 'tutorial' retrieved from /home/airflow/.local/lib/python3.8/site-packages/airflow/example_dags/tutorial.py
[2025-03-03T16:46:52.759+0000] {logging_mixin.py:188} INFO - [2025-03-03T16:46:52.759+0000] {dag.py:3036} INFO - Sync 1 DAGs
[2025-03-03T16:46:52.783+0000] {logging_mixin.py:188} INFO - [2025-03-03T16:46:52.783+0000] {dag.py:3823} INFO - Setting next_dagrun for tutorial to 2025-03-02 00:00:00+00:00, run_after=2025-03-03 00:00:00+00:00
[2025-03-03T16:46:52.812+0000] {processor.py:183} INFO - Processing /home/airflow/.local/lib/python3.8/site-packages/airflow/example_dags/tutorial.py took 0.113 seconds
[2025-03-03T16:47:23.258+0000] {processor.py:161} INFO - Started process (PID=824) to work on /home/airflow/.local/lib/python3.8/site-packages/airflow/example_dags/tutorial.py
[2025-03-03T16:47:23.259+0000] {processor.py:830} INFO - Processing file /home/airflow/.local/lib/python3.8/site-packages/airflow/example_dags/tutorial.py for tasks to queue
[2025-03-03T16:47:23.261+0000] {logging_mixin.py:188} INFO - [2025-03-03T16:47:23.261+0000] {dagbag.py:538} INFO - Filling up the DagBag from /home/airflow/.local/lib/python3.8/site-packages/airflow/example_dags/tutorial.py
[2025-03-03T16:47:23.268+0000] {processor.py:840} INFO - DAG(s) 'tutorial' retrieved from /home/airflow/.local/lib/python3.8/site-packages/airflow/example_dags/tutorial.py
[2025-03-03T16:47:23.296+0000] {logging_mixin.py:188} INFO - [2025-03-03T16:47:23.295+0000] {dag.py:3036} INFO - Sync 1 DAGs
[2025-03-03T16:47:23.322+0000] {logging_mixin.py:188} INFO - [2025-03-03T16:47:23.322+0000] {dag.py:3823} INFO - Setting next_dagrun for tutorial to 2025-03-02 00:00:00+00:00, run_after=2025-03-03 00:00:00+00:00
[2025-03-03T16:47:23.350+0000] {processor.py:183} INFO - Processing /home/airflow/.local/lib/python3.8/site-packages/airflow/example_dags/tutorial.py took 0.096 seconds
[2025-03-03T16:47:53.820+0000] {processor.py:161} INFO - Started process (PID=874) to work on /home/airflow/.local/lib/python3.8/site-packages/airflow/example_dags/tutorial.py
[2025-03-03T16:47:53.822+0000] {processor.py:830} INFO - Processing file /home/airflow/.local/lib/python3.8/site-packages/airflow/example_dags/tutorial.py for tasks to queue
[2025-03-03T16:47:53.825+0000] {logging_mixin.py:188} INFO - [2025-03-03T16:47:53.825+0000] {dagbag.py:538} INFO - Filling up the DagBag from /home/airflow/.local/lib/python3.8/site-packages/airflow/example_dags/tutorial.py
[2025-03-03T16:47:53.835+0000] {processor.py:840} INFO - DAG(s) 'tutorial' retrieved from /home/airflow/.local/lib/python3.8/site-packages/airflow/example_dags/tutorial.py
[2025-03-03T16:47:53.873+0000] {logging_mixin.py:188} INFO - [2025-03-03T16:47:53.872+0000] {dag.py:3036} INFO - Sync 1 DAGs
[2025-03-03T16:47:53.917+0000] {logging_mixin.py:188} INFO - [2025-03-03T16:47:53.917+0000] {dag.py:3823} INFO - Setting next_dagrun for tutorial to 2025-03-02 00:00:00+00:00, run_after=2025-03-03 00:00:00+00:00
[2025-03-03T16:47:53.955+0000] {processor.py:183} INFO - Processing /home/airflow/.local/lib/python3.8/site-packages/airflow/example_dags/tutorial.py took 0.139 seconds
[2025-03-03T16:48:24.089+0000] {processor.py:161} INFO - Started process (PID=924) to work on /home/airflow/.local/lib/python3.8/site-packages/airflow/example_dags/tutorial.py
[2025-03-03T16:48:24.091+0000] {processor.py:830} INFO - Processing file /home/airflow/.local/lib/python3.8/site-packages/airflow/example_dags/tutorial.py for tasks to queue
[2025-03-03T16:48:24.093+0000] {logging_mixin.py:188} INFO - [2025-03-03T16:48:24.092+0000] {dagbag.py:538} INFO - Filling up the DagBag from /home/airflow/.local/lib/python3.8/site-packages/airflow/example_dags/tutorial.py
[2025-03-03T16:48:24.099+0000] {processor.py:840} INFO - DAG(s) 'tutorial' retrieved from /home/airflow/.local/lib/python3.8/site-packages/airflow/example_dags/tutorial.py
[2025-03-03T16:48:24.126+0000] {logging_mixin.py:188} INFO - [2025-03-03T16:48:24.126+0000] {dag.py:3036} INFO - Sync 1 DAGs
[2025-03-03T16:48:24.153+0000] {logging_mixin.py:188} INFO - [2025-03-03T16:48:24.153+0000] {dag.py:3823} INFO - Setting next_dagrun for tutorial to 2025-03-02 00:00:00+00:00, run_after=2025-03-03 00:00:00+00:00
[2025-03-03T16:48:24.184+0000] {processor.py:183} INFO - Processing /home/airflow/.local/lib/python3.8/site-packages/airflow/example_dags/tutorial.py took 0.099 seconds
[2025-03-03T16:48:54.287+0000] {processor.py:161} INFO - Started process (PID=974) to work on /home/airflow/.local/lib/python3.8/site-packages/airflow/example_dags/tutorial.py
[2025-03-03T16:48:54.289+0000] {processor.py:830} INFO - Processing file /home/airflow/.local/lib/python3.8/site-packages/airflow/example_dags/tutorial.py for tasks to queue
[2025-03-03T16:48:54.292+0000] {logging_mixin.py:188} INFO - [2025-03-03T16:48:54.292+0000] {dagbag.py:538} INFO - Filling up the DagBag from /home/airflow/.local/lib/python3.8/site-packages/airflow/example_dags/tutorial.py
[2025-03-03T16:48:54.299+0000] {processor.py:840} INFO - DAG(s) 'tutorial' retrieved from /home/airflow/.local/lib/python3.8/site-packages/airflow/example_dags/tutorial.py
[2025-03-03T16:48:54.327+0000] {logging_mixin.py:188} INFO - [2025-03-03T16:48:54.326+0000] {dag.py:3036} INFO - Sync 1 DAGs
[2025-03-03T16:48:54.357+0000] {logging_mixin.py:188} INFO - [2025-03-03T16:48:54.357+0000] {dag.py:3823} INFO - Setting next_dagrun for tutorial to 2025-03-02 00:00:00+00:00, run_after=2025-03-03 00:00:00+00:00
[2025-03-03T16:48:54.387+0000] {processor.py:183} INFO - Processing /home/airflow/.local/lib/python3.8/site-packages/airflow/example_dags/tutorial.py took 0.105 seconds
[2025-03-03T16:49:24.685+0000] {processor.py:161} INFO - Started process (PID=1024) to work on /home/airflow/.local/lib/python3.8/site-packages/airflow/example_dags/tutorial.py
[2025-03-03T16:49:24.686+0000] {processor.py:830} INFO - Processing file /home/airflow/.local/lib/python3.8/site-packages/airflow/example_dags/tutorial.py for tasks to queue
[2025-03-03T16:49:24.689+0000] {logging_mixin.py:188} INFO - [2025-03-03T16:49:24.688+0000] {dagbag.py:538} INFO - Filling up the DagBag from /home/airflow/.local/lib/python3.8/site-packages/airflow/example_dags/tutorial.py
[2025-03-03T16:49:24.697+0000] {processor.py:840} INFO - DAG(s) 'tutorial' retrieved from /home/airflow/.local/lib/python3.8/site-packages/airflow/example_dags/tutorial.py
[2025-03-03T16:49:24.729+0000] {logging_mixin.py:188} INFO - [2025-03-03T16:49:24.729+0000] {dag.py:3036} INFO - Sync 1 DAGs
[2025-03-03T16:49:24.757+0000] {logging_mixin.py:188} INFO - [2025-03-03T16:49:24.757+0000] {dag.py:3823} INFO - Setting next_dagrun for tutorial to 2025-03-02 00:00:00+00:00, run_after=2025-03-03 00:00:00+00:00
[2025-03-03T16:49:24.791+0000] {processor.py:183} INFO - Processing /home/airflow/.local/lib/python3.8/site-packages/airflow/example_dags/tutorial.py took 0.111 seconds
[2025-03-03T16:49:55.148+0000] {processor.py:161} INFO - Started process (PID=1074) to work on /home/airflow/.local/lib/python3.8/site-packages/airflow/example_dags/tutorial.py
[2025-03-03T16:49:55.150+0000] {processor.py:830} INFO - Processing file /home/airflow/.local/lib/python3.8/site-packages/airflow/example_dags/tutorial.py for tasks to queue
[2025-03-03T16:49:55.152+0000] {logging_mixin.py:188} INFO - [2025-03-03T16:49:55.152+0000] {dagbag.py:538} INFO - Filling up the DagBag from /home/airflow/.local/lib/python3.8/site-packages/airflow/example_dags/tutorial.py
[2025-03-03T16:49:55.160+0000] {processor.py:840} INFO - DAG(s) 'tutorial' retrieved from /home/airflow/.local/lib/python3.8/site-packages/airflow/example_dags/tutorial.py
[2025-03-03T16:49:55.191+0000] {logging_mixin.py:188} INFO - [2025-03-03T16:49:55.191+0000] {dag.py:3036} INFO - Sync 1 DAGs
[2025-03-03T16:49:55.216+0000] {logging_mixin.py:188} INFO - [2025-03-03T16:49:55.216+0000] {dag.py:3823} INFO - Setting next_dagrun for tutorial to 2025-03-02 00:00:00+00:00, run_after=2025-03-03 00:00:00+00:00
[2025-03-03T16:49:55.246+0000] {processor.py:183} INFO - Processing /home/airflow/.local/lib/python3.8/site-packages/airflow/example_dags/tutorial.py took 0.102 seconds
[2025-03-03T16:50:25.339+0000] {processor.py:161} INFO - Started process (PID=1124) to work on /home/airflow/.local/lib/python3.8/site-packages/airflow/example_dags/tutorial.py
[2025-03-03T16:50:25.341+0000] {processor.py:830} INFO - Processing file /home/airflow/.local/lib/python3.8/site-packages/airflow/example_dags/tutorial.py for tasks to queue
[2025-03-03T16:50:25.344+0000] {logging_mixin.py:188} INFO - [2025-03-03T16:50:25.343+0000] {dagbag.py:538} INFO - Filling up the DagBag from /home/airflow/.local/lib/python3.8/site-packages/airflow/example_dags/tutorial.py
[2025-03-03T16:50:25.351+0000] {processor.py:840} INFO - DAG(s) 'tutorial' retrieved from /home/airflow/.local/lib/python3.8/site-packages/airflow/example_dags/tutorial.py
[2025-03-03T16:50:25.386+0000] {logging_mixin.py:188} INFO - [2025-03-03T16:50:25.386+0000] {dag.py:3036} INFO - Sync 1 DAGs
[2025-03-03T16:50:25.417+0000] {logging_mixin.py:188} INFO - [2025-03-03T16:50:25.416+0000] {dag.py:3823} INFO - Setting next_dagrun for tutorial to 2025-03-02 00:00:00+00:00, run_after=2025-03-03 00:00:00+00:00
[2025-03-03T16:50:25.455+0000] {processor.py:183} INFO - Processing /home/airflow/.local/lib/python3.8/site-packages/airflow/example_dags/tutorial.py took 0.121 seconds
[2025-03-03T16:50:55.569+0000] {processor.py:161} INFO - Started process (PID=1174) to work on /home/airflow/.local/lib/python3.8/site-packages/airflow/example_dags/tutorial.py
[2025-03-03T16:50:55.571+0000] {processor.py:830} INFO - Processing file /home/airflow/.local/lib/python3.8/site-packages/airflow/example_dags/tutorial.py for tasks to queue
[2025-03-03T16:50:55.573+0000] {logging_mixin.py:188} INFO - [2025-03-03T16:50:55.573+0000] {dagbag.py:538} INFO - Filling up the DagBag from /home/airflow/.local/lib/python3.8/site-packages/airflow/example_dags/tutorial.py
[2025-03-03T16:50:55.580+0000] {processor.py:840} INFO - DAG(s) 'tutorial' retrieved from /home/airflow/.local/lib/python3.8/site-packages/airflow/example_dags/tutorial.py
[2025-03-03T16:50:55.607+0000] {logging_mixin.py:188} INFO - [2025-03-03T16:50:55.606+0000] {dag.py:3036} INFO - Sync 1 DAGs
[2025-03-03T16:50:55.631+0000] {logging_mixin.py:188} INFO - [2025-03-03T16:50:55.631+0000] {dag.py:3823} INFO - Setting next_dagrun for tutorial to 2025-03-02 00:00:00+00:00, run_after=2025-03-03 00:00:00+00:00
[2025-03-03T16:50:55.661+0000] {processor.py:183} INFO - Processing /home/airflow/.local/lib/python3.8/site-packages/airflow/example_dags/tutorial.py took 0.095 seconds
