[2025-03-03T19:56:17.234+0000] {local_task_job_runner.py:123} INFO - ::group::Pre task execution logs
[2025-03-03T19:56:17.263+0000] {taskinstance.py:2614} INFO - Dependencies all met for dep_context=non-requeueable deps ti=<TaskInstance: dvc_pipeline_V2.ingestion manual__2025-03-03T19:56:08.342978+00:00 [queued]>
[2025-03-03T19:56:17.275+0000] {taskinstance.py:2614} INFO - Dependencies all met for dep_context=requeueable deps ti=<TaskInstance: dvc_pipeline_V2.ingestion manual__2025-03-03T19:56:08.342978+00:00 [queued]>
[2025-03-03T19:56:17.275+0000] {taskinstance.py:2867} INFO - Starting attempt 1 of 1
[2025-03-03T19:56:17.298+0000] {taskinstance.py:2890} INFO - Executing <Task(PythonOperator): ingestion> on 2025-03-03 19:56:08.342978+00:00
[2025-03-03T19:56:17.313+0000] {warnings.py:112} WARNING - /home/***/.local/lib/python3.12/site-packages/***/task/task_runner/standard_task_runner.py:70: DeprecationWarning: This process (pid=184) is multi-threaded, use of fork() may lead to deadlocks in the child.
  pid = os.fork()

[2025-03-03T19:56:17.316+0000] {standard_task_runner.py:72} INFO - Started process 186 to run task
[2025-03-03T19:56:17.316+0000] {standard_task_runner.py:104} INFO - Running: ['***', 'tasks', 'run', 'dvc_pipeline_V2', 'ingestion', 'manual__2025-03-03T19:56:08.342978+00:00', '--job-id', '168', '--raw', '--subdir', 'DAGS_FOLDER/new_dag.py', '--cfg-path', '/tmp/tmpi4a3xkpg']
[2025-03-03T19:56:17.317+0000] {standard_task_runner.py:105} INFO - Job 168: Subtask ingestion
[2025-03-03T19:56:17.339+0000] {warnings.py:112} WARNING - /home/***/.local/lib/python3.12/site-packages/***/settings.py:209: DeprecationWarning: The sql_alchemy_conn option in [core] has been moved to the sql_alchemy_conn option in [database] - the old setting has been used, but please update your config.
  SQL_ALCHEMY_CONN = conf.get("database", "SQL_ALCHEMY_CONN")

[2025-03-03T19:56:17.387+0000] {task_command.py:467} INFO - Running <TaskInstance: dvc_pipeline_V2.ingestion manual__2025-03-03T19:56:08.342978+00:00 [running]> on host a44fb8bff385
[2025-03-03T19:56:18.910+0000] {taskinstance.py:3134} INFO - Exporting env vars: AIRFLOW_CTX_DAG_OWNER='***' AIRFLOW_CTX_DAG_ID='dvc_pipeline_V2' AIRFLOW_CTX_TASK_ID='ingestion' AIRFLOW_CTX_EXECUTION_DATE='2025-03-03T19:56:08.342978+00:00' AIRFLOW_CTX_TRY_NUMBER='1' AIRFLOW_CTX_DAG_RUN_ID='manual__2025-03-03T19:56:08.342978+00:00'
[2025-03-03T19:56:18.913+0000] {logging_mixin.py:190} INFO - Task instance is in running state
[2025-03-03T19:56:18.914+0000] {logging_mixin.py:190} INFO -  Previous state of the Task instance: queued
[2025-03-03T19:56:18.915+0000] {logging_mixin.py:190} INFO - Current task name:ingestion state:running start_date:2025-03-03 19:56:17.264418+00:00
[2025-03-03T19:56:18.915+0000] {logging_mixin.py:190} INFO - Dag name:dvc_pipeline_V2 and current dag run status:running
[2025-03-03T19:56:18.917+0000] {taskinstance.py:732} INFO - ::endgroup::
[2025-03-03T19:56:22.415+0000] {python.py:240} INFO - Done. Returned value was: None
[2025-03-03T19:56:22.439+0000] {taskinstance.py:341} INFO - ::group::Post task execution logs
[2025-03-03T19:56:22.440+0000] {taskinstance.py:353} INFO - Marking task as SUCCESS. dag_id=dvc_pipeline_V2, task_id=ingestion, run_id=manual__2025-03-03T19:56:08.342978+00:00, execution_date=20250303T195608, start_date=20250303T195617, end_date=20250303T195622
[2025-03-03T19:56:22.500+0000] {logging_mixin.py:190} INFO - Task instance in success state
[2025-03-03T19:56:22.503+0000] {logging_mixin.py:190} INFO -  Previous state of the Task instance: running
[2025-03-03T19:56:22.505+0000] {logging_mixin.py:190} INFO - Dag name:dvc_pipeline_V2 queued_at:2025-03-03 19:56:08.642212+00:00
[2025-03-03T19:56:22.505+0000] {logging_mixin.py:190} INFO - Task hostname:a44fb8bff385 operator:PythonOperator
[2025-03-03T19:56:22.555+0000] {local_task_job_runner.py:266} INFO - Task exited with return code 0
[2025-03-03T19:56:22.625+0000] {taskinstance.py:3901} INFO - 1 downstream tasks scheduled from follow-on schedule check
[2025-03-03T19:56:22.629+0000] {local_task_job_runner.py:245} INFO - ::endgroup::
