[2025-02-10T10:18:56.148+0000] {processor.py:161} INFO - Started process (PID=137) to work on /home/airflow/.local/lib/python3.8/site-packages/airflow/example_dags/example_dag_decorator.py
[2025-02-10T10:18:56.151+0000] {processor.py:830} INFO - Processing file /home/airflow/.local/lib/python3.8/site-packages/airflow/example_dags/example_dag_decorator.py for tasks to queue
[2025-02-10T10:18:56.157+0000] {logging_mixin.py:188} INFO - [2025-02-10T10:18:56.156+0000] {dagbag.py:538} INFO - Filling up the DagBag from /home/airflow/.local/lib/python3.8/site-packages/airflow/example_dags/example_dag_decorator.py
[2025-02-10T10:18:56.989+0000] {processor.py:840} INFO - DAG(s) 'example_dag_decorator' retrieved from /home/airflow/.local/lib/python3.8/site-packages/airflow/example_dags/example_dag_decorator.py
[2025-02-10T10:18:57.664+0000] {logging_mixin.py:188} INFO - [2025-02-10T10:18:57.663+0000] {dag.py:3036} INFO - Sync 1 DAGs
[2025-02-10T10:18:57.739+0000] {logging_mixin.py:188} INFO - [2025-02-10T10:18:57.739+0000] {dag.py:3823} INFO - Setting next_dagrun for example_dag_decorator to None, run_after=None
[2025-02-10T10:18:58.115+0000] {processor.py:183} INFO - Processing /home/airflow/.local/lib/python3.8/site-packages/airflow/example_dags/example_dag_decorator.py took 1.994 seconds
[2025-02-10T10:19:28.848+0000] {processor.py:161} INFO - Started process (PID=195) to work on /home/airflow/.local/lib/python3.8/site-packages/airflow/example_dags/example_dag_decorator.py
[2025-02-10T10:19:28.850+0000] {processor.py:830} INFO - Processing file /home/airflow/.local/lib/python3.8/site-packages/airflow/example_dags/example_dag_decorator.py for tasks to queue
[2025-02-10T10:19:28.852+0000] {logging_mixin.py:188} INFO - [2025-02-10T10:19:28.852+0000] {dagbag.py:538} INFO - Filling up the DagBag from /home/airflow/.local/lib/python3.8/site-packages/airflow/example_dags/example_dag_decorator.py
[2025-02-10T10:19:29.093+0000] {processor.py:840} INFO - DAG(s) 'example_dag_decorator' retrieved from /home/airflow/.local/lib/python3.8/site-packages/airflow/example_dags/example_dag_decorator.py
[2025-02-10T10:19:29.417+0000] {logging_mixin.py:188} INFO - [2025-02-10T10:19:29.416+0000] {dag.py:3036} INFO - Sync 1 DAGs
[2025-02-10T10:19:29.447+0000] {logging_mixin.py:188} INFO - [2025-02-10T10:19:29.446+0000] {dag.py:3823} INFO - Setting next_dagrun for example_dag_decorator to None, run_after=None
[2025-02-10T10:19:29.493+0000] {processor.py:183} INFO - Processing /home/airflow/.local/lib/python3.8/site-packages/airflow/example_dags/example_dag_decorator.py took 0.653 seconds
[2025-02-10T10:19:59.841+0000] {processor.py:161} INFO - Started process (PID=259) to work on /home/airflow/.local/lib/python3.8/site-packages/airflow/example_dags/example_dag_decorator.py
[2025-02-10T10:19:59.848+0000] {processor.py:830} INFO - Processing file /home/airflow/.local/lib/python3.8/site-packages/airflow/example_dags/example_dag_decorator.py for tasks to queue
[2025-02-10T10:19:59.857+0000] {logging_mixin.py:188} INFO - [2025-02-10T10:19:59.856+0000] {dagbag.py:538} INFO - Filling up the DagBag from /home/airflow/.local/lib/python3.8/site-packages/airflow/example_dags/example_dag_decorator.py
[2025-02-10T10:20:00.260+0000] {processor.py:840} INFO - DAG(s) 'example_dag_decorator' retrieved from /home/airflow/.local/lib/python3.8/site-packages/airflow/example_dags/example_dag_decorator.py
[2025-02-10T10:20:00.616+0000] {logging_mixin.py:188} INFO - [2025-02-10T10:20:00.616+0000] {dag.py:3036} INFO - Sync 1 DAGs
[2025-02-10T10:20:00.659+0000] {logging_mixin.py:188} INFO - [2025-02-10T10:20:00.658+0000] {dag.py:3823} INFO - Setting next_dagrun for example_dag_decorator to None, run_after=None
[2025-02-10T10:20:00.760+0000] {processor.py:183} INFO - Processing /home/airflow/.local/lib/python3.8/site-packages/airflow/example_dags/example_dag_decorator.py took 0.929 seconds
[2025-02-10T10:20:31.505+0000] {processor.py:161} INFO - Started process (PID=324) to work on /home/airflow/.local/lib/python3.8/site-packages/airflow/example_dags/example_dag_decorator.py
[2025-02-10T10:20:31.515+0000] {processor.py:830} INFO - Processing file /home/airflow/.local/lib/python3.8/site-packages/airflow/example_dags/example_dag_decorator.py for tasks to queue
[2025-02-10T10:20:31.521+0000] {logging_mixin.py:188} INFO - [2025-02-10T10:20:31.520+0000] {dagbag.py:538} INFO - Filling up the DagBag from /home/airflow/.local/lib/python3.8/site-packages/airflow/example_dags/example_dag_decorator.py
[2025-02-10T10:20:32.067+0000] {processor.py:840} INFO - DAG(s) 'example_dag_decorator' retrieved from /home/airflow/.local/lib/python3.8/site-packages/airflow/example_dags/example_dag_decorator.py
[2025-02-10T10:20:32.483+0000] {logging_mixin.py:188} INFO - [2025-02-10T10:20:32.483+0000] {dag.py:3036} INFO - Sync 1 DAGs
[2025-02-10T10:20:32.521+0000] {logging_mixin.py:188} INFO - [2025-02-10T10:20:32.520+0000] {dag.py:3823} INFO - Setting next_dagrun for example_dag_decorator to None, run_after=None
[2025-02-10T10:20:32.573+0000] {processor.py:183} INFO - Processing /home/airflow/.local/lib/python3.8/site-packages/airflow/example_dags/example_dag_decorator.py took 1.075 seconds
[2025-02-10T10:21:03.217+0000] {processor.py:161} INFO - Started process (PID=381) to work on /home/airflow/.local/lib/python3.8/site-packages/airflow/example_dags/example_dag_decorator.py
[2025-02-10T10:21:03.219+0000] {processor.py:830} INFO - Processing file /home/airflow/.local/lib/python3.8/site-packages/airflow/example_dags/example_dag_decorator.py for tasks to queue
[2025-02-10T10:21:03.222+0000] {logging_mixin.py:188} INFO - [2025-02-10T10:21:03.221+0000] {dagbag.py:538} INFO - Filling up the DagBag from /home/airflow/.local/lib/python3.8/site-packages/airflow/example_dags/example_dag_decorator.py
[2025-02-10T10:21:03.443+0000] {processor.py:840} INFO - DAG(s) 'example_dag_decorator' retrieved from /home/airflow/.local/lib/python3.8/site-packages/airflow/example_dags/example_dag_decorator.py
[2025-02-10T10:21:03.654+0000] {logging_mixin.py:188} INFO - [2025-02-10T10:21:03.653+0000] {dag.py:3036} INFO - Sync 1 DAGs
[2025-02-10T10:21:03.674+0000] {logging_mixin.py:188} INFO - [2025-02-10T10:21:03.673+0000] {dag.py:3823} INFO - Setting next_dagrun for example_dag_decorator to None, run_after=None
[2025-02-10T10:21:03.707+0000] {processor.py:183} INFO - Processing /home/airflow/.local/lib/python3.8/site-packages/airflow/example_dags/example_dag_decorator.py took 0.495 seconds
[2025-02-10T10:21:33.741+0000] {processor.py:161} INFO - Started process (PID=446) to work on /home/airflow/.local/lib/python3.8/site-packages/airflow/example_dags/example_dag_decorator.py
[2025-02-10T10:21:33.743+0000] {processor.py:830} INFO - Processing file /home/airflow/.local/lib/python3.8/site-packages/airflow/example_dags/example_dag_decorator.py for tasks to queue
[2025-02-10T10:21:33.747+0000] {logging_mixin.py:188} INFO - [2025-02-10T10:21:33.746+0000] {dagbag.py:538} INFO - Filling up the DagBag from /home/airflow/.local/lib/python3.8/site-packages/airflow/example_dags/example_dag_decorator.py
[2025-02-10T10:21:33.907+0000] {processor.py:840} INFO - DAG(s) 'example_dag_decorator' retrieved from /home/airflow/.local/lib/python3.8/site-packages/airflow/example_dags/example_dag_decorator.py
[2025-02-10T10:21:34.096+0000] {logging_mixin.py:188} INFO - [2025-02-10T10:21:34.095+0000] {dag.py:3036} INFO - Sync 1 DAGs
[2025-02-10T10:21:34.122+0000] {logging_mixin.py:188} INFO - [2025-02-10T10:21:34.122+0000] {dag.py:3823} INFO - Setting next_dagrun for example_dag_decorator to None, run_after=None
[2025-02-10T10:21:34.158+0000] {processor.py:183} INFO - Processing /home/airflow/.local/lib/python3.8/site-packages/airflow/example_dags/example_dag_decorator.py took 0.422 seconds
[2025-02-10T10:22:04.918+0000] {processor.py:161} INFO - Started process (PID=511) to work on /home/airflow/.local/lib/python3.8/site-packages/airflow/example_dags/example_dag_decorator.py
[2025-02-10T10:22:04.920+0000] {processor.py:830} INFO - Processing file /home/airflow/.local/lib/python3.8/site-packages/airflow/example_dags/example_dag_decorator.py for tasks to queue
[2025-02-10T10:22:04.923+0000] {logging_mixin.py:188} INFO - [2025-02-10T10:22:04.923+0000] {dagbag.py:538} INFO - Filling up the DagBag from /home/airflow/.local/lib/python3.8/site-packages/airflow/example_dags/example_dag_decorator.py
[2025-02-10T10:22:05.063+0000] {processor.py:840} INFO - DAG(s) 'example_dag_decorator' retrieved from /home/airflow/.local/lib/python3.8/site-packages/airflow/example_dags/example_dag_decorator.py
[2025-02-10T10:22:05.240+0000] {logging_mixin.py:188} INFO - [2025-02-10T10:22:05.239+0000] {dag.py:3036} INFO - Sync 1 DAGs
[2025-02-10T10:22:05.265+0000] {logging_mixin.py:188} INFO - [2025-02-10T10:22:05.264+0000] {dag.py:3823} INFO - Setting next_dagrun for example_dag_decorator to None, run_after=None
[2025-02-10T10:22:05.309+0000] {processor.py:183} INFO - Processing /home/airflow/.local/lib/python3.8/site-packages/airflow/example_dags/example_dag_decorator.py took 0.400 seconds
[2025-02-10T10:22:35.383+0000] {processor.py:161} INFO - Started process (PID=576) to work on /home/airflow/.local/lib/python3.8/site-packages/airflow/example_dags/example_dag_decorator.py
[2025-02-10T10:22:35.385+0000] {processor.py:830} INFO - Processing file /home/airflow/.local/lib/python3.8/site-packages/airflow/example_dags/example_dag_decorator.py for tasks to queue
[2025-02-10T10:22:35.388+0000] {logging_mixin.py:188} INFO - [2025-02-10T10:22:35.388+0000] {dagbag.py:538} INFO - Filling up the DagBag from /home/airflow/.local/lib/python3.8/site-packages/airflow/example_dags/example_dag_decorator.py
[2025-02-10T10:22:35.598+0000] {processor.py:840} INFO - DAG(s) 'example_dag_decorator' retrieved from /home/airflow/.local/lib/python3.8/site-packages/airflow/example_dags/example_dag_decorator.py
[2025-02-10T10:22:35.990+0000] {logging_mixin.py:188} INFO - [2025-02-10T10:22:35.989+0000] {dag.py:3036} INFO - Sync 1 DAGs
[2025-02-10T10:22:36.026+0000] {logging_mixin.py:188} INFO - [2025-02-10T10:22:36.025+0000] {dag.py:3823} INFO - Setting next_dagrun for example_dag_decorator to None, run_after=None
[2025-02-10T10:22:36.092+0000] {processor.py:183} INFO - Processing /home/airflow/.local/lib/python3.8/site-packages/airflow/example_dags/example_dag_decorator.py took 0.715 seconds
[2025-02-10T10:23:07.560+0000] {processor.py:161} INFO - Started process (PID=641) to work on /home/airflow/.local/lib/python3.8/site-packages/airflow/example_dags/example_dag_decorator.py
[2025-02-10T10:23:07.564+0000] {processor.py:830} INFO - Processing file /home/airflow/.local/lib/python3.8/site-packages/airflow/example_dags/example_dag_decorator.py for tasks to queue
[2025-02-10T10:23:07.572+0000] {logging_mixin.py:188} INFO - [2025-02-10T10:23:07.571+0000] {dagbag.py:538} INFO - Filling up the DagBag from /home/airflow/.local/lib/python3.8/site-packages/airflow/example_dags/example_dag_decorator.py
[2025-02-10T10:23:07.993+0000] {processor.py:840} INFO - DAG(s) 'example_dag_decorator' retrieved from /home/airflow/.local/lib/python3.8/site-packages/airflow/example_dags/example_dag_decorator.py
[2025-02-10T10:23:08.068+0000] {logging_mixin.py:188} INFO - [2025-02-10T10:23:08.068+0000] {dag.py:3036} INFO - Sync 1 DAGs
[2025-02-10T10:23:08.101+0000] {logging_mixin.py:188} INFO - [2025-02-10T10:23:08.101+0000] {dag.py:3823} INFO - Setting next_dagrun for example_dag_decorator to None, run_after=None
[2025-02-10T10:23:08.150+0000] {processor.py:183} INFO - Processing /home/airflow/.local/lib/python3.8/site-packages/airflow/example_dags/example_dag_decorator.py took 0.611 seconds
[2025-02-10T10:23:38.317+0000] {processor.py:161} INFO - Started process (PID=706) to work on /home/airflow/.local/lib/python3.8/site-packages/airflow/example_dags/example_dag_decorator.py
[2025-02-10T10:23:38.319+0000] {processor.py:830} INFO - Processing file /home/airflow/.local/lib/python3.8/site-packages/airflow/example_dags/example_dag_decorator.py for tasks to queue
[2025-02-10T10:23:38.322+0000] {logging_mixin.py:188} INFO - [2025-02-10T10:23:38.322+0000] {dagbag.py:538} INFO - Filling up the DagBag from /home/airflow/.local/lib/python3.8/site-packages/airflow/example_dags/example_dag_decorator.py
[2025-02-10T10:23:38.458+0000] {processor.py:840} INFO - DAG(s) 'example_dag_decorator' retrieved from /home/airflow/.local/lib/python3.8/site-packages/airflow/example_dags/example_dag_decorator.py
[2025-02-10T10:23:38.619+0000] {logging_mixin.py:188} INFO - [2025-02-10T10:23:38.619+0000] {dag.py:3036} INFO - Sync 1 DAGs
[2025-02-10T10:23:38.635+0000] {logging_mixin.py:188} INFO - [2025-02-10T10:23:38.634+0000] {dag.py:3823} INFO - Setting next_dagrun for example_dag_decorator to None, run_after=None
[2025-02-10T10:23:38.681+0000] {processor.py:183} INFO - Processing /home/airflow/.local/lib/python3.8/site-packages/airflow/example_dags/example_dag_decorator.py took 0.368 seconds
[2025-02-10T10:24:08.823+0000] {processor.py:161} INFO - Started process (PID=771) to work on /home/airflow/.local/lib/python3.8/site-packages/airflow/example_dags/example_dag_decorator.py
[2025-02-10T10:24:08.825+0000] {processor.py:830} INFO - Processing file /home/airflow/.local/lib/python3.8/site-packages/airflow/example_dags/example_dag_decorator.py for tasks to queue
[2025-02-10T10:24:08.827+0000] {logging_mixin.py:188} INFO - [2025-02-10T10:24:08.827+0000] {dagbag.py:538} INFO - Filling up the DagBag from /home/airflow/.local/lib/python3.8/site-packages/airflow/example_dags/example_dag_decorator.py
[2025-02-10T10:24:08.948+0000] {processor.py:840} INFO - DAG(s) 'example_dag_decorator' retrieved from /home/airflow/.local/lib/python3.8/site-packages/airflow/example_dags/example_dag_decorator.py
[2025-02-10T10:24:09.092+0000] {logging_mixin.py:188} INFO - [2025-02-10T10:24:09.092+0000] {dag.py:3036} INFO - Sync 1 DAGs
[2025-02-10T10:24:09.109+0000] {logging_mixin.py:188} INFO - [2025-02-10T10:24:09.109+0000] {dag.py:3823} INFO - Setting next_dagrun for example_dag_decorator to None, run_after=None
[2025-02-10T10:24:09.144+0000] {processor.py:183} INFO - Processing /home/airflow/.local/lib/python3.8/site-packages/airflow/example_dags/example_dag_decorator.py took 0.325 seconds
[2025-02-10T10:24:39.535+0000] {processor.py:161} INFO - Started process (PID=843) to work on /home/airflow/.local/lib/python3.8/site-packages/airflow/example_dags/example_dag_decorator.py
[2025-02-10T10:24:39.537+0000] {processor.py:830} INFO - Processing file /home/airflow/.local/lib/python3.8/site-packages/airflow/example_dags/example_dag_decorator.py for tasks to queue
[2025-02-10T10:24:39.540+0000] {logging_mixin.py:188} INFO - [2025-02-10T10:24:39.540+0000] {dagbag.py:538} INFO - Filling up the DagBag from /home/airflow/.local/lib/python3.8/site-packages/airflow/example_dags/example_dag_decorator.py
[2025-02-10T10:24:39.677+0000] {processor.py:840} INFO - DAG(s) 'example_dag_decorator' retrieved from /home/airflow/.local/lib/python3.8/site-packages/airflow/example_dags/example_dag_decorator.py
[2025-02-10T10:24:39.830+0000] {logging_mixin.py:188} INFO - [2025-02-10T10:24:39.829+0000] {dag.py:3036} INFO - Sync 1 DAGs
[2025-02-10T10:24:39.849+0000] {logging_mixin.py:188} INFO - [2025-02-10T10:24:39.849+0000] {dag.py:3823} INFO - Setting next_dagrun for example_dag_decorator to None, run_after=None
[2025-02-10T10:24:39.878+0000] {processor.py:183} INFO - Processing /home/airflow/.local/lib/python3.8/site-packages/airflow/example_dags/example_dag_decorator.py took 0.348 seconds
[2025-02-10T10:25:10.147+0000] {processor.py:161} INFO - Started process (PID=908) to work on /home/airflow/.local/lib/python3.8/site-packages/airflow/example_dags/example_dag_decorator.py
[2025-02-10T10:25:10.149+0000] {processor.py:830} INFO - Processing file /home/airflow/.local/lib/python3.8/site-packages/airflow/example_dags/example_dag_decorator.py for tasks to queue
[2025-02-10T10:25:10.158+0000] {logging_mixin.py:188} INFO - [2025-02-10T10:25:10.157+0000] {dagbag.py:538} INFO - Filling up the DagBag from /home/airflow/.local/lib/python3.8/site-packages/airflow/example_dags/example_dag_decorator.py
[2025-02-10T10:25:10.316+0000] {processor.py:840} INFO - DAG(s) 'example_dag_decorator' retrieved from /home/airflow/.local/lib/python3.8/site-packages/airflow/example_dags/example_dag_decorator.py
[2025-02-10T10:25:10.482+0000] {logging_mixin.py:188} INFO - [2025-02-10T10:25:10.482+0000] {dag.py:3036} INFO - Sync 1 DAGs
[2025-02-10T10:25:10.506+0000] {logging_mixin.py:188} INFO - [2025-02-10T10:25:10.506+0000] {dag.py:3823} INFO - Setting next_dagrun for example_dag_decorator to None, run_after=None
[2025-02-10T10:25:10.604+0000] {processor.py:183} INFO - Processing /home/airflow/.local/lib/python3.8/site-packages/airflow/example_dags/example_dag_decorator.py took 0.461 seconds
[2025-02-10T10:25:41.191+0000] {processor.py:161} INFO - Started process (PID=973) to work on /home/airflow/.local/lib/python3.8/site-packages/airflow/example_dags/example_dag_decorator.py
[2025-02-10T10:25:41.192+0000] {processor.py:830} INFO - Processing file /home/airflow/.local/lib/python3.8/site-packages/airflow/example_dags/example_dag_decorator.py for tasks to queue
[2025-02-10T10:25:41.195+0000] {logging_mixin.py:188} INFO - [2025-02-10T10:25:41.195+0000] {dagbag.py:538} INFO - Filling up the DagBag from /home/airflow/.local/lib/python3.8/site-packages/airflow/example_dags/example_dag_decorator.py
[2025-02-10T10:25:41.313+0000] {processor.py:840} INFO - DAG(s) 'example_dag_decorator' retrieved from /home/airflow/.local/lib/python3.8/site-packages/airflow/example_dags/example_dag_decorator.py
[2025-02-10T10:25:41.487+0000] {logging_mixin.py:188} INFO - [2025-02-10T10:25:41.486+0000] {dag.py:3036} INFO - Sync 1 DAGs
[2025-02-10T10:25:41.500+0000] {logging_mixin.py:188} INFO - [2025-02-10T10:25:41.500+0000] {dag.py:3823} INFO - Setting next_dagrun for example_dag_decorator to None, run_after=None
[2025-02-10T10:25:41.532+0000] {processor.py:183} INFO - Processing /home/airflow/.local/lib/python3.8/site-packages/airflow/example_dags/example_dag_decorator.py took 0.346 seconds
[2025-02-10T10:26:12.140+0000] {processor.py:161} INFO - Started process (PID=1046) to work on /home/airflow/.local/lib/python3.8/site-packages/airflow/example_dags/example_dag_decorator.py
[2025-02-10T10:26:12.144+0000] {processor.py:830} INFO - Processing file /home/airflow/.local/lib/python3.8/site-packages/airflow/example_dags/example_dag_decorator.py for tasks to queue
[2025-02-10T10:26:12.155+0000] {logging_mixin.py:188} INFO - [2025-02-10T10:26:12.154+0000] {dagbag.py:538} INFO - Filling up the DagBag from /home/airflow/.local/lib/python3.8/site-packages/airflow/example_dags/example_dag_decorator.py
[2025-02-10T10:26:12.386+0000] {processor.py:840} INFO - DAG(s) 'example_dag_decorator' retrieved from /home/airflow/.local/lib/python3.8/site-packages/airflow/example_dags/example_dag_decorator.py
[2025-02-10T10:26:12.582+0000] {logging_mixin.py:188} INFO - [2025-02-10T10:26:12.581+0000] {dag.py:3036} INFO - Sync 1 DAGs
[2025-02-10T10:26:12.601+0000] {logging_mixin.py:188} INFO - [2025-02-10T10:26:12.601+0000] {dag.py:3823} INFO - Setting next_dagrun for example_dag_decorator to None, run_after=None
[2025-02-10T10:26:12.635+0000] {processor.py:183} INFO - Processing /home/airflow/.local/lib/python3.8/site-packages/airflow/example_dags/example_dag_decorator.py took 0.507 seconds
[2025-02-10T10:26:42.939+0000] {processor.py:161} INFO - Started process (PID=1109) to work on /home/airflow/.local/lib/python3.8/site-packages/airflow/example_dags/example_dag_decorator.py
[2025-02-10T10:26:42.941+0000] {processor.py:830} INFO - Processing file /home/airflow/.local/lib/python3.8/site-packages/airflow/example_dags/example_dag_decorator.py for tasks to queue
[2025-02-10T10:26:42.944+0000] {logging_mixin.py:188} INFO - [2025-02-10T10:26:42.943+0000] {dagbag.py:538} INFO - Filling up the DagBag from /home/airflow/.local/lib/python3.8/site-packages/airflow/example_dags/example_dag_decorator.py
[2025-02-10T10:26:43.110+0000] {processor.py:840} INFO - DAG(s) 'example_dag_decorator' retrieved from /home/airflow/.local/lib/python3.8/site-packages/airflow/example_dags/example_dag_decorator.py
[2025-02-10T10:26:43.276+0000] {logging_mixin.py:188} INFO - [2025-02-10T10:26:43.276+0000] {dag.py:3036} INFO - Sync 1 DAGs
[2025-02-10T10:26:43.299+0000] {logging_mixin.py:188} INFO - [2025-02-10T10:26:43.298+0000] {dag.py:3823} INFO - Setting next_dagrun for example_dag_decorator to None, run_after=None
[2025-02-10T10:26:43.334+0000] {processor.py:183} INFO - Processing /home/airflow/.local/lib/python3.8/site-packages/airflow/example_dags/example_dag_decorator.py took 0.399 seconds
[2025-02-10T10:27:13.428+0000] {processor.py:161} INFO - Started process (PID=1175) to work on /home/airflow/.local/lib/python3.8/site-packages/airflow/example_dags/example_dag_decorator.py
[2025-02-10T10:27:13.429+0000] {processor.py:830} INFO - Processing file /home/airflow/.local/lib/python3.8/site-packages/airflow/example_dags/example_dag_decorator.py for tasks to queue
[2025-02-10T10:27:13.432+0000] {logging_mixin.py:188} INFO - [2025-02-10T10:27:13.432+0000] {dagbag.py:538} INFO - Filling up the DagBag from /home/airflow/.local/lib/python3.8/site-packages/airflow/example_dags/example_dag_decorator.py
[2025-02-10T10:27:13.576+0000] {processor.py:840} INFO - DAG(s) 'example_dag_decorator' retrieved from /home/airflow/.local/lib/python3.8/site-packages/airflow/example_dags/example_dag_decorator.py
[2025-02-10T10:27:13.772+0000] {logging_mixin.py:188} INFO - [2025-02-10T10:27:13.771+0000] {dag.py:3036} INFO - Sync 1 DAGs
[2025-02-10T10:27:13.888+0000] {logging_mixin.py:188} INFO - [2025-02-10T10:27:13.887+0000] {dag.py:3823} INFO - Setting next_dagrun for example_dag_decorator to None, run_after=None
[2025-02-10T10:27:13.933+0000] {processor.py:183} INFO - Processing /home/airflow/.local/lib/python3.8/site-packages/airflow/example_dags/example_dag_decorator.py took 0.510 seconds
[2025-02-10T10:27:44.189+0000] {processor.py:161} INFO - Started process (PID=1241) to work on /home/airflow/.local/lib/python3.8/site-packages/airflow/example_dags/example_dag_decorator.py
[2025-02-10T10:27:44.202+0000] {processor.py:830} INFO - Processing file /home/airflow/.local/lib/python3.8/site-packages/airflow/example_dags/example_dag_decorator.py for tasks to queue
[2025-02-10T10:27:44.212+0000] {logging_mixin.py:188} INFO - [2025-02-10T10:27:44.211+0000] {dagbag.py:538} INFO - Filling up the DagBag from /home/airflow/.local/lib/python3.8/site-packages/airflow/example_dags/example_dag_decorator.py
[2025-02-10T10:27:44.481+0000] {processor.py:840} INFO - DAG(s) 'example_dag_decorator' retrieved from /home/airflow/.local/lib/python3.8/site-packages/airflow/example_dags/example_dag_decorator.py
[2025-02-10T10:27:44.771+0000] {logging_mixin.py:188} INFO - [2025-02-10T10:27:44.771+0000] {dag.py:3036} INFO - Sync 1 DAGs
[2025-02-10T10:27:44.790+0000] {logging_mixin.py:188} INFO - [2025-02-10T10:27:44.789+0000] {dag.py:3823} INFO - Setting next_dagrun for example_dag_decorator to None, run_after=None
[2025-02-10T10:27:44.815+0000] {processor.py:183} INFO - Processing /home/airflow/.local/lib/python3.8/site-packages/airflow/example_dags/example_dag_decorator.py took 0.636 seconds
[2025-02-10T10:28:14.911+0000] {processor.py:161} INFO - Started process (PID=1313) to work on /home/airflow/.local/lib/python3.8/site-packages/airflow/example_dags/example_dag_decorator.py
[2025-02-10T10:28:14.914+0000] {processor.py:830} INFO - Processing file /home/airflow/.local/lib/python3.8/site-packages/airflow/example_dags/example_dag_decorator.py for tasks to queue
[2025-02-10T10:28:14.920+0000] {logging_mixin.py:188} INFO - [2025-02-10T10:28:14.920+0000] {dagbag.py:538} INFO - Filling up the DagBag from /home/airflow/.local/lib/python3.8/site-packages/airflow/example_dags/example_dag_decorator.py
[2025-02-10T10:28:15.090+0000] {processor.py:840} INFO - DAG(s) 'example_dag_decorator' retrieved from /home/airflow/.local/lib/python3.8/site-packages/airflow/example_dags/example_dag_decorator.py
[2025-02-10T10:28:15.332+0000] {logging_mixin.py:188} INFO - [2025-02-10T10:28:15.331+0000] {dag.py:3036} INFO - Sync 1 DAGs
[2025-02-10T10:28:15.356+0000] {logging_mixin.py:188} INFO - [2025-02-10T10:28:15.356+0000] {dag.py:3823} INFO - Setting next_dagrun for example_dag_decorator to None, run_after=None
[2025-02-10T10:28:15.389+0000] {processor.py:183} INFO - Processing /home/airflow/.local/lib/python3.8/site-packages/airflow/example_dags/example_dag_decorator.py took 0.482 seconds
[2025-02-10T10:28:46.349+0000] {processor.py:161} INFO - Started process (PID=1379) to work on /home/airflow/.local/lib/python3.8/site-packages/airflow/example_dags/example_dag_decorator.py
[2025-02-10T10:28:46.350+0000] {processor.py:830} INFO - Processing file /home/airflow/.local/lib/python3.8/site-packages/airflow/example_dags/example_dag_decorator.py for tasks to queue
[2025-02-10T10:28:46.352+0000] {logging_mixin.py:188} INFO - [2025-02-10T10:28:46.352+0000] {dagbag.py:538} INFO - Filling up the DagBag from /home/airflow/.local/lib/python3.8/site-packages/airflow/example_dags/example_dag_decorator.py
[2025-02-10T10:28:46.485+0000] {processor.py:840} INFO - DAG(s) 'example_dag_decorator' retrieved from /home/airflow/.local/lib/python3.8/site-packages/airflow/example_dags/example_dag_decorator.py
[2025-02-10T10:28:46.608+0000] {logging_mixin.py:188} INFO - [2025-02-10T10:28:46.608+0000] {dag.py:3036} INFO - Sync 1 DAGs
[2025-02-10T10:28:46.621+0000] {logging_mixin.py:188} INFO - [2025-02-10T10:28:46.620+0000] {dag.py:3823} INFO - Setting next_dagrun for example_dag_decorator to None, run_after=None
[2025-02-10T10:28:46.647+0000] {processor.py:183} INFO - Processing /home/airflow/.local/lib/python3.8/site-packages/airflow/example_dags/example_dag_decorator.py took 0.303 seconds
[2025-02-10T10:29:16.674+0000] {processor.py:161} INFO - Started process (PID=1444) to work on /home/airflow/.local/lib/python3.8/site-packages/airflow/example_dags/example_dag_decorator.py
[2025-02-10T10:29:16.675+0000] {processor.py:830} INFO - Processing file /home/airflow/.local/lib/python3.8/site-packages/airflow/example_dags/example_dag_decorator.py for tasks to queue
[2025-02-10T10:29:16.677+0000] {logging_mixin.py:188} INFO - [2025-02-10T10:29:16.677+0000] {dagbag.py:538} INFO - Filling up the DagBag from /home/airflow/.local/lib/python3.8/site-packages/airflow/example_dags/example_dag_decorator.py
[2025-02-10T10:29:16.794+0000] {processor.py:840} INFO - DAG(s) 'example_dag_decorator' retrieved from /home/airflow/.local/lib/python3.8/site-packages/airflow/example_dags/example_dag_decorator.py
[2025-02-10T10:29:16.917+0000] {logging_mixin.py:188} INFO - [2025-02-10T10:29:16.917+0000] {dag.py:3036} INFO - Sync 1 DAGs
[2025-02-10T10:29:17.067+0000] {logging_mixin.py:188} INFO - [2025-02-10T10:29:17.066+0000] {dag.py:3823} INFO - Setting next_dagrun for example_dag_decorator to None, run_after=None
[2025-02-10T10:29:17.098+0000] {processor.py:183} INFO - Processing /home/airflow/.local/lib/python3.8/site-packages/airflow/example_dags/example_dag_decorator.py took 0.428 seconds
[2025-02-10T10:29:47.209+0000] {processor.py:161} INFO - Started process (PID=1517) to work on /home/airflow/.local/lib/python3.8/site-packages/airflow/example_dags/example_dag_decorator.py
[2025-02-10T10:29:47.210+0000] {processor.py:830} INFO - Processing file /home/airflow/.local/lib/python3.8/site-packages/airflow/example_dags/example_dag_decorator.py for tasks to queue
[2025-02-10T10:29:47.213+0000] {logging_mixin.py:188} INFO - [2025-02-10T10:29:47.212+0000] {dagbag.py:538} INFO - Filling up the DagBag from /home/airflow/.local/lib/python3.8/site-packages/airflow/example_dags/example_dag_decorator.py
[2025-02-10T10:29:47.326+0000] {processor.py:840} INFO - DAG(s) 'example_dag_decorator' retrieved from /home/airflow/.local/lib/python3.8/site-packages/airflow/example_dags/example_dag_decorator.py
[2025-02-10T10:29:47.477+0000] {logging_mixin.py:188} INFO - [2025-02-10T10:29:47.477+0000] {dag.py:3036} INFO - Sync 1 DAGs
[2025-02-10T10:29:47.489+0000] {logging_mixin.py:188} INFO - [2025-02-10T10:29:47.489+0000] {dag.py:3823} INFO - Setting next_dagrun for example_dag_decorator to None, run_after=None
[2025-02-10T10:29:47.660+0000] {processor.py:183} INFO - Processing /home/airflow/.local/lib/python3.8/site-packages/airflow/example_dags/example_dag_decorator.py took 0.457 seconds
[2025-02-10T10:30:18.372+0000] {processor.py:161} INFO - Started process (PID=1582) to work on /home/airflow/.local/lib/python3.8/site-packages/airflow/example_dags/example_dag_decorator.py
[2025-02-10T10:30:18.375+0000] {processor.py:830} INFO - Processing file /home/airflow/.local/lib/python3.8/site-packages/airflow/example_dags/example_dag_decorator.py for tasks to queue
[2025-02-10T10:30:18.378+0000] {logging_mixin.py:188} INFO - [2025-02-10T10:30:18.377+0000] {dagbag.py:538} INFO - Filling up the DagBag from /home/airflow/.local/lib/python3.8/site-packages/airflow/example_dags/example_dag_decorator.py
[2025-02-10T10:30:18.553+0000] {processor.py:840} INFO - DAG(s) 'example_dag_decorator' retrieved from /home/airflow/.local/lib/python3.8/site-packages/airflow/example_dags/example_dag_decorator.py
[2025-02-10T10:30:18.597+0000] {logging_mixin.py:188} INFO - [2025-02-10T10:30:18.596+0000] {dag.py:3036} INFO - Sync 1 DAGs
[2025-02-10T10:30:18.624+0000] {logging_mixin.py:188} INFO - [2025-02-10T10:30:18.624+0000] {dag.py:3823} INFO - Setting next_dagrun for example_dag_decorator to None, run_after=None
[2025-02-10T10:30:18.657+0000] {processor.py:183} INFO - Processing /home/airflow/.local/lib/python3.8/site-packages/airflow/example_dags/example_dag_decorator.py took 0.290 seconds
[2025-02-10T10:30:48.783+0000] {processor.py:161} INFO - Started process (PID=1648) to work on /home/airflow/.local/lib/python3.8/site-packages/airflow/example_dags/example_dag_decorator.py
[2025-02-10T10:30:48.786+0000] {processor.py:830} INFO - Processing file /home/airflow/.local/lib/python3.8/site-packages/airflow/example_dags/example_dag_decorator.py for tasks to queue
[2025-02-10T10:30:48.790+0000] {logging_mixin.py:188} INFO - [2025-02-10T10:30:48.789+0000] {dagbag.py:538} INFO - Filling up the DagBag from /home/airflow/.local/lib/python3.8/site-packages/airflow/example_dags/example_dag_decorator.py
[2025-02-10T10:30:48.933+0000] {processor.py:840} INFO - DAG(s) 'example_dag_decorator' retrieved from /home/airflow/.local/lib/python3.8/site-packages/airflow/example_dags/example_dag_decorator.py
[2025-02-10T10:30:49.088+0000] {logging_mixin.py:188} INFO - [2025-02-10T10:30:49.088+0000] {dag.py:3036} INFO - Sync 1 DAGs
[2025-02-10T10:30:49.112+0000] {logging_mixin.py:188} INFO - [2025-02-10T10:30:49.112+0000] {dag.py:3823} INFO - Setting next_dagrun for example_dag_decorator to None, run_after=None
[2025-02-10T10:30:49.154+0000] {processor.py:183} INFO - Processing /home/airflow/.local/lib/python3.8/site-packages/airflow/example_dags/example_dag_decorator.py took 0.377 seconds
[2025-02-10T10:31:19.989+0000] {processor.py:161} INFO - Started process (PID=1720) to work on /home/airflow/.local/lib/python3.8/site-packages/airflow/example_dags/example_dag_decorator.py
[2025-02-10T10:31:19.990+0000] {processor.py:830} INFO - Processing file /home/airflow/.local/lib/python3.8/site-packages/airflow/example_dags/example_dag_decorator.py for tasks to queue
[2025-02-10T10:31:19.993+0000] {logging_mixin.py:188} INFO - [2025-02-10T10:31:19.993+0000] {dagbag.py:538} INFO - Filling up the DagBag from /home/airflow/.local/lib/python3.8/site-packages/airflow/example_dags/example_dag_decorator.py
[2025-02-10T10:31:20.162+0000] {processor.py:840} INFO - DAG(s) 'example_dag_decorator' retrieved from /home/airflow/.local/lib/python3.8/site-packages/airflow/example_dags/example_dag_decorator.py
[2025-02-10T10:31:20.504+0000] {logging_mixin.py:188} INFO - [2025-02-10T10:31:20.504+0000] {dag.py:3036} INFO - Sync 1 DAGs
[2025-02-10T10:31:20.521+0000] {logging_mixin.py:188} INFO - [2025-02-10T10:31:20.521+0000] {dag.py:3823} INFO - Setting next_dagrun for example_dag_decorator to None, run_after=None
[2025-02-10T10:31:20.544+0000] {processor.py:183} INFO - Processing /home/airflow/.local/lib/python3.8/site-packages/airflow/example_dags/example_dag_decorator.py took 0.560 seconds
[2025-02-10T10:31:50.610+0000] {processor.py:161} INFO - Started process (PID=1790) to work on /home/airflow/.local/lib/python3.8/site-packages/airflow/example_dags/example_dag_decorator.py
[2025-02-10T10:31:50.612+0000] {processor.py:830} INFO - Processing file /home/airflow/.local/lib/python3.8/site-packages/airflow/example_dags/example_dag_decorator.py for tasks to queue
[2025-02-10T10:31:50.614+0000] {logging_mixin.py:188} INFO - [2025-02-10T10:31:50.614+0000] {dagbag.py:538} INFO - Filling up the DagBag from /home/airflow/.local/lib/python3.8/site-packages/airflow/example_dags/example_dag_decorator.py
[2025-02-10T10:31:50.722+0000] {processor.py:840} INFO - DAG(s) 'example_dag_decorator' retrieved from /home/airflow/.local/lib/python3.8/site-packages/airflow/example_dags/example_dag_decorator.py
[2025-02-10T10:31:50.841+0000] {logging_mixin.py:188} INFO - [2025-02-10T10:31:50.841+0000] {dag.py:3036} INFO - Sync 1 DAGs
[2025-02-10T10:31:50.988+0000] {logging_mixin.py:188} INFO - [2025-02-10T10:31:50.988+0000] {dag.py:3823} INFO - Setting next_dagrun for example_dag_decorator to None, run_after=None
[2025-02-10T10:31:51.015+0000] {processor.py:183} INFO - Processing /home/airflow/.local/lib/python3.8/site-packages/airflow/example_dags/example_dag_decorator.py took 0.410 seconds
[2025-02-10T10:32:21.832+0000] {processor.py:161} INFO - Started process (PID=1853) to work on /home/airflow/.local/lib/python3.8/site-packages/airflow/example_dags/example_dag_decorator.py
[2025-02-10T10:32:21.834+0000] {processor.py:830} INFO - Processing file /home/airflow/.local/lib/python3.8/site-packages/airflow/example_dags/example_dag_decorator.py for tasks to queue
[2025-02-10T10:32:21.836+0000] {logging_mixin.py:188} INFO - [2025-02-10T10:32:21.836+0000] {dagbag.py:538} INFO - Filling up the DagBag from /home/airflow/.local/lib/python3.8/site-packages/airflow/example_dags/example_dag_decorator.py
[2025-02-10T10:32:21.943+0000] {processor.py:840} INFO - DAG(s) 'example_dag_decorator' retrieved from /home/airflow/.local/lib/python3.8/site-packages/airflow/example_dags/example_dag_decorator.py
[2025-02-10T10:32:21.971+0000] {logging_mixin.py:188} INFO - [2025-02-10T10:32:21.971+0000] {dag.py:3036} INFO - Sync 1 DAGs
[2025-02-10T10:32:21.985+0000] {logging_mixin.py:188} INFO - [2025-02-10T10:32:21.985+0000] {dag.py:3823} INFO - Setting next_dagrun for example_dag_decorator to None, run_after=None
[2025-02-10T10:32:22.009+0000] {processor.py:183} INFO - Processing /home/airflow/.local/lib/python3.8/site-packages/airflow/example_dags/example_dag_decorator.py took 0.181 seconds
[2025-02-10T10:32:52.419+0000] {processor.py:161} INFO - Started process (PID=1925) to work on /home/airflow/.local/lib/python3.8/site-packages/airflow/example_dags/example_dag_decorator.py
[2025-02-10T10:32:52.422+0000] {processor.py:830} INFO - Processing file /home/airflow/.local/lib/python3.8/site-packages/airflow/example_dags/example_dag_decorator.py for tasks to queue
[2025-02-10T10:32:52.425+0000] {logging_mixin.py:188} INFO - [2025-02-10T10:32:52.424+0000] {dagbag.py:538} INFO - Filling up the DagBag from /home/airflow/.local/lib/python3.8/site-packages/airflow/example_dags/example_dag_decorator.py
[2025-02-10T10:32:52.538+0000] {processor.py:840} INFO - DAG(s) 'example_dag_decorator' retrieved from /home/airflow/.local/lib/python3.8/site-packages/airflow/example_dags/example_dag_decorator.py
[2025-02-10T10:32:52.710+0000] {logging_mixin.py:188} INFO - [2025-02-10T10:32:52.710+0000] {dag.py:3036} INFO - Sync 1 DAGs
[2025-02-10T10:32:52.731+0000] {logging_mixin.py:188} INFO - [2025-02-10T10:32:52.731+0000] {dag.py:3823} INFO - Setting next_dagrun for example_dag_decorator to None, run_after=None
[2025-02-10T10:32:52.759+0000] {processor.py:183} INFO - Processing /home/airflow/.local/lib/python3.8/site-packages/airflow/example_dags/example_dag_decorator.py took 0.344 seconds
[2025-02-10T10:33:23.042+0000] {processor.py:161} INFO - Started process (PID=1990) to work on /home/airflow/.local/lib/python3.8/site-packages/airflow/example_dags/example_dag_decorator.py
[2025-02-10T10:33:23.043+0000] {processor.py:830} INFO - Processing file /home/airflow/.local/lib/python3.8/site-packages/airflow/example_dags/example_dag_decorator.py for tasks to queue
[2025-02-10T10:33:23.046+0000] {logging_mixin.py:188} INFO - [2025-02-10T10:33:23.046+0000] {dagbag.py:538} INFO - Filling up the DagBag from /home/airflow/.local/lib/python3.8/site-packages/airflow/example_dags/example_dag_decorator.py
[2025-02-10T10:33:23.177+0000] {processor.py:840} INFO - DAG(s) 'example_dag_decorator' retrieved from /home/airflow/.local/lib/python3.8/site-packages/airflow/example_dags/example_dag_decorator.py
[2025-02-10T10:33:23.443+0000] {logging_mixin.py:188} INFO - [2025-02-10T10:33:23.443+0000] {dag.py:3036} INFO - Sync 1 DAGs
[2025-02-10T10:33:23.454+0000] {logging_mixin.py:188} INFO - [2025-02-10T10:33:23.453+0000] {dag.py:3823} INFO - Setting next_dagrun for example_dag_decorator to None, run_after=None
[2025-02-10T10:33:23.476+0000] {processor.py:183} INFO - Processing /home/airflow/.local/lib/python3.8/site-packages/airflow/example_dags/example_dag_decorator.py took 0.440 seconds
[2025-02-10T10:33:54.429+0000] {processor.py:161} INFO - Started process (PID=2055) to work on /home/airflow/.local/lib/python3.8/site-packages/airflow/example_dags/example_dag_decorator.py
[2025-02-10T10:33:54.430+0000] {processor.py:830} INFO - Processing file /home/airflow/.local/lib/python3.8/site-packages/airflow/example_dags/example_dag_decorator.py for tasks to queue
[2025-02-10T10:33:54.433+0000] {logging_mixin.py:188} INFO - [2025-02-10T10:33:54.433+0000] {dagbag.py:538} INFO - Filling up the DagBag from /home/airflow/.local/lib/python3.8/site-packages/airflow/example_dags/example_dag_decorator.py
[2025-02-10T10:33:54.562+0000] {processor.py:840} INFO - DAG(s) 'example_dag_decorator' retrieved from /home/airflow/.local/lib/python3.8/site-packages/airflow/example_dags/example_dag_decorator.py
[2025-02-10T10:33:54.605+0000] {logging_mixin.py:188} INFO - [2025-02-10T10:33:54.603+0000] {dag.py:3036} INFO - Sync 1 DAGs
[2025-02-10T10:33:54.624+0000] {logging_mixin.py:188} INFO - [2025-02-10T10:33:54.623+0000] {dag.py:3823} INFO - Setting next_dagrun for example_dag_decorator to None, run_after=None
[2025-02-10T10:33:54.651+0000] {processor.py:183} INFO - Processing /home/airflow/.local/lib/python3.8/site-packages/airflow/example_dags/example_dag_decorator.py took 0.227 seconds
[2025-02-10T10:34:25.322+0000] {processor.py:161} INFO - Started process (PID=2128) to work on /home/airflow/.local/lib/python3.8/site-packages/airflow/example_dags/example_dag_decorator.py
[2025-02-10T10:34:25.324+0000] {processor.py:830} INFO - Processing file /home/airflow/.local/lib/python3.8/site-packages/airflow/example_dags/example_dag_decorator.py for tasks to queue
[2025-02-10T10:34:25.327+0000] {logging_mixin.py:188} INFO - [2025-02-10T10:34:25.326+0000] {dagbag.py:538} INFO - Filling up the DagBag from /home/airflow/.local/lib/python3.8/site-packages/airflow/example_dags/example_dag_decorator.py
[2025-02-10T10:34:25.490+0000] {processor.py:840} INFO - DAG(s) 'example_dag_decorator' retrieved from /home/airflow/.local/lib/python3.8/site-packages/airflow/example_dags/example_dag_decorator.py
[2025-02-10T10:34:25.660+0000] {logging_mixin.py:188} INFO - [2025-02-10T10:34:25.660+0000] {dag.py:3036} INFO - Sync 1 DAGs
[2025-02-10T10:34:25.830+0000] {logging_mixin.py:188} INFO - [2025-02-10T10:34:25.830+0000] {dag.py:3823} INFO - Setting next_dagrun for example_dag_decorator to None, run_after=None
[2025-02-10T10:34:25.856+0000] {processor.py:183} INFO - Processing /home/airflow/.local/lib/python3.8/site-packages/airflow/example_dags/example_dag_decorator.py took 0.539 seconds
[2025-02-10T10:34:56.696+0000] {processor.py:161} INFO - Started process (PID=2193) to work on /home/airflow/.local/lib/python3.8/site-packages/airflow/example_dags/example_dag_decorator.py
[2025-02-10T10:34:56.698+0000] {processor.py:830} INFO - Processing file /home/airflow/.local/lib/python3.8/site-packages/airflow/example_dags/example_dag_decorator.py for tasks to queue
[2025-02-10T10:34:56.705+0000] {logging_mixin.py:188} INFO - [2025-02-10T10:34:56.704+0000] {dagbag.py:538} INFO - Filling up the DagBag from /home/airflow/.local/lib/python3.8/site-packages/airflow/example_dags/example_dag_decorator.py
[2025-02-10T10:34:56.828+0000] {processor.py:840} INFO - DAG(s) 'example_dag_decorator' retrieved from /home/airflow/.local/lib/python3.8/site-packages/airflow/example_dags/example_dag_decorator.py
[2025-02-10T10:34:56.946+0000] {logging_mixin.py:188} INFO - [2025-02-10T10:34:56.946+0000] {dag.py:3036} INFO - Sync 1 DAGs
[2025-02-10T10:34:56.958+0000] {logging_mixin.py:188} INFO - [2025-02-10T10:34:56.958+0000] {dag.py:3823} INFO - Setting next_dagrun for example_dag_decorator to None, run_after=None
[2025-02-10T10:34:56.987+0000] {processor.py:183} INFO - Processing /home/airflow/.local/lib/python3.8/site-packages/airflow/example_dags/example_dag_decorator.py took 0.295 seconds
[2025-02-10T10:35:27.101+0000] {processor.py:161} INFO - Started process (PID=2258) to work on /home/airflow/.local/lib/python3.8/site-packages/airflow/example_dags/example_dag_decorator.py
[2025-02-10T10:35:27.104+0000] {processor.py:830} INFO - Processing file /home/airflow/.local/lib/python3.8/site-packages/airflow/example_dags/example_dag_decorator.py for tasks to queue
[2025-02-10T10:35:27.107+0000] {logging_mixin.py:188} INFO - [2025-02-10T10:35:27.107+0000] {dagbag.py:538} INFO - Filling up the DagBag from /home/airflow/.local/lib/python3.8/site-packages/airflow/example_dags/example_dag_decorator.py
[2025-02-10T10:35:27.287+0000] {processor.py:840} INFO - DAG(s) 'example_dag_decorator' retrieved from /home/airflow/.local/lib/python3.8/site-packages/airflow/example_dags/example_dag_decorator.py
[2025-02-10T10:35:27.808+0000] {logging_mixin.py:188} INFO - [2025-02-10T10:35:27.808+0000] {dag.py:3036} INFO - Sync 1 DAGs
[2025-02-10T10:35:27.831+0000] {logging_mixin.py:188} INFO - [2025-02-10T10:35:27.831+0000] {dag.py:3823} INFO - Setting next_dagrun for example_dag_decorator to None, run_after=None
[2025-02-10T10:35:27.865+0000] {processor.py:183} INFO - Processing /home/airflow/.local/lib/python3.8/site-packages/airflow/example_dags/example_dag_decorator.py took 0.769 seconds
[2025-02-10T10:35:58.016+0000] {processor.py:161} INFO - Started process (PID=2331) to work on /home/airflow/.local/lib/python3.8/site-packages/airflow/example_dags/example_dag_decorator.py
[2025-02-10T10:35:58.022+0000] {processor.py:830} INFO - Processing file /home/airflow/.local/lib/python3.8/site-packages/airflow/example_dags/example_dag_decorator.py for tasks to queue
[2025-02-10T10:35:58.035+0000] {logging_mixin.py:188} INFO - [2025-02-10T10:35:58.034+0000] {dagbag.py:538} INFO - Filling up the DagBag from /home/airflow/.local/lib/python3.8/site-packages/airflow/example_dags/example_dag_decorator.py
[2025-02-10T10:35:58.222+0000] {processor.py:840} INFO - DAG(s) 'example_dag_decorator' retrieved from /home/airflow/.local/lib/python3.8/site-packages/airflow/example_dags/example_dag_decorator.py
[2025-02-10T10:35:58.593+0000] {logging_mixin.py:188} INFO - [2025-02-10T10:35:58.593+0000] {dag.py:3036} INFO - Sync 1 DAGs
[2025-02-10T10:35:58.613+0000] {logging_mixin.py:188} INFO - [2025-02-10T10:35:58.613+0000] {dag.py:3823} INFO - Setting next_dagrun for example_dag_decorator to None, run_after=None
[2025-02-10T10:35:58.647+0000] {processor.py:183} INFO - Processing /home/airflow/.local/lib/python3.8/site-packages/airflow/example_dags/example_dag_decorator.py took 0.636 seconds
[2025-02-10T10:36:28.837+0000] {processor.py:161} INFO - Started process (PID=2396) to work on /home/airflow/.local/lib/python3.8/site-packages/airflow/example_dags/example_dag_decorator.py
[2025-02-10T10:36:28.839+0000] {processor.py:830} INFO - Processing file /home/airflow/.local/lib/python3.8/site-packages/airflow/example_dags/example_dag_decorator.py for tasks to queue
[2025-02-10T10:36:28.843+0000] {logging_mixin.py:188} INFO - [2025-02-10T10:36:28.843+0000] {dagbag.py:538} INFO - Filling up the DagBag from /home/airflow/.local/lib/python3.8/site-packages/airflow/example_dags/example_dag_decorator.py
[2025-02-10T10:36:28.990+0000] {processor.py:840} INFO - DAG(s) 'example_dag_decorator' retrieved from /home/airflow/.local/lib/python3.8/site-packages/airflow/example_dags/example_dag_decorator.py
[2025-02-10T10:36:29.267+0000] {logging_mixin.py:188} INFO - [2025-02-10T10:36:29.267+0000] {dag.py:3036} INFO - Sync 1 DAGs
[2025-02-10T10:36:29.283+0000] {logging_mixin.py:188} INFO - [2025-02-10T10:36:29.283+0000] {dag.py:3823} INFO - Setting next_dagrun for example_dag_decorator to None, run_after=None
[2025-02-10T10:36:29.309+0000] {processor.py:183} INFO - Processing /home/airflow/.local/lib/python3.8/site-packages/airflow/example_dags/example_dag_decorator.py took 0.477 seconds
[2025-02-10T10:37:00.163+0000] {processor.py:161} INFO - Started process (PID=2461) to work on /home/airflow/.local/lib/python3.8/site-packages/airflow/example_dags/example_dag_decorator.py
[2025-02-10T10:37:00.164+0000] {processor.py:830} INFO - Processing file /home/airflow/.local/lib/python3.8/site-packages/airflow/example_dags/example_dag_decorator.py for tasks to queue
[2025-02-10T10:37:00.167+0000] {logging_mixin.py:188} INFO - [2025-02-10T10:37:00.166+0000] {dagbag.py:538} INFO - Filling up the DagBag from /home/airflow/.local/lib/python3.8/site-packages/airflow/example_dags/example_dag_decorator.py
[2025-02-10T10:37:00.277+0000] {processor.py:840} INFO - DAG(s) 'example_dag_decorator' retrieved from /home/airflow/.local/lib/python3.8/site-packages/airflow/example_dags/example_dag_decorator.py
[2025-02-10T10:37:00.308+0000] {logging_mixin.py:188} INFO - [2025-02-10T10:37:00.307+0000] {dag.py:3036} INFO - Sync 1 DAGs
[2025-02-10T10:37:00.459+0000] {logging_mixin.py:188} INFO - [2025-02-10T10:37:00.459+0000] {dag.py:3823} INFO - Setting next_dagrun for example_dag_decorator to None, run_after=None
[2025-02-10T10:37:00.485+0000] {processor.py:183} INFO - Processing /home/airflow/.local/lib/python3.8/site-packages/airflow/example_dags/example_dag_decorator.py took 0.326 seconds
[2025-02-10T10:37:30.932+0000] {processor.py:161} INFO - Started process (PID=2525) to work on /home/airflow/.local/lib/python3.8/site-packages/airflow/example_dags/example_dag_decorator.py
[2025-02-10T10:37:30.934+0000] {processor.py:830} INFO - Processing file /home/airflow/.local/lib/python3.8/site-packages/airflow/example_dags/example_dag_decorator.py for tasks to queue
[2025-02-10T10:37:30.936+0000] {logging_mixin.py:188} INFO - [2025-02-10T10:37:30.936+0000] {dagbag.py:538} INFO - Filling up the DagBag from /home/airflow/.local/lib/python3.8/site-packages/airflow/example_dags/example_dag_decorator.py
[2025-02-10T10:37:31.049+0000] {processor.py:840} INFO - DAG(s) 'example_dag_decorator' retrieved from /home/airflow/.local/lib/python3.8/site-packages/airflow/example_dags/example_dag_decorator.py
[2025-02-10T10:37:31.079+0000] {logging_mixin.py:188} INFO - [2025-02-10T10:37:31.079+0000] {dag.py:3036} INFO - Sync 1 DAGs
[2025-02-10T10:37:31.096+0000] {logging_mixin.py:188} INFO - [2025-02-10T10:37:31.095+0000] {dag.py:3823} INFO - Setting next_dagrun for example_dag_decorator to None, run_after=None
[2025-02-10T10:37:31.120+0000] {processor.py:183} INFO - Processing /home/airflow/.local/lib/python3.8/site-packages/airflow/example_dags/example_dag_decorator.py took 0.192 seconds
[2025-02-10T10:38:01.728+0000] {processor.py:161} INFO - Started process (PID=2590) to work on /home/airflow/.local/lib/python3.8/site-packages/airflow/example_dags/example_dag_decorator.py
[2025-02-10T10:38:01.729+0000] {processor.py:830} INFO - Processing file /home/airflow/.local/lib/python3.8/site-packages/airflow/example_dags/example_dag_decorator.py for tasks to queue
[2025-02-10T10:38:01.732+0000] {logging_mixin.py:188} INFO - [2025-02-10T10:38:01.731+0000] {dagbag.py:538} INFO - Filling up the DagBag from /home/airflow/.local/lib/python3.8/site-packages/airflow/example_dags/example_dag_decorator.py
[2025-02-10T10:38:01.847+0000] {processor.py:840} INFO - DAG(s) 'example_dag_decorator' retrieved from /home/airflow/.local/lib/python3.8/site-packages/airflow/example_dags/example_dag_decorator.py
[2025-02-10T10:38:02.113+0000] {logging_mixin.py:188} INFO - [2025-02-10T10:38:02.113+0000] {dag.py:3036} INFO - Sync 1 DAGs
[2025-02-10T10:38:02.126+0000] {logging_mixin.py:188} INFO - [2025-02-10T10:38:02.126+0000] {dag.py:3823} INFO - Setting next_dagrun for example_dag_decorator to None, run_after=None
[2025-02-10T10:38:02.154+0000] {processor.py:183} INFO - Processing /home/airflow/.local/lib/python3.8/site-packages/airflow/example_dags/example_dag_decorator.py took 0.431 seconds
[2025-02-10T10:38:33.304+0000] {processor.py:161} INFO - Started process (PID=2665) to work on /home/airflow/.local/lib/python3.8/site-packages/airflow/example_dags/example_dag_decorator.py
[2025-02-10T10:38:33.307+0000] {processor.py:830} INFO - Processing file /home/airflow/.local/lib/python3.8/site-packages/airflow/example_dags/example_dag_decorator.py for tasks to queue
[2025-02-10T10:38:33.310+0000] {logging_mixin.py:188} INFO - [2025-02-10T10:38:33.310+0000] {dagbag.py:538} INFO - Filling up the DagBag from /home/airflow/.local/lib/python3.8/site-packages/airflow/example_dags/example_dag_decorator.py
[2025-02-10T10:38:33.447+0000] {processor.py:840} INFO - DAG(s) 'example_dag_decorator' retrieved from /home/airflow/.local/lib/python3.8/site-packages/airflow/example_dags/example_dag_decorator.py
[2025-02-10T10:38:33.729+0000] {logging_mixin.py:188} INFO - [2025-02-10T10:38:33.729+0000] {dag.py:3036} INFO - Sync 1 DAGs
[2025-02-10T10:38:33.746+0000] {logging_mixin.py:188} INFO - [2025-02-10T10:38:33.746+0000] {dag.py:3823} INFO - Setting next_dagrun for example_dag_decorator to None, run_after=None
[2025-02-10T10:38:33.769+0000] {processor.py:183} INFO - Processing /home/airflow/.local/lib/python3.8/site-packages/airflow/example_dags/example_dag_decorator.py took 0.472 seconds
[2025-02-10T10:39:04.858+0000] {processor.py:161} INFO - Started process (PID=2732) to work on /home/airflow/.local/lib/python3.8/site-packages/airflow/example_dags/example_dag_decorator.py
[2025-02-10T10:39:04.860+0000] {processor.py:830} INFO - Processing file /home/airflow/.local/lib/python3.8/site-packages/airflow/example_dags/example_dag_decorator.py for tasks to queue
[2025-02-10T10:39:04.862+0000] {logging_mixin.py:188} INFO - [2025-02-10T10:39:04.862+0000] {dagbag.py:538} INFO - Filling up the DagBag from /home/airflow/.local/lib/python3.8/site-packages/airflow/example_dags/example_dag_decorator.py
[2025-02-10T10:39:04.971+0000] {processor.py:840} INFO - DAG(s) 'example_dag_decorator' retrieved from /home/airflow/.local/lib/python3.8/site-packages/airflow/example_dags/example_dag_decorator.py
[2025-02-10T10:39:05.244+0000] {logging_mixin.py:188} INFO - [2025-02-10T10:39:05.243+0000] {dag.py:3036} INFO - Sync 1 DAGs
[2025-02-10T10:39:05.255+0000] {logging_mixin.py:188} INFO - [2025-02-10T10:39:05.255+0000] {dag.py:3823} INFO - Setting next_dagrun for example_dag_decorator to None, run_after=None
[2025-02-10T10:39:05.277+0000] {processor.py:183} INFO - Processing /home/airflow/.local/lib/python3.8/site-packages/airflow/example_dags/example_dag_decorator.py took 0.423 seconds
[2025-02-10T10:39:35.391+0000] {processor.py:161} INFO - Started process (PID=2797) to work on /home/airflow/.local/lib/python3.8/site-packages/airflow/example_dags/example_dag_decorator.py
[2025-02-10T10:39:35.393+0000] {processor.py:830} INFO - Processing file /home/airflow/.local/lib/python3.8/site-packages/airflow/example_dags/example_dag_decorator.py for tasks to queue
[2025-02-10T10:39:35.395+0000] {logging_mixin.py:188} INFO - [2025-02-10T10:39:35.395+0000] {dagbag.py:538} INFO - Filling up the DagBag from /home/airflow/.local/lib/python3.8/site-packages/airflow/example_dags/example_dag_decorator.py
[2025-02-10T10:39:35.503+0000] {processor.py:840} INFO - DAG(s) 'example_dag_decorator' retrieved from /home/airflow/.local/lib/python3.8/site-packages/airflow/example_dags/example_dag_decorator.py
[2025-02-10T10:39:35.667+0000] {logging_mixin.py:188} INFO - [2025-02-10T10:39:35.667+0000] {dag.py:3036} INFO - Sync 1 DAGs
[2025-02-10T10:39:35.680+0000] {logging_mixin.py:188} INFO - [2025-02-10T10:39:35.680+0000] {dag.py:3823} INFO - Setting next_dagrun for example_dag_decorator to None, run_after=None
[2025-02-10T10:39:35.704+0000] {processor.py:183} INFO - Processing /home/airflow/.local/lib/python3.8/site-packages/airflow/example_dags/example_dag_decorator.py took 0.317 seconds
[2025-02-10T10:40:06.892+0000] {processor.py:161} INFO - Started process (PID=2862) to work on /home/airflow/.local/lib/python3.8/site-packages/airflow/example_dags/example_dag_decorator.py
[2025-02-10T10:40:06.896+0000] {processor.py:830} INFO - Processing file /home/airflow/.local/lib/python3.8/site-packages/airflow/example_dags/example_dag_decorator.py for tasks to queue
[2025-02-10T10:40:06.902+0000] {logging_mixin.py:188} INFO - [2025-02-10T10:40:06.901+0000] {dagbag.py:538} INFO - Filling up the DagBag from /home/airflow/.local/lib/python3.8/site-packages/airflow/example_dags/example_dag_decorator.py
[2025-02-10T10:40:07.187+0000] {processor.py:840} INFO - DAG(s) 'example_dag_decorator' retrieved from /home/airflow/.local/lib/python3.8/site-packages/airflow/example_dags/example_dag_decorator.py
[2025-02-10T10:40:07.610+0000] {logging_mixin.py:188} INFO - [2025-02-10T10:40:07.609+0000] {dag.py:3036} INFO - Sync 1 DAGs
[2025-02-10T10:40:07.635+0000] {logging_mixin.py:188} INFO - [2025-02-10T10:40:07.633+0000] {dag.py:3823} INFO - Setting next_dagrun for example_dag_decorator to None, run_after=None
[2025-02-10T10:40:07.667+0000] {processor.py:183} INFO - Processing /home/airflow/.local/lib/python3.8/site-packages/airflow/example_dags/example_dag_decorator.py took 0.791 seconds
[2025-02-10T10:40:37.883+0000] {processor.py:161} INFO - Started process (PID=2934) to work on /home/airflow/.local/lib/python3.8/site-packages/airflow/example_dags/example_dag_decorator.py
[2025-02-10T10:40:37.887+0000] {processor.py:830} INFO - Processing file /home/airflow/.local/lib/python3.8/site-packages/airflow/example_dags/example_dag_decorator.py for tasks to queue
[2025-02-10T10:40:37.892+0000] {logging_mixin.py:188} INFO - [2025-02-10T10:40:37.891+0000] {dagbag.py:538} INFO - Filling up the DagBag from /home/airflow/.local/lib/python3.8/site-packages/airflow/example_dags/example_dag_decorator.py
[2025-02-10T10:40:38.057+0000] {processor.py:840} INFO - DAG(s) 'example_dag_decorator' retrieved from /home/airflow/.local/lib/python3.8/site-packages/airflow/example_dags/example_dag_decorator.py
[2025-02-10T10:40:38.389+0000] {logging_mixin.py:188} INFO - [2025-02-10T10:40:38.388+0000] {dag.py:3036} INFO - Sync 1 DAGs
[2025-02-10T10:40:38.405+0000] {logging_mixin.py:188} INFO - [2025-02-10T10:40:38.405+0000] {dag.py:3823} INFO - Setting next_dagrun for example_dag_decorator to None, run_after=None
[2025-02-10T10:40:38.428+0000] {processor.py:183} INFO - Processing /home/airflow/.local/lib/python3.8/site-packages/airflow/example_dags/example_dag_decorator.py took 0.549 seconds
[2025-02-10T10:41:08.658+0000] {processor.py:161} INFO - Started process (PID=3000) to work on /home/airflow/.local/lib/python3.8/site-packages/airflow/example_dags/example_dag_decorator.py
[2025-02-10T10:41:08.660+0000] {processor.py:830} INFO - Processing file /home/airflow/.local/lib/python3.8/site-packages/airflow/example_dags/example_dag_decorator.py for tasks to queue
[2025-02-10T10:41:08.664+0000] {logging_mixin.py:188} INFO - [2025-02-10T10:41:08.664+0000] {dagbag.py:538} INFO - Filling up the DagBag from /home/airflow/.local/lib/python3.8/site-packages/airflow/example_dags/example_dag_decorator.py
[2025-02-10T10:41:08.804+0000] {processor.py:840} INFO - DAG(s) 'example_dag_decorator' retrieved from /home/airflow/.local/lib/python3.8/site-packages/airflow/example_dags/example_dag_decorator.py
[2025-02-10T10:41:08.844+0000] {logging_mixin.py:188} INFO - [2025-02-10T10:41:08.844+0000] {dag.py:3036} INFO - Sync 1 DAGs
[2025-02-10T10:41:08.866+0000] {logging_mixin.py:188} INFO - [2025-02-10T10:41:08.865+0000] {dag.py:3823} INFO - Setting next_dagrun for example_dag_decorator to None, run_after=None
[2025-02-10T10:41:08.898+0000] {processor.py:183} INFO - Processing /home/airflow/.local/lib/python3.8/site-packages/airflow/example_dags/example_dag_decorator.py took 0.244 seconds
[2025-02-10T10:41:39.156+0000] {processor.py:161} INFO - Started process (PID=3065) to work on /home/airflow/.local/lib/python3.8/site-packages/airflow/example_dags/example_dag_decorator.py
[2025-02-10T10:41:39.170+0000] {processor.py:830} INFO - Processing file /home/airflow/.local/lib/python3.8/site-packages/airflow/example_dags/example_dag_decorator.py for tasks to queue
[2025-02-10T10:41:39.173+0000] {logging_mixin.py:188} INFO - [2025-02-10T10:41:39.172+0000] {dagbag.py:538} INFO - Filling up the DagBag from /home/airflow/.local/lib/python3.8/site-packages/airflow/example_dags/example_dag_decorator.py
[2025-02-10T10:41:39.713+0000] {processor.py:840} INFO - DAG(s) 'example_dag_decorator' retrieved from /home/airflow/.local/lib/python3.8/site-packages/airflow/example_dags/example_dag_decorator.py
[2025-02-10T10:41:39.881+0000] {logging_mixin.py:188} INFO - [2025-02-10T10:41:39.880+0000] {dag.py:3036} INFO - Sync 1 DAGs
[2025-02-10T10:41:39.907+0000] {logging_mixin.py:188} INFO - [2025-02-10T10:41:39.907+0000] {dag.py:3823} INFO - Setting next_dagrun for example_dag_decorator to None, run_after=None
[2025-02-10T10:41:39.941+0000] {processor.py:183} INFO - Processing /home/airflow/.local/lib/python3.8/site-packages/airflow/example_dags/example_dag_decorator.py took 0.811 seconds
[2025-02-10T10:42:10.075+0000] {processor.py:161} INFO - Started process (PID=3130) to work on /home/airflow/.local/lib/python3.8/site-packages/airflow/example_dags/example_dag_decorator.py
[2025-02-10T10:42:10.077+0000] {processor.py:830} INFO - Processing file /home/airflow/.local/lib/python3.8/site-packages/airflow/example_dags/example_dag_decorator.py for tasks to queue
[2025-02-10T10:42:10.082+0000] {logging_mixin.py:188} INFO - [2025-02-10T10:42:10.081+0000] {dagbag.py:538} INFO - Filling up the DagBag from /home/airflow/.local/lib/python3.8/site-packages/airflow/example_dags/example_dag_decorator.py
[2025-02-10T10:42:10.628+0000] {processor.py:840} INFO - DAG(s) 'example_dag_decorator' retrieved from /home/airflow/.local/lib/python3.8/site-packages/airflow/example_dags/example_dag_decorator.py
[2025-02-10T10:42:10.914+0000] {logging_mixin.py:188} INFO - [2025-02-10T10:42:10.913+0000] {dag.py:3036} INFO - Sync 1 DAGs
[2025-02-10T10:42:10.992+0000] {logging_mixin.py:188} INFO - [2025-02-10T10:42:10.990+0000] {dag.py:3823} INFO - Setting next_dagrun for example_dag_decorator to None, run_after=None
[2025-02-10T10:42:11.067+0000] {processor.py:183} INFO - Processing /home/airflow/.local/lib/python3.8/site-packages/airflow/example_dags/example_dag_decorator.py took 0.997 seconds
[2025-02-10T10:42:41.698+0000] {processor.py:161} INFO - Started process (PID=3198) to work on /home/airflow/.local/lib/python3.8/site-packages/airflow/example_dags/example_dag_decorator.py
[2025-02-10T10:42:41.700+0000] {processor.py:830} INFO - Processing file /home/airflow/.local/lib/python3.8/site-packages/airflow/example_dags/example_dag_decorator.py for tasks to queue
[2025-02-10T10:42:41.706+0000] {logging_mixin.py:188} INFO - [2025-02-10T10:42:41.706+0000] {dagbag.py:538} INFO - Filling up the DagBag from /home/airflow/.local/lib/python3.8/site-packages/airflow/example_dags/example_dag_decorator.py
[2025-02-10T10:42:41.865+0000] {processor.py:840} INFO - DAG(s) 'example_dag_decorator' retrieved from /home/airflow/.local/lib/python3.8/site-packages/airflow/example_dags/example_dag_decorator.py
[2025-02-10T10:42:42.306+0000] {logging_mixin.py:188} INFO - [2025-02-10T10:42:42.306+0000] {dag.py:3036} INFO - Sync 1 DAGs
[2025-02-10T10:42:42.323+0000] {logging_mixin.py:188} INFO - [2025-02-10T10:42:42.323+0000] {dag.py:3823} INFO - Setting next_dagrun for example_dag_decorator to None, run_after=None
[2025-02-10T10:42:42.361+0000] {processor.py:183} INFO - Processing /home/airflow/.local/lib/python3.8/site-packages/airflow/example_dags/example_dag_decorator.py took 0.670 seconds
[2025-02-10T10:43:12.881+0000] {processor.py:161} INFO - Started process (PID=3263) to work on /home/airflow/.local/lib/python3.8/site-packages/airflow/example_dags/example_dag_decorator.py
[2025-02-10T10:43:12.883+0000] {processor.py:830} INFO - Processing file /home/airflow/.local/lib/python3.8/site-packages/airflow/example_dags/example_dag_decorator.py for tasks to queue
[2025-02-10T10:43:12.891+0000] {logging_mixin.py:188} INFO - [2025-02-10T10:43:12.891+0000] {dagbag.py:538} INFO - Filling up the DagBag from /home/airflow/.local/lib/python3.8/site-packages/airflow/example_dags/example_dag_decorator.py
[2025-02-10T10:43:13.104+0000] {processor.py:840} INFO - DAG(s) 'example_dag_decorator' retrieved from /home/airflow/.local/lib/python3.8/site-packages/airflow/example_dags/example_dag_decorator.py
[2025-02-10T10:43:13.532+0000] {logging_mixin.py:188} INFO - [2025-02-10T10:43:13.531+0000] {dag.py:3036} INFO - Sync 1 DAGs
[2025-02-10T10:43:13.553+0000] {logging_mixin.py:188} INFO - [2025-02-10T10:43:13.553+0000] {dag.py:3823} INFO - Setting next_dagrun for example_dag_decorator to None, run_after=None
[2025-02-10T10:43:13.583+0000] {processor.py:183} INFO - Processing /home/airflow/.local/lib/python3.8/site-packages/airflow/example_dags/example_dag_decorator.py took 0.708 seconds
[2025-02-10T10:43:44.077+0000] {processor.py:161} INFO - Started process (PID=3328) to work on /home/airflow/.local/lib/python3.8/site-packages/airflow/example_dags/example_dag_decorator.py
[2025-02-10T10:43:44.080+0000] {processor.py:830} INFO - Processing file /home/airflow/.local/lib/python3.8/site-packages/airflow/example_dags/example_dag_decorator.py for tasks to queue
[2025-02-10T10:43:44.083+0000] {logging_mixin.py:188} INFO - [2025-02-10T10:43:44.082+0000] {dagbag.py:538} INFO - Filling up the DagBag from /home/airflow/.local/lib/python3.8/site-packages/airflow/example_dags/example_dag_decorator.py
[2025-02-10T10:43:44.287+0000] {processor.py:840} INFO - DAG(s) 'example_dag_decorator' retrieved from /home/airflow/.local/lib/python3.8/site-packages/airflow/example_dags/example_dag_decorator.py
[2025-02-10T10:43:44.744+0000] {logging_mixin.py:188} INFO - [2025-02-10T10:43:44.743+0000] {dag.py:3036} INFO - Sync 1 DAGs
[2025-02-10T10:43:44.775+0000] {logging_mixin.py:188} INFO - [2025-02-10T10:43:44.775+0000] {dag.py:3823} INFO - Setting next_dagrun for example_dag_decorator to None, run_after=None
[2025-02-10T10:43:44.811+0000] {processor.py:183} INFO - Processing /home/airflow/.local/lib/python3.8/site-packages/airflow/example_dags/example_dag_decorator.py took 0.748 seconds
[2025-02-10T10:44:15.112+0000] {processor.py:161} INFO - Started process (PID=3392) to work on /home/airflow/.local/lib/python3.8/site-packages/airflow/example_dags/example_dag_decorator.py
[2025-02-10T10:44:15.115+0000] {processor.py:830} INFO - Processing file /home/airflow/.local/lib/python3.8/site-packages/airflow/example_dags/example_dag_decorator.py for tasks to queue
[2025-02-10T10:44:15.117+0000] {logging_mixin.py:188} INFO - [2025-02-10T10:44:15.117+0000] {dagbag.py:538} INFO - Filling up the DagBag from /home/airflow/.local/lib/python3.8/site-packages/airflow/example_dags/example_dag_decorator.py
[2025-02-10T10:44:15.408+0000] {processor.py:840} INFO - DAG(s) 'example_dag_decorator' retrieved from /home/airflow/.local/lib/python3.8/site-packages/airflow/example_dags/example_dag_decorator.py
[2025-02-10T10:44:15.577+0000] {logging_mixin.py:188} INFO - [2025-02-10T10:44:15.577+0000] {dag.py:3036} INFO - Sync 1 DAGs
[2025-02-10T10:44:15.641+0000] {logging_mixin.py:188} INFO - [2025-02-10T10:44:15.641+0000] {dag.py:3823} INFO - Setting next_dagrun for example_dag_decorator to None, run_after=None
[2025-02-10T10:44:15.710+0000] {processor.py:183} INFO - Processing /home/airflow/.local/lib/python3.8/site-packages/airflow/example_dags/example_dag_decorator.py took 0.604 seconds
[2025-02-10T10:44:46.310+0000] {processor.py:161} INFO - Started process (PID=3458) to work on /home/airflow/.local/lib/python3.8/site-packages/airflow/example_dags/example_dag_decorator.py
[2025-02-10T10:44:46.311+0000] {processor.py:830} INFO - Processing file /home/airflow/.local/lib/python3.8/site-packages/airflow/example_dags/example_dag_decorator.py for tasks to queue
[2025-02-10T10:44:46.315+0000] {logging_mixin.py:188} INFO - [2025-02-10T10:44:46.314+0000] {dagbag.py:538} INFO - Filling up the DagBag from /home/airflow/.local/lib/python3.8/site-packages/airflow/example_dags/example_dag_decorator.py
[2025-02-10T10:44:46.975+0000] {processor.py:840} INFO - DAG(s) 'example_dag_decorator' retrieved from /home/airflow/.local/lib/python3.8/site-packages/airflow/example_dags/example_dag_decorator.py
[2025-02-10T10:44:47.279+0000] {logging_mixin.py:188} INFO - [2025-02-10T10:44:47.279+0000] {dag.py:3036} INFO - Sync 1 DAGs
[2025-02-10T10:44:47.304+0000] {logging_mixin.py:188} INFO - [2025-02-10T10:44:47.304+0000] {dag.py:3823} INFO - Setting next_dagrun for example_dag_decorator to None, run_after=None
[2025-02-10T10:44:47.347+0000] {processor.py:183} INFO - Processing /home/airflow/.local/lib/python3.8/site-packages/airflow/example_dags/example_dag_decorator.py took 1.043 seconds
