[2025-02-10T10:18:50.861+0000] {processor.py:161} INFO - Started process (PID=112) to work on /home/airflow/.local/lib/python3.8/site-packages/airflow/example_dags/example_branch_day_of_week_operator.py
[2025-02-10T10:18:50.863+0000] {processor.py:830} INFO - Processing file /home/airflow/.local/lib/python3.8/site-packages/airflow/example_dags/example_branch_day_of_week_operator.py for tasks to queue
[2025-02-10T10:18:50.867+0000] {logging_mixin.py:188} INFO - [2025-02-10T10:18:50.866+0000] {dagbag.py:538} INFO - Filling up the DagBag from /home/airflow/.local/lib/python3.8/site-packages/airflow/example_dags/example_branch_day_of_week_operator.py
[2025-02-10T10:18:50.897+0000] {processor.py:840} INFO - DAG(s) 'example_weekday_branch_operator' retrieved from /home/airflow/.local/lib/python3.8/site-packages/airflow/example_dags/example_branch_day_of_week_operator.py
[2025-02-10T10:18:51.529+0000] {logging_mixin.py:188} INFO - [2025-02-10T10:18:51.528+0000] {dag.py:3036} INFO - Sync 1 DAGs
[2025-02-10T10:18:51.819+0000] {logging_mixin.py:188} INFO - [2025-02-10T10:18:51.818+0000] {dag.py:3823} INFO - Setting next_dagrun for example_weekday_branch_operator to 2025-02-09 00:00:00+00:00, run_after=2025-02-10 00:00:00+00:00
[2025-02-10T10:18:51.944+0000] {processor.py:183} INFO - Processing /home/airflow/.local/lib/python3.8/site-packages/airflow/example_dags/example_branch_day_of_week_operator.py took 1.113 seconds
[2025-02-10T10:19:22.299+0000] {processor.py:161} INFO - Started process (PID=177) to work on /home/airflow/.local/lib/python3.8/site-packages/airflow/example_dags/example_branch_day_of_week_operator.py
[2025-02-10T10:19:22.302+0000] {processor.py:830} INFO - Processing file /home/airflow/.local/lib/python3.8/site-packages/airflow/example_dags/example_branch_day_of_week_operator.py for tasks to queue
[2025-02-10T10:19:22.307+0000] {logging_mixin.py:188} INFO - [2025-02-10T10:19:22.307+0000] {dagbag.py:538} INFO - Filling up the DagBag from /home/airflow/.local/lib/python3.8/site-packages/airflow/example_dags/example_branch_day_of_week_operator.py
[2025-02-10T10:19:22.339+0000] {processor.py:840} INFO - DAG(s) 'example_weekday_branch_operator' retrieved from /home/airflow/.local/lib/python3.8/site-packages/airflow/example_dags/example_branch_day_of_week_operator.py
[2025-02-10T10:19:22.445+0000] {logging_mixin.py:188} INFO - [2025-02-10T10:19:22.444+0000] {dag.py:3036} INFO - Sync 1 DAGs
[2025-02-10T10:19:22.531+0000] {logging_mixin.py:188} INFO - [2025-02-10T10:19:22.530+0000] {dag.py:3823} INFO - Setting next_dagrun for example_weekday_branch_operator to 2025-02-09 00:00:00+00:00, run_after=2025-02-10 00:00:00+00:00
[2025-02-10T10:19:22.604+0000] {processor.py:183} INFO - Processing /home/airflow/.local/lib/python3.8/site-packages/airflow/example_dags/example_branch_day_of_week_operator.py took 0.317 seconds
[2025-02-10T10:19:52.750+0000] {processor.py:161} INFO - Started process (PID=241) to work on /home/airflow/.local/lib/python3.8/site-packages/airflow/example_dags/example_branch_day_of_week_operator.py
[2025-02-10T10:19:52.756+0000] {processor.py:830} INFO - Processing file /home/airflow/.local/lib/python3.8/site-packages/airflow/example_dags/example_branch_day_of_week_operator.py for tasks to queue
[2025-02-10T10:19:52.780+0000] {logging_mixin.py:188} INFO - [2025-02-10T10:19:52.773+0000] {dagbag.py:538} INFO - Filling up the DagBag from /home/airflow/.local/lib/python3.8/site-packages/airflow/example_dags/example_branch_day_of_week_operator.py
[2025-02-10T10:19:52.812+0000] {processor.py:840} INFO - DAG(s) 'example_weekday_branch_operator' retrieved from /home/airflow/.local/lib/python3.8/site-packages/airflow/example_dags/example_branch_day_of_week_operator.py
[2025-02-10T10:19:52.973+0000] {logging_mixin.py:188} INFO - [2025-02-10T10:19:52.972+0000] {dag.py:3036} INFO - Sync 1 DAGs
[2025-02-10T10:19:53.059+0000] {logging_mixin.py:188} INFO - [2025-02-10T10:19:53.058+0000] {dag.py:3823} INFO - Setting next_dagrun for example_weekday_branch_operator to 2025-02-09 00:00:00+00:00, run_after=2025-02-10 00:00:00+00:00
[2025-02-10T10:19:53.137+0000] {processor.py:183} INFO - Processing /home/airflow/.local/lib/python3.8/site-packages/airflow/example_dags/example_branch_day_of_week_operator.py took 0.398 seconds
[2025-02-10T10:20:23.215+0000] {processor.py:161} INFO - Started process (PID=298) to work on /home/airflow/.local/lib/python3.8/site-packages/airflow/example_dags/example_branch_day_of_week_operator.py
[2025-02-10T10:20:23.216+0000] {processor.py:830} INFO - Processing file /home/airflow/.local/lib/python3.8/site-packages/airflow/example_dags/example_branch_day_of_week_operator.py for tasks to queue
[2025-02-10T10:20:23.219+0000] {logging_mixin.py:188} INFO - [2025-02-10T10:20:23.218+0000] {dagbag.py:538} INFO - Filling up the DagBag from /home/airflow/.local/lib/python3.8/site-packages/airflow/example_dags/example_branch_day_of_week_operator.py
[2025-02-10T10:20:23.233+0000] {processor.py:840} INFO - DAG(s) 'example_weekday_branch_operator' retrieved from /home/airflow/.local/lib/python3.8/site-packages/airflow/example_dags/example_branch_day_of_week_operator.py
[2025-02-10T10:20:23.273+0000] {logging_mixin.py:188} INFO - [2025-02-10T10:20:23.272+0000] {dag.py:3036} INFO - Sync 1 DAGs
[2025-02-10T10:20:23.327+0000] {logging_mixin.py:188} INFO - [2025-02-10T10:20:23.326+0000] {dag.py:3823} INFO - Setting next_dagrun for example_weekday_branch_operator to 2025-02-09 00:00:00+00:00, run_after=2025-02-10 00:00:00+00:00
[2025-02-10T10:20:23.369+0000] {processor.py:183} INFO - Processing /home/airflow/.local/lib/python3.8/site-packages/airflow/example_dags/example_branch_day_of_week_operator.py took 0.161 seconds
[2025-02-10T10:20:53.998+0000] {processor.py:161} INFO - Started process (PID=362) to work on /home/airflow/.local/lib/python3.8/site-packages/airflow/example_dags/example_branch_day_of_week_operator.py
[2025-02-10T10:20:54.000+0000] {processor.py:830} INFO - Processing file /home/airflow/.local/lib/python3.8/site-packages/airflow/example_dags/example_branch_day_of_week_operator.py for tasks to queue
[2025-02-10T10:20:54.007+0000] {logging_mixin.py:188} INFO - [2025-02-10T10:20:54.006+0000] {dagbag.py:538} INFO - Filling up the DagBag from /home/airflow/.local/lib/python3.8/site-packages/airflow/example_dags/example_branch_day_of_week_operator.py
[2025-02-10T10:20:54.048+0000] {processor.py:840} INFO - DAG(s) 'example_weekday_branch_operator' retrieved from /home/airflow/.local/lib/python3.8/site-packages/airflow/example_dags/example_branch_day_of_week_operator.py
[2025-02-10T10:20:54.140+0000] {logging_mixin.py:188} INFO - [2025-02-10T10:20:54.139+0000] {dag.py:3036} INFO - Sync 1 DAGs
[2025-02-10T10:20:54.232+0000] {logging_mixin.py:188} INFO - [2025-02-10T10:20:54.230+0000] {dag.py:3823} INFO - Setting next_dagrun for example_weekday_branch_operator to 2025-02-09 00:00:00+00:00, run_after=2025-02-10 00:00:00+00:00
[2025-02-10T10:20:54.280+0000] {processor.py:183} INFO - Processing /home/airflow/.local/lib/python3.8/site-packages/airflow/example_dags/example_branch_day_of_week_operator.py took 0.290 seconds
[2025-02-10T10:21:24.863+0000] {processor.py:161} INFO - Started process (PID=426) to work on /home/airflow/.local/lib/python3.8/site-packages/airflow/example_dags/example_branch_day_of_week_operator.py
[2025-02-10T10:21:24.865+0000] {processor.py:830} INFO - Processing file /home/airflow/.local/lib/python3.8/site-packages/airflow/example_dags/example_branch_day_of_week_operator.py for tasks to queue
[2025-02-10T10:21:24.870+0000] {logging_mixin.py:188} INFO - [2025-02-10T10:21:24.869+0000] {dagbag.py:538} INFO - Filling up the DagBag from /home/airflow/.local/lib/python3.8/site-packages/airflow/example_dags/example_branch_day_of_week_operator.py
[2025-02-10T10:21:24.896+0000] {processor.py:840} INFO - DAG(s) 'example_weekday_branch_operator' retrieved from /home/airflow/.local/lib/python3.8/site-packages/airflow/example_dags/example_branch_day_of_week_operator.py
[2025-02-10T10:21:24.976+0000] {logging_mixin.py:188} INFO - [2025-02-10T10:21:24.974+0000] {dag.py:3036} INFO - Sync 1 DAGs
[2025-02-10T10:21:25.066+0000] {logging_mixin.py:188} INFO - [2025-02-10T10:21:25.063+0000] {dag.py:3823} INFO - Setting next_dagrun for example_weekday_branch_operator to 2025-02-09 00:00:00+00:00, run_after=2025-02-10 00:00:00+00:00
[2025-02-10T10:21:25.179+0000] {processor.py:183} INFO - Processing /home/airflow/.local/lib/python3.8/site-packages/airflow/example_dags/example_branch_day_of_week_operator.py took 0.322 seconds
[2025-02-10T10:21:55.302+0000] {processor.py:161} INFO - Started process (PID=483) to work on /home/airflow/.local/lib/python3.8/site-packages/airflow/example_dags/example_branch_day_of_week_operator.py
[2025-02-10T10:21:55.308+0000] {processor.py:830} INFO - Processing file /home/airflow/.local/lib/python3.8/site-packages/airflow/example_dags/example_branch_day_of_week_operator.py for tasks to queue
[2025-02-10T10:21:55.314+0000] {logging_mixin.py:188} INFO - [2025-02-10T10:21:55.313+0000] {dagbag.py:538} INFO - Filling up the DagBag from /home/airflow/.local/lib/python3.8/site-packages/airflow/example_dags/example_branch_day_of_week_operator.py
[2025-02-10T10:21:55.333+0000] {processor.py:840} INFO - DAG(s) 'example_weekday_branch_operator' retrieved from /home/airflow/.local/lib/python3.8/site-packages/airflow/example_dags/example_branch_day_of_week_operator.py
[2025-02-10T10:21:55.409+0000] {logging_mixin.py:188} INFO - [2025-02-10T10:21:55.400+0000] {dag.py:3036} INFO - Sync 1 DAGs
[2025-02-10T10:21:55.506+0000] {logging_mixin.py:188} INFO - [2025-02-10T10:21:55.505+0000] {dag.py:3823} INFO - Setting next_dagrun for example_weekday_branch_operator to 2025-02-09 00:00:00+00:00, run_after=2025-02-10 00:00:00+00:00
[2025-02-10T10:21:55.594+0000] {processor.py:183} INFO - Processing /home/airflow/.local/lib/python3.8/site-packages/airflow/example_dags/example_branch_day_of_week_operator.py took 0.299 seconds
[2025-02-10T10:22:26.055+0000] {processor.py:161} INFO - Started process (PID=548) to work on /home/airflow/.local/lib/python3.8/site-packages/airflow/example_dags/example_branch_day_of_week_operator.py
[2025-02-10T10:22:26.061+0000] {processor.py:830} INFO - Processing file /home/airflow/.local/lib/python3.8/site-packages/airflow/example_dags/example_branch_day_of_week_operator.py for tasks to queue
[2025-02-10T10:22:26.068+0000] {logging_mixin.py:188} INFO - [2025-02-10T10:22:26.067+0000] {dagbag.py:538} INFO - Filling up the DagBag from /home/airflow/.local/lib/python3.8/site-packages/airflow/example_dags/example_branch_day_of_week_operator.py
[2025-02-10T10:22:26.115+0000] {processor.py:840} INFO - DAG(s) 'example_weekday_branch_operator' retrieved from /home/airflow/.local/lib/python3.8/site-packages/airflow/example_dags/example_branch_day_of_week_operator.py
[2025-02-10T10:22:26.209+0000] {logging_mixin.py:188} INFO - [2025-02-10T10:22:26.209+0000] {dag.py:3036} INFO - Sync 1 DAGs
[2025-02-10T10:22:26.330+0000] {logging_mixin.py:188} INFO - [2025-02-10T10:22:26.329+0000] {dag.py:3823} INFO - Setting next_dagrun for example_weekday_branch_operator to 2025-02-09 00:00:00+00:00, run_after=2025-02-10 00:00:00+00:00
[2025-02-10T10:22:26.410+0000] {processor.py:183} INFO - Processing /home/airflow/.local/lib/python3.8/site-packages/airflow/example_dags/example_branch_day_of_week_operator.py took 0.365 seconds
[2025-02-10T10:22:56.658+0000] {processor.py:161} INFO - Started process (PID=613) to work on /home/airflow/.local/lib/python3.8/site-packages/airflow/example_dags/example_branch_day_of_week_operator.py
[2025-02-10T10:22:56.660+0000] {processor.py:830} INFO - Processing file /home/airflow/.local/lib/python3.8/site-packages/airflow/example_dags/example_branch_day_of_week_operator.py for tasks to queue
[2025-02-10T10:22:56.668+0000] {logging_mixin.py:188} INFO - [2025-02-10T10:22:56.667+0000] {dagbag.py:538} INFO - Filling up the DagBag from /home/airflow/.local/lib/python3.8/site-packages/airflow/example_dags/example_branch_day_of_week_operator.py
[2025-02-10T10:22:56.688+0000] {processor.py:840} INFO - DAG(s) 'example_weekday_branch_operator' retrieved from /home/airflow/.local/lib/python3.8/site-packages/airflow/example_dags/example_branch_day_of_week_operator.py
[2025-02-10T10:22:56.736+0000] {logging_mixin.py:188} INFO - [2025-02-10T10:22:56.736+0000] {dag.py:3036} INFO - Sync 1 DAGs
[2025-02-10T10:22:56.799+0000] {logging_mixin.py:188} INFO - [2025-02-10T10:22:56.798+0000] {dag.py:3823} INFO - Setting next_dagrun for example_weekday_branch_operator to 2025-02-09 00:00:00+00:00, run_after=2025-02-10 00:00:00+00:00
[2025-02-10T10:22:56.851+0000] {processor.py:183} INFO - Processing /home/airflow/.local/lib/python3.8/site-packages/airflow/example_dags/example_branch_day_of_week_operator.py took 0.202 seconds
[2025-02-10T10:23:27.654+0000] {processor.py:161} INFO - Started process (PID=678) to work on /home/airflow/.local/lib/python3.8/site-packages/airflow/example_dags/example_branch_day_of_week_operator.py
[2025-02-10T10:23:27.657+0000] {processor.py:830} INFO - Processing file /home/airflow/.local/lib/python3.8/site-packages/airflow/example_dags/example_branch_day_of_week_operator.py for tasks to queue
[2025-02-10T10:23:27.662+0000] {logging_mixin.py:188} INFO - [2025-02-10T10:23:27.662+0000] {dagbag.py:538} INFO - Filling up the DagBag from /home/airflow/.local/lib/python3.8/site-packages/airflow/example_dags/example_branch_day_of_week_operator.py
[2025-02-10T10:23:27.674+0000] {processor.py:840} INFO - DAG(s) 'example_weekday_branch_operator' retrieved from /home/airflow/.local/lib/python3.8/site-packages/airflow/example_dags/example_branch_day_of_week_operator.py
[2025-02-10T10:23:27.711+0000] {logging_mixin.py:188} INFO - [2025-02-10T10:23:27.711+0000] {dag.py:3036} INFO - Sync 1 DAGs
[2025-02-10T10:23:27.747+0000] {logging_mixin.py:188} INFO - [2025-02-10T10:23:27.747+0000] {dag.py:3823} INFO - Setting next_dagrun for example_weekday_branch_operator to 2025-02-09 00:00:00+00:00, run_after=2025-02-10 00:00:00+00:00
[2025-02-10T10:23:27.780+0000] {processor.py:183} INFO - Processing /home/airflow/.local/lib/python3.8/site-packages/airflow/example_dags/example_branch_day_of_week_operator.py took 0.131 seconds
[2025-02-10T10:23:58.187+0000] {processor.py:161} INFO - Started process (PID=743) to work on /home/airflow/.local/lib/python3.8/site-packages/airflow/example_dags/example_branch_day_of_week_operator.py
[2025-02-10T10:23:58.189+0000] {processor.py:830} INFO - Processing file /home/airflow/.local/lib/python3.8/site-packages/airflow/example_dags/example_branch_day_of_week_operator.py for tasks to queue
[2025-02-10T10:23:58.191+0000] {logging_mixin.py:188} INFO - [2025-02-10T10:23:58.191+0000] {dagbag.py:538} INFO - Filling up the DagBag from /home/airflow/.local/lib/python3.8/site-packages/airflow/example_dags/example_branch_day_of_week_operator.py
[2025-02-10T10:23:58.204+0000] {processor.py:840} INFO - DAG(s) 'example_weekday_branch_operator' retrieved from /home/airflow/.local/lib/python3.8/site-packages/airflow/example_dags/example_branch_day_of_week_operator.py
[2025-02-10T10:23:58.243+0000] {logging_mixin.py:188} INFO - [2025-02-10T10:23:58.243+0000] {dag.py:3036} INFO - Sync 1 DAGs
[2025-02-10T10:23:58.278+0000] {logging_mixin.py:188} INFO - [2025-02-10T10:23:58.278+0000] {dag.py:3823} INFO - Setting next_dagrun for example_weekday_branch_operator to 2025-02-09 00:00:00+00:00, run_after=2025-02-10 00:00:00+00:00
[2025-02-10T10:23:58.314+0000] {processor.py:183} INFO - Processing /home/airflow/.local/lib/python3.8/site-packages/airflow/example_dags/example_branch_day_of_week_operator.py took 0.132 seconds
[2025-02-10T10:24:28.911+0000] {processor.py:161} INFO - Started process (PID=816) to work on /home/airflow/.local/lib/python3.8/site-packages/airflow/example_dags/example_branch_day_of_week_operator.py
[2025-02-10T10:24:28.912+0000] {processor.py:830} INFO - Processing file /home/airflow/.local/lib/python3.8/site-packages/airflow/example_dags/example_branch_day_of_week_operator.py for tasks to queue
[2025-02-10T10:24:28.915+0000] {logging_mixin.py:188} INFO - [2025-02-10T10:24:28.915+0000] {dagbag.py:538} INFO - Filling up the DagBag from /home/airflow/.local/lib/python3.8/site-packages/airflow/example_dags/example_branch_day_of_week_operator.py
[2025-02-10T10:24:28.928+0000] {processor.py:840} INFO - DAG(s) 'example_weekday_branch_operator' retrieved from /home/airflow/.local/lib/python3.8/site-packages/airflow/example_dags/example_branch_day_of_week_operator.py
[2025-02-10T10:24:28.970+0000] {logging_mixin.py:188} INFO - [2025-02-10T10:24:28.970+0000] {dag.py:3036} INFO - Sync 1 DAGs
[2025-02-10T10:24:29.007+0000] {logging_mixin.py:188} INFO - [2025-02-10T10:24:29.007+0000] {dag.py:3823} INFO - Setting next_dagrun for example_weekday_branch_operator to 2025-02-09 00:00:00+00:00, run_after=2025-02-10 00:00:00+00:00
[2025-02-10T10:24:29.046+0000] {processor.py:183} INFO - Processing /home/airflow/.local/lib/python3.8/site-packages/airflow/example_dags/example_branch_day_of_week_operator.py took 0.141 seconds
[2025-02-10T10:24:59.590+0000] {processor.py:161} INFO - Started process (PID=881) to work on /home/airflow/.local/lib/python3.8/site-packages/airflow/example_dags/example_branch_day_of_week_operator.py
[2025-02-10T10:24:59.593+0000] {processor.py:830} INFO - Processing file /home/airflow/.local/lib/python3.8/site-packages/airflow/example_dags/example_branch_day_of_week_operator.py for tasks to queue
[2025-02-10T10:24:59.599+0000] {logging_mixin.py:188} INFO - [2025-02-10T10:24:59.598+0000] {dagbag.py:538} INFO - Filling up the DagBag from /home/airflow/.local/lib/python3.8/site-packages/airflow/example_dags/example_branch_day_of_week_operator.py
[2025-02-10T10:24:59.619+0000] {processor.py:840} INFO - DAG(s) 'example_weekday_branch_operator' retrieved from /home/airflow/.local/lib/python3.8/site-packages/airflow/example_dags/example_branch_day_of_week_operator.py
[2025-02-10T10:24:59.667+0000] {logging_mixin.py:188} INFO - [2025-02-10T10:24:59.667+0000] {dag.py:3036} INFO - Sync 1 DAGs
[2025-02-10T10:24:59.715+0000] {logging_mixin.py:188} INFO - [2025-02-10T10:24:59.715+0000] {dag.py:3823} INFO - Setting next_dagrun for example_weekday_branch_operator to 2025-02-09 00:00:00+00:00, run_after=2025-02-10 00:00:00+00:00
[2025-02-10T10:24:59.759+0000] {processor.py:183} INFO - Processing /home/airflow/.local/lib/python3.8/site-packages/airflow/example_dags/example_branch_day_of_week_operator.py took 0.175 seconds
[2025-02-10T10:25:30.654+0000] {processor.py:161} INFO - Started process (PID=945) to work on /home/airflow/.local/lib/python3.8/site-packages/airflow/example_dags/example_branch_day_of_week_operator.py
[2025-02-10T10:25:30.656+0000] {processor.py:830} INFO - Processing file /home/airflow/.local/lib/python3.8/site-packages/airflow/example_dags/example_branch_day_of_week_operator.py for tasks to queue
[2025-02-10T10:25:30.660+0000] {logging_mixin.py:188} INFO - [2025-02-10T10:25:30.659+0000] {dagbag.py:538} INFO - Filling up the DagBag from /home/airflow/.local/lib/python3.8/site-packages/airflow/example_dags/example_branch_day_of_week_operator.py
[2025-02-10T10:25:30.677+0000] {processor.py:840} INFO - DAG(s) 'example_weekday_branch_operator' retrieved from /home/airflow/.local/lib/python3.8/site-packages/airflow/example_dags/example_branch_day_of_week_operator.py
[2025-02-10T10:25:30.716+0000] {logging_mixin.py:188} INFO - [2025-02-10T10:25:30.716+0000] {dag.py:3036} INFO - Sync 1 DAGs
[2025-02-10T10:25:30.754+0000] {logging_mixin.py:188} INFO - [2025-02-10T10:25:30.754+0000] {dag.py:3823} INFO - Setting next_dagrun for example_weekday_branch_operator to 2025-02-09 00:00:00+00:00, run_after=2025-02-10 00:00:00+00:00
[2025-02-10T10:25:30.791+0000] {processor.py:183} INFO - Processing /home/airflow/.local/lib/python3.8/site-packages/airflow/example_dags/example_branch_day_of_week_operator.py took 0.142 seconds
[2025-02-10T10:26:01.355+0000] {processor.py:161} INFO - Started process (PID=1018) to work on /home/airflow/.local/lib/python3.8/site-packages/airflow/example_dags/example_branch_day_of_week_operator.py
[2025-02-10T10:26:01.357+0000] {processor.py:830} INFO - Processing file /home/airflow/.local/lib/python3.8/site-packages/airflow/example_dags/example_branch_day_of_week_operator.py for tasks to queue
[2025-02-10T10:26:01.363+0000] {logging_mixin.py:188} INFO - [2025-02-10T10:26:01.363+0000] {dagbag.py:538} INFO - Filling up the DagBag from /home/airflow/.local/lib/python3.8/site-packages/airflow/example_dags/example_branch_day_of_week_operator.py
[2025-02-10T10:26:01.377+0000] {processor.py:840} INFO - DAG(s) 'example_weekday_branch_operator' retrieved from /home/airflow/.local/lib/python3.8/site-packages/airflow/example_dags/example_branch_day_of_week_operator.py
[2025-02-10T10:26:01.437+0000] {logging_mixin.py:188} INFO - [2025-02-10T10:26:01.437+0000] {dag.py:3036} INFO - Sync 1 DAGs
[2025-02-10T10:26:01.475+0000] {logging_mixin.py:188} INFO - [2025-02-10T10:26:01.474+0000] {dag.py:3823} INFO - Setting next_dagrun for example_weekday_branch_operator to 2025-02-09 00:00:00+00:00, run_after=2025-02-10 00:00:00+00:00
[2025-02-10T10:26:01.511+0000] {processor.py:183} INFO - Processing /home/airflow/.local/lib/python3.8/site-packages/airflow/example_dags/example_branch_day_of_week_operator.py took 0.163 seconds
[2025-02-10T10:26:31.851+0000] {processor.py:161} INFO - Started process (PID=1082) to work on /home/airflow/.local/lib/python3.8/site-packages/airflow/example_dags/example_branch_day_of_week_operator.py
[2025-02-10T10:26:31.853+0000] {processor.py:830} INFO - Processing file /home/airflow/.local/lib/python3.8/site-packages/airflow/example_dags/example_branch_day_of_week_operator.py for tasks to queue
[2025-02-10T10:26:31.855+0000] {logging_mixin.py:188} INFO - [2025-02-10T10:26:31.855+0000] {dagbag.py:538} INFO - Filling up the DagBag from /home/airflow/.local/lib/python3.8/site-packages/airflow/example_dags/example_branch_day_of_week_operator.py
[2025-02-10T10:26:31.866+0000] {processor.py:840} INFO - DAG(s) 'example_weekday_branch_operator' retrieved from /home/airflow/.local/lib/python3.8/site-packages/airflow/example_dags/example_branch_day_of_week_operator.py
[2025-02-10T10:26:31.899+0000] {logging_mixin.py:188} INFO - [2025-02-10T10:26:31.899+0000] {dag.py:3036} INFO - Sync 1 DAGs
[2025-02-10T10:26:31.932+0000] {logging_mixin.py:188} INFO - [2025-02-10T10:26:31.932+0000] {dag.py:3823} INFO - Setting next_dagrun for example_weekday_branch_operator to 2025-02-09 00:00:00+00:00, run_after=2025-02-10 00:00:00+00:00
[2025-02-10T10:26:31.963+0000] {processor.py:183} INFO - Processing /home/airflow/.local/lib/python3.8/site-packages/airflow/example_dags/example_branch_day_of_week_operator.py took 0.117 seconds
[2025-02-10T10:27:02.458+0000] {processor.py:161} INFO - Started process (PID=1146) to work on /home/airflow/.local/lib/python3.8/site-packages/airflow/example_dags/example_branch_day_of_week_operator.py
[2025-02-10T10:27:02.459+0000] {processor.py:830} INFO - Processing file /home/airflow/.local/lib/python3.8/site-packages/airflow/example_dags/example_branch_day_of_week_operator.py for tasks to queue
[2025-02-10T10:27:02.463+0000] {logging_mixin.py:188} INFO - [2025-02-10T10:27:02.463+0000] {dagbag.py:538} INFO - Filling up the DagBag from /home/airflow/.local/lib/python3.8/site-packages/airflow/example_dags/example_branch_day_of_week_operator.py
[2025-02-10T10:27:02.475+0000] {processor.py:840} INFO - DAG(s) 'example_weekday_branch_operator' retrieved from /home/airflow/.local/lib/python3.8/site-packages/airflow/example_dags/example_branch_day_of_week_operator.py
[2025-02-10T10:27:02.514+0000] {logging_mixin.py:188} INFO - [2025-02-10T10:27:02.514+0000] {dag.py:3036} INFO - Sync 1 DAGs
[2025-02-10T10:27:02.547+0000] {logging_mixin.py:188} INFO - [2025-02-10T10:27:02.546+0000] {dag.py:3823} INFO - Setting next_dagrun for example_weekday_branch_operator to 2025-02-09 00:00:00+00:00, run_after=2025-02-10 00:00:00+00:00
[2025-02-10T10:27:02.578+0000] {processor.py:183} INFO - Processing /home/airflow/.local/lib/python3.8/site-packages/airflow/example_dags/example_branch_day_of_week_operator.py took 0.126 seconds
[2025-02-10T10:27:33.206+0000] {processor.py:161} INFO - Started process (PID=1218) to work on /home/airflow/.local/lib/python3.8/site-packages/airflow/example_dags/example_branch_day_of_week_operator.py
[2025-02-10T10:27:33.207+0000] {processor.py:830} INFO - Processing file /home/airflow/.local/lib/python3.8/site-packages/airflow/example_dags/example_branch_day_of_week_operator.py for tasks to queue
[2025-02-10T10:27:33.212+0000] {logging_mixin.py:188} INFO - [2025-02-10T10:27:33.212+0000] {dagbag.py:538} INFO - Filling up the DagBag from /home/airflow/.local/lib/python3.8/site-packages/airflow/example_dags/example_branch_day_of_week_operator.py
[2025-02-10T10:27:33.233+0000] {processor.py:840} INFO - DAG(s) 'example_weekday_branch_operator' retrieved from /home/airflow/.local/lib/python3.8/site-packages/airflow/example_dags/example_branch_day_of_week_operator.py
[2025-02-10T10:27:33.286+0000] {logging_mixin.py:188} INFO - [2025-02-10T10:27:33.283+0000] {dag.py:3036} INFO - Sync 1 DAGs
[2025-02-10T10:27:33.342+0000] {logging_mixin.py:188} INFO - [2025-02-10T10:27:33.342+0000] {dag.py:3823} INFO - Setting next_dagrun for example_weekday_branch_operator to 2025-02-09 00:00:00+00:00, run_after=2025-02-10 00:00:00+00:00
[2025-02-10T10:27:33.398+0000] {processor.py:183} INFO - Processing /home/airflow/.local/lib/python3.8/site-packages/airflow/example_dags/example_branch_day_of_week_operator.py took 0.200 seconds
[2025-02-10T10:28:03.733+0000] {processor.py:161} INFO - Started process (PID=1282) to work on /home/airflow/.local/lib/python3.8/site-packages/airflow/example_dags/example_branch_day_of_week_operator.py
[2025-02-10T10:28:03.735+0000] {processor.py:830} INFO - Processing file /home/airflow/.local/lib/python3.8/site-packages/airflow/example_dags/example_branch_day_of_week_operator.py for tasks to queue
[2025-02-10T10:28:03.741+0000] {logging_mixin.py:188} INFO - [2025-02-10T10:28:03.740+0000] {dagbag.py:538} INFO - Filling up the DagBag from /home/airflow/.local/lib/python3.8/site-packages/airflow/example_dags/example_branch_day_of_week_operator.py
[2025-02-10T10:28:03.757+0000] {processor.py:840} INFO - DAG(s) 'example_weekday_branch_operator' retrieved from /home/airflow/.local/lib/python3.8/site-packages/airflow/example_dags/example_branch_day_of_week_operator.py
[2025-02-10T10:28:03.810+0000] {logging_mixin.py:188} INFO - [2025-02-10T10:28:03.809+0000] {dag.py:3036} INFO - Sync 1 DAGs
[2025-02-10T10:28:03.877+0000] {logging_mixin.py:188} INFO - [2025-02-10T10:28:03.876+0000] {dag.py:3823} INFO - Setting next_dagrun for example_weekday_branch_operator to 2025-02-09 00:00:00+00:00, run_after=2025-02-10 00:00:00+00:00
[2025-02-10T10:28:03.919+0000] {processor.py:183} INFO - Processing /home/airflow/.local/lib/python3.8/site-packages/airflow/example_dags/example_branch_day_of_week_operator.py took 0.192 seconds
[2025-02-10T10:28:34.053+0000] {processor.py:161} INFO - Started process (PID=1347) to work on /home/airflow/.local/lib/python3.8/site-packages/airflow/example_dags/example_branch_day_of_week_operator.py
[2025-02-10T10:28:34.056+0000] {processor.py:830} INFO - Processing file /home/airflow/.local/lib/python3.8/site-packages/airflow/example_dags/example_branch_day_of_week_operator.py for tasks to queue
[2025-02-10T10:28:34.058+0000] {logging_mixin.py:188} INFO - [2025-02-10T10:28:34.058+0000] {dagbag.py:538} INFO - Filling up the DagBag from /home/airflow/.local/lib/python3.8/site-packages/airflow/example_dags/example_branch_day_of_week_operator.py
[2025-02-10T10:28:34.068+0000] {processor.py:840} INFO - DAG(s) 'example_weekday_branch_operator' retrieved from /home/airflow/.local/lib/python3.8/site-packages/airflow/example_dags/example_branch_day_of_week_operator.py
[2025-02-10T10:28:34.104+0000] {logging_mixin.py:188} INFO - [2025-02-10T10:28:34.103+0000] {dag.py:3036} INFO - Sync 1 DAGs
[2025-02-10T10:28:34.136+0000] {logging_mixin.py:188} INFO - [2025-02-10T10:28:34.135+0000] {dag.py:3823} INFO - Setting next_dagrun for example_weekday_branch_operator to 2025-02-09 00:00:00+00:00, run_after=2025-02-10 00:00:00+00:00
[2025-02-10T10:28:34.165+0000] {processor.py:183} INFO - Processing /home/airflow/.local/lib/python3.8/site-packages/airflow/example_dags/example_branch_day_of_week_operator.py took 0.118 seconds
[2025-02-10T10:29:04.467+0000] {processor.py:161} INFO - Started process (PID=1412) to work on /home/airflow/.local/lib/python3.8/site-packages/airflow/example_dags/example_branch_day_of_week_operator.py
[2025-02-10T10:29:04.469+0000] {processor.py:830} INFO - Processing file /home/airflow/.local/lib/python3.8/site-packages/airflow/example_dags/example_branch_day_of_week_operator.py for tasks to queue
[2025-02-10T10:29:04.474+0000] {logging_mixin.py:188} INFO - [2025-02-10T10:29:04.474+0000] {dagbag.py:538} INFO - Filling up the DagBag from /home/airflow/.local/lib/python3.8/site-packages/airflow/example_dags/example_branch_day_of_week_operator.py
[2025-02-10T10:29:04.489+0000] {processor.py:840} INFO - DAG(s) 'example_weekday_branch_operator' retrieved from /home/airflow/.local/lib/python3.8/site-packages/airflow/example_dags/example_branch_day_of_week_operator.py
[2025-02-10T10:29:04.534+0000] {logging_mixin.py:188} INFO - [2025-02-10T10:29:04.534+0000] {dag.py:3036} INFO - Sync 1 DAGs
[2025-02-10T10:29:04.595+0000] {logging_mixin.py:188} INFO - [2025-02-10T10:29:04.594+0000] {dag.py:3823} INFO - Setting next_dagrun for example_weekday_branch_operator to 2025-02-09 00:00:00+00:00, run_after=2025-02-10 00:00:00+00:00
[2025-02-10T10:29:04.640+0000] {processor.py:183} INFO - Processing /home/airflow/.local/lib/python3.8/site-packages/airflow/example_dags/example_branch_day_of_week_operator.py took 0.179 seconds
[2025-02-10T10:29:34.919+0000] {processor.py:161} INFO - Started process (PID=1485) to work on /home/airflow/.local/lib/python3.8/site-packages/airflow/example_dags/example_branch_day_of_week_operator.py
[2025-02-10T10:29:34.920+0000] {processor.py:830} INFO - Processing file /home/airflow/.local/lib/python3.8/site-packages/airflow/example_dags/example_branch_day_of_week_operator.py for tasks to queue
[2025-02-10T10:29:34.923+0000] {logging_mixin.py:188} INFO - [2025-02-10T10:29:34.923+0000] {dagbag.py:538} INFO - Filling up the DagBag from /home/airflow/.local/lib/python3.8/site-packages/airflow/example_dags/example_branch_day_of_week_operator.py
[2025-02-10T10:29:34.937+0000] {processor.py:840} INFO - DAG(s) 'example_weekday_branch_operator' retrieved from /home/airflow/.local/lib/python3.8/site-packages/airflow/example_dags/example_branch_day_of_week_operator.py
[2025-02-10T10:29:34.978+0000] {logging_mixin.py:188} INFO - [2025-02-10T10:29:34.978+0000] {dag.py:3036} INFO - Sync 1 DAGs
[2025-02-10T10:29:35.022+0000] {logging_mixin.py:188} INFO - [2025-02-10T10:29:35.022+0000] {dag.py:3823} INFO - Setting next_dagrun for example_weekday_branch_operator to 2025-02-09 00:00:00+00:00, run_after=2025-02-10 00:00:00+00:00
[2025-02-10T10:29:35.064+0000] {processor.py:183} INFO - Processing /home/airflow/.local/lib/python3.8/site-packages/airflow/example_dags/example_branch_day_of_week_operator.py took 0.150 seconds
[2025-02-10T10:30:05.509+0000] {processor.py:161} INFO - Started process (PID=1550) to work on /home/airflow/.local/lib/python3.8/site-packages/airflow/example_dags/example_branch_day_of_week_operator.py
[2025-02-10T10:30:05.510+0000] {processor.py:830} INFO - Processing file /home/airflow/.local/lib/python3.8/site-packages/airflow/example_dags/example_branch_day_of_week_operator.py for tasks to queue
[2025-02-10T10:30:05.513+0000] {logging_mixin.py:188} INFO - [2025-02-10T10:30:05.512+0000] {dagbag.py:538} INFO - Filling up the DagBag from /home/airflow/.local/lib/python3.8/site-packages/airflow/example_dags/example_branch_day_of_week_operator.py
[2025-02-10T10:30:05.522+0000] {processor.py:840} INFO - DAG(s) 'example_weekday_branch_operator' retrieved from /home/airflow/.local/lib/python3.8/site-packages/airflow/example_dags/example_branch_day_of_week_operator.py
[2025-02-10T10:30:05.556+0000] {logging_mixin.py:188} INFO - [2025-02-10T10:30:05.556+0000] {dag.py:3036} INFO - Sync 1 DAGs
[2025-02-10T10:30:05.587+0000] {logging_mixin.py:188} INFO - [2025-02-10T10:30:05.586+0000] {dag.py:3823} INFO - Setting next_dagrun for example_weekday_branch_operator to 2025-02-09 00:00:00+00:00, run_after=2025-02-10 00:00:00+00:00
[2025-02-10T10:30:05.627+0000] {processor.py:183} INFO - Processing /home/airflow/.local/lib/python3.8/site-packages/airflow/example_dags/example_branch_day_of_week_operator.py took 0.124 seconds
[2025-02-10T10:30:35.879+0000] {processor.py:161} INFO - Started process (PID=1615) to work on /home/airflow/.local/lib/python3.8/site-packages/airflow/example_dags/example_branch_day_of_week_operator.py
[2025-02-10T10:30:35.881+0000] {processor.py:830} INFO - Processing file /home/airflow/.local/lib/python3.8/site-packages/airflow/example_dags/example_branch_day_of_week_operator.py for tasks to queue
[2025-02-10T10:30:35.887+0000] {logging_mixin.py:188} INFO - [2025-02-10T10:30:35.886+0000] {dagbag.py:538} INFO - Filling up the DagBag from /home/airflow/.local/lib/python3.8/site-packages/airflow/example_dags/example_branch_day_of_week_operator.py
[2025-02-10T10:30:35.911+0000] {processor.py:840} INFO - DAG(s) 'example_weekday_branch_operator' retrieved from /home/airflow/.local/lib/python3.8/site-packages/airflow/example_dags/example_branch_day_of_week_operator.py
[2025-02-10T10:30:35.980+0000] {logging_mixin.py:188} INFO - [2025-02-10T10:30:35.978+0000] {dag.py:3036} INFO - Sync 1 DAGs
[2025-02-10T10:30:36.062+0000] {logging_mixin.py:188} INFO - [2025-02-10T10:30:36.059+0000] {dag.py:3823} INFO - Setting next_dagrun for example_weekday_branch_operator to 2025-02-09 00:00:00+00:00, run_after=2025-02-10 00:00:00+00:00
[2025-02-10T10:30:36.137+0000] {processor.py:183} INFO - Processing /home/airflow/.local/lib/python3.8/site-packages/airflow/example_dags/example_branch_day_of_week_operator.py took 0.263 seconds
[2025-02-10T10:31:07.050+0000] {processor.py:161} INFO - Started process (PID=1687) to work on /home/airflow/.local/lib/python3.8/site-packages/airflow/example_dags/example_branch_day_of_week_operator.py
[2025-02-10T10:31:07.052+0000] {processor.py:830} INFO - Processing file /home/airflow/.local/lib/python3.8/site-packages/airflow/example_dags/example_branch_day_of_week_operator.py for tasks to queue
[2025-02-10T10:31:07.055+0000] {logging_mixin.py:188} INFO - [2025-02-10T10:31:07.054+0000] {dagbag.py:538} INFO - Filling up the DagBag from /home/airflow/.local/lib/python3.8/site-packages/airflow/example_dags/example_branch_day_of_week_operator.py
[2025-02-10T10:31:07.069+0000] {processor.py:840} INFO - DAG(s) 'example_weekday_branch_operator' retrieved from /home/airflow/.local/lib/python3.8/site-packages/airflow/example_dags/example_branch_day_of_week_operator.py
[2025-02-10T10:31:07.119+0000] {logging_mixin.py:188} INFO - [2025-02-10T10:31:07.118+0000] {dag.py:3036} INFO - Sync 1 DAGs
[2025-02-10T10:31:07.171+0000] {logging_mixin.py:188} INFO - [2025-02-10T10:31:07.170+0000] {dag.py:3823} INFO - Setting next_dagrun for example_weekday_branch_operator to 2025-02-09 00:00:00+00:00, run_after=2025-02-10 00:00:00+00:00
[2025-02-10T10:31:07.218+0000] {processor.py:183} INFO - Processing /home/airflow/.local/lib/python3.8/site-packages/airflow/example_dags/example_branch_day_of_week_operator.py took 0.174 seconds
[2025-02-10T10:31:37.421+0000] {processor.py:161} INFO - Started process (PID=1752) to work on /home/airflow/.local/lib/python3.8/site-packages/airflow/example_dags/example_branch_day_of_week_operator.py
[2025-02-10T10:31:37.423+0000] {processor.py:830} INFO - Processing file /home/airflow/.local/lib/python3.8/site-packages/airflow/example_dags/example_branch_day_of_week_operator.py for tasks to queue
[2025-02-10T10:31:37.426+0000] {logging_mixin.py:188} INFO - [2025-02-10T10:31:37.425+0000] {dagbag.py:538} INFO - Filling up the DagBag from /home/airflow/.local/lib/python3.8/site-packages/airflow/example_dags/example_branch_day_of_week_operator.py
[2025-02-10T10:31:37.437+0000] {processor.py:840} INFO - DAG(s) 'example_weekday_branch_operator' retrieved from /home/airflow/.local/lib/python3.8/site-packages/airflow/example_dags/example_branch_day_of_week_operator.py
[2025-02-10T10:31:37.471+0000] {logging_mixin.py:188} INFO - [2025-02-10T10:31:37.471+0000] {dag.py:3036} INFO - Sync 1 DAGs
[2025-02-10T10:31:37.506+0000] {logging_mixin.py:188} INFO - [2025-02-10T10:31:37.506+0000] {dag.py:3823} INFO - Setting next_dagrun for example_weekday_branch_operator to 2025-02-09 00:00:00+00:00, run_after=2025-02-10 00:00:00+00:00
[2025-02-10T10:31:37.540+0000] {processor.py:183} INFO - Processing /home/airflow/.local/lib/python3.8/site-packages/airflow/example_dags/example_branch_day_of_week_operator.py took 0.123 seconds
[2025-02-10T10:32:07.766+0000] {processor.py:161} INFO - Started process (PID=1816) to work on /home/airflow/.local/lib/python3.8/site-packages/airflow/example_dags/example_branch_day_of_week_operator.py
[2025-02-10T10:32:07.767+0000] {processor.py:830} INFO - Processing file /home/airflow/.local/lib/python3.8/site-packages/airflow/example_dags/example_branch_day_of_week_operator.py for tasks to queue
[2025-02-10T10:32:07.772+0000] {logging_mixin.py:188} INFO - [2025-02-10T10:32:07.772+0000] {dagbag.py:538} INFO - Filling up the DagBag from /home/airflow/.local/lib/python3.8/site-packages/airflow/example_dags/example_branch_day_of_week_operator.py
[2025-02-10T10:32:07.785+0000] {processor.py:840} INFO - DAG(s) 'example_weekday_branch_operator' retrieved from /home/airflow/.local/lib/python3.8/site-packages/airflow/example_dags/example_branch_day_of_week_operator.py
[2025-02-10T10:32:07.817+0000] {logging_mixin.py:188} INFO - [2025-02-10T10:32:07.817+0000] {dag.py:3036} INFO - Sync 1 DAGs
[2025-02-10T10:32:07.848+0000] {logging_mixin.py:188} INFO - [2025-02-10T10:32:07.848+0000] {dag.py:3823} INFO - Setting next_dagrun for example_weekday_branch_operator to 2025-02-09 00:00:00+00:00, run_after=2025-02-10 00:00:00+00:00
[2025-02-10T10:32:07.880+0000] {processor.py:183} INFO - Processing /home/airflow/.local/lib/python3.8/site-packages/airflow/example_dags/example_branch_day_of_week_operator.py took 0.119 seconds
[2025-02-10T10:32:38.234+0000] {processor.py:161} INFO - Started process (PID=1887) to work on /home/airflow/.local/lib/python3.8/site-packages/airflow/example_dags/example_branch_day_of_week_operator.py
[2025-02-10T10:32:38.239+0000] {processor.py:830} INFO - Processing file /home/airflow/.local/lib/python3.8/site-packages/airflow/example_dags/example_branch_day_of_week_operator.py for tasks to queue
[2025-02-10T10:32:38.242+0000] {logging_mixin.py:188} INFO - [2025-02-10T10:32:38.242+0000] {dagbag.py:538} INFO - Filling up the DagBag from /home/airflow/.local/lib/python3.8/site-packages/airflow/example_dags/example_branch_day_of_week_operator.py
[2025-02-10T10:32:38.258+0000] {processor.py:840} INFO - DAG(s) 'example_weekday_branch_operator' retrieved from /home/airflow/.local/lib/python3.8/site-packages/airflow/example_dags/example_branch_day_of_week_operator.py
[2025-02-10T10:32:38.302+0000] {logging_mixin.py:188} INFO - [2025-02-10T10:32:38.302+0000] {dag.py:3036} INFO - Sync 1 DAGs
[2025-02-10T10:32:38.342+0000] {logging_mixin.py:188} INFO - [2025-02-10T10:32:38.342+0000] {dag.py:3823} INFO - Setting next_dagrun for example_weekday_branch_operator to 2025-02-09 00:00:00+00:00, run_after=2025-02-10 00:00:00+00:00
[2025-02-10T10:32:38.378+0000] {processor.py:183} INFO - Processing /home/airflow/.local/lib/python3.8/site-packages/airflow/example_dags/example_branch_day_of_week_operator.py took 0.151 seconds
[2025-02-10T10:33:08.710+0000] {processor.py:161} INFO - Started process (PID=1952) to work on /home/airflow/.local/lib/python3.8/site-packages/airflow/example_dags/example_branch_day_of_week_operator.py
[2025-02-10T10:33:08.713+0000] {processor.py:830} INFO - Processing file /home/airflow/.local/lib/python3.8/site-packages/airflow/example_dags/example_branch_day_of_week_operator.py for tasks to queue
[2025-02-10T10:33:08.718+0000] {logging_mixin.py:188} INFO - [2025-02-10T10:33:08.718+0000] {dagbag.py:538} INFO - Filling up the DagBag from /home/airflow/.local/lib/python3.8/site-packages/airflow/example_dags/example_branch_day_of_week_operator.py
[2025-02-10T10:33:08.819+0000] {processor.py:840} INFO - DAG(s) 'example_weekday_branch_operator' retrieved from /home/airflow/.local/lib/python3.8/site-packages/airflow/example_dags/example_branch_day_of_week_operator.py
[2025-02-10T10:33:08.867+0000] {logging_mixin.py:188} INFO - [2025-02-10T10:33:08.867+0000] {dag.py:3036} INFO - Sync 1 DAGs
[2025-02-10T10:33:08.905+0000] {logging_mixin.py:188} INFO - [2025-02-10T10:33:08.905+0000] {dag.py:3823} INFO - Setting next_dagrun for example_weekday_branch_operator to 2025-02-09 00:00:00+00:00, run_after=2025-02-10 00:00:00+00:00
[2025-02-10T10:33:08.934+0000] {processor.py:183} INFO - Processing /home/airflow/.local/lib/python3.8/site-packages/airflow/example_dags/example_branch_day_of_week_operator.py took 0.230 seconds
[2025-02-10T10:33:39.439+0000] {processor.py:161} INFO - Started process (PID=2017) to work on /home/airflow/.local/lib/python3.8/site-packages/airflow/example_dags/example_branch_day_of_week_operator.py
[2025-02-10T10:33:39.442+0000] {processor.py:830} INFO - Processing file /home/airflow/.local/lib/python3.8/site-packages/airflow/example_dags/example_branch_day_of_week_operator.py for tasks to queue
[2025-02-10T10:33:39.446+0000] {logging_mixin.py:188} INFO - [2025-02-10T10:33:39.445+0000] {dagbag.py:538} INFO - Filling up the DagBag from /home/airflow/.local/lib/python3.8/site-packages/airflow/example_dags/example_branch_day_of_week_operator.py
[2025-02-10T10:33:39.462+0000] {processor.py:840} INFO - DAG(s) 'example_weekday_branch_operator' retrieved from /home/airflow/.local/lib/python3.8/site-packages/airflow/example_dags/example_branch_day_of_week_operator.py
[2025-02-10T10:33:39.502+0000] {logging_mixin.py:188} INFO - [2025-02-10T10:33:39.501+0000] {dag.py:3036} INFO - Sync 1 DAGs
[2025-02-10T10:33:39.549+0000] {logging_mixin.py:188} INFO - [2025-02-10T10:33:39.549+0000] {dag.py:3823} INFO - Setting next_dagrun for example_weekday_branch_operator to 2025-02-09 00:00:00+00:00, run_after=2025-02-10 00:00:00+00:00
[2025-02-10T10:33:39.587+0000] {processor.py:183} INFO - Processing /home/airflow/.local/lib/python3.8/site-packages/airflow/example_dags/example_branch_day_of_week_operator.py took 0.153 seconds
[2025-02-10T10:34:09.683+0000] {processor.py:161} INFO - Started process (PID=2090) to work on /home/airflow/.local/lib/python3.8/site-packages/airflow/example_dags/example_branch_day_of_week_operator.py
[2025-02-10T10:34:09.685+0000] {processor.py:830} INFO - Processing file /home/airflow/.local/lib/python3.8/site-packages/airflow/example_dags/example_branch_day_of_week_operator.py for tasks to queue
[2025-02-10T10:34:09.688+0000] {logging_mixin.py:188} INFO - [2025-02-10T10:34:09.688+0000] {dagbag.py:538} INFO - Filling up the DagBag from /home/airflow/.local/lib/python3.8/site-packages/airflow/example_dags/example_branch_day_of_week_operator.py
[2025-02-10T10:34:09.701+0000] {processor.py:840} INFO - DAG(s) 'example_weekday_branch_operator' retrieved from /home/airflow/.local/lib/python3.8/site-packages/airflow/example_dags/example_branch_day_of_week_operator.py
[2025-02-10T10:34:09.738+0000] {logging_mixin.py:188} INFO - [2025-02-10T10:34:09.737+0000] {dag.py:3036} INFO - Sync 1 DAGs
[2025-02-10T10:34:09.780+0000] {logging_mixin.py:188} INFO - [2025-02-10T10:34:09.780+0000] {dag.py:3823} INFO - Setting next_dagrun for example_weekday_branch_operator to 2025-02-09 00:00:00+00:00, run_after=2025-02-10 00:00:00+00:00
[2025-02-10T10:34:09.817+0000] {processor.py:183} INFO - Processing /home/airflow/.local/lib/python3.8/site-packages/airflow/example_dags/example_branch_day_of_week_operator.py took 0.141 seconds
[2025-02-10T10:34:40.287+0000] {processor.py:161} INFO - Started process (PID=2153) to work on /home/airflow/.local/lib/python3.8/site-packages/airflow/example_dags/example_branch_day_of_week_operator.py
[2025-02-10T10:34:40.291+0000] {processor.py:830} INFO - Processing file /home/airflow/.local/lib/python3.8/site-packages/airflow/example_dags/example_branch_day_of_week_operator.py for tasks to queue
[2025-02-10T10:34:40.294+0000] {logging_mixin.py:188} INFO - [2025-02-10T10:34:40.293+0000] {dagbag.py:538} INFO - Filling up the DagBag from /home/airflow/.local/lib/python3.8/site-packages/airflow/example_dags/example_branch_day_of_week_operator.py
[2025-02-10T10:34:40.307+0000] {processor.py:840} INFO - DAG(s) 'example_weekday_branch_operator' retrieved from /home/airflow/.local/lib/python3.8/site-packages/airflow/example_dags/example_branch_day_of_week_operator.py
[2025-02-10T10:34:40.352+0000] {logging_mixin.py:188} INFO - [2025-02-10T10:34:40.352+0000] {dag.py:3036} INFO - Sync 1 DAGs
[2025-02-10T10:34:40.402+0000] {logging_mixin.py:188} INFO - [2025-02-10T10:34:40.402+0000] {dag.py:3823} INFO - Setting next_dagrun for example_weekday_branch_operator to 2025-02-09 00:00:00+00:00, run_after=2025-02-10 00:00:00+00:00
[2025-02-10T10:34:40.439+0000] {processor.py:183} INFO - Processing /home/airflow/.local/lib/python3.8/site-packages/airflow/example_dags/example_branch_day_of_week_operator.py took 0.157 seconds
[2025-02-10T10:35:11.087+0000] {processor.py:161} INFO - Started process (PID=2218) to work on /home/airflow/.local/lib/python3.8/site-packages/airflow/example_dags/example_branch_day_of_week_operator.py
[2025-02-10T10:35:11.088+0000] {processor.py:830} INFO - Processing file /home/airflow/.local/lib/python3.8/site-packages/airflow/example_dags/example_branch_day_of_week_operator.py for tasks to queue
[2025-02-10T10:35:11.094+0000] {logging_mixin.py:188} INFO - [2025-02-10T10:35:11.093+0000] {dagbag.py:538} INFO - Filling up the DagBag from /home/airflow/.local/lib/python3.8/site-packages/airflow/example_dags/example_branch_day_of_week_operator.py
[2025-02-10T10:35:11.114+0000] {processor.py:840} INFO - DAG(s) 'example_weekday_branch_operator' retrieved from /home/airflow/.local/lib/python3.8/site-packages/airflow/example_dags/example_branch_day_of_week_operator.py
[2025-02-10T10:35:11.153+0000] {logging_mixin.py:188} INFO - [2025-02-10T10:35:11.153+0000] {dag.py:3036} INFO - Sync 1 DAGs
[2025-02-10T10:35:11.186+0000] {logging_mixin.py:188} INFO - [2025-02-10T10:35:11.186+0000] {dag.py:3823} INFO - Setting next_dagrun for example_weekday_branch_operator to 2025-02-09 00:00:00+00:00, run_after=2025-02-10 00:00:00+00:00
[2025-02-10T10:35:11.223+0000] {processor.py:183} INFO - Processing /home/airflow/.local/lib/python3.8/site-packages/airflow/example_dags/example_branch_day_of_week_operator.py took 0.143 seconds
[2025-02-10T10:35:41.305+0000] {processor.py:161} INFO - Started process (PID=2283) to work on /home/airflow/.local/lib/python3.8/site-packages/airflow/example_dags/example_branch_day_of_week_operator.py
[2025-02-10T10:35:41.307+0000] {processor.py:830} INFO - Processing file /home/airflow/.local/lib/python3.8/site-packages/airflow/example_dags/example_branch_day_of_week_operator.py for tasks to queue
[2025-02-10T10:35:41.312+0000] {logging_mixin.py:188} INFO - [2025-02-10T10:35:41.311+0000] {dagbag.py:538} INFO - Filling up the DagBag from /home/airflow/.local/lib/python3.8/site-packages/airflow/example_dags/example_branch_day_of_week_operator.py
[2025-02-10T10:35:41.326+0000] {processor.py:840} INFO - DAG(s) 'example_weekday_branch_operator' retrieved from /home/airflow/.local/lib/python3.8/site-packages/airflow/example_dags/example_branch_day_of_week_operator.py
[2025-02-10T10:35:41.363+0000] {logging_mixin.py:188} INFO - [2025-02-10T10:35:41.362+0000] {dag.py:3036} INFO - Sync 1 DAGs
[2025-02-10T10:35:41.401+0000] {logging_mixin.py:188} INFO - [2025-02-10T10:35:41.400+0000] {dag.py:3823} INFO - Setting next_dagrun for example_weekday_branch_operator to 2025-02-09 00:00:00+00:00, run_after=2025-02-10 00:00:00+00:00
[2025-02-10T10:35:41.436+0000] {processor.py:183} INFO - Processing /home/airflow/.local/lib/python3.8/site-packages/airflow/example_dags/example_branch_day_of_week_operator.py took 0.136 seconds
[2025-02-10T10:36:12.311+0000] {processor.py:161} INFO - Started process (PID=2356) to work on /home/airflow/.local/lib/python3.8/site-packages/airflow/example_dags/example_branch_day_of_week_operator.py
[2025-02-10T10:36:12.313+0000] {processor.py:830} INFO - Processing file /home/airflow/.local/lib/python3.8/site-packages/airflow/example_dags/example_branch_day_of_week_operator.py for tasks to queue
[2025-02-10T10:36:12.320+0000] {logging_mixin.py:188} INFO - [2025-02-10T10:36:12.319+0000] {dagbag.py:538} INFO - Filling up the DagBag from /home/airflow/.local/lib/python3.8/site-packages/airflow/example_dags/example_branch_day_of_week_operator.py
[2025-02-10T10:36:12.343+0000] {processor.py:840} INFO - DAG(s) 'example_weekday_branch_operator' retrieved from /home/airflow/.local/lib/python3.8/site-packages/airflow/example_dags/example_branch_day_of_week_operator.py
[2025-02-10T10:36:12.380+0000] {logging_mixin.py:188} INFO - [2025-02-10T10:36:12.380+0000] {dag.py:3036} INFO - Sync 1 DAGs
[2025-02-10T10:36:12.440+0000] {logging_mixin.py:188} INFO - [2025-02-10T10:36:12.439+0000] {dag.py:3823} INFO - Setting next_dagrun for example_weekday_branch_operator to 2025-02-09 00:00:00+00:00, run_after=2025-02-10 00:00:00+00:00
[2025-02-10T10:36:12.560+0000] {processor.py:183} INFO - Processing /home/airflow/.local/lib/python3.8/site-packages/airflow/example_dags/example_branch_day_of_week_operator.py took 0.172 seconds
[2025-02-10T10:36:42.664+0000] {processor.py:161} INFO - Started process (PID=2421) to work on /home/airflow/.local/lib/python3.8/site-packages/airflow/example_dags/example_branch_day_of_week_operator.py
[2025-02-10T10:36:42.665+0000] {processor.py:830} INFO - Processing file /home/airflow/.local/lib/python3.8/site-packages/airflow/example_dags/example_branch_day_of_week_operator.py for tasks to queue
[2025-02-10T10:36:42.667+0000] {logging_mixin.py:188} INFO - [2025-02-10T10:36:42.667+0000] {dagbag.py:538} INFO - Filling up the DagBag from /home/airflow/.local/lib/python3.8/site-packages/airflow/example_dags/example_branch_day_of_week_operator.py
[2025-02-10T10:36:42.678+0000] {processor.py:840} INFO - DAG(s) 'example_weekday_branch_operator' retrieved from /home/airflow/.local/lib/python3.8/site-packages/airflow/example_dags/example_branch_day_of_week_operator.py
[2025-02-10T10:36:42.707+0000] {logging_mixin.py:188} INFO - [2025-02-10T10:36:42.706+0000] {dag.py:3036} INFO - Sync 1 DAGs
[2025-02-10T10:36:42.741+0000] {logging_mixin.py:188} INFO - [2025-02-10T10:36:42.741+0000] {dag.py:3823} INFO - Setting next_dagrun for example_weekday_branch_operator to 2025-02-09 00:00:00+00:00, run_after=2025-02-10 00:00:00+00:00
[2025-02-10T10:36:42.775+0000] {processor.py:183} INFO - Processing /home/airflow/.local/lib/python3.8/site-packages/airflow/example_dags/example_branch_day_of_week_operator.py took 0.115 seconds
[2025-02-10T10:37:13.099+0000] {processor.py:161} INFO - Started process (PID=2485) to work on /home/airflow/.local/lib/python3.8/site-packages/airflow/example_dags/example_branch_day_of_week_operator.py
[2025-02-10T10:37:13.100+0000] {processor.py:830} INFO - Processing file /home/airflow/.local/lib/python3.8/site-packages/airflow/example_dags/example_branch_day_of_week_operator.py for tasks to queue
[2025-02-10T10:37:13.103+0000] {logging_mixin.py:188} INFO - [2025-02-10T10:37:13.103+0000] {dagbag.py:538} INFO - Filling up the DagBag from /home/airflow/.local/lib/python3.8/site-packages/airflow/example_dags/example_branch_day_of_week_operator.py
[2025-02-10T10:37:13.114+0000] {processor.py:840} INFO - DAG(s) 'example_weekday_branch_operator' retrieved from /home/airflow/.local/lib/python3.8/site-packages/airflow/example_dags/example_branch_day_of_week_operator.py
[2025-02-10T10:37:13.154+0000] {logging_mixin.py:188} INFO - [2025-02-10T10:37:13.154+0000] {dag.py:3036} INFO - Sync 1 DAGs
[2025-02-10T10:37:13.191+0000] {logging_mixin.py:188} INFO - [2025-02-10T10:37:13.190+0000] {dag.py:3823} INFO - Setting next_dagrun for example_weekday_branch_operator to 2025-02-09 00:00:00+00:00, run_after=2025-02-10 00:00:00+00:00
[2025-02-10T10:37:13.224+0000] {processor.py:183} INFO - Processing /home/airflow/.local/lib/python3.8/site-packages/airflow/example_dags/example_branch_day_of_week_operator.py took 0.130 seconds
[2025-02-10T10:37:43.271+0000] {processor.py:161} INFO - Started process (PID=2550) to work on /home/airflow/.local/lib/python3.8/site-packages/airflow/example_dags/example_branch_day_of_week_operator.py
[2025-02-10T10:37:43.273+0000] {processor.py:830} INFO - Processing file /home/airflow/.local/lib/python3.8/site-packages/airflow/example_dags/example_branch_day_of_week_operator.py for tasks to queue
[2025-02-10T10:37:43.276+0000] {logging_mixin.py:188} INFO - [2025-02-10T10:37:43.276+0000] {dagbag.py:538} INFO - Filling up the DagBag from /home/airflow/.local/lib/python3.8/site-packages/airflow/example_dags/example_branch_day_of_week_operator.py
[2025-02-10T10:37:43.292+0000] {processor.py:840} INFO - DAG(s) 'example_weekday_branch_operator' retrieved from /home/airflow/.local/lib/python3.8/site-packages/airflow/example_dags/example_branch_day_of_week_operator.py
[2025-02-10T10:37:43.331+0000] {logging_mixin.py:188} INFO - [2025-02-10T10:37:43.331+0000] {dag.py:3036} INFO - Sync 1 DAGs
[2025-02-10T10:37:43.375+0000] {logging_mixin.py:188} INFO - [2025-02-10T10:37:43.375+0000] {dag.py:3823} INFO - Setting next_dagrun for example_weekday_branch_operator to 2025-02-09 00:00:00+00:00, run_after=2025-02-10 00:00:00+00:00
[2025-02-10T10:37:43.439+0000] {processor.py:183} INFO - Processing /home/airflow/.local/lib/python3.8/site-packages/airflow/example_dags/example_branch_day_of_week_operator.py took 0.173 seconds
[2025-02-10T10:38:14.074+0000] {processor.py:161} INFO - Started process (PID=2615) to work on /home/airflow/.local/lib/python3.8/site-packages/airflow/example_dags/example_branch_day_of_week_operator.py
[2025-02-10T10:38:14.076+0000] {processor.py:830} INFO - Processing file /home/airflow/.local/lib/python3.8/site-packages/airflow/example_dags/example_branch_day_of_week_operator.py for tasks to queue
[2025-02-10T10:38:14.081+0000] {logging_mixin.py:188} INFO - [2025-02-10T10:38:14.080+0000] {dagbag.py:538} INFO - Filling up the DagBag from /home/airflow/.local/lib/python3.8/site-packages/airflow/example_dags/example_branch_day_of_week_operator.py
[2025-02-10T10:38:14.096+0000] {processor.py:840} INFO - DAG(s) 'example_weekday_branch_operator' retrieved from /home/airflow/.local/lib/python3.8/site-packages/airflow/example_dags/example_branch_day_of_week_operator.py
[2025-02-10T10:38:14.134+0000] {logging_mixin.py:188} INFO - [2025-02-10T10:38:14.134+0000] {dag.py:3036} INFO - Sync 1 DAGs
[2025-02-10T10:38:14.177+0000] {logging_mixin.py:188} INFO - [2025-02-10T10:38:14.177+0000] {dag.py:3823} INFO - Setting next_dagrun for example_weekday_branch_operator to 2025-02-09 00:00:00+00:00, run_after=2025-02-10 00:00:00+00:00
[2025-02-10T10:38:14.215+0000] {processor.py:183} INFO - Processing /home/airflow/.local/lib/python3.8/site-packages/airflow/example_dags/example_branch_day_of_week_operator.py took 0.145 seconds
[2025-02-10T10:38:44.377+0000] {processor.py:161} INFO - Started process (PID=2687) to work on /home/airflow/.local/lib/python3.8/site-packages/airflow/example_dags/example_branch_day_of_week_operator.py
[2025-02-10T10:38:44.384+0000] {processor.py:830} INFO - Processing file /home/airflow/.local/lib/python3.8/site-packages/airflow/example_dags/example_branch_day_of_week_operator.py for tasks to queue
[2025-02-10T10:38:44.395+0000] {logging_mixin.py:188} INFO - [2025-02-10T10:38:44.395+0000] {dagbag.py:538} INFO - Filling up the DagBag from /home/airflow/.local/lib/python3.8/site-packages/airflow/example_dags/example_branch_day_of_week_operator.py
[2025-02-10T10:38:44.414+0000] {processor.py:840} INFO - DAG(s) 'example_weekday_branch_operator' retrieved from /home/airflow/.local/lib/python3.8/site-packages/airflow/example_dags/example_branch_day_of_week_operator.py
[2025-02-10T10:38:44.472+0000] {logging_mixin.py:188} INFO - [2025-02-10T10:38:44.472+0000] {dag.py:3036} INFO - Sync 1 DAGs
[2025-02-10T10:38:44.529+0000] {logging_mixin.py:188} INFO - [2025-02-10T10:38:44.528+0000] {dag.py:3823} INFO - Setting next_dagrun for example_weekday_branch_operator to 2025-02-09 00:00:00+00:00, run_after=2025-02-10 00:00:00+00:00
[2025-02-10T10:38:44.571+0000] {processor.py:183} INFO - Processing /home/airflow/.local/lib/python3.8/site-packages/airflow/example_dags/example_branch_day_of_week_operator.py took 0.201 seconds
[2025-02-10T10:39:14.852+0000] {processor.py:161} INFO - Started process (PID=2753) to work on /home/airflow/.local/lib/python3.8/site-packages/airflow/example_dags/example_branch_day_of_week_operator.py
[2025-02-10T10:39:14.855+0000] {processor.py:830} INFO - Processing file /home/airflow/.local/lib/python3.8/site-packages/airflow/example_dags/example_branch_day_of_week_operator.py for tasks to queue
[2025-02-10T10:39:14.859+0000] {logging_mixin.py:188} INFO - [2025-02-10T10:39:14.858+0000] {dagbag.py:538} INFO - Filling up the DagBag from /home/airflow/.local/lib/python3.8/site-packages/airflow/example_dags/example_branch_day_of_week_operator.py
[2025-02-10T10:39:14.869+0000] {processor.py:840} INFO - DAG(s) 'example_weekday_branch_operator' retrieved from /home/airflow/.local/lib/python3.8/site-packages/airflow/example_dags/example_branch_day_of_week_operator.py
[2025-02-10T10:39:14.905+0000] {logging_mixin.py:188} INFO - [2025-02-10T10:39:14.905+0000] {dag.py:3036} INFO - Sync 1 DAGs
[2025-02-10T10:39:14.934+0000] {logging_mixin.py:188} INFO - [2025-02-10T10:39:14.934+0000] {dag.py:3823} INFO - Setting next_dagrun for example_weekday_branch_operator to 2025-02-09 00:00:00+00:00, run_after=2025-02-10 00:00:00+00:00
[2025-02-10T10:39:14.970+0000] {processor.py:183} INFO - Processing /home/airflow/.local/lib/python3.8/site-packages/airflow/example_dags/example_branch_day_of_week_operator.py took 0.122 seconds
[2025-02-10T10:39:45.596+0000] {processor.py:161} INFO - Started process (PID=2818) to work on /home/airflow/.local/lib/python3.8/site-packages/airflow/example_dags/example_branch_day_of_week_operator.py
[2025-02-10T10:39:45.599+0000] {processor.py:830} INFO - Processing file /home/airflow/.local/lib/python3.8/site-packages/airflow/example_dags/example_branch_day_of_week_operator.py for tasks to queue
[2025-02-10T10:39:45.604+0000] {logging_mixin.py:188} INFO - [2025-02-10T10:39:45.603+0000] {dagbag.py:538} INFO - Filling up the DagBag from /home/airflow/.local/lib/python3.8/site-packages/airflow/example_dags/example_branch_day_of_week_operator.py
[2025-02-10T10:39:45.711+0000] {processor.py:840} INFO - DAG(s) 'example_weekday_branch_operator' retrieved from /home/airflow/.local/lib/python3.8/site-packages/airflow/example_dags/example_branch_day_of_week_operator.py
[2025-02-10T10:39:45.980+0000] {logging_mixin.py:188} INFO - [2025-02-10T10:39:45.975+0000] {dag.py:3036} INFO - Sync 1 DAGs
[2025-02-10T10:39:46.564+0000] {logging_mixin.py:188} INFO - [2025-02-10T10:39:46.563+0000] {dag.py:3823} INFO - Setting next_dagrun for example_weekday_branch_operator to 2025-02-09 00:00:00+00:00, run_after=2025-02-10 00:00:00+00:00
[2025-02-10T10:39:46.693+0000] {processor.py:183} INFO - Processing /home/airflow/.local/lib/python3.8/site-packages/airflow/example_dags/example_branch_day_of_week_operator.py took 1.104 seconds
[2025-02-10T10:40:16.899+0000] {processor.py:161} INFO - Started process (PID=2883) to work on /home/airflow/.local/lib/python3.8/site-packages/airflow/example_dags/example_branch_day_of_week_operator.py
[2025-02-10T10:40:16.901+0000] {processor.py:830} INFO - Processing file /home/airflow/.local/lib/python3.8/site-packages/airflow/example_dags/example_branch_day_of_week_operator.py for tasks to queue
[2025-02-10T10:40:16.904+0000] {logging_mixin.py:188} INFO - [2025-02-10T10:40:16.904+0000] {dagbag.py:538} INFO - Filling up the DagBag from /home/airflow/.local/lib/python3.8/site-packages/airflow/example_dags/example_branch_day_of_week_operator.py
[2025-02-10T10:40:16.914+0000] {processor.py:840} INFO - DAG(s) 'example_weekday_branch_operator' retrieved from /home/airflow/.local/lib/python3.8/site-packages/airflow/example_dags/example_branch_day_of_week_operator.py
[2025-02-10T10:40:16.963+0000] {logging_mixin.py:188} INFO - [2025-02-10T10:40:16.962+0000] {dag.py:3036} INFO - Sync 1 DAGs
[2025-02-10T10:40:17.009+0000] {logging_mixin.py:188} INFO - [2025-02-10T10:40:17.009+0000] {dag.py:3823} INFO - Setting next_dagrun for example_weekday_branch_operator to 2025-02-09 00:00:00+00:00, run_after=2025-02-10 00:00:00+00:00
[2025-02-10T10:40:17.044+0000] {processor.py:183} INFO - Processing /home/airflow/.local/lib/python3.8/site-packages/airflow/example_dags/example_branch_day_of_week_operator.py took 0.151 seconds
[2025-02-10T10:40:47.224+0000] {processor.py:161} INFO - Started process (PID=2947) to work on /home/airflow/.local/lib/python3.8/site-packages/airflow/example_dags/example_branch_day_of_week_operator.py
[2025-02-10T10:40:47.227+0000] {processor.py:830} INFO - Processing file /home/airflow/.local/lib/python3.8/site-packages/airflow/example_dags/example_branch_day_of_week_operator.py for tasks to queue
[2025-02-10T10:40:47.232+0000] {logging_mixin.py:188} INFO - [2025-02-10T10:40:47.232+0000] {dagbag.py:538} INFO - Filling up the DagBag from /home/airflow/.local/lib/python3.8/site-packages/airflow/example_dags/example_branch_day_of_week_operator.py
[2025-02-10T10:40:47.261+0000] {processor.py:840} INFO - DAG(s) 'example_weekday_branch_operator' retrieved from /home/airflow/.local/lib/python3.8/site-packages/airflow/example_dags/example_branch_day_of_week_operator.py
[2025-02-10T10:40:47.351+0000] {logging_mixin.py:188} INFO - [2025-02-10T10:40:47.350+0000] {dag.py:3036} INFO - Sync 1 DAGs
[2025-02-10T10:40:47.416+0000] {logging_mixin.py:188} INFO - [2025-02-10T10:40:47.414+0000] {dag.py:3823} INFO - Setting next_dagrun for example_weekday_branch_operator to 2025-02-09 00:00:00+00:00, run_after=2025-02-10 00:00:00+00:00
[2025-02-10T10:40:47.461+0000] {processor.py:183} INFO - Processing /home/airflow/.local/lib/python3.8/site-packages/airflow/example_dags/example_branch_day_of_week_operator.py took 0.246 seconds
[2025-02-10T10:41:17.760+0000] {processor.py:161} INFO - Started process (PID=3012) to work on /home/airflow/.local/lib/python3.8/site-packages/airflow/example_dags/example_branch_day_of_week_operator.py
[2025-02-10T10:41:17.761+0000] {processor.py:830} INFO - Processing file /home/airflow/.local/lib/python3.8/site-packages/airflow/example_dags/example_branch_day_of_week_operator.py for tasks to queue
[2025-02-10T10:41:17.765+0000] {logging_mixin.py:188} INFO - [2025-02-10T10:41:17.765+0000] {dagbag.py:538} INFO - Filling up the DagBag from /home/airflow/.local/lib/python3.8/site-packages/airflow/example_dags/example_branch_day_of_week_operator.py
[2025-02-10T10:41:17.778+0000] {processor.py:840} INFO - DAG(s) 'example_weekday_branch_operator' retrieved from /home/airflow/.local/lib/python3.8/site-packages/airflow/example_dags/example_branch_day_of_week_operator.py
[2025-02-10T10:41:17.828+0000] {logging_mixin.py:188} INFO - [2025-02-10T10:41:17.828+0000] {dag.py:3036} INFO - Sync 1 DAGs
[2025-02-10T10:41:17.869+0000] {logging_mixin.py:188} INFO - [2025-02-10T10:41:17.869+0000] {dag.py:3823} INFO - Setting next_dagrun for example_weekday_branch_operator to 2025-02-09 00:00:00+00:00, run_after=2025-02-10 00:00:00+00:00
[2025-02-10T10:41:17.903+0000] {processor.py:183} INFO - Processing /home/airflow/.local/lib/python3.8/site-packages/airflow/example_dags/example_branch_day_of_week_operator.py took 0.147 seconds
[2025-02-10T10:41:48.182+0000] {processor.py:161} INFO - Started process (PID=3077) to work on /home/airflow/.local/lib/python3.8/site-packages/airflow/example_dags/example_branch_day_of_week_operator.py
[2025-02-10T10:41:48.186+0000] {processor.py:830} INFO - Processing file /home/airflow/.local/lib/python3.8/site-packages/airflow/example_dags/example_branch_day_of_week_operator.py for tasks to queue
[2025-02-10T10:41:48.191+0000] {logging_mixin.py:188} INFO - [2025-02-10T10:41:48.190+0000] {dagbag.py:538} INFO - Filling up the DagBag from /home/airflow/.local/lib/python3.8/site-packages/airflow/example_dags/example_branch_day_of_week_operator.py
[2025-02-10T10:41:48.209+0000] {processor.py:840} INFO - DAG(s) 'example_weekday_branch_operator' retrieved from /home/airflow/.local/lib/python3.8/site-packages/airflow/example_dags/example_branch_day_of_week_operator.py
[2025-02-10T10:41:48.293+0000] {logging_mixin.py:188} INFO - [2025-02-10T10:41:48.293+0000] {dag.py:3036} INFO - Sync 1 DAGs
[2025-02-10T10:41:48.406+0000] {logging_mixin.py:188} INFO - [2025-02-10T10:41:48.405+0000] {dag.py:3823} INFO - Setting next_dagrun for example_weekday_branch_operator to 2025-02-09 00:00:00+00:00, run_after=2025-02-10 00:00:00+00:00
[2025-02-10T10:41:48.713+0000] {processor.py:183} INFO - Processing /home/airflow/.local/lib/python3.8/site-packages/airflow/example_dags/example_branch_day_of_week_operator.py took 0.536 seconds
[2025-02-10T10:42:19.066+0000] {processor.py:161} INFO - Started process (PID=3142) to work on /home/airflow/.local/lib/python3.8/site-packages/airflow/example_dags/example_branch_day_of_week_operator.py
[2025-02-10T10:42:19.072+0000] {processor.py:830} INFO - Processing file /home/airflow/.local/lib/python3.8/site-packages/airflow/example_dags/example_branch_day_of_week_operator.py for tasks to queue
[2025-02-10T10:42:19.075+0000] {logging_mixin.py:188} INFO - [2025-02-10T10:42:19.075+0000] {dagbag.py:538} INFO - Filling up the DagBag from /home/airflow/.local/lib/python3.8/site-packages/airflow/example_dags/example_branch_day_of_week_operator.py
[2025-02-10T10:42:19.097+0000] {processor.py:840} INFO - DAG(s) 'example_weekday_branch_operator' retrieved from /home/airflow/.local/lib/python3.8/site-packages/airflow/example_dags/example_branch_day_of_week_operator.py
[2025-02-10T10:42:19.145+0000] {logging_mixin.py:188} INFO - [2025-02-10T10:42:19.145+0000] {dag.py:3036} INFO - Sync 1 DAGs
[2025-02-10T10:42:19.273+0000] {logging_mixin.py:188} INFO - [2025-02-10T10:42:19.273+0000] {dag.py:3823} INFO - Setting next_dagrun for example_weekday_branch_operator to 2025-02-09 00:00:00+00:00, run_after=2025-02-10 00:00:00+00:00
[2025-02-10T10:42:19.363+0000] {processor.py:183} INFO - Processing /home/airflow/.local/lib/python3.8/site-packages/airflow/example_dags/example_branch_day_of_week_operator.py took 0.303 seconds
[2025-02-10T10:42:49.696+0000] {processor.py:161} INFO - Started process (PID=3208) to work on /home/airflow/.local/lib/python3.8/site-packages/airflow/example_dags/example_branch_day_of_week_operator.py
[2025-02-10T10:42:49.698+0000] {processor.py:830} INFO - Processing file /home/airflow/.local/lib/python3.8/site-packages/airflow/example_dags/example_branch_day_of_week_operator.py for tasks to queue
[2025-02-10T10:42:49.706+0000] {logging_mixin.py:188} INFO - [2025-02-10T10:42:49.705+0000] {dagbag.py:538} INFO - Filling up the DagBag from /home/airflow/.local/lib/python3.8/site-packages/airflow/example_dags/example_branch_day_of_week_operator.py
[2025-02-10T10:42:49.726+0000] {processor.py:840} INFO - DAG(s) 'example_weekday_branch_operator' retrieved from /home/airflow/.local/lib/python3.8/site-packages/airflow/example_dags/example_branch_day_of_week_operator.py
[2025-02-10T10:42:49.779+0000] {logging_mixin.py:188} INFO - [2025-02-10T10:42:49.778+0000] {dag.py:3036} INFO - Sync 1 DAGs
[2025-02-10T10:42:49.828+0000] {logging_mixin.py:188} INFO - [2025-02-10T10:42:49.828+0000] {dag.py:3823} INFO - Setting next_dagrun for example_weekday_branch_operator to 2025-02-09 00:00:00+00:00, run_after=2025-02-10 00:00:00+00:00
[2025-02-10T10:42:49.875+0000] {processor.py:183} INFO - Processing /home/airflow/.local/lib/python3.8/site-packages/airflow/example_dags/example_branch_day_of_week_operator.py took 0.186 seconds
[2025-02-10T10:43:19.950+0000] {processor.py:161} INFO - Started process (PID=3273) to work on /home/airflow/.local/lib/python3.8/site-packages/airflow/example_dags/example_branch_day_of_week_operator.py
[2025-02-10T10:43:19.955+0000] {processor.py:830} INFO - Processing file /home/airflow/.local/lib/python3.8/site-packages/airflow/example_dags/example_branch_day_of_week_operator.py for tasks to queue
[2025-02-10T10:43:19.958+0000] {logging_mixin.py:188} INFO - [2025-02-10T10:43:19.958+0000] {dagbag.py:538} INFO - Filling up the DagBag from /home/airflow/.local/lib/python3.8/site-packages/airflow/example_dags/example_branch_day_of_week_operator.py
[2025-02-10T10:43:19.981+0000] {processor.py:840} INFO - DAG(s) 'example_weekday_branch_operator' retrieved from /home/airflow/.local/lib/python3.8/site-packages/airflow/example_dags/example_branch_day_of_week_operator.py
[2025-02-10T10:43:20.032+0000] {logging_mixin.py:188} INFO - [2025-02-10T10:43:20.031+0000] {dag.py:3036} INFO - Sync 1 DAGs
[2025-02-10T10:43:20.081+0000] {logging_mixin.py:188} INFO - [2025-02-10T10:43:20.081+0000] {dag.py:3823} INFO - Setting next_dagrun for example_weekday_branch_operator to 2025-02-09 00:00:00+00:00, run_after=2025-02-10 00:00:00+00:00
[2025-02-10T10:43:20.133+0000] {processor.py:183} INFO - Processing /home/airflow/.local/lib/python3.8/site-packages/airflow/example_dags/example_branch_day_of_week_operator.py took 0.188 seconds
[2025-02-10T10:43:50.933+0000] {processor.py:161} INFO - Started process (PID=3338) to work on /home/airflow/.local/lib/python3.8/site-packages/airflow/example_dags/example_branch_day_of_week_operator.py
[2025-02-10T10:43:50.936+0000] {processor.py:830} INFO - Processing file /home/airflow/.local/lib/python3.8/site-packages/airflow/example_dags/example_branch_day_of_week_operator.py for tasks to queue
[2025-02-10T10:43:50.941+0000] {logging_mixin.py:188} INFO - [2025-02-10T10:43:50.940+0000] {dagbag.py:538} INFO - Filling up the DagBag from /home/airflow/.local/lib/python3.8/site-packages/airflow/example_dags/example_branch_day_of_week_operator.py
[2025-02-10T10:43:50.957+0000] {processor.py:840} INFO - DAG(s) 'example_weekday_branch_operator' retrieved from /home/airflow/.local/lib/python3.8/site-packages/airflow/example_dags/example_branch_day_of_week_operator.py
[2025-02-10T10:43:51.003+0000] {logging_mixin.py:188} INFO - [2025-02-10T10:43:51.002+0000] {dag.py:3036} INFO - Sync 1 DAGs
[2025-02-10T10:43:51.033+0000] {logging_mixin.py:188} INFO - [2025-02-10T10:43:51.033+0000] {dag.py:3823} INFO - Setting next_dagrun for example_weekday_branch_operator to 2025-02-09 00:00:00+00:00, run_after=2025-02-10 00:00:00+00:00
[2025-02-10T10:43:51.070+0000] {processor.py:183} INFO - Processing /home/airflow/.local/lib/python3.8/site-packages/airflow/example_dags/example_branch_day_of_week_operator.py took 0.141 seconds
[2025-02-10T10:44:21.419+0000] {processor.py:161} INFO - Started process (PID=3403) to work on /home/airflow/.local/lib/python3.8/site-packages/airflow/example_dags/example_branch_day_of_week_operator.py
[2025-02-10T10:44:21.421+0000] {processor.py:830} INFO - Processing file /home/airflow/.local/lib/python3.8/site-packages/airflow/example_dags/example_branch_day_of_week_operator.py for tasks to queue
[2025-02-10T10:44:21.424+0000] {logging_mixin.py:188} INFO - [2025-02-10T10:44:21.424+0000] {dagbag.py:538} INFO - Filling up the DagBag from /home/airflow/.local/lib/python3.8/site-packages/airflow/example_dags/example_branch_day_of_week_operator.py
[2025-02-10T10:44:21.438+0000] {processor.py:840} INFO - DAG(s) 'example_weekday_branch_operator' retrieved from /home/airflow/.local/lib/python3.8/site-packages/airflow/example_dags/example_branch_day_of_week_operator.py
[2025-02-10T10:44:21.472+0000] {logging_mixin.py:188} INFO - [2025-02-10T10:44:21.471+0000] {dag.py:3036} INFO - Sync 1 DAGs
[2025-02-10T10:44:21.662+0000] {logging_mixin.py:188} INFO - [2025-02-10T10:44:21.662+0000] {dag.py:3823} INFO - Setting next_dagrun for example_weekday_branch_operator to 2025-02-09 00:00:00+00:00, run_after=2025-02-10 00:00:00+00:00
[2025-02-10T10:44:21.688+0000] {processor.py:183} INFO - Processing /home/airflow/.local/lib/python3.8/site-packages/airflow/example_dags/example_branch_day_of_week_operator.py took 0.274 seconds
[2025-02-10T10:44:52.949+0000] {processor.py:161} INFO - Started process (PID=3468) to work on /home/airflow/.local/lib/python3.8/site-packages/airflow/example_dags/example_branch_day_of_week_operator.py
[2025-02-10T10:44:52.952+0000] {processor.py:830} INFO - Processing file /home/airflow/.local/lib/python3.8/site-packages/airflow/example_dags/example_branch_day_of_week_operator.py for tasks to queue
[2025-02-10T10:44:52.957+0000] {logging_mixin.py:188} INFO - [2025-02-10T10:44:52.956+0000] {dagbag.py:538} INFO - Filling up the DagBag from /home/airflow/.local/lib/python3.8/site-packages/airflow/example_dags/example_branch_day_of_week_operator.py
[2025-02-10T10:44:52.989+0000] {processor.py:840} INFO - DAG(s) 'example_weekday_branch_operator' retrieved from /home/airflow/.local/lib/python3.8/site-packages/airflow/example_dags/example_branch_day_of_week_operator.py
[2025-02-10T10:44:53.048+0000] {logging_mixin.py:188} INFO - [2025-02-10T10:44:53.047+0000] {dag.py:3036} INFO - Sync 1 DAGs
[2025-02-10T10:44:53.134+0000] {logging_mixin.py:188} INFO - [2025-02-10T10:44:53.133+0000] {dag.py:3823} INFO - Setting next_dagrun for example_weekday_branch_operator to 2025-02-09 00:00:00+00:00, run_after=2025-02-10 00:00:00+00:00
[2025-02-10T10:44:53.249+0000] {processor.py:183} INFO - Processing /home/airflow/.local/lib/python3.8/site-packages/airflow/example_dags/example_branch_day_of_week_operator.py took 0.311 seconds
