[2025-02-10T10:18:52.001+0000] {processor.py:161} INFO - Started process (PID=114) to work on /home/airflow/.local/lib/python3.8/site-packages/airflow/example_dags/example_branch_operator.py
[2025-02-10T10:18:52.004+0000] {processor.py:830} INFO - Processing file /home/airflow/.local/lib/python3.8/site-packages/airflow/example_dags/example_branch_operator.py for tasks to queue
[2025-02-10T10:18:52.010+0000] {logging_mixin.py:188} INFO - [2025-02-10T10:18:52.010+0000] {dagbag.py:538} INFO - Filling up the DagBag from /home/airflow/.local/lib/python3.8/site-packages/airflow/example_dags/example_branch_operator.py
[2025-02-10T10:18:52.088+0000] {processor.py:840} INFO - DAG(s) 'example_branch_operator' retrieved from /home/airflow/.local/lib/python3.8/site-packages/airflow/example_dags/example_branch_operator.py
[2025-02-10T10:18:52.493+0000] {logging_mixin.py:188} INFO - [2025-02-10T10:18:52.492+0000] {dag.py:3036} INFO - Sync 1 DAGs
[2025-02-10T10:18:52.553+0000] {logging_mixin.py:188} INFO - [2025-02-10T10:18:52.552+0000] {dag.py:3823} INFO - Setting next_dagrun for example_branch_operator to 2025-02-09 00:00:00+00:00, run_after=2025-02-10 00:00:00+00:00
[2025-02-10T10:18:52.616+0000] {processor.py:183} INFO - Processing /home/airflow/.local/lib/python3.8/site-packages/airflow/example_dags/example_branch_operator.py took 0.625 seconds
[2025-02-10T10:19:22.696+0000] {processor.py:161} INFO - Started process (PID=179) to work on /home/airflow/.local/lib/python3.8/site-packages/airflow/example_dags/example_branch_operator.py
[2025-02-10T10:19:22.706+0000] {processor.py:830} INFO - Processing file /home/airflow/.local/lib/python3.8/site-packages/airflow/example_dags/example_branch_operator.py for tasks to queue
[2025-02-10T10:19:22.711+0000] {logging_mixin.py:188} INFO - [2025-02-10T10:19:22.711+0000] {dagbag.py:538} INFO - Filling up the DagBag from /home/airflow/.local/lib/python3.8/site-packages/airflow/example_dags/example_branch_operator.py
[2025-02-10T10:19:22.781+0000] {processor.py:840} INFO - DAG(s) 'example_branch_operator' retrieved from /home/airflow/.local/lib/python3.8/site-packages/airflow/example_dags/example_branch_operator.py
[2025-02-10T10:19:22.908+0000] {logging_mixin.py:188} INFO - [2025-02-10T10:19:22.906+0000] {dag.py:3036} INFO - Sync 1 DAGs
[2025-02-10T10:19:23.004+0000] {logging_mixin.py:188} INFO - [2025-02-10T10:19:23.003+0000] {dag.py:3823} INFO - Setting next_dagrun for example_branch_operator to 2025-02-09 00:00:00+00:00, run_after=2025-02-10 00:00:00+00:00
[2025-02-10T10:19:23.052+0000] {processor.py:183} INFO - Processing /home/airflow/.local/lib/python3.8/site-packages/airflow/example_dags/example_branch_operator.py took 0.368 seconds
[2025-02-10T10:19:53.211+0000] {processor.py:161} INFO - Started process (PID=243) to work on /home/airflow/.local/lib/python3.8/site-packages/airflow/example_dags/example_branch_operator.py
[2025-02-10T10:19:53.213+0000] {processor.py:830} INFO - Processing file /home/airflow/.local/lib/python3.8/site-packages/airflow/example_dags/example_branch_operator.py for tasks to queue
[2025-02-10T10:19:53.220+0000] {logging_mixin.py:188} INFO - [2025-02-10T10:19:53.219+0000] {dagbag.py:538} INFO - Filling up the DagBag from /home/airflow/.local/lib/python3.8/site-packages/airflow/example_dags/example_branch_operator.py
[2025-02-10T10:19:53.267+0000] {processor.py:840} INFO - DAG(s) 'example_branch_operator' retrieved from /home/airflow/.local/lib/python3.8/site-packages/airflow/example_dags/example_branch_operator.py
[2025-02-10T10:19:53.343+0000] {logging_mixin.py:188} INFO - [2025-02-10T10:19:53.342+0000] {dag.py:3036} INFO - Sync 1 DAGs
[2025-02-10T10:19:53.407+0000] {logging_mixin.py:188} INFO - [2025-02-10T10:19:53.407+0000] {dag.py:3823} INFO - Setting next_dagrun for example_branch_operator to 2025-02-09 00:00:00+00:00, run_after=2025-02-10 00:00:00+00:00
[2025-02-10T10:19:53.451+0000] {processor.py:183} INFO - Processing /home/airflow/.local/lib/python3.8/site-packages/airflow/example_dags/example_branch_operator.py took 0.246 seconds
[2025-02-10T10:20:23.698+0000] {processor.py:161} INFO - Started process (PID=300) to work on /home/airflow/.local/lib/python3.8/site-packages/airflow/example_dags/example_branch_operator.py
[2025-02-10T10:20:23.699+0000] {processor.py:830} INFO - Processing file /home/airflow/.local/lib/python3.8/site-packages/airflow/example_dags/example_branch_operator.py for tasks to queue
[2025-02-10T10:20:23.702+0000] {logging_mixin.py:188} INFO - [2025-02-10T10:20:23.702+0000] {dagbag.py:538} INFO - Filling up the DagBag from /home/airflow/.local/lib/python3.8/site-packages/airflow/example_dags/example_branch_operator.py
[2025-02-10T10:20:23.729+0000] {processor.py:840} INFO - DAG(s) 'example_branch_operator' retrieved from /home/airflow/.local/lib/python3.8/site-packages/airflow/example_dags/example_branch_operator.py
[2025-02-10T10:20:23.778+0000] {logging_mixin.py:188} INFO - [2025-02-10T10:20:23.778+0000] {dag.py:3036} INFO - Sync 1 DAGs
[2025-02-10T10:20:23.817+0000] {logging_mixin.py:188} INFO - [2025-02-10T10:20:23.816+0000] {dag.py:3823} INFO - Setting next_dagrun for example_branch_operator to 2025-02-09 00:00:00+00:00, run_after=2025-02-10 00:00:00+00:00
[2025-02-10T10:20:23.846+0000] {processor.py:183} INFO - Processing /home/airflow/.local/lib/python3.8/site-packages/airflow/example_dags/example_branch_operator.py took 0.153 seconds
[2025-02-10T10:20:54.338+0000] {processor.py:161} INFO - Started process (PID=364) to work on /home/airflow/.local/lib/python3.8/site-packages/airflow/example_dags/example_branch_operator.py
[2025-02-10T10:20:54.340+0000] {processor.py:830} INFO - Processing file /home/airflow/.local/lib/python3.8/site-packages/airflow/example_dags/example_branch_operator.py for tasks to queue
[2025-02-10T10:20:54.343+0000] {logging_mixin.py:188} INFO - [2025-02-10T10:20:54.342+0000] {dagbag.py:538} INFO - Filling up the DagBag from /home/airflow/.local/lib/python3.8/site-packages/airflow/example_dags/example_branch_operator.py
[2025-02-10T10:20:54.377+0000] {processor.py:840} INFO - DAG(s) 'example_branch_operator' retrieved from /home/airflow/.local/lib/python3.8/site-packages/airflow/example_dags/example_branch_operator.py
[2025-02-10T10:20:54.438+0000] {logging_mixin.py:188} INFO - [2025-02-10T10:20:54.438+0000] {dag.py:3036} INFO - Sync 1 DAGs
[2025-02-10T10:20:54.495+0000] {logging_mixin.py:188} INFO - [2025-02-10T10:20:54.494+0000] {dag.py:3823} INFO - Setting next_dagrun for example_branch_operator to 2025-02-09 00:00:00+00:00, run_after=2025-02-10 00:00:00+00:00
[2025-02-10T10:20:54.539+0000] {processor.py:183} INFO - Processing /home/airflow/.local/lib/python3.8/site-packages/airflow/example_dags/example_branch_operator.py took 0.207 seconds
[2025-02-10T10:21:25.255+0000] {processor.py:161} INFO - Started process (PID=428) to work on /home/airflow/.local/lib/python3.8/site-packages/airflow/example_dags/example_branch_operator.py
[2025-02-10T10:21:25.258+0000] {processor.py:830} INFO - Processing file /home/airflow/.local/lib/python3.8/site-packages/airflow/example_dags/example_branch_operator.py for tasks to queue
[2025-02-10T10:21:25.261+0000] {logging_mixin.py:188} INFO - [2025-02-10T10:21:25.261+0000] {dagbag.py:538} INFO - Filling up the DagBag from /home/airflow/.local/lib/python3.8/site-packages/airflow/example_dags/example_branch_operator.py
[2025-02-10T10:21:25.321+0000] {processor.py:840} INFO - DAG(s) 'example_branch_operator' retrieved from /home/airflow/.local/lib/python3.8/site-packages/airflow/example_dags/example_branch_operator.py
[2025-02-10T10:21:25.416+0000] {logging_mixin.py:188} INFO - [2025-02-10T10:21:25.416+0000] {dag.py:3036} INFO - Sync 1 DAGs
[2025-02-10T10:21:25.503+0000] {logging_mixin.py:188} INFO - [2025-02-10T10:21:25.503+0000] {dag.py:3823} INFO - Setting next_dagrun for example_branch_operator to 2025-02-09 00:00:00+00:00, run_after=2025-02-10 00:00:00+00:00
[2025-02-10T10:21:25.577+0000] {processor.py:183} INFO - Processing /home/airflow/.local/lib/python3.8/site-packages/airflow/example_dags/example_branch_operator.py took 0.331 seconds
[2025-02-10T10:21:55.662+0000] {processor.py:161} INFO - Started process (PID=492) to work on /home/airflow/.local/lib/python3.8/site-packages/airflow/example_dags/example_branch_operator.py
[2025-02-10T10:21:55.677+0000] {processor.py:830} INFO - Processing file /home/airflow/.local/lib/python3.8/site-packages/airflow/example_dags/example_branch_operator.py for tasks to queue
[2025-02-10T10:21:55.681+0000] {logging_mixin.py:188} INFO - [2025-02-10T10:21:55.681+0000] {dagbag.py:538} INFO - Filling up the DagBag from /home/airflow/.local/lib/python3.8/site-packages/airflow/example_dags/example_branch_operator.py
[2025-02-10T10:21:55.759+0000] {processor.py:840} INFO - DAG(s) 'example_branch_operator' retrieved from /home/airflow/.local/lib/python3.8/site-packages/airflow/example_dags/example_branch_operator.py
[2025-02-10T10:21:56.162+0000] {logging_mixin.py:188} INFO - [2025-02-10T10:21:56.161+0000] {dag.py:3036} INFO - Sync 1 DAGs
[2025-02-10T10:21:56.316+0000] {logging_mixin.py:188} INFO - [2025-02-10T10:21:56.316+0000] {dag.py:3823} INFO - Setting next_dagrun for example_branch_operator to 2025-02-09 00:00:00+00:00, run_after=2025-02-10 00:00:00+00:00
[2025-02-10T10:21:56.483+0000] {processor.py:183} INFO - Processing /home/airflow/.local/lib/python3.8/site-packages/airflow/example_dags/example_branch_operator.py took 0.827 seconds
[2025-02-10T10:22:27.187+0000] {processor.py:161} INFO - Started process (PID=550) to work on /home/airflow/.local/lib/python3.8/site-packages/airflow/example_dags/example_branch_operator.py
[2025-02-10T10:22:27.190+0000] {processor.py:830} INFO - Processing file /home/airflow/.local/lib/python3.8/site-packages/airflow/example_dags/example_branch_operator.py for tasks to queue
[2025-02-10T10:22:27.199+0000] {logging_mixin.py:188} INFO - [2025-02-10T10:22:27.197+0000] {dagbag.py:538} INFO - Filling up the DagBag from /home/airflow/.local/lib/python3.8/site-packages/airflow/example_dags/example_branch_operator.py
[2025-02-10T10:22:27.276+0000] {processor.py:840} INFO - DAG(s) 'example_branch_operator' retrieved from /home/airflow/.local/lib/python3.8/site-packages/airflow/example_dags/example_branch_operator.py
[2025-02-10T10:22:27.409+0000] {logging_mixin.py:188} INFO - [2025-02-10T10:22:27.409+0000] {dag.py:3036} INFO - Sync 1 DAGs
[2025-02-10T10:22:27.567+0000] {logging_mixin.py:188} INFO - [2025-02-10T10:22:27.566+0000] {dag.py:3823} INFO - Setting next_dagrun for example_branch_operator to 2025-02-09 00:00:00+00:00, run_after=2025-02-10 00:00:00+00:00
[2025-02-10T10:22:27.626+0000] {processor.py:183} INFO - Processing /home/airflow/.local/lib/python3.8/site-packages/airflow/example_dags/example_branch_operator.py took 0.449 seconds
[2025-02-10T10:22:57.964+0000] {processor.py:161} INFO - Started process (PID=615) to work on /home/airflow/.local/lib/python3.8/site-packages/airflow/example_dags/example_branch_operator.py
[2025-02-10T10:22:57.967+0000] {processor.py:830} INFO - Processing file /home/airflow/.local/lib/python3.8/site-packages/airflow/example_dags/example_branch_operator.py for tasks to queue
[2025-02-10T10:22:57.977+0000] {logging_mixin.py:188} INFO - [2025-02-10T10:22:57.976+0000] {dagbag.py:538} INFO - Filling up the DagBag from /home/airflow/.local/lib/python3.8/site-packages/airflow/example_dags/example_branch_operator.py
[2025-02-10T10:22:58.049+0000] {processor.py:840} INFO - DAG(s) 'example_branch_operator' retrieved from /home/airflow/.local/lib/python3.8/site-packages/airflow/example_dags/example_branch_operator.py
[2025-02-10T10:22:58.134+0000] {logging_mixin.py:188} INFO - [2025-02-10T10:22:58.133+0000] {dag.py:3036} INFO - Sync 1 DAGs
[2025-02-10T10:22:58.199+0000] {logging_mixin.py:188} INFO - [2025-02-10T10:22:58.198+0000] {dag.py:3823} INFO - Setting next_dagrun for example_branch_operator to 2025-02-09 00:00:00+00:00, run_after=2025-02-10 00:00:00+00:00
[2025-02-10T10:22:58.268+0000] {processor.py:183} INFO - Processing /home/airflow/.local/lib/python3.8/site-packages/airflow/example_dags/example_branch_operator.py took 0.320 seconds
[2025-02-10T10:23:28.819+0000] {processor.py:161} INFO - Started process (PID=680) to work on /home/airflow/.local/lib/python3.8/site-packages/airflow/example_dags/example_branch_operator.py
[2025-02-10T10:23:28.821+0000] {processor.py:830} INFO - Processing file /home/airflow/.local/lib/python3.8/site-packages/airflow/example_dags/example_branch_operator.py for tasks to queue
[2025-02-10T10:23:28.824+0000] {logging_mixin.py:188} INFO - [2025-02-10T10:23:28.824+0000] {dagbag.py:538} INFO - Filling up the DagBag from /home/airflow/.local/lib/python3.8/site-packages/airflow/example_dags/example_branch_operator.py
[2025-02-10T10:23:28.852+0000] {processor.py:840} INFO - DAG(s) 'example_branch_operator' retrieved from /home/airflow/.local/lib/python3.8/site-packages/airflow/example_dags/example_branch_operator.py
[2025-02-10T10:23:28.894+0000] {logging_mixin.py:188} INFO - [2025-02-10T10:23:28.893+0000] {dag.py:3036} INFO - Sync 1 DAGs
[2025-02-10T10:23:28.929+0000] {logging_mixin.py:188} INFO - [2025-02-10T10:23:28.928+0000] {dag.py:3823} INFO - Setting next_dagrun for example_branch_operator to 2025-02-09 00:00:00+00:00, run_after=2025-02-10 00:00:00+00:00
[2025-02-10T10:23:28.962+0000] {processor.py:183} INFO - Processing /home/airflow/.local/lib/python3.8/site-packages/airflow/example_dags/example_branch_operator.py took 0.149 seconds
[2025-02-10T10:23:59.349+0000] {processor.py:161} INFO - Started process (PID=745) to work on /home/airflow/.local/lib/python3.8/site-packages/airflow/example_dags/example_branch_operator.py
[2025-02-10T10:23:59.351+0000] {processor.py:830} INFO - Processing file /home/airflow/.local/lib/python3.8/site-packages/airflow/example_dags/example_branch_operator.py for tasks to queue
[2025-02-10T10:23:59.355+0000] {logging_mixin.py:188} INFO - [2025-02-10T10:23:59.354+0000] {dagbag.py:538} INFO - Filling up the DagBag from /home/airflow/.local/lib/python3.8/site-packages/airflow/example_dags/example_branch_operator.py
[2025-02-10T10:23:59.387+0000] {processor.py:840} INFO - DAG(s) 'example_branch_operator' retrieved from /home/airflow/.local/lib/python3.8/site-packages/airflow/example_dags/example_branch_operator.py
[2025-02-10T10:23:59.438+0000] {logging_mixin.py:188} INFO - [2025-02-10T10:23:59.437+0000] {dag.py:3036} INFO - Sync 1 DAGs
[2025-02-10T10:23:59.484+0000] {logging_mixin.py:188} INFO - [2025-02-10T10:23:59.484+0000] {dag.py:3823} INFO - Setting next_dagrun for example_branch_operator to 2025-02-09 00:00:00+00:00, run_after=2025-02-10 00:00:00+00:00
[2025-02-10T10:23:59.532+0000] {processor.py:183} INFO - Processing /home/airflow/.local/lib/python3.8/site-packages/airflow/example_dags/example_branch_operator.py took 0.189 seconds
[2025-02-10T10:24:30.084+0000] {processor.py:161} INFO - Started process (PID=818) to work on /home/airflow/.local/lib/python3.8/site-packages/airflow/example_dags/example_branch_operator.py
[2025-02-10T10:24:30.087+0000] {processor.py:830} INFO - Processing file /home/airflow/.local/lib/python3.8/site-packages/airflow/example_dags/example_branch_operator.py for tasks to queue
[2025-02-10T10:24:30.090+0000] {logging_mixin.py:188} INFO - [2025-02-10T10:24:30.089+0000] {dagbag.py:538} INFO - Filling up the DagBag from /home/airflow/.local/lib/python3.8/site-packages/airflow/example_dags/example_branch_operator.py
[2025-02-10T10:24:30.118+0000] {processor.py:840} INFO - DAG(s) 'example_branch_operator' retrieved from /home/airflow/.local/lib/python3.8/site-packages/airflow/example_dags/example_branch_operator.py
[2025-02-10T10:24:30.162+0000] {logging_mixin.py:188} INFO - [2025-02-10T10:24:30.162+0000] {dag.py:3036} INFO - Sync 1 DAGs
[2025-02-10T10:24:30.195+0000] {logging_mixin.py:188} INFO - [2025-02-10T10:24:30.195+0000] {dag.py:3823} INFO - Setting next_dagrun for example_branch_operator to 2025-02-09 00:00:00+00:00, run_after=2025-02-10 00:00:00+00:00
[2025-02-10T10:24:30.232+0000] {processor.py:183} INFO - Processing /home/airflow/.local/lib/python3.8/site-packages/airflow/example_dags/example_branch_operator.py took 0.154 seconds
[2025-02-10T10:25:00.807+0000] {processor.py:161} INFO - Started process (PID=883) to work on /home/airflow/.local/lib/python3.8/site-packages/airflow/example_dags/example_branch_operator.py
[2025-02-10T10:25:00.809+0000] {processor.py:830} INFO - Processing file /home/airflow/.local/lib/python3.8/site-packages/airflow/example_dags/example_branch_operator.py for tasks to queue
[2025-02-10T10:25:00.812+0000] {logging_mixin.py:188} INFO - [2025-02-10T10:25:00.812+0000] {dagbag.py:538} INFO - Filling up the DagBag from /home/airflow/.local/lib/python3.8/site-packages/airflow/example_dags/example_branch_operator.py
[2025-02-10T10:25:00.841+0000] {processor.py:840} INFO - DAG(s) 'example_branch_operator' retrieved from /home/airflow/.local/lib/python3.8/site-packages/airflow/example_dags/example_branch_operator.py
[2025-02-10T10:25:00.886+0000] {logging_mixin.py:188} INFO - [2025-02-10T10:25:00.885+0000] {dag.py:3036} INFO - Sync 1 DAGs
[2025-02-10T10:25:00.920+0000] {logging_mixin.py:188} INFO - [2025-02-10T10:25:00.920+0000] {dag.py:3823} INFO - Setting next_dagrun for example_branch_operator to 2025-02-09 00:00:00+00:00, run_after=2025-02-10 00:00:00+00:00
[2025-02-10T10:25:00.953+0000] {processor.py:183} INFO - Processing /home/airflow/.local/lib/python3.8/site-packages/airflow/example_dags/example_branch_operator.py took 0.154 seconds
[2025-02-10T10:25:31.786+0000] {processor.py:161} INFO - Started process (PID=947) to work on /home/airflow/.local/lib/python3.8/site-packages/airflow/example_dags/example_branch_operator.py
[2025-02-10T10:25:31.791+0000] {processor.py:830} INFO - Processing file /home/airflow/.local/lib/python3.8/site-packages/airflow/example_dags/example_branch_operator.py for tasks to queue
[2025-02-10T10:25:31.796+0000] {logging_mixin.py:188} INFO - [2025-02-10T10:25:31.795+0000] {dagbag.py:538} INFO - Filling up the DagBag from /home/airflow/.local/lib/python3.8/site-packages/airflow/example_dags/example_branch_operator.py
[2025-02-10T10:25:31.833+0000] {processor.py:840} INFO - DAG(s) 'example_branch_operator' retrieved from /home/airflow/.local/lib/python3.8/site-packages/airflow/example_dags/example_branch_operator.py
[2025-02-10T10:25:31.895+0000] {logging_mixin.py:188} INFO - [2025-02-10T10:25:31.895+0000] {dag.py:3036} INFO - Sync 1 DAGs
[2025-02-10T10:25:31.959+0000] {logging_mixin.py:188} INFO - [2025-02-10T10:25:31.959+0000] {dag.py:3823} INFO - Setting next_dagrun for example_branch_operator to 2025-02-09 00:00:00+00:00, run_after=2025-02-10 00:00:00+00:00
[2025-02-10T10:25:31.998+0000] {processor.py:183} INFO - Processing /home/airflow/.local/lib/python3.8/site-packages/airflow/example_dags/example_branch_operator.py took 0.228 seconds
[2025-02-10T10:26:02.550+0000] {processor.py:161} INFO - Started process (PID=1020) to work on /home/airflow/.local/lib/python3.8/site-packages/airflow/example_dags/example_branch_operator.py
[2025-02-10T10:26:02.552+0000] {processor.py:830} INFO - Processing file /home/airflow/.local/lib/python3.8/site-packages/airflow/example_dags/example_branch_operator.py for tasks to queue
[2025-02-10T10:26:02.557+0000] {logging_mixin.py:188} INFO - [2025-02-10T10:26:02.556+0000] {dagbag.py:538} INFO - Filling up the DagBag from /home/airflow/.local/lib/python3.8/site-packages/airflow/example_dags/example_branch_operator.py
[2025-02-10T10:26:02.599+0000] {processor.py:840} INFO - DAG(s) 'example_branch_operator' retrieved from /home/airflow/.local/lib/python3.8/site-packages/airflow/example_dags/example_branch_operator.py
[2025-02-10T10:26:02.686+0000] {logging_mixin.py:188} INFO - [2025-02-10T10:26:02.685+0000] {dag.py:3036} INFO - Sync 1 DAGs
[2025-02-10T10:26:02.757+0000] {logging_mixin.py:188} INFO - [2025-02-10T10:26:02.757+0000] {dag.py:3823} INFO - Setting next_dagrun for example_branch_operator to 2025-02-09 00:00:00+00:00, run_after=2025-02-10 00:00:00+00:00
[2025-02-10T10:26:02.811+0000] {processor.py:183} INFO - Processing /home/airflow/.local/lib/python3.8/site-packages/airflow/example_dags/example_branch_operator.py took 0.266 seconds
[2025-02-10T10:26:33.000+0000] {processor.py:161} INFO - Started process (PID=1084) to work on /home/airflow/.local/lib/python3.8/site-packages/airflow/example_dags/example_branch_operator.py
[2025-02-10T10:26:33.002+0000] {processor.py:830} INFO - Processing file /home/airflow/.local/lib/python3.8/site-packages/airflow/example_dags/example_branch_operator.py for tasks to queue
[2025-02-10T10:26:33.005+0000] {logging_mixin.py:188} INFO - [2025-02-10T10:26:33.004+0000] {dagbag.py:538} INFO - Filling up the DagBag from /home/airflow/.local/lib/python3.8/site-packages/airflow/example_dags/example_branch_operator.py
[2025-02-10T10:26:33.041+0000] {processor.py:840} INFO - DAG(s) 'example_branch_operator' retrieved from /home/airflow/.local/lib/python3.8/site-packages/airflow/example_dags/example_branch_operator.py
[2025-02-10T10:26:33.086+0000] {logging_mixin.py:188} INFO - [2025-02-10T10:26:33.085+0000] {dag.py:3036} INFO - Sync 1 DAGs
[2025-02-10T10:26:33.130+0000] {logging_mixin.py:188} INFO - [2025-02-10T10:26:33.129+0000] {dag.py:3823} INFO - Setting next_dagrun for example_branch_operator to 2025-02-09 00:00:00+00:00, run_after=2025-02-10 00:00:00+00:00
[2025-02-10T10:26:33.175+0000] {processor.py:183} INFO - Processing /home/airflow/.local/lib/python3.8/site-packages/airflow/example_dags/example_branch_operator.py took 0.180 seconds
[2025-02-10T10:27:03.558+0000] {processor.py:161} INFO - Started process (PID=1148) to work on /home/airflow/.local/lib/python3.8/site-packages/airflow/example_dags/example_branch_operator.py
[2025-02-10T10:27:03.559+0000] {processor.py:830} INFO - Processing file /home/airflow/.local/lib/python3.8/site-packages/airflow/example_dags/example_branch_operator.py for tasks to queue
[2025-02-10T10:27:03.562+0000] {logging_mixin.py:188} INFO - [2025-02-10T10:27:03.562+0000] {dagbag.py:538} INFO - Filling up the DagBag from /home/airflow/.local/lib/python3.8/site-packages/airflow/example_dags/example_branch_operator.py
[2025-02-10T10:27:03.593+0000] {processor.py:840} INFO - DAG(s) 'example_branch_operator' retrieved from /home/airflow/.local/lib/python3.8/site-packages/airflow/example_dags/example_branch_operator.py
[2025-02-10T10:27:03.644+0000] {logging_mixin.py:188} INFO - [2025-02-10T10:27:03.644+0000] {dag.py:3036} INFO - Sync 1 DAGs
[2025-02-10T10:27:03.684+0000] {logging_mixin.py:188} INFO - [2025-02-10T10:27:03.684+0000] {dag.py:3823} INFO - Setting next_dagrun for example_branch_operator to 2025-02-09 00:00:00+00:00, run_after=2025-02-10 00:00:00+00:00
[2025-02-10T10:27:03.714+0000] {processor.py:183} INFO - Processing /home/airflow/.local/lib/python3.8/site-packages/airflow/example_dags/example_branch_operator.py took 0.162 seconds
[2025-02-10T10:27:34.385+0000] {processor.py:161} INFO - Started process (PID=1221) to work on /home/airflow/.local/lib/python3.8/site-packages/airflow/example_dags/example_branch_operator.py
[2025-02-10T10:27:34.388+0000] {processor.py:830} INFO - Processing file /home/airflow/.local/lib/python3.8/site-packages/airflow/example_dags/example_branch_operator.py for tasks to queue
[2025-02-10T10:27:34.395+0000] {logging_mixin.py:188} INFO - [2025-02-10T10:27:34.394+0000] {dagbag.py:538} INFO - Filling up the DagBag from /home/airflow/.local/lib/python3.8/site-packages/airflow/example_dags/example_branch_operator.py
[2025-02-10T10:27:34.434+0000] {processor.py:840} INFO - DAG(s) 'example_branch_operator' retrieved from /home/airflow/.local/lib/python3.8/site-packages/airflow/example_dags/example_branch_operator.py
[2025-02-10T10:27:34.490+0000] {logging_mixin.py:188} INFO - [2025-02-10T10:27:34.489+0000] {dag.py:3036} INFO - Sync 1 DAGs
[2025-02-10T10:27:34.550+0000] {logging_mixin.py:188} INFO - [2025-02-10T10:27:34.549+0000] {dag.py:3823} INFO - Setting next_dagrun for example_branch_operator to 2025-02-09 00:00:00+00:00, run_after=2025-02-10 00:00:00+00:00
[2025-02-10T10:27:34.605+0000] {processor.py:183} INFO - Processing /home/airflow/.local/lib/python3.8/site-packages/airflow/example_dags/example_branch_operator.py took 0.227 seconds
[2025-02-10T10:28:04.869+0000] {processor.py:161} INFO - Started process (PID=1284) to work on /home/airflow/.local/lib/python3.8/site-packages/airflow/example_dags/example_branch_operator.py
[2025-02-10T10:28:04.871+0000] {processor.py:830} INFO - Processing file /home/airflow/.local/lib/python3.8/site-packages/airflow/example_dags/example_branch_operator.py for tasks to queue
[2025-02-10T10:28:04.874+0000] {logging_mixin.py:188} INFO - [2025-02-10T10:28:04.874+0000] {dagbag.py:538} INFO - Filling up the DagBag from /home/airflow/.local/lib/python3.8/site-packages/airflow/example_dags/example_branch_operator.py
[2025-02-10T10:28:04.900+0000] {processor.py:840} INFO - DAG(s) 'example_branch_operator' retrieved from /home/airflow/.local/lib/python3.8/site-packages/airflow/example_dags/example_branch_operator.py
[2025-02-10T10:28:04.956+0000] {logging_mixin.py:188} INFO - [2025-02-10T10:28:04.955+0000] {dag.py:3036} INFO - Sync 1 DAGs
[2025-02-10T10:28:05.008+0000] {logging_mixin.py:188} INFO - [2025-02-10T10:28:05.007+0000] {dag.py:3823} INFO - Setting next_dagrun for example_branch_operator to 2025-02-09 00:00:00+00:00, run_after=2025-02-10 00:00:00+00:00
[2025-02-10T10:28:05.046+0000] {processor.py:183} INFO - Processing /home/airflow/.local/lib/python3.8/site-packages/airflow/example_dags/example_branch_operator.py took 0.185 seconds
[2025-02-10T10:28:35.204+0000] {processor.py:161} INFO - Started process (PID=1349) to work on /home/airflow/.local/lib/python3.8/site-packages/airflow/example_dags/example_branch_operator.py
[2025-02-10T10:28:35.206+0000] {processor.py:830} INFO - Processing file /home/airflow/.local/lib/python3.8/site-packages/airflow/example_dags/example_branch_operator.py for tasks to queue
[2025-02-10T10:28:35.209+0000] {logging_mixin.py:188} INFO - [2025-02-10T10:28:35.208+0000] {dagbag.py:538} INFO - Filling up the DagBag from /home/airflow/.local/lib/python3.8/site-packages/airflow/example_dags/example_branch_operator.py
[2025-02-10T10:28:35.233+0000] {processor.py:840} INFO - DAG(s) 'example_branch_operator' retrieved from /home/airflow/.local/lib/python3.8/site-packages/airflow/example_dags/example_branch_operator.py
[2025-02-10T10:28:35.280+0000] {logging_mixin.py:188} INFO - [2025-02-10T10:28:35.280+0000] {dag.py:3036} INFO - Sync 1 DAGs
[2025-02-10T10:28:35.318+0000] {logging_mixin.py:188} INFO - [2025-02-10T10:28:35.317+0000] {dag.py:3823} INFO - Setting next_dagrun for example_branch_operator to 2025-02-09 00:00:00+00:00, run_after=2025-02-10 00:00:00+00:00
[2025-02-10T10:28:35.353+0000] {processor.py:183} INFO - Processing /home/airflow/.local/lib/python3.8/site-packages/airflow/example_dags/example_branch_operator.py took 0.153 seconds
[2025-02-10T10:29:05.680+0000] {processor.py:161} INFO - Started process (PID=1414) to work on /home/airflow/.local/lib/python3.8/site-packages/airflow/example_dags/example_branch_operator.py
[2025-02-10T10:29:05.682+0000] {processor.py:830} INFO - Processing file /home/airflow/.local/lib/python3.8/site-packages/airflow/example_dags/example_branch_operator.py for tasks to queue
[2025-02-10T10:29:05.686+0000] {logging_mixin.py:188} INFO - [2025-02-10T10:29:05.685+0000] {dagbag.py:538} INFO - Filling up the DagBag from /home/airflow/.local/lib/python3.8/site-packages/airflow/example_dags/example_branch_operator.py
[2025-02-10T10:29:05.724+0000] {processor.py:840} INFO - DAG(s) 'example_branch_operator' retrieved from /home/airflow/.local/lib/python3.8/site-packages/airflow/example_dags/example_branch_operator.py
[2025-02-10T10:29:05.789+0000] {logging_mixin.py:188} INFO - [2025-02-10T10:29:05.787+0000] {dag.py:3036} INFO - Sync 1 DAGs
[2025-02-10T10:29:05.844+0000] {logging_mixin.py:188} INFO - [2025-02-10T10:29:05.844+0000] {dag.py:3823} INFO - Setting next_dagrun for example_branch_operator to 2025-02-09 00:00:00+00:00, run_after=2025-02-10 00:00:00+00:00
[2025-02-10T10:29:05.882+0000] {processor.py:183} INFO - Processing /home/airflow/.local/lib/python3.8/site-packages/airflow/example_dags/example_branch_operator.py took 0.206 seconds
[2025-02-10T10:29:36.105+0000] {processor.py:161} INFO - Started process (PID=1487) to work on /home/airflow/.local/lib/python3.8/site-packages/airflow/example_dags/example_branch_operator.py
[2025-02-10T10:29:36.108+0000] {processor.py:830} INFO - Processing file /home/airflow/.local/lib/python3.8/site-packages/airflow/example_dags/example_branch_operator.py for tasks to queue
[2025-02-10T10:29:36.116+0000] {logging_mixin.py:188} INFO - [2025-02-10T10:29:36.114+0000] {dagbag.py:538} INFO - Filling up the DagBag from /home/airflow/.local/lib/python3.8/site-packages/airflow/example_dags/example_branch_operator.py
[2025-02-10T10:29:36.169+0000] {processor.py:840} INFO - DAG(s) 'example_branch_operator' retrieved from /home/airflow/.local/lib/python3.8/site-packages/airflow/example_dags/example_branch_operator.py
[2025-02-10T10:29:36.260+0000] {logging_mixin.py:188} INFO - [2025-02-10T10:29:36.259+0000] {dag.py:3036} INFO - Sync 1 DAGs
[2025-02-10T10:29:36.307+0000] {logging_mixin.py:188} INFO - [2025-02-10T10:29:36.307+0000] {dag.py:3823} INFO - Setting next_dagrun for example_branch_operator to 2025-02-09 00:00:00+00:00, run_after=2025-02-10 00:00:00+00:00
[2025-02-10T10:29:36.344+0000] {processor.py:183} INFO - Processing /home/airflow/.local/lib/python3.8/site-packages/airflow/example_dags/example_branch_operator.py took 0.245 seconds
[2025-02-10T10:30:06.663+0000] {processor.py:161} INFO - Started process (PID=1552) to work on /home/airflow/.local/lib/python3.8/site-packages/airflow/example_dags/example_branch_operator.py
[2025-02-10T10:30:06.664+0000] {processor.py:830} INFO - Processing file /home/airflow/.local/lib/python3.8/site-packages/airflow/example_dags/example_branch_operator.py for tasks to queue
[2025-02-10T10:30:06.669+0000] {logging_mixin.py:188} INFO - [2025-02-10T10:30:06.668+0000] {dagbag.py:538} INFO - Filling up the DagBag from /home/airflow/.local/lib/python3.8/site-packages/airflow/example_dags/example_branch_operator.py
[2025-02-10T10:30:06.698+0000] {processor.py:840} INFO - DAG(s) 'example_branch_operator' retrieved from /home/airflow/.local/lib/python3.8/site-packages/airflow/example_dags/example_branch_operator.py
[2025-02-10T10:30:06.744+0000] {logging_mixin.py:188} INFO - [2025-02-10T10:30:06.744+0000] {dag.py:3036} INFO - Sync 1 DAGs
[2025-02-10T10:30:06.783+0000] {logging_mixin.py:188} INFO - [2025-02-10T10:30:06.783+0000] {dag.py:3823} INFO - Setting next_dagrun for example_branch_operator to 2025-02-09 00:00:00+00:00, run_after=2025-02-10 00:00:00+00:00
[2025-02-10T10:30:06.818+0000] {processor.py:183} INFO - Processing /home/airflow/.local/lib/python3.8/site-packages/airflow/example_dags/example_branch_operator.py took 0.161 seconds
[2025-02-10T10:30:37.010+0000] {processor.py:161} INFO - Started process (PID=1617) to work on /home/airflow/.local/lib/python3.8/site-packages/airflow/example_dags/example_branch_operator.py
[2025-02-10T10:30:37.012+0000] {processor.py:830} INFO - Processing file /home/airflow/.local/lib/python3.8/site-packages/airflow/example_dags/example_branch_operator.py for tasks to queue
[2025-02-10T10:30:37.015+0000] {logging_mixin.py:188} INFO - [2025-02-10T10:30:37.015+0000] {dagbag.py:538} INFO - Filling up the DagBag from /home/airflow/.local/lib/python3.8/site-packages/airflow/example_dags/example_branch_operator.py
[2025-02-10T10:30:37.053+0000] {processor.py:840} INFO - DAG(s) 'example_branch_operator' retrieved from /home/airflow/.local/lib/python3.8/site-packages/airflow/example_dags/example_branch_operator.py
[2025-02-10T10:30:37.114+0000] {logging_mixin.py:188} INFO - [2025-02-10T10:30:37.113+0000] {dag.py:3036} INFO - Sync 1 DAGs
[2025-02-10T10:30:37.150+0000] {logging_mixin.py:188} INFO - [2025-02-10T10:30:37.150+0000] {dag.py:3823} INFO - Setting next_dagrun for example_branch_operator to 2025-02-09 00:00:00+00:00, run_after=2025-02-10 00:00:00+00:00
[2025-02-10T10:30:37.184+0000] {processor.py:183} INFO - Processing /home/airflow/.local/lib/python3.8/site-packages/airflow/example_dags/example_branch_operator.py took 0.180 seconds
[2025-02-10T10:31:07.348+0000] {processor.py:161} INFO - Started process (PID=1690) to work on /home/airflow/.local/lib/python3.8/site-packages/airflow/example_dags/example_branch_operator.py
[2025-02-10T10:31:07.349+0000] {processor.py:830} INFO - Processing file /home/airflow/.local/lib/python3.8/site-packages/airflow/example_dags/example_branch_operator.py for tasks to queue
[2025-02-10T10:31:07.353+0000] {logging_mixin.py:188} INFO - [2025-02-10T10:31:07.352+0000] {dagbag.py:538} INFO - Filling up the DagBag from /home/airflow/.local/lib/python3.8/site-packages/airflow/example_dags/example_branch_operator.py
[2025-02-10T10:31:07.385+0000] {processor.py:840} INFO - DAG(s) 'example_branch_operator' retrieved from /home/airflow/.local/lib/python3.8/site-packages/airflow/example_dags/example_branch_operator.py
[2025-02-10T10:31:07.454+0000] {logging_mixin.py:188} INFO - [2025-02-10T10:31:07.454+0000] {dag.py:3036} INFO - Sync 1 DAGs
[2025-02-10T10:31:07.513+0000] {logging_mixin.py:188} INFO - [2025-02-10T10:31:07.513+0000] {dag.py:3823} INFO - Setting next_dagrun for example_branch_operator to 2025-02-09 00:00:00+00:00, run_after=2025-02-10 00:00:00+00:00
[2025-02-10T10:31:07.542+0000] {processor.py:183} INFO - Processing /home/airflow/.local/lib/python3.8/site-packages/airflow/example_dags/example_branch_operator.py took 0.199 seconds
[2025-02-10T10:31:37.688+0000] {processor.py:161} INFO - Started process (PID=1755) to work on /home/airflow/.local/lib/python3.8/site-packages/airflow/example_dags/example_branch_operator.py
[2025-02-10T10:31:37.690+0000] {processor.py:830} INFO - Processing file /home/airflow/.local/lib/python3.8/site-packages/airflow/example_dags/example_branch_operator.py for tasks to queue
[2025-02-10T10:31:37.694+0000] {logging_mixin.py:188} INFO - [2025-02-10T10:31:37.693+0000] {dagbag.py:538} INFO - Filling up the DagBag from /home/airflow/.local/lib/python3.8/site-packages/airflow/example_dags/example_branch_operator.py
[2025-02-10T10:31:37.721+0000] {processor.py:840} INFO - DAG(s) 'example_branch_operator' retrieved from /home/airflow/.local/lib/python3.8/site-packages/airflow/example_dags/example_branch_operator.py
[2025-02-10T10:31:37.767+0000] {logging_mixin.py:188} INFO - [2025-02-10T10:31:37.767+0000] {dag.py:3036} INFO - Sync 1 DAGs
[2025-02-10T10:31:37.801+0000] {logging_mixin.py:188} INFO - [2025-02-10T10:31:37.801+0000] {dag.py:3823} INFO - Setting next_dagrun for example_branch_operator to 2025-02-09 00:00:00+00:00, run_after=2025-02-10 00:00:00+00:00
[2025-02-10T10:31:37.833+0000] {processor.py:183} INFO - Processing /home/airflow/.local/lib/python3.8/site-packages/airflow/example_dags/example_branch_operator.py took 0.150 seconds
[2025-02-10T10:32:08.014+0000] {processor.py:161} INFO - Started process (PID=1819) to work on /home/airflow/.local/lib/python3.8/site-packages/airflow/example_dags/example_branch_operator.py
[2025-02-10T10:32:08.016+0000] {processor.py:830} INFO - Processing file /home/airflow/.local/lib/python3.8/site-packages/airflow/example_dags/example_branch_operator.py for tasks to queue
[2025-02-10T10:32:08.018+0000] {logging_mixin.py:188} INFO - [2025-02-10T10:32:08.018+0000] {dagbag.py:538} INFO - Filling up the DagBag from /home/airflow/.local/lib/python3.8/site-packages/airflow/example_dags/example_branch_operator.py
[2025-02-10T10:32:08.045+0000] {processor.py:840} INFO - DAG(s) 'example_branch_operator' retrieved from /home/airflow/.local/lib/python3.8/site-packages/airflow/example_dags/example_branch_operator.py
[2025-02-10T10:32:08.085+0000] {logging_mixin.py:188} INFO - [2025-02-10T10:32:08.085+0000] {dag.py:3036} INFO - Sync 1 DAGs
[2025-02-10T10:32:08.122+0000] {logging_mixin.py:188} INFO - [2025-02-10T10:32:08.122+0000] {dag.py:3823} INFO - Setting next_dagrun for example_branch_operator to 2025-02-09 00:00:00+00:00, run_after=2025-02-10 00:00:00+00:00
[2025-02-10T10:32:08.152+0000] {processor.py:183} INFO - Processing /home/airflow/.local/lib/python3.8/site-packages/airflow/example_dags/example_branch_operator.py took 0.143 seconds
[2025-02-10T10:32:38.410+0000] {processor.py:161} INFO - Started process (PID=1889) to work on /home/airflow/.local/lib/python3.8/site-packages/airflow/example_dags/example_branch_operator.py
[2025-02-10T10:32:38.411+0000] {processor.py:830} INFO - Processing file /home/airflow/.local/lib/python3.8/site-packages/airflow/example_dags/example_branch_operator.py for tasks to queue
[2025-02-10T10:32:38.414+0000] {logging_mixin.py:188} INFO - [2025-02-10T10:32:38.413+0000] {dagbag.py:538} INFO - Filling up the DagBag from /home/airflow/.local/lib/python3.8/site-packages/airflow/example_dags/example_branch_operator.py
[2025-02-10T10:32:38.434+0000] {processor.py:840} INFO - DAG(s) 'example_branch_operator' retrieved from /home/airflow/.local/lib/python3.8/site-packages/airflow/example_dags/example_branch_operator.py
[2025-02-10T10:32:38.473+0000] {logging_mixin.py:188} INFO - [2025-02-10T10:32:38.473+0000] {dag.py:3036} INFO - Sync 1 DAGs
[2025-02-10T10:32:38.503+0000] {logging_mixin.py:188} INFO - [2025-02-10T10:32:38.502+0000] {dag.py:3823} INFO - Setting next_dagrun for example_branch_operator to 2025-02-09 00:00:00+00:00, run_after=2025-02-10 00:00:00+00:00
[2025-02-10T10:32:38.527+0000] {processor.py:183} INFO - Processing /home/airflow/.local/lib/python3.8/site-packages/airflow/example_dags/example_branch_operator.py took 0.122 seconds
[2025-02-10T10:33:08.956+0000] {processor.py:161} INFO - Started process (PID=1954) to work on /home/airflow/.local/lib/python3.8/site-packages/airflow/example_dags/example_branch_operator.py
[2025-02-10T10:33:08.957+0000] {processor.py:830} INFO - Processing file /home/airflow/.local/lib/python3.8/site-packages/airflow/example_dags/example_branch_operator.py for tasks to queue
[2025-02-10T10:33:08.959+0000] {logging_mixin.py:188} INFO - [2025-02-10T10:33:08.959+0000] {dagbag.py:538} INFO - Filling up the DagBag from /home/airflow/.local/lib/python3.8/site-packages/airflow/example_dags/example_branch_operator.py
[2025-02-10T10:33:08.989+0000] {processor.py:840} INFO - DAG(s) 'example_branch_operator' retrieved from /home/airflow/.local/lib/python3.8/site-packages/airflow/example_dags/example_branch_operator.py
[2025-02-10T10:33:09.023+0000] {logging_mixin.py:188} INFO - [2025-02-10T10:33:09.023+0000] {dag.py:3036} INFO - Sync 1 DAGs
[2025-02-10T10:33:09.053+0000] {logging_mixin.py:188} INFO - [2025-02-10T10:33:09.053+0000] {dag.py:3823} INFO - Setting next_dagrun for example_branch_operator to 2025-02-09 00:00:00+00:00, run_after=2025-02-10 00:00:00+00:00
[2025-02-10T10:33:09.081+0000] {processor.py:183} INFO - Processing /home/airflow/.local/lib/python3.8/site-packages/airflow/example_dags/example_branch_operator.py took 0.130 seconds
[2025-02-10T10:33:39.623+0000] {processor.py:161} INFO - Started process (PID=2019) to work on /home/airflow/.local/lib/python3.8/site-packages/airflow/example_dags/example_branch_operator.py
[2025-02-10T10:33:39.624+0000] {processor.py:830} INFO - Processing file /home/airflow/.local/lib/python3.8/site-packages/airflow/example_dags/example_branch_operator.py for tasks to queue
[2025-02-10T10:33:39.628+0000] {logging_mixin.py:188} INFO - [2025-02-10T10:33:39.628+0000] {dagbag.py:538} INFO - Filling up the DagBag from /home/airflow/.local/lib/python3.8/site-packages/airflow/example_dags/example_branch_operator.py
[2025-02-10T10:33:39.654+0000] {processor.py:840} INFO - DAG(s) 'example_branch_operator' retrieved from /home/airflow/.local/lib/python3.8/site-packages/airflow/example_dags/example_branch_operator.py
[2025-02-10T10:33:39.696+0000] {logging_mixin.py:188} INFO - [2025-02-10T10:33:39.696+0000] {dag.py:3036} INFO - Sync 1 DAGs
[2025-02-10T10:33:39.727+0000] {logging_mixin.py:188} INFO - [2025-02-10T10:33:39.727+0000] {dag.py:3823} INFO - Setting next_dagrun for example_branch_operator to 2025-02-09 00:00:00+00:00, run_after=2025-02-10 00:00:00+00:00
[2025-02-10T10:33:39.753+0000] {processor.py:183} INFO - Processing /home/airflow/.local/lib/python3.8/site-packages/airflow/example_dags/example_branch_operator.py took 0.134 seconds
[2025-02-10T10:34:10.029+0000] {processor.py:161} INFO - Started process (PID=2092) to work on /home/airflow/.local/lib/python3.8/site-packages/airflow/example_dags/example_branch_operator.py
[2025-02-10T10:34:10.030+0000] {processor.py:830} INFO - Processing file /home/airflow/.local/lib/python3.8/site-packages/airflow/example_dags/example_branch_operator.py for tasks to queue
[2025-02-10T10:34:10.034+0000] {logging_mixin.py:188} INFO - [2025-02-10T10:34:10.033+0000] {dagbag.py:538} INFO - Filling up the DagBag from /home/airflow/.local/lib/python3.8/site-packages/airflow/example_dags/example_branch_operator.py
[2025-02-10T10:34:10.066+0000] {processor.py:840} INFO - DAG(s) 'example_branch_operator' retrieved from /home/airflow/.local/lib/python3.8/site-packages/airflow/example_dags/example_branch_operator.py
[2025-02-10T10:34:10.120+0000] {logging_mixin.py:188} INFO - [2025-02-10T10:34:10.119+0000] {dag.py:3036} INFO - Sync 1 DAGs
[2025-02-10T10:34:10.161+0000] {logging_mixin.py:188} INFO - [2025-02-10T10:34:10.160+0000] {dag.py:3823} INFO - Setting next_dagrun for example_branch_operator to 2025-02-09 00:00:00+00:00, run_after=2025-02-10 00:00:00+00:00
[2025-02-10T10:34:10.192+0000] {processor.py:183} INFO - Processing /home/airflow/.local/lib/python3.8/site-packages/airflow/example_dags/example_branch_operator.py took 0.169 seconds
[2025-02-10T10:34:40.470+0000] {processor.py:161} INFO - Started process (PID=2155) to work on /home/airflow/.local/lib/python3.8/site-packages/airflow/example_dags/example_branch_operator.py
[2025-02-10T10:34:40.471+0000] {processor.py:830} INFO - Processing file /home/airflow/.local/lib/python3.8/site-packages/airflow/example_dags/example_branch_operator.py for tasks to queue
[2025-02-10T10:34:40.475+0000] {logging_mixin.py:188} INFO - [2025-02-10T10:34:40.475+0000] {dagbag.py:538} INFO - Filling up the DagBag from /home/airflow/.local/lib/python3.8/site-packages/airflow/example_dags/example_branch_operator.py
[2025-02-10T10:34:40.506+0000] {processor.py:840} INFO - DAG(s) 'example_branch_operator' retrieved from /home/airflow/.local/lib/python3.8/site-packages/airflow/example_dags/example_branch_operator.py
[2025-02-10T10:34:40.551+0000] {logging_mixin.py:188} INFO - [2025-02-10T10:34:40.550+0000] {dag.py:3036} INFO - Sync 1 DAGs
[2025-02-10T10:34:40.586+0000] {logging_mixin.py:188} INFO - [2025-02-10T10:34:40.585+0000] {dag.py:3823} INFO - Setting next_dagrun for example_branch_operator to 2025-02-09 00:00:00+00:00, run_after=2025-02-10 00:00:00+00:00
[2025-02-10T10:34:40.616+0000] {processor.py:183} INFO - Processing /home/airflow/.local/lib/python3.8/site-packages/airflow/example_dags/example_branch_operator.py took 0.152 seconds
[2025-02-10T10:35:11.252+0000] {processor.py:161} INFO - Started process (PID=2220) to work on /home/airflow/.local/lib/python3.8/site-packages/airflow/example_dags/example_branch_operator.py
[2025-02-10T10:35:11.253+0000] {processor.py:830} INFO - Processing file /home/airflow/.local/lib/python3.8/site-packages/airflow/example_dags/example_branch_operator.py for tasks to queue
[2025-02-10T10:35:11.256+0000] {logging_mixin.py:188} INFO - [2025-02-10T10:35:11.255+0000] {dagbag.py:538} INFO - Filling up the DagBag from /home/airflow/.local/lib/python3.8/site-packages/airflow/example_dags/example_branch_operator.py
[2025-02-10T10:35:11.289+0000] {processor.py:840} INFO - DAG(s) 'example_branch_operator' retrieved from /home/airflow/.local/lib/python3.8/site-packages/airflow/example_dags/example_branch_operator.py
[2025-02-10T10:35:11.328+0000] {logging_mixin.py:188} INFO - [2025-02-10T10:35:11.327+0000] {dag.py:3036} INFO - Sync 1 DAGs
[2025-02-10T10:35:11.355+0000] {logging_mixin.py:188} INFO - [2025-02-10T10:35:11.355+0000] {dag.py:3823} INFO - Setting next_dagrun for example_branch_operator to 2025-02-09 00:00:00+00:00, run_after=2025-02-10 00:00:00+00:00
[2025-02-10T10:35:11.381+0000] {processor.py:183} INFO - Processing /home/airflow/.local/lib/python3.8/site-packages/airflow/example_dags/example_branch_operator.py took 0.134 seconds
[2025-02-10T10:35:41.464+0000] {processor.py:161} INFO - Started process (PID=2285) to work on /home/airflow/.local/lib/python3.8/site-packages/airflow/example_dags/example_branch_operator.py
[2025-02-10T10:35:41.466+0000] {processor.py:830} INFO - Processing file /home/airflow/.local/lib/python3.8/site-packages/airflow/example_dags/example_branch_operator.py for tasks to queue
[2025-02-10T10:35:41.469+0000] {logging_mixin.py:188} INFO - [2025-02-10T10:35:41.469+0000] {dagbag.py:538} INFO - Filling up the DagBag from /home/airflow/.local/lib/python3.8/site-packages/airflow/example_dags/example_branch_operator.py
[2025-02-10T10:35:41.500+0000] {processor.py:840} INFO - DAG(s) 'example_branch_operator' retrieved from /home/airflow/.local/lib/python3.8/site-packages/airflow/example_dags/example_branch_operator.py
[2025-02-10T10:35:41.542+0000] {logging_mixin.py:188} INFO - [2025-02-10T10:35:41.541+0000] {dag.py:3036} INFO - Sync 1 DAGs
[2025-02-10T10:35:41.569+0000] {logging_mixin.py:188} INFO - [2025-02-10T10:35:41.569+0000] {dag.py:3823} INFO - Setting next_dagrun for example_branch_operator to 2025-02-09 00:00:00+00:00, run_after=2025-02-10 00:00:00+00:00
[2025-02-10T10:35:41.600+0000] {processor.py:183} INFO - Processing /home/airflow/.local/lib/python3.8/site-packages/airflow/example_dags/example_branch_operator.py took 0.141 seconds
[2025-02-10T10:36:12.671+0000] {processor.py:161} INFO - Started process (PID=2358) to work on /home/airflow/.local/lib/python3.8/site-packages/airflow/example_dags/example_branch_operator.py
[2025-02-10T10:36:12.681+0000] {processor.py:830} INFO - Processing file /home/airflow/.local/lib/python3.8/site-packages/airflow/example_dags/example_branch_operator.py for tasks to queue
[2025-02-10T10:36:12.686+0000] {logging_mixin.py:188} INFO - [2025-02-10T10:36:12.685+0000] {dagbag.py:538} INFO - Filling up the DagBag from /home/airflow/.local/lib/python3.8/site-packages/airflow/example_dags/example_branch_operator.py
[2025-02-10T10:36:12.728+0000] {processor.py:840} INFO - DAG(s) 'example_branch_operator' retrieved from /home/airflow/.local/lib/python3.8/site-packages/airflow/example_dags/example_branch_operator.py
[2025-02-10T10:36:12.814+0000] {logging_mixin.py:188} INFO - [2025-02-10T10:36:12.814+0000] {dag.py:3036} INFO - Sync 1 DAGs
[2025-02-10T10:36:12.860+0000] {logging_mixin.py:188} INFO - [2025-02-10T10:36:12.860+0000] {dag.py:3823} INFO - Setting next_dagrun for example_branch_operator to 2025-02-09 00:00:00+00:00, run_after=2025-02-10 00:00:00+00:00
[2025-02-10T10:36:12.925+0000] {processor.py:183} INFO - Processing /home/airflow/.local/lib/python3.8/site-packages/airflow/example_dags/example_branch_operator.py took 0.272 seconds
[2025-02-10T10:36:43.818+0000] {processor.py:161} INFO - Started process (PID=2423) to work on /home/airflow/.local/lib/python3.8/site-packages/airflow/example_dags/example_branch_operator.py
[2025-02-10T10:36:43.819+0000] {processor.py:830} INFO - Processing file /home/airflow/.local/lib/python3.8/site-packages/airflow/example_dags/example_branch_operator.py for tasks to queue
[2025-02-10T10:36:43.822+0000] {logging_mixin.py:188} INFO - [2025-02-10T10:36:43.822+0000] {dagbag.py:538} INFO - Filling up the DagBag from /home/airflow/.local/lib/python3.8/site-packages/airflow/example_dags/example_branch_operator.py
[2025-02-10T10:36:43.849+0000] {processor.py:840} INFO - DAG(s) 'example_branch_operator' retrieved from /home/airflow/.local/lib/python3.8/site-packages/airflow/example_dags/example_branch_operator.py
[2025-02-10T10:36:43.902+0000] {logging_mixin.py:188} INFO - [2025-02-10T10:36:43.902+0000] {dag.py:3036} INFO - Sync 1 DAGs
[2025-02-10T10:36:43.935+0000] {logging_mixin.py:188} INFO - [2025-02-10T10:36:43.934+0000] {dag.py:3823} INFO - Setting next_dagrun for example_branch_operator to 2025-02-09 00:00:00+00:00, run_after=2025-02-10 00:00:00+00:00
[2025-02-10T10:36:43.986+0000] {processor.py:183} INFO - Processing /home/airflow/.local/lib/python3.8/site-packages/airflow/example_dags/example_branch_operator.py took 0.173 seconds
[2025-02-10T10:37:14.268+0000] {processor.py:161} INFO - Started process (PID=2487) to work on /home/airflow/.local/lib/python3.8/site-packages/airflow/example_dags/example_branch_operator.py
[2025-02-10T10:37:14.270+0000] {processor.py:830} INFO - Processing file /home/airflow/.local/lib/python3.8/site-packages/airflow/example_dags/example_branch_operator.py for tasks to queue
[2025-02-10T10:37:14.273+0000] {logging_mixin.py:188} INFO - [2025-02-10T10:37:14.273+0000] {dagbag.py:538} INFO - Filling up the DagBag from /home/airflow/.local/lib/python3.8/site-packages/airflow/example_dags/example_branch_operator.py
[2025-02-10T10:37:14.304+0000] {processor.py:840} INFO - DAG(s) 'example_branch_operator' retrieved from /home/airflow/.local/lib/python3.8/site-packages/airflow/example_dags/example_branch_operator.py
[2025-02-10T10:37:14.361+0000] {logging_mixin.py:188} INFO - [2025-02-10T10:37:14.360+0000] {dag.py:3036} INFO - Sync 1 DAGs
[2025-02-10T10:37:14.402+0000] {logging_mixin.py:188} INFO - [2025-02-10T10:37:14.401+0000] {dag.py:3823} INFO - Setting next_dagrun for example_branch_operator to 2025-02-09 00:00:00+00:00, run_after=2025-02-10 00:00:00+00:00
[2025-02-10T10:37:14.442+0000] {processor.py:183} INFO - Processing /home/airflow/.local/lib/python3.8/site-packages/airflow/example_dags/example_branch_operator.py took 0.180 seconds
[2025-02-10T10:37:44.486+0000] {processor.py:161} INFO - Started process (PID=2552) to work on /home/airflow/.local/lib/python3.8/site-packages/airflow/example_dags/example_branch_operator.py
[2025-02-10T10:37:44.488+0000] {processor.py:830} INFO - Processing file /home/airflow/.local/lib/python3.8/site-packages/airflow/example_dags/example_branch_operator.py for tasks to queue
[2025-02-10T10:37:44.491+0000] {logging_mixin.py:188} INFO - [2025-02-10T10:37:44.491+0000] {dagbag.py:538} INFO - Filling up the DagBag from /home/airflow/.local/lib/python3.8/site-packages/airflow/example_dags/example_branch_operator.py
[2025-02-10T10:37:44.515+0000] {processor.py:840} INFO - DAG(s) 'example_branch_operator' retrieved from /home/airflow/.local/lib/python3.8/site-packages/airflow/example_dags/example_branch_operator.py
[2025-02-10T10:37:44.564+0000] {logging_mixin.py:188} INFO - [2025-02-10T10:37:44.564+0000] {dag.py:3036} INFO - Sync 1 DAGs
[2025-02-10T10:37:44.601+0000] {logging_mixin.py:188} INFO - [2025-02-10T10:37:44.601+0000] {dag.py:3823} INFO - Setting next_dagrun for example_branch_operator to 2025-02-09 00:00:00+00:00, run_after=2025-02-10 00:00:00+00:00
[2025-02-10T10:37:44.636+0000] {processor.py:183} INFO - Processing /home/airflow/.local/lib/python3.8/site-packages/airflow/example_dags/example_branch_operator.py took 0.155 seconds
[2025-02-10T10:38:15.249+0000] {processor.py:161} INFO - Started process (PID=2617) to work on /home/airflow/.local/lib/python3.8/site-packages/airflow/example_dags/example_branch_operator.py
[2025-02-10T10:38:15.254+0000] {processor.py:830} INFO - Processing file /home/airflow/.local/lib/python3.8/site-packages/airflow/example_dags/example_branch_operator.py for tasks to queue
[2025-02-10T10:38:15.258+0000] {logging_mixin.py:188} INFO - [2025-02-10T10:38:15.257+0000] {dagbag.py:538} INFO - Filling up the DagBag from /home/airflow/.local/lib/python3.8/site-packages/airflow/example_dags/example_branch_operator.py
[2025-02-10T10:38:15.280+0000] {processor.py:840} INFO - DAG(s) 'example_branch_operator' retrieved from /home/airflow/.local/lib/python3.8/site-packages/airflow/example_dags/example_branch_operator.py
[2025-02-10T10:38:15.325+0000] {logging_mixin.py:188} INFO - [2025-02-10T10:38:15.325+0000] {dag.py:3036} INFO - Sync 1 DAGs
[2025-02-10T10:38:15.368+0000] {logging_mixin.py:188} INFO - [2025-02-10T10:38:15.368+0000] {dag.py:3823} INFO - Setting next_dagrun for example_branch_operator to 2025-02-09 00:00:00+00:00, run_after=2025-02-10 00:00:00+00:00
[2025-02-10T10:38:15.407+0000] {processor.py:183} INFO - Processing /home/airflow/.local/lib/python3.8/site-packages/airflow/example_dags/example_branch_operator.py took 0.164 seconds
[2025-02-10T10:38:45.606+0000] {processor.py:161} INFO - Started process (PID=2690) to work on /home/airflow/.local/lib/python3.8/site-packages/airflow/example_dags/example_branch_operator.py
[2025-02-10T10:38:45.609+0000] {processor.py:830} INFO - Processing file /home/airflow/.local/lib/python3.8/site-packages/airflow/example_dags/example_branch_operator.py for tasks to queue
[2025-02-10T10:38:45.612+0000] {logging_mixin.py:188} INFO - [2025-02-10T10:38:45.612+0000] {dagbag.py:538} INFO - Filling up the DagBag from /home/airflow/.local/lib/python3.8/site-packages/airflow/example_dags/example_branch_operator.py
[2025-02-10T10:38:45.668+0000] {processor.py:840} INFO - DAG(s) 'example_branch_operator' retrieved from /home/airflow/.local/lib/python3.8/site-packages/airflow/example_dags/example_branch_operator.py
[2025-02-10T10:38:45.737+0000] {logging_mixin.py:188} INFO - [2025-02-10T10:38:45.737+0000] {dag.py:3036} INFO - Sync 1 DAGs
[2025-02-10T10:38:45.788+0000] {logging_mixin.py:188} INFO - [2025-02-10T10:38:45.787+0000] {dag.py:3823} INFO - Setting next_dagrun for example_branch_operator to 2025-02-09 00:00:00+00:00, run_after=2025-02-10 00:00:00+00:00
[2025-02-10T10:38:45.826+0000] {processor.py:183} INFO - Processing /home/airflow/.local/lib/python3.8/site-packages/airflow/example_dags/example_branch_operator.py took 0.226 seconds
[2025-02-10T10:39:16.017+0000] {processor.py:161} INFO - Started process (PID=2755) to work on /home/airflow/.local/lib/python3.8/site-packages/airflow/example_dags/example_branch_operator.py
[2025-02-10T10:39:16.019+0000] {processor.py:830} INFO - Processing file /home/airflow/.local/lib/python3.8/site-packages/airflow/example_dags/example_branch_operator.py for tasks to queue
[2025-02-10T10:39:16.022+0000] {logging_mixin.py:188} INFO - [2025-02-10T10:39:16.022+0000] {dagbag.py:538} INFO - Filling up the DagBag from /home/airflow/.local/lib/python3.8/site-packages/airflow/example_dags/example_branch_operator.py
[2025-02-10T10:39:16.067+0000] {processor.py:840} INFO - DAG(s) 'example_branch_operator' retrieved from /home/airflow/.local/lib/python3.8/site-packages/airflow/example_dags/example_branch_operator.py
[2025-02-10T10:39:16.174+0000] {logging_mixin.py:188} INFO - [2025-02-10T10:39:16.173+0000] {dag.py:3036} INFO - Sync 1 DAGs
[2025-02-10T10:39:16.237+0000] {logging_mixin.py:188} INFO - [2025-02-10T10:39:16.237+0000] {dag.py:3823} INFO - Setting next_dagrun for example_branch_operator to 2025-02-09 00:00:00+00:00, run_after=2025-02-10 00:00:00+00:00
[2025-02-10T10:39:16.280+0000] {processor.py:183} INFO - Processing /home/airflow/.local/lib/python3.8/site-packages/airflow/example_dags/example_branch_operator.py took 0.270 seconds
[2025-02-10T10:39:47.386+0000] {processor.py:161} INFO - Started process (PID=2820) to work on /home/airflow/.local/lib/python3.8/site-packages/airflow/example_dags/example_branch_operator.py
[2025-02-10T10:39:47.390+0000] {processor.py:830} INFO - Processing file /home/airflow/.local/lib/python3.8/site-packages/airflow/example_dags/example_branch_operator.py for tasks to queue
[2025-02-10T10:39:47.394+0000] {logging_mixin.py:188} INFO - [2025-02-10T10:39:47.394+0000] {dagbag.py:538} INFO - Filling up the DagBag from /home/airflow/.local/lib/python3.8/site-packages/airflow/example_dags/example_branch_operator.py
[2025-02-10T10:39:47.496+0000] {processor.py:840} INFO - DAG(s) 'example_branch_operator' retrieved from /home/airflow/.local/lib/python3.8/site-packages/airflow/example_dags/example_branch_operator.py
[2025-02-10T10:39:47.661+0000] {logging_mixin.py:188} INFO - [2025-02-10T10:39:47.661+0000] {dag.py:3036} INFO - Sync 1 DAGs
[2025-02-10T10:39:47.846+0000] {logging_mixin.py:188} INFO - [2025-02-10T10:39:47.846+0000] {dag.py:3823} INFO - Setting next_dagrun for example_branch_operator to 2025-02-09 00:00:00+00:00, run_after=2025-02-10 00:00:00+00:00
[2025-02-10T10:39:47.887+0000] {processor.py:183} INFO - Processing /home/airflow/.local/lib/python3.8/site-packages/airflow/example_dags/example_branch_operator.py took 0.510 seconds
[2025-02-10T10:40:18.075+0000] {processor.py:161} INFO - Started process (PID=2885) to work on /home/airflow/.local/lib/python3.8/site-packages/airflow/example_dags/example_branch_operator.py
[2025-02-10T10:40:18.077+0000] {processor.py:830} INFO - Processing file /home/airflow/.local/lib/python3.8/site-packages/airflow/example_dags/example_branch_operator.py for tasks to queue
[2025-02-10T10:40:18.082+0000] {logging_mixin.py:188} INFO - [2025-02-10T10:40:18.081+0000] {dagbag.py:538} INFO - Filling up the DagBag from /home/airflow/.local/lib/python3.8/site-packages/airflow/example_dags/example_branch_operator.py
[2025-02-10T10:40:18.123+0000] {processor.py:840} INFO - DAG(s) 'example_branch_operator' retrieved from /home/airflow/.local/lib/python3.8/site-packages/airflow/example_dags/example_branch_operator.py
[2025-02-10T10:40:18.168+0000] {logging_mixin.py:188} INFO - [2025-02-10T10:40:18.168+0000] {dag.py:3036} INFO - Sync 1 DAGs
[2025-02-10T10:40:18.219+0000] {logging_mixin.py:188} INFO - [2025-02-10T10:40:18.219+0000] {dag.py:3823} INFO - Setting next_dagrun for example_branch_operator to 2025-02-09 00:00:00+00:00, run_after=2025-02-10 00:00:00+00:00
[2025-02-10T10:40:18.256+0000] {processor.py:183} INFO - Processing /home/airflow/.local/lib/python3.8/site-packages/airflow/example_dags/example_branch_operator.py took 0.185 seconds
[2025-02-10T10:40:48.493+0000] {processor.py:161} INFO - Started process (PID=2949) to work on /home/airflow/.local/lib/python3.8/site-packages/airflow/example_dags/example_branch_operator.py
[2025-02-10T10:40:48.497+0000] {processor.py:830} INFO - Processing file /home/airflow/.local/lib/python3.8/site-packages/airflow/example_dags/example_branch_operator.py for tasks to queue
[2025-02-10T10:40:48.500+0000] {logging_mixin.py:188} INFO - [2025-02-10T10:40:48.499+0000] {dagbag.py:538} INFO - Filling up the DagBag from /home/airflow/.local/lib/python3.8/site-packages/airflow/example_dags/example_branch_operator.py
[2025-02-10T10:40:48.540+0000] {processor.py:840} INFO - DAG(s) 'example_branch_operator' retrieved from /home/airflow/.local/lib/python3.8/site-packages/airflow/example_dags/example_branch_operator.py
[2025-02-10T10:40:48.594+0000] {logging_mixin.py:188} INFO - [2025-02-10T10:40:48.593+0000] {dag.py:3036} INFO - Sync 1 DAGs
[2025-02-10T10:40:48.651+0000] {logging_mixin.py:188} INFO - [2025-02-10T10:40:48.650+0000] {dag.py:3823} INFO - Setting next_dagrun for example_branch_operator to 2025-02-09 00:00:00+00:00, run_after=2025-02-10 00:00:00+00:00
[2025-02-10T10:40:48.698+0000] {processor.py:183} INFO - Processing /home/airflow/.local/lib/python3.8/site-packages/airflow/example_dags/example_branch_operator.py took 0.211 seconds
[2025-02-10T10:41:18.987+0000] {processor.py:161} INFO - Started process (PID=3022) to work on /home/airflow/.local/lib/python3.8/site-packages/airflow/example_dags/example_branch_operator.py
[2025-02-10T10:41:18.993+0000] {processor.py:830} INFO - Processing file /home/airflow/.local/lib/python3.8/site-packages/airflow/example_dags/example_branch_operator.py for tasks to queue
[2025-02-10T10:41:18.996+0000] {logging_mixin.py:188} INFO - [2025-02-10T10:41:18.996+0000] {dagbag.py:538} INFO - Filling up the DagBag from /home/airflow/.local/lib/python3.8/site-packages/airflow/example_dags/example_branch_operator.py
[2025-02-10T10:41:19.062+0000] {processor.py:840} INFO - DAG(s) 'example_branch_operator' retrieved from /home/airflow/.local/lib/python3.8/site-packages/airflow/example_dags/example_branch_operator.py
[2025-02-10T10:41:19.129+0000] {logging_mixin.py:188} INFO - [2025-02-10T10:41:19.129+0000] {dag.py:3036} INFO - Sync 1 DAGs
[2025-02-10T10:41:19.178+0000] {logging_mixin.py:188} INFO - [2025-02-10T10:41:19.177+0000] {dag.py:3823} INFO - Setting next_dagrun for example_branch_operator to 2025-02-09 00:00:00+00:00, run_after=2025-02-10 00:00:00+00:00
[2025-02-10T10:41:19.214+0000] {processor.py:183} INFO - Processing /home/airflow/.local/lib/python3.8/site-packages/airflow/example_dags/example_branch_operator.py took 0.237 seconds
[2025-02-10T10:41:49.776+0000] {processor.py:161} INFO - Started process (PID=3079) to work on /home/airflow/.local/lib/python3.8/site-packages/airflow/example_dags/example_branch_operator.py
[2025-02-10T10:41:49.778+0000] {processor.py:830} INFO - Processing file /home/airflow/.local/lib/python3.8/site-packages/airflow/example_dags/example_branch_operator.py for tasks to queue
[2025-02-10T10:41:49.783+0000] {logging_mixin.py:188} INFO - [2025-02-10T10:41:49.782+0000] {dagbag.py:538} INFO - Filling up the DagBag from /home/airflow/.local/lib/python3.8/site-packages/airflow/example_dags/example_branch_operator.py
[2025-02-10T10:41:49.864+0000] {processor.py:840} INFO - DAG(s) 'example_branch_operator' retrieved from /home/airflow/.local/lib/python3.8/site-packages/airflow/example_dags/example_branch_operator.py
[2025-02-10T10:41:49.944+0000] {logging_mixin.py:188} INFO - [2025-02-10T10:41:49.943+0000] {dag.py:3036} INFO - Sync 1 DAGs
[2025-02-10T10:41:49.992+0000] {logging_mixin.py:188} INFO - [2025-02-10T10:41:49.992+0000] {dag.py:3823} INFO - Setting next_dagrun for example_branch_operator to 2025-02-09 00:00:00+00:00, run_after=2025-02-10 00:00:00+00:00
[2025-02-10T10:41:50.026+0000] {processor.py:183} INFO - Processing /home/airflow/.local/lib/python3.8/site-packages/airflow/example_dags/example_branch_operator.py took 0.261 seconds
[2025-02-10T10:42:20.095+0000] {processor.py:161} INFO - Started process (PID=3144) to work on /home/airflow/.local/lib/python3.8/site-packages/airflow/example_dags/example_branch_operator.py
[2025-02-10T10:42:20.096+0000] {processor.py:830} INFO - Processing file /home/airflow/.local/lib/python3.8/site-packages/airflow/example_dags/example_branch_operator.py for tasks to queue
[2025-02-10T10:42:20.100+0000] {logging_mixin.py:188} INFO - [2025-02-10T10:42:20.099+0000] {dagbag.py:538} INFO - Filling up the DagBag from /home/airflow/.local/lib/python3.8/site-packages/airflow/example_dags/example_branch_operator.py
[2025-02-10T10:42:20.139+0000] {processor.py:840} INFO - DAG(s) 'example_branch_operator' retrieved from /home/airflow/.local/lib/python3.8/site-packages/airflow/example_dags/example_branch_operator.py
[2025-02-10T10:42:20.210+0000] {logging_mixin.py:188} INFO - [2025-02-10T10:42:20.210+0000] {dag.py:3036} INFO - Sync 1 DAGs
[2025-02-10T10:42:20.277+0000] {logging_mixin.py:188} INFO - [2025-02-10T10:42:20.277+0000] {dag.py:3823} INFO - Setting next_dagrun for example_branch_operator to 2025-02-09 00:00:00+00:00, run_after=2025-02-10 00:00:00+00:00
[2025-02-10T10:42:20.831+0000] {processor.py:183} INFO - Processing /home/airflow/.local/lib/python3.8/site-packages/airflow/example_dags/example_branch_operator.py took 0.742 seconds
[2025-02-10T10:42:50.912+0000] {processor.py:161} INFO - Started process (PID=3210) to work on /home/airflow/.local/lib/python3.8/site-packages/airflow/example_dags/example_branch_operator.py
[2025-02-10T10:42:50.914+0000] {processor.py:830} INFO - Processing file /home/airflow/.local/lib/python3.8/site-packages/airflow/example_dags/example_branch_operator.py for tasks to queue
[2025-02-10T10:42:50.920+0000] {logging_mixin.py:188} INFO - [2025-02-10T10:42:50.917+0000] {dagbag.py:538} INFO - Filling up the DagBag from /home/airflow/.local/lib/python3.8/site-packages/airflow/example_dags/example_branch_operator.py
[2025-02-10T10:42:50.957+0000] {processor.py:840} INFO - DAG(s) 'example_branch_operator' retrieved from /home/airflow/.local/lib/python3.8/site-packages/airflow/example_dags/example_branch_operator.py
[2025-02-10T10:42:51.028+0000] {logging_mixin.py:188} INFO - [2025-02-10T10:42:51.028+0000] {dag.py:3036} INFO - Sync 1 DAGs
[2025-02-10T10:42:51.080+0000] {logging_mixin.py:188} INFO - [2025-02-10T10:42:51.079+0000] {dag.py:3823} INFO - Setting next_dagrun for example_branch_operator to 2025-02-09 00:00:00+00:00, run_after=2025-02-10 00:00:00+00:00
[2025-02-10T10:42:51.120+0000] {processor.py:183} INFO - Processing /home/airflow/.local/lib/python3.8/site-packages/airflow/example_dags/example_branch_operator.py took 0.213 seconds
[2025-02-10T10:43:21.195+0000] {processor.py:161} INFO - Started process (PID=3275) to work on /home/airflow/.local/lib/python3.8/site-packages/airflow/example_dags/example_branch_operator.py
[2025-02-10T10:43:21.198+0000] {processor.py:830} INFO - Processing file /home/airflow/.local/lib/python3.8/site-packages/airflow/example_dags/example_branch_operator.py for tasks to queue
[2025-02-10T10:43:21.208+0000] {logging_mixin.py:188} INFO - [2025-02-10T10:43:21.207+0000] {dagbag.py:538} INFO - Filling up the DagBag from /home/airflow/.local/lib/python3.8/site-packages/airflow/example_dags/example_branch_operator.py
[2025-02-10T10:43:21.247+0000] {processor.py:840} INFO - DAG(s) 'example_branch_operator' retrieved from /home/airflow/.local/lib/python3.8/site-packages/airflow/example_dags/example_branch_operator.py
[2025-02-10T10:43:21.299+0000] {logging_mixin.py:188} INFO - [2025-02-10T10:43:21.299+0000] {dag.py:3036} INFO - Sync 1 DAGs
[2025-02-10T10:43:21.347+0000] {logging_mixin.py:188} INFO - [2025-02-10T10:43:21.346+0000] {dag.py:3823} INFO - Setting next_dagrun for example_branch_operator to 2025-02-09 00:00:00+00:00, run_after=2025-02-10 00:00:00+00:00
[2025-02-10T10:43:21.396+0000] {processor.py:183} INFO - Processing /home/airflow/.local/lib/python3.8/site-packages/airflow/example_dags/example_branch_operator.py took 0.210 seconds
[2025-02-10T10:43:52.122+0000] {processor.py:161} INFO - Started process (PID=3340) to work on /home/airflow/.local/lib/python3.8/site-packages/airflow/example_dags/example_branch_operator.py
[2025-02-10T10:43:52.125+0000] {processor.py:830} INFO - Processing file /home/airflow/.local/lib/python3.8/site-packages/airflow/example_dags/example_branch_operator.py for tasks to queue
[2025-02-10T10:43:52.128+0000] {logging_mixin.py:188} INFO - [2025-02-10T10:43:52.127+0000] {dagbag.py:538} INFO - Filling up the DagBag from /home/airflow/.local/lib/python3.8/site-packages/airflow/example_dags/example_branch_operator.py
[2025-02-10T10:43:52.168+0000] {processor.py:840} INFO - DAG(s) 'example_branch_operator' retrieved from /home/airflow/.local/lib/python3.8/site-packages/airflow/example_dags/example_branch_operator.py
[2025-02-10T10:43:52.216+0000] {logging_mixin.py:188} INFO - [2025-02-10T10:43:52.215+0000] {dag.py:3036} INFO - Sync 1 DAGs
[2025-02-10T10:43:52.259+0000] {logging_mixin.py:188} INFO - [2025-02-10T10:43:52.259+0000] {dag.py:3823} INFO - Setting next_dagrun for example_branch_operator to 2025-02-09 00:00:00+00:00, run_after=2025-02-10 00:00:00+00:00
[2025-02-10T10:43:52.298+0000] {processor.py:183} INFO - Processing /home/airflow/.local/lib/python3.8/site-packages/airflow/example_dags/example_branch_operator.py took 0.185 seconds
[2025-02-10T10:44:22.474+0000] {processor.py:161} INFO - Started process (PID=3405) to work on /home/airflow/.local/lib/python3.8/site-packages/airflow/example_dags/example_branch_operator.py
[2025-02-10T10:44:22.476+0000] {processor.py:830} INFO - Processing file /home/airflow/.local/lib/python3.8/site-packages/airflow/example_dags/example_branch_operator.py for tasks to queue
[2025-02-10T10:44:22.484+0000] {logging_mixin.py:188} INFO - [2025-02-10T10:44:22.482+0000] {dagbag.py:538} INFO - Filling up the DagBag from /home/airflow/.local/lib/python3.8/site-packages/airflow/example_dags/example_branch_operator.py
[2025-02-10T10:44:22.541+0000] {processor.py:840} INFO - DAG(s) 'example_branch_operator' retrieved from /home/airflow/.local/lib/python3.8/site-packages/airflow/example_dags/example_branch_operator.py
[2025-02-10T10:44:22.749+0000] {logging_mixin.py:188} INFO - [2025-02-10T10:44:22.748+0000] {dag.py:3036} INFO - Sync 1 DAGs
[2025-02-10T10:44:23.212+0000] {logging_mixin.py:188} INFO - [2025-02-10T10:44:23.212+0000] {dag.py:3823} INFO - Setting next_dagrun for example_branch_operator to 2025-02-09 00:00:00+00:00, run_after=2025-02-10 00:00:00+00:00
[2025-02-10T10:44:23.281+0000] {processor.py:183} INFO - Processing /home/airflow/.local/lib/python3.8/site-packages/airflow/example_dags/example_branch_operator.py took 0.817 seconds
[2025-02-10T10:44:53.422+0000] {processor.py:161} INFO - Started process (PID=3470) to work on /home/airflow/.local/lib/python3.8/site-packages/airflow/example_dags/example_branch_operator.py
[2025-02-10T10:44:53.424+0000] {processor.py:830} INFO - Processing file /home/airflow/.local/lib/python3.8/site-packages/airflow/example_dags/example_branch_operator.py for tasks to queue
[2025-02-10T10:44:53.430+0000] {logging_mixin.py:188} INFO - [2025-02-10T10:44:53.428+0000] {dagbag.py:538} INFO - Filling up the DagBag from /home/airflow/.local/lib/python3.8/site-packages/airflow/example_dags/example_branch_operator.py
[2025-02-10T10:44:53.484+0000] {processor.py:840} INFO - DAG(s) 'example_branch_operator' retrieved from /home/airflow/.local/lib/python3.8/site-packages/airflow/example_dags/example_branch_operator.py
[2025-02-10T10:44:53.564+0000] {logging_mixin.py:188} INFO - [2025-02-10T10:44:53.563+0000] {dag.py:3036} INFO - Sync 1 DAGs
[2025-02-10T10:44:53.919+0000] {logging_mixin.py:188} INFO - [2025-02-10T10:44:53.918+0000] {dag.py:3823} INFO - Setting next_dagrun for example_branch_operator to 2025-02-09 00:00:00+00:00, run_after=2025-02-10 00:00:00+00:00
[2025-02-10T10:44:53.981+0000] {processor.py:183} INFO - Processing /home/airflow/.local/lib/python3.8/site-packages/airflow/example_dags/example_branch_operator.py took 0.568 seconds
