[2025-02-10T10:18:41.030+0000] {processor.py:161} INFO - Started process (PID=99) to work on /home/airflow/.local/lib/python3.8/site-packages/airflow/example_dags/example_complex.py
[2025-02-10T10:18:41.063+0000] {processor.py:830} INFO - Processing file /home/airflow/.local/lib/python3.8/site-packages/airflow/example_dags/example_complex.py for tasks to queue
[2025-02-10T10:18:41.091+0000] {logging_mixin.py:188} INFO - [2025-02-10T10:18:41.090+0000] {dagbag.py:538} INFO - Filling up the DagBag from /home/airflow/.local/lib/python3.8/site-packages/airflow/example_dags/example_complex.py
[2025-02-10T10:18:41.255+0000] {processor.py:840} INFO - DAG(s) 'example_complex' retrieved from /home/airflow/.local/lib/python3.8/site-packages/airflow/example_dags/example_complex.py
[2025-02-10T10:18:41.826+0000] {logging_mixin.py:188} INFO - [2025-02-10T10:18:41.825+0000] {dag.py:3036} INFO - Sync 1 DAGs
[2025-02-10T10:18:42.084+0000] {logging_mixin.py:188} INFO - [2025-02-10T10:18:42.084+0000] {dag.py:3823} INFO - Setting next_dagrun for example_complex to None, run_after=None
[2025-02-10T10:18:42.212+0000] {processor.py:183} INFO - Processing /home/airflow/.local/lib/python3.8/site-packages/airflow/example_dags/example_complex.py took 1.320 seconds
[2025-02-10T10:19:13.330+0000] {processor.py:161} INFO - Started process (PID=157) to work on /home/airflow/.local/lib/python3.8/site-packages/airflow/example_dags/example_complex.py
[2025-02-10T10:19:13.337+0000] {processor.py:830} INFO - Processing file /home/airflow/.local/lib/python3.8/site-packages/airflow/example_dags/example_complex.py for tasks to queue
[2025-02-10T10:19:13.342+0000] {logging_mixin.py:188} INFO - [2025-02-10T10:19:13.341+0000] {dagbag.py:538} INFO - Filling up the DagBag from /home/airflow/.local/lib/python3.8/site-packages/airflow/example_dags/example_complex.py
[2025-02-10T10:19:13.404+0000] {processor.py:840} INFO - DAG(s) 'example_complex' retrieved from /home/airflow/.local/lib/python3.8/site-packages/airflow/example_dags/example_complex.py
[2025-02-10T10:19:13.532+0000] {logging_mixin.py:188} INFO - [2025-02-10T10:19:13.532+0000] {dag.py:3036} INFO - Sync 1 DAGs
[2025-02-10T10:19:13.776+0000] {logging_mixin.py:188} INFO - [2025-02-10T10:19:13.775+0000] {dag.py:3823} INFO - Setting next_dagrun for example_complex to None, run_after=None
[2025-02-10T10:19:13.955+0000] {processor.py:183} INFO - Processing /home/airflow/.local/lib/python3.8/site-packages/airflow/example_dags/example_complex.py took 0.682 seconds
[2025-02-10T10:19:44.645+0000] {processor.py:161} INFO - Started process (PID=222) to work on /home/airflow/.local/lib/python3.8/site-packages/airflow/example_dags/example_complex.py
[2025-02-10T10:19:44.650+0000] {processor.py:830} INFO - Processing file /home/airflow/.local/lib/python3.8/site-packages/airflow/example_dags/example_complex.py for tasks to queue
[2025-02-10T10:19:44.660+0000] {logging_mixin.py:188} INFO - [2025-02-10T10:19:44.659+0000] {dagbag.py:538} INFO - Filling up the DagBag from /home/airflow/.local/lib/python3.8/site-packages/airflow/example_dags/example_complex.py
[2025-02-10T10:19:44.698+0000] {processor.py:840} INFO - DAG(s) 'example_complex' retrieved from /home/airflow/.local/lib/python3.8/site-packages/airflow/example_dags/example_complex.py
[2025-02-10T10:19:44.806+0000] {logging_mixin.py:188} INFO - [2025-02-10T10:19:44.805+0000] {dag.py:3036} INFO - Sync 1 DAGs
[2025-02-10T10:19:44.848+0000] {logging_mixin.py:188} INFO - [2025-02-10T10:19:44.848+0000] {dag.py:3823} INFO - Setting next_dagrun for example_complex to None, run_after=None
[2025-02-10T10:19:44.907+0000] {processor.py:183} INFO - Processing /home/airflow/.local/lib/python3.8/site-packages/airflow/example_dags/example_complex.py took 0.271 seconds
[2025-02-10T10:20:15.765+0000] {processor.py:161} INFO - Started process (PID=286) to work on /home/airflow/.local/lib/python3.8/site-packages/airflow/example_dags/example_complex.py
[2025-02-10T10:20:15.789+0000] {processor.py:830} INFO - Processing file /home/airflow/.local/lib/python3.8/site-packages/airflow/example_dags/example_complex.py for tasks to queue
[2025-02-10T10:20:15.816+0000] {logging_mixin.py:188} INFO - [2025-02-10T10:20:15.815+0000] {dagbag.py:538} INFO - Filling up the DagBag from /home/airflow/.local/lib/python3.8/site-packages/airflow/example_dags/example_complex.py
[2025-02-10T10:20:16.001+0000] {processor.py:840} INFO - DAG(s) 'example_complex' retrieved from /home/airflow/.local/lib/python3.8/site-packages/airflow/example_dags/example_complex.py
[2025-02-10T10:20:16.289+0000] {logging_mixin.py:188} INFO - [2025-02-10T10:20:16.288+0000] {dag.py:3036} INFO - Sync 1 DAGs
[2025-02-10T10:20:16.378+0000] {logging_mixin.py:188} INFO - [2025-02-10T10:20:16.366+0000] {dag.py:3823} INFO - Setting next_dagrun for example_complex to None, run_after=None
[2025-02-10T10:20:16.487+0000] {processor.py:183} INFO - Processing /home/airflow/.local/lib/python3.8/site-packages/airflow/example_dags/example_complex.py took 0.729 seconds
[2025-02-10T10:20:48.210+0000] {processor.py:161} INFO - Started process (PID=343) to work on /home/airflow/.local/lib/python3.8/site-packages/airflow/example_dags/example_complex.py
[2025-02-10T10:20:48.256+0000] {processor.py:830} INFO - Processing file /home/airflow/.local/lib/python3.8/site-packages/airflow/example_dags/example_complex.py for tasks to queue
[2025-02-10T10:20:48.319+0000] {logging_mixin.py:188} INFO - [2025-02-10T10:20:48.292+0000] {dagbag.py:538} INFO - Filling up the DagBag from /home/airflow/.local/lib/python3.8/site-packages/airflow/example_dags/example_complex.py
[2025-02-10T10:20:48.389+0000] {processor.py:840} INFO - DAG(s) 'example_complex' retrieved from /home/airflow/.local/lib/python3.8/site-packages/airflow/example_dags/example_complex.py
[2025-02-10T10:20:48.622+0000] {logging_mixin.py:188} INFO - [2025-02-10T10:20:48.621+0000] {dag.py:3036} INFO - Sync 1 DAGs
[2025-02-10T10:20:48.680+0000] {logging_mixin.py:188} INFO - [2025-02-10T10:20:48.679+0000] {dag.py:3823} INFO - Setting next_dagrun for example_complex to None, run_after=None
[2025-02-10T10:20:48.772+0000] {processor.py:183} INFO - Processing /home/airflow/.local/lib/python3.8/site-packages/airflow/example_dags/example_complex.py took 0.598 seconds
[2025-02-10T10:21:19.006+0000] {processor.py:161} INFO - Started process (PID=406) to work on /home/airflow/.local/lib/python3.8/site-packages/airflow/example_dags/example_complex.py
[2025-02-10T10:21:19.008+0000] {processor.py:830} INFO - Processing file /home/airflow/.local/lib/python3.8/site-packages/airflow/example_dags/example_complex.py for tasks to queue
[2025-02-10T10:21:19.011+0000] {logging_mixin.py:188} INFO - [2025-02-10T10:21:19.011+0000] {dagbag.py:538} INFO - Filling up the DagBag from /home/airflow/.local/lib/python3.8/site-packages/airflow/example_dags/example_complex.py
[2025-02-10T10:21:19.041+0000] {processor.py:840} INFO - DAG(s) 'example_complex' retrieved from /home/airflow/.local/lib/python3.8/site-packages/airflow/example_dags/example_complex.py
[2025-02-10T10:21:19.115+0000] {logging_mixin.py:188} INFO - [2025-02-10T10:21:19.115+0000] {dag.py:3036} INFO - Sync 1 DAGs
[2025-02-10T10:21:19.139+0000] {logging_mixin.py:188} INFO - [2025-02-10T10:21:19.138+0000] {dag.py:3823} INFO - Setting next_dagrun for example_complex to None, run_after=None
[2025-02-10T10:21:19.185+0000] {processor.py:183} INFO - Processing /home/airflow/.local/lib/python3.8/site-packages/airflow/example_dags/example_complex.py took 0.186 seconds
[2025-02-10T10:21:49.596+0000] {processor.py:161} INFO - Started process (PID=471) to work on /home/airflow/.local/lib/python3.8/site-packages/airflow/example_dags/example_complex.py
[2025-02-10T10:21:49.598+0000] {processor.py:830} INFO - Processing file /home/airflow/.local/lib/python3.8/site-packages/airflow/example_dags/example_complex.py for tasks to queue
[2025-02-10T10:21:49.600+0000] {logging_mixin.py:188} INFO - [2025-02-10T10:21:49.600+0000] {dagbag.py:538} INFO - Filling up the DagBag from /home/airflow/.local/lib/python3.8/site-packages/airflow/example_dags/example_complex.py
[2025-02-10T10:21:49.630+0000] {processor.py:840} INFO - DAG(s) 'example_complex' retrieved from /home/airflow/.local/lib/python3.8/site-packages/airflow/example_dags/example_complex.py
[2025-02-10T10:21:49.731+0000] {logging_mixin.py:188} INFO - [2025-02-10T10:21:49.731+0000] {dag.py:3036} INFO - Sync 1 DAGs
[2025-02-10T10:21:49.769+0000] {logging_mixin.py:188} INFO - [2025-02-10T10:21:49.768+0000] {dag.py:3823} INFO - Setting next_dagrun for example_complex to None, run_after=None
[2025-02-10T10:21:49.816+0000] {processor.py:183} INFO - Processing /home/airflow/.local/lib/python3.8/site-packages/airflow/example_dags/example_complex.py took 0.232 seconds
[2025-02-10T10:22:19.901+0000] {processor.py:161} INFO - Started process (PID=536) to work on /home/airflow/.local/lib/python3.8/site-packages/airflow/example_dags/example_complex.py
[2025-02-10T10:22:19.903+0000] {processor.py:830} INFO - Processing file /home/airflow/.local/lib/python3.8/site-packages/airflow/example_dags/example_complex.py for tasks to queue
[2025-02-10T10:22:19.907+0000] {logging_mixin.py:188} INFO - [2025-02-10T10:22:19.906+0000] {dagbag.py:538} INFO - Filling up the DagBag from /home/airflow/.local/lib/python3.8/site-packages/airflow/example_dags/example_complex.py
[2025-02-10T10:22:19.956+0000] {processor.py:840} INFO - DAG(s) 'example_complex' retrieved from /home/airflow/.local/lib/python3.8/site-packages/airflow/example_dags/example_complex.py
[2025-02-10T10:22:20.037+0000] {logging_mixin.py:188} INFO - [2025-02-10T10:22:20.037+0000] {dag.py:3036} INFO - Sync 1 DAGs
[2025-02-10T10:22:20.065+0000] {logging_mixin.py:188} INFO - [2025-02-10T10:22:20.065+0000] {dag.py:3823} INFO - Setting next_dagrun for example_complex to None, run_after=None
[2025-02-10T10:22:20.107+0000] {processor.py:183} INFO - Processing /home/airflow/.local/lib/python3.8/site-packages/airflow/example_dags/example_complex.py took 0.211 seconds
[2025-02-10T10:22:50.227+0000] {processor.py:161} INFO - Started process (PID=601) to work on /home/airflow/.local/lib/python3.8/site-packages/airflow/example_dags/example_complex.py
[2025-02-10T10:22:50.229+0000] {processor.py:830} INFO - Processing file /home/airflow/.local/lib/python3.8/site-packages/airflow/example_dags/example_complex.py for tasks to queue
[2025-02-10T10:22:50.234+0000] {logging_mixin.py:188} INFO - [2025-02-10T10:22:50.233+0000] {dagbag.py:538} INFO - Filling up the DagBag from /home/airflow/.local/lib/python3.8/site-packages/airflow/example_dags/example_complex.py
[2025-02-10T10:22:50.279+0000] {processor.py:840} INFO - DAG(s) 'example_complex' retrieved from /home/airflow/.local/lib/python3.8/site-packages/airflow/example_dags/example_complex.py
[2025-02-10T10:22:50.380+0000] {logging_mixin.py:188} INFO - [2025-02-10T10:22:50.379+0000] {dag.py:3036} INFO - Sync 1 DAGs
[2025-02-10T10:22:50.422+0000] {logging_mixin.py:188} INFO - [2025-02-10T10:22:50.421+0000] {dag.py:3823} INFO - Setting next_dagrun for example_complex to None, run_after=None
[2025-02-10T10:22:50.521+0000] {processor.py:183} INFO - Processing /home/airflow/.local/lib/python3.8/site-packages/airflow/example_dags/example_complex.py took 0.299 seconds
[2025-02-10T10:23:20.802+0000] {processor.py:161} INFO - Started process (PID=658) to work on /home/airflow/.local/lib/python3.8/site-packages/airflow/example_dags/example_complex.py
[2025-02-10T10:23:20.804+0000] {processor.py:830} INFO - Processing file /home/airflow/.local/lib/python3.8/site-packages/airflow/example_dags/example_complex.py for tasks to queue
[2025-02-10T10:23:20.807+0000] {logging_mixin.py:188} INFO - [2025-02-10T10:23:20.807+0000] {dagbag.py:538} INFO - Filling up the DagBag from /home/airflow/.local/lib/python3.8/site-packages/airflow/example_dags/example_complex.py
[2025-02-10T10:23:20.866+0000] {processor.py:840} INFO - DAG(s) 'example_complex' retrieved from /home/airflow/.local/lib/python3.8/site-packages/airflow/example_dags/example_complex.py
[2025-02-10T10:23:20.923+0000] {logging_mixin.py:188} INFO - [2025-02-10T10:23:20.922+0000] {dag.py:3036} INFO - Sync 1 DAGs
[2025-02-10T10:23:20.945+0000] {logging_mixin.py:188} INFO - [2025-02-10T10:23:20.944+0000] {dag.py:3823} INFO - Setting next_dagrun for example_complex to None, run_after=None
[2025-02-10T10:23:20.975+0000] {processor.py:183} INFO - Processing /home/airflow/.local/lib/python3.8/site-packages/airflow/example_dags/example_complex.py took 0.182 seconds
[2025-02-10T10:23:51.284+0000] {processor.py:161} INFO - Started process (PID=731) to work on /home/airflow/.local/lib/python3.8/site-packages/airflow/example_dags/example_complex.py
[2025-02-10T10:23:51.285+0000] {processor.py:830} INFO - Processing file /home/airflow/.local/lib/python3.8/site-packages/airflow/example_dags/example_complex.py for tasks to queue
[2025-02-10T10:23:51.287+0000] {logging_mixin.py:188} INFO - [2025-02-10T10:23:51.287+0000] {dagbag.py:538} INFO - Filling up the DagBag from /home/airflow/.local/lib/python3.8/site-packages/airflow/example_dags/example_complex.py
[2025-02-10T10:23:51.304+0000] {processor.py:840} INFO - DAG(s) 'example_complex' retrieved from /home/airflow/.local/lib/python3.8/site-packages/airflow/example_dags/example_complex.py
[2025-02-10T10:23:51.354+0000] {logging_mixin.py:188} INFO - [2025-02-10T10:23:51.354+0000] {dag.py:3036} INFO - Sync 1 DAGs
[2025-02-10T10:23:51.374+0000] {logging_mixin.py:188} INFO - [2025-02-10T10:23:51.374+0000] {dag.py:3823} INFO - Setting next_dagrun for example_complex to None, run_after=None
[2025-02-10T10:23:51.413+0000] {processor.py:183} INFO - Processing /home/airflow/.local/lib/python3.8/site-packages/airflow/example_dags/example_complex.py took 0.135 seconds
[2025-02-10T10:24:22.091+0000] {processor.py:161} INFO - Started process (PID=796) to work on /home/airflow/.local/lib/python3.8/site-packages/airflow/example_dags/example_complex.py
[2025-02-10T10:24:22.092+0000] {processor.py:830} INFO - Processing file /home/airflow/.local/lib/python3.8/site-packages/airflow/example_dags/example_complex.py for tasks to queue
[2025-02-10T10:24:22.096+0000] {logging_mixin.py:188} INFO - [2025-02-10T10:24:22.096+0000] {dagbag.py:538} INFO - Filling up the DagBag from /home/airflow/.local/lib/python3.8/site-packages/airflow/example_dags/example_complex.py
[2025-02-10T10:24:22.116+0000] {processor.py:840} INFO - DAG(s) 'example_complex' retrieved from /home/airflow/.local/lib/python3.8/site-packages/airflow/example_dags/example_complex.py
[2025-02-10T10:24:22.172+0000] {logging_mixin.py:188} INFO - [2025-02-10T10:24:22.172+0000] {dag.py:3036} INFO - Sync 1 DAGs
[2025-02-10T10:24:22.188+0000] {logging_mixin.py:188} INFO - [2025-02-10T10:24:22.187+0000] {dag.py:3823} INFO - Setting next_dagrun for example_complex to None, run_after=None
[2025-02-10T10:24:22.223+0000] {processor.py:183} INFO - Processing /home/airflow/.local/lib/python3.8/site-packages/airflow/example_dags/example_complex.py took 0.140 seconds
[2025-02-10T10:24:52.386+0000] {processor.py:161} INFO - Started process (PID=868) to work on /home/airflow/.local/lib/python3.8/site-packages/airflow/example_dags/example_complex.py
[2025-02-10T10:24:52.388+0000] {processor.py:830} INFO - Processing file /home/airflow/.local/lib/python3.8/site-packages/airflow/example_dags/example_complex.py for tasks to queue
[2025-02-10T10:24:52.391+0000] {logging_mixin.py:188} INFO - [2025-02-10T10:24:52.390+0000] {dagbag.py:538} INFO - Filling up the DagBag from /home/airflow/.local/lib/python3.8/site-packages/airflow/example_dags/example_complex.py
[2025-02-10T10:24:52.412+0000] {processor.py:840} INFO - DAG(s) 'example_complex' retrieved from /home/airflow/.local/lib/python3.8/site-packages/airflow/example_dags/example_complex.py
[2025-02-10T10:24:52.476+0000] {logging_mixin.py:188} INFO - [2025-02-10T10:24:52.476+0000] {dag.py:3036} INFO - Sync 1 DAGs
[2025-02-10T10:24:52.496+0000] {logging_mixin.py:188} INFO - [2025-02-10T10:24:52.495+0000] {dag.py:3823} INFO - Setting next_dagrun for example_complex to None, run_after=None
[2025-02-10T10:24:52.526+0000] {processor.py:183} INFO - Processing /home/airflow/.local/lib/python3.8/site-packages/airflow/example_dags/example_complex.py took 0.145 seconds
[2025-02-10T10:25:23.049+0000] {processor.py:161} INFO - Started process (PID=931) to work on /home/airflow/.local/lib/python3.8/site-packages/airflow/example_dags/example_complex.py
[2025-02-10T10:25:23.050+0000] {processor.py:830} INFO - Processing file /home/airflow/.local/lib/python3.8/site-packages/airflow/example_dags/example_complex.py for tasks to queue
[2025-02-10T10:25:23.053+0000] {logging_mixin.py:188} INFO - [2025-02-10T10:25:23.052+0000] {dagbag.py:538} INFO - Filling up the DagBag from /home/airflow/.local/lib/python3.8/site-packages/airflow/example_dags/example_complex.py
[2025-02-10T10:25:23.073+0000] {processor.py:840} INFO - DAG(s) 'example_complex' retrieved from /home/airflow/.local/lib/python3.8/site-packages/airflow/example_dags/example_complex.py
[2025-02-10T10:25:23.119+0000] {logging_mixin.py:188} INFO - [2025-02-10T10:25:23.119+0000] {dag.py:3036} INFO - Sync 1 DAGs
[2025-02-10T10:25:23.140+0000] {logging_mixin.py:188} INFO - [2025-02-10T10:25:23.140+0000] {dag.py:3823} INFO - Setting next_dagrun for example_complex to None, run_after=None
[2025-02-10T10:25:23.179+0000] {processor.py:183} INFO - Processing /home/airflow/.local/lib/python3.8/site-packages/airflow/example_dags/example_complex.py took 0.135 seconds
[2025-02-10T10:25:53.630+0000] {processor.py:161} INFO - Started process (PID=996) to work on /home/airflow/.local/lib/python3.8/site-packages/airflow/example_dags/example_complex.py
[2025-02-10T10:25:53.632+0000] {processor.py:830} INFO - Processing file /home/airflow/.local/lib/python3.8/site-packages/airflow/example_dags/example_complex.py for tasks to queue
[2025-02-10T10:25:53.635+0000] {logging_mixin.py:188} INFO - [2025-02-10T10:25:53.634+0000] {dagbag.py:538} INFO - Filling up the DagBag from /home/airflow/.local/lib/python3.8/site-packages/airflow/example_dags/example_complex.py
[2025-02-10T10:25:53.651+0000] {processor.py:840} INFO - DAG(s) 'example_complex' retrieved from /home/airflow/.local/lib/python3.8/site-packages/airflow/example_dags/example_complex.py
[2025-02-10T10:25:53.695+0000] {logging_mixin.py:188} INFO - [2025-02-10T10:25:53.695+0000] {dag.py:3036} INFO - Sync 1 DAGs
[2025-02-10T10:25:53.711+0000] {logging_mixin.py:188} INFO - [2025-02-10T10:25:53.711+0000] {dag.py:3823} INFO - Setting next_dagrun for example_complex to None, run_after=None
[2025-02-10T10:25:53.742+0000] {processor.py:183} INFO - Processing /home/airflow/.local/lib/python3.8/site-packages/airflow/example_dags/example_complex.py took 0.117 seconds
[2025-02-10T10:26:23.850+0000] {processor.py:161} INFO - Started process (PID=1061) to work on /home/airflow/.local/lib/python3.8/site-packages/airflow/example_dags/example_complex.py
[2025-02-10T10:26:23.853+0000] {processor.py:830} INFO - Processing file /home/airflow/.local/lib/python3.8/site-packages/airflow/example_dags/example_complex.py for tasks to queue
[2025-02-10T10:26:23.862+0000] {logging_mixin.py:188} INFO - [2025-02-10T10:26:23.861+0000] {dagbag.py:538} INFO - Filling up the DagBag from /home/airflow/.local/lib/python3.8/site-packages/airflow/example_dags/example_complex.py
[2025-02-10T10:26:23.893+0000] {processor.py:840} INFO - DAG(s) 'example_complex' retrieved from /home/airflow/.local/lib/python3.8/site-packages/airflow/example_dags/example_complex.py
[2025-02-10T10:26:23.988+0000] {logging_mixin.py:188} INFO - [2025-02-10T10:26:23.987+0000] {dag.py:3036} INFO - Sync 1 DAGs
[2025-02-10T10:26:24.016+0000] {logging_mixin.py:188} INFO - [2025-02-10T10:26:24.015+0000] {dag.py:3823} INFO - Setting next_dagrun for example_complex to None, run_after=None
[2025-02-10T10:26:24.069+0000] {processor.py:183} INFO - Processing /home/airflow/.local/lib/python3.8/site-packages/airflow/example_dags/example_complex.py took 0.224 seconds
[2025-02-10T10:26:54.622+0000] {processor.py:161} INFO - Started process (PID=1132) to work on /home/airflow/.local/lib/python3.8/site-packages/airflow/example_dags/example_complex.py
[2025-02-10T10:26:54.626+0000] {processor.py:830} INFO - Processing file /home/airflow/.local/lib/python3.8/site-packages/airflow/example_dags/example_complex.py for tasks to queue
[2025-02-10T10:26:54.635+0000] {logging_mixin.py:188} INFO - [2025-02-10T10:26:54.634+0000] {dagbag.py:538} INFO - Filling up the DagBag from /home/airflow/.local/lib/python3.8/site-packages/airflow/example_dags/example_complex.py
[2025-02-10T10:26:54.662+0000] {processor.py:840} INFO - DAG(s) 'example_complex' retrieved from /home/airflow/.local/lib/python3.8/site-packages/airflow/example_dags/example_complex.py
[2025-02-10T10:26:54.730+0000] {logging_mixin.py:188} INFO - [2025-02-10T10:26:54.730+0000] {dag.py:3036} INFO - Sync 1 DAGs
[2025-02-10T10:26:54.748+0000] {logging_mixin.py:188} INFO - [2025-02-10T10:26:54.747+0000] {dag.py:3823} INFO - Setting next_dagrun for example_complex to None, run_after=None
[2025-02-10T10:26:54.790+0000] {processor.py:183} INFO - Processing /home/airflow/.local/lib/python3.8/site-packages/airflow/example_dags/example_complex.py took 0.173 seconds
[2025-02-10T10:27:25.463+0000] {processor.py:161} INFO - Started process (PID=1197) to work on /home/airflow/.local/lib/python3.8/site-packages/airflow/example_dags/example_complex.py
[2025-02-10T10:27:25.465+0000] {processor.py:830} INFO - Processing file /home/airflow/.local/lib/python3.8/site-packages/airflow/example_dags/example_complex.py for tasks to queue
[2025-02-10T10:27:25.477+0000] {logging_mixin.py:188} INFO - [2025-02-10T10:27:25.476+0000] {dagbag.py:538} INFO - Filling up the DagBag from /home/airflow/.local/lib/python3.8/site-packages/airflow/example_dags/example_complex.py
[2025-02-10T10:27:25.509+0000] {processor.py:840} INFO - DAG(s) 'example_complex' retrieved from /home/airflow/.local/lib/python3.8/site-packages/airflow/example_dags/example_complex.py
[2025-02-10T10:27:25.594+0000] {logging_mixin.py:188} INFO - [2025-02-10T10:27:25.594+0000] {dag.py:3036} INFO - Sync 1 DAGs
[2025-02-10T10:27:25.620+0000] {logging_mixin.py:188} INFO - [2025-02-10T10:27:25.617+0000] {dag.py:3823} INFO - Setting next_dagrun for example_complex to None, run_after=None
[2025-02-10T10:27:25.662+0000] {processor.py:183} INFO - Processing /home/airflow/.local/lib/python3.8/site-packages/airflow/example_dags/example_complex.py took 0.208 seconds
[2025-02-10T10:27:55.708+0000] {processor.py:161} INFO - Started process (PID=1261) to work on /home/airflow/.local/lib/python3.8/site-packages/airflow/example_dags/example_complex.py
[2025-02-10T10:27:55.709+0000] {processor.py:830} INFO - Processing file /home/airflow/.local/lib/python3.8/site-packages/airflow/example_dags/example_complex.py for tasks to queue
[2025-02-10T10:27:55.712+0000] {logging_mixin.py:188} INFO - [2025-02-10T10:27:55.711+0000] {dagbag.py:538} INFO - Filling up the DagBag from /home/airflow/.local/lib/python3.8/site-packages/airflow/example_dags/example_complex.py
[2025-02-10T10:27:55.729+0000] {processor.py:840} INFO - DAG(s) 'example_complex' retrieved from /home/airflow/.local/lib/python3.8/site-packages/airflow/example_dags/example_complex.py
[2025-02-10T10:27:55.787+0000] {logging_mixin.py:188} INFO - [2025-02-10T10:27:55.787+0000] {dag.py:3036} INFO - Sync 1 DAGs
[2025-02-10T10:27:55.812+0000] {logging_mixin.py:188} INFO - [2025-02-10T10:27:55.811+0000] {dag.py:3823} INFO - Setting next_dagrun for example_complex to None, run_after=None
[2025-02-10T10:27:55.842+0000] {processor.py:183} INFO - Processing /home/airflow/.local/lib/python3.8/site-packages/airflow/example_dags/example_complex.py took 0.139 seconds
[2025-02-10T10:28:26.472+0000] {processor.py:161} INFO - Started process (PID=1325) to work on /home/airflow/.local/lib/python3.8/site-packages/airflow/example_dags/example_complex.py
[2025-02-10T10:28:26.474+0000] {processor.py:830} INFO - Processing file /home/airflow/.local/lib/python3.8/site-packages/airflow/example_dags/example_complex.py for tasks to queue
[2025-02-10T10:28:26.477+0000] {logging_mixin.py:188} INFO - [2025-02-10T10:28:26.477+0000] {dagbag.py:538} INFO - Filling up the DagBag from /home/airflow/.local/lib/python3.8/site-packages/airflow/example_dags/example_complex.py
[2025-02-10T10:28:26.500+0000] {processor.py:840} INFO - DAG(s) 'example_complex' retrieved from /home/airflow/.local/lib/python3.8/site-packages/airflow/example_dags/example_complex.py
[2025-02-10T10:28:26.559+0000] {logging_mixin.py:188} INFO - [2025-02-10T10:28:26.558+0000] {dag.py:3036} INFO - Sync 1 DAGs
[2025-02-10T10:28:26.579+0000] {logging_mixin.py:188} INFO - [2025-02-10T10:28:26.579+0000] {dag.py:3823} INFO - Setting next_dagrun for example_complex to None, run_after=None
[2025-02-10T10:28:26.610+0000] {processor.py:183} INFO - Processing /home/airflow/.local/lib/python3.8/site-packages/airflow/example_dags/example_complex.py took 0.143 seconds
[2025-02-10T10:28:57.486+0000] {processor.py:161} INFO - Started process (PID=1398) to work on /home/airflow/.local/lib/python3.8/site-packages/airflow/example_dags/example_complex.py
[2025-02-10T10:28:57.488+0000] {processor.py:830} INFO - Processing file /home/airflow/.local/lib/python3.8/site-packages/airflow/example_dags/example_complex.py for tasks to queue
[2025-02-10T10:28:57.491+0000] {logging_mixin.py:188} INFO - [2025-02-10T10:28:57.490+0000] {dagbag.py:538} INFO - Filling up the DagBag from /home/airflow/.local/lib/python3.8/site-packages/airflow/example_dags/example_complex.py
[2025-02-10T10:28:57.506+0000] {processor.py:840} INFO - DAG(s) 'example_complex' retrieved from /home/airflow/.local/lib/python3.8/site-packages/airflow/example_dags/example_complex.py
[2025-02-10T10:28:57.551+0000] {logging_mixin.py:188} INFO - [2025-02-10T10:28:57.551+0000] {dag.py:3036} INFO - Sync 1 DAGs
[2025-02-10T10:28:57.567+0000] {logging_mixin.py:188} INFO - [2025-02-10T10:28:57.567+0000] {dag.py:3823} INFO - Setting next_dagrun for example_complex to None, run_after=None
[2025-02-10T10:28:57.600+0000] {processor.py:183} INFO - Processing /home/airflow/.local/lib/python3.8/site-packages/airflow/example_dags/example_complex.py took 0.118 seconds
[2025-02-10T10:29:27.980+0000] {processor.py:161} INFO - Started process (PID=1463) to work on /home/airflow/.local/lib/python3.8/site-packages/airflow/example_dags/example_complex.py
[2025-02-10T10:29:27.982+0000] {processor.py:830} INFO - Processing file /home/airflow/.local/lib/python3.8/site-packages/airflow/example_dags/example_complex.py for tasks to queue
[2025-02-10T10:29:27.984+0000] {logging_mixin.py:188} INFO - [2025-02-10T10:29:27.983+0000] {dagbag.py:538} INFO - Filling up the DagBag from /home/airflow/.local/lib/python3.8/site-packages/airflow/example_dags/example_complex.py
[2025-02-10T10:29:27.999+0000] {processor.py:840} INFO - DAG(s) 'example_complex' retrieved from /home/airflow/.local/lib/python3.8/site-packages/airflow/example_dags/example_complex.py
[2025-02-10T10:29:28.044+0000] {logging_mixin.py:188} INFO - [2025-02-10T10:29:28.043+0000] {dag.py:3036} INFO - Sync 1 DAGs
[2025-02-10T10:29:28.058+0000] {logging_mixin.py:188} INFO - [2025-02-10T10:29:28.058+0000] {dag.py:3823} INFO - Setting next_dagrun for example_complex to None, run_after=None
[2025-02-10T10:29:28.097+0000] {processor.py:183} INFO - Processing /home/airflow/.local/lib/python3.8/site-packages/airflow/example_dags/example_complex.py took 0.121 seconds
[2025-02-10T10:29:58.479+0000] {processor.py:161} INFO - Started process (PID=1528) to work on /home/airflow/.local/lib/python3.8/site-packages/airflow/example_dags/example_complex.py
[2025-02-10T10:29:58.481+0000] {processor.py:830} INFO - Processing file /home/airflow/.local/lib/python3.8/site-packages/airflow/example_dags/example_complex.py for tasks to queue
[2025-02-10T10:29:58.485+0000] {logging_mixin.py:188} INFO - [2025-02-10T10:29:58.484+0000] {dagbag.py:538} INFO - Filling up the DagBag from /home/airflow/.local/lib/python3.8/site-packages/airflow/example_dags/example_complex.py
[2025-02-10T10:29:58.509+0000] {processor.py:840} INFO - DAG(s) 'example_complex' retrieved from /home/airflow/.local/lib/python3.8/site-packages/airflow/example_dags/example_complex.py
[2025-02-10T10:29:58.568+0000] {logging_mixin.py:188} INFO - [2025-02-10T10:29:58.567+0000] {dag.py:3036} INFO - Sync 1 DAGs
[2025-02-10T10:29:58.590+0000] {logging_mixin.py:188} INFO - [2025-02-10T10:29:58.590+0000] {dag.py:3823} INFO - Setting next_dagrun for example_complex to None, run_after=None
[2025-02-10T10:29:58.627+0000] {processor.py:183} INFO - Processing /home/airflow/.local/lib/python3.8/site-packages/airflow/example_dags/example_complex.py took 0.154 seconds
[2025-02-10T10:30:29.494+0000] {processor.py:161} INFO - Started process (PID=1601) to work on /home/airflow/.local/lib/python3.8/site-packages/airflow/example_dags/example_complex.py
[2025-02-10T10:30:29.495+0000] {processor.py:830} INFO - Processing file /home/airflow/.local/lib/python3.8/site-packages/airflow/example_dags/example_complex.py for tasks to queue
[2025-02-10T10:30:29.498+0000] {logging_mixin.py:188} INFO - [2025-02-10T10:30:29.497+0000] {dagbag.py:538} INFO - Filling up the DagBag from /home/airflow/.local/lib/python3.8/site-packages/airflow/example_dags/example_complex.py
[2025-02-10T10:30:29.512+0000] {processor.py:840} INFO - DAG(s) 'example_complex' retrieved from /home/airflow/.local/lib/python3.8/site-packages/airflow/example_dags/example_complex.py
[2025-02-10T10:30:29.558+0000] {logging_mixin.py:188} INFO - [2025-02-10T10:30:29.557+0000] {dag.py:3036} INFO - Sync 1 DAGs
[2025-02-10T10:30:29.573+0000] {logging_mixin.py:188} INFO - [2025-02-10T10:30:29.573+0000] {dag.py:3823} INFO - Setting next_dagrun for example_complex to None, run_after=None
[2025-02-10T10:30:29.614+0000] {processor.py:183} INFO - Processing /home/airflow/.local/lib/python3.8/site-packages/airflow/example_dags/example_complex.py took 0.125 seconds
[2025-02-10T10:30:59.750+0000] {processor.py:161} INFO - Started process (PID=1667) to work on /home/airflow/.local/lib/python3.8/site-packages/airflow/example_dags/example_complex.py
[2025-02-10T10:30:59.751+0000] {processor.py:830} INFO - Processing file /home/airflow/.local/lib/python3.8/site-packages/airflow/example_dags/example_complex.py for tasks to queue
[2025-02-10T10:30:59.754+0000] {logging_mixin.py:188} INFO - [2025-02-10T10:30:59.753+0000] {dagbag.py:538} INFO - Filling up the DagBag from /home/airflow/.local/lib/python3.8/site-packages/airflow/example_dags/example_complex.py
[2025-02-10T10:30:59.768+0000] {processor.py:840} INFO - DAG(s) 'example_complex' retrieved from /home/airflow/.local/lib/python3.8/site-packages/airflow/example_dags/example_complex.py
[2025-02-10T10:30:59.814+0000] {logging_mixin.py:188} INFO - [2025-02-10T10:30:59.813+0000] {dag.py:3036} INFO - Sync 1 DAGs
[2025-02-10T10:30:59.831+0000] {logging_mixin.py:188} INFO - [2025-02-10T10:30:59.831+0000] {dag.py:3823} INFO - Setting next_dagrun for example_complex to None, run_after=None
[2025-02-10T10:30:59.864+0000] {processor.py:183} INFO - Processing /home/airflow/.local/lib/python3.8/site-packages/airflow/example_dags/example_complex.py took 0.118 seconds
[2025-02-10T10:31:30.009+0000] {processor.py:161} INFO - Started process (PID=1730) to work on /home/airflow/.local/lib/python3.8/site-packages/airflow/example_dags/example_complex.py
[2025-02-10T10:31:30.010+0000] {processor.py:830} INFO - Processing file /home/airflow/.local/lib/python3.8/site-packages/airflow/example_dags/example_complex.py for tasks to queue
[2025-02-10T10:31:30.014+0000] {logging_mixin.py:188} INFO - [2025-02-10T10:31:30.014+0000] {dagbag.py:538} INFO - Filling up the DagBag from /home/airflow/.local/lib/python3.8/site-packages/airflow/example_dags/example_complex.py
[2025-02-10T10:31:30.028+0000] {processor.py:840} INFO - DAG(s) 'example_complex' retrieved from /home/airflow/.local/lib/python3.8/site-packages/airflow/example_dags/example_complex.py
[2025-02-10T10:31:30.071+0000] {logging_mixin.py:188} INFO - [2025-02-10T10:31:30.071+0000] {dag.py:3036} INFO - Sync 1 DAGs
[2025-02-10T10:31:30.090+0000] {logging_mixin.py:188} INFO - [2025-02-10T10:31:30.090+0000] {dag.py:3823} INFO - Setting next_dagrun for example_complex to None, run_after=None
[2025-02-10T10:31:30.124+0000] {processor.py:183} INFO - Processing /home/airflow/.local/lib/python3.8/site-packages/airflow/example_dags/example_complex.py took 0.122 seconds
[2025-02-10T10:32:00.417+0000] {processor.py:161} INFO - Started process (PID=1802) to work on /home/airflow/.local/lib/python3.8/site-packages/airflow/example_dags/example_complex.py
[2025-02-10T10:32:00.421+0000] {processor.py:830} INFO - Processing file /home/airflow/.local/lib/python3.8/site-packages/airflow/example_dags/example_complex.py for tasks to queue
[2025-02-10T10:32:00.425+0000] {logging_mixin.py:188} INFO - [2025-02-10T10:32:00.424+0000] {dagbag.py:538} INFO - Filling up the DagBag from /home/airflow/.local/lib/python3.8/site-packages/airflow/example_dags/example_complex.py
[2025-02-10T10:32:00.445+0000] {processor.py:840} INFO - DAG(s) 'example_complex' retrieved from /home/airflow/.local/lib/python3.8/site-packages/airflow/example_dags/example_complex.py
[2025-02-10T10:32:00.500+0000] {logging_mixin.py:188} INFO - [2025-02-10T10:32:00.500+0000] {dag.py:3036} INFO - Sync 1 DAGs
[2025-02-10T10:32:00.518+0000] {logging_mixin.py:188} INFO - [2025-02-10T10:32:00.518+0000] {dag.py:3823} INFO - Setting next_dagrun for example_complex to None, run_after=None
[2025-02-10T10:32:00.555+0000] {processor.py:183} INFO - Processing /home/airflow/.local/lib/python3.8/site-packages/airflow/example_dags/example_complex.py took 0.146 seconds
[2025-02-10T10:32:31.249+0000] {processor.py:161} INFO - Started process (PID=1866) to work on /home/airflow/.local/lib/python3.8/site-packages/airflow/example_dags/example_complex.py
[2025-02-10T10:32:31.251+0000] {processor.py:830} INFO - Processing file /home/airflow/.local/lib/python3.8/site-packages/airflow/example_dags/example_complex.py for tasks to queue
[2025-02-10T10:32:31.253+0000] {logging_mixin.py:188} INFO - [2025-02-10T10:32:31.253+0000] {dagbag.py:538} INFO - Filling up the DagBag from /home/airflow/.local/lib/python3.8/site-packages/airflow/example_dags/example_complex.py
[2025-02-10T10:32:31.274+0000] {processor.py:840} INFO - DAG(s) 'example_complex' retrieved from /home/airflow/.local/lib/python3.8/site-packages/airflow/example_dags/example_complex.py
[2025-02-10T10:32:31.331+0000] {logging_mixin.py:188} INFO - [2025-02-10T10:32:31.331+0000] {dag.py:3036} INFO - Sync 1 DAGs
[2025-02-10T10:32:31.349+0000] {logging_mixin.py:188} INFO - [2025-02-10T10:32:31.349+0000] {dag.py:3823} INFO - Setting next_dagrun for example_complex to None, run_after=None
[2025-02-10T10:32:31.383+0000] {processor.py:183} INFO - Processing /home/airflow/.local/lib/python3.8/site-packages/airflow/example_dags/example_complex.py took 0.138 seconds
[2025-02-10T10:33:01.787+0000] {processor.py:161} INFO - Started process (PID=1930) to work on /home/airflow/.local/lib/python3.8/site-packages/airflow/example_dags/example_complex.py
[2025-02-10T10:33:01.789+0000] {processor.py:830} INFO - Processing file /home/airflow/.local/lib/python3.8/site-packages/airflow/example_dags/example_complex.py for tasks to queue
[2025-02-10T10:33:01.791+0000] {logging_mixin.py:188} INFO - [2025-02-10T10:33:01.790+0000] {dagbag.py:538} INFO - Filling up the DagBag from /home/airflow/.local/lib/python3.8/site-packages/airflow/example_dags/example_complex.py
[2025-02-10T10:33:01.805+0000] {processor.py:840} INFO - DAG(s) 'example_complex' retrieved from /home/airflow/.local/lib/python3.8/site-packages/airflow/example_dags/example_complex.py
[2025-02-10T10:33:01.849+0000] {logging_mixin.py:188} INFO - [2025-02-10T10:33:01.849+0000] {dag.py:3036} INFO - Sync 1 DAGs
[2025-02-10T10:33:01.865+0000] {logging_mixin.py:188} INFO - [2025-02-10T10:33:01.865+0000] {dag.py:3823} INFO - Setting next_dagrun for example_complex to None, run_after=None
[2025-02-10T10:33:01.893+0000] {processor.py:183} INFO - Processing /home/airflow/.local/lib/python3.8/site-packages/airflow/example_dags/example_complex.py took 0.110 seconds
[2025-02-10T10:33:32.463+0000] {processor.py:161} INFO - Started process (PID=2003) to work on /home/airflow/.local/lib/python3.8/site-packages/airflow/example_dags/example_complex.py
[2025-02-10T10:33:32.464+0000] {processor.py:830} INFO - Processing file /home/airflow/.local/lib/python3.8/site-packages/airflow/example_dags/example_complex.py for tasks to queue
[2025-02-10T10:33:32.467+0000] {logging_mixin.py:188} INFO - [2025-02-10T10:33:32.467+0000] {dagbag.py:538} INFO - Filling up the DagBag from /home/airflow/.local/lib/python3.8/site-packages/airflow/example_dags/example_complex.py
[2025-02-10T10:33:32.483+0000] {processor.py:840} INFO - DAG(s) 'example_complex' retrieved from /home/airflow/.local/lib/python3.8/site-packages/airflow/example_dags/example_complex.py
[2025-02-10T10:33:32.526+0000] {logging_mixin.py:188} INFO - [2025-02-10T10:33:32.525+0000] {dag.py:3036} INFO - Sync 1 DAGs
[2025-02-10T10:33:32.543+0000] {logging_mixin.py:188} INFO - [2025-02-10T10:33:32.542+0000] {dag.py:3823} INFO - Setting next_dagrun for example_complex to None, run_after=None
[2025-02-10T10:33:32.572+0000] {processor.py:183} INFO - Processing /home/airflow/.local/lib/python3.8/site-packages/airflow/example_dags/example_complex.py took 0.114 seconds
[2025-02-10T10:34:02.829+0000] {processor.py:161} INFO - Started process (PID=2068) to work on /home/airflow/.local/lib/python3.8/site-packages/airflow/example_dags/example_complex.py
[2025-02-10T10:34:02.831+0000] {processor.py:830} INFO - Processing file /home/airflow/.local/lib/python3.8/site-packages/airflow/example_dags/example_complex.py for tasks to queue
[2025-02-10T10:34:02.834+0000] {logging_mixin.py:188} INFO - [2025-02-10T10:34:02.834+0000] {dagbag.py:538} INFO - Filling up the DagBag from /home/airflow/.local/lib/python3.8/site-packages/airflow/example_dags/example_complex.py
[2025-02-10T10:34:02.858+0000] {processor.py:840} INFO - DAG(s) 'example_complex' retrieved from /home/airflow/.local/lib/python3.8/site-packages/airflow/example_dags/example_complex.py
[2025-02-10T10:34:02.915+0000] {logging_mixin.py:188} INFO - [2025-02-10T10:34:02.914+0000] {dag.py:3036} INFO - Sync 1 DAGs
[2025-02-10T10:34:02.940+0000] {logging_mixin.py:188} INFO - [2025-02-10T10:34:02.940+0000] {dag.py:3823} INFO - Setting next_dagrun for example_complex to None, run_after=None
[2025-02-10T10:34:02.967+0000] {processor.py:183} INFO - Processing /home/airflow/.local/lib/python3.8/site-packages/airflow/example_dags/example_complex.py took 0.144 seconds
[2025-02-10T10:34:33.357+0000] {processor.py:161} INFO - Started process (PID=2133) to work on /home/airflow/.local/lib/python3.8/site-packages/airflow/example_dags/example_complex.py
[2025-02-10T10:34:33.359+0000] {processor.py:830} INFO - Processing file /home/airflow/.local/lib/python3.8/site-packages/airflow/example_dags/example_complex.py for tasks to queue
[2025-02-10T10:34:33.362+0000] {logging_mixin.py:188} INFO - [2025-02-10T10:34:33.362+0000] {dagbag.py:538} INFO - Filling up the DagBag from /home/airflow/.local/lib/python3.8/site-packages/airflow/example_dags/example_complex.py
[2025-02-10T10:34:33.379+0000] {processor.py:840} INFO - DAG(s) 'example_complex' retrieved from /home/airflow/.local/lib/python3.8/site-packages/airflow/example_dags/example_complex.py
[2025-02-10T10:34:33.425+0000] {logging_mixin.py:188} INFO - [2025-02-10T10:34:33.425+0000] {dag.py:3036} INFO - Sync 1 DAGs
[2025-02-10T10:34:33.442+0000] {logging_mixin.py:188} INFO - [2025-02-10T10:34:33.442+0000] {dag.py:3823} INFO - Setting next_dagrun for example_complex to None, run_after=None
[2025-02-10T10:34:33.477+0000] {processor.py:183} INFO - Processing /home/airflow/.local/lib/python3.8/site-packages/airflow/example_dags/example_complex.py took 0.125 seconds
[2025-02-10T10:35:04.082+0000] {processor.py:161} INFO - Started process (PID=2206) to work on /home/airflow/.local/lib/python3.8/site-packages/airflow/example_dags/example_complex.py
[2025-02-10T10:35:04.084+0000] {processor.py:830} INFO - Processing file /home/airflow/.local/lib/python3.8/site-packages/airflow/example_dags/example_complex.py for tasks to queue
[2025-02-10T10:35:04.087+0000] {logging_mixin.py:188} INFO - [2025-02-10T10:35:04.087+0000] {dagbag.py:538} INFO - Filling up the DagBag from /home/airflow/.local/lib/python3.8/site-packages/airflow/example_dags/example_complex.py
[2025-02-10T10:35:04.117+0000] {processor.py:840} INFO - DAG(s) 'example_complex' retrieved from /home/airflow/.local/lib/python3.8/site-packages/airflow/example_dags/example_complex.py
[2025-02-10T10:35:04.174+0000] {logging_mixin.py:188} INFO - [2025-02-10T10:35:04.173+0000] {dag.py:3036} INFO - Sync 1 DAGs
[2025-02-10T10:35:04.197+0000] {logging_mixin.py:188} INFO - [2025-02-10T10:35:04.196+0000] {dag.py:3823} INFO - Setting next_dagrun for example_complex to None, run_after=None
[2025-02-10T10:35:04.231+0000] {processor.py:183} INFO - Processing /home/airflow/.local/lib/python3.8/site-packages/airflow/example_dags/example_complex.py took 0.155 seconds
[2025-02-10T10:35:34.265+0000] {processor.py:161} INFO - Started process (PID=2271) to work on /home/airflow/.local/lib/python3.8/site-packages/airflow/example_dags/example_complex.py
[2025-02-10T10:35:34.267+0000] {processor.py:830} INFO - Processing file /home/airflow/.local/lib/python3.8/site-packages/airflow/example_dags/example_complex.py for tasks to queue
[2025-02-10T10:35:34.270+0000] {logging_mixin.py:188} INFO - [2025-02-10T10:35:34.269+0000] {dagbag.py:538} INFO - Filling up the DagBag from /home/airflow/.local/lib/python3.8/site-packages/airflow/example_dags/example_complex.py
[2025-02-10T10:35:34.287+0000] {processor.py:840} INFO - DAG(s) 'example_complex' retrieved from /home/airflow/.local/lib/python3.8/site-packages/airflow/example_dags/example_complex.py
[2025-02-10T10:35:34.338+0000] {logging_mixin.py:188} INFO - [2025-02-10T10:35:34.338+0000] {dag.py:3036} INFO - Sync 1 DAGs
[2025-02-10T10:35:34.360+0000] {logging_mixin.py:188} INFO - [2025-02-10T10:35:34.359+0000] {dag.py:3823} INFO - Setting next_dagrun for example_complex to None, run_after=None
[2025-02-10T10:35:34.387+0000] {processor.py:183} INFO - Processing /home/airflow/.local/lib/python3.8/site-packages/airflow/example_dags/example_complex.py took 0.127 seconds
[2025-02-10T10:36:04.432+0000] {processor.py:161} INFO - Started process (PID=2336) to work on /home/airflow/.local/lib/python3.8/site-packages/airflow/example_dags/example_complex.py
[2025-02-10T10:36:04.433+0000] {processor.py:830} INFO - Processing file /home/airflow/.local/lib/python3.8/site-packages/airflow/example_dags/example_complex.py for tasks to queue
[2025-02-10T10:36:04.435+0000] {logging_mixin.py:188} INFO - [2025-02-10T10:36:04.435+0000] {dagbag.py:538} INFO - Filling up the DagBag from /home/airflow/.local/lib/python3.8/site-packages/airflow/example_dags/example_complex.py
[2025-02-10T10:36:04.449+0000] {processor.py:840} INFO - DAG(s) 'example_complex' retrieved from /home/airflow/.local/lib/python3.8/site-packages/airflow/example_dags/example_complex.py
[2025-02-10T10:36:04.489+0000] {logging_mixin.py:188} INFO - [2025-02-10T10:36:04.489+0000] {dag.py:3036} INFO - Sync 1 DAGs
[2025-02-10T10:36:04.507+0000] {logging_mixin.py:188} INFO - [2025-02-10T10:36:04.507+0000] {dag.py:3823} INFO - Setting next_dagrun for example_complex to None, run_after=None
[2025-02-10T10:36:04.532+0000] {processor.py:183} INFO - Processing /home/airflow/.local/lib/python3.8/site-packages/airflow/example_dags/example_complex.py took 0.104 seconds
[2025-02-10T10:36:34.664+0000] {processor.py:161} INFO - Started process (PID=2401) to work on /home/airflow/.local/lib/python3.8/site-packages/airflow/example_dags/example_complex.py
[2025-02-10T10:36:34.665+0000] {processor.py:830} INFO - Processing file /home/airflow/.local/lib/python3.8/site-packages/airflow/example_dags/example_complex.py for tasks to queue
[2025-02-10T10:36:34.667+0000] {logging_mixin.py:188} INFO - [2025-02-10T10:36:34.667+0000] {dagbag.py:538} INFO - Filling up the DagBag from /home/airflow/.local/lib/python3.8/site-packages/airflow/example_dags/example_complex.py
[2025-02-10T10:36:34.682+0000] {processor.py:840} INFO - DAG(s) 'example_complex' retrieved from /home/airflow/.local/lib/python3.8/site-packages/airflow/example_dags/example_complex.py
[2025-02-10T10:36:34.724+0000] {logging_mixin.py:188} INFO - [2025-02-10T10:36:34.724+0000] {dag.py:3036} INFO - Sync 1 DAGs
[2025-02-10T10:36:34.747+0000] {logging_mixin.py:188} INFO - [2025-02-10T10:36:34.747+0000] {dag.py:3823} INFO - Setting next_dagrun for example_complex to None, run_after=None
[2025-02-10T10:36:34.771+0000] {processor.py:183} INFO - Processing /home/airflow/.local/lib/python3.8/site-packages/airflow/example_dags/example_complex.py took 0.112 seconds
[2025-02-10T10:37:04.835+0000] {processor.py:161} INFO - Started process (PID=2466) to work on /home/airflow/.local/lib/python3.8/site-packages/airflow/example_dags/example_complex.py
[2025-02-10T10:37:04.837+0000] {processor.py:830} INFO - Processing file /home/airflow/.local/lib/python3.8/site-packages/airflow/example_dags/example_complex.py for tasks to queue
[2025-02-10T10:37:04.843+0000] {logging_mixin.py:188} INFO - [2025-02-10T10:37:04.842+0000] {dagbag.py:538} INFO - Filling up the DagBag from /home/airflow/.local/lib/python3.8/site-packages/airflow/example_dags/example_complex.py
[2025-02-10T10:37:04.866+0000] {processor.py:840} INFO - DAG(s) 'example_complex' retrieved from /home/airflow/.local/lib/python3.8/site-packages/airflow/example_dags/example_complex.py
[2025-02-10T10:37:04.967+0000] {logging_mixin.py:188} INFO - [2025-02-10T10:37:04.966+0000] {dag.py:3036} INFO - Sync 1 DAGs
[2025-02-10T10:37:04.993+0000] {logging_mixin.py:188} INFO - [2025-02-10T10:37:04.992+0000] {dag.py:3823} INFO - Setting next_dagrun for example_complex to None, run_after=None
[2025-02-10T10:37:05.031+0000] {processor.py:183} INFO - Processing /home/airflow/.local/lib/python3.8/site-packages/airflow/example_dags/example_complex.py took 0.204 seconds
[2025-02-10T10:37:35.427+0000] {processor.py:161} INFO - Started process (PID=2530) to work on /home/airflow/.local/lib/python3.8/site-packages/airflow/example_dags/example_complex.py
[2025-02-10T10:37:35.429+0000] {processor.py:830} INFO - Processing file /home/airflow/.local/lib/python3.8/site-packages/airflow/example_dags/example_complex.py for tasks to queue
[2025-02-10T10:37:35.432+0000] {logging_mixin.py:188} INFO - [2025-02-10T10:37:35.431+0000] {dagbag.py:538} INFO - Filling up the DagBag from /home/airflow/.local/lib/python3.8/site-packages/airflow/example_dags/example_complex.py
[2025-02-10T10:37:35.446+0000] {processor.py:840} INFO - DAG(s) 'example_complex' retrieved from /home/airflow/.local/lib/python3.8/site-packages/airflow/example_dags/example_complex.py
[2025-02-10T10:37:35.485+0000] {logging_mixin.py:188} INFO - [2025-02-10T10:37:35.485+0000] {dag.py:3036} INFO - Sync 1 DAGs
[2025-02-10T10:37:35.501+0000] {logging_mixin.py:188} INFO - [2025-02-10T10:37:35.501+0000] {dag.py:3823} INFO - Setting next_dagrun for example_complex to None, run_after=None
[2025-02-10T10:37:35.525+0000] {processor.py:183} INFO - Processing /home/airflow/.local/lib/python3.8/site-packages/airflow/example_dags/example_complex.py took 0.101 seconds
[2025-02-10T10:38:06.148+0000] {processor.py:161} INFO - Started process (PID=2603) to work on /home/airflow/.local/lib/python3.8/site-packages/airflow/example_dags/example_complex.py
[2025-02-10T10:38:06.152+0000] {processor.py:830} INFO - Processing file /home/airflow/.local/lib/python3.8/site-packages/airflow/example_dags/example_complex.py for tasks to queue
[2025-02-10T10:38:06.161+0000] {logging_mixin.py:188} INFO - [2025-02-10T10:38:06.160+0000] {dagbag.py:538} INFO - Filling up the DagBag from /home/airflow/.local/lib/python3.8/site-packages/airflow/example_dags/example_complex.py
[2025-02-10T10:38:06.214+0000] {processor.py:840} INFO - DAG(s) 'example_complex' retrieved from /home/airflow/.local/lib/python3.8/site-packages/airflow/example_dags/example_complex.py
[2025-02-10T10:38:06.268+0000] {logging_mixin.py:188} INFO - [2025-02-10T10:38:06.268+0000] {dag.py:3036} INFO - Sync 1 DAGs
[2025-02-10T10:38:06.292+0000] {logging_mixin.py:188} INFO - [2025-02-10T10:38:06.291+0000] {dag.py:3823} INFO - Setting next_dagrun for example_complex to None, run_after=None
[2025-02-10T10:38:06.321+0000] {processor.py:183} INFO - Processing /home/airflow/.local/lib/python3.8/site-packages/airflow/example_dags/example_complex.py took 0.184 seconds
[2025-02-10T10:38:36.379+0000] {processor.py:161} INFO - Started process (PID=2668) to work on /home/airflow/.local/lib/python3.8/site-packages/airflow/example_dags/example_complex.py
[2025-02-10T10:38:36.381+0000] {processor.py:830} INFO - Processing file /home/airflow/.local/lib/python3.8/site-packages/airflow/example_dags/example_complex.py for tasks to queue
[2025-02-10T10:38:36.385+0000] {logging_mixin.py:188} INFO - [2025-02-10T10:38:36.384+0000] {dagbag.py:538} INFO - Filling up the DagBag from /home/airflow/.local/lib/python3.8/site-packages/airflow/example_dags/example_complex.py
[2025-02-10T10:38:36.400+0000] {processor.py:840} INFO - DAG(s) 'example_complex' retrieved from /home/airflow/.local/lib/python3.8/site-packages/airflow/example_dags/example_complex.py
[2025-02-10T10:38:36.442+0000] {logging_mixin.py:188} INFO - [2025-02-10T10:38:36.442+0000] {dag.py:3036} INFO - Sync 1 DAGs
[2025-02-10T10:38:36.458+0000] {logging_mixin.py:188} INFO - [2025-02-10T10:38:36.458+0000] {dag.py:3823} INFO - Setting next_dagrun for example_complex to None, run_after=None
[2025-02-10T10:38:36.482+0000] {processor.py:183} INFO - Processing /home/airflow/.local/lib/python3.8/site-packages/airflow/example_dags/example_complex.py took 0.107 seconds
[2025-02-10T10:39:06.883+0000] {processor.py:161} INFO - Started process (PID=2733) to work on /home/airflow/.local/lib/python3.8/site-packages/airflow/example_dags/example_complex.py
[2025-02-10T10:39:06.884+0000] {processor.py:830} INFO - Processing file /home/airflow/.local/lib/python3.8/site-packages/airflow/example_dags/example_complex.py for tasks to queue
[2025-02-10T10:39:06.887+0000] {logging_mixin.py:188} INFO - [2025-02-10T10:39:06.887+0000] {dagbag.py:538} INFO - Filling up the DagBag from /home/airflow/.local/lib/python3.8/site-packages/airflow/example_dags/example_complex.py
[2025-02-10T10:39:06.905+0000] {processor.py:840} INFO - DAG(s) 'example_complex' retrieved from /home/airflow/.local/lib/python3.8/site-packages/airflow/example_dags/example_complex.py
[2025-02-10T10:39:06.949+0000] {logging_mixin.py:188} INFO - [2025-02-10T10:39:06.948+0000] {dag.py:3036} INFO - Sync 1 DAGs
[2025-02-10T10:39:06.963+0000] {logging_mixin.py:188} INFO - [2025-02-10T10:39:06.963+0000] {dag.py:3823} INFO - Setting next_dagrun for example_complex to None, run_after=None
[2025-02-10T10:39:06.992+0000] {processor.py:183} INFO - Processing /home/airflow/.local/lib/python3.8/site-packages/airflow/example_dags/example_complex.py took 0.114 seconds
[2025-02-10T10:39:37.413+0000] {processor.py:161} INFO - Started process (PID=2798) to work on /home/airflow/.local/lib/python3.8/site-packages/airflow/example_dags/example_complex.py
[2025-02-10T10:39:37.414+0000] {processor.py:830} INFO - Processing file /home/airflow/.local/lib/python3.8/site-packages/airflow/example_dags/example_complex.py for tasks to queue
[2025-02-10T10:39:37.417+0000] {logging_mixin.py:188} INFO - [2025-02-10T10:39:37.416+0000] {dagbag.py:538} INFO - Filling up the DagBag from /home/airflow/.local/lib/python3.8/site-packages/airflow/example_dags/example_complex.py
[2025-02-10T10:39:37.431+0000] {processor.py:840} INFO - DAG(s) 'example_complex' retrieved from /home/airflow/.local/lib/python3.8/site-packages/airflow/example_dags/example_complex.py
[2025-02-10T10:39:37.473+0000] {logging_mixin.py:188} INFO - [2025-02-10T10:39:37.473+0000] {dag.py:3036} INFO - Sync 1 DAGs
[2025-02-10T10:39:37.489+0000] {logging_mixin.py:188} INFO - [2025-02-10T10:39:37.489+0000] {dag.py:3823} INFO - Setting next_dagrun for example_complex to None, run_after=None
[2025-02-10T10:39:37.516+0000] {processor.py:183} INFO - Processing /home/airflow/.local/lib/python3.8/site-packages/airflow/example_dags/example_complex.py took 0.107 seconds
[2025-02-10T10:40:07.715+0000] {processor.py:161} INFO - Started process (PID=2863) to work on /home/airflow/.local/lib/python3.8/site-packages/airflow/example_dags/example_complex.py
[2025-02-10T10:40:07.717+0000] {processor.py:830} INFO - Processing file /home/airflow/.local/lib/python3.8/site-packages/airflow/example_dags/example_complex.py for tasks to queue
[2025-02-10T10:40:07.725+0000] {logging_mixin.py:188} INFO - [2025-02-10T10:40:07.724+0000] {dagbag.py:538} INFO - Filling up the DagBag from /home/airflow/.local/lib/python3.8/site-packages/airflow/example_dags/example_complex.py
[2025-02-10T10:40:07.756+0000] {processor.py:840} INFO - DAG(s) 'example_complex' retrieved from /home/airflow/.local/lib/python3.8/site-packages/airflow/example_dags/example_complex.py
[2025-02-10T10:40:07.810+0000] {logging_mixin.py:188} INFO - [2025-02-10T10:40:07.810+0000] {dag.py:3036} INFO - Sync 1 DAGs
[2025-02-10T10:40:07.827+0000] {logging_mixin.py:188} INFO - [2025-02-10T10:40:07.827+0000] {dag.py:3823} INFO - Setting next_dagrun for example_complex to None, run_after=None
[2025-02-10T10:40:07.860+0000] {processor.py:183} INFO - Processing /home/airflow/.local/lib/python3.8/site-packages/airflow/example_dags/example_complex.py took 0.159 seconds
[2025-02-10T10:40:37.986+0000] {processor.py:161} INFO - Started process (PID=2935) to work on /home/airflow/.local/lib/python3.8/site-packages/airflow/example_dags/example_complex.py
[2025-02-10T10:40:37.988+0000] {processor.py:830} INFO - Processing file /home/airflow/.local/lib/python3.8/site-packages/airflow/example_dags/example_complex.py for tasks to queue
[2025-02-10T10:40:37.991+0000] {logging_mixin.py:188} INFO - [2025-02-10T10:40:37.990+0000] {dagbag.py:538} INFO - Filling up the DagBag from /home/airflow/.local/lib/python3.8/site-packages/airflow/example_dags/example_complex.py
[2025-02-10T10:40:38.012+0000] {processor.py:840} INFO - DAG(s) 'example_complex' retrieved from /home/airflow/.local/lib/python3.8/site-packages/airflow/example_dags/example_complex.py
[2025-02-10T10:40:38.076+0000] {logging_mixin.py:188} INFO - [2025-02-10T10:40:38.076+0000] {dag.py:3036} INFO - Sync 1 DAGs
[2025-02-10T10:40:38.102+0000] {logging_mixin.py:188} INFO - [2025-02-10T10:40:38.102+0000] {dag.py:3823} INFO - Setting next_dagrun for example_complex to None, run_after=None
[2025-02-10T10:40:38.139+0000] {processor.py:183} INFO - Processing /home/airflow/.local/lib/python3.8/site-packages/airflow/example_dags/example_complex.py took 0.158 seconds
[2025-02-10T10:41:08.649+0000] {processor.py:161} INFO - Started process (PID=2999) to work on /home/airflow/.local/lib/python3.8/site-packages/airflow/example_dags/example_complex.py
[2025-02-10T10:41:08.652+0000] {processor.py:830} INFO - Processing file /home/airflow/.local/lib/python3.8/site-packages/airflow/example_dags/example_complex.py for tasks to queue
[2025-02-10T10:41:08.656+0000] {logging_mixin.py:188} INFO - [2025-02-10T10:41:08.656+0000] {dagbag.py:538} INFO - Filling up the DagBag from /home/airflow/.local/lib/python3.8/site-packages/airflow/example_dags/example_complex.py
[2025-02-10T10:41:08.675+0000] {processor.py:840} INFO - DAG(s) 'example_complex' retrieved from /home/airflow/.local/lib/python3.8/site-packages/airflow/example_dags/example_complex.py
[2025-02-10T10:41:08.728+0000] {logging_mixin.py:188} INFO - [2025-02-10T10:41:08.727+0000] {dag.py:3036} INFO - Sync 1 DAGs
[2025-02-10T10:41:08.747+0000] {logging_mixin.py:188} INFO - [2025-02-10T10:41:08.747+0000] {dag.py:3823} INFO - Setting next_dagrun for example_complex to None, run_after=None
[2025-02-10T10:41:08.779+0000] {processor.py:183} INFO - Processing /home/airflow/.local/lib/python3.8/site-packages/airflow/example_dags/example_complex.py took 0.136 seconds
[2025-02-10T10:41:39.123+0000] {processor.py:161} INFO - Started process (PID=3064) to work on /home/airflow/.local/lib/python3.8/site-packages/airflow/example_dags/example_complex.py
[2025-02-10T10:41:39.125+0000] {processor.py:830} INFO - Processing file /home/airflow/.local/lib/python3.8/site-packages/airflow/example_dags/example_complex.py for tasks to queue
[2025-02-10T10:41:39.129+0000] {logging_mixin.py:188} INFO - [2025-02-10T10:41:39.128+0000] {dagbag.py:538} INFO - Filling up the DagBag from /home/airflow/.local/lib/python3.8/site-packages/airflow/example_dags/example_complex.py
[2025-02-10T10:41:39.187+0000] {processor.py:840} INFO - DAG(s) 'example_complex' retrieved from /home/airflow/.local/lib/python3.8/site-packages/airflow/example_dags/example_complex.py
[2025-02-10T10:41:39.265+0000] {logging_mixin.py:188} INFO - [2025-02-10T10:41:39.265+0000] {dag.py:3036} INFO - Sync 1 DAGs
[2025-02-10T10:41:39.291+0000] {logging_mixin.py:188} INFO - [2025-02-10T10:41:39.291+0000] {dag.py:3823} INFO - Setting next_dagrun for example_complex to None, run_after=None
[2025-02-10T10:41:39.334+0000] {processor.py:183} INFO - Processing /home/airflow/.local/lib/python3.8/site-packages/airflow/example_dags/example_complex.py took 0.219 seconds
[2025-02-10T10:42:10.062+0000] {processor.py:161} INFO - Started process (PID=3129) to work on /home/airflow/.local/lib/python3.8/site-packages/airflow/example_dags/example_complex.py
[2025-02-10T10:42:10.064+0000] {processor.py:830} INFO - Processing file /home/airflow/.local/lib/python3.8/site-packages/airflow/example_dags/example_complex.py for tasks to queue
[2025-02-10T10:42:10.070+0000] {logging_mixin.py:188} INFO - [2025-02-10T10:42:10.069+0000] {dagbag.py:538} INFO - Filling up the DagBag from /home/airflow/.local/lib/python3.8/site-packages/airflow/example_dags/example_complex.py
[2025-02-10T10:42:10.096+0000] {processor.py:840} INFO - DAG(s) 'example_complex' retrieved from /home/airflow/.local/lib/python3.8/site-packages/airflow/example_dags/example_complex.py
[2025-02-10T10:42:10.171+0000] {logging_mixin.py:188} INFO - [2025-02-10T10:42:10.171+0000] {dag.py:3036} INFO - Sync 1 DAGs
[2025-02-10T10:42:10.196+0000] {logging_mixin.py:188} INFO - [2025-02-10T10:42:10.195+0000] {dag.py:3823} INFO - Setting next_dagrun for example_complex to None, run_after=None
[2025-02-10T10:42:10.243+0000] {processor.py:183} INFO - Processing /home/airflow/.local/lib/python3.8/site-packages/airflow/example_dags/example_complex.py took 0.188 seconds
[2025-02-10T10:42:40.424+0000] {processor.py:161} INFO - Started process (PID=3195) to work on /home/airflow/.local/lib/python3.8/site-packages/airflow/example_dags/example_complex.py
[2025-02-10T10:42:40.425+0000] {processor.py:830} INFO - Processing file /home/airflow/.local/lib/python3.8/site-packages/airflow/example_dags/example_complex.py for tasks to queue
[2025-02-10T10:42:40.428+0000] {logging_mixin.py:188} INFO - [2025-02-10T10:42:40.427+0000] {dagbag.py:538} INFO - Filling up the DagBag from /home/airflow/.local/lib/python3.8/site-packages/airflow/example_dags/example_complex.py
[2025-02-10T10:42:40.455+0000] {processor.py:840} INFO - DAG(s) 'example_complex' retrieved from /home/airflow/.local/lib/python3.8/site-packages/airflow/example_dags/example_complex.py
[2025-02-10T10:42:40.510+0000] {logging_mixin.py:188} INFO - [2025-02-10T10:42:40.510+0000] {dag.py:3036} INFO - Sync 1 DAGs
[2025-02-10T10:42:40.531+0000] {logging_mixin.py:188} INFO - [2025-02-10T10:42:40.531+0000] {dag.py:3823} INFO - Setting next_dagrun for example_complex to None, run_after=None
[2025-02-10T10:42:40.566+0000] {processor.py:183} INFO - Processing /home/airflow/.local/lib/python3.8/site-packages/airflow/example_dags/example_complex.py took 0.151 seconds
[2025-02-10T10:43:10.626+0000] {processor.py:161} INFO - Started process (PID=3260) to work on /home/airflow/.local/lib/python3.8/site-packages/airflow/example_dags/example_complex.py
[2025-02-10T10:43:10.627+0000] {processor.py:830} INFO - Processing file /home/airflow/.local/lib/python3.8/site-packages/airflow/example_dags/example_complex.py for tasks to queue
[2025-02-10T10:43:10.630+0000] {logging_mixin.py:188} INFO - [2025-02-10T10:43:10.629+0000] {dagbag.py:538} INFO - Filling up the DagBag from /home/airflow/.local/lib/python3.8/site-packages/airflow/example_dags/example_complex.py
[2025-02-10T10:43:10.656+0000] {processor.py:840} INFO - DAG(s) 'example_complex' retrieved from /home/airflow/.local/lib/python3.8/site-packages/airflow/example_dags/example_complex.py
[2025-02-10T10:43:10.724+0000] {logging_mixin.py:188} INFO - [2025-02-10T10:43:10.723+0000] {dag.py:3036} INFO - Sync 1 DAGs
[2025-02-10T10:43:10.757+0000] {logging_mixin.py:188} INFO - [2025-02-10T10:43:10.750+0000] {dag.py:3823} INFO - Setting next_dagrun for example_complex to None, run_after=None
[2025-02-10T10:43:10.810+0000] {processor.py:183} INFO - Processing /home/airflow/.local/lib/python3.8/site-packages/airflow/example_dags/example_complex.py took 0.189 seconds
[2025-02-10T10:43:42.364+0000] {processor.py:161} INFO - Started process (PID=3324) to work on /home/airflow/.local/lib/python3.8/site-packages/airflow/example_dags/example_complex.py
[2025-02-10T10:43:42.368+0000] {processor.py:830} INFO - Processing file /home/airflow/.local/lib/python3.8/site-packages/airflow/example_dags/example_complex.py for tasks to queue
[2025-02-10T10:43:42.371+0000] {logging_mixin.py:188} INFO - [2025-02-10T10:43:42.371+0000] {dagbag.py:538} INFO - Filling up the DagBag from /home/airflow/.local/lib/python3.8/site-packages/airflow/example_dags/example_complex.py
[2025-02-10T10:43:42.419+0000] {processor.py:840} INFO - DAG(s) 'example_complex' retrieved from /home/airflow/.local/lib/python3.8/site-packages/airflow/example_dags/example_complex.py
[2025-02-10T10:43:42.688+0000] {logging_mixin.py:188} INFO - [2025-02-10T10:43:42.686+0000] {dag.py:3036} INFO - Sync 1 DAGs
[2025-02-10T10:43:43.241+0000] {logging_mixin.py:188} INFO - [2025-02-10T10:43:43.241+0000] {dag.py:3823} INFO - Setting next_dagrun for example_complex to None, run_after=None
[2025-02-10T10:43:43.311+0000] {processor.py:183} INFO - Processing /home/airflow/.local/lib/python3.8/site-packages/airflow/example_dags/example_complex.py took 0.957 seconds
[2025-02-10T10:44:13.475+0000] {processor.py:161} INFO - Started process (PID=3381) to work on /home/airflow/.local/lib/python3.8/site-packages/airflow/example_dags/example_complex.py
[2025-02-10T10:44:13.477+0000] {processor.py:830} INFO - Processing file /home/airflow/.local/lib/python3.8/site-packages/airflow/example_dags/example_complex.py for tasks to queue
[2025-02-10T10:44:13.479+0000] {logging_mixin.py:188} INFO - [2025-02-10T10:44:13.479+0000] {dagbag.py:538} INFO - Filling up the DagBag from /home/airflow/.local/lib/python3.8/site-packages/airflow/example_dags/example_complex.py
[2025-02-10T10:44:13.510+0000] {processor.py:840} INFO - DAG(s) 'example_complex' retrieved from /home/airflow/.local/lib/python3.8/site-packages/airflow/example_dags/example_complex.py
[2025-02-10T10:44:13.587+0000] {logging_mixin.py:188} INFO - [2025-02-10T10:44:13.587+0000] {dag.py:3036} INFO - Sync 1 DAGs
[2025-02-10T10:44:13.613+0000] {logging_mixin.py:188} INFO - [2025-02-10T10:44:13.612+0000] {dag.py:3823} INFO - Setting next_dagrun for example_complex to None, run_after=None
[2025-02-10T10:44:13.656+0000] {processor.py:183} INFO - Processing /home/airflow/.local/lib/python3.8/site-packages/airflow/example_dags/example_complex.py took 0.186 seconds
[2025-02-10T10:44:44.543+0000] {processor.py:161} INFO - Started process (PID=3453) to work on /home/airflow/.local/lib/python3.8/site-packages/airflow/example_dags/example_complex.py
[2025-02-10T10:44:44.548+0000] {processor.py:830} INFO - Processing file /home/airflow/.local/lib/python3.8/site-packages/airflow/example_dags/example_complex.py for tasks to queue
[2025-02-10T10:44:44.552+0000] {logging_mixin.py:188} INFO - [2025-02-10T10:44:44.551+0000] {dagbag.py:538} INFO - Filling up the DagBag from /home/airflow/.local/lib/python3.8/site-packages/airflow/example_dags/example_complex.py
[2025-02-10T10:44:44.596+0000] {processor.py:840} INFO - DAG(s) 'example_complex' retrieved from /home/airflow/.local/lib/python3.8/site-packages/airflow/example_dags/example_complex.py
[2025-02-10T10:44:44.717+0000] {logging_mixin.py:188} INFO - [2025-02-10T10:44:44.716+0000] {dag.py:3036} INFO - Sync 1 DAGs
[2025-02-10T10:44:44.758+0000] {logging_mixin.py:188} INFO - [2025-02-10T10:44:44.755+0000] {dag.py:3823} INFO - Setting next_dagrun for example_complex to None, run_after=None
[2025-02-10T10:44:44.800+0000] {processor.py:183} INFO - Processing /home/airflow/.local/lib/python3.8/site-packages/airflow/example_dags/example_complex.py took 0.270 seconds
