[2025-02-10T10:18:44.793+0000] {processor.py:161} INFO - Started process (PID=105) to work on /home/airflow/.local/lib/python3.8/site-packages/airflow/example_dags/example_sensor_decorator.py
[2025-02-10T10:18:44.800+0000] {processor.py:830} INFO - Processing file /home/airflow/.local/lib/python3.8/site-packages/airflow/example_dags/example_sensor_decorator.py for tasks to queue
[2025-02-10T10:18:44.822+0000] {logging_mixin.py:188} INFO - [2025-02-10T10:18:44.821+0000] {dagbag.py:538} INFO - Filling up the DagBag from /home/airflow/.local/lib/python3.8/site-packages/airflow/example_dags/example_sensor_decorator.py
[2025-02-10T10:18:44.885+0000] {processor.py:840} INFO - DAG(s) 'example_sensor_decorator' retrieved from /home/airflow/.local/lib/python3.8/site-packages/airflow/example_dags/example_sensor_decorator.py
[2025-02-10T10:18:45.108+0000] {logging_mixin.py:188} INFO - [2025-02-10T10:18:45.108+0000] {dag.py:3036} INFO - Sync 1 DAGs
[2025-02-10T10:18:45.234+0000] {logging_mixin.py:188} INFO - [2025-02-10T10:18:45.234+0000] {dag.py:3823} INFO - Setting next_dagrun for example_sensor_decorator to None, run_after=None
[2025-02-10T10:18:45.376+0000] {processor.py:183} INFO - Processing /home/airflow/.local/lib/python3.8/site-packages/airflow/example_dags/example_sensor_decorator.py took 0.598 seconds
[2025-02-10T10:19:15.824+0000] {processor.py:161} INFO - Started process (PID=169) to work on /home/airflow/.local/lib/python3.8/site-packages/airflow/example_dags/example_sensor_decorator.py
[2025-02-10T10:19:15.995+0000] {processor.py:830} INFO - Processing file /home/airflow/.local/lib/python3.8/site-packages/airflow/example_dags/example_sensor_decorator.py for tasks to queue
[2025-02-10T10:19:16.000+0000] {logging_mixin.py:188} INFO - [2025-02-10T10:19:15.999+0000] {dagbag.py:538} INFO - Filling up the DagBag from /home/airflow/.local/lib/python3.8/site-packages/airflow/example_dags/example_sensor_decorator.py
[2025-02-10T10:19:16.056+0000] {processor.py:840} INFO - DAG(s) 'example_sensor_decorator' retrieved from /home/airflow/.local/lib/python3.8/site-packages/airflow/example_dags/example_sensor_decorator.py
[2025-02-10T10:19:16.399+0000] {logging_mixin.py:188} INFO - [2025-02-10T10:19:16.397+0000] {dag.py:3036} INFO - Sync 1 DAGs
[2025-02-10T10:19:16.544+0000] {logging_mixin.py:188} INFO - [2025-02-10T10:19:16.543+0000] {dag.py:3823} INFO - Setting next_dagrun for example_sensor_decorator to None, run_after=None
[2025-02-10T10:19:16.664+0000] {processor.py:183} INFO - Processing /home/airflow/.local/lib/python3.8/site-packages/airflow/example_dags/example_sensor_decorator.py took 0.992 seconds
[2025-02-10T10:19:47.239+0000] {processor.py:161} INFO - Started process (PID=227) to work on /home/airflow/.local/lib/python3.8/site-packages/airflow/example_dags/example_sensor_decorator.py
[2025-02-10T10:19:47.244+0000] {processor.py:830} INFO - Processing file /home/airflow/.local/lib/python3.8/site-packages/airflow/example_dags/example_sensor_decorator.py for tasks to queue
[2025-02-10T10:19:47.248+0000] {logging_mixin.py:188} INFO - [2025-02-10T10:19:47.247+0000] {dagbag.py:538} INFO - Filling up the DagBag from /home/airflow/.local/lib/python3.8/site-packages/airflow/example_dags/example_sensor_decorator.py
[2025-02-10T10:19:47.261+0000] {processor.py:840} INFO - DAG(s) 'example_sensor_decorator' retrieved from /home/airflow/.local/lib/python3.8/site-packages/airflow/example_dags/example_sensor_decorator.py
[2025-02-10T10:19:47.316+0000] {logging_mixin.py:188} INFO - [2025-02-10T10:19:47.315+0000] {dag.py:3036} INFO - Sync 1 DAGs
[2025-02-10T10:19:47.349+0000] {logging_mixin.py:188} INFO - [2025-02-10T10:19:47.349+0000] {dag.py:3823} INFO - Setting next_dagrun for example_sensor_decorator to None, run_after=None
[2025-02-10T10:19:47.391+0000] {processor.py:183} INFO - Processing /home/airflow/.local/lib/python3.8/site-packages/airflow/example_dags/example_sensor_decorator.py took 0.156 seconds
[2025-02-10T10:20:18.043+0000] {processor.py:161} INFO - Started process (PID=291) to work on /home/airflow/.local/lib/python3.8/site-packages/airflow/example_dags/example_sensor_decorator.py
[2025-02-10T10:20:18.048+0000] {processor.py:830} INFO - Processing file /home/airflow/.local/lib/python3.8/site-packages/airflow/example_dags/example_sensor_decorator.py for tasks to queue
[2025-02-10T10:20:18.054+0000] {logging_mixin.py:188} INFO - [2025-02-10T10:20:18.051+0000] {dagbag.py:538} INFO - Filling up the DagBag from /home/airflow/.local/lib/python3.8/site-packages/airflow/example_dags/example_sensor_decorator.py
[2025-02-10T10:20:18.075+0000] {processor.py:840} INFO - DAG(s) 'example_sensor_decorator' retrieved from /home/airflow/.local/lib/python3.8/site-packages/airflow/example_dags/example_sensor_decorator.py
[2025-02-10T10:20:18.120+0000] {logging_mixin.py:188} INFO - [2025-02-10T10:20:18.120+0000] {dag.py:3036} INFO - Sync 1 DAGs
[2025-02-10T10:20:18.145+0000] {logging_mixin.py:188} INFO - [2025-02-10T10:20:18.145+0000] {dag.py:3823} INFO - Setting next_dagrun for example_sensor_decorator to None, run_after=None
[2025-02-10T10:20:18.188+0000] {processor.py:183} INFO - Processing /home/airflow/.local/lib/python3.8/site-packages/airflow/example_dags/example_sensor_decorator.py took 0.161 seconds
[2025-02-10T10:20:49.437+0000] {processor.py:161} INFO - Started process (PID=354) to work on /home/airflow/.local/lib/python3.8/site-packages/airflow/example_dags/example_sensor_decorator.py
[2025-02-10T10:20:49.442+0000] {processor.py:830} INFO - Processing file /home/airflow/.local/lib/python3.8/site-packages/airflow/example_dags/example_sensor_decorator.py for tasks to queue
[2025-02-10T10:20:49.449+0000] {logging_mixin.py:188} INFO - [2025-02-10T10:20:49.448+0000] {dagbag.py:538} INFO - Filling up the DagBag from /home/airflow/.local/lib/python3.8/site-packages/airflow/example_dags/example_sensor_decorator.py
[2025-02-10T10:20:49.465+0000] {processor.py:840} INFO - DAG(s) 'example_sensor_decorator' retrieved from /home/airflow/.local/lib/python3.8/site-packages/airflow/example_dags/example_sensor_decorator.py
[2025-02-10T10:20:49.550+0000] {logging_mixin.py:188} INFO - [2025-02-10T10:20:49.549+0000] {dag.py:3036} INFO - Sync 1 DAGs
[2025-02-10T10:20:49.596+0000] {logging_mixin.py:188} INFO - [2025-02-10T10:20:49.595+0000] {dag.py:3823} INFO - Setting next_dagrun for example_sensor_decorator to None, run_after=None
[2025-02-10T10:20:49.650+0000] {processor.py:183} INFO - Processing /home/airflow/.local/lib/python3.8/site-packages/airflow/example_dags/example_sensor_decorator.py took 0.227 seconds
[2025-02-10T10:21:20.571+0000] {processor.py:161} INFO - Started process (PID=411) to work on /home/airflow/.local/lib/python3.8/site-packages/airflow/example_dags/example_sensor_decorator.py
[2025-02-10T10:21:20.573+0000] {processor.py:830} INFO - Processing file /home/airflow/.local/lib/python3.8/site-packages/airflow/example_dags/example_sensor_decorator.py for tasks to queue
[2025-02-10T10:21:20.577+0000] {logging_mixin.py:188} INFO - [2025-02-10T10:21:20.576+0000] {dagbag.py:538} INFO - Filling up the DagBag from /home/airflow/.local/lib/python3.8/site-packages/airflow/example_dags/example_sensor_decorator.py
[2025-02-10T10:21:20.596+0000] {processor.py:840} INFO - DAG(s) 'example_sensor_decorator' retrieved from /home/airflow/.local/lib/python3.8/site-packages/airflow/example_dags/example_sensor_decorator.py
[2025-02-10T10:21:20.668+0000] {logging_mixin.py:188} INFO - [2025-02-10T10:21:20.667+0000] {dag.py:3036} INFO - Sync 1 DAGs
[2025-02-10T10:21:20.701+0000] {logging_mixin.py:188} INFO - [2025-02-10T10:21:20.701+0000] {dag.py:3823} INFO - Setting next_dagrun for example_sensor_decorator to None, run_after=None
[2025-02-10T10:21:20.750+0000] {processor.py:183} INFO - Processing /home/airflow/.local/lib/python3.8/site-packages/airflow/example_dags/example_sensor_decorator.py took 0.185 seconds
[2025-02-10T10:21:51.129+0000] {processor.py:161} INFO - Started process (PID=476) to work on /home/airflow/.local/lib/python3.8/site-packages/airflow/example_dags/example_sensor_decorator.py
[2025-02-10T10:21:51.132+0000] {processor.py:830} INFO - Processing file /home/airflow/.local/lib/python3.8/site-packages/airflow/example_dags/example_sensor_decorator.py for tasks to queue
[2025-02-10T10:21:51.140+0000] {logging_mixin.py:188} INFO - [2025-02-10T10:21:51.138+0000] {dagbag.py:538} INFO - Filling up the DagBag from /home/airflow/.local/lib/python3.8/site-packages/airflow/example_dags/example_sensor_decorator.py
[2025-02-10T10:21:51.168+0000] {processor.py:840} INFO - DAG(s) 'example_sensor_decorator' retrieved from /home/airflow/.local/lib/python3.8/site-packages/airflow/example_dags/example_sensor_decorator.py
[2025-02-10T10:21:51.229+0000] {logging_mixin.py:188} INFO - [2025-02-10T10:21:51.229+0000] {dag.py:3036} INFO - Sync 1 DAGs
[2025-02-10T10:21:51.269+0000] {logging_mixin.py:188} INFO - [2025-02-10T10:21:51.268+0000] {dag.py:3823} INFO - Setting next_dagrun for example_sensor_decorator to None, run_after=None
[2025-02-10T10:21:51.327+0000] {processor.py:183} INFO - Processing /home/airflow/.local/lib/python3.8/site-packages/airflow/example_dags/example_sensor_decorator.py took 0.207 seconds
[2025-02-10T10:22:21.389+0000] {processor.py:161} INFO - Started process (PID=541) to work on /home/airflow/.local/lib/python3.8/site-packages/airflow/example_dags/example_sensor_decorator.py
[2025-02-10T10:22:21.391+0000] {processor.py:830} INFO - Processing file /home/airflow/.local/lib/python3.8/site-packages/airflow/example_dags/example_sensor_decorator.py for tasks to queue
[2025-02-10T10:22:21.394+0000] {logging_mixin.py:188} INFO - [2025-02-10T10:22:21.394+0000] {dagbag.py:538} INFO - Filling up the DagBag from /home/airflow/.local/lib/python3.8/site-packages/airflow/example_dags/example_sensor_decorator.py
[2025-02-10T10:22:21.403+0000] {processor.py:840} INFO - DAG(s) 'example_sensor_decorator' retrieved from /home/airflow/.local/lib/python3.8/site-packages/airflow/example_dags/example_sensor_decorator.py
[2025-02-10T10:22:21.444+0000] {logging_mixin.py:188} INFO - [2025-02-10T10:22:21.444+0000] {dag.py:3036} INFO - Sync 1 DAGs
[2025-02-10T10:22:21.469+0000] {logging_mixin.py:188} INFO - [2025-02-10T10:22:21.468+0000] {dag.py:3823} INFO - Setting next_dagrun for example_sensor_decorator to None, run_after=None
[2025-02-10T10:22:21.529+0000] {processor.py:183} INFO - Processing /home/airflow/.local/lib/python3.8/site-packages/airflow/example_dags/example_sensor_decorator.py took 0.151 seconds
[2025-02-10T10:22:51.603+0000] {processor.py:161} INFO - Started process (PID=605) to work on /home/airflow/.local/lib/python3.8/site-packages/airflow/example_dags/example_sensor_decorator.py
[2025-02-10T10:22:51.611+0000] {processor.py:830} INFO - Processing file /home/airflow/.local/lib/python3.8/site-packages/airflow/example_dags/example_sensor_decorator.py for tasks to queue
[2025-02-10T10:22:51.618+0000] {logging_mixin.py:188} INFO - [2025-02-10T10:22:51.618+0000] {dagbag.py:538} INFO - Filling up the DagBag from /home/airflow/.local/lib/python3.8/site-packages/airflow/example_dags/example_sensor_decorator.py
[2025-02-10T10:22:51.634+0000] {processor.py:840} INFO - DAG(s) 'example_sensor_decorator' retrieved from /home/airflow/.local/lib/python3.8/site-packages/airflow/example_dags/example_sensor_decorator.py
[2025-02-10T10:22:51.716+0000] {logging_mixin.py:188} INFO - [2025-02-10T10:22:51.716+0000] {dag.py:3036} INFO - Sync 1 DAGs
[2025-02-10T10:22:51.741+0000] {logging_mixin.py:188} INFO - [2025-02-10T10:22:51.741+0000] {dag.py:3823} INFO - Setting next_dagrun for example_sensor_decorator to None, run_after=None
[2025-02-10T10:22:51.816+0000] {processor.py:183} INFO - Processing /home/airflow/.local/lib/python3.8/site-packages/airflow/example_dags/example_sensor_decorator.py took 0.220 seconds
[2025-02-10T10:23:22.031+0000] {processor.py:161} INFO - Started process (PID=670) to work on /home/airflow/.local/lib/python3.8/site-packages/airflow/example_dags/example_sensor_decorator.py
[2025-02-10T10:23:22.033+0000] {processor.py:830} INFO - Processing file /home/airflow/.local/lib/python3.8/site-packages/airflow/example_dags/example_sensor_decorator.py for tasks to queue
[2025-02-10T10:23:22.036+0000] {logging_mixin.py:188} INFO - [2025-02-10T10:23:22.036+0000] {dagbag.py:538} INFO - Filling up the DagBag from /home/airflow/.local/lib/python3.8/site-packages/airflow/example_dags/example_sensor_decorator.py
[2025-02-10T10:23:22.046+0000] {processor.py:840} INFO - DAG(s) 'example_sensor_decorator' retrieved from /home/airflow/.local/lib/python3.8/site-packages/airflow/example_dags/example_sensor_decorator.py
[2025-02-10T10:23:22.086+0000] {logging_mixin.py:188} INFO - [2025-02-10T10:23:22.086+0000] {dag.py:3036} INFO - Sync 1 DAGs
[2025-02-10T10:23:22.107+0000] {logging_mixin.py:188} INFO - [2025-02-10T10:23:22.107+0000] {dag.py:3823} INFO - Setting next_dagrun for example_sensor_decorator to None, run_after=None
[2025-02-10T10:23:22.147+0000] {processor.py:183} INFO - Processing /home/airflow/.local/lib/python3.8/site-packages/airflow/example_dags/example_sensor_decorator.py took 0.120 seconds
[2025-02-10T10:23:52.462+0000] {processor.py:161} INFO - Started process (PID=735) to work on /home/airflow/.local/lib/python3.8/site-packages/airflow/example_dags/example_sensor_decorator.py
[2025-02-10T10:23:52.463+0000] {processor.py:830} INFO - Processing file /home/airflow/.local/lib/python3.8/site-packages/airflow/example_dags/example_sensor_decorator.py for tasks to queue
[2025-02-10T10:23:52.468+0000] {logging_mixin.py:188} INFO - [2025-02-10T10:23:52.467+0000] {dagbag.py:538} INFO - Filling up the DagBag from /home/airflow/.local/lib/python3.8/site-packages/airflow/example_dags/example_sensor_decorator.py
[2025-02-10T10:23:52.479+0000] {processor.py:840} INFO - DAG(s) 'example_sensor_decorator' retrieved from /home/airflow/.local/lib/python3.8/site-packages/airflow/example_dags/example_sensor_decorator.py
[2025-02-10T10:23:52.512+0000] {logging_mixin.py:188} INFO - [2025-02-10T10:23:52.512+0000] {dag.py:3036} INFO - Sync 1 DAGs
[2025-02-10T10:23:52.528+0000] {logging_mixin.py:188} INFO - [2025-02-10T10:23:52.528+0000] {dag.py:3823} INFO - Setting next_dagrun for example_sensor_decorator to None, run_after=None
[2025-02-10T10:23:52.560+0000] {processor.py:183} INFO - Processing /home/airflow/.local/lib/python3.8/site-packages/airflow/example_dags/example_sensor_decorator.py took 0.102 seconds
[2025-02-10T10:24:23.290+0000] {processor.py:161} INFO - Started process (PID=800) to work on /home/airflow/.local/lib/python3.8/site-packages/airflow/example_dags/example_sensor_decorator.py
[2025-02-10T10:24:23.294+0000] {processor.py:830} INFO - Processing file /home/airflow/.local/lib/python3.8/site-packages/airflow/example_dags/example_sensor_decorator.py for tasks to queue
[2025-02-10T10:24:23.298+0000] {logging_mixin.py:188} INFO - [2025-02-10T10:24:23.298+0000] {dagbag.py:538} INFO - Filling up the DagBag from /home/airflow/.local/lib/python3.8/site-packages/airflow/example_dags/example_sensor_decorator.py
[2025-02-10T10:24:23.312+0000] {processor.py:840} INFO - DAG(s) 'example_sensor_decorator' retrieved from /home/airflow/.local/lib/python3.8/site-packages/airflow/example_dags/example_sensor_decorator.py
[2025-02-10T10:24:23.359+0000] {logging_mixin.py:188} INFO - [2025-02-10T10:24:23.359+0000] {dag.py:3036} INFO - Sync 1 DAGs
[2025-02-10T10:24:23.383+0000] {logging_mixin.py:188} INFO - [2025-02-10T10:24:23.382+0000] {dag.py:3823} INFO - Setting next_dagrun for example_sensor_decorator to None, run_after=None
[2025-02-10T10:24:23.425+0000] {processor.py:183} INFO - Processing /home/airflow/.local/lib/python3.8/site-packages/airflow/example_dags/example_sensor_decorator.py took 0.147 seconds
[2025-02-10T10:24:53.670+0000] {processor.py:161} INFO - Started process (PID=873) to work on /home/airflow/.local/lib/python3.8/site-packages/airflow/example_dags/example_sensor_decorator.py
[2025-02-10T10:24:53.673+0000] {processor.py:830} INFO - Processing file /home/airflow/.local/lib/python3.8/site-packages/airflow/example_dags/example_sensor_decorator.py for tasks to queue
[2025-02-10T10:24:53.675+0000] {logging_mixin.py:188} INFO - [2025-02-10T10:24:53.675+0000] {dagbag.py:538} INFO - Filling up the DagBag from /home/airflow/.local/lib/python3.8/site-packages/airflow/example_dags/example_sensor_decorator.py
[2025-02-10T10:24:53.686+0000] {processor.py:840} INFO - DAG(s) 'example_sensor_decorator' retrieved from /home/airflow/.local/lib/python3.8/site-packages/airflow/example_dags/example_sensor_decorator.py
[2025-02-10T10:24:53.717+0000] {logging_mixin.py:188} INFO - [2025-02-10T10:24:53.717+0000] {dag.py:3036} INFO - Sync 1 DAGs
[2025-02-10T10:24:53.740+0000] {logging_mixin.py:188} INFO - [2025-02-10T10:24:53.739+0000] {dag.py:3823} INFO - Setting next_dagrun for example_sensor_decorator to None, run_after=None
[2025-02-10T10:24:53.775+0000] {processor.py:183} INFO - Processing /home/airflow/.local/lib/python3.8/site-packages/airflow/example_dags/example_sensor_decorator.py took 0.109 seconds
[2025-02-10T10:25:23.839+0000] {processor.py:161} INFO - Started process (PID=937) to work on /home/airflow/.local/lib/python3.8/site-packages/airflow/example_dags/example_sensor_decorator.py
[2025-02-10T10:25:23.841+0000] {processor.py:830} INFO - Processing file /home/airflow/.local/lib/python3.8/site-packages/airflow/example_dags/example_sensor_decorator.py for tasks to queue
[2025-02-10T10:25:23.845+0000] {logging_mixin.py:188} INFO - [2025-02-10T10:25:23.845+0000] {dagbag.py:538} INFO - Filling up the DagBag from /home/airflow/.local/lib/python3.8/site-packages/airflow/example_dags/example_sensor_decorator.py
[2025-02-10T10:25:23.856+0000] {processor.py:840} INFO - DAG(s) 'example_sensor_decorator' retrieved from /home/airflow/.local/lib/python3.8/site-packages/airflow/example_dags/example_sensor_decorator.py
[2025-02-10T10:25:23.888+0000] {logging_mixin.py:188} INFO - [2025-02-10T10:25:23.888+0000] {dag.py:3036} INFO - Sync 1 DAGs
[2025-02-10T10:25:23.904+0000] {logging_mixin.py:188} INFO - [2025-02-10T10:25:23.904+0000] {dag.py:3823} INFO - Setting next_dagrun for example_sensor_decorator to None, run_after=None
[2025-02-10T10:25:23.942+0000] {processor.py:183} INFO - Processing /home/airflow/.local/lib/python3.8/site-packages/airflow/example_dags/example_sensor_decorator.py took 0.109 seconds
[2025-02-10T10:25:54.391+0000] {processor.py:161} INFO - Started process (PID=1002) to work on /home/airflow/.local/lib/python3.8/site-packages/airflow/example_dags/example_sensor_decorator.py
[2025-02-10T10:25:54.394+0000] {processor.py:830} INFO - Processing file /home/airflow/.local/lib/python3.8/site-packages/airflow/example_dags/example_sensor_decorator.py for tasks to queue
[2025-02-10T10:25:54.398+0000] {logging_mixin.py:188} INFO - [2025-02-10T10:25:54.398+0000] {dagbag.py:538} INFO - Filling up the DagBag from /home/airflow/.local/lib/python3.8/site-packages/airflow/example_dags/example_sensor_decorator.py
[2025-02-10T10:25:54.407+0000] {processor.py:840} INFO - DAG(s) 'example_sensor_decorator' retrieved from /home/airflow/.local/lib/python3.8/site-packages/airflow/example_dags/example_sensor_decorator.py
[2025-02-10T10:25:54.439+0000] {logging_mixin.py:188} INFO - [2025-02-10T10:25:54.439+0000] {dag.py:3036} INFO - Sync 1 DAGs
[2025-02-10T10:25:54.458+0000] {logging_mixin.py:188} INFO - [2025-02-10T10:25:54.458+0000] {dag.py:3823} INFO - Setting next_dagrun for example_sensor_decorator to None, run_after=None
[2025-02-10T10:25:54.492+0000] {processor.py:183} INFO - Processing /home/airflow/.local/lib/python3.8/site-packages/airflow/example_dags/example_sensor_decorator.py took 0.105 seconds
[2025-02-10T10:26:25.134+0000] {processor.py:161} INFO - Started process (PID=1065) to work on /home/airflow/.local/lib/python3.8/site-packages/airflow/example_dags/example_sensor_decorator.py
[2025-02-10T10:26:25.137+0000] {processor.py:830} INFO - Processing file /home/airflow/.local/lib/python3.8/site-packages/airflow/example_dags/example_sensor_decorator.py for tasks to queue
[2025-02-10T10:26:25.143+0000] {logging_mixin.py:188} INFO - [2025-02-10T10:26:25.142+0000] {dagbag.py:538} INFO - Filling up the DagBag from /home/airflow/.local/lib/python3.8/site-packages/airflow/example_dags/example_sensor_decorator.py
[2025-02-10T10:26:25.159+0000] {processor.py:840} INFO - DAG(s) 'example_sensor_decorator' retrieved from /home/airflow/.local/lib/python3.8/site-packages/airflow/example_dags/example_sensor_decorator.py
[2025-02-10T10:26:25.235+0000] {logging_mixin.py:188} INFO - [2025-02-10T10:26:25.234+0000] {dag.py:3036} INFO - Sync 1 DAGs
[2025-02-10T10:26:25.269+0000] {logging_mixin.py:188} INFO - [2025-02-10T10:26:25.269+0000] {dag.py:3823} INFO - Setting next_dagrun for example_sensor_decorator to None, run_after=None
[2025-02-10T10:26:25.333+0000] {processor.py:183} INFO - Processing /home/airflow/.local/lib/python3.8/site-packages/airflow/example_dags/example_sensor_decorator.py took 0.206 seconds
[2025-02-10T10:26:55.877+0000] {processor.py:161} INFO - Started process (PID=1136) to work on /home/airflow/.local/lib/python3.8/site-packages/airflow/example_dags/example_sensor_decorator.py
[2025-02-10T10:26:55.887+0000] {processor.py:830} INFO - Processing file /home/airflow/.local/lib/python3.8/site-packages/airflow/example_dags/example_sensor_decorator.py for tasks to queue
[2025-02-10T10:26:55.892+0000] {logging_mixin.py:188} INFO - [2025-02-10T10:26:55.891+0000] {dagbag.py:538} INFO - Filling up the DagBag from /home/airflow/.local/lib/python3.8/site-packages/airflow/example_dags/example_sensor_decorator.py
[2025-02-10T10:26:55.944+0000] {processor.py:840} INFO - DAG(s) 'example_sensor_decorator' retrieved from /home/airflow/.local/lib/python3.8/site-packages/airflow/example_dags/example_sensor_decorator.py
[2025-02-10T10:26:56.021+0000] {logging_mixin.py:188} INFO - [2025-02-10T10:26:56.020+0000] {dag.py:3036} INFO - Sync 1 DAGs
[2025-02-10T10:26:56.056+0000] {logging_mixin.py:188} INFO - [2025-02-10T10:26:56.056+0000] {dag.py:3823} INFO - Setting next_dagrun for example_sensor_decorator to None, run_after=None
[2025-02-10T10:26:56.121+0000] {processor.py:183} INFO - Processing /home/airflow/.local/lib/python3.8/site-packages/airflow/example_dags/example_sensor_decorator.py took 0.252 seconds
[2025-02-10T10:27:26.794+0000] {processor.py:161} INFO - Started process (PID=1201) to work on /home/airflow/.local/lib/python3.8/site-packages/airflow/example_dags/example_sensor_decorator.py
[2025-02-10T10:27:26.796+0000] {processor.py:830} INFO - Processing file /home/airflow/.local/lib/python3.8/site-packages/airflow/example_dags/example_sensor_decorator.py for tasks to queue
[2025-02-10T10:27:26.804+0000] {logging_mixin.py:188} INFO - [2025-02-10T10:27:26.802+0000] {dagbag.py:538} INFO - Filling up the DagBag from /home/airflow/.local/lib/python3.8/site-packages/airflow/example_dags/example_sensor_decorator.py
[2025-02-10T10:27:26.829+0000] {processor.py:840} INFO - DAG(s) 'example_sensor_decorator' retrieved from /home/airflow/.local/lib/python3.8/site-packages/airflow/example_dags/example_sensor_decorator.py
[2025-02-10T10:27:26.970+0000] {logging_mixin.py:188} INFO - [2025-02-10T10:27:26.969+0000] {dag.py:3036} INFO - Sync 1 DAGs
[2025-02-10T10:27:27.057+0000] {logging_mixin.py:188} INFO - [2025-02-10T10:27:27.055+0000] {dag.py:3823} INFO - Setting next_dagrun for example_sensor_decorator to None, run_after=None
[2025-02-10T10:27:27.116+0000] {processor.py:183} INFO - Processing /home/airflow/.local/lib/python3.8/site-packages/airflow/example_dags/example_sensor_decorator.py took 0.330 seconds
[2025-02-10T10:27:58.085+0000] {processor.py:161} INFO - Started process (PID=1266) to work on /home/airflow/.local/lib/python3.8/site-packages/airflow/example_dags/example_sensor_decorator.py
[2025-02-10T10:27:58.086+0000] {processor.py:830} INFO - Processing file /home/airflow/.local/lib/python3.8/site-packages/airflow/example_dags/example_sensor_decorator.py for tasks to queue
[2025-02-10T10:27:58.089+0000] {logging_mixin.py:188} INFO - [2025-02-10T10:27:58.088+0000] {dagbag.py:538} INFO - Filling up the DagBag from /home/airflow/.local/lib/python3.8/site-packages/airflow/example_dags/example_sensor_decorator.py
[2025-02-10T10:27:58.100+0000] {processor.py:840} INFO - DAG(s) 'example_sensor_decorator' retrieved from /home/airflow/.local/lib/python3.8/site-packages/airflow/example_dags/example_sensor_decorator.py
[2025-02-10T10:27:58.131+0000] {logging_mixin.py:188} INFO - [2025-02-10T10:27:58.130+0000] {dag.py:3036} INFO - Sync 1 DAGs
[2025-02-10T10:27:58.167+0000] {logging_mixin.py:188} INFO - [2025-02-10T10:27:58.167+0000] {dag.py:3823} INFO - Setting next_dagrun for example_sensor_decorator to None, run_after=None
[2025-02-10T10:27:58.202+0000] {processor.py:183} INFO - Processing /home/airflow/.local/lib/python3.8/site-packages/airflow/example_dags/example_sensor_decorator.py took 0.122 seconds
[2025-02-10T10:28:28.911+0000] {processor.py:161} INFO - Started process (PID=1338) to work on /home/airflow/.local/lib/python3.8/site-packages/airflow/example_dags/example_sensor_decorator.py
[2025-02-10T10:28:28.913+0000] {processor.py:830} INFO - Processing file /home/airflow/.local/lib/python3.8/site-packages/airflow/example_dags/example_sensor_decorator.py for tasks to queue
[2025-02-10T10:28:28.918+0000] {logging_mixin.py:188} INFO - [2025-02-10T10:28:28.917+0000] {dagbag.py:538} INFO - Filling up the DagBag from /home/airflow/.local/lib/python3.8/site-packages/airflow/example_dags/example_sensor_decorator.py
[2025-02-10T10:28:28.937+0000] {processor.py:840} INFO - DAG(s) 'example_sensor_decorator' retrieved from /home/airflow/.local/lib/python3.8/site-packages/airflow/example_dags/example_sensor_decorator.py
[2025-02-10T10:28:28.975+0000] {logging_mixin.py:188} INFO - [2025-02-10T10:28:28.974+0000] {dag.py:3036} INFO - Sync 1 DAGs
[2025-02-10T10:28:28.997+0000] {logging_mixin.py:188} INFO - [2025-02-10T10:28:28.996+0000] {dag.py:3823} INFO - Setting next_dagrun for example_sensor_decorator to None, run_after=None
[2025-02-10T10:28:29.031+0000] {processor.py:183} INFO - Processing /home/airflow/.local/lib/python3.8/site-packages/airflow/example_dags/example_sensor_decorator.py took 0.125 seconds
[2025-02-10T10:28:59.794+0000] {processor.py:161} INFO - Started process (PID=1403) to work on /home/airflow/.local/lib/python3.8/site-packages/airflow/example_dags/example_sensor_decorator.py
[2025-02-10T10:28:59.795+0000] {processor.py:830} INFO - Processing file /home/airflow/.local/lib/python3.8/site-packages/airflow/example_dags/example_sensor_decorator.py for tasks to queue
[2025-02-10T10:28:59.798+0000] {logging_mixin.py:188} INFO - [2025-02-10T10:28:59.798+0000] {dagbag.py:538} INFO - Filling up the DagBag from /home/airflow/.local/lib/python3.8/site-packages/airflow/example_dags/example_sensor_decorator.py
[2025-02-10T10:28:59.811+0000] {processor.py:840} INFO - DAG(s) 'example_sensor_decorator' retrieved from /home/airflow/.local/lib/python3.8/site-packages/airflow/example_dags/example_sensor_decorator.py
[2025-02-10T10:28:59.843+0000] {logging_mixin.py:188} INFO - [2025-02-10T10:28:59.843+0000] {dag.py:3036} INFO - Sync 1 DAGs
[2025-02-10T10:28:59.871+0000] {logging_mixin.py:188} INFO - [2025-02-10T10:28:59.871+0000] {dag.py:3823} INFO - Setting next_dagrun for example_sensor_decorator to None, run_after=None
[2025-02-10T10:28:59.906+0000] {processor.py:183} INFO - Processing /home/airflow/.local/lib/python3.8/site-packages/airflow/example_dags/example_sensor_decorator.py took 0.117 seconds
[2025-02-10T10:29:30.322+0000] {processor.py:161} INFO - Started process (PID=1468) to work on /home/airflow/.local/lib/python3.8/site-packages/airflow/example_dags/example_sensor_decorator.py
[2025-02-10T10:29:30.324+0000] {processor.py:830} INFO - Processing file /home/airflow/.local/lib/python3.8/site-packages/airflow/example_dags/example_sensor_decorator.py for tasks to queue
[2025-02-10T10:29:30.326+0000] {logging_mixin.py:188} INFO - [2025-02-10T10:29:30.326+0000] {dagbag.py:538} INFO - Filling up the DagBag from /home/airflow/.local/lib/python3.8/site-packages/airflow/example_dags/example_sensor_decorator.py
[2025-02-10T10:29:30.338+0000] {processor.py:840} INFO - DAG(s) 'example_sensor_decorator' retrieved from /home/airflow/.local/lib/python3.8/site-packages/airflow/example_dags/example_sensor_decorator.py
[2025-02-10T10:29:30.366+0000] {logging_mixin.py:188} INFO - [2025-02-10T10:29:30.365+0000] {dag.py:3036} INFO - Sync 1 DAGs
[2025-02-10T10:29:30.386+0000] {logging_mixin.py:188} INFO - [2025-02-10T10:29:30.386+0000] {dag.py:3823} INFO - Setting next_dagrun for example_sensor_decorator to None, run_after=None
[2025-02-10T10:29:30.421+0000] {processor.py:183} INFO - Processing /home/airflow/.local/lib/python3.8/site-packages/airflow/example_dags/example_sensor_decorator.py took 0.104 seconds
[2025-02-10T10:30:00.861+0000] {processor.py:161} INFO - Started process (PID=1541) to work on /home/airflow/.local/lib/python3.8/site-packages/airflow/example_dags/example_sensor_decorator.py
[2025-02-10T10:30:00.863+0000] {processor.py:830} INFO - Processing file /home/airflow/.local/lib/python3.8/site-packages/airflow/example_dags/example_sensor_decorator.py for tasks to queue
[2025-02-10T10:30:00.866+0000] {logging_mixin.py:188} INFO - [2025-02-10T10:30:00.865+0000] {dagbag.py:538} INFO - Filling up the DagBag from /home/airflow/.local/lib/python3.8/site-packages/airflow/example_dags/example_sensor_decorator.py
[2025-02-10T10:30:00.878+0000] {processor.py:840} INFO - DAG(s) 'example_sensor_decorator' retrieved from /home/airflow/.local/lib/python3.8/site-packages/airflow/example_dags/example_sensor_decorator.py
[2025-02-10T10:30:00.917+0000] {logging_mixin.py:188} INFO - [2025-02-10T10:30:00.916+0000] {dag.py:3036} INFO - Sync 1 DAGs
[2025-02-10T10:30:00.940+0000] {logging_mixin.py:188} INFO - [2025-02-10T10:30:00.940+0000] {dag.py:3823} INFO - Setting next_dagrun for example_sensor_decorator to None, run_after=None
[2025-02-10T10:30:00.969+0000] {processor.py:183} INFO - Processing /home/airflow/.local/lib/python3.8/site-packages/airflow/example_dags/example_sensor_decorator.py took 0.113 seconds
[2025-02-10T10:30:31.822+0000] {processor.py:161} INFO - Started process (PID=1606) to work on /home/airflow/.local/lib/python3.8/site-packages/airflow/example_dags/example_sensor_decorator.py
[2025-02-10T10:30:31.823+0000] {processor.py:830} INFO - Processing file /home/airflow/.local/lib/python3.8/site-packages/airflow/example_dags/example_sensor_decorator.py for tasks to queue
[2025-02-10T10:30:31.831+0000] {logging_mixin.py:188} INFO - [2025-02-10T10:30:31.830+0000] {dagbag.py:538} INFO - Filling up the DagBag from /home/airflow/.local/lib/python3.8/site-packages/airflow/example_dags/example_sensor_decorator.py
[2025-02-10T10:30:31.842+0000] {processor.py:840} INFO - DAG(s) 'example_sensor_decorator' retrieved from /home/airflow/.local/lib/python3.8/site-packages/airflow/example_dags/example_sensor_decorator.py
[2025-02-10T10:30:31.883+0000] {logging_mixin.py:188} INFO - [2025-02-10T10:30:31.883+0000] {dag.py:3036} INFO - Sync 1 DAGs
[2025-02-10T10:30:31.903+0000] {logging_mixin.py:188} INFO - [2025-02-10T10:30:31.903+0000] {dag.py:3823} INFO - Setting next_dagrun for example_sensor_decorator to None, run_after=None
[2025-02-10T10:30:31.930+0000] {processor.py:183} INFO - Processing /home/airflow/.local/lib/python3.8/site-packages/airflow/example_dags/example_sensor_decorator.py took 0.115 seconds
[2025-02-10T10:31:02.053+0000] {processor.py:161} INFO - Started process (PID=1671) to work on /home/airflow/.local/lib/python3.8/site-packages/airflow/example_dags/example_sensor_decorator.py
[2025-02-10T10:31:02.055+0000] {processor.py:830} INFO - Processing file /home/airflow/.local/lib/python3.8/site-packages/airflow/example_dags/example_sensor_decorator.py for tasks to queue
[2025-02-10T10:31:02.060+0000] {logging_mixin.py:188} INFO - [2025-02-10T10:31:02.059+0000] {dagbag.py:538} INFO - Filling up the DagBag from /home/airflow/.local/lib/python3.8/site-packages/airflow/example_dags/example_sensor_decorator.py
[2025-02-10T10:31:02.075+0000] {processor.py:840} INFO - DAG(s) 'example_sensor_decorator' retrieved from /home/airflow/.local/lib/python3.8/site-packages/airflow/example_dags/example_sensor_decorator.py
[2025-02-10T10:31:02.117+0000] {logging_mixin.py:188} INFO - [2025-02-10T10:31:02.117+0000] {dag.py:3036} INFO - Sync 1 DAGs
[2025-02-10T10:31:02.141+0000] {logging_mixin.py:188} INFO - [2025-02-10T10:31:02.141+0000] {dag.py:3823} INFO - Setting next_dagrun for example_sensor_decorator to None, run_after=None
[2025-02-10T10:31:02.169+0000] {processor.py:183} INFO - Processing /home/airflow/.local/lib/python3.8/site-packages/airflow/example_dags/example_sensor_decorator.py took 0.122 seconds
[2025-02-10T10:31:32.344+0000] {processor.py:161} INFO - Started process (PID=1743) to work on /home/airflow/.local/lib/python3.8/site-packages/airflow/example_dags/example_sensor_decorator.py
[2025-02-10T10:31:32.345+0000] {processor.py:830} INFO - Processing file /home/airflow/.local/lib/python3.8/site-packages/airflow/example_dags/example_sensor_decorator.py for tasks to queue
[2025-02-10T10:31:32.347+0000] {logging_mixin.py:188} INFO - [2025-02-10T10:31:32.347+0000] {dagbag.py:538} INFO - Filling up the DagBag from /home/airflow/.local/lib/python3.8/site-packages/airflow/example_dags/example_sensor_decorator.py
[2025-02-10T10:31:32.355+0000] {processor.py:840} INFO - DAG(s) 'example_sensor_decorator' retrieved from /home/airflow/.local/lib/python3.8/site-packages/airflow/example_dags/example_sensor_decorator.py
[2025-02-10T10:31:32.385+0000] {logging_mixin.py:188} INFO - [2025-02-10T10:31:32.384+0000] {dag.py:3036} INFO - Sync 1 DAGs
[2025-02-10T10:31:32.403+0000] {logging_mixin.py:188} INFO - [2025-02-10T10:31:32.402+0000] {dag.py:3823} INFO - Setting next_dagrun for example_sensor_decorator to None, run_after=None
[2025-02-10T10:31:32.432+0000] {processor.py:183} INFO - Processing /home/airflow/.local/lib/python3.8/site-packages/airflow/example_dags/example_sensor_decorator.py took 0.093 seconds
[2025-02-10T10:32:02.765+0000] {processor.py:161} INFO - Started process (PID=1807) to work on /home/airflow/.local/lib/python3.8/site-packages/airflow/example_dags/example_sensor_decorator.py
[2025-02-10T10:32:02.766+0000] {processor.py:830} INFO - Processing file /home/airflow/.local/lib/python3.8/site-packages/airflow/example_dags/example_sensor_decorator.py for tasks to queue
[2025-02-10T10:32:02.769+0000] {logging_mixin.py:188} INFO - [2025-02-10T10:32:02.769+0000] {dagbag.py:538} INFO - Filling up the DagBag from /home/airflow/.local/lib/python3.8/site-packages/airflow/example_dags/example_sensor_decorator.py
[2025-02-10T10:32:02.778+0000] {processor.py:840} INFO - DAG(s) 'example_sensor_decorator' retrieved from /home/airflow/.local/lib/python3.8/site-packages/airflow/example_dags/example_sensor_decorator.py
[2025-02-10T10:32:02.812+0000] {logging_mixin.py:188} INFO - [2025-02-10T10:32:02.811+0000] {dag.py:3036} INFO - Sync 1 DAGs
[2025-02-10T10:32:02.829+0000] {logging_mixin.py:188} INFO - [2025-02-10T10:32:02.829+0000] {dag.py:3823} INFO - Setting next_dagrun for example_sensor_decorator to None, run_after=None
[2025-02-10T10:32:02.855+0000] {processor.py:183} INFO - Processing /home/airflow/.local/lib/python3.8/site-packages/airflow/example_dags/example_sensor_decorator.py took 0.094 seconds
[2025-02-10T10:32:33.583+0000] {processor.py:161} INFO - Started process (PID=1871) to work on /home/airflow/.local/lib/python3.8/site-packages/airflow/example_dags/example_sensor_decorator.py
[2025-02-10T10:32:33.586+0000] {processor.py:830} INFO - Processing file /home/airflow/.local/lib/python3.8/site-packages/airflow/example_dags/example_sensor_decorator.py for tasks to queue
[2025-02-10T10:32:33.590+0000] {logging_mixin.py:188} INFO - [2025-02-10T10:32:33.589+0000] {dagbag.py:538} INFO - Filling up the DagBag from /home/airflow/.local/lib/python3.8/site-packages/airflow/example_dags/example_sensor_decorator.py
[2025-02-10T10:32:33.599+0000] {processor.py:840} INFO - DAG(s) 'example_sensor_decorator' retrieved from /home/airflow/.local/lib/python3.8/site-packages/airflow/example_dags/example_sensor_decorator.py
[2025-02-10T10:32:33.634+0000] {logging_mixin.py:188} INFO - [2025-02-10T10:32:33.633+0000] {dag.py:3036} INFO - Sync 1 DAGs
[2025-02-10T10:32:33.651+0000] {logging_mixin.py:188} INFO - [2025-02-10T10:32:33.651+0000] {dag.py:3823} INFO - Setting next_dagrun for example_sensor_decorator to None, run_after=None
[2025-02-10T10:32:33.684+0000] {processor.py:183} INFO - Processing /home/airflow/.local/lib/python3.8/site-packages/airflow/example_dags/example_sensor_decorator.py took 0.106 seconds
[2025-02-10T10:33:04.119+0000] {processor.py:161} INFO - Started process (PID=1943) to work on /home/airflow/.local/lib/python3.8/site-packages/airflow/example_dags/example_sensor_decorator.py
[2025-02-10T10:33:04.121+0000] {processor.py:830} INFO - Processing file /home/airflow/.local/lib/python3.8/site-packages/airflow/example_dags/example_sensor_decorator.py for tasks to queue
[2025-02-10T10:33:04.126+0000] {logging_mixin.py:188} INFO - [2025-02-10T10:33:04.125+0000] {dagbag.py:538} INFO - Filling up the DagBag from /home/airflow/.local/lib/python3.8/site-packages/airflow/example_dags/example_sensor_decorator.py
[2025-02-10T10:33:04.135+0000] {processor.py:840} INFO - DAG(s) 'example_sensor_decorator' retrieved from /home/airflow/.local/lib/python3.8/site-packages/airflow/example_dags/example_sensor_decorator.py
[2025-02-10T10:33:04.174+0000] {logging_mixin.py:188} INFO - [2025-02-10T10:33:04.174+0000] {dag.py:3036} INFO - Sync 1 DAGs
[2025-02-10T10:33:04.198+0000] {logging_mixin.py:188} INFO - [2025-02-10T10:33:04.198+0000] {dag.py:3823} INFO - Setting next_dagrun for example_sensor_decorator to None, run_after=None
[2025-02-10T10:33:04.227+0000] {processor.py:183} INFO - Processing /home/airflow/.local/lib/python3.8/site-packages/airflow/example_dags/example_sensor_decorator.py took 0.114 seconds
[2025-02-10T10:33:34.785+0000] {processor.py:161} INFO - Started process (PID=2008) to work on /home/airflow/.local/lib/python3.8/site-packages/airflow/example_dags/example_sensor_decorator.py
[2025-02-10T10:33:34.787+0000] {processor.py:830} INFO - Processing file /home/airflow/.local/lib/python3.8/site-packages/airflow/example_dags/example_sensor_decorator.py for tasks to queue
[2025-02-10T10:33:34.791+0000] {logging_mixin.py:188} INFO - [2025-02-10T10:33:34.790+0000] {dagbag.py:538} INFO - Filling up the DagBag from /home/airflow/.local/lib/python3.8/site-packages/airflow/example_dags/example_sensor_decorator.py
[2025-02-10T10:33:34.802+0000] {processor.py:840} INFO - DAG(s) 'example_sensor_decorator' retrieved from /home/airflow/.local/lib/python3.8/site-packages/airflow/example_dags/example_sensor_decorator.py
[2025-02-10T10:33:34.835+0000] {logging_mixin.py:188} INFO - [2025-02-10T10:33:34.835+0000] {dag.py:3036} INFO - Sync 1 DAGs
[2025-02-10T10:33:34.865+0000] {logging_mixin.py:188} INFO - [2025-02-10T10:33:34.864+0000] {dag.py:3823} INFO - Setting next_dagrun for example_sensor_decorator to None, run_after=None
[2025-02-10T10:33:34.889+0000] {processor.py:183} INFO - Processing /home/airflow/.local/lib/python3.8/site-packages/airflow/example_dags/example_sensor_decorator.py took 0.109 seconds
[2025-02-10T10:34:05.152+0000] {processor.py:161} INFO - Started process (PID=2073) to work on /home/airflow/.local/lib/python3.8/site-packages/airflow/example_dags/example_sensor_decorator.py
[2025-02-10T10:34:05.153+0000] {processor.py:830} INFO - Processing file /home/airflow/.local/lib/python3.8/site-packages/airflow/example_dags/example_sensor_decorator.py for tasks to queue
[2025-02-10T10:34:05.156+0000] {logging_mixin.py:188} INFO - [2025-02-10T10:34:05.155+0000] {dagbag.py:538} INFO - Filling up the DagBag from /home/airflow/.local/lib/python3.8/site-packages/airflow/example_dags/example_sensor_decorator.py
[2025-02-10T10:34:05.165+0000] {processor.py:840} INFO - DAG(s) 'example_sensor_decorator' retrieved from /home/airflow/.local/lib/python3.8/site-packages/airflow/example_dags/example_sensor_decorator.py
[2025-02-10T10:34:05.198+0000] {logging_mixin.py:188} INFO - [2025-02-10T10:34:05.198+0000] {dag.py:3036} INFO - Sync 1 DAGs
[2025-02-10T10:34:05.217+0000] {logging_mixin.py:188} INFO - [2025-02-10T10:34:05.216+0000] {dag.py:3823} INFO - Setting next_dagrun for example_sensor_decorator to None, run_after=None
[2025-02-10T10:34:05.240+0000] {processor.py:183} INFO - Processing /home/airflow/.local/lib/python3.8/site-packages/airflow/example_dags/example_sensor_decorator.py took 0.094 seconds
[2025-02-10T10:34:35.723+0000] {processor.py:161} INFO - Started process (PID=2145) to work on /home/airflow/.local/lib/python3.8/site-packages/airflow/example_dags/example_sensor_decorator.py
[2025-02-10T10:34:35.725+0000] {processor.py:830} INFO - Processing file /home/airflow/.local/lib/python3.8/site-packages/airflow/example_dags/example_sensor_decorator.py for tasks to queue
[2025-02-10T10:34:35.728+0000] {logging_mixin.py:188} INFO - [2025-02-10T10:34:35.728+0000] {dagbag.py:538} INFO - Filling up the DagBag from /home/airflow/.local/lib/python3.8/site-packages/airflow/example_dags/example_sensor_decorator.py
[2025-02-10T10:34:35.740+0000] {processor.py:840} INFO - DAG(s) 'example_sensor_decorator' retrieved from /home/airflow/.local/lib/python3.8/site-packages/airflow/example_dags/example_sensor_decorator.py
[2025-02-10T10:34:35.780+0000] {logging_mixin.py:188} INFO - [2025-02-10T10:34:35.780+0000] {dag.py:3036} INFO - Sync 1 DAGs
[2025-02-10T10:34:35.802+0000] {logging_mixin.py:188} INFO - [2025-02-10T10:34:35.802+0000] {dag.py:3823} INFO - Setting next_dagrun for example_sensor_decorator to None, run_after=None
[2025-02-10T10:34:35.831+0000] {processor.py:183} INFO - Processing /home/airflow/.local/lib/python3.8/site-packages/airflow/example_dags/example_sensor_decorator.py took 0.113 seconds
[2025-02-10T10:35:06.464+0000] {processor.py:161} INFO - Started process (PID=2211) to work on /home/airflow/.local/lib/python3.8/site-packages/airflow/example_dags/example_sensor_decorator.py
[2025-02-10T10:35:06.468+0000] {processor.py:830} INFO - Processing file /home/airflow/.local/lib/python3.8/site-packages/airflow/example_dags/example_sensor_decorator.py for tasks to queue
[2025-02-10T10:35:06.470+0000] {logging_mixin.py:188} INFO - [2025-02-10T10:35:06.470+0000] {dagbag.py:538} INFO - Filling up the DagBag from /home/airflow/.local/lib/python3.8/site-packages/airflow/example_dags/example_sensor_decorator.py
[2025-02-10T10:35:06.483+0000] {processor.py:840} INFO - DAG(s) 'example_sensor_decorator' retrieved from /home/airflow/.local/lib/python3.8/site-packages/airflow/example_dags/example_sensor_decorator.py
[2025-02-10T10:35:06.519+0000] {logging_mixin.py:188} INFO - [2025-02-10T10:35:06.519+0000] {dag.py:3036} INFO - Sync 1 DAGs
[2025-02-10T10:35:06.541+0000] {logging_mixin.py:188} INFO - [2025-02-10T10:35:06.541+0000] {dag.py:3823} INFO - Setting next_dagrun for example_sensor_decorator to None, run_after=None
[2025-02-10T10:35:06.572+0000] {processor.py:183} INFO - Processing /home/airflow/.local/lib/python3.8/site-packages/airflow/example_dags/example_sensor_decorator.py took 0.115 seconds
[2025-02-10T10:35:36.772+0000] {processor.py:161} INFO - Started process (PID=2276) to work on /home/airflow/.local/lib/python3.8/site-packages/airflow/example_dags/example_sensor_decorator.py
[2025-02-10T10:35:36.774+0000] {processor.py:830} INFO - Processing file /home/airflow/.local/lib/python3.8/site-packages/airflow/example_dags/example_sensor_decorator.py for tasks to queue
[2025-02-10T10:35:36.779+0000] {logging_mixin.py:188} INFO - [2025-02-10T10:35:36.779+0000] {dagbag.py:538} INFO - Filling up the DagBag from /home/airflow/.local/lib/python3.8/site-packages/airflow/example_dags/example_sensor_decorator.py
[2025-02-10T10:35:36.793+0000] {processor.py:840} INFO - DAG(s) 'example_sensor_decorator' retrieved from /home/airflow/.local/lib/python3.8/site-packages/airflow/example_dags/example_sensor_decorator.py
[2025-02-10T10:35:36.831+0000] {logging_mixin.py:188} INFO - [2025-02-10T10:35:36.830+0000] {dag.py:3036} INFO - Sync 1 DAGs
[2025-02-10T10:35:36.851+0000] {logging_mixin.py:188} INFO - [2025-02-10T10:35:36.851+0000] {dag.py:3823} INFO - Setting next_dagrun for example_sensor_decorator to None, run_after=None
[2025-02-10T10:35:36.883+0000] {processor.py:183} INFO - Processing /home/airflow/.local/lib/python3.8/site-packages/airflow/example_dags/example_sensor_decorator.py took 0.116 seconds
[2025-02-10T10:36:07.765+0000] {processor.py:161} INFO - Started process (PID=2341) to work on /home/airflow/.local/lib/python3.8/site-packages/airflow/example_dags/example_sensor_decorator.py
[2025-02-10T10:36:07.769+0000] {processor.py:830} INFO - Processing file /home/airflow/.local/lib/python3.8/site-packages/airflow/example_dags/example_sensor_decorator.py for tasks to queue
[2025-02-10T10:36:07.771+0000] {logging_mixin.py:188} INFO - [2025-02-10T10:36:07.771+0000] {dagbag.py:538} INFO - Filling up the DagBag from /home/airflow/.local/lib/python3.8/site-packages/airflow/example_dags/example_sensor_decorator.py
[2025-02-10T10:36:07.785+0000] {processor.py:840} INFO - DAG(s) 'example_sensor_decorator' retrieved from /home/airflow/.local/lib/python3.8/site-packages/airflow/example_dags/example_sensor_decorator.py
[2025-02-10T10:36:07.820+0000] {logging_mixin.py:188} INFO - [2025-02-10T10:36:07.820+0000] {dag.py:3036} INFO - Sync 1 DAGs
[2025-02-10T10:36:07.841+0000] {logging_mixin.py:188} INFO - [2025-02-10T10:36:07.841+0000] {dag.py:3823} INFO - Setting next_dagrun for example_sensor_decorator to None, run_after=None
[2025-02-10T10:36:07.878+0000] {processor.py:183} INFO - Processing /home/airflow/.local/lib/python3.8/site-packages/airflow/example_dags/example_sensor_decorator.py took 0.118 seconds
[2025-02-10T10:36:38.062+0000] {processor.py:161} INFO - Started process (PID=2413) to work on /home/airflow/.local/lib/python3.8/site-packages/airflow/example_dags/example_sensor_decorator.py
[2025-02-10T10:36:38.063+0000] {processor.py:830} INFO - Processing file /home/airflow/.local/lib/python3.8/site-packages/airflow/example_dags/example_sensor_decorator.py for tasks to queue
[2025-02-10T10:36:38.066+0000] {logging_mixin.py:188} INFO - [2025-02-10T10:36:38.066+0000] {dagbag.py:538} INFO - Filling up the DagBag from /home/airflow/.local/lib/python3.8/site-packages/airflow/example_dags/example_sensor_decorator.py
[2025-02-10T10:36:38.080+0000] {processor.py:840} INFO - DAG(s) 'example_sensor_decorator' retrieved from /home/airflow/.local/lib/python3.8/site-packages/airflow/example_dags/example_sensor_decorator.py
[2025-02-10T10:36:38.129+0000] {logging_mixin.py:188} INFO - [2025-02-10T10:36:38.129+0000] {dag.py:3036} INFO - Sync 1 DAGs
[2025-02-10T10:36:38.152+0000] {logging_mixin.py:188} INFO - [2025-02-10T10:36:38.151+0000] {dag.py:3823} INFO - Setting next_dagrun for example_sensor_decorator to None, run_after=None
[2025-02-10T10:36:38.179+0000] {processor.py:183} INFO - Processing /home/airflow/.local/lib/python3.8/site-packages/airflow/example_dags/example_sensor_decorator.py took 0.122 seconds
[2025-02-10T10:37:09.422+0000] {processor.py:161} INFO - Started process (PID=2478) to work on /home/airflow/.local/lib/python3.8/site-packages/airflow/example_dags/example_sensor_decorator.py
[2025-02-10T10:37:09.425+0000] {processor.py:830} INFO - Processing file /home/airflow/.local/lib/python3.8/site-packages/airflow/example_dags/example_sensor_decorator.py for tasks to queue
[2025-02-10T10:37:09.429+0000] {logging_mixin.py:188} INFO - [2025-02-10T10:37:09.429+0000] {dagbag.py:538} INFO - Filling up the DagBag from /home/airflow/.local/lib/python3.8/site-packages/airflow/example_dags/example_sensor_decorator.py
[2025-02-10T10:37:09.447+0000] {processor.py:840} INFO - DAG(s) 'example_sensor_decorator' retrieved from /home/airflow/.local/lib/python3.8/site-packages/airflow/example_dags/example_sensor_decorator.py
[2025-02-10T10:37:09.812+0000] {logging_mixin.py:188} INFO - [2025-02-10T10:37:09.812+0000] {dag.py:3036} INFO - Sync 1 DAGs
[2025-02-10T10:37:09.877+0000] {logging_mixin.py:188} INFO - [2025-02-10T10:37:09.859+0000] {dag.py:3823} INFO - Setting next_dagrun for example_sensor_decorator to None, run_after=None
[2025-02-10T10:37:09.974+0000] {processor.py:183} INFO - Processing /home/airflow/.local/lib/python3.8/site-packages/airflow/example_dags/example_sensor_decorator.py took 0.561 seconds
[2025-02-10T10:37:40.645+0000] {processor.py:161} INFO - Started process (PID=2543) to work on /home/airflow/.local/lib/python3.8/site-packages/airflow/example_dags/example_sensor_decorator.py
[2025-02-10T10:37:40.647+0000] {processor.py:830} INFO - Processing file /home/airflow/.local/lib/python3.8/site-packages/airflow/example_dags/example_sensor_decorator.py for tasks to queue
[2025-02-10T10:37:40.651+0000] {logging_mixin.py:188} INFO - [2025-02-10T10:37:40.650+0000] {dagbag.py:538} INFO - Filling up the DagBag from /home/airflow/.local/lib/python3.8/site-packages/airflow/example_dags/example_sensor_decorator.py
[2025-02-10T10:37:40.663+0000] {processor.py:840} INFO - DAG(s) 'example_sensor_decorator' retrieved from /home/airflow/.local/lib/python3.8/site-packages/airflow/example_dags/example_sensor_decorator.py
[2025-02-10T10:37:40.699+0000] {logging_mixin.py:188} INFO - [2025-02-10T10:37:40.699+0000] {dag.py:3036} INFO - Sync 1 DAGs
[2025-02-10T10:37:40.728+0000] {logging_mixin.py:188} INFO - [2025-02-10T10:37:40.728+0000] {dag.py:3823} INFO - Setting next_dagrun for example_sensor_decorator to None, run_after=None
[2025-02-10T10:37:40.771+0000] {processor.py:183} INFO - Processing /home/airflow/.local/lib/python3.8/site-packages/airflow/example_dags/example_sensor_decorator.py took 0.138 seconds
[2025-02-10T10:38:11.454+0000] {processor.py:161} INFO - Started process (PID=2608) to work on /home/airflow/.local/lib/python3.8/site-packages/airflow/example_dags/example_sensor_decorator.py
[2025-02-10T10:38:11.456+0000] {processor.py:830} INFO - Processing file /home/airflow/.local/lib/python3.8/site-packages/airflow/example_dags/example_sensor_decorator.py for tasks to queue
[2025-02-10T10:38:11.463+0000] {logging_mixin.py:188} INFO - [2025-02-10T10:38:11.461+0000] {dagbag.py:538} INFO - Filling up the DagBag from /home/airflow/.local/lib/python3.8/site-packages/airflow/example_dags/example_sensor_decorator.py
[2025-02-10T10:38:11.480+0000] {processor.py:840} INFO - DAG(s) 'example_sensor_decorator' retrieved from /home/airflow/.local/lib/python3.8/site-packages/airflow/example_dags/example_sensor_decorator.py
[2025-02-10T10:38:11.533+0000] {logging_mixin.py:188} INFO - [2025-02-10T10:38:11.533+0000] {dag.py:3036} INFO - Sync 1 DAGs
[2025-02-10T10:38:11.556+0000] {logging_mixin.py:188} INFO - [2025-02-10T10:38:11.556+0000] {dag.py:3823} INFO - Setting next_dagrun for example_sensor_decorator to None, run_after=None
[2025-02-10T10:38:11.587+0000] {processor.py:183} INFO - Processing /home/airflow/.local/lib/python3.8/site-packages/airflow/example_dags/example_sensor_decorator.py took 0.141 seconds
[2025-02-10T10:38:41.654+0000] {processor.py:161} INFO - Started process (PID=2672) to work on /home/airflow/.local/lib/python3.8/site-packages/airflow/example_dags/example_sensor_decorator.py
[2025-02-10T10:38:41.656+0000] {processor.py:830} INFO - Processing file /home/airflow/.local/lib/python3.8/site-packages/airflow/example_dags/example_sensor_decorator.py for tasks to queue
[2025-02-10T10:38:41.658+0000] {logging_mixin.py:188} INFO - [2025-02-10T10:38:41.658+0000] {dagbag.py:538} INFO - Filling up the DagBag from /home/airflow/.local/lib/python3.8/site-packages/airflow/example_dags/example_sensor_decorator.py
[2025-02-10T10:38:41.665+0000] {processor.py:840} INFO - DAG(s) 'example_sensor_decorator' retrieved from /home/airflow/.local/lib/python3.8/site-packages/airflow/example_dags/example_sensor_decorator.py
[2025-02-10T10:38:41.695+0000] {logging_mixin.py:188} INFO - [2025-02-10T10:38:41.695+0000] {dag.py:3036} INFO - Sync 1 DAGs
[2025-02-10T10:38:41.714+0000] {logging_mixin.py:188} INFO - [2025-02-10T10:38:41.714+0000] {dag.py:3823} INFO - Setting next_dagrun for example_sensor_decorator to None, run_after=None
[2025-02-10T10:38:41.744+0000] {processor.py:183} INFO - Processing /home/airflow/.local/lib/python3.8/site-packages/airflow/example_dags/example_sensor_decorator.py took 0.094 seconds
[2025-02-10T10:39:12.107+0000] {processor.py:161} INFO - Started process (PID=2746) to work on /home/airflow/.local/lib/python3.8/site-packages/airflow/example_dags/example_sensor_decorator.py
[2025-02-10T10:39:12.109+0000] {processor.py:830} INFO - Processing file /home/airflow/.local/lib/python3.8/site-packages/airflow/example_dags/example_sensor_decorator.py for tasks to queue
[2025-02-10T10:39:12.114+0000] {logging_mixin.py:188} INFO - [2025-02-10T10:39:12.114+0000] {dagbag.py:538} INFO - Filling up the DagBag from /home/airflow/.local/lib/python3.8/site-packages/airflow/example_dags/example_sensor_decorator.py
[2025-02-10T10:39:12.127+0000] {processor.py:840} INFO - DAG(s) 'example_sensor_decorator' retrieved from /home/airflow/.local/lib/python3.8/site-packages/airflow/example_dags/example_sensor_decorator.py
[2025-02-10T10:39:12.170+0000] {logging_mixin.py:188} INFO - [2025-02-10T10:39:12.170+0000] {dag.py:3036} INFO - Sync 1 DAGs
[2025-02-10T10:39:12.201+0000] {logging_mixin.py:188} INFO - [2025-02-10T10:39:12.200+0000] {dag.py:3823} INFO - Setting next_dagrun for example_sensor_decorator to None, run_after=None
[2025-02-10T10:39:12.256+0000] {processor.py:183} INFO - Processing /home/airflow/.local/lib/python3.8/site-packages/airflow/example_dags/example_sensor_decorator.py took 0.155 seconds
[2025-02-10T10:39:42.663+0000] {processor.py:161} INFO - Started process (PID=2811) to work on /home/airflow/.local/lib/python3.8/site-packages/airflow/example_dags/example_sensor_decorator.py
[2025-02-10T10:39:42.665+0000] {processor.py:830} INFO - Processing file /home/airflow/.local/lib/python3.8/site-packages/airflow/example_dags/example_sensor_decorator.py for tasks to queue
[2025-02-10T10:39:42.668+0000] {logging_mixin.py:188} INFO - [2025-02-10T10:39:42.668+0000] {dagbag.py:538} INFO - Filling up the DagBag from /home/airflow/.local/lib/python3.8/site-packages/airflow/example_dags/example_sensor_decorator.py
[2025-02-10T10:39:42.686+0000] {processor.py:840} INFO - DAG(s) 'example_sensor_decorator' retrieved from /home/airflow/.local/lib/python3.8/site-packages/airflow/example_dags/example_sensor_decorator.py
[2025-02-10T10:39:42.775+0000] {logging_mixin.py:188} INFO - [2025-02-10T10:39:42.774+0000] {dag.py:3036} INFO - Sync 1 DAGs
[2025-02-10T10:39:42.808+0000] {logging_mixin.py:188} INFO - [2025-02-10T10:39:42.808+0000] {dag.py:3823} INFO - Setting next_dagrun for example_sensor_decorator to None, run_after=None
[2025-02-10T10:39:42.848+0000] {processor.py:183} INFO - Processing /home/airflow/.local/lib/python3.8/site-packages/airflow/example_dags/example_sensor_decorator.py took 0.192 seconds
[2025-02-10T10:40:13.011+0000] {processor.py:161} INFO - Started process (PID=2875) to work on /home/airflow/.local/lib/python3.8/site-packages/airflow/example_dags/example_sensor_decorator.py
[2025-02-10T10:40:13.013+0000] {processor.py:830} INFO - Processing file /home/airflow/.local/lib/python3.8/site-packages/airflow/example_dags/example_sensor_decorator.py for tasks to queue
[2025-02-10T10:40:13.015+0000] {logging_mixin.py:188} INFO - [2025-02-10T10:40:13.015+0000] {dagbag.py:538} INFO - Filling up the DagBag from /home/airflow/.local/lib/python3.8/site-packages/airflow/example_dags/example_sensor_decorator.py
[2025-02-10T10:40:13.023+0000] {processor.py:840} INFO - DAG(s) 'example_sensor_decorator' retrieved from /home/airflow/.local/lib/python3.8/site-packages/airflow/example_dags/example_sensor_decorator.py
[2025-02-10T10:40:13.054+0000] {logging_mixin.py:188} INFO - [2025-02-10T10:40:13.053+0000] {dag.py:3036} INFO - Sync 1 DAGs
[2025-02-10T10:40:13.070+0000] {logging_mixin.py:188} INFO - [2025-02-10T10:40:13.070+0000] {dag.py:3823} INFO - Setting next_dagrun for example_sensor_decorator to None, run_after=None
[2025-02-10T10:40:13.104+0000] {processor.py:183} INFO - Processing /home/airflow/.local/lib/python3.8/site-packages/airflow/example_dags/example_sensor_decorator.py took 0.097 seconds
[2025-02-10T10:40:43.422+0000] {processor.py:161} INFO - Started process (PID=2940) to work on /home/airflow/.local/lib/python3.8/site-packages/airflow/example_dags/example_sensor_decorator.py
[2025-02-10T10:40:43.424+0000] {processor.py:830} INFO - Processing file /home/airflow/.local/lib/python3.8/site-packages/airflow/example_dags/example_sensor_decorator.py for tasks to queue
[2025-02-10T10:40:43.427+0000] {logging_mixin.py:188} INFO - [2025-02-10T10:40:43.426+0000] {dagbag.py:538} INFO - Filling up the DagBag from /home/airflow/.local/lib/python3.8/site-packages/airflow/example_dags/example_sensor_decorator.py
[2025-02-10T10:40:43.439+0000] {processor.py:840} INFO - DAG(s) 'example_sensor_decorator' retrieved from /home/airflow/.local/lib/python3.8/site-packages/airflow/example_dags/example_sensor_decorator.py
[2025-02-10T10:40:43.479+0000] {logging_mixin.py:188} INFO - [2025-02-10T10:40:43.479+0000] {dag.py:3036} INFO - Sync 1 DAGs
[2025-02-10T10:40:43.512+0000] {logging_mixin.py:188} INFO - [2025-02-10T10:40:43.510+0000] {dag.py:3823} INFO - Setting next_dagrun for example_sensor_decorator to None, run_after=None
[2025-02-10T10:40:43.556+0000] {processor.py:183} INFO - Processing /home/airflow/.local/lib/python3.8/site-packages/airflow/example_dags/example_sensor_decorator.py took 0.142 seconds
[2025-02-10T10:41:14.077+0000] {processor.py:161} INFO - Started process (PID=3005) to work on /home/airflow/.local/lib/python3.8/site-packages/airflow/example_dags/example_sensor_decorator.py
[2025-02-10T10:41:14.078+0000] {processor.py:830} INFO - Processing file /home/airflow/.local/lib/python3.8/site-packages/airflow/example_dags/example_sensor_decorator.py for tasks to queue
[2025-02-10T10:41:14.082+0000] {logging_mixin.py:188} INFO - [2025-02-10T10:41:14.082+0000] {dagbag.py:538} INFO - Filling up the DagBag from /home/airflow/.local/lib/python3.8/site-packages/airflow/example_dags/example_sensor_decorator.py
[2025-02-10T10:41:14.097+0000] {processor.py:840} INFO - DAG(s) 'example_sensor_decorator' retrieved from /home/airflow/.local/lib/python3.8/site-packages/airflow/example_dags/example_sensor_decorator.py
[2025-02-10T10:41:14.146+0000] {logging_mixin.py:188} INFO - [2025-02-10T10:41:14.145+0000] {dag.py:3036} INFO - Sync 1 DAGs
[2025-02-10T10:41:14.170+0000] {logging_mixin.py:188} INFO - [2025-02-10T10:41:14.170+0000] {dag.py:3823} INFO - Setting next_dagrun for example_sensor_decorator to None, run_after=None
[2025-02-10T10:41:14.206+0000] {processor.py:183} INFO - Processing /home/airflow/.local/lib/python3.8/site-packages/airflow/example_dags/example_sensor_decorator.py took 0.134 seconds
[2025-02-10T10:41:44.783+0000] {processor.py:161} INFO - Started process (PID=3070) to work on /home/airflow/.local/lib/python3.8/site-packages/airflow/example_dags/example_sensor_decorator.py
[2025-02-10T10:41:44.788+0000] {processor.py:830} INFO - Processing file /home/airflow/.local/lib/python3.8/site-packages/airflow/example_dags/example_sensor_decorator.py for tasks to queue
[2025-02-10T10:41:44.793+0000] {logging_mixin.py:188} INFO - [2025-02-10T10:41:44.792+0000] {dagbag.py:538} INFO - Filling up the DagBag from /home/airflow/.local/lib/python3.8/site-packages/airflow/example_dags/example_sensor_decorator.py
[2025-02-10T10:41:44.810+0000] {processor.py:840} INFO - DAG(s) 'example_sensor_decorator' retrieved from /home/airflow/.local/lib/python3.8/site-packages/airflow/example_dags/example_sensor_decorator.py
[2025-02-10T10:41:44.856+0000] {logging_mixin.py:188} INFO - [2025-02-10T10:41:44.856+0000] {dag.py:3036} INFO - Sync 1 DAGs
[2025-02-10T10:41:44.926+0000] {logging_mixin.py:188} INFO - [2025-02-10T10:41:44.925+0000] {dag.py:3823} INFO - Setting next_dagrun for example_sensor_decorator to None, run_after=None
[2025-02-10T10:41:44.998+0000] {processor.py:183} INFO - Processing /home/airflow/.local/lib/python3.8/site-packages/airflow/example_dags/example_sensor_decorator.py took 0.220 seconds
[2025-02-10T10:42:15.491+0000] {processor.py:161} INFO - Started process (PID=3134) to work on /home/airflow/.local/lib/python3.8/site-packages/airflow/example_dags/example_sensor_decorator.py
[2025-02-10T10:42:15.493+0000] {processor.py:830} INFO - Processing file /home/airflow/.local/lib/python3.8/site-packages/airflow/example_dags/example_sensor_decorator.py for tasks to queue
[2025-02-10T10:42:15.497+0000] {logging_mixin.py:188} INFO - [2025-02-10T10:42:15.496+0000] {dagbag.py:538} INFO - Filling up the DagBag from /home/airflow/.local/lib/python3.8/site-packages/airflow/example_dags/example_sensor_decorator.py
[2025-02-10T10:42:15.511+0000] {processor.py:840} INFO - DAG(s) 'example_sensor_decorator' retrieved from /home/airflow/.local/lib/python3.8/site-packages/airflow/example_dags/example_sensor_decorator.py
[2025-02-10T10:42:15.592+0000] {logging_mixin.py:188} INFO - [2025-02-10T10:42:15.592+0000] {dag.py:3036} INFO - Sync 1 DAGs
[2025-02-10T10:42:15.615+0000] {logging_mixin.py:188} INFO - [2025-02-10T10:42:15.615+0000] {dag.py:3823} INFO - Setting next_dagrun for example_sensor_decorator to None, run_after=None
[2025-02-10T10:42:15.665+0000] {processor.py:183} INFO - Processing /home/airflow/.local/lib/python3.8/site-packages/airflow/example_dags/example_sensor_decorator.py took 0.182 seconds
[2025-02-10T10:42:45.739+0000] {processor.py:161} INFO - Started process (PID=3200) to work on /home/airflow/.local/lib/python3.8/site-packages/airflow/example_dags/example_sensor_decorator.py
[2025-02-10T10:42:45.741+0000] {processor.py:830} INFO - Processing file /home/airflow/.local/lib/python3.8/site-packages/airflow/example_dags/example_sensor_decorator.py for tasks to queue
[2025-02-10T10:42:45.744+0000] {logging_mixin.py:188} INFO - [2025-02-10T10:42:45.744+0000] {dagbag.py:538} INFO - Filling up the DagBag from /home/airflow/.local/lib/python3.8/site-packages/airflow/example_dags/example_sensor_decorator.py
[2025-02-10T10:42:45.757+0000] {processor.py:840} INFO - DAG(s) 'example_sensor_decorator' retrieved from /home/airflow/.local/lib/python3.8/site-packages/airflow/example_dags/example_sensor_decorator.py
[2025-02-10T10:42:45.791+0000] {logging_mixin.py:188} INFO - [2025-02-10T10:42:45.791+0000] {dag.py:3036} INFO - Sync 1 DAGs
[2025-02-10T10:42:45.812+0000] {logging_mixin.py:188} INFO - [2025-02-10T10:42:45.811+0000] {dag.py:3823} INFO - Setting next_dagrun for example_sensor_decorator to None, run_after=None
[2025-02-10T10:42:45.845+0000] {processor.py:183} INFO - Processing /home/airflow/.local/lib/python3.8/site-packages/airflow/example_dags/example_sensor_decorator.py took 0.114 seconds
[2025-02-10T10:43:16.198+0000] {processor.py:161} INFO - Started process (PID=3265) to work on /home/airflow/.local/lib/python3.8/site-packages/airflow/example_dags/example_sensor_decorator.py
[2025-02-10T10:43:16.199+0000] {processor.py:830} INFO - Processing file /home/airflow/.local/lib/python3.8/site-packages/airflow/example_dags/example_sensor_decorator.py for tasks to queue
[2025-02-10T10:43:16.205+0000] {logging_mixin.py:188} INFO - [2025-02-10T10:43:16.204+0000] {dagbag.py:538} INFO - Filling up the DagBag from /home/airflow/.local/lib/python3.8/site-packages/airflow/example_dags/example_sensor_decorator.py
[2025-02-10T10:43:16.212+0000] {processor.py:840} INFO - DAG(s) 'example_sensor_decorator' retrieved from /home/airflow/.local/lib/python3.8/site-packages/airflow/example_dags/example_sensor_decorator.py
[2025-02-10T10:43:16.249+0000] {logging_mixin.py:188} INFO - [2025-02-10T10:43:16.248+0000] {dag.py:3036} INFO - Sync 1 DAGs
[2025-02-10T10:43:16.270+0000] {logging_mixin.py:188} INFO - [2025-02-10T10:43:16.266+0000] {dag.py:3823} INFO - Setting next_dagrun for example_sensor_decorator to None, run_after=None
[2025-02-10T10:43:16.299+0000] {processor.py:183} INFO - Processing /home/airflow/.local/lib/python3.8/site-packages/airflow/example_dags/example_sensor_decorator.py took 0.105 seconds
[2025-02-10T10:43:46.475+0000] {processor.py:161} INFO - Started process (PID=3330) to work on /home/airflow/.local/lib/python3.8/site-packages/airflow/example_dags/example_sensor_decorator.py
[2025-02-10T10:43:46.477+0000] {processor.py:830} INFO - Processing file /home/airflow/.local/lib/python3.8/site-packages/airflow/example_dags/example_sensor_decorator.py for tasks to queue
[2025-02-10T10:43:46.480+0000] {logging_mixin.py:188} INFO - [2025-02-10T10:43:46.479+0000] {dagbag.py:538} INFO - Filling up the DagBag from /home/airflow/.local/lib/python3.8/site-packages/airflow/example_dags/example_sensor_decorator.py
[2025-02-10T10:43:46.492+0000] {processor.py:840} INFO - DAG(s) 'example_sensor_decorator' retrieved from /home/airflow/.local/lib/python3.8/site-packages/airflow/example_dags/example_sensor_decorator.py
[2025-02-10T10:43:46.571+0000] {logging_mixin.py:188} INFO - [2025-02-10T10:43:46.570+0000] {dag.py:3036} INFO - Sync 1 DAGs
[2025-02-10T10:43:46.754+0000] {logging_mixin.py:188} INFO - [2025-02-10T10:43:46.753+0000] {dag.py:3823} INFO - Setting next_dagrun for example_sensor_decorator to None, run_after=None
[2025-02-10T10:43:47.314+0000] {processor.py:183} INFO - Processing /home/airflow/.local/lib/python3.8/site-packages/airflow/example_dags/example_sensor_decorator.py took 0.845 seconds
[2025-02-10T10:44:18.174+0000] {processor.py:161} INFO - Started process (PID=3395) to work on /home/airflow/.local/lib/python3.8/site-packages/airflow/example_dags/example_sensor_decorator.py
[2025-02-10T10:44:18.176+0000] {processor.py:830} INFO - Processing file /home/airflow/.local/lib/python3.8/site-packages/airflow/example_dags/example_sensor_decorator.py for tasks to queue
[2025-02-10T10:44:18.178+0000] {logging_mixin.py:188} INFO - [2025-02-10T10:44:18.178+0000] {dagbag.py:538} INFO - Filling up the DagBag from /home/airflow/.local/lib/python3.8/site-packages/airflow/example_dags/example_sensor_decorator.py
[2025-02-10T10:44:18.194+0000] {processor.py:840} INFO - DAG(s) 'example_sensor_decorator' retrieved from /home/airflow/.local/lib/python3.8/site-packages/airflow/example_dags/example_sensor_decorator.py
[2025-02-10T10:44:18.244+0000] {logging_mixin.py:188} INFO - [2025-02-10T10:44:18.243+0000] {dag.py:3036} INFO - Sync 1 DAGs
[2025-02-10T10:44:18.277+0000] {logging_mixin.py:188} INFO - [2025-02-10T10:44:18.277+0000] {dag.py:3823} INFO - Setting next_dagrun for example_sensor_decorator to None, run_after=None
[2025-02-10T10:44:18.307+0000] {processor.py:183} INFO - Processing /home/airflow/.local/lib/python3.8/site-packages/airflow/example_dags/example_sensor_decorator.py took 0.141 seconds
[2025-02-10T10:44:48.446+0000] {processor.py:161} INFO - Started process (PID=3460) to work on /home/airflow/.local/lib/python3.8/site-packages/airflow/example_dags/example_sensor_decorator.py
[2025-02-10T10:44:48.448+0000] {processor.py:830} INFO - Processing file /home/airflow/.local/lib/python3.8/site-packages/airflow/example_dags/example_sensor_decorator.py for tasks to queue
[2025-02-10T10:44:48.468+0000] {logging_mixin.py:188} INFO - [2025-02-10T10:44:48.467+0000] {dagbag.py:538} INFO - Filling up the DagBag from /home/airflow/.local/lib/python3.8/site-packages/airflow/example_dags/example_sensor_decorator.py
[2025-02-10T10:44:48.514+0000] {processor.py:840} INFO - DAG(s) 'example_sensor_decorator' retrieved from /home/airflow/.local/lib/python3.8/site-packages/airflow/example_dags/example_sensor_decorator.py
[2025-02-10T10:44:48.597+0000] {logging_mixin.py:188} INFO - [2025-02-10T10:44:48.597+0000] {dag.py:3036} INFO - Sync 1 DAGs
[2025-02-10T10:44:48.652+0000] {logging_mixin.py:188} INFO - [2025-02-10T10:44:48.649+0000] {dag.py:3823} INFO - Setting next_dagrun for example_sensor_decorator to None, run_after=None
[2025-02-10T10:44:48.737+0000] {processor.py:183} INFO - Processing /home/airflow/.local/lib/python3.8/site-packages/airflow/example_dags/example_sensor_decorator.py took 0.304 seconds
