[2025-02-21T00:14:56.461+0000] {processor.py:161} INFO - Started process (PID=3835) to work on /home/airflow/.local/lib/python3.8/site-packages/airflow/example_dags/example_xcom.py
[2025-02-21T00:14:56.464+0000] {processor.py:830} INFO - Processing file /home/airflow/.local/lib/python3.8/site-packages/airflow/example_dags/example_xcom.py for tasks to queue
[2025-02-21T00:14:56.470+0000] {logging_mixin.py:188} INFO - [2025-02-21T00:14:56.469+0000] {dagbag.py:538} INFO - Filling up the DagBag from /home/airflow/.local/lib/python3.8/site-packages/airflow/example_dags/example_xcom.py
[2025-02-21T00:14:56.490+0000] {processor.py:840} INFO - DAG(s) 'example_xcom' retrieved from /home/airflow/.local/lib/python3.8/site-packages/airflow/example_dags/example_xcom.py
[2025-02-21T00:14:56.573+0000] {logging_mixin.py:188} INFO - [2025-02-21T00:14:56.572+0000] {dag.py:3036} INFO - Sync 1 DAGs
[2025-02-21T00:14:56.625+0000] {logging_mixin.py:188} INFO - [2025-02-21T00:14:56.624+0000] {dag.py:3823} INFO - Setting next_dagrun for example_xcom to 2021-01-01 00:00:00+00:00, run_after=2021-01-01 00:00:00+00:00
[2025-02-21T00:14:56.685+0000] {processor.py:183} INFO - Processing /home/airflow/.local/lib/python3.8/site-packages/airflow/example_dags/example_xcom.py took 0.230 seconds
[2025-02-21T02:14:59.777+0000] {processor.py:161} INFO - Started process (PID=3893) to work on /home/airflow/.local/lib/python3.8/site-packages/airflow/example_dags/example_xcom.py
[2025-02-21T02:14:59.781+0000] {processor.py:830} INFO - Processing file /home/airflow/.local/lib/python3.8/site-packages/airflow/example_dags/example_xcom.py for tasks to queue
[2025-02-21T02:14:59.791+0000] {logging_mixin.py:188} INFO - [2025-02-21T02:14:59.790+0000] {dagbag.py:538} INFO - Filling up the DagBag from /home/airflow/.local/lib/python3.8/site-packages/airflow/example_dags/example_xcom.py
[2025-02-21T02:14:59.807+0000] {processor.py:840} INFO - DAG(s) 'example_xcom' retrieved from /home/airflow/.local/lib/python3.8/site-packages/airflow/example_dags/example_xcom.py
[2025-02-21T02:14:59.868+0000] {logging_mixin.py:188} INFO - [2025-02-21T02:14:59.868+0000] {dag.py:3036} INFO - Sync 1 DAGs
[2025-02-21T02:14:59.932+0000] {logging_mixin.py:188} INFO - [2025-02-21T02:14:59.932+0000] {dag.py:3823} INFO - Setting next_dagrun for example_xcom to 2021-01-01 00:00:00+00:00, run_after=2021-01-01 00:00:00+00:00
[2025-02-21T02:18:29.393+0000] {processor.py:183} INFO - Processing /home/airflow/.local/lib/python3.8/site-packages/airflow/example_dags/example_xcom.py took 210.911 seconds
[2025-02-21T02:18:59.787+0000] {processor.py:161} INFO - Started process (PID=3960) to work on /home/airflow/.local/lib/python3.8/site-packages/airflow/example_dags/example_xcom.py
[2025-02-21T02:18:59.789+0000] {processor.py:830} INFO - Processing file /home/airflow/.local/lib/python3.8/site-packages/airflow/example_dags/example_xcom.py for tasks to queue
[2025-02-21T02:18:59.792+0000] {logging_mixin.py:188} INFO - [2025-02-21T02:18:59.792+0000] {dagbag.py:538} INFO - Filling up the DagBag from /home/airflow/.local/lib/python3.8/site-packages/airflow/example_dags/example_xcom.py
[2025-02-21T02:18:59.806+0000] {processor.py:840} INFO - DAG(s) 'example_xcom' retrieved from /home/airflow/.local/lib/python3.8/site-packages/airflow/example_dags/example_xcom.py
[2025-02-21T02:18:59.848+0000] {logging_mixin.py:188} INFO - [2025-02-21T02:18:59.848+0000] {dag.py:3036} INFO - Sync 1 DAGs
[2025-02-21T02:18:59.885+0000] {logging_mixin.py:188} INFO - [2025-02-21T02:18:59.884+0000] {dag.py:3823} INFO - Setting next_dagrun for example_xcom to 2021-01-01 00:00:00+00:00, run_after=2021-01-01 00:00:00+00:00
[2025-02-21T02:18:59.921+0000] {processor.py:183} INFO - Processing /home/airflow/.local/lib/python3.8/site-packages/airflow/example_dags/example_xcom.py took 0.139 seconds
[2025-02-21T02:19:30.501+0000] {processor.py:161} INFO - Started process (PID=4025) to work on /home/airflow/.local/lib/python3.8/site-packages/airflow/example_dags/example_xcom.py
[2025-02-21T02:19:30.502+0000] {processor.py:830} INFO - Processing file /home/airflow/.local/lib/python3.8/site-packages/airflow/example_dags/example_xcom.py for tasks to queue
[2025-02-21T02:19:30.505+0000] {logging_mixin.py:188} INFO - [2025-02-21T02:19:30.504+0000] {dagbag.py:538} INFO - Filling up the DagBag from /home/airflow/.local/lib/python3.8/site-packages/airflow/example_dags/example_xcom.py
[2025-02-21T02:19:30.516+0000] {processor.py:840} INFO - DAG(s) 'example_xcom' retrieved from /home/airflow/.local/lib/python3.8/site-packages/airflow/example_dags/example_xcom.py
[2025-02-21T02:19:30.549+0000] {logging_mixin.py:188} INFO - [2025-02-21T02:19:30.549+0000] {dag.py:3036} INFO - Sync 1 DAGs
[2025-02-21T02:19:30.573+0000] {logging_mixin.py:188} INFO - [2025-02-21T02:19:30.573+0000] {dag.py:3823} INFO - Setting next_dagrun for example_xcom to 2021-01-01 00:00:00+00:00, run_after=2021-01-01 00:00:00+00:00
[2025-02-21T02:19:30.606+0000] {processor.py:183} INFO - Processing /home/airflow/.local/lib/python3.8/site-packages/airflow/example_dags/example_xcom.py took 0.109 seconds
[2025-02-21T04:18:30.511+0000] {processor.py:161} INFO - Started process (PID=4062) to work on /home/airflow/.local/lib/python3.8/site-packages/airflow/example_dags/example_xcom.py
[2025-02-21T04:18:30.515+0000] {processor.py:830} INFO - Processing file /home/airflow/.local/lib/python3.8/site-packages/airflow/example_dags/example_xcom.py for tasks to queue
[2025-02-21T04:18:30.520+0000] {logging_mixin.py:188} INFO - [2025-02-21T04:18:30.519+0000] {dagbag.py:538} INFO - Filling up the DagBag from /home/airflow/.local/lib/python3.8/site-packages/airflow/example_dags/example_xcom.py
[2025-02-21T04:18:30.546+0000] {processor.py:840} INFO - DAG(s) 'example_xcom' retrieved from /home/airflow/.local/lib/python3.8/site-packages/airflow/example_dags/example_xcom.py
[2025-02-21T04:18:30.607+0000] {logging_mixin.py:188} INFO - [2025-02-21T04:18:30.607+0000] {dag.py:3036} INFO - Sync 1 DAGs
[2025-02-21T04:18:30.650+0000] {logging_mixin.py:188} INFO - [2025-02-21T04:18:30.649+0000] {dag.py:3823} INFO - Setting next_dagrun for example_xcom to 2021-01-01 00:00:00+00:00, run_after=2021-01-01 00:00:00+00:00
[2025-02-21T04:18:30.720+0000] {processor.py:183} INFO - Processing /home/airflow/.local/lib/python3.8/site-packages/airflow/example_dags/example_xcom.py took 0.216 seconds
