[2025-02-21T00:14:57.118+0000] {processor.py:161} INFO - Started process (PID=3837) to work on /home/airflow/.local/lib/python3.8/site-packages/airflow/example_dags/example_local_kubernetes_executor.py
[2025-02-21T00:14:57.120+0000] {processor.py:830} INFO - Processing file /home/airflow/.local/lib/python3.8/site-packages/airflow/example_dags/example_local_kubernetes_executor.py for tasks to queue
[2025-02-21T00:14:57.125+0000] {logging_mixin.py:188} INFO - [2025-02-21T00:14:57.124+0000] {dagbag.py:538} INFO - Filling up the DagBag from /home/airflow/.local/lib/python3.8/site-packages/airflow/example_dags/example_local_kubernetes_executor.py
[2025-02-21T00:14:57.146+0000] {processor.py:840} INFO - DAG(s) 'example_local_kubernetes_executor' retrieved from /home/airflow/.local/lib/python3.8/site-packages/airflow/example_dags/example_local_kubernetes_executor.py
[2025-02-21T00:14:57.246+0000] {logging_mixin.py:188} INFO - [2025-02-21T00:14:57.246+0000] {dag.py:3036} INFO - Sync 1 DAGs
[2025-02-21T00:14:57.275+0000] {logging_mixin.py:188} INFO - [2025-02-21T00:14:57.275+0000] {dag.py:3823} INFO - Setting next_dagrun for example_local_kubernetes_executor to None, run_after=None
[2025-02-21T00:14:57.314+0000] {processor.py:183} INFO - Processing /home/airflow/.local/lib/python3.8/site-packages/airflow/example_dags/example_local_kubernetes_executor.py took 0.206 seconds
[2025-02-21T02:18:30.584+0000] {processor.py:161} INFO - Started process (PID=3895) to work on /home/airflow/.local/lib/python3.8/site-packages/airflow/example_dags/example_local_kubernetes_executor.py
[2025-02-21T02:18:30.590+0000] {processor.py:830} INFO - Processing file /home/airflow/.local/lib/python3.8/site-packages/airflow/example_dags/example_local_kubernetes_executor.py for tasks to queue
[2025-02-21T02:18:30.728+0000] {logging_mixin.py:188} INFO - [2025-02-21T02:18:30.713+0000] {dagbag.py:538} INFO - Filling up the DagBag from /home/airflow/.local/lib/python3.8/site-packages/airflow/example_dags/example_local_kubernetes_executor.py
[2025-02-21T02:18:30.907+0000] {processor.py:840} INFO - DAG(s) 'example_local_kubernetes_executor' retrieved from /home/airflow/.local/lib/python3.8/site-packages/airflow/example_dags/example_local_kubernetes_executor.py
[2025-02-21T02:18:31.177+0000] {logging_mixin.py:188} INFO - [2025-02-21T02:18:31.176+0000] {dag.py:3036} INFO - Sync 1 DAGs
[2025-02-21T02:18:31.258+0000] {logging_mixin.py:188} INFO - [2025-02-21T02:18:31.254+0000] {dag.py:3823} INFO - Setting next_dagrun for example_local_kubernetes_executor to None, run_after=None
[2025-02-21T02:18:31.535+0000] {processor.py:183} INFO - Processing /home/airflow/.local/lib/python3.8/site-packages/airflow/example_dags/example_local_kubernetes_executor.py took 1.023 seconds
[2025-02-21T02:19:01.992+0000] {processor.py:161} INFO - Started process (PID=3962) to work on /home/airflow/.local/lib/python3.8/site-packages/airflow/example_dags/example_local_kubernetes_executor.py
[2025-02-21T02:19:01.994+0000] {processor.py:830} INFO - Processing file /home/airflow/.local/lib/python3.8/site-packages/airflow/example_dags/example_local_kubernetes_executor.py for tasks to queue
[2025-02-21T02:19:01.997+0000] {logging_mixin.py:188} INFO - [2025-02-21T02:19:01.997+0000] {dagbag.py:538} INFO - Filling up the DagBag from /home/airflow/.local/lib/python3.8/site-packages/airflow/example_dags/example_local_kubernetes_executor.py
[2025-02-21T02:19:02.009+0000] {processor.py:840} INFO - DAG(s) 'example_local_kubernetes_executor' retrieved from /home/airflow/.local/lib/python3.8/site-packages/airflow/example_dags/example_local_kubernetes_executor.py
[2025-02-21T02:19:02.055+0000] {logging_mixin.py:188} INFO - [2025-02-21T02:19:02.055+0000] {dag.py:3036} INFO - Sync 1 DAGs
[2025-02-21T02:19:02.070+0000] {logging_mixin.py:188} INFO - [2025-02-21T02:19:02.070+0000] {dag.py:3823} INFO - Setting next_dagrun for example_local_kubernetes_executor to None, run_after=None
[2025-02-21T02:19:02.099+0000] {processor.py:183} INFO - Processing /home/airflow/.local/lib/python3.8/site-packages/airflow/example_dags/example_local_kubernetes_executor.py took 0.112 seconds
[2025-02-21T02:19:32.669+0000] {processor.py:161} INFO - Started process (PID=4027) to work on /home/airflow/.local/lib/python3.8/site-packages/airflow/example_dags/example_local_kubernetes_executor.py
[2025-02-21T02:19:32.672+0000] {processor.py:830} INFO - Processing file /home/airflow/.local/lib/python3.8/site-packages/airflow/example_dags/example_local_kubernetes_executor.py for tasks to queue
[2025-02-21T02:19:32.676+0000] {logging_mixin.py:188} INFO - [2025-02-21T02:19:32.675+0000] {dagbag.py:538} INFO - Filling up the DagBag from /home/airflow/.local/lib/python3.8/site-packages/airflow/example_dags/example_local_kubernetes_executor.py
[2025-02-21T02:19:32.688+0000] {processor.py:840} INFO - DAG(s) 'example_local_kubernetes_executor' retrieved from /home/airflow/.local/lib/python3.8/site-packages/airflow/example_dags/example_local_kubernetes_executor.py
[2025-02-21T02:19:32.732+0000] {logging_mixin.py:188} INFO - [2025-02-21T02:19:32.732+0000] {dag.py:3036} INFO - Sync 1 DAGs
[2025-02-21T02:19:32.747+0000] {logging_mixin.py:188} INFO - [2025-02-21T02:19:32.747+0000] {dag.py:3823} INFO - Setting next_dagrun for example_local_kubernetes_executor to None, run_after=None
[2025-02-21T02:19:32.773+0000] {processor.py:183} INFO - Processing /home/airflow/.local/lib/python3.8/site-packages/airflow/example_dags/example_local_kubernetes_executor.py took 0.109 seconds
[2025-02-21T04:18:30.771+0000] {processor.py:161} INFO - Started process (PID=4064) to work on /home/airflow/.local/lib/python3.8/site-packages/airflow/example_dags/example_local_kubernetes_executor.py
[2025-02-21T04:18:30.777+0000] {processor.py:830} INFO - Processing file /home/airflow/.local/lib/python3.8/site-packages/airflow/example_dags/example_local_kubernetes_executor.py for tasks to queue
[2025-02-21T04:18:30.785+0000] {logging_mixin.py:188} INFO - [2025-02-21T04:18:30.784+0000] {dagbag.py:538} INFO - Filling up the DagBag from /home/airflow/.local/lib/python3.8/site-packages/airflow/example_dags/example_local_kubernetes_executor.py
[2025-02-21T04:18:30.804+0000] {processor.py:840} INFO - DAG(s) 'example_local_kubernetes_executor' retrieved from /home/airflow/.local/lib/python3.8/site-packages/airflow/example_dags/example_local_kubernetes_executor.py
[2025-02-21T04:18:30.894+0000] {logging_mixin.py:188} INFO - [2025-02-21T04:18:30.894+0000] {dag.py:3036} INFO - Sync 1 DAGs
[2025-02-21T04:18:30.925+0000] {logging_mixin.py:188} INFO - [2025-02-21T04:18:30.925+0000] {dag.py:3823} INFO - Setting next_dagrun for example_local_kubernetes_executor to None, run_after=None
[2025-02-21T04:18:30.975+0000] {processor.py:183} INFO - Processing /home/airflow/.local/lib/python3.8/site-packages/airflow/example_dags/example_local_kubernetes_executor.py took 0.211 seconds
