[2025-02-21T00:14:52.637+0000] {processor.py:161} INFO - Started process (PID=3822) to work on /home/airflow/.local/lib/python3.8/site-packages/airflow/example_dags/example_complex.py
[2025-02-21T00:14:52.653+0000] {processor.py:830} INFO - Processing file /home/airflow/.local/lib/python3.8/site-packages/airflow/example_dags/example_complex.py for tasks to queue
[2025-02-21T00:14:52.719+0000] {logging_mixin.py:188} INFO - [2025-02-21T00:14:52.710+0000] {dagbag.py:538} INFO - Filling up the DagBag from /home/airflow/.local/lib/python3.8/site-packages/airflow/example_dags/example_complex.py
[2025-02-21T00:14:52.852+0000] {processor.py:840} INFO - DAG(s) 'example_complex' retrieved from /home/airflow/.local/lib/python3.8/site-packages/airflow/example_dags/example_complex.py
[2025-02-21T00:14:53.084+0000] {logging_mixin.py:188} INFO - [2025-02-21T00:14:53.082+0000] {dag.py:3036} INFO - Sync 1 DAGs
[2025-02-21T00:14:53.175+0000] {logging_mixin.py:188} INFO - [2025-02-21T00:14:53.175+0000] {dag.py:3823} INFO - Setting next_dagrun for example_complex to None, run_after=None
[2025-02-21T00:14:53.272+0000] {processor.py:183} INFO - Processing /home/airflow/.local/lib/python3.8/site-packages/airflow/example_dags/example_complex.py took 0.641 seconds
[2025-02-21T02:14:57.313+0000] {processor.py:161} INFO - Started process (PID=3881) to work on /home/airflow/.local/lib/python3.8/site-packages/airflow/example_dags/example_complex.py
[2025-02-21T02:14:57.314+0000] {processor.py:830} INFO - Processing file /home/airflow/.local/lib/python3.8/site-packages/airflow/example_dags/example_complex.py for tasks to queue
[2025-02-21T02:14:57.317+0000] {logging_mixin.py:188} INFO - [2025-02-21T02:14:57.317+0000] {dagbag.py:538} INFO - Filling up the DagBag from /home/airflow/.local/lib/python3.8/site-packages/airflow/example_dags/example_complex.py
[2025-02-21T02:14:57.340+0000] {processor.py:840} INFO - DAG(s) 'example_complex' retrieved from /home/airflow/.local/lib/python3.8/site-packages/airflow/example_dags/example_complex.py
[2025-02-21T02:14:57.402+0000] {logging_mixin.py:188} INFO - [2025-02-21T02:14:57.401+0000] {dag.py:3036} INFO - Sync 1 DAGs
[2025-02-21T02:14:57.423+0000] {logging_mixin.py:188} INFO - [2025-02-21T02:14:57.423+0000] {dag.py:3823} INFO - Setting next_dagrun for example_complex to None, run_after=None
[2025-02-21T02:14:57.480+0000] {processor.py:183} INFO - Processing /home/airflow/.local/lib/python3.8/site-packages/airflow/example_dags/example_complex.py took 0.172 seconds
[2025-02-21T02:18:36.771+0000] {processor.py:161} INFO - Started process (PID=3927) to work on /home/airflow/.local/lib/python3.8/site-packages/airflow/example_dags/example_complex.py
[2025-02-21T02:18:36.773+0000] {processor.py:830} INFO - Processing file /home/airflow/.local/lib/python3.8/site-packages/airflow/example_dags/example_complex.py for tasks to queue
[2025-02-21T02:18:36.776+0000] {logging_mixin.py:188} INFO - [2025-02-21T02:18:36.776+0000] {dagbag.py:538} INFO - Filling up the DagBag from /home/airflow/.local/lib/python3.8/site-packages/airflow/example_dags/example_complex.py
[2025-02-21T02:18:36.806+0000] {processor.py:840} INFO - DAG(s) 'example_complex' retrieved from /home/airflow/.local/lib/python3.8/site-packages/airflow/example_dags/example_complex.py
[2025-02-21T02:18:36.876+0000] {logging_mixin.py:188} INFO - [2025-02-21T02:18:36.876+0000] {dag.py:3036} INFO - Sync 1 DAGs
[2025-02-21T02:18:36.914+0000] {logging_mixin.py:188} INFO - [2025-02-21T02:18:36.914+0000] {dag.py:3823} INFO - Setting next_dagrun for example_complex to None, run_after=None
[2025-02-21T02:18:36.964+0000] {processor.py:183} INFO - Processing /home/airflow/.local/lib/python3.8/site-packages/airflow/example_dags/example_complex.py took 0.205 seconds
[2025-02-21T02:19:07.006+0000] {processor.py:161} INFO - Started process (PID=3985) to work on /home/airflow/.local/lib/python3.8/site-packages/airflow/example_dags/example_complex.py
[2025-02-21T02:19:07.008+0000] {processor.py:830} INFO - Processing file /home/airflow/.local/lib/python3.8/site-packages/airflow/example_dags/example_complex.py for tasks to queue
[2025-02-21T02:19:07.010+0000] {logging_mixin.py:188} INFO - [2025-02-21T02:19:07.010+0000] {dagbag.py:538} INFO - Filling up the DagBag from /home/airflow/.local/lib/python3.8/site-packages/airflow/example_dags/example_complex.py
[2025-02-21T02:19:07.023+0000] {processor.py:840} INFO - DAG(s) 'example_complex' retrieved from /home/airflow/.local/lib/python3.8/site-packages/airflow/example_dags/example_complex.py
[2025-02-21T02:19:07.062+0000] {logging_mixin.py:188} INFO - [2025-02-21T02:19:07.062+0000] {dag.py:3036} INFO - Sync 1 DAGs
[2025-02-21T02:19:07.077+0000] {logging_mixin.py:188} INFO - [2025-02-21T02:19:07.077+0000] {dag.py:3823} INFO - Setting next_dagrun for example_complex to None, run_after=None
[2025-02-21T02:19:07.100+0000] {processor.py:183} INFO - Processing /home/airflow/.local/lib/python3.8/site-packages/airflow/example_dags/example_complex.py took 0.098 seconds
[2025-02-21T04:18:27.739+0000] {processor.py:161} INFO - Started process (PID=4050) to work on /home/airflow/.local/lib/python3.8/site-packages/airflow/example_dags/example_complex.py
[2025-02-21T04:18:27.741+0000] {processor.py:830} INFO - Processing file /home/airflow/.local/lib/python3.8/site-packages/airflow/example_dags/example_complex.py for tasks to queue
[2025-02-21T04:18:27.745+0000] {logging_mixin.py:188} INFO - [2025-02-21T04:18:27.745+0000] {dagbag.py:538} INFO - Filling up the DagBag from /home/airflow/.local/lib/python3.8/site-packages/airflow/example_dags/example_complex.py
[2025-02-21T04:18:27.776+0000] {processor.py:840} INFO - DAG(s) 'example_complex' retrieved from /home/airflow/.local/lib/python3.8/site-packages/airflow/example_dags/example_complex.py
[2025-02-21T04:18:28.236+0000] {logging_mixin.py:188} INFO - [2025-02-21T04:18:28.236+0000] {dag.py:3036} INFO - Sync 1 DAGs
[2025-02-21T04:18:28.272+0000] {logging_mixin.py:188} INFO - [2025-02-21T04:18:28.271+0000] {dag.py:3823} INFO - Setting next_dagrun for example_complex to None, run_after=None
[2025-02-21T04:18:28.353+0000] {processor.py:183} INFO - Processing /home/airflow/.local/lib/python3.8/site-packages/airflow/example_dags/example_complex.py took 0.620 seconds
