[2025-02-21T00:15:13.340+0000] {processor.py:161} INFO - Started process (PID=3860) to work on /home/airflow/.local/lib/python3.8/site-packages/airflow/example_dags/example_time_delta_sensor_async.py
[2025-02-21T00:15:13.346+0000] {processor.py:830} INFO - Processing file /home/airflow/.local/lib/python3.8/site-packages/airflow/example_dags/example_time_delta_sensor_async.py for tasks to queue
[2025-02-21T00:15:13.361+0000] {logging_mixin.py:188} INFO - [2025-02-21T00:15:13.361+0000] {dagbag.py:538} INFO - Filling up the DagBag from /home/airflow/.local/lib/python3.8/site-packages/airflow/example_dags/example_time_delta_sensor_async.py
[2025-02-21T00:15:13.379+0000] {processor.py:840} INFO - DAG(s) 'example_time_delta_sensor_async' retrieved from /home/airflow/.local/lib/python3.8/site-packages/airflow/example_dags/example_time_delta_sensor_async.py
[2025-02-21T00:15:13.521+0000] {logging_mixin.py:188} INFO - [2025-02-21T00:15:13.520+0000] {dag.py:3036} INFO - Sync 1 DAGs
[2025-02-21T00:15:13.608+0000] {logging_mixin.py:188} INFO - [2025-02-21T00:15:13.607+0000] {dag.py:3823} INFO - Setting next_dagrun for example_time_delta_sensor_async to None, run_after=None
[2025-02-21T00:15:13.765+0000] {processor.py:183} INFO - Processing /home/airflow/.local/lib/python3.8/site-packages/airflow/example_dags/example_time_delta_sensor_async.py took 0.447 seconds
[2025-02-21T02:18:35.333+0000] {processor.py:161} INFO - Started process (PID=3919) to work on /home/airflow/.local/lib/python3.8/site-packages/airflow/example_dags/example_time_delta_sensor_async.py
[2025-02-21T02:18:35.336+0000] {processor.py:830} INFO - Processing file /home/airflow/.local/lib/python3.8/site-packages/airflow/example_dags/example_time_delta_sensor_async.py for tasks to queue
[2025-02-21T02:18:35.339+0000] {logging_mixin.py:188} INFO - [2025-02-21T02:18:35.338+0000] {dagbag.py:538} INFO - Filling up the DagBag from /home/airflow/.local/lib/python3.8/site-packages/airflow/example_dags/example_time_delta_sensor_async.py
[2025-02-21T02:18:35.353+0000] {processor.py:840} INFO - DAG(s) 'example_time_delta_sensor_async' retrieved from /home/airflow/.local/lib/python3.8/site-packages/airflow/example_dags/example_time_delta_sensor_async.py
[2025-02-21T02:18:35.488+0000] {logging_mixin.py:188} INFO - [2025-02-21T02:18:35.488+0000] {dag.py:3036} INFO - Sync 1 DAGs
[2025-02-21T02:18:35.513+0000] {logging_mixin.py:188} INFO - [2025-02-21T02:18:35.513+0000] {dag.py:3823} INFO - Setting next_dagrun for example_time_delta_sensor_async to None, run_after=None
[2025-02-21T02:18:35.557+0000] {processor.py:183} INFO - Processing /home/airflow/.local/lib/python3.8/site-packages/airflow/example_dags/example_time_delta_sensor_async.py took 0.229 seconds
[2025-02-21T02:19:06.211+0000] {processor.py:161} INFO - Started process (PID=3977) to work on /home/airflow/.local/lib/python3.8/site-packages/airflow/example_dags/example_time_delta_sensor_async.py
[2025-02-21T02:19:06.213+0000] {processor.py:830} INFO - Processing file /home/airflow/.local/lib/python3.8/site-packages/airflow/example_dags/example_time_delta_sensor_async.py for tasks to queue
[2025-02-21T02:19:06.216+0000] {logging_mixin.py:188} INFO - [2025-02-21T02:19:06.215+0000] {dagbag.py:538} INFO - Filling up the DagBag from /home/airflow/.local/lib/python3.8/site-packages/airflow/example_dags/example_time_delta_sensor_async.py
[2025-02-21T02:19:06.224+0000] {processor.py:840} INFO - DAG(s) 'example_time_delta_sensor_async' retrieved from /home/airflow/.local/lib/python3.8/site-packages/airflow/example_dags/example_time_delta_sensor_async.py
[2025-02-21T02:19:06.265+0000] {logging_mixin.py:188} INFO - [2025-02-21T02:19:06.264+0000] {dag.py:3036} INFO - Sync 1 DAGs
[2025-02-21T02:19:06.280+0000] {logging_mixin.py:188} INFO - [2025-02-21T02:19:06.280+0000] {dag.py:3823} INFO - Setting next_dagrun for example_time_delta_sensor_async to None, run_after=None
[2025-02-21T02:19:06.306+0000] {processor.py:183} INFO - Processing /home/airflow/.local/lib/python3.8/site-packages/airflow/example_dags/example_time_delta_sensor_async.py took 0.102 seconds
[2025-02-21T04:18:32.478+0000] {processor.py:161} INFO - Started process (PID=4079) to work on /home/airflow/.local/lib/python3.8/site-packages/airflow/example_dags/example_time_delta_sensor_async.py
[2025-02-21T04:18:32.480+0000] {processor.py:830} INFO - Processing file /home/airflow/.local/lib/python3.8/site-packages/airflow/example_dags/example_time_delta_sensor_async.py for tasks to queue
[2025-02-21T04:18:32.483+0000] {logging_mixin.py:188} INFO - [2025-02-21T04:18:32.482+0000] {dagbag.py:538} INFO - Filling up the DagBag from /home/airflow/.local/lib/python3.8/site-packages/airflow/example_dags/example_time_delta_sensor_async.py
[2025-02-21T04:18:32.494+0000] {processor.py:840} INFO - DAG(s) 'example_time_delta_sensor_async' retrieved from /home/airflow/.local/lib/python3.8/site-packages/airflow/example_dags/example_time_delta_sensor_async.py
[2025-02-21T04:18:32.551+0000] {logging_mixin.py:188} INFO - [2025-02-21T04:18:32.551+0000] {dag.py:3036} INFO - Sync 1 DAGs
[2025-02-21T04:18:32.577+0000] {logging_mixin.py:188} INFO - [2025-02-21T04:18:32.577+0000] {dag.py:3823} INFO - Setting next_dagrun for example_time_delta_sensor_async to None, run_after=None
[2025-02-21T04:18:32.620+0000] {processor.py:183} INFO - Processing /home/airflow/.local/lib/python3.8/site-packages/airflow/example_dags/example_time_delta_sensor_async.py took 0.148 seconds
