[2025-02-21T00:14:54.292+0000] {processor.py:161} INFO - Started process (PID=3826) to work on /home/airflow/.local/lib/python3.8/site-packages/airflow/example_dags/tutorial_objectstorage.py
[2025-02-21T00:14:54.294+0000] {processor.py:830} INFO - Processing file /home/airflow/.local/lib/python3.8/site-packages/airflow/example_dags/tutorial_objectstorage.py for tasks to queue
[2025-02-21T00:14:54.299+0000] {logging_mixin.py:188} INFO - [2025-02-21T00:14:54.298+0000] {dagbag.py:538} INFO - Filling up the DagBag from /home/airflow/.local/lib/python3.8/site-packages/airflow/example_dags/tutorial_objectstorage.py
[2025-02-21T00:14:54.310+0000] {processor.py:840} INFO - DAG(s) 'tutorial_objectstorage' retrieved from /home/airflow/.local/lib/python3.8/site-packages/airflow/example_dags/tutorial_objectstorage.py
[2025-02-21T00:14:54.344+0000] {logging_mixin.py:188} INFO - [2025-02-21T00:14:54.344+0000] {dag.py:3036} INFO - Sync 1 DAGs
[2025-02-21T00:14:54.372+0000] {logging_mixin.py:188} INFO - [2025-02-21T00:14:54.371+0000] {dag.py:3823} INFO - Setting next_dagrun for tutorial_objectstorage to None, run_after=None
[2025-02-21T00:14:54.438+0000] {processor.py:183} INFO - Processing /home/airflow/.local/lib/python3.8/site-packages/airflow/example_dags/tutorial_objectstorage.py took 0.152 seconds
[2025-02-21T02:14:58.049+0000] {processor.py:161} INFO - Started process (PID=3884) to work on /home/airflow/.local/lib/python3.8/site-packages/airflow/example_dags/tutorial_objectstorage.py
[2025-02-21T02:14:58.052+0000] {processor.py:830} INFO - Processing file /home/airflow/.local/lib/python3.8/site-packages/airflow/example_dags/tutorial_objectstorage.py for tasks to queue
[2025-02-21T02:14:58.055+0000] {logging_mixin.py:188} INFO - [2025-02-21T02:14:58.055+0000] {dagbag.py:538} INFO - Filling up the DagBag from /home/airflow/.local/lib/python3.8/site-packages/airflow/example_dags/tutorial_objectstorage.py
[2025-02-21T02:14:58.109+0000] {processor.py:840} INFO - DAG(s) 'tutorial_objectstorage' retrieved from /home/airflow/.local/lib/python3.8/site-packages/airflow/example_dags/tutorial_objectstorage.py
[2025-02-21T02:14:58.370+0000] {logging_mixin.py:188} INFO - [2025-02-21T02:14:58.369+0000] {dag.py:3036} INFO - Sync 1 DAGs
[2025-02-21T02:14:58.400+0000] {logging_mixin.py:188} INFO - [2025-02-21T02:14:58.400+0000] {dag.py:3823} INFO - Setting next_dagrun for tutorial_objectstorage to None, run_after=None
[2025-02-21T02:14:58.481+0000] {processor.py:183} INFO - Processing /home/airflow/.local/lib/python3.8/site-packages/airflow/example_dags/tutorial_objectstorage.py took 0.437 seconds
[2025-02-21T02:18:37.121+0000] {processor.py:161} INFO - Started process (PID=3930) to work on /home/airflow/.local/lib/python3.8/site-packages/airflow/example_dags/tutorial_objectstorage.py
[2025-02-21T02:18:37.123+0000] {processor.py:830} INFO - Processing file /home/airflow/.local/lib/python3.8/site-packages/airflow/example_dags/tutorial_objectstorage.py for tasks to queue
[2025-02-21T02:18:37.126+0000] {logging_mixin.py:188} INFO - [2025-02-21T02:18:37.126+0000] {dagbag.py:538} INFO - Filling up the DagBag from /home/airflow/.local/lib/python3.8/site-packages/airflow/example_dags/tutorial_objectstorage.py
[2025-02-21T02:18:37.138+0000] {processor.py:840} INFO - DAG(s) 'tutorial_objectstorage' retrieved from /home/airflow/.local/lib/python3.8/site-packages/airflow/example_dags/tutorial_objectstorage.py
[2025-02-21T02:18:37.167+0000] {logging_mixin.py:188} INFO - [2025-02-21T02:18:37.167+0000] {dag.py:3036} INFO - Sync 1 DAGs
[2025-02-21T02:18:37.295+0000] {logging_mixin.py:188} INFO - [2025-02-21T02:18:37.294+0000] {dag.py:3823} INFO - Setting next_dagrun for tutorial_objectstorage to None, run_after=None
[2025-02-21T02:18:37.353+0000] {processor.py:183} INFO - Processing /home/airflow/.local/lib/python3.8/site-packages/airflow/example_dags/tutorial_objectstorage.py took 0.238 seconds
[2025-02-21T02:19:08.281+0000] {processor.py:161} INFO - Started process (PID=3988) to work on /home/airflow/.local/lib/python3.8/site-packages/airflow/example_dags/tutorial_objectstorage.py
[2025-02-21T02:19:08.284+0000] {processor.py:830} INFO - Processing file /home/airflow/.local/lib/python3.8/site-packages/airflow/example_dags/tutorial_objectstorage.py for tasks to queue
[2025-02-21T02:19:08.288+0000] {logging_mixin.py:188} INFO - [2025-02-21T02:19:08.287+0000] {dagbag.py:538} INFO - Filling up the DagBag from /home/airflow/.local/lib/python3.8/site-packages/airflow/example_dags/tutorial_objectstorage.py
[2025-02-21T02:19:08.301+0000] {processor.py:840} INFO - DAG(s) 'tutorial_objectstorage' retrieved from /home/airflow/.local/lib/python3.8/site-packages/airflow/example_dags/tutorial_objectstorage.py
[2025-02-21T02:19:08.336+0000] {logging_mixin.py:188} INFO - [2025-02-21T02:19:08.336+0000] {dag.py:3036} INFO - Sync 1 DAGs
[2025-02-21T02:19:08.354+0000] {logging_mixin.py:188} INFO - [2025-02-21T02:19:08.354+0000] {dag.py:3823} INFO - Setting next_dagrun for tutorial_objectstorage to None, run_after=None
[2025-02-21T02:19:08.382+0000] {processor.py:183} INFO - Processing /home/airflow/.local/lib/python3.8/site-packages/airflow/example_dags/tutorial_objectstorage.py took 0.107 seconds
[2025-02-21T04:18:28.834+0000] {processor.py:161} INFO - Started process (PID=4053) to work on /home/airflow/.local/lib/python3.8/site-packages/airflow/example_dags/tutorial_objectstorage.py
[2025-02-21T04:18:28.846+0000] {processor.py:830} INFO - Processing file /home/airflow/.local/lib/python3.8/site-packages/airflow/example_dags/tutorial_objectstorage.py for tasks to queue
[2025-02-21T04:18:28.851+0000] {logging_mixin.py:188} INFO - [2025-02-21T04:18:28.850+0000] {dagbag.py:538} INFO - Filling up the DagBag from /home/airflow/.local/lib/python3.8/site-packages/airflow/example_dags/tutorial_objectstorage.py
[2025-02-21T04:18:28.870+0000] {processor.py:840} INFO - DAG(s) 'tutorial_objectstorage' retrieved from /home/airflow/.local/lib/python3.8/site-packages/airflow/example_dags/tutorial_objectstorage.py
[2025-02-21T04:18:29.057+0000] {logging_mixin.py:188} INFO - [2025-02-21T04:18:29.055+0000] {dag.py:3036} INFO - Sync 1 DAGs
[2025-02-21T04:18:29.102+0000] {logging_mixin.py:188} INFO - [2025-02-21T04:18:29.102+0000] {dag.py:3823} INFO - Setting next_dagrun for tutorial_objectstorage to None, run_after=None
[2025-02-21T04:18:29.238+0000] {processor.py:183} INFO - Processing /home/airflow/.local/lib/python3.8/site-packages/airflow/example_dags/tutorial_objectstorage.py took 0.410 seconds
