[2025-03-03T19:40:45.929+0000] {local_task_job_runner.py:123} INFO - ::group::Pre task execution logs
[2025-03-03T19:40:45.981+0000] {taskinstance.py:2614} INFO - Dependencies all met for dep_context=non-requeueable deps ti=<TaskInstance: dvc_pipeline_V2.stop_pipeline manual__2025-03-03T19:36:03.500230+00:00 [queued]>
[2025-03-03T19:40:46.005+0000] {taskinstance.py:2614} INFO - Dependencies all met for dep_context=requeueable deps ti=<TaskInstance: dvc_pipeline_V2.stop_pipeline manual__2025-03-03T19:36:03.500230+00:00 [queued]>
[2025-03-03T19:40:46.006+0000] {taskinstance.py:2867} INFO - Starting attempt 1 of 1
[2025-03-03T19:40:46.031+0000] {taskinstance.py:2890} INFO - Executing <Task(BashOperator): stop_pipeline> on 2025-03-03 19:36:03.500230+00:00
[2025-03-03T19:40:46.046+0000] {warnings.py:112} WARNING - /home/***/.local/lib/python3.12/site-packages/***/task/task_runner/standard_task_runner.py:70: DeprecationWarning: This process (pid=132) is multi-threaded, use of fork() may lead to deadlocks in the child.
  pid = os.fork()

[2025-03-03T19:40:46.049+0000] {standard_task_runner.py:72} INFO - Started process 134 to run task
[2025-03-03T19:40:46.053+0000] {standard_task_runner.py:104} INFO - Running: ['***', 'tasks', 'run', 'dvc_pipeline_V2', 'stop_pipeline', 'manual__2025-03-03T19:36:03.500230+00:00', '--job-id', '160', '--raw', '--subdir', 'DAGS_FOLDER/new_dag.py', '--cfg-path', '/tmp/tmp7rv38z0z']
[2025-03-03T19:40:46.055+0000] {standard_task_runner.py:105} INFO - Job 160: Subtask stop_pipeline
[2025-03-03T19:40:46.077+0000] {warnings.py:112} WARNING - /home/***/.local/lib/python3.12/site-packages/***/settings.py:209: DeprecationWarning: The sql_alchemy_conn option in [core] has been moved to the sql_alchemy_conn option in [database] - the old setting has been used, but please update your config.
  SQL_ALCHEMY_CONN = conf.get("database", "SQL_ALCHEMY_CONN")

[2025-03-03T19:40:46.154+0000] {task_command.py:467} INFO - Running <TaskInstance: dvc_pipeline_V2.stop_pipeline manual__2025-03-03T19:36:03.500230+00:00 [running]> on host a44fb8bff385
[2025-03-03T19:40:46.846+0000] {taskinstance.py:3134} INFO - Exporting env vars: AIRFLOW_CTX_DAG_OWNER='***' AIRFLOW_CTX_DAG_ID='dvc_pipeline_V2' AIRFLOW_CTX_TASK_ID='stop_pipeline' AIRFLOW_CTX_EXECUTION_DATE='2025-03-03T19:36:03.500230+00:00' AIRFLOW_CTX_TRY_NUMBER='1' AIRFLOW_CTX_DAG_RUN_ID='manual__2025-03-03T19:36:03.500230+00:00'
[2025-03-03T19:40:46.848+0000] {logging_mixin.py:190} INFO - Task instance is in running state
[2025-03-03T19:40:46.850+0000] {logging_mixin.py:190} INFO -  Previous state of the Task instance: queued
[2025-03-03T19:40:46.851+0000] {logging_mixin.py:190} INFO - Current task name:stop_pipeline state:running start_date:2025-03-03 19:40:45.981811+00:00
[2025-03-03T19:40:46.852+0000] {logging_mixin.py:190} INFO - Dag name:dvc_pipeline_V2 and current dag run status:running
[2025-03-03T19:40:46.853+0000] {taskinstance.py:732} INFO - ::endgroup::
[2025-03-03T19:40:46.854+0000] {subprocess.py:78} INFO - Tmp dir root location: /tmp
[2025-03-03T19:40:46.855+0000] {subprocess.py:88} INFO - Running command: ['/usr/bin/bash', '-c', "echo 'Model training not required. Stopping pipeline.'"]
[2025-03-03T19:40:46.907+0000] {subprocess.py:99} INFO - Output:
[2025-03-03T19:40:46.949+0000] {subprocess.py:106} INFO - Model training not required. Stopping pipeline.
[2025-03-03T19:40:46.955+0000] {subprocess.py:110} INFO - Command exited with return code 0
[2025-03-03T19:40:47.064+0000] {taskinstance.py:341} INFO - ::group::Post task execution logs
[2025-03-03T19:40:47.070+0000] {taskinstance.py:353} INFO - Marking task as SUCCESS. dag_id=dvc_pipeline_V2, task_id=stop_pipeline, run_id=manual__2025-03-03T19:36:03.500230+00:00, execution_date=20250303T193603, start_date=20250303T194045, end_date=20250303T194047
[2025-03-03T19:40:47.705+0000] {logging_mixin.py:190} INFO - Task instance in success state
[2025-03-03T19:40:47.705+0000] {logging_mixin.py:190} INFO -  Previous state of the Task instance: running
[2025-03-03T19:40:47.706+0000] {logging_mixin.py:190} INFO - Dag name:dvc_pipeline_V2 queued_at:2025-03-03 19:36:03.553108+00:00
[2025-03-03T19:40:47.707+0000] {logging_mixin.py:190} INFO - Task hostname:a44fb8bff385 operator:BashOperator
[2025-03-03T19:40:47.813+0000] {local_task_job_runner.py:266} INFO - Task exited with return code 0
[2025-03-03T19:40:47.880+0000] {taskinstance.py:3901} INFO - 0 downstream tasks scheduled from follow-on schedule check
[2025-03-03T19:40:47.884+0000] {local_task_job_runner.py:245} INFO - ::endgroup::
