[2025-03-03T19:44:47.459+0000] {local_task_job_runner.py:123} INFO - ::group::Pre task execution logs
[2025-03-03T19:44:47.495+0000] {taskinstance.py:2614} INFO - Dependencies all met for dep_context=non-requeueable deps ti=<TaskInstance: dvc_pipeline_V2.check_model_performance manual__2025-03-03T19:40:59.952486+00:00 [queued]>
[2025-03-03T19:44:47.516+0000] {taskinstance.py:2614} INFO - Dependencies all met for dep_context=requeueable deps ti=<TaskInstance: dvc_pipeline_V2.check_model_performance manual__2025-03-03T19:40:59.952486+00:00 [queued]>
[2025-03-03T19:44:47.517+0000] {taskinstance.py:2867} INFO - Starting attempt 1 of 1
[2025-03-03T19:44:47.539+0000] {taskinstance.py:2890} INFO - Executing <Task(BranchPythonOperator): check_model_performance> on 2025-03-03 19:40:59.952486+00:00
[2025-03-03T19:44:47.554+0000] {warnings.py:112} WARNING - /home/***/.local/lib/python3.12/site-packages/***/task/task_runner/standard_task_runner.py:70: DeprecationWarning: This process (pid=175) is multi-threaded, use of fork() may lead to deadlocks in the child.
  pid = os.fork()

[2025-03-03T19:44:47.557+0000] {standard_task_runner.py:72} INFO - Started process 177 to run task
[2025-03-03T19:44:47.558+0000] {standard_task_runner.py:104} INFO - Running: ['***', 'tasks', 'run', 'dvc_pipeline_V2', 'check_model_performance', 'manual__2025-03-03T19:40:59.952486+00:00', '--job-id', '166', '--raw', '--subdir', 'DAGS_FOLDER/new_dag.py', '--cfg-path', '/tmp/tmpkqkcp555']
[2025-03-03T19:44:47.559+0000] {standard_task_runner.py:105} INFO - Job 166: Subtask check_model_performance
[2025-03-03T19:44:47.576+0000] {warnings.py:112} WARNING - /home/***/.local/lib/python3.12/site-packages/***/settings.py:209: DeprecationWarning: The sql_alchemy_conn option in [core] has been moved to the sql_alchemy_conn option in [database] - the old setting has been used, but please update your config.
  SQL_ALCHEMY_CONN = conf.get("database", "SQL_ALCHEMY_CONN")

[2025-03-03T19:44:47.630+0000] {task_command.py:467} INFO - Running <TaskInstance: dvc_pipeline_V2.check_model_performance manual__2025-03-03T19:40:59.952486+00:00 [running]> on host a44fb8bff385
[2025-03-03T19:44:48.075+0000] {taskinstance.py:3134} INFO - Exporting env vars: AIRFLOW_CTX_DAG_OWNER='***' AIRFLOW_CTX_DAG_ID='dvc_pipeline_V2' AIRFLOW_CTX_TASK_ID='check_model_performance' AIRFLOW_CTX_EXECUTION_DATE='2025-03-03T19:40:59.952486+00:00' AIRFLOW_CTX_TRY_NUMBER='1' AIRFLOW_CTX_DAG_RUN_ID='manual__2025-03-03T19:40:59.952486+00:00'
[2025-03-03T19:44:48.077+0000] {logging_mixin.py:190} INFO - Task instance is in running state
[2025-03-03T19:44:48.077+0000] {logging_mixin.py:190} INFO -  Previous state of the Task instance: queued
[2025-03-03T19:44:48.078+0000] {logging_mixin.py:190} INFO - Current task name:check_model_performance state:running start_date:2025-03-03 19:44:47.498319+00:00
[2025-03-03T19:44:48.078+0000] {logging_mixin.py:190} INFO - Dag name:dvc_pipeline_V2 and current dag run status:running
[2025-03-03T19:44:48.078+0000] {taskinstance.py:732} INFO - ::endgroup::
[2025-03-03T19:44:48.079+0000] {baseoperator.py:423} WARNING - BranchPythonOperator.execute cannot be called outside TaskInstance!
[2025-03-03T19:44:48.081+0000] {python.py:240} INFO - Done. Returned value was: stop_pipeline
[2025-03-03T19:44:48.082+0000] {branch.py:38} INFO - Branch into stop_pipeline
[2025-03-03T19:44:48.083+0000] {skipmixin.py:233} INFO - Following branch ('stop_pipeline',)
[2025-03-03T19:44:48.100+0000] {skipmixin.py:281} INFO - Skipping tasks [('splitting', -1)]
[2025-03-03T19:44:48.150+0000] {taskinstance.py:341} INFO - ::group::Post task execution logs
[2025-03-03T19:44:48.151+0000] {taskinstance.py:353} INFO - Marking task as SUCCESS. dag_id=dvc_pipeline_V2, task_id=check_model_performance, run_id=manual__2025-03-03T19:40:59.952486+00:00, execution_date=20250303T194059, start_date=20250303T194447, end_date=20250303T194448
[2025-03-03T19:44:48.184+0000] {logging_mixin.py:190} INFO - Task instance in success state
[2025-03-03T19:44:48.186+0000] {logging_mixin.py:190} INFO -  Previous state of the Task instance: running
[2025-03-03T19:44:48.187+0000] {logging_mixin.py:190} INFO - Dag name:dvc_pipeline_V2 queued_at:2025-03-03 19:41:00.475610+00:00
[2025-03-03T19:44:48.189+0000] {logging_mixin.py:190} INFO - Task hostname:a44fb8bff385 operator:BranchPythonOperator
[2025-03-03T19:44:48.234+0000] {local_task_job_runner.py:266} INFO - Task exited with return code 0
[2025-03-03T19:44:48.281+0000] {taskinstance.py:3901} INFO - 1 downstream tasks scheduled from follow-on schedule check
[2025-03-03T19:44:48.288+0000] {local_task_job_runner.py:245} INFO - ::endgroup::
