[2025-03-03T20:00:57.974+0000] {local_task_job_runner.py:123} INFO - ::group::Pre task execution logs
[2025-03-03T20:00:58.389+0000] {taskinstance.py:2614} INFO - Dependencies all met for dep_context=non-requeueable deps ti=<TaskInstance: dvc_pipeline_V2.performance_drift_monitoring manual__2025-03-03T19:56:08.342978+00:00 [queued]>
[2025-03-03T20:00:58.533+0000] {taskinstance.py:2614} INFO - Dependencies all met for dep_context=requeueable deps ti=<TaskInstance: dvc_pipeline_V2.performance_drift_monitoring manual__2025-03-03T19:56:08.342978+00:00 [queued]>
[2025-03-03T20:00:58.540+0000] {taskinstance.py:2867} INFO - Starting attempt 1 of 1
[2025-03-03T20:00:58.794+0000] {taskinstance.py:2890} INFO - Executing <Task(BashOperator): performance_drift_monitoring> on 2025-03-03 19:56:08.342978+00:00
[2025-03-03T20:00:58.878+0000] {warnings.py:112} WARNING - /home/***/.local/lib/python3.12/site-packages/***/task/task_runner/standard_task_runner.py:70: DeprecationWarning: This process (pid=210) is multi-threaded, use of fork() may lead to deadlocks in the child.
  pid = os.fork()

[2025-03-03T20:00:59.093+0000] {standard_task_runner.py:72} INFO - Started process 212 to run task
[2025-03-03T20:00:59.275+0000] {standard_task_runner.py:104} INFO - Running: ['***', 'tasks', 'run', 'dvc_pipeline_V2', 'performance_drift_monitoring', 'manual__2025-03-03T19:56:08.342978+00:00', '--job-id', '172', '--raw', '--subdir', 'DAGS_FOLDER/new_dag.py', '--cfg-path', '/tmp/tmpyyx59pav']
[2025-03-03T20:00:59.361+0000] {standard_task_runner.py:105} INFO - Job 172: Subtask performance_drift_monitoring
[2025-03-03T20:00:59.594+0000] {warnings.py:112} WARNING - /home/***/.local/lib/python3.12/site-packages/***/settings.py:209: DeprecationWarning: The sql_alchemy_conn option in [core] has been moved to the sql_alchemy_conn option in [database] - the old setting has been used, but please update your config.
  SQL_ALCHEMY_CONN = conf.get("database", "SQL_ALCHEMY_CONN")

[2025-03-03T20:01:01.608+0000] {task_command.py:467} INFO - Running <TaskInstance: dvc_pipeline_V2.performance_drift_monitoring manual__2025-03-03T19:56:08.342978+00:00 [running]> on host a44fb8bff385
[2025-03-03T20:01:08.899+0000] {taskinstance.py:3134} INFO - Exporting env vars: AIRFLOW_CTX_DAG_OWNER='***' AIRFLOW_CTX_DAG_ID='dvc_pipeline_V2' AIRFLOW_CTX_TASK_ID='performance_drift_monitoring' AIRFLOW_CTX_EXECUTION_DATE='2025-03-03T19:56:08.342978+00:00' AIRFLOW_CTX_TRY_NUMBER='1' AIRFLOW_CTX_DAG_RUN_ID='manual__2025-03-03T19:56:08.342978+00:00'
[2025-03-03T20:01:08.949+0000] {logging_mixin.py:190} INFO - Task instance is in running state
[2025-03-03T20:01:09.000+0000] {logging_mixin.py:190} INFO -  Previous state of the Task instance: queued
[2025-03-03T20:01:09.008+0000] {logging_mixin.py:190} INFO - Current task name:performance_drift_monitoring state:running start_date:2025-03-03 20:00:58.391860+00:00
[2025-03-03T20:01:09.032+0000] {logging_mixin.py:190} INFO - Dag name:dvc_pipeline_V2 and current dag run status:running
[2025-03-03T20:01:09.058+0000] {taskinstance.py:732} INFO - ::endgroup::
[2025-03-03T20:01:09.091+0000] {subprocess.py:78} INFO - Tmp dir root location: /tmp
[2025-03-03T20:01:09.116+0000] {subprocess.py:88} INFO - Running command: ['/usr/bin/bash', '-c', 'python /opt/***/src/data/performance_drift_monitoring.py']
[2025-03-03T20:01:09.379+0000] {subprocess.py:99} INFO - Output:
[2025-03-03T20:20:52.021+0000] {local_task_job_runner.py:127} ERROR - Received SIGTERM. Terminating subprocesses
[2025-03-03T20:20:54.556+0000] {process_utils.py:132} INFO - Sending 15 to group 212. PIDs of all processes in the group: [214, 212]
[2025-03-03T20:20:54.690+0000] {process_utils.py:87} INFO - Sending the signal 15 to group 212
[2025-03-03T20:20:55.476+0000] {taskinstance.py:3094} ERROR - Received SIGTERM. Terminating subprocesses.
