[2025-02-11T11:28:40.562+0000] {processor.py:161} INFO - Started process (PID=123) to work on /home/airflow/.local/lib/python3.8/site-packages/airflow/example_dags/example_branch_datetime_operator.py
[2025-02-11T11:28:40.566+0000] {processor.py:830} INFO - Processing file /home/airflow/.local/lib/python3.8/site-packages/airflow/example_dags/example_branch_datetime_operator.py for tasks to queue
[2025-02-11T11:28:40.572+0000] {logging_mixin.py:188} INFO - [2025-02-11T11:28:40.571+0000] {dagbag.py:538} INFO - Filling up the DagBag from /home/airflow/.local/lib/python3.8/site-packages/airflow/example_dags/example_branch_datetime_operator.py
[2025-02-11T11:28:40.607+0000] {processor.py:840} INFO - DAG(s) 'example_branch_datetime_operator', 'example_branch_datetime_operator_2', 'example_branch_datetime_operator_3' retrieved from /home/airflow/.local/lib/python3.8/site-packages/airflow/example_dags/example_branch_datetime_operator.py
[2025-02-11T11:28:40.670+0000] {logging_mixin.py:188} INFO - [2025-02-11T11:28:40.669+0000] {dag.py:3036} INFO - Sync 3 DAGs
[2025-02-11T11:28:40.784+0000] {logging_mixin.py:188} INFO - [2025-02-11T11:28:40.783+0000] {dag.py:3823} INFO - Setting next_dagrun for example_branch_datetime_operator to 2025-02-10 00:00:00+00:00, run_after=2025-02-11 00:00:00+00:00
[2025-02-11T11:28:40.797+0000] {logging_mixin.py:188} INFO - [2025-02-11T11:28:40.796+0000] {dag.py:3823} INFO - Setting next_dagrun for example_branch_datetime_operator_2 to 2025-02-10 00:00:00+00:00, run_after=2025-02-11 00:00:00+00:00
[2025-02-11T11:28:40.803+0000] {logging_mixin.py:188} INFO - [2025-02-11T11:28:40.802+0000] {dag.py:3823} INFO - Setting next_dagrun for example_branch_datetime_operator_3 to 2025-02-10 00:00:00+00:00, run_after=2025-02-11 00:00:00+00:00
[2025-02-11T11:28:40.831+0000] {processor.py:183} INFO - Processing /home/airflow/.local/lib/python3.8/site-packages/airflow/example_dags/example_branch_datetime_operator.py took 0.275 seconds
[2025-02-11T11:29:11.522+0000] {processor.py:161} INFO - Started process (PID=187) to work on /home/airflow/.local/lib/python3.8/site-packages/airflow/example_dags/example_branch_datetime_operator.py
[2025-02-11T11:29:11.524+0000] {processor.py:830} INFO - Processing file /home/airflow/.local/lib/python3.8/site-packages/airflow/example_dags/example_branch_datetime_operator.py for tasks to queue
[2025-02-11T11:29:11.527+0000] {logging_mixin.py:188} INFO - [2025-02-11T11:29:11.527+0000] {dagbag.py:538} INFO - Filling up the DagBag from /home/airflow/.local/lib/python3.8/site-packages/airflow/example_dags/example_branch_datetime_operator.py
[2025-02-11T11:29:11.545+0000] {processor.py:840} INFO - DAG(s) 'example_branch_datetime_operator_2', 'example_branch_datetime_operator', 'example_branch_datetime_operator_3' retrieved from /home/airflow/.local/lib/python3.8/site-packages/airflow/example_dags/example_branch_datetime_operator.py
[2025-02-11T11:29:11.589+0000] {logging_mixin.py:188} INFO - [2025-02-11T11:29:11.589+0000] {dag.py:3036} INFO - Sync 3 DAGs
[2025-02-11T11:29:11.628+0000] {logging_mixin.py:188} INFO - [2025-02-11T11:29:11.628+0000] {dag.py:3823} INFO - Setting next_dagrun for example_branch_datetime_operator to 2025-02-10 00:00:00+00:00, run_after=2025-02-11 00:00:00+00:00
[2025-02-11T11:29:11.637+0000] {logging_mixin.py:188} INFO - [2025-02-11T11:29:11.637+0000] {dag.py:3823} INFO - Setting next_dagrun for example_branch_datetime_operator_2 to 2025-02-10 00:00:00+00:00, run_after=2025-02-11 00:00:00+00:00
[2025-02-11T11:29:11.642+0000] {logging_mixin.py:188} INFO - [2025-02-11T11:29:11.642+0000] {dag.py:3823} INFO - Setting next_dagrun for example_branch_datetime_operator_3 to 2025-02-10 00:00:00+00:00, run_after=2025-02-11 00:00:00+00:00
[2025-02-11T11:29:11.706+0000] {processor.py:183} INFO - Processing /home/airflow/.local/lib/python3.8/site-packages/airflow/example_dags/example_branch_datetime_operator.py took 0.189 seconds
[2025-02-11T11:29:41.778+0000] {processor.py:161} INFO - Started process (PID=251) to work on /home/airflow/.local/lib/python3.8/site-packages/airflow/example_dags/example_branch_datetime_operator.py
[2025-02-11T11:29:41.782+0000] {processor.py:830} INFO - Processing file /home/airflow/.local/lib/python3.8/site-packages/airflow/example_dags/example_branch_datetime_operator.py for tasks to queue
[2025-02-11T11:29:41.785+0000] {logging_mixin.py:188} INFO - [2025-02-11T11:29:41.785+0000] {dagbag.py:538} INFO - Filling up the DagBag from /home/airflow/.local/lib/python3.8/site-packages/airflow/example_dags/example_branch_datetime_operator.py
[2025-02-11T11:29:41.805+0000] {processor.py:840} INFO - DAG(s) 'example_branch_datetime_operator_2', 'example_branch_datetime_operator_3', 'example_branch_datetime_operator' retrieved from /home/airflow/.local/lib/python3.8/site-packages/airflow/example_dags/example_branch_datetime_operator.py
[2025-02-11T11:29:41.884+0000] {logging_mixin.py:188} INFO - [2025-02-11T11:29:41.883+0000] {dag.py:3036} INFO - Sync 3 DAGs
[2025-02-11T11:29:41.921+0000] {logging_mixin.py:188} INFO - [2025-02-11T11:29:41.920+0000] {dag.py:3823} INFO - Setting next_dagrun for example_branch_datetime_operator to 2025-02-10 00:00:00+00:00, run_after=2025-02-11 00:00:00+00:00
[2025-02-11T11:29:41.930+0000] {logging_mixin.py:188} INFO - [2025-02-11T11:29:41.930+0000] {dag.py:3823} INFO - Setting next_dagrun for example_branch_datetime_operator_2 to 2025-02-10 00:00:00+00:00, run_after=2025-02-11 00:00:00+00:00
[2025-02-11T11:29:41.935+0000] {logging_mixin.py:188} INFO - [2025-02-11T11:29:41.935+0000] {dag.py:3823} INFO - Setting next_dagrun for example_branch_datetime_operator_3 to 2025-02-10 00:00:00+00:00, run_after=2025-02-11 00:00:00+00:00
[2025-02-11T11:29:41.963+0000] {processor.py:183} INFO - Processing /home/airflow/.local/lib/python3.8/site-packages/airflow/example_dags/example_branch_datetime_operator.py took 0.191 seconds
[2025-02-11T11:30:13.382+0000] {processor.py:161} INFO - Started process (PID=315) to work on /home/airflow/.local/lib/python3.8/site-packages/airflow/example_dags/example_branch_datetime_operator.py
[2025-02-11T11:30:13.418+0000] {processor.py:830} INFO - Processing file /home/airflow/.local/lib/python3.8/site-packages/airflow/example_dags/example_branch_datetime_operator.py for tasks to queue
[2025-02-11T11:30:13.431+0000] {logging_mixin.py:188} INFO - [2025-02-11T11:30:13.430+0000] {dagbag.py:538} INFO - Filling up the DagBag from /home/airflow/.local/lib/python3.8/site-packages/airflow/example_dags/example_branch_datetime_operator.py
[2025-02-11T11:30:13.519+0000] {processor.py:840} INFO - DAG(s) 'example_branch_datetime_operator_3', 'example_branch_datetime_operator_2', 'example_branch_datetime_operator' retrieved from /home/airflow/.local/lib/python3.8/site-packages/airflow/example_dags/example_branch_datetime_operator.py
[2025-02-11T11:30:13.670+0000] {logging_mixin.py:188} INFO - [2025-02-11T11:30:13.670+0000] {dag.py:3036} INFO - Sync 3 DAGs
[2025-02-11T11:30:13.770+0000] {logging_mixin.py:188} INFO - [2025-02-11T11:30:13.769+0000] {dag.py:3823} INFO - Setting next_dagrun for example_branch_datetime_operator to 2025-02-10 00:00:00+00:00, run_after=2025-02-11 00:00:00+00:00
[2025-02-11T11:30:13.807+0000] {logging_mixin.py:188} INFO - [2025-02-11T11:30:13.806+0000] {dag.py:3823} INFO - Setting next_dagrun for example_branch_datetime_operator_2 to 2025-02-10 00:00:00+00:00, run_after=2025-02-11 00:00:00+00:00
[2025-02-11T11:30:13.830+0000] {logging_mixin.py:188} INFO - [2025-02-11T11:30:13.829+0000] {dag.py:3823} INFO - Setting next_dagrun for example_branch_datetime_operator_3 to 2025-02-10 00:00:00+00:00, run_after=2025-02-11 00:00:00+00:00
[2025-02-11T11:30:13.913+0000] {processor.py:183} INFO - Processing /home/airflow/.local/lib/python3.8/site-packages/airflow/example_dags/example_branch_datetime_operator.py took 0.540 seconds
[2025-02-11T11:30:44.529+0000] {processor.py:161} INFO - Started process (PID=380) to work on /home/airflow/.local/lib/python3.8/site-packages/airflow/example_dags/example_branch_datetime_operator.py
[2025-02-11T11:30:44.532+0000] {processor.py:830} INFO - Processing file /home/airflow/.local/lib/python3.8/site-packages/airflow/example_dags/example_branch_datetime_operator.py for tasks to queue
[2025-02-11T11:30:44.536+0000] {logging_mixin.py:188} INFO - [2025-02-11T11:30:44.535+0000] {dagbag.py:538} INFO - Filling up the DagBag from /home/airflow/.local/lib/python3.8/site-packages/airflow/example_dags/example_branch_datetime_operator.py
[2025-02-11T11:30:44.559+0000] {processor.py:840} INFO - DAG(s) 'example_branch_datetime_operator_2', 'example_branch_datetime_operator', 'example_branch_datetime_operator_3' retrieved from /home/airflow/.local/lib/python3.8/site-packages/airflow/example_dags/example_branch_datetime_operator.py
[2025-02-11T11:30:44.610+0000] {logging_mixin.py:188} INFO - [2025-02-11T11:30:44.609+0000] {dag.py:3036} INFO - Sync 3 DAGs
[2025-02-11T11:30:44.649+0000] {logging_mixin.py:188} INFO - [2025-02-11T11:30:44.648+0000] {dag.py:3823} INFO - Setting next_dagrun for example_branch_datetime_operator to 2025-02-10 00:00:00+00:00, run_after=2025-02-11 00:00:00+00:00
[2025-02-11T11:30:44.660+0000] {logging_mixin.py:188} INFO - [2025-02-11T11:30:44.660+0000] {dag.py:3823} INFO - Setting next_dagrun for example_branch_datetime_operator_2 to 2025-02-10 00:00:00+00:00, run_after=2025-02-11 00:00:00+00:00
[2025-02-11T11:30:44.664+0000] {logging_mixin.py:188} INFO - [2025-02-11T11:30:44.664+0000] {dag.py:3823} INFO - Setting next_dagrun for example_branch_datetime_operator_3 to 2025-02-10 00:00:00+00:00, run_after=2025-02-11 00:00:00+00:00
[2025-02-11T11:30:44.698+0000] {processor.py:183} INFO - Processing /home/airflow/.local/lib/python3.8/site-packages/airflow/example_dags/example_branch_datetime_operator.py took 0.176 seconds
[2025-02-11T11:31:14.736+0000] {processor.py:161} INFO - Started process (PID=445) to work on /home/airflow/.local/lib/python3.8/site-packages/airflow/example_dags/example_branch_datetime_operator.py
[2025-02-11T11:31:14.739+0000] {processor.py:830} INFO - Processing file /home/airflow/.local/lib/python3.8/site-packages/airflow/example_dags/example_branch_datetime_operator.py for tasks to queue
[2025-02-11T11:31:14.741+0000] {logging_mixin.py:188} INFO - [2025-02-11T11:31:14.741+0000] {dagbag.py:538} INFO - Filling up the DagBag from /home/airflow/.local/lib/python3.8/site-packages/airflow/example_dags/example_branch_datetime_operator.py
[2025-02-11T11:31:14.757+0000] {processor.py:840} INFO - DAG(s) 'example_branch_datetime_operator', 'example_branch_datetime_operator_3', 'example_branch_datetime_operator_2' retrieved from /home/airflow/.local/lib/python3.8/site-packages/airflow/example_dags/example_branch_datetime_operator.py
[2025-02-11T11:31:14.808+0000] {logging_mixin.py:188} INFO - [2025-02-11T11:31:14.807+0000] {dag.py:3036} INFO - Sync 3 DAGs
[2025-02-11T11:31:14.844+0000] {logging_mixin.py:188} INFO - [2025-02-11T11:31:14.844+0000] {dag.py:3823} INFO - Setting next_dagrun for example_branch_datetime_operator to 2025-02-10 00:00:00+00:00, run_after=2025-02-11 00:00:00+00:00
[2025-02-11T11:31:14.852+0000] {logging_mixin.py:188} INFO - [2025-02-11T11:31:14.851+0000] {dag.py:3823} INFO - Setting next_dagrun for example_branch_datetime_operator_2 to 2025-02-10 00:00:00+00:00, run_after=2025-02-11 00:00:00+00:00
[2025-02-11T11:31:14.855+0000] {logging_mixin.py:188} INFO - [2025-02-11T11:31:14.855+0000] {dag.py:3823} INFO - Setting next_dagrun for example_branch_datetime_operator_3 to 2025-02-10 00:00:00+00:00, run_after=2025-02-11 00:00:00+00:00
[2025-02-11T11:31:14.875+0000] {processor.py:183} INFO - Processing /home/airflow/.local/lib/python3.8/site-packages/airflow/example_dags/example_branch_datetime_operator.py took 0.144 seconds
[2025-02-11T11:31:45.180+0000] {processor.py:161} INFO - Started process (PID=518) to work on /home/airflow/.local/lib/python3.8/site-packages/airflow/example_dags/example_branch_datetime_operator.py
[2025-02-11T11:31:45.184+0000] {processor.py:830} INFO - Processing file /home/airflow/.local/lib/python3.8/site-packages/airflow/example_dags/example_branch_datetime_operator.py for tasks to queue
[2025-02-11T11:31:45.189+0000] {logging_mixin.py:188} INFO - [2025-02-11T11:31:45.188+0000] {dagbag.py:538} INFO - Filling up the DagBag from /home/airflow/.local/lib/python3.8/site-packages/airflow/example_dags/example_branch_datetime_operator.py
[2025-02-11T11:31:45.220+0000] {processor.py:840} INFO - DAG(s) 'example_branch_datetime_operator', 'example_branch_datetime_operator_2', 'example_branch_datetime_operator_3' retrieved from /home/airflow/.local/lib/python3.8/site-packages/airflow/example_dags/example_branch_datetime_operator.py
[2025-02-11T11:31:45.288+0000] {logging_mixin.py:188} INFO - [2025-02-11T11:31:45.288+0000] {dag.py:3036} INFO - Sync 3 DAGs
[2025-02-11T11:31:45.334+0000] {logging_mixin.py:188} INFO - [2025-02-11T11:31:45.333+0000] {dag.py:3823} INFO - Setting next_dagrun for example_branch_datetime_operator to 2025-02-10 00:00:00+00:00, run_after=2025-02-11 00:00:00+00:00
[2025-02-11T11:31:45.349+0000] {logging_mixin.py:188} INFO - [2025-02-11T11:31:45.348+0000] {dag.py:3823} INFO - Setting next_dagrun for example_branch_datetime_operator_2 to 2025-02-10 00:00:00+00:00, run_after=2025-02-11 00:00:00+00:00
[2025-02-11T11:31:45.355+0000] {logging_mixin.py:188} INFO - [2025-02-11T11:31:45.354+0000] {dag.py:3823} INFO - Setting next_dagrun for example_branch_datetime_operator_3 to 2025-02-10 00:00:00+00:00, run_after=2025-02-11 00:00:00+00:00
[2025-02-11T11:31:45.388+0000] {processor.py:183} INFO - Processing /home/airflow/.local/lib/python3.8/site-packages/airflow/example_dags/example_branch_datetime_operator.py took 0.216 seconds
[2025-02-11T11:32:15.615+0000] {processor.py:161} INFO - Started process (PID=583) to work on /home/airflow/.local/lib/python3.8/site-packages/airflow/example_dags/example_branch_datetime_operator.py
[2025-02-11T11:32:15.617+0000] {processor.py:830} INFO - Processing file /home/airflow/.local/lib/python3.8/site-packages/airflow/example_dags/example_branch_datetime_operator.py for tasks to queue
[2025-02-11T11:32:15.621+0000] {logging_mixin.py:188} INFO - [2025-02-11T11:32:15.621+0000] {dagbag.py:538} INFO - Filling up the DagBag from /home/airflow/.local/lib/python3.8/site-packages/airflow/example_dags/example_branch_datetime_operator.py
[2025-02-11T11:32:15.636+0000] {processor.py:840} INFO - DAG(s) 'example_branch_datetime_operator_3', 'example_branch_datetime_operator_2', 'example_branch_datetime_operator' retrieved from /home/airflow/.local/lib/python3.8/site-packages/airflow/example_dags/example_branch_datetime_operator.py
[2025-02-11T11:32:15.678+0000] {logging_mixin.py:188} INFO - [2025-02-11T11:32:15.678+0000] {dag.py:3036} INFO - Sync 3 DAGs
[2025-02-11T11:32:15.710+0000] {logging_mixin.py:188} INFO - [2025-02-11T11:32:15.710+0000] {dag.py:3823} INFO - Setting next_dagrun for example_branch_datetime_operator to 2025-02-10 00:00:00+00:00, run_after=2025-02-11 00:00:00+00:00
[2025-02-11T11:32:15.717+0000] {logging_mixin.py:188} INFO - [2025-02-11T11:32:15.717+0000] {dag.py:3823} INFO - Setting next_dagrun for example_branch_datetime_operator_2 to 2025-02-10 00:00:00+00:00, run_after=2025-02-11 00:00:00+00:00
[2025-02-11T11:32:15.721+0000] {logging_mixin.py:188} INFO - [2025-02-11T11:32:15.721+0000] {dag.py:3823} INFO - Setting next_dagrun for example_branch_datetime_operator_3 to 2025-02-10 00:00:00+00:00, run_after=2025-02-11 00:00:00+00:00
[2025-02-11T11:32:15.747+0000] {processor.py:183} INFO - Processing /home/airflow/.local/lib/python3.8/site-packages/airflow/example_dags/example_branch_datetime_operator.py took 0.137 seconds
[2025-02-11T11:32:47.094+0000] {processor.py:161} INFO - Started process (PID=647) to work on /home/airflow/.local/lib/python3.8/site-packages/airflow/example_dags/example_branch_datetime_operator.py
[2025-02-11T11:32:47.098+0000] {processor.py:830} INFO - Processing file /home/airflow/.local/lib/python3.8/site-packages/airflow/example_dags/example_branch_datetime_operator.py for tasks to queue
[2025-02-11T11:32:47.101+0000] {logging_mixin.py:188} INFO - [2025-02-11T11:32:47.100+0000] {dagbag.py:538} INFO - Filling up the DagBag from /home/airflow/.local/lib/python3.8/site-packages/airflow/example_dags/example_branch_datetime_operator.py
[2025-02-11T11:32:47.149+0000] {processor.py:840} INFO - DAG(s) 'example_branch_datetime_operator', 'example_branch_datetime_operator_3', 'example_branch_datetime_operator_2' retrieved from /home/airflow/.local/lib/python3.8/site-packages/airflow/example_dags/example_branch_datetime_operator.py
[2025-02-11T11:32:47.319+0000] {logging_mixin.py:188} INFO - [2025-02-11T11:32:47.319+0000] {dag.py:3036} INFO - Sync 3 DAGs
[2025-02-11T11:32:47.416+0000] {logging_mixin.py:188} INFO - [2025-02-11T11:32:47.416+0000] {dag.py:3823} INFO - Setting next_dagrun for example_branch_datetime_operator to 2025-02-10 00:00:00+00:00, run_after=2025-02-11 00:00:00+00:00
[2025-02-11T11:32:47.428+0000] {logging_mixin.py:188} INFO - [2025-02-11T11:32:47.427+0000] {dag.py:3823} INFO - Setting next_dagrun for example_branch_datetime_operator_2 to 2025-02-10 00:00:00+00:00, run_after=2025-02-11 00:00:00+00:00
[2025-02-11T11:32:47.436+0000] {logging_mixin.py:188} INFO - [2025-02-11T11:32:47.435+0000] {dag.py:3823} INFO - Setting next_dagrun for example_branch_datetime_operator_3 to 2025-02-10 00:00:00+00:00, run_after=2025-02-11 00:00:00+00:00
[2025-02-11T11:32:47.477+0000] {processor.py:183} INFO - Processing /home/airflow/.local/lib/python3.8/site-packages/airflow/example_dags/example_branch_datetime_operator.py took 0.389 seconds
[2025-02-11T11:33:18.124+0000] {processor.py:161} INFO - Started process (PID=720) to work on /home/airflow/.local/lib/python3.8/site-packages/airflow/example_dags/example_branch_datetime_operator.py
[2025-02-11T11:33:18.126+0000] {processor.py:830} INFO - Processing file /home/airflow/.local/lib/python3.8/site-packages/airflow/example_dags/example_branch_datetime_operator.py for tasks to queue
[2025-02-11T11:33:18.132+0000] {logging_mixin.py:188} INFO - [2025-02-11T11:33:18.131+0000] {dagbag.py:538} INFO - Filling up the DagBag from /home/airflow/.local/lib/python3.8/site-packages/airflow/example_dags/example_branch_datetime_operator.py
[2025-02-11T11:33:18.170+0000] {processor.py:840} INFO - DAG(s) 'example_branch_datetime_operator_3', 'example_branch_datetime_operator', 'example_branch_datetime_operator_2' retrieved from /home/airflow/.local/lib/python3.8/site-packages/airflow/example_dags/example_branch_datetime_operator.py
[2025-02-11T11:33:18.230+0000] {logging_mixin.py:188} INFO - [2025-02-11T11:33:18.230+0000] {dag.py:3036} INFO - Sync 3 DAGs
[2025-02-11T11:33:18.272+0000] {logging_mixin.py:188} INFO - [2025-02-11T11:33:18.272+0000] {dag.py:3823} INFO - Setting next_dagrun for example_branch_datetime_operator to 2025-02-10 00:00:00+00:00, run_after=2025-02-11 00:00:00+00:00
[2025-02-11T11:33:18.283+0000] {logging_mixin.py:188} INFO - [2025-02-11T11:33:18.283+0000] {dag.py:3823} INFO - Setting next_dagrun for example_branch_datetime_operator_2 to 2025-02-10 00:00:00+00:00, run_after=2025-02-11 00:00:00+00:00
[2025-02-11T11:33:18.288+0000] {logging_mixin.py:188} INFO - [2025-02-11T11:33:18.287+0000] {dag.py:3823} INFO - Setting next_dagrun for example_branch_datetime_operator_3 to 2025-02-10 00:00:00+00:00, run_after=2025-02-11 00:00:00+00:00
[2025-02-11T11:33:18.323+0000] {processor.py:183} INFO - Processing /home/airflow/.local/lib/python3.8/site-packages/airflow/example_dags/example_branch_datetime_operator.py took 0.206 seconds
[2025-02-11T11:33:49.445+0000] {processor.py:161} INFO - Started process (PID=784) to work on /home/airflow/.local/lib/python3.8/site-packages/airflow/example_dags/example_branch_datetime_operator.py
[2025-02-11T11:33:49.447+0000] {processor.py:830} INFO - Processing file /home/airflow/.local/lib/python3.8/site-packages/airflow/example_dags/example_branch_datetime_operator.py for tasks to queue
[2025-02-11T11:33:49.451+0000] {logging_mixin.py:188} INFO - [2025-02-11T11:33:49.450+0000] {dagbag.py:538} INFO - Filling up the DagBag from /home/airflow/.local/lib/python3.8/site-packages/airflow/example_dags/example_branch_datetime_operator.py
[2025-02-11T11:33:49.485+0000] {processor.py:840} INFO - DAG(s) 'example_branch_datetime_operator', 'example_branch_datetime_operator_2', 'example_branch_datetime_operator_3' retrieved from /home/airflow/.local/lib/python3.8/site-packages/airflow/example_dags/example_branch_datetime_operator.py
[2025-02-11T11:33:49.575+0000] {logging_mixin.py:188} INFO - [2025-02-11T11:33:49.574+0000] {dag.py:3036} INFO - Sync 3 DAGs
[2025-02-11T11:33:49.621+0000] {logging_mixin.py:188} INFO - [2025-02-11T11:33:49.620+0000] {dag.py:3823} INFO - Setting next_dagrun for example_branch_datetime_operator to 2025-02-10 00:00:00+00:00, run_after=2025-02-11 00:00:00+00:00
[2025-02-11T11:33:49.629+0000] {logging_mixin.py:188} INFO - [2025-02-11T11:33:49.629+0000] {dag.py:3823} INFO - Setting next_dagrun for example_branch_datetime_operator_2 to 2025-02-10 00:00:00+00:00, run_after=2025-02-11 00:00:00+00:00
[2025-02-11T11:33:49.637+0000] {logging_mixin.py:188} INFO - [2025-02-11T11:33:49.636+0000] {dag.py:3823} INFO - Setting next_dagrun for example_branch_datetime_operator_3 to 2025-02-10 00:00:00+00:00, run_after=2025-02-11 00:00:00+00:00
[2025-02-11T11:33:49.667+0000] {processor.py:183} INFO - Processing /home/airflow/.local/lib/python3.8/site-packages/airflow/example_dags/example_branch_datetime_operator.py took 0.234 seconds
[2025-02-11T11:34:20.468+0000] {processor.py:161} INFO - Started process (PID=848) to work on /home/airflow/.local/lib/python3.8/site-packages/airflow/example_dags/example_branch_datetime_operator.py
[2025-02-11T11:34:20.471+0000] {processor.py:830} INFO - Processing file /home/airflow/.local/lib/python3.8/site-packages/airflow/example_dags/example_branch_datetime_operator.py for tasks to queue
[2025-02-11T11:34:20.475+0000] {logging_mixin.py:188} INFO - [2025-02-11T11:34:20.475+0000] {dagbag.py:538} INFO - Filling up the DagBag from /home/airflow/.local/lib/python3.8/site-packages/airflow/example_dags/example_branch_datetime_operator.py
[2025-02-11T11:34:20.495+0000] {processor.py:840} INFO - DAG(s) 'example_branch_datetime_operator_3', 'example_branch_datetime_operator_2', 'example_branch_datetime_operator' retrieved from /home/airflow/.local/lib/python3.8/site-packages/airflow/example_dags/example_branch_datetime_operator.py
[2025-02-11T11:34:20.555+0000] {logging_mixin.py:188} INFO - [2025-02-11T11:34:20.555+0000] {dag.py:3036} INFO - Sync 3 DAGs
[2025-02-11T11:34:20.592+0000] {logging_mixin.py:188} INFO - [2025-02-11T11:34:20.592+0000] {dag.py:3823} INFO - Setting next_dagrun for example_branch_datetime_operator to 2025-02-10 00:00:00+00:00, run_after=2025-02-11 00:00:00+00:00
[2025-02-11T11:34:20.600+0000] {logging_mixin.py:188} INFO - [2025-02-11T11:34:20.600+0000] {dag.py:3823} INFO - Setting next_dagrun for example_branch_datetime_operator_2 to 2025-02-10 00:00:00+00:00, run_after=2025-02-11 00:00:00+00:00
[2025-02-11T11:34:20.605+0000] {logging_mixin.py:188} INFO - [2025-02-11T11:34:20.605+0000] {dag.py:3823} INFO - Setting next_dagrun for example_branch_datetime_operator_3 to 2025-02-10 00:00:00+00:00, run_after=2025-02-11 00:00:00+00:00
[2025-02-11T11:34:20.641+0000] {processor.py:183} INFO - Processing /home/airflow/.local/lib/python3.8/site-packages/airflow/example_dags/example_branch_datetime_operator.py took 0.179 seconds
[2025-02-11T11:34:50.903+0000] {processor.py:161} INFO - Started process (PID=913) to work on /home/airflow/.local/lib/python3.8/site-packages/airflow/example_dags/example_branch_datetime_operator.py
[2025-02-11T11:34:50.906+0000] {processor.py:830} INFO - Processing file /home/airflow/.local/lib/python3.8/site-packages/airflow/example_dags/example_branch_datetime_operator.py for tasks to queue
[2025-02-11T11:34:50.909+0000] {logging_mixin.py:188} INFO - [2025-02-11T11:34:50.909+0000] {dagbag.py:538} INFO - Filling up the DagBag from /home/airflow/.local/lib/python3.8/site-packages/airflow/example_dags/example_branch_datetime_operator.py
[2025-02-11T11:34:50.927+0000] {processor.py:840} INFO - DAG(s) 'example_branch_datetime_operator_3', 'example_branch_datetime_operator_2', 'example_branch_datetime_operator' retrieved from /home/airflow/.local/lib/python3.8/site-packages/airflow/example_dags/example_branch_datetime_operator.py
[2025-02-11T11:34:50.975+0000] {logging_mixin.py:188} INFO - [2025-02-11T11:34:50.974+0000] {dag.py:3036} INFO - Sync 3 DAGs
[2025-02-11T11:34:51.012+0000] {logging_mixin.py:188} INFO - [2025-02-11T11:34:51.012+0000] {dag.py:3823} INFO - Setting next_dagrun for example_branch_datetime_operator to 2025-02-10 00:00:00+00:00, run_after=2025-02-11 00:00:00+00:00
[2025-02-11T11:34:51.021+0000] {logging_mixin.py:188} INFO - [2025-02-11T11:34:51.020+0000] {dag.py:3823} INFO - Setting next_dagrun for example_branch_datetime_operator_2 to 2025-02-10 00:00:00+00:00, run_after=2025-02-11 00:00:00+00:00
[2025-02-11T11:34:51.027+0000] {logging_mixin.py:188} INFO - [2025-02-11T11:34:51.027+0000] {dag.py:3823} INFO - Setting next_dagrun for example_branch_datetime_operator_3 to 2025-02-10 00:00:00+00:00, run_after=2025-02-11 00:00:00+00:00
[2025-02-11T11:34:51.056+0000] {processor.py:183} INFO - Processing /home/airflow/.local/lib/python3.8/site-packages/airflow/example_dags/example_branch_datetime_operator.py took 0.159 seconds
[2025-02-11T11:35:21.493+0000] {processor.py:161} INFO - Started process (PID=978) to work on /home/airflow/.local/lib/python3.8/site-packages/airflow/example_dags/example_branch_datetime_operator.py
[2025-02-11T11:35:21.499+0000] {processor.py:830} INFO - Processing file /home/airflow/.local/lib/python3.8/site-packages/airflow/example_dags/example_branch_datetime_operator.py for tasks to queue
[2025-02-11T11:35:21.503+0000] {logging_mixin.py:188} INFO - [2025-02-11T11:35:21.502+0000] {dagbag.py:538} INFO - Filling up the DagBag from /home/airflow/.local/lib/python3.8/site-packages/airflow/example_dags/example_branch_datetime_operator.py
[2025-02-11T11:35:21.538+0000] {processor.py:840} INFO - DAG(s) 'example_branch_datetime_operator', 'example_branch_datetime_operator_2', 'example_branch_datetime_operator_3' retrieved from /home/airflow/.local/lib/python3.8/site-packages/airflow/example_dags/example_branch_datetime_operator.py
[2025-02-11T11:35:21.606+0000] {logging_mixin.py:188} INFO - [2025-02-11T11:35:21.605+0000] {dag.py:3036} INFO - Sync 3 DAGs
[2025-02-11T11:35:21.666+0000] {logging_mixin.py:188} INFO - [2025-02-11T11:35:21.665+0000] {dag.py:3823} INFO - Setting next_dagrun for example_branch_datetime_operator to 2025-02-10 00:00:00+00:00, run_after=2025-02-11 00:00:00+00:00
[2025-02-11T11:35:21.676+0000] {logging_mixin.py:188} INFO - [2025-02-11T11:35:21.676+0000] {dag.py:3823} INFO - Setting next_dagrun for example_branch_datetime_operator_2 to 2025-02-10 00:00:00+00:00, run_after=2025-02-11 00:00:00+00:00
[2025-02-11T11:35:21.685+0000] {logging_mixin.py:188} INFO - [2025-02-11T11:35:21.684+0000] {dag.py:3823} INFO - Setting next_dagrun for example_branch_datetime_operator_3 to 2025-02-10 00:00:00+00:00, run_after=2025-02-11 00:00:00+00:00
[2025-02-11T11:35:21.730+0000] {processor.py:183} INFO - Processing /home/airflow/.local/lib/python3.8/site-packages/airflow/example_dags/example_branch_datetime_operator.py took 0.244 seconds
[2025-02-11T11:35:52.085+0000] {processor.py:161} INFO - Started process (PID=1051) to work on /home/airflow/.local/lib/python3.8/site-packages/airflow/example_dags/example_branch_datetime_operator.py
[2025-02-11T11:35:52.090+0000] {processor.py:830} INFO - Processing file /home/airflow/.local/lib/python3.8/site-packages/airflow/example_dags/example_branch_datetime_operator.py for tasks to queue
[2025-02-11T11:35:52.096+0000] {logging_mixin.py:188} INFO - [2025-02-11T11:35:52.095+0000] {dagbag.py:538} INFO - Filling up the DagBag from /home/airflow/.local/lib/python3.8/site-packages/airflow/example_dags/example_branch_datetime_operator.py
[2025-02-11T11:35:52.115+0000] {processor.py:840} INFO - DAG(s) 'example_branch_datetime_operator_3', 'example_branch_datetime_operator_2', 'example_branch_datetime_operator' retrieved from /home/airflow/.local/lib/python3.8/site-packages/airflow/example_dags/example_branch_datetime_operator.py
[2025-02-11T11:35:52.167+0000] {logging_mixin.py:188} INFO - [2025-02-11T11:35:52.166+0000] {dag.py:3036} INFO - Sync 3 DAGs
[2025-02-11T11:35:52.209+0000] {logging_mixin.py:188} INFO - [2025-02-11T11:35:52.209+0000] {dag.py:3823} INFO - Setting next_dagrun for example_branch_datetime_operator to 2025-02-10 00:00:00+00:00, run_after=2025-02-11 00:00:00+00:00
[2025-02-11T11:35:52.220+0000] {logging_mixin.py:188} INFO - [2025-02-11T11:35:52.220+0000] {dag.py:3823} INFO - Setting next_dagrun for example_branch_datetime_operator_2 to 2025-02-10 00:00:00+00:00, run_after=2025-02-11 00:00:00+00:00
[2025-02-11T11:35:52.225+0000] {logging_mixin.py:188} INFO - [2025-02-11T11:35:52.225+0000] {dag.py:3823} INFO - Setting next_dagrun for example_branch_datetime_operator_3 to 2025-02-10 00:00:00+00:00, run_after=2025-02-11 00:00:00+00:00
[2025-02-11T11:35:52.258+0000] {processor.py:183} INFO - Processing /home/airflow/.local/lib/python3.8/site-packages/airflow/example_dags/example_branch_datetime_operator.py took 0.180 seconds
[2025-02-11T11:36:22.434+0000] {processor.py:161} INFO - Started process (PID=1115) to work on /home/airflow/.local/lib/python3.8/site-packages/airflow/example_dags/example_branch_datetime_operator.py
[2025-02-11T11:36:22.436+0000] {processor.py:830} INFO - Processing file /home/airflow/.local/lib/python3.8/site-packages/airflow/example_dags/example_branch_datetime_operator.py for tasks to queue
[2025-02-11T11:36:22.438+0000] {logging_mixin.py:188} INFO - [2025-02-11T11:36:22.438+0000] {dagbag.py:538} INFO - Filling up the DagBag from /home/airflow/.local/lib/python3.8/site-packages/airflow/example_dags/example_branch_datetime_operator.py
[2025-02-11T11:36:22.451+0000] {processor.py:840} INFO - DAG(s) 'example_branch_datetime_operator_2', 'example_branch_datetime_operator_3', 'example_branch_datetime_operator' retrieved from /home/airflow/.local/lib/python3.8/site-packages/airflow/example_dags/example_branch_datetime_operator.py
[2025-02-11T11:36:22.488+0000] {logging_mixin.py:188} INFO - [2025-02-11T11:36:22.488+0000] {dag.py:3036} INFO - Sync 3 DAGs
[2025-02-11T11:36:22.527+0000] {logging_mixin.py:188} INFO - [2025-02-11T11:36:22.526+0000] {dag.py:3823} INFO - Setting next_dagrun for example_branch_datetime_operator to 2025-02-10 00:00:00+00:00, run_after=2025-02-11 00:00:00+00:00
[2025-02-11T11:36:22.537+0000] {logging_mixin.py:188} INFO - [2025-02-11T11:36:22.537+0000] {dag.py:3823} INFO - Setting next_dagrun for example_branch_datetime_operator_2 to 2025-02-10 00:00:00+00:00, run_after=2025-02-11 00:00:00+00:00
[2025-02-11T11:36:22.542+0000] {logging_mixin.py:188} INFO - [2025-02-11T11:36:22.542+0000] {dag.py:3823} INFO - Setting next_dagrun for example_branch_datetime_operator_3 to 2025-02-10 00:00:00+00:00, run_after=2025-02-11 00:00:00+00:00
[2025-02-11T11:36:22.578+0000] {processor.py:183} INFO - Processing /home/airflow/.local/lib/python3.8/site-packages/airflow/example_dags/example_branch_datetime_operator.py took 0.147 seconds
[2025-02-11T11:36:53.239+0000] {processor.py:161} INFO - Started process (PID=1181) to work on /home/airflow/.local/lib/python3.8/site-packages/airflow/example_dags/example_branch_datetime_operator.py
[2025-02-11T11:36:53.240+0000] {processor.py:830} INFO - Processing file /home/airflow/.local/lib/python3.8/site-packages/airflow/example_dags/example_branch_datetime_operator.py for tasks to queue
[2025-02-11T11:36:53.243+0000] {logging_mixin.py:188} INFO - [2025-02-11T11:36:53.243+0000] {dagbag.py:538} INFO - Filling up the DagBag from /home/airflow/.local/lib/python3.8/site-packages/airflow/example_dags/example_branch_datetime_operator.py
[2025-02-11T11:36:53.257+0000] {processor.py:840} INFO - DAG(s) 'example_branch_datetime_operator', 'example_branch_datetime_operator_3', 'example_branch_datetime_operator_2' retrieved from /home/airflow/.local/lib/python3.8/site-packages/airflow/example_dags/example_branch_datetime_operator.py
[2025-02-11T11:36:53.301+0000] {logging_mixin.py:188} INFO - [2025-02-11T11:36:53.300+0000] {dag.py:3036} INFO - Sync 3 DAGs
[2025-02-11T11:36:53.331+0000] {logging_mixin.py:188} INFO - [2025-02-11T11:36:53.331+0000] {dag.py:3823} INFO - Setting next_dagrun for example_branch_datetime_operator to 2025-02-10 00:00:00+00:00, run_after=2025-02-11 00:00:00+00:00
[2025-02-11T11:36:53.338+0000] {logging_mixin.py:188} INFO - [2025-02-11T11:36:53.338+0000] {dag.py:3823} INFO - Setting next_dagrun for example_branch_datetime_operator_2 to 2025-02-10 00:00:00+00:00, run_after=2025-02-11 00:00:00+00:00
[2025-02-11T11:36:53.342+0000] {logging_mixin.py:188} INFO - [2025-02-11T11:36:53.342+0000] {dag.py:3823} INFO - Setting next_dagrun for example_branch_datetime_operator_3 to 2025-02-10 00:00:00+00:00, run_after=2025-02-11 00:00:00+00:00
[2025-02-11T11:36:53.368+0000] {processor.py:183} INFO - Processing /home/airflow/.local/lib/python3.8/site-packages/airflow/example_dags/example_branch_datetime_operator.py took 0.133 seconds
[2025-02-11T11:37:24.057+0000] {processor.py:161} INFO - Started process (PID=1253) to work on /home/airflow/.local/lib/python3.8/site-packages/airflow/example_dags/example_branch_datetime_operator.py
[2025-02-11T11:37:24.058+0000] {processor.py:830} INFO - Processing file /home/airflow/.local/lib/python3.8/site-packages/airflow/example_dags/example_branch_datetime_operator.py for tasks to queue
[2025-02-11T11:37:24.061+0000] {logging_mixin.py:188} INFO - [2025-02-11T11:37:24.061+0000] {dagbag.py:538} INFO - Filling up the DagBag from /home/airflow/.local/lib/python3.8/site-packages/airflow/example_dags/example_branch_datetime_operator.py
[2025-02-11T11:37:24.074+0000] {processor.py:840} INFO - DAG(s) 'example_branch_datetime_operator', 'example_branch_datetime_operator_3', 'example_branch_datetime_operator_2' retrieved from /home/airflow/.local/lib/python3.8/site-packages/airflow/example_dags/example_branch_datetime_operator.py
[2025-02-11T11:37:24.115+0000] {logging_mixin.py:188} INFO - [2025-02-11T11:37:24.115+0000] {dag.py:3036} INFO - Sync 3 DAGs
[2025-02-11T11:37:24.145+0000] {logging_mixin.py:188} INFO - [2025-02-11T11:37:24.144+0000] {dag.py:3823} INFO - Setting next_dagrun for example_branch_datetime_operator to 2025-02-10 00:00:00+00:00, run_after=2025-02-11 00:00:00+00:00
[2025-02-11T11:37:24.152+0000] {logging_mixin.py:188} INFO - [2025-02-11T11:37:24.152+0000] {dag.py:3823} INFO - Setting next_dagrun for example_branch_datetime_operator_2 to 2025-02-10 00:00:00+00:00, run_after=2025-02-11 00:00:00+00:00
[2025-02-11T11:37:24.156+0000] {logging_mixin.py:188} INFO - [2025-02-11T11:37:24.156+0000] {dag.py:3823} INFO - Setting next_dagrun for example_branch_datetime_operator_3 to 2025-02-10 00:00:00+00:00, run_after=2025-02-11 00:00:00+00:00
[2025-02-11T11:37:24.181+0000] {processor.py:183} INFO - Processing /home/airflow/.local/lib/python3.8/site-packages/airflow/example_dags/example_branch_datetime_operator.py took 0.129 seconds
[2025-02-11T11:37:54.392+0000] {processor.py:161} INFO - Started process (PID=1317) to work on /home/airflow/.local/lib/python3.8/site-packages/airflow/example_dags/example_branch_datetime_operator.py
[2025-02-11T11:37:54.393+0000] {processor.py:830} INFO - Processing file /home/airflow/.local/lib/python3.8/site-packages/airflow/example_dags/example_branch_datetime_operator.py for tasks to queue
[2025-02-11T11:37:54.395+0000] {logging_mixin.py:188} INFO - [2025-02-11T11:37:54.395+0000] {dagbag.py:538} INFO - Filling up the DagBag from /home/airflow/.local/lib/python3.8/site-packages/airflow/example_dags/example_branch_datetime_operator.py
[2025-02-11T11:37:54.408+0000] {processor.py:840} INFO - DAG(s) 'example_branch_datetime_operator_2', 'example_branch_datetime_operator', 'example_branch_datetime_operator_3' retrieved from /home/airflow/.local/lib/python3.8/site-packages/airflow/example_dags/example_branch_datetime_operator.py
[2025-02-11T11:37:54.454+0000] {logging_mixin.py:188} INFO - [2025-02-11T11:37:54.453+0000] {dag.py:3036} INFO - Sync 3 DAGs
[2025-02-11T11:37:54.484+0000] {logging_mixin.py:188} INFO - [2025-02-11T11:37:54.483+0000] {dag.py:3823} INFO - Setting next_dagrun for example_branch_datetime_operator to 2025-02-10 00:00:00+00:00, run_after=2025-02-11 00:00:00+00:00
[2025-02-11T11:37:54.490+0000] {logging_mixin.py:188} INFO - [2025-02-11T11:37:54.490+0000] {dag.py:3823} INFO - Setting next_dagrun for example_branch_datetime_operator_2 to 2025-02-10 00:00:00+00:00, run_after=2025-02-11 00:00:00+00:00
[2025-02-11T11:37:54.497+0000] {logging_mixin.py:188} INFO - [2025-02-11T11:37:54.496+0000] {dag.py:3823} INFO - Setting next_dagrun for example_branch_datetime_operator_3 to 2025-02-10 00:00:00+00:00, run_after=2025-02-11 00:00:00+00:00
[2025-02-11T11:37:54.527+0000] {processor.py:183} INFO - Processing /home/airflow/.local/lib/python3.8/site-packages/airflow/example_dags/example_branch_datetime_operator.py took 0.140 seconds
[2025-02-11T11:38:24.693+0000] {processor.py:161} INFO - Started process (PID=1382) to work on /home/airflow/.local/lib/python3.8/site-packages/airflow/example_dags/example_branch_datetime_operator.py
[2025-02-11T11:38:24.694+0000] {processor.py:830} INFO - Processing file /home/airflow/.local/lib/python3.8/site-packages/airflow/example_dags/example_branch_datetime_operator.py for tasks to queue
[2025-02-11T11:38:24.697+0000] {logging_mixin.py:188} INFO - [2025-02-11T11:38:24.697+0000] {dagbag.py:538} INFO - Filling up the DagBag from /home/airflow/.local/lib/python3.8/site-packages/airflow/example_dags/example_branch_datetime_operator.py
[2025-02-11T11:38:24.715+0000] {processor.py:840} INFO - DAG(s) 'example_branch_datetime_operator_2', 'example_branch_datetime_operator_3', 'example_branch_datetime_operator' retrieved from /home/airflow/.local/lib/python3.8/site-packages/airflow/example_dags/example_branch_datetime_operator.py
[2025-02-11T11:38:24.770+0000] {logging_mixin.py:188} INFO - [2025-02-11T11:38:24.769+0000] {dag.py:3036} INFO - Sync 3 DAGs
[2025-02-11T11:38:24.806+0000] {logging_mixin.py:188} INFO - [2025-02-11T11:38:24.805+0000] {dag.py:3823} INFO - Setting next_dagrun for example_branch_datetime_operator to 2025-02-10 00:00:00+00:00, run_after=2025-02-11 00:00:00+00:00
[2025-02-11T11:38:24.814+0000] {logging_mixin.py:188} INFO - [2025-02-11T11:38:24.814+0000] {dag.py:3823} INFO - Setting next_dagrun for example_branch_datetime_operator_2 to 2025-02-10 00:00:00+00:00, run_after=2025-02-11 00:00:00+00:00
[2025-02-11T11:38:24.818+0000] {logging_mixin.py:188} INFO - [2025-02-11T11:38:24.818+0000] {dag.py:3823} INFO - Setting next_dagrun for example_branch_datetime_operator_3 to 2025-02-10 00:00:00+00:00, run_after=2025-02-11 00:00:00+00:00
[2025-02-11T11:38:25.045+0000] {processor.py:183} INFO - Processing /home/airflow/.local/lib/python3.8/site-packages/airflow/example_dags/example_branch_datetime_operator.py took 0.356 seconds
[2025-02-11T11:38:55.480+0000] {processor.py:161} INFO - Started process (PID=1455) to work on /home/airflow/.local/lib/python3.8/site-packages/airflow/example_dags/example_branch_datetime_operator.py
[2025-02-11T11:38:55.482+0000] {processor.py:830} INFO - Processing file /home/airflow/.local/lib/python3.8/site-packages/airflow/example_dags/example_branch_datetime_operator.py for tasks to queue
[2025-02-11T11:38:55.485+0000] {logging_mixin.py:188} INFO - [2025-02-11T11:38:55.485+0000] {dagbag.py:538} INFO - Filling up the DagBag from /home/airflow/.local/lib/python3.8/site-packages/airflow/example_dags/example_branch_datetime_operator.py
[2025-02-11T11:38:55.509+0000] {processor.py:840} INFO - DAG(s) 'example_branch_datetime_operator_2', 'example_branch_datetime_operator_3', 'example_branch_datetime_operator' retrieved from /home/airflow/.local/lib/python3.8/site-packages/airflow/example_dags/example_branch_datetime_operator.py
[2025-02-11T11:38:55.563+0000] {logging_mixin.py:188} INFO - [2025-02-11T11:38:55.563+0000] {dag.py:3036} INFO - Sync 3 DAGs
[2025-02-11T11:38:55.611+0000] {logging_mixin.py:188} INFO - [2025-02-11T11:38:55.610+0000] {dag.py:3823} INFO - Setting next_dagrun for example_branch_datetime_operator to 2025-02-10 00:00:00+00:00, run_after=2025-02-11 00:00:00+00:00
[2025-02-11T11:38:55.619+0000] {logging_mixin.py:188} INFO - [2025-02-11T11:38:55.618+0000] {dag.py:3823} INFO - Setting next_dagrun for example_branch_datetime_operator_2 to 2025-02-10 00:00:00+00:00, run_after=2025-02-11 00:00:00+00:00
[2025-02-11T11:38:55.623+0000] {logging_mixin.py:188} INFO - [2025-02-11T11:38:55.623+0000] {dag.py:3823} INFO - Setting next_dagrun for example_branch_datetime_operator_3 to 2025-02-10 00:00:00+00:00, run_after=2025-02-11 00:00:00+00:00
[2025-02-11T11:38:55.663+0000] {processor.py:183} INFO - Processing /home/airflow/.local/lib/python3.8/site-packages/airflow/example_dags/example_branch_datetime_operator.py took 0.188 seconds
[2025-02-11T11:39:25.884+0000] {processor.py:161} INFO - Started process (PID=1520) to work on /home/airflow/.local/lib/python3.8/site-packages/airflow/example_dags/example_branch_datetime_operator.py
[2025-02-11T11:39:25.889+0000] {processor.py:830} INFO - Processing file /home/airflow/.local/lib/python3.8/site-packages/airflow/example_dags/example_branch_datetime_operator.py for tasks to queue
[2025-02-11T11:39:25.895+0000] {logging_mixin.py:188} INFO - [2025-02-11T11:39:25.894+0000] {dagbag.py:538} INFO - Filling up the DagBag from /home/airflow/.local/lib/python3.8/site-packages/airflow/example_dags/example_branch_datetime_operator.py
[2025-02-11T11:39:25.931+0000] {processor.py:840} INFO - DAG(s) 'example_branch_datetime_operator', 'example_branch_datetime_operator_3', 'example_branch_datetime_operator_2' retrieved from /home/airflow/.local/lib/python3.8/site-packages/airflow/example_dags/example_branch_datetime_operator.py
[2025-02-11T11:39:26.007+0000] {logging_mixin.py:188} INFO - [2025-02-11T11:39:26.007+0000] {dag.py:3036} INFO - Sync 3 DAGs
[2025-02-11T11:39:26.047+0000] {logging_mixin.py:188} INFO - [2025-02-11T11:39:26.047+0000] {dag.py:3823} INFO - Setting next_dagrun for example_branch_datetime_operator to 2025-02-10 00:00:00+00:00, run_after=2025-02-11 00:00:00+00:00
[2025-02-11T11:39:26.055+0000] {logging_mixin.py:188} INFO - [2025-02-11T11:39:26.055+0000] {dag.py:3823} INFO - Setting next_dagrun for example_branch_datetime_operator_2 to 2025-02-10 00:00:00+00:00, run_after=2025-02-11 00:00:00+00:00
[2025-02-11T11:39:26.061+0000] {logging_mixin.py:188} INFO - [2025-02-11T11:39:26.060+0000] {dag.py:3823} INFO - Setting next_dagrun for example_branch_datetime_operator_3 to 2025-02-10 00:00:00+00:00, run_after=2025-02-11 00:00:00+00:00
[2025-02-11T11:39:26.087+0000] {processor.py:183} INFO - Processing /home/airflow/.local/lib/python3.8/site-packages/airflow/example_dags/example_branch_datetime_operator.py took 0.214 seconds
[2025-02-11T11:39:56.617+0000] {processor.py:161} INFO - Started process (PID=1585) to work on /home/airflow/.local/lib/python3.8/site-packages/airflow/example_dags/example_branch_datetime_operator.py
[2025-02-11T11:39:56.619+0000] {processor.py:830} INFO - Processing file /home/airflow/.local/lib/python3.8/site-packages/airflow/example_dags/example_branch_datetime_operator.py for tasks to queue
[2025-02-11T11:39:56.621+0000] {logging_mixin.py:188} INFO - [2025-02-11T11:39:56.621+0000] {dagbag.py:538} INFO - Filling up the DagBag from /home/airflow/.local/lib/python3.8/site-packages/airflow/example_dags/example_branch_datetime_operator.py
[2025-02-11T11:39:56.637+0000] {processor.py:840} INFO - DAG(s) 'example_branch_datetime_operator_3', 'example_branch_datetime_operator_2', 'example_branch_datetime_operator' retrieved from /home/airflow/.local/lib/python3.8/site-packages/airflow/example_dags/example_branch_datetime_operator.py
[2025-02-11T11:39:56.677+0000] {logging_mixin.py:188} INFO - [2025-02-11T11:39:56.676+0000] {dag.py:3036} INFO - Sync 3 DAGs
[2025-02-11T11:39:56.708+0000] {logging_mixin.py:188} INFO - [2025-02-11T11:39:56.708+0000] {dag.py:3823} INFO - Setting next_dagrun for example_branch_datetime_operator to 2025-02-10 00:00:00+00:00, run_after=2025-02-11 00:00:00+00:00
[2025-02-11T11:39:56.717+0000] {logging_mixin.py:188} INFO - [2025-02-11T11:39:56.717+0000] {dag.py:3823} INFO - Setting next_dagrun for example_branch_datetime_operator_2 to 2025-02-10 00:00:00+00:00, run_after=2025-02-11 00:00:00+00:00
[2025-02-11T11:39:56.723+0000] {logging_mixin.py:188} INFO - [2025-02-11T11:39:56.723+0000] {dag.py:3823} INFO - Setting next_dagrun for example_branch_datetime_operator_3 to 2025-02-10 00:00:00+00:00, run_after=2025-02-11 00:00:00+00:00
[2025-02-11T11:39:56.752+0000] {processor.py:183} INFO - Processing /home/airflow/.local/lib/python3.8/site-packages/airflow/example_dags/example_branch_datetime_operator.py took 0.140 seconds
[2025-02-11T11:40:27.238+0000] {processor.py:161} INFO - Started process (PID=1650) to work on /home/airflow/.local/lib/python3.8/site-packages/airflow/example_dags/example_branch_datetime_operator.py
[2025-02-11T11:40:27.239+0000] {processor.py:830} INFO - Processing file /home/airflow/.local/lib/python3.8/site-packages/airflow/example_dags/example_branch_datetime_operator.py for tasks to queue
[2025-02-11T11:40:27.242+0000] {logging_mixin.py:188} INFO - [2025-02-11T11:40:27.241+0000] {dagbag.py:538} INFO - Filling up the DagBag from /home/airflow/.local/lib/python3.8/site-packages/airflow/example_dags/example_branch_datetime_operator.py
[2025-02-11T11:40:27.255+0000] {processor.py:840} INFO - DAG(s) 'example_branch_datetime_operator_3', 'example_branch_datetime_operator_2', 'example_branch_datetime_operator' retrieved from /home/airflow/.local/lib/python3.8/site-packages/airflow/example_dags/example_branch_datetime_operator.py
[2025-02-11T11:40:27.291+0000] {logging_mixin.py:188} INFO - [2025-02-11T11:40:27.291+0000] {dag.py:3036} INFO - Sync 3 DAGs
[2025-02-11T11:40:27.321+0000] {logging_mixin.py:188} INFO - [2025-02-11T11:40:27.321+0000] {dag.py:3823} INFO - Setting next_dagrun for example_branch_datetime_operator to 2025-02-10 00:00:00+00:00, run_after=2025-02-11 00:00:00+00:00
[2025-02-11T11:40:27.330+0000] {logging_mixin.py:188} INFO - [2025-02-11T11:40:27.330+0000] {dag.py:3823} INFO - Setting next_dagrun for example_branch_datetime_operator_2 to 2025-02-10 00:00:00+00:00, run_after=2025-02-11 00:00:00+00:00
[2025-02-11T11:40:27.335+0000] {logging_mixin.py:188} INFO - [2025-02-11T11:40:27.335+0000] {dag.py:3823} INFO - Setting next_dagrun for example_branch_datetime_operator_3 to 2025-02-10 00:00:00+00:00, run_after=2025-02-11 00:00:00+00:00
[2025-02-11T11:40:27.362+0000] {processor.py:183} INFO - Processing /home/airflow/.local/lib/python3.8/site-packages/airflow/example_dags/example_branch_datetime_operator.py took 0.128 seconds
[2025-02-11T11:40:57.958+0000] {processor.py:161} INFO - Started process (PID=1715) to work on /home/airflow/.local/lib/python3.8/site-packages/airflow/example_dags/example_branch_datetime_operator.py
[2025-02-11T11:40:57.960+0000] {processor.py:830} INFO - Processing file /home/airflow/.local/lib/python3.8/site-packages/airflow/example_dags/example_branch_datetime_operator.py for tasks to queue
[2025-02-11T11:40:57.964+0000] {logging_mixin.py:188} INFO - [2025-02-11T11:40:57.964+0000] {dagbag.py:538} INFO - Filling up the DagBag from /home/airflow/.local/lib/python3.8/site-packages/airflow/example_dags/example_branch_datetime_operator.py
[2025-02-11T11:40:57.992+0000] {processor.py:840} INFO - DAG(s) 'example_branch_datetime_operator_3', 'example_branch_datetime_operator', 'example_branch_datetime_operator_2' retrieved from /home/airflow/.local/lib/python3.8/site-packages/airflow/example_dags/example_branch_datetime_operator.py
[2025-02-11T11:40:58.043+0000] {logging_mixin.py:188} INFO - [2025-02-11T11:40:58.043+0000] {dag.py:3036} INFO - Sync 3 DAGs
[2025-02-11T11:40:58.076+0000] {logging_mixin.py:188} INFO - [2025-02-11T11:40:58.076+0000] {dag.py:3823} INFO - Setting next_dagrun for example_branch_datetime_operator to 2025-02-10 00:00:00+00:00, run_after=2025-02-11 00:00:00+00:00
[2025-02-11T11:40:58.084+0000] {logging_mixin.py:188} INFO - [2025-02-11T11:40:58.084+0000] {dag.py:3823} INFO - Setting next_dagrun for example_branch_datetime_operator_2 to 2025-02-10 00:00:00+00:00, run_after=2025-02-11 00:00:00+00:00
[2025-02-11T11:40:58.090+0000] {logging_mixin.py:188} INFO - [2025-02-11T11:40:58.090+0000] {dag.py:3823} INFO - Setting next_dagrun for example_branch_datetime_operator_3 to 2025-02-10 00:00:00+00:00, run_after=2025-02-11 00:00:00+00:00
[2025-02-11T11:40:58.117+0000] {processor.py:183} INFO - Processing /home/airflow/.local/lib/python3.8/site-packages/airflow/example_dags/example_branch_datetime_operator.py took 0.168 seconds
