[2025-02-11T11:28:30.628+0000] {processor.py:161} INFO - Started process (PID=77) to work on /home/airflow/.local/lib/python3.8/site-packages/airflow/example_dags/example_complex.py
[2025-02-11T11:28:30.632+0000] {processor.py:830} INFO - Processing file /home/airflow/.local/lib/python3.8/site-packages/airflow/example_dags/example_complex.py for tasks to queue
[2025-02-11T11:28:30.638+0000] {logging_mixin.py:188} INFO - [2025-02-11T11:28:30.638+0000] {dagbag.py:538} INFO - Filling up the DagBag from /home/airflow/.local/lib/python3.8/site-packages/airflow/example_dags/example_complex.py
[2025-02-11T11:28:30.673+0000] {processor.py:840} INFO - DAG(s) 'example_complex' retrieved from /home/airflow/.local/lib/python3.8/site-packages/airflow/example_dags/example_complex.py
[2025-02-11T11:28:30.768+0000] {logging_mixin.py:188} INFO - [2025-02-11T11:28:30.768+0000] {dag.py:3036} INFO - Sync 1 DAGs
[2025-02-11T11:28:30.801+0000] {logging_mixin.py:188} INFO - [2025-02-11T11:28:30.801+0000] {dag.py:3823} INFO - Setting next_dagrun for example_complex to None, run_after=None
[2025-02-11T11:28:30.849+0000] {processor.py:183} INFO - Processing /home/airflow/.local/lib/python3.8/site-packages/airflow/example_dags/example_complex.py took 0.230 seconds
[2025-02-11T11:29:01.077+0000] {processor.py:161} INFO - Started process (PID=141) to work on /home/airflow/.local/lib/python3.8/site-packages/airflow/example_dags/example_complex.py
[2025-02-11T11:29:01.079+0000] {processor.py:830} INFO - Processing file /home/airflow/.local/lib/python3.8/site-packages/airflow/example_dags/example_complex.py for tasks to queue
[2025-02-11T11:29:01.083+0000] {logging_mixin.py:188} INFO - [2025-02-11T11:29:01.082+0000] {dagbag.py:538} INFO - Filling up the DagBag from /home/airflow/.local/lib/python3.8/site-packages/airflow/example_dags/example_complex.py
[2025-02-11T11:29:01.098+0000] {processor.py:840} INFO - DAG(s) 'example_complex' retrieved from /home/airflow/.local/lib/python3.8/site-packages/airflow/example_dags/example_complex.py
[2025-02-11T11:29:01.234+0000] {logging_mixin.py:188} INFO - [2025-02-11T11:29:01.233+0000] {dag.py:3036} INFO - Sync 1 DAGs
[2025-02-11T11:29:01.279+0000] {logging_mixin.py:188} INFO - [2025-02-11T11:29:01.279+0000] {dag.py:3823} INFO - Setting next_dagrun for example_complex to None, run_after=None
[2025-02-11T11:29:01.318+0000] {processor.py:183} INFO - Processing /home/airflow/.local/lib/python3.8/site-packages/airflow/example_dags/example_complex.py took 0.249 seconds
[2025-02-11T11:29:31.533+0000] {processor.py:161} INFO - Started process (PID=206) to work on /home/airflow/.local/lib/python3.8/site-packages/airflow/example_dags/example_complex.py
[2025-02-11T11:29:31.536+0000] {processor.py:830} INFO - Processing file /home/airflow/.local/lib/python3.8/site-packages/airflow/example_dags/example_complex.py for tasks to queue
[2025-02-11T11:29:31.541+0000] {logging_mixin.py:188} INFO - [2025-02-11T11:29:31.540+0000] {dagbag.py:538} INFO - Filling up the DagBag from /home/airflow/.local/lib/python3.8/site-packages/airflow/example_dags/example_complex.py
[2025-02-11T11:29:31.569+0000] {processor.py:840} INFO - DAG(s) 'example_complex' retrieved from /home/airflow/.local/lib/python3.8/site-packages/airflow/example_dags/example_complex.py
[2025-02-11T11:29:31.639+0000] {logging_mixin.py:188} INFO - [2025-02-11T11:29:31.638+0000] {dag.py:3036} INFO - Sync 1 DAGs
[2025-02-11T11:29:31.662+0000] {logging_mixin.py:188} INFO - [2025-02-11T11:29:31.662+0000] {dag.py:3823} INFO - Setting next_dagrun for example_complex to None, run_after=None
[2025-02-11T11:29:31.720+0000] {processor.py:183} INFO - Processing /home/airflow/.local/lib/python3.8/site-packages/airflow/example_dags/example_complex.py took 0.191 seconds
[2025-02-11T11:30:02.387+0000] {processor.py:161} INFO - Started process (PID=270) to work on /home/airflow/.local/lib/python3.8/site-packages/airflow/example_dags/example_complex.py
[2025-02-11T11:30:02.392+0000] {processor.py:830} INFO - Processing file /home/airflow/.local/lib/python3.8/site-packages/airflow/example_dags/example_complex.py for tasks to queue
[2025-02-11T11:30:02.397+0000] {logging_mixin.py:188} INFO - [2025-02-11T11:30:02.396+0000] {dagbag.py:538} INFO - Filling up the DagBag from /home/airflow/.local/lib/python3.8/site-packages/airflow/example_dags/example_complex.py
[2025-02-11T11:30:02.448+0000] {processor.py:840} INFO - DAG(s) 'example_complex' retrieved from /home/airflow/.local/lib/python3.8/site-packages/airflow/example_dags/example_complex.py
[2025-02-11T11:30:02.526+0000] {logging_mixin.py:188} INFO - [2025-02-11T11:30:02.526+0000] {dag.py:3036} INFO - Sync 1 DAGs
[2025-02-11T11:30:02.554+0000] {logging_mixin.py:188} INFO - [2025-02-11T11:30:02.554+0000] {dag.py:3823} INFO - Setting next_dagrun for example_complex to None, run_after=None
[2025-02-11T11:30:02.591+0000] {processor.py:183} INFO - Processing /home/airflow/.local/lib/python3.8/site-packages/airflow/example_dags/example_complex.py took 0.244 seconds
[2025-02-11T11:30:33.161+0000] {processor.py:161} INFO - Started process (PID=334) to work on /home/airflow/.local/lib/python3.8/site-packages/airflow/example_dags/example_complex.py
[2025-02-11T11:30:33.163+0000] {processor.py:830} INFO - Processing file /home/airflow/.local/lib/python3.8/site-packages/airflow/example_dags/example_complex.py for tasks to queue
[2025-02-11T11:30:33.165+0000] {logging_mixin.py:188} INFO - [2025-02-11T11:30:33.165+0000] {dagbag.py:538} INFO - Filling up the DagBag from /home/airflow/.local/lib/python3.8/site-packages/airflow/example_dags/example_complex.py
[2025-02-11T11:30:33.184+0000] {processor.py:840} INFO - DAG(s) 'example_complex' retrieved from /home/airflow/.local/lib/python3.8/site-packages/airflow/example_dags/example_complex.py
[2025-02-11T11:30:33.237+0000] {logging_mixin.py:188} INFO - [2025-02-11T11:30:33.237+0000] {dag.py:3036} INFO - Sync 1 DAGs
[2025-02-11T11:30:33.264+0000] {logging_mixin.py:188} INFO - [2025-02-11T11:30:33.263+0000] {dag.py:3823} INFO - Setting next_dagrun for example_complex to None, run_after=None
[2025-02-11T11:30:33.306+0000] {processor.py:183} INFO - Processing /home/airflow/.local/lib/python3.8/site-packages/airflow/example_dags/example_complex.py took 0.150 seconds
[2025-02-11T11:31:03.488+0000] {processor.py:161} INFO - Started process (PID=407) to work on /home/airflow/.local/lib/python3.8/site-packages/airflow/example_dags/example_complex.py
[2025-02-11T11:31:03.490+0000] {processor.py:830} INFO - Processing file /home/airflow/.local/lib/python3.8/site-packages/airflow/example_dags/example_complex.py for tasks to queue
[2025-02-11T11:31:03.493+0000] {logging_mixin.py:188} INFO - [2025-02-11T11:31:03.492+0000] {dagbag.py:538} INFO - Filling up the DagBag from /home/airflow/.local/lib/python3.8/site-packages/airflow/example_dags/example_complex.py
[2025-02-11T11:31:03.516+0000] {processor.py:840} INFO - DAG(s) 'example_complex' retrieved from /home/airflow/.local/lib/python3.8/site-packages/airflow/example_dags/example_complex.py
[2025-02-11T11:31:03.582+0000] {logging_mixin.py:188} INFO - [2025-02-11T11:31:03.581+0000] {dag.py:3036} INFO - Sync 1 DAGs
[2025-02-11T11:31:03.606+0000] {logging_mixin.py:188} INFO - [2025-02-11T11:31:03.606+0000] {dag.py:3823} INFO - Setting next_dagrun for example_complex to None, run_after=None
[2025-02-11T11:31:03.643+0000] {processor.py:183} INFO - Processing /home/airflow/.local/lib/python3.8/site-packages/airflow/example_dags/example_complex.py took 0.160 seconds
[2025-02-11T11:31:33.703+0000] {processor.py:161} INFO - Started process (PID=472) to work on /home/airflow/.local/lib/python3.8/site-packages/airflow/example_dags/example_complex.py
[2025-02-11T11:31:33.705+0000] {processor.py:830} INFO - Processing file /home/airflow/.local/lib/python3.8/site-packages/airflow/example_dags/example_complex.py for tasks to queue
[2025-02-11T11:31:33.707+0000] {logging_mixin.py:188} INFO - [2025-02-11T11:31:33.707+0000] {dagbag.py:538} INFO - Filling up the DagBag from /home/airflow/.local/lib/python3.8/site-packages/airflow/example_dags/example_complex.py
[2025-02-11T11:31:33.723+0000] {processor.py:840} INFO - DAG(s) 'example_complex' retrieved from /home/airflow/.local/lib/python3.8/site-packages/airflow/example_dags/example_complex.py
[2025-02-11T11:31:33.775+0000] {logging_mixin.py:188} INFO - [2025-02-11T11:31:33.774+0000] {dag.py:3036} INFO - Sync 1 DAGs
[2025-02-11T11:31:33.798+0000] {logging_mixin.py:188} INFO - [2025-02-11T11:31:33.797+0000] {dag.py:3823} INFO - Setting next_dagrun for example_complex to None, run_after=None
[2025-02-11T11:31:33.831+0000] {processor.py:183} INFO - Processing /home/airflow/.local/lib/python3.8/site-packages/airflow/example_dags/example_complex.py took 0.132 seconds
[2025-02-11T11:32:04.054+0000] {processor.py:161} INFO - Started process (PID=537) to work on /home/airflow/.local/lib/python3.8/site-packages/airflow/example_dags/example_complex.py
[2025-02-11T11:32:04.057+0000] {processor.py:830} INFO - Processing file /home/airflow/.local/lib/python3.8/site-packages/airflow/example_dags/example_complex.py for tasks to queue
[2025-02-11T11:32:04.061+0000] {logging_mixin.py:188} INFO - [2025-02-11T11:32:04.061+0000] {dagbag.py:538} INFO - Filling up the DagBag from /home/airflow/.local/lib/python3.8/site-packages/airflow/example_dags/example_complex.py
[2025-02-11T11:32:04.092+0000] {processor.py:840} INFO - DAG(s) 'example_complex' retrieved from /home/airflow/.local/lib/python3.8/site-packages/airflow/example_dags/example_complex.py
[2025-02-11T11:32:04.158+0000] {logging_mixin.py:188} INFO - [2025-02-11T11:32:04.158+0000] {dag.py:3036} INFO - Sync 1 DAGs
[2025-02-11T11:32:04.190+0000] {logging_mixin.py:188} INFO - [2025-02-11T11:32:04.189+0000] {dag.py:3823} INFO - Setting next_dagrun for example_complex to None, run_after=None
[2025-02-11T11:32:04.226+0000] {processor.py:183} INFO - Processing /home/airflow/.local/lib/python3.8/site-packages/airflow/example_dags/example_complex.py took 0.178 seconds
[2025-02-11T11:32:34.306+0000] {processor.py:161} INFO - Started process (PID=601) to work on /home/airflow/.local/lib/python3.8/site-packages/airflow/example_dags/example_complex.py
[2025-02-11T11:32:34.309+0000] {processor.py:830} INFO - Processing file /home/airflow/.local/lib/python3.8/site-packages/airflow/example_dags/example_complex.py for tasks to queue
[2025-02-11T11:32:34.315+0000] {logging_mixin.py:188} INFO - [2025-02-11T11:32:34.314+0000] {dagbag.py:538} INFO - Filling up the DagBag from /home/airflow/.local/lib/python3.8/site-packages/airflow/example_dags/example_complex.py
[2025-02-11T11:32:34.336+0000] {processor.py:840} INFO - DAG(s) 'example_complex' retrieved from /home/airflow/.local/lib/python3.8/site-packages/airflow/example_dags/example_complex.py
[2025-02-11T11:32:34.390+0000] {logging_mixin.py:188} INFO - [2025-02-11T11:32:34.390+0000] {dag.py:3036} INFO - Sync 1 DAGs
[2025-02-11T11:32:34.410+0000] {logging_mixin.py:188} INFO - [2025-02-11T11:32:34.410+0000] {dag.py:3823} INFO - Setting next_dagrun for example_complex to None, run_after=None
[2025-02-11T11:32:34.443+0000] {processor.py:183} INFO - Processing /home/airflow/.local/lib/python3.8/site-packages/airflow/example_dags/example_complex.py took 0.142 seconds
[2025-02-11T11:33:04.808+0000] {processor.py:161} INFO - Started process (PID=674) to work on /home/airflow/.local/lib/python3.8/site-packages/airflow/example_dags/example_complex.py
[2025-02-11T11:33:04.811+0000] {processor.py:830} INFO - Processing file /home/airflow/.local/lib/python3.8/site-packages/airflow/example_dags/example_complex.py for tasks to queue
[2025-02-11T11:33:04.816+0000] {logging_mixin.py:188} INFO - [2025-02-11T11:33:04.815+0000] {dagbag.py:538} INFO - Filling up the DagBag from /home/airflow/.local/lib/python3.8/site-packages/airflow/example_dags/example_complex.py
[2025-02-11T11:33:04.835+0000] {processor.py:840} INFO - DAG(s) 'example_complex' retrieved from /home/airflow/.local/lib/python3.8/site-packages/airflow/example_dags/example_complex.py
[2025-02-11T11:33:04.891+0000] {logging_mixin.py:188} INFO - [2025-02-11T11:33:04.891+0000] {dag.py:3036} INFO - Sync 1 DAGs
[2025-02-11T11:33:04.914+0000] {logging_mixin.py:188} INFO - [2025-02-11T11:33:04.914+0000] {dag.py:3823} INFO - Setting next_dagrun for example_complex to None, run_after=None
[2025-02-11T11:33:04.946+0000] {processor.py:183} INFO - Processing /home/airflow/.local/lib/python3.8/site-packages/airflow/example_dags/example_complex.py took 0.144 seconds
[2025-02-11T11:33:35.472+0000] {processor.py:161} INFO - Started process (PID=739) to work on /home/airflow/.local/lib/python3.8/site-packages/airflow/example_dags/example_complex.py
[2025-02-11T11:33:35.473+0000] {processor.py:830} INFO - Processing file /home/airflow/.local/lib/python3.8/site-packages/airflow/example_dags/example_complex.py for tasks to queue
[2025-02-11T11:33:35.476+0000] {logging_mixin.py:188} INFO - [2025-02-11T11:33:35.475+0000] {dagbag.py:538} INFO - Filling up the DagBag from /home/airflow/.local/lib/python3.8/site-packages/airflow/example_dags/example_complex.py
[2025-02-11T11:33:35.491+0000] {processor.py:840} INFO - DAG(s) 'example_complex' retrieved from /home/airflow/.local/lib/python3.8/site-packages/airflow/example_dags/example_complex.py
[2025-02-11T11:33:35.532+0000] {logging_mixin.py:188} INFO - [2025-02-11T11:33:35.531+0000] {dag.py:3036} INFO - Sync 1 DAGs
[2025-02-11T11:33:35.559+0000] {logging_mixin.py:188} INFO - [2025-02-11T11:33:35.558+0000] {dag.py:3823} INFO - Setting next_dagrun for example_complex to None, run_after=None
[2025-02-11T11:33:35.588+0000] {processor.py:183} INFO - Processing /home/airflow/.local/lib/python3.8/site-packages/airflow/example_dags/example_complex.py took 0.120 seconds
[2025-02-11T11:34:06.412+0000] {processor.py:161} INFO - Started process (PID=802) to work on /home/airflow/.local/lib/python3.8/site-packages/airflow/example_dags/example_complex.py
[2025-02-11T11:34:06.415+0000] {processor.py:830} INFO - Processing file /home/airflow/.local/lib/python3.8/site-packages/airflow/example_dags/example_complex.py for tasks to queue
[2025-02-11T11:34:06.420+0000] {logging_mixin.py:188} INFO - [2025-02-11T11:34:06.420+0000] {dagbag.py:538} INFO - Filling up the DagBag from /home/airflow/.local/lib/python3.8/site-packages/airflow/example_dags/example_complex.py
[2025-02-11T11:34:06.446+0000] {processor.py:840} INFO - DAG(s) 'example_complex' retrieved from /home/airflow/.local/lib/python3.8/site-packages/airflow/example_dags/example_complex.py
[2025-02-11T11:34:06.516+0000] {logging_mixin.py:188} INFO - [2025-02-11T11:34:06.515+0000] {dag.py:3036} INFO - Sync 1 DAGs
[2025-02-11T11:34:06.544+0000] {logging_mixin.py:188} INFO - [2025-02-11T11:34:06.544+0000] {dag.py:3823} INFO - Setting next_dagrun for example_complex to None, run_after=None
[2025-02-11T11:34:06.580+0000] {processor.py:183} INFO - Processing /home/airflow/.local/lib/python3.8/site-packages/airflow/example_dags/example_complex.py took 0.174 seconds
[2025-02-11T11:34:36.637+0000] {processor.py:161} INFO - Started process (PID=867) to work on /home/airflow/.local/lib/python3.8/site-packages/airflow/example_dags/example_complex.py
[2025-02-11T11:34:36.640+0000] {processor.py:830} INFO - Processing file /home/airflow/.local/lib/python3.8/site-packages/airflow/example_dags/example_complex.py for tasks to queue
[2025-02-11T11:34:36.642+0000] {logging_mixin.py:188} INFO - [2025-02-11T11:34:36.642+0000] {dagbag.py:538} INFO - Filling up the DagBag from /home/airflow/.local/lib/python3.8/site-packages/airflow/example_dags/example_complex.py
[2025-02-11T11:34:36.664+0000] {processor.py:840} INFO - DAG(s) 'example_complex' retrieved from /home/airflow/.local/lib/python3.8/site-packages/airflow/example_dags/example_complex.py
[2025-02-11T11:34:36.716+0000] {logging_mixin.py:188} INFO - [2025-02-11T11:34:36.716+0000] {dag.py:3036} INFO - Sync 1 DAGs
[2025-02-11T11:34:36.743+0000] {logging_mixin.py:188} INFO - [2025-02-11T11:34:36.743+0000] {dag.py:3823} INFO - Setting next_dagrun for example_complex to None, run_after=None
[2025-02-11T11:34:36.784+0000] {processor.py:183} INFO - Processing /home/airflow/.local/lib/python3.8/site-packages/airflow/example_dags/example_complex.py took 0.152 seconds
[2025-02-11T11:35:06.965+0000] {processor.py:161} INFO - Started process (PID=939) to work on /home/airflow/.local/lib/python3.8/site-packages/airflow/example_dags/example_complex.py
[2025-02-11T11:35:06.969+0000] {processor.py:830} INFO - Processing file /home/airflow/.local/lib/python3.8/site-packages/airflow/example_dags/example_complex.py for tasks to queue
[2025-02-11T11:35:06.974+0000] {logging_mixin.py:188} INFO - [2025-02-11T11:35:06.973+0000] {dagbag.py:538} INFO - Filling up the DagBag from /home/airflow/.local/lib/python3.8/site-packages/airflow/example_dags/example_complex.py
[2025-02-11T11:35:06.999+0000] {processor.py:840} INFO - DAG(s) 'example_complex' retrieved from /home/airflow/.local/lib/python3.8/site-packages/airflow/example_dags/example_complex.py
[2025-02-11T11:35:07.072+0000] {logging_mixin.py:188} INFO - [2025-02-11T11:35:07.071+0000] {dag.py:3036} INFO - Sync 1 DAGs
[2025-02-11T11:35:07.103+0000] {logging_mixin.py:188} INFO - [2025-02-11T11:35:07.102+0000] {dag.py:3823} INFO - Setting next_dagrun for example_complex to None, run_after=None
[2025-02-11T11:35:07.153+0000] {processor.py:183} INFO - Processing /home/airflow/.local/lib/python3.8/site-packages/airflow/example_dags/example_complex.py took 0.198 seconds
[2025-02-11T11:35:37.284+0000] {processor.py:161} INFO - Started process (PID=1005) to work on /home/airflow/.local/lib/python3.8/site-packages/airflow/example_dags/example_complex.py
[2025-02-11T11:35:37.285+0000] {processor.py:830} INFO - Processing file /home/airflow/.local/lib/python3.8/site-packages/airflow/example_dags/example_complex.py for tasks to queue
[2025-02-11T11:35:37.288+0000] {logging_mixin.py:188} INFO - [2025-02-11T11:35:37.287+0000] {dagbag.py:538} INFO - Filling up the DagBag from /home/airflow/.local/lib/python3.8/site-packages/airflow/example_dags/example_complex.py
[2025-02-11T11:35:37.310+0000] {processor.py:840} INFO - DAG(s) 'example_complex' retrieved from /home/airflow/.local/lib/python3.8/site-packages/airflow/example_dags/example_complex.py
[2025-02-11T11:35:37.362+0000] {logging_mixin.py:188} INFO - [2025-02-11T11:35:37.361+0000] {dag.py:3036} INFO - Sync 1 DAGs
[2025-02-11T11:35:37.379+0000] {logging_mixin.py:188} INFO - [2025-02-11T11:35:37.379+0000] {dag.py:3823} INFO - Setting next_dagrun for example_complex to None, run_after=None
[2025-02-11T11:35:37.419+0000] {processor.py:183} INFO - Processing /home/airflow/.local/lib/python3.8/site-packages/airflow/example_dags/example_complex.py took 0.140 seconds
[2025-02-11T11:36:07.820+0000] {processor.py:161} INFO - Started process (PID=1070) to work on /home/airflow/.local/lib/python3.8/site-packages/airflow/example_dags/example_complex.py
[2025-02-11T11:36:07.821+0000] {processor.py:830} INFO - Processing file /home/airflow/.local/lib/python3.8/site-packages/airflow/example_dags/example_complex.py for tasks to queue
[2025-02-11T11:36:07.825+0000] {logging_mixin.py:188} INFO - [2025-02-11T11:36:07.824+0000] {dagbag.py:538} INFO - Filling up the DagBag from /home/airflow/.local/lib/python3.8/site-packages/airflow/example_dags/example_complex.py
[2025-02-11T11:36:07.849+0000] {processor.py:840} INFO - DAG(s) 'example_complex' retrieved from /home/airflow/.local/lib/python3.8/site-packages/airflow/example_dags/example_complex.py
[2025-02-11T11:36:07.909+0000] {logging_mixin.py:188} INFO - [2025-02-11T11:36:07.908+0000] {dag.py:3036} INFO - Sync 1 DAGs
[2025-02-11T11:36:07.934+0000] {logging_mixin.py:188} INFO - [2025-02-11T11:36:07.934+0000] {dag.py:3823} INFO - Setting next_dagrun for example_complex to None, run_after=None
[2025-02-11T11:36:07.974+0000] {processor.py:183} INFO - Processing /home/airflow/.local/lib/python3.8/site-packages/airflow/example_dags/example_complex.py took 0.159 seconds
[2025-02-11T11:36:38.419+0000] {processor.py:161} INFO - Started process (PID=1135) to work on /home/airflow/.local/lib/python3.8/site-packages/airflow/example_dags/example_complex.py
[2025-02-11T11:36:38.420+0000] {processor.py:830} INFO - Processing file /home/airflow/.local/lib/python3.8/site-packages/airflow/example_dags/example_complex.py for tasks to queue
[2025-02-11T11:36:38.426+0000] {logging_mixin.py:188} INFO - [2025-02-11T11:36:38.425+0000] {dagbag.py:538} INFO - Filling up the DagBag from /home/airflow/.local/lib/python3.8/site-packages/airflow/example_dags/example_complex.py
[2025-02-11T11:36:38.442+0000] {processor.py:840} INFO - DAG(s) 'example_complex' retrieved from /home/airflow/.local/lib/python3.8/site-packages/airflow/example_dags/example_complex.py
[2025-02-11T11:36:38.492+0000] {logging_mixin.py:188} INFO - [2025-02-11T11:36:38.492+0000] {dag.py:3036} INFO - Sync 1 DAGs
[2025-02-11T11:36:38.510+0000] {logging_mixin.py:188} INFO - [2025-02-11T11:36:38.510+0000] {dag.py:3823} INFO - Setting next_dagrun for example_complex to None, run_after=None
[2025-02-11T11:36:38.540+0000] {processor.py:183} INFO - Processing /home/airflow/.local/lib/python3.8/site-packages/airflow/example_dags/example_complex.py took 0.126 seconds
[2025-02-11T11:37:09.140+0000] {processor.py:161} INFO - Started process (PID=1208) to work on /home/airflow/.local/lib/python3.8/site-packages/airflow/example_dags/example_complex.py
[2025-02-11T11:37:09.145+0000] {processor.py:830} INFO - Processing file /home/airflow/.local/lib/python3.8/site-packages/airflow/example_dags/example_complex.py for tasks to queue
[2025-02-11T11:37:09.150+0000] {logging_mixin.py:188} INFO - [2025-02-11T11:37:09.149+0000] {dagbag.py:538} INFO - Filling up the DagBag from /home/airflow/.local/lib/python3.8/site-packages/airflow/example_dags/example_complex.py
[2025-02-11T11:37:09.183+0000] {processor.py:840} INFO - DAG(s) 'example_complex' retrieved from /home/airflow/.local/lib/python3.8/site-packages/airflow/example_dags/example_complex.py
[2025-02-11T11:37:09.294+0000] {logging_mixin.py:188} INFO - [2025-02-11T11:37:09.293+0000] {dag.py:3036} INFO - Sync 1 DAGs
[2025-02-11T11:37:09.325+0000] {logging_mixin.py:188} INFO - [2025-02-11T11:37:09.325+0000] {dag.py:3823} INFO - Setting next_dagrun for example_complex to None, run_after=None
[2025-02-11T11:37:09.378+0000] {processor.py:183} INFO - Processing /home/airflow/.local/lib/python3.8/site-packages/airflow/example_dags/example_complex.py took 0.245 seconds
[2025-02-11T11:37:39.493+0000] {processor.py:161} INFO - Started process (PID=1272) to work on /home/airflow/.local/lib/python3.8/site-packages/airflow/example_dags/example_complex.py
[2025-02-11T11:37:39.495+0000] {processor.py:830} INFO - Processing file /home/airflow/.local/lib/python3.8/site-packages/airflow/example_dags/example_complex.py for tasks to queue
[2025-02-11T11:37:39.498+0000] {logging_mixin.py:188} INFO - [2025-02-11T11:37:39.497+0000] {dagbag.py:538} INFO - Filling up the DagBag from /home/airflow/.local/lib/python3.8/site-packages/airflow/example_dags/example_complex.py
[2025-02-11T11:37:39.520+0000] {processor.py:840} INFO - DAG(s) 'example_complex' retrieved from /home/airflow/.local/lib/python3.8/site-packages/airflow/example_dags/example_complex.py
[2025-02-11T11:37:39.573+0000] {logging_mixin.py:188} INFO - [2025-02-11T11:37:39.573+0000] {dag.py:3036} INFO - Sync 1 DAGs
[2025-02-11T11:37:39.589+0000] {logging_mixin.py:188} INFO - [2025-02-11T11:37:39.589+0000] {dag.py:3823} INFO - Setting next_dagrun for example_complex to None, run_after=None
[2025-02-11T11:37:39.624+0000] {processor.py:183} INFO - Processing /home/airflow/.local/lib/python3.8/site-packages/airflow/example_dags/example_complex.py took 0.136 seconds
[2025-02-11T11:38:10.562+0000] {processor.py:161} INFO - Started process (PID=1337) to work on /home/airflow/.local/lib/python3.8/site-packages/airflow/example_dags/example_complex.py
[2025-02-11T11:38:10.566+0000] {processor.py:830} INFO - Processing file /home/airflow/.local/lib/python3.8/site-packages/airflow/example_dags/example_complex.py for tasks to queue
[2025-02-11T11:38:10.573+0000] {logging_mixin.py:188} INFO - [2025-02-11T11:38:10.571+0000] {dagbag.py:538} INFO - Filling up the DagBag from /home/airflow/.local/lib/python3.8/site-packages/airflow/example_dags/example_complex.py
[2025-02-11T11:38:10.599+0000] {processor.py:840} INFO - DAG(s) 'example_complex' retrieved from /home/airflow/.local/lib/python3.8/site-packages/airflow/example_dags/example_complex.py
[2025-02-11T11:38:10.658+0000] {logging_mixin.py:188} INFO - [2025-02-11T11:38:10.658+0000] {dag.py:3036} INFO - Sync 1 DAGs
[2025-02-11T11:38:10.681+0000] {logging_mixin.py:188} INFO - [2025-02-11T11:38:10.681+0000] {dag.py:3823} INFO - Setting next_dagrun for example_complex to None, run_after=None
[2025-02-11T11:38:10.715+0000] {processor.py:183} INFO - Processing /home/airflow/.local/lib/python3.8/site-packages/airflow/example_dags/example_complex.py took 0.157 seconds
[2025-02-11T11:38:41.135+0000] {processor.py:161} INFO - Started process (PID=1410) to work on /home/airflow/.local/lib/python3.8/site-packages/airflow/example_dags/example_complex.py
[2025-02-11T11:38:41.137+0000] {processor.py:830} INFO - Processing file /home/airflow/.local/lib/python3.8/site-packages/airflow/example_dags/example_complex.py for tasks to queue
[2025-02-11T11:38:41.140+0000] {logging_mixin.py:188} INFO - [2025-02-11T11:38:41.140+0000] {dagbag.py:538} INFO - Filling up the DagBag from /home/airflow/.local/lib/python3.8/site-packages/airflow/example_dags/example_complex.py
[2025-02-11T11:38:41.172+0000] {processor.py:840} INFO - DAG(s) 'example_complex' retrieved from /home/airflow/.local/lib/python3.8/site-packages/airflow/example_dags/example_complex.py
[2025-02-11T11:38:41.224+0000] {logging_mixin.py:188} INFO - [2025-02-11T11:38:41.224+0000] {dag.py:3036} INFO - Sync 1 DAGs
[2025-02-11T11:38:41.248+0000] {logging_mixin.py:188} INFO - [2025-02-11T11:38:41.248+0000] {dag.py:3823} INFO - Setting next_dagrun for example_complex to None, run_after=None
[2025-02-11T11:38:41.294+0000] {processor.py:183} INFO - Processing /home/airflow/.local/lib/python3.8/site-packages/airflow/example_dags/example_complex.py took 0.163 seconds
[2025-02-11T11:39:11.465+0000] {processor.py:161} INFO - Started process (PID=1475) to work on /home/airflow/.local/lib/python3.8/site-packages/airflow/example_dags/example_complex.py
[2025-02-11T11:39:11.466+0000] {processor.py:830} INFO - Processing file /home/airflow/.local/lib/python3.8/site-packages/airflow/example_dags/example_complex.py for tasks to queue
[2025-02-11T11:39:11.469+0000] {logging_mixin.py:188} INFO - [2025-02-11T11:39:11.469+0000] {dagbag.py:538} INFO - Filling up the DagBag from /home/airflow/.local/lib/python3.8/site-packages/airflow/example_dags/example_complex.py
[2025-02-11T11:39:11.488+0000] {processor.py:840} INFO - DAG(s) 'example_complex' retrieved from /home/airflow/.local/lib/python3.8/site-packages/airflow/example_dags/example_complex.py
[2025-02-11T11:39:11.541+0000] {logging_mixin.py:188} INFO - [2025-02-11T11:39:11.541+0000] {dag.py:3036} INFO - Sync 1 DAGs
[2025-02-11T11:39:11.560+0000] {logging_mixin.py:188} INFO - [2025-02-11T11:39:11.560+0000] {dag.py:3823} INFO - Setting next_dagrun for example_complex to None, run_after=None
[2025-02-11T11:39:11.591+0000] {processor.py:183} INFO - Processing /home/airflow/.local/lib/python3.8/site-packages/airflow/example_dags/example_complex.py took 0.131 seconds
[2025-02-11T11:39:41.930+0000] {processor.py:161} INFO - Started process (PID=1539) to work on /home/airflow/.local/lib/python3.8/site-packages/airflow/example_dags/example_complex.py
[2025-02-11T11:39:41.933+0000] {processor.py:830} INFO - Processing file /home/airflow/.local/lib/python3.8/site-packages/airflow/example_dags/example_complex.py for tasks to queue
[2025-02-11T11:39:41.937+0000] {logging_mixin.py:188} INFO - [2025-02-11T11:39:41.937+0000] {dagbag.py:538} INFO - Filling up the DagBag from /home/airflow/.local/lib/python3.8/site-packages/airflow/example_dags/example_complex.py
[2025-02-11T11:39:41.976+0000] {processor.py:840} INFO - DAG(s) 'example_complex' retrieved from /home/airflow/.local/lib/python3.8/site-packages/airflow/example_dags/example_complex.py
[2025-02-11T11:39:42.020+0000] {logging_mixin.py:188} INFO - [2025-02-11T11:39:42.019+0000] {dag.py:3036} INFO - Sync 1 DAGs
[2025-02-11T11:39:42.041+0000] {logging_mixin.py:188} INFO - [2025-02-11T11:39:42.040+0000] {dag.py:3823} INFO - Setting next_dagrun for example_complex to None, run_after=None
[2025-02-11T11:39:42.067+0000] {processor.py:183} INFO - Processing /home/airflow/.local/lib/python3.8/site-packages/airflow/example_dags/example_complex.py took 0.143 seconds
[2025-02-11T11:40:12.473+0000] {processor.py:161} INFO - Started process (PID=1604) to work on /home/airflow/.local/lib/python3.8/site-packages/airflow/example_dags/example_complex.py
[2025-02-11T11:40:12.474+0000] {processor.py:830} INFO - Processing file /home/airflow/.local/lib/python3.8/site-packages/airflow/example_dags/example_complex.py for tasks to queue
[2025-02-11T11:40:12.478+0000] {logging_mixin.py:188} INFO - [2025-02-11T11:40:12.477+0000] {dagbag.py:538} INFO - Filling up the DagBag from /home/airflow/.local/lib/python3.8/site-packages/airflow/example_dags/example_complex.py
[2025-02-11T11:40:12.536+0000] {processor.py:840} INFO - DAG(s) 'example_complex' retrieved from /home/airflow/.local/lib/python3.8/site-packages/airflow/example_dags/example_complex.py
[2025-02-11T11:40:12.669+0000] {logging_mixin.py:188} INFO - [2025-02-11T11:40:12.668+0000] {dag.py:3036} INFO - Sync 1 DAGs
[2025-02-11T11:40:12.883+0000] {logging_mixin.py:188} INFO - [2025-02-11T11:40:12.879+0000] {dag.py:3823} INFO - Setting next_dagrun for example_complex to None, run_after=None
[2025-02-11T11:40:13.254+0000] {processor.py:183} INFO - Processing /home/airflow/.local/lib/python3.8/site-packages/airflow/example_dags/example_complex.py took 0.791 seconds
[2025-02-11T11:40:44.013+0000] {processor.py:161} INFO - Started process (PID=1669) to work on /home/airflow/.local/lib/python3.8/site-packages/airflow/example_dags/example_complex.py
[2025-02-11T11:40:44.014+0000] {processor.py:830} INFO - Processing file /home/airflow/.local/lib/python3.8/site-packages/airflow/example_dags/example_complex.py for tasks to queue
[2025-02-11T11:40:44.017+0000] {logging_mixin.py:188} INFO - [2025-02-11T11:40:44.016+0000] {dagbag.py:538} INFO - Filling up the DagBag from /home/airflow/.local/lib/python3.8/site-packages/airflow/example_dags/example_complex.py
[2025-02-11T11:40:44.031+0000] {processor.py:840} INFO - DAG(s) 'example_complex' retrieved from /home/airflow/.local/lib/python3.8/site-packages/airflow/example_dags/example_complex.py
[2025-02-11T11:40:44.073+0000] {logging_mixin.py:188} INFO - [2025-02-11T11:40:44.073+0000] {dag.py:3036} INFO - Sync 1 DAGs
[2025-02-11T11:40:44.093+0000] {logging_mixin.py:188} INFO - [2025-02-11T11:40:44.093+0000] {dag.py:3823} INFO - Setting next_dagrun for example_complex to None, run_after=None
[2025-02-11T11:40:44.122+0000] {processor.py:183} INFO - Processing /home/airflow/.local/lib/python3.8/site-packages/airflow/example_dags/example_complex.py took 0.114 seconds
