[2025-02-11T11:28:37.489+0000] {processor.py:161} INFO - Started process (PID=108) to work on /home/airflow/.local/lib/python3.8/site-packages/airflow/example_dags/example_dag_decorator.py
[2025-02-11T11:28:37.491+0000] {processor.py:830} INFO - Processing file /home/airflow/.local/lib/python3.8/site-packages/airflow/example_dags/example_dag_decorator.py for tasks to queue
[2025-02-11T11:28:37.497+0000] {logging_mixin.py:188} INFO - [2025-02-11T11:28:37.496+0000] {dagbag.py:538} INFO - Filling up the DagBag from /home/airflow/.local/lib/python3.8/site-packages/airflow/example_dags/example_dag_decorator.py
[2025-02-11T11:28:37.803+0000] {processor.py:840} INFO - DAG(s) 'example_dag_decorator' retrieved from /home/airflow/.local/lib/python3.8/site-packages/airflow/example_dags/example_dag_decorator.py
[2025-02-11T11:28:38.676+0000] {logging_mixin.py:188} INFO - [2025-02-11T11:28:38.675+0000] {dag.py:3036} INFO - Sync 1 DAGs
[2025-02-11T11:28:38.718+0000] {logging_mixin.py:188} INFO - [2025-02-11T11:28:38.717+0000] {dag.py:3823} INFO - Setting next_dagrun for example_dag_decorator to None, run_after=None
[2025-02-11T11:28:38.775+0000] {processor.py:183} INFO - Processing /home/airflow/.local/lib/python3.8/site-packages/airflow/example_dags/example_dag_decorator.py took 1.293 seconds
[2025-02-11T11:29:09.272+0000] {processor.py:161} INFO - Started process (PID=180) to work on /home/airflow/.local/lib/python3.8/site-packages/airflow/example_dags/example_dag_decorator.py
[2025-02-11T11:29:09.283+0000] {processor.py:830} INFO - Processing file /home/airflow/.local/lib/python3.8/site-packages/airflow/example_dags/example_dag_decorator.py for tasks to queue
[2025-02-11T11:29:09.293+0000] {logging_mixin.py:188} INFO - [2025-02-11T11:29:09.292+0000] {dagbag.py:538} INFO - Filling up the DagBag from /home/airflow/.local/lib/python3.8/site-packages/airflow/example_dags/example_dag_decorator.py
[2025-02-11T11:29:09.625+0000] {processor.py:840} INFO - DAG(s) 'example_dag_decorator' retrieved from /home/airflow/.local/lib/python3.8/site-packages/airflow/example_dags/example_dag_decorator.py
[2025-02-11T11:29:09.988+0000] {logging_mixin.py:188} INFO - [2025-02-11T11:29:09.987+0000] {dag.py:3036} INFO - Sync 1 DAGs
[2025-02-11T11:29:10.015+0000] {logging_mixin.py:188} INFO - [2025-02-11T11:29:10.015+0000] {dag.py:3823} INFO - Setting next_dagrun for example_dag_decorator to None, run_after=None
[2025-02-11T11:29:10.061+0000] {processor.py:183} INFO - Processing /home/airflow/.local/lib/python3.8/site-packages/airflow/example_dags/example_dag_decorator.py took 0.800 seconds
[2025-02-11T11:29:40.673+0000] {processor.py:161} INFO - Started process (PID=245) to work on /home/airflow/.local/lib/python3.8/site-packages/airflow/example_dags/example_dag_decorator.py
[2025-02-11T11:29:40.675+0000] {processor.py:830} INFO - Processing file /home/airflow/.local/lib/python3.8/site-packages/airflow/example_dags/example_dag_decorator.py for tasks to queue
[2025-02-11T11:29:40.682+0000] {logging_mixin.py:188} INFO - [2025-02-11T11:29:40.682+0000] {dagbag.py:538} INFO - Filling up the DagBag from /home/airflow/.local/lib/python3.8/site-packages/airflow/example_dags/example_dag_decorator.py
[2025-02-11T11:29:40.933+0000] {processor.py:840} INFO - DAG(s) 'example_dag_decorator' retrieved from /home/airflow/.local/lib/python3.8/site-packages/airflow/example_dags/example_dag_decorator.py
[2025-02-11T11:29:41.216+0000] {logging_mixin.py:188} INFO - [2025-02-11T11:29:41.216+0000] {dag.py:3036} INFO - Sync 1 DAGs
[2025-02-11T11:29:41.253+0000] {logging_mixin.py:188} INFO - [2025-02-11T11:29:41.253+0000] {dag.py:3823} INFO - Setting next_dagrun for example_dag_decorator to None, run_after=None
[2025-02-11T11:29:41.319+0000] {processor.py:183} INFO - Processing /home/airflow/.local/lib/python3.8/site-packages/airflow/example_dags/example_dag_decorator.py took 0.656 seconds
[2025-02-11T11:30:11.560+0000] {processor.py:161} INFO - Started process (PID=309) to work on /home/airflow/.local/lib/python3.8/site-packages/airflow/example_dags/example_dag_decorator.py
[2025-02-11T11:30:11.561+0000] {processor.py:830} INFO - Processing file /home/airflow/.local/lib/python3.8/site-packages/airflow/example_dags/example_dag_decorator.py for tasks to queue
[2025-02-11T11:30:11.564+0000] {logging_mixin.py:188} INFO - [2025-02-11T11:30:11.564+0000] {dagbag.py:538} INFO - Filling up the DagBag from /home/airflow/.local/lib/python3.8/site-packages/airflow/example_dags/example_dag_decorator.py
[2025-02-11T11:30:11.723+0000] {processor.py:840} INFO - DAG(s) 'example_dag_decorator' retrieved from /home/airflow/.local/lib/python3.8/site-packages/airflow/example_dags/example_dag_decorator.py
[2025-02-11T11:30:11.871+0000] {logging_mixin.py:188} INFO - [2025-02-11T11:30:11.871+0000] {dag.py:3036} INFO - Sync 1 DAGs
[2025-02-11T11:30:11.887+0000] {logging_mixin.py:188} INFO - [2025-02-11T11:30:11.886+0000] {dag.py:3823} INFO - Setting next_dagrun for example_dag_decorator to None, run_after=None
[2025-02-11T11:30:11.918+0000] {processor.py:183} INFO - Processing /home/airflow/.local/lib/python3.8/site-packages/airflow/example_dags/example_dag_decorator.py took 0.365 seconds
[2025-02-11T11:30:42.365+0000] {processor.py:161} INFO - Started process (PID=373) to work on /home/airflow/.local/lib/python3.8/site-packages/airflow/example_dags/example_dag_decorator.py
[2025-02-11T11:30:42.367+0000] {processor.py:830} INFO - Processing file /home/airflow/.local/lib/python3.8/site-packages/airflow/example_dags/example_dag_decorator.py for tasks to queue
[2025-02-11T11:30:42.379+0000] {logging_mixin.py:188} INFO - [2025-02-11T11:30:42.376+0000] {dagbag.py:538} INFO - Filling up the DagBag from /home/airflow/.local/lib/python3.8/site-packages/airflow/example_dags/example_dag_decorator.py
[2025-02-11T11:30:42.724+0000] {processor.py:840} INFO - DAG(s) 'example_dag_decorator' retrieved from /home/airflow/.local/lib/python3.8/site-packages/airflow/example_dags/example_dag_decorator.py
[2025-02-11T11:30:43.088+0000] {logging_mixin.py:188} INFO - [2025-02-11T11:30:43.088+0000] {dag.py:3036} INFO - Sync 1 DAGs
[2025-02-11T11:30:43.114+0000] {logging_mixin.py:188} INFO - [2025-02-11T11:30:43.113+0000] {dag.py:3823} INFO - Setting next_dagrun for example_dag_decorator to None, run_after=None
[2025-02-11T11:30:43.148+0000] {processor.py:183} INFO - Processing /home/airflow/.local/lib/python3.8/site-packages/airflow/example_dags/example_dag_decorator.py took 0.789 seconds
[2025-02-11T11:31:14.088+0000] {processor.py:161} INFO - Started process (PID=439) to work on /home/airflow/.local/lib/python3.8/site-packages/airflow/example_dags/example_dag_decorator.py
[2025-02-11T11:31:14.092+0000] {processor.py:830} INFO - Processing file /home/airflow/.local/lib/python3.8/site-packages/airflow/example_dags/example_dag_decorator.py for tasks to queue
[2025-02-11T11:31:14.094+0000] {logging_mixin.py:188} INFO - [2025-02-11T11:31:14.094+0000] {dagbag.py:538} INFO - Filling up the DagBag from /home/airflow/.local/lib/python3.8/site-packages/airflow/example_dags/example_dag_decorator.py
[2025-02-11T11:31:14.259+0000] {processor.py:840} INFO - DAG(s) 'example_dag_decorator' retrieved from /home/airflow/.local/lib/python3.8/site-packages/airflow/example_dags/example_dag_decorator.py
[2025-02-11T11:31:14.471+0000] {logging_mixin.py:188} INFO - [2025-02-11T11:31:14.471+0000] {dag.py:3036} INFO - Sync 1 DAGs
[2025-02-11T11:31:14.490+0000] {logging_mixin.py:188} INFO - [2025-02-11T11:31:14.490+0000] {dag.py:3823} INFO - Setting next_dagrun for example_dag_decorator to None, run_after=None
[2025-02-11T11:31:14.529+0000] {processor.py:183} INFO - Processing /home/airflow/.local/lib/python3.8/site-packages/airflow/example_dags/example_dag_decorator.py took 0.445 seconds
[2025-02-11T11:31:44.638+0000] {processor.py:161} INFO - Started process (PID=513) to work on /home/airflow/.local/lib/python3.8/site-packages/airflow/example_dags/example_dag_decorator.py
[2025-02-11T11:31:44.645+0000] {processor.py:830} INFO - Processing file /home/airflow/.local/lib/python3.8/site-packages/airflow/example_dags/example_dag_decorator.py for tasks to queue
[2025-02-11T11:31:44.649+0000] {logging_mixin.py:188} INFO - [2025-02-11T11:31:44.649+0000] {dagbag.py:538} INFO - Filling up the DagBag from /home/airflow/.local/lib/python3.8/site-packages/airflow/example_dags/example_dag_decorator.py
[2025-02-11T11:31:44.829+0000] {processor.py:840} INFO - DAG(s) 'example_dag_decorator' retrieved from /home/airflow/.local/lib/python3.8/site-packages/airflow/example_dags/example_dag_decorator.py
[2025-02-11T11:31:45.021+0000] {logging_mixin.py:188} INFO - [2025-02-11T11:31:45.021+0000] {dag.py:3036} INFO - Sync 1 DAGs
[2025-02-11T11:31:45.041+0000] {logging_mixin.py:188} INFO - [2025-02-11T11:31:45.041+0000] {dag.py:3823} INFO - Setting next_dagrun for example_dag_decorator to None, run_after=None
[2025-02-11T11:31:45.084+0000] {processor.py:183} INFO - Processing /home/airflow/.local/lib/python3.8/site-packages/airflow/example_dags/example_dag_decorator.py took 0.456 seconds
[2025-02-11T11:32:15.220+0000] {processor.py:161} INFO - Started process (PID=580) to work on /home/airflow/.local/lib/python3.8/site-packages/airflow/example_dags/example_dag_decorator.py
[2025-02-11T11:32:15.225+0000] {processor.py:830} INFO - Processing file /home/airflow/.local/lib/python3.8/site-packages/airflow/example_dags/example_dag_decorator.py for tasks to queue
[2025-02-11T11:32:15.230+0000] {logging_mixin.py:188} INFO - [2025-02-11T11:32:15.230+0000] {dagbag.py:538} INFO - Filling up the DagBag from /home/airflow/.local/lib/python3.8/site-packages/airflow/example_dags/example_dag_decorator.py
[2025-02-11T11:32:15.397+0000] {processor.py:840} INFO - DAG(s) 'example_dag_decorator' retrieved from /home/airflow/.local/lib/python3.8/site-packages/airflow/example_dags/example_dag_decorator.py
[2025-02-11T11:32:15.555+0000] {logging_mixin.py:188} INFO - [2025-02-11T11:32:15.555+0000] {dag.py:3036} INFO - Sync 1 DAGs
[2025-02-11T11:32:15.572+0000] {logging_mixin.py:188} INFO - [2025-02-11T11:32:15.572+0000] {dag.py:3823} INFO - Setting next_dagrun for example_dag_decorator to None, run_after=None
[2025-02-11T11:32:15.602+0000] {processor.py:183} INFO - Processing /home/airflow/.local/lib/python3.8/site-packages/airflow/example_dags/example_dag_decorator.py took 0.389 seconds
[2025-02-11T11:32:45.766+0000] {processor.py:161} INFO - Started process (PID=641) to work on /home/airflow/.local/lib/python3.8/site-packages/airflow/example_dags/example_dag_decorator.py
[2025-02-11T11:32:45.768+0000] {processor.py:830} INFO - Processing file /home/airflow/.local/lib/python3.8/site-packages/airflow/example_dags/example_dag_decorator.py for tasks to queue
[2025-02-11T11:32:45.771+0000] {logging_mixin.py:188} INFO - [2025-02-11T11:32:45.770+0000] {dagbag.py:538} INFO - Filling up the DagBag from /home/airflow/.local/lib/python3.8/site-packages/airflow/example_dags/example_dag_decorator.py
[2025-02-11T11:32:45.918+0000] {processor.py:840} INFO - DAG(s) 'example_dag_decorator' retrieved from /home/airflow/.local/lib/python3.8/site-packages/airflow/example_dags/example_dag_decorator.py
[2025-02-11T11:32:46.411+0000] {logging_mixin.py:188} INFO - [2025-02-11T11:32:46.402+0000] {dag.py:3036} INFO - Sync 1 DAGs
[2025-02-11T11:32:46.501+0000] {logging_mixin.py:188} INFO - [2025-02-11T11:32:46.500+0000] {dag.py:3823} INFO - Setting next_dagrun for example_dag_decorator to None, run_after=None
[2025-02-11T11:32:46.567+0000] {processor.py:183} INFO - Processing /home/airflow/.local/lib/python3.8/site-packages/airflow/example_dags/example_dag_decorator.py took 0.806 seconds
[2025-02-11T11:33:17.523+0000] {processor.py:161} INFO - Started process (PID=715) to work on /home/airflow/.local/lib/python3.8/site-packages/airflow/example_dags/example_dag_decorator.py
[2025-02-11T11:33:17.525+0000] {processor.py:830} INFO - Processing file /home/airflow/.local/lib/python3.8/site-packages/airflow/example_dags/example_dag_decorator.py for tasks to queue
[2025-02-11T11:33:17.528+0000] {logging_mixin.py:188} INFO - [2025-02-11T11:33:17.527+0000] {dagbag.py:538} INFO - Filling up the DagBag from /home/airflow/.local/lib/python3.8/site-packages/airflow/example_dags/example_dag_decorator.py
[2025-02-11T11:33:17.684+0000] {processor.py:840} INFO - DAG(s) 'example_dag_decorator' retrieved from /home/airflow/.local/lib/python3.8/site-packages/airflow/example_dags/example_dag_decorator.py
[2025-02-11T11:33:17.868+0000] {logging_mixin.py:188} INFO - [2025-02-11T11:33:17.867+0000] {dag.py:3036} INFO - Sync 1 DAGs
[2025-02-11T11:33:17.888+0000] {logging_mixin.py:188} INFO - [2025-02-11T11:33:17.888+0000] {dag.py:3823} INFO - Setting next_dagrun for example_dag_decorator to None, run_after=None
[2025-02-11T11:33:17.964+0000] {processor.py:183} INFO - Processing /home/airflow/.local/lib/python3.8/site-packages/airflow/example_dags/example_dag_decorator.py took 0.447 seconds
[2025-02-11T11:33:48.889+0000] {processor.py:161} INFO - Started process (PID=781) to work on /home/airflow/.local/lib/python3.8/site-packages/airflow/example_dags/example_dag_decorator.py
[2025-02-11T11:33:48.890+0000] {processor.py:830} INFO - Processing file /home/airflow/.local/lib/python3.8/site-packages/airflow/example_dags/example_dag_decorator.py for tasks to queue
[2025-02-11T11:33:48.893+0000] {logging_mixin.py:188} INFO - [2025-02-11T11:33:48.892+0000] {dagbag.py:538} INFO - Filling up the DagBag from /home/airflow/.local/lib/python3.8/site-packages/airflow/example_dags/example_dag_decorator.py
[2025-02-11T11:33:49.159+0000] {processor.py:840} INFO - DAG(s) 'example_dag_decorator' retrieved from /home/airflow/.local/lib/python3.8/site-packages/airflow/example_dags/example_dag_decorator.py
[2025-02-11T11:33:49.497+0000] {logging_mixin.py:188} INFO - [2025-02-11T11:33:49.493+0000] {dag.py:3036} INFO - Sync 1 DAGs
[2025-02-11T11:33:49.551+0000] {logging_mixin.py:188} INFO - [2025-02-11T11:33:49.551+0000] {dag.py:3823} INFO - Setting next_dagrun for example_dag_decorator to None, run_after=None
[2025-02-11T11:33:49.589+0000] {processor.py:183} INFO - Processing /home/airflow/.local/lib/python3.8/site-packages/airflow/example_dags/example_dag_decorator.py took 0.705 seconds
[2025-02-11T11:34:20.459+0000] {processor.py:161} INFO - Started process (PID=847) to work on /home/airflow/.local/lib/python3.8/site-packages/airflow/example_dags/example_dag_decorator.py
[2025-02-11T11:34:20.461+0000] {processor.py:830} INFO - Processing file /home/airflow/.local/lib/python3.8/site-packages/airflow/example_dags/example_dag_decorator.py for tasks to queue
[2025-02-11T11:34:20.463+0000] {logging_mixin.py:188} INFO - [2025-02-11T11:34:20.463+0000] {dagbag.py:538} INFO - Filling up the DagBag from /home/airflow/.local/lib/python3.8/site-packages/airflow/example_dags/example_dag_decorator.py
[2025-02-11T11:34:20.612+0000] {processor.py:840} INFO - DAG(s) 'example_dag_decorator' retrieved from /home/airflow/.local/lib/python3.8/site-packages/airflow/example_dags/example_dag_decorator.py
[2025-02-11T11:34:20.781+0000] {logging_mixin.py:188} INFO - [2025-02-11T11:34:20.781+0000] {dag.py:3036} INFO - Sync 1 DAGs
[2025-02-11T11:34:20.796+0000] {logging_mixin.py:188} INFO - [2025-02-11T11:34:20.796+0000] {dag.py:3823} INFO - Setting next_dagrun for example_dag_decorator to None, run_after=None
[2025-02-11T11:34:20.836+0000] {processor.py:183} INFO - Processing /home/airflow/.local/lib/python3.8/site-packages/airflow/example_dags/example_dag_decorator.py took 0.382 seconds
[2025-02-11T11:34:50.900+0000] {processor.py:161} INFO - Started process (PID=912) to work on /home/airflow/.local/lib/python3.8/site-packages/airflow/example_dags/example_dag_decorator.py
[2025-02-11T11:34:50.904+0000] {processor.py:830} INFO - Processing file /home/airflow/.local/lib/python3.8/site-packages/airflow/example_dags/example_dag_decorator.py for tasks to queue
[2025-02-11T11:34:50.908+0000] {logging_mixin.py:188} INFO - [2025-02-11T11:34:50.908+0000] {dagbag.py:538} INFO - Filling up the DagBag from /home/airflow/.local/lib/python3.8/site-packages/airflow/example_dags/example_dag_decorator.py
[2025-02-11T11:34:51.045+0000] {processor.py:840} INFO - DAG(s) 'example_dag_decorator' retrieved from /home/airflow/.local/lib/python3.8/site-packages/airflow/example_dags/example_dag_decorator.py
[2025-02-11T11:34:51.266+0000] {logging_mixin.py:188} INFO - [2025-02-11T11:34:51.265+0000] {dag.py:3036} INFO - Sync 1 DAGs
[2025-02-11T11:34:51.285+0000] {logging_mixin.py:188} INFO - [2025-02-11T11:34:51.285+0000] {dag.py:3823} INFO - Setting next_dagrun for example_dag_decorator to None, run_after=None
[2025-02-11T11:34:51.323+0000] {processor.py:183} INFO - Processing /home/airflow/.local/lib/python3.8/site-packages/airflow/example_dags/example_dag_decorator.py took 0.430 seconds
[2025-02-11T11:35:21.481+0000] {processor.py:161} INFO - Started process (PID=977) to work on /home/airflow/.local/lib/python3.8/site-packages/airflow/example_dags/example_dag_decorator.py
[2025-02-11T11:35:21.483+0000] {processor.py:830} INFO - Processing file /home/airflow/.local/lib/python3.8/site-packages/airflow/example_dags/example_dag_decorator.py for tasks to queue
[2025-02-11T11:35:21.487+0000] {logging_mixin.py:188} INFO - [2025-02-11T11:35:21.486+0000] {dagbag.py:538} INFO - Filling up the DagBag from /home/airflow/.local/lib/python3.8/site-packages/airflow/example_dags/example_dag_decorator.py
[2025-02-11T11:35:21.718+0000] {processor.py:840} INFO - DAG(s) 'example_dag_decorator' retrieved from /home/airflow/.local/lib/python3.8/site-packages/airflow/example_dags/example_dag_decorator.py
[2025-02-11T11:35:21.939+0000] {logging_mixin.py:188} INFO - [2025-02-11T11:35:21.939+0000] {dag.py:3036} INFO - Sync 1 DAGs
[2025-02-11T11:35:21.969+0000] {logging_mixin.py:188} INFO - [2025-02-11T11:35:21.969+0000] {dag.py:3823} INFO - Setting next_dagrun for example_dag_decorator to None, run_after=None
[2025-02-11T11:35:22.022+0000] {processor.py:183} INFO - Processing /home/airflow/.local/lib/python3.8/site-packages/airflow/example_dags/example_dag_decorator.py took 0.549 seconds
[2025-02-11T11:35:52.075+0000] {processor.py:161} INFO - Started process (PID=1050) to work on /home/airflow/.local/lib/python3.8/site-packages/airflow/example_dags/example_dag_decorator.py
[2025-02-11T11:35:52.077+0000] {processor.py:830} INFO - Processing file /home/airflow/.local/lib/python3.8/site-packages/airflow/example_dags/example_dag_decorator.py for tasks to queue
[2025-02-11T11:35:52.080+0000] {logging_mixin.py:188} INFO - [2025-02-11T11:35:52.080+0000] {dagbag.py:538} INFO - Filling up the DagBag from /home/airflow/.local/lib/python3.8/site-packages/airflow/example_dags/example_dag_decorator.py
[2025-02-11T11:35:52.258+0000] {processor.py:840} INFO - DAG(s) 'example_dag_decorator' retrieved from /home/airflow/.local/lib/python3.8/site-packages/airflow/example_dags/example_dag_decorator.py
[2025-02-11T11:35:52.470+0000] {logging_mixin.py:188} INFO - [2025-02-11T11:35:52.470+0000] {dag.py:3036} INFO - Sync 1 DAGs
[2025-02-11T11:35:52.493+0000] {logging_mixin.py:188} INFO - [2025-02-11T11:35:52.492+0000] {dag.py:3823} INFO - Setting next_dagrun for example_dag_decorator to None, run_after=None
[2025-02-11T11:35:52.531+0000] {processor.py:183} INFO - Processing /home/airflow/.local/lib/python3.8/site-packages/airflow/example_dags/example_dag_decorator.py took 0.462 seconds
[2025-02-11T11:36:22.608+0000] {processor.py:161} INFO - Started process (PID=1117) to work on /home/airflow/.local/lib/python3.8/site-packages/airflow/example_dags/example_dag_decorator.py
[2025-02-11T11:36:22.611+0000] {processor.py:830} INFO - Processing file /home/airflow/.local/lib/python3.8/site-packages/airflow/example_dags/example_dag_decorator.py for tasks to queue
[2025-02-11T11:36:22.615+0000] {logging_mixin.py:188} INFO - [2025-02-11T11:36:22.614+0000] {dagbag.py:538} INFO - Filling up the DagBag from /home/airflow/.local/lib/python3.8/site-packages/airflow/example_dags/example_dag_decorator.py
[2025-02-11T11:36:22.784+0000] {processor.py:840} INFO - DAG(s) 'example_dag_decorator' retrieved from /home/airflow/.local/lib/python3.8/site-packages/airflow/example_dags/example_dag_decorator.py
[2025-02-11T11:36:22.968+0000] {logging_mixin.py:188} INFO - [2025-02-11T11:36:22.968+0000] {dag.py:3036} INFO - Sync 1 DAGs
[2025-02-11T11:36:22.986+0000] {logging_mixin.py:188} INFO - [2025-02-11T11:36:22.985+0000] {dag.py:3823} INFO - Setting next_dagrun for example_dag_decorator to None, run_after=None
[2025-02-11T11:36:23.023+0000] {processor.py:183} INFO - Processing /home/airflow/.local/lib/python3.8/site-packages/airflow/example_dags/example_dag_decorator.py took 0.420 seconds
[2025-02-11T11:36:53.234+0000] {processor.py:161} INFO - Started process (PID=1180) to work on /home/airflow/.local/lib/python3.8/site-packages/airflow/example_dags/example_dag_decorator.py
[2025-02-11T11:36:53.235+0000] {processor.py:830} INFO - Processing file /home/airflow/.local/lib/python3.8/site-packages/airflow/example_dags/example_dag_decorator.py for tasks to queue
[2025-02-11T11:36:53.238+0000] {logging_mixin.py:188} INFO - [2025-02-11T11:36:53.238+0000] {dagbag.py:538} INFO - Filling up the DagBag from /home/airflow/.local/lib/python3.8/site-packages/airflow/example_dags/example_dag_decorator.py
[2025-02-11T11:36:53.361+0000] {processor.py:840} INFO - DAG(s) 'example_dag_decorator' retrieved from /home/airflow/.local/lib/python3.8/site-packages/airflow/example_dags/example_dag_decorator.py
[2025-02-11T11:36:53.536+0000] {logging_mixin.py:188} INFO - [2025-02-11T11:36:53.536+0000] {dag.py:3036} INFO - Sync 1 DAGs
[2025-02-11T11:36:53.552+0000] {logging_mixin.py:188} INFO - [2025-02-11T11:36:53.552+0000] {dag.py:3823} INFO - Setting next_dagrun for example_dag_decorator to None, run_after=None
[2025-02-11T11:36:53.584+0000] {processor.py:183} INFO - Processing /home/airflow/.local/lib/python3.8/site-packages/airflow/example_dags/example_dag_decorator.py took 0.356 seconds
[2025-02-11T11:37:24.050+0000] {processor.py:161} INFO - Started process (PID=1252) to work on /home/airflow/.local/lib/python3.8/site-packages/airflow/example_dags/example_dag_decorator.py
[2025-02-11T11:37:24.051+0000] {processor.py:830} INFO - Processing file /home/airflow/.local/lib/python3.8/site-packages/airflow/example_dags/example_dag_decorator.py for tasks to queue
[2025-02-11T11:37:24.054+0000] {logging_mixin.py:188} INFO - [2025-02-11T11:37:24.053+0000] {dagbag.py:538} INFO - Filling up the DagBag from /home/airflow/.local/lib/python3.8/site-packages/airflow/example_dags/example_dag_decorator.py
[2025-02-11T11:37:24.170+0000] {processor.py:840} INFO - DAG(s) 'example_dag_decorator' retrieved from /home/airflow/.local/lib/python3.8/site-packages/airflow/example_dags/example_dag_decorator.py
[2025-02-11T11:37:24.321+0000] {logging_mixin.py:188} INFO - [2025-02-11T11:37:24.321+0000] {dag.py:3036} INFO - Sync 1 DAGs
[2025-02-11T11:37:24.338+0000] {logging_mixin.py:188} INFO - [2025-02-11T11:37:24.337+0000] {dag.py:3823} INFO - Setting next_dagrun for example_dag_decorator to None, run_after=None
[2025-02-11T11:37:24.522+0000] {processor.py:183} INFO - Processing /home/airflow/.local/lib/python3.8/site-packages/airflow/example_dags/example_dag_decorator.py took 0.477 seconds
[2025-02-11T11:37:54.553+0000] {processor.py:161} INFO - Started process (PID=1319) to work on /home/airflow/.local/lib/python3.8/site-packages/airflow/example_dags/example_dag_decorator.py
[2025-02-11T11:37:54.555+0000] {processor.py:830} INFO - Processing file /home/airflow/.local/lib/python3.8/site-packages/airflow/example_dags/example_dag_decorator.py for tasks to queue
[2025-02-11T11:37:54.558+0000] {logging_mixin.py:188} INFO - [2025-02-11T11:37:54.557+0000] {dagbag.py:538} INFO - Filling up the DagBag from /home/airflow/.local/lib/python3.8/site-packages/airflow/example_dags/example_dag_decorator.py
[2025-02-11T11:37:54.672+0000] {processor.py:840} INFO - DAG(s) 'example_dag_decorator' retrieved from /home/airflow/.local/lib/python3.8/site-packages/airflow/example_dags/example_dag_decorator.py
[2025-02-11T11:37:54.797+0000] {logging_mixin.py:188} INFO - [2025-02-11T11:37:54.797+0000] {dag.py:3036} INFO - Sync 1 DAGs
[2025-02-11T11:37:54.809+0000] {logging_mixin.py:188} INFO - [2025-02-11T11:37:54.809+0000] {dag.py:3823} INFO - Setting next_dagrun for example_dag_decorator to None, run_after=None
[2025-02-11T11:37:54.843+0000] {processor.py:183} INFO - Processing /home/airflow/.local/lib/python3.8/site-packages/airflow/example_dags/example_dag_decorator.py took 0.295 seconds
[2025-02-11T11:38:25.186+0000] {processor.py:161} INFO - Started process (PID=1384) to work on /home/airflow/.local/lib/python3.8/site-packages/airflow/example_dags/example_dag_decorator.py
[2025-02-11T11:38:25.188+0000] {processor.py:830} INFO - Processing file /home/airflow/.local/lib/python3.8/site-packages/airflow/example_dags/example_dag_decorator.py for tasks to queue
[2025-02-11T11:38:25.197+0000] {logging_mixin.py:188} INFO - [2025-02-11T11:38:25.196+0000] {dagbag.py:538} INFO - Filling up the DagBag from /home/airflow/.local/lib/python3.8/site-packages/airflow/example_dags/example_dag_decorator.py
[2025-02-11T11:38:25.363+0000] {processor.py:840} INFO - DAG(s) 'example_dag_decorator' retrieved from /home/airflow/.local/lib/python3.8/site-packages/airflow/example_dags/example_dag_decorator.py
[2025-02-11T11:38:25.508+0000] {logging_mixin.py:188} INFO - [2025-02-11T11:38:25.508+0000] {dag.py:3036} INFO - Sync 1 DAGs
[2025-02-11T11:38:25.523+0000] {logging_mixin.py:188} INFO - [2025-02-11T11:38:25.523+0000] {dag.py:3823} INFO - Setting next_dagrun for example_dag_decorator to None, run_after=None
[2025-02-11T11:38:25.548+0000] {processor.py:183} INFO - Processing /home/airflow/.local/lib/python3.8/site-packages/airflow/example_dags/example_dag_decorator.py took 0.373 seconds
[2025-02-11T11:38:55.682+0000] {processor.py:161} INFO - Started process (PID=1457) to work on /home/airflow/.local/lib/python3.8/site-packages/airflow/example_dags/example_dag_decorator.py
[2025-02-11T11:38:55.685+0000] {processor.py:830} INFO - Processing file /home/airflow/.local/lib/python3.8/site-packages/airflow/example_dags/example_dag_decorator.py for tasks to queue
[2025-02-11T11:38:55.691+0000] {logging_mixin.py:188} INFO - [2025-02-11T11:38:55.691+0000] {dagbag.py:538} INFO - Filling up the DagBag from /home/airflow/.local/lib/python3.8/site-packages/airflow/example_dags/example_dag_decorator.py
[2025-02-11T11:38:55.878+0000] {processor.py:840} INFO - DAG(s) 'example_dag_decorator' retrieved from /home/airflow/.local/lib/python3.8/site-packages/airflow/example_dags/example_dag_decorator.py
[2025-02-11T11:38:56.050+0000] {logging_mixin.py:188} INFO - [2025-02-11T11:38:56.050+0000] {dag.py:3036} INFO - Sync 1 DAGs
[2025-02-11T11:38:56.063+0000] {logging_mixin.py:188} INFO - [2025-02-11T11:38:56.063+0000] {dag.py:3823} INFO - Setting next_dagrun for example_dag_decorator to None, run_after=None
[2025-02-11T11:38:56.089+0000] {processor.py:183} INFO - Processing /home/airflow/.local/lib/python3.8/site-packages/airflow/example_dags/example_dag_decorator.py took 0.413 seconds
[2025-02-11T11:39:26.169+0000] {processor.py:161} INFO - Started process (PID=1523) to work on /home/airflow/.local/lib/python3.8/site-packages/airflow/example_dags/example_dag_decorator.py
[2025-02-11T11:39:26.171+0000] {processor.py:830} INFO - Processing file /home/airflow/.local/lib/python3.8/site-packages/airflow/example_dags/example_dag_decorator.py for tasks to queue
[2025-02-11T11:39:26.174+0000] {logging_mixin.py:188} INFO - [2025-02-11T11:39:26.174+0000] {dagbag.py:538} INFO - Filling up the DagBag from /home/airflow/.local/lib/python3.8/site-packages/airflow/example_dags/example_dag_decorator.py
[2025-02-11T11:39:26.323+0000] {processor.py:840} INFO - DAG(s) 'example_dag_decorator' retrieved from /home/airflow/.local/lib/python3.8/site-packages/airflow/example_dags/example_dag_decorator.py
[2025-02-11T11:39:26.480+0000] {logging_mixin.py:188} INFO - [2025-02-11T11:39:26.480+0000] {dag.py:3036} INFO - Sync 1 DAGs
[2025-02-11T11:39:26.493+0000] {logging_mixin.py:188} INFO - [2025-02-11T11:39:26.493+0000] {dag.py:3823} INFO - Setting next_dagrun for example_dag_decorator to None, run_after=None
[2025-02-11T11:39:26.516+0000] {processor.py:183} INFO - Processing /home/airflow/.local/lib/python3.8/site-packages/airflow/example_dags/example_dag_decorator.py took 0.352 seconds
[2025-02-11T11:39:56.609+0000] {processor.py:161} INFO - Started process (PID=1584) to work on /home/airflow/.local/lib/python3.8/site-packages/airflow/example_dags/example_dag_decorator.py
[2025-02-11T11:39:56.612+0000] {processor.py:830} INFO - Processing file /home/airflow/.local/lib/python3.8/site-packages/airflow/example_dags/example_dag_decorator.py for tasks to queue
[2025-02-11T11:39:56.615+0000] {logging_mixin.py:188} INFO - [2025-02-11T11:39:56.615+0000] {dagbag.py:538} INFO - Filling up the DagBag from /home/airflow/.local/lib/python3.8/site-packages/airflow/example_dags/example_dag_decorator.py
[2025-02-11T11:39:56.744+0000] {processor.py:840} INFO - DAG(s) 'example_dag_decorator' retrieved from /home/airflow/.local/lib/python3.8/site-packages/airflow/example_dags/example_dag_decorator.py
[2025-02-11T11:39:56.900+0000] {logging_mixin.py:188} INFO - [2025-02-11T11:39:56.900+0000] {dag.py:3036} INFO - Sync 1 DAGs
[2025-02-11T11:39:56.915+0000] {logging_mixin.py:188} INFO - [2025-02-11T11:39:56.914+0000] {dag.py:3823} INFO - Setting next_dagrun for example_dag_decorator to None, run_after=None
[2025-02-11T11:39:56.954+0000] {processor.py:183} INFO - Processing /home/airflow/.local/lib/python3.8/site-packages/airflow/example_dags/example_dag_decorator.py took 0.349 seconds
[2025-02-11T11:40:27.231+0000] {processor.py:161} INFO - Started process (PID=1649) to work on /home/airflow/.local/lib/python3.8/site-packages/airflow/example_dags/example_dag_decorator.py
[2025-02-11T11:40:27.232+0000] {processor.py:830} INFO - Processing file /home/airflow/.local/lib/python3.8/site-packages/airflow/example_dags/example_dag_decorator.py for tasks to queue
[2025-02-11T11:40:27.235+0000] {logging_mixin.py:188} INFO - [2025-02-11T11:40:27.234+0000] {dagbag.py:538} INFO - Filling up the DagBag from /home/airflow/.local/lib/python3.8/site-packages/airflow/example_dags/example_dag_decorator.py
[2025-02-11T11:40:27.351+0000] {processor.py:840} INFO - DAG(s) 'example_dag_decorator' retrieved from /home/airflow/.local/lib/python3.8/site-packages/airflow/example_dags/example_dag_decorator.py
[2025-02-11T11:40:27.385+0000] {logging_mixin.py:188} INFO - [2025-02-11T11:40:27.385+0000] {dag.py:3036} INFO - Sync 1 DAGs
[2025-02-11T11:40:27.402+0000] {logging_mixin.py:188} INFO - [2025-02-11T11:40:27.402+0000] {dag.py:3823} INFO - Setting next_dagrun for example_dag_decorator to None, run_after=None
[2025-02-11T11:40:27.430+0000] {processor.py:183} INFO - Processing /home/airflow/.local/lib/python3.8/site-packages/airflow/example_dags/example_dag_decorator.py took 0.204 seconds
[2025-02-11T11:40:57.945+0000] {processor.py:161} INFO - Started process (PID=1714) to work on /home/airflow/.local/lib/python3.8/site-packages/airflow/example_dags/example_dag_decorator.py
[2025-02-11T11:40:57.949+0000] {processor.py:830} INFO - Processing file /home/airflow/.local/lib/python3.8/site-packages/airflow/example_dags/example_dag_decorator.py for tasks to queue
[2025-02-11T11:40:57.953+0000] {logging_mixin.py:188} INFO - [2025-02-11T11:40:57.952+0000] {dagbag.py:538} INFO - Filling up the DagBag from /home/airflow/.local/lib/python3.8/site-packages/airflow/example_dags/example_dag_decorator.py
[2025-02-11T11:40:58.115+0000] {processor.py:840} INFO - DAG(s) 'example_dag_decorator' retrieved from /home/airflow/.local/lib/python3.8/site-packages/airflow/example_dags/example_dag_decorator.py
[2025-02-11T11:40:58.449+0000] {logging_mixin.py:188} INFO - [2025-02-11T11:40:58.449+0000] {dag.py:3036} INFO - Sync 1 DAGs
[2025-02-11T11:40:58.470+0000] {logging_mixin.py:188} INFO - [2025-02-11T11:40:58.470+0000] {dag.py:3823} INFO - Setting next_dagrun for example_dag_decorator to None, run_after=None
[2025-02-11T11:40:58.495+0000] {processor.py:183} INFO - Processing /home/airflow/.local/lib/python3.8/site-packages/airflow/example_dags/example_dag_decorator.py took 0.557 seconds
