[2025-02-11T11:28:31.857+0000] {processor.py:161} INFO - Started process (PID=82) to work on /home/airflow/.local/lib/python3.8/site-packages/airflow/example_dags/example_short_circuit_operator.py
[2025-02-11T11:28:31.869+0000] {processor.py:830} INFO - Processing file /home/airflow/.local/lib/python3.8/site-packages/airflow/example_dags/example_short_circuit_operator.py for tasks to queue
[2025-02-11T11:28:31.878+0000] {logging_mixin.py:188} INFO - [2025-02-11T11:28:31.878+0000] {dagbag.py:538} INFO - Filling up the DagBag from /home/airflow/.local/lib/python3.8/site-packages/airflow/example_dags/example_short_circuit_operator.py
[2025-02-11T11:28:31.898+0000] {processor.py:840} INFO - DAG(s) 'example_short_circuit_operator' retrieved from /home/airflow/.local/lib/python3.8/site-packages/airflow/example_dags/example_short_circuit_operator.py
[2025-02-11T11:28:32.001+0000] {logging_mixin.py:188} INFO - [2025-02-11T11:28:32.000+0000] {dag.py:3036} INFO - Sync 1 DAGs
[2025-02-11T11:28:32.265+0000] {logging_mixin.py:188} INFO - [2025-02-11T11:28:32.264+0000] {dag.py:3823} INFO - Setting next_dagrun for example_short_circuit_operator to 2025-02-10 00:00:00+00:00, run_after=2025-02-11 00:00:00+00:00
[2025-02-11T11:28:32.327+0000] {processor.py:183} INFO - Processing /home/airflow/.local/lib/python3.8/site-packages/airflow/example_dags/example_short_circuit_operator.py took 0.486 seconds
[2025-02-11T11:29:03.130+0000] {processor.py:161} INFO - Started process (PID=146) to work on /home/airflow/.local/lib/python3.8/site-packages/airflow/example_dags/example_short_circuit_operator.py
[2025-02-11T11:29:03.133+0000] {processor.py:830} INFO - Processing file /home/airflow/.local/lib/python3.8/site-packages/airflow/example_dags/example_short_circuit_operator.py for tasks to queue
[2025-02-11T11:29:03.137+0000] {logging_mixin.py:188} INFO - [2025-02-11T11:29:03.137+0000] {dagbag.py:538} INFO - Filling up the DagBag from /home/airflow/.local/lib/python3.8/site-packages/airflow/example_dags/example_short_circuit_operator.py
[2025-02-11T11:29:03.148+0000] {processor.py:840} INFO - DAG(s) 'example_short_circuit_operator' retrieved from /home/airflow/.local/lib/python3.8/site-packages/airflow/example_dags/example_short_circuit_operator.py
[2025-02-11T11:29:03.186+0000] {logging_mixin.py:188} INFO - [2025-02-11T11:29:03.186+0000] {dag.py:3036} INFO - Sync 1 DAGs
[2025-02-11T11:29:03.221+0000] {logging_mixin.py:188} INFO - [2025-02-11T11:29:03.221+0000] {dag.py:3823} INFO - Setting next_dagrun for example_short_circuit_operator to 2025-02-10 00:00:00+00:00, run_after=2025-02-11 00:00:00+00:00
[2025-02-11T11:29:03.255+0000] {processor.py:183} INFO - Processing /home/airflow/.local/lib/python3.8/site-packages/airflow/example_dags/example_short_circuit_operator.py took 0.131 seconds
[2025-02-11T11:29:34.374+0000] {processor.py:161} INFO - Started process (PID=211) to work on /home/airflow/.local/lib/python3.8/site-packages/airflow/example_dags/example_short_circuit_operator.py
[2025-02-11T11:29:34.420+0000] {processor.py:830} INFO - Processing file /home/airflow/.local/lib/python3.8/site-packages/airflow/example_dags/example_short_circuit_operator.py for tasks to queue
[2025-02-11T11:29:34.427+0000] {logging_mixin.py:188} INFO - [2025-02-11T11:29:34.426+0000] {dagbag.py:538} INFO - Filling up the DagBag from /home/airflow/.local/lib/python3.8/site-packages/airflow/example_dags/example_short_circuit_operator.py
[2025-02-11T11:29:34.506+0000] {processor.py:840} INFO - DAG(s) 'example_short_circuit_operator' retrieved from /home/airflow/.local/lib/python3.8/site-packages/airflow/example_dags/example_short_circuit_operator.py
[2025-02-11T11:29:35.504+0000] {logging_mixin.py:188} INFO - [2025-02-11T11:29:35.503+0000] {dag.py:3036} INFO - Sync 1 DAGs
[2025-02-11T11:29:35.657+0000] {logging_mixin.py:188} INFO - [2025-02-11T11:29:35.657+0000] {dag.py:3823} INFO - Setting next_dagrun for example_short_circuit_operator to 2025-02-10 00:00:00+00:00, run_after=2025-02-11 00:00:00+00:00
[2025-02-11T11:29:35.722+0000] {processor.py:183} INFO - Processing /home/airflow/.local/lib/python3.8/site-packages/airflow/example_dags/example_short_circuit_operator.py took 1.354 seconds
[2025-02-11T11:30:05.862+0000] {processor.py:161} INFO - Started process (PID=281) to work on /home/airflow/.local/lib/python3.8/site-packages/airflow/example_dags/example_short_circuit_operator.py
[2025-02-11T11:30:05.866+0000] {processor.py:830} INFO - Processing file /home/airflow/.local/lib/python3.8/site-packages/airflow/example_dags/example_short_circuit_operator.py for tasks to queue
[2025-02-11T11:30:05.872+0000] {logging_mixin.py:188} INFO - [2025-02-11T11:30:05.871+0000] {dagbag.py:538} INFO - Filling up the DagBag from /home/airflow/.local/lib/python3.8/site-packages/airflow/example_dags/example_short_circuit_operator.py
[2025-02-11T11:30:05.889+0000] {processor.py:840} INFO - DAG(s) 'example_short_circuit_operator' retrieved from /home/airflow/.local/lib/python3.8/site-packages/airflow/example_dags/example_short_circuit_operator.py
[2025-02-11T11:30:05.940+0000] {logging_mixin.py:188} INFO - [2025-02-11T11:30:05.940+0000] {dag.py:3036} INFO - Sync 1 DAGs
[2025-02-11T11:30:06.004+0000] {logging_mixin.py:188} INFO - [2025-02-11T11:30:06.003+0000] {dag.py:3823} INFO - Setting next_dagrun for example_short_circuit_operator to 2025-02-10 00:00:00+00:00, run_after=2025-02-11 00:00:00+00:00
[2025-02-11T11:30:06.063+0000] {processor.py:183} INFO - Processing /home/airflow/.local/lib/python3.8/site-packages/airflow/example_dags/example_short_circuit_operator.py took 0.208 seconds
[2025-02-11T11:30:36.639+0000] {processor.py:161} INFO - Started process (PID=347) to work on /home/airflow/.local/lib/python3.8/site-packages/airflow/example_dags/example_short_circuit_operator.py
[2025-02-11T11:30:36.643+0000] {processor.py:830} INFO - Processing file /home/airflow/.local/lib/python3.8/site-packages/airflow/example_dags/example_short_circuit_operator.py for tasks to queue
[2025-02-11T11:30:36.646+0000] {logging_mixin.py:188} INFO - [2025-02-11T11:30:36.646+0000] {dagbag.py:538} INFO - Filling up the DagBag from /home/airflow/.local/lib/python3.8/site-packages/airflow/example_dags/example_short_circuit_operator.py
[2025-02-11T11:30:36.665+0000] {processor.py:840} INFO - DAG(s) 'example_short_circuit_operator' retrieved from /home/airflow/.local/lib/python3.8/site-packages/airflow/example_dags/example_short_circuit_operator.py
[2025-02-11T11:30:36.733+0000] {logging_mixin.py:188} INFO - [2025-02-11T11:30:36.732+0000] {dag.py:3036} INFO - Sync 1 DAGs
[2025-02-11T11:30:36.779+0000] {logging_mixin.py:188} INFO - [2025-02-11T11:30:36.779+0000] {dag.py:3823} INFO - Setting next_dagrun for example_short_circuit_operator to 2025-02-10 00:00:00+00:00, run_after=2025-02-11 00:00:00+00:00
[2025-02-11T11:30:36.827+0000] {processor.py:183} INFO - Processing /home/airflow/.local/lib/python3.8/site-packages/airflow/example_dags/example_short_circuit_operator.py took 0.193 seconds
[2025-02-11T11:31:06.868+0000] {processor.py:161} INFO - Started process (PID=412) to work on /home/airflow/.local/lib/python3.8/site-packages/airflow/example_dags/example_short_circuit_operator.py
[2025-02-11T11:31:06.872+0000] {processor.py:830} INFO - Processing file /home/airflow/.local/lib/python3.8/site-packages/airflow/example_dags/example_short_circuit_operator.py for tasks to queue
[2025-02-11T11:31:06.874+0000] {logging_mixin.py:188} INFO - [2025-02-11T11:31:06.874+0000] {dagbag.py:538} INFO - Filling up the DagBag from /home/airflow/.local/lib/python3.8/site-packages/airflow/example_dags/example_short_circuit_operator.py
[2025-02-11T11:31:06.886+0000] {processor.py:840} INFO - DAG(s) 'example_short_circuit_operator' retrieved from /home/airflow/.local/lib/python3.8/site-packages/airflow/example_dags/example_short_circuit_operator.py
[2025-02-11T11:31:06.924+0000] {logging_mixin.py:188} INFO - [2025-02-11T11:31:06.923+0000] {dag.py:3036} INFO - Sync 1 DAGs
[2025-02-11T11:31:06.958+0000] {logging_mixin.py:188} INFO - [2025-02-11T11:31:06.958+0000] {dag.py:3823} INFO - Setting next_dagrun for example_short_circuit_operator to 2025-02-10 00:00:00+00:00, run_after=2025-02-11 00:00:00+00:00
[2025-02-11T11:31:06.994+0000] {processor.py:183} INFO - Processing /home/airflow/.local/lib/python3.8/site-packages/airflow/example_dags/example_short_circuit_operator.py took 0.131 seconds
[2025-02-11T11:31:37.104+0000] {processor.py:161} INFO - Started process (PID=478) to work on /home/airflow/.local/lib/python3.8/site-packages/airflow/example_dags/example_short_circuit_operator.py
[2025-02-11T11:31:37.106+0000] {processor.py:830} INFO - Processing file /home/airflow/.local/lib/python3.8/site-packages/airflow/example_dags/example_short_circuit_operator.py for tasks to queue
[2025-02-11T11:31:37.109+0000] {logging_mixin.py:188} INFO - [2025-02-11T11:31:37.108+0000] {dagbag.py:538} INFO - Filling up the DagBag from /home/airflow/.local/lib/python3.8/site-packages/airflow/example_dags/example_short_circuit_operator.py
[2025-02-11T11:31:37.119+0000] {processor.py:840} INFO - DAG(s) 'example_short_circuit_operator' retrieved from /home/airflow/.local/lib/python3.8/site-packages/airflow/example_dags/example_short_circuit_operator.py
[2025-02-11T11:31:37.148+0000] {logging_mixin.py:188} INFO - [2025-02-11T11:31:37.148+0000] {dag.py:3036} INFO - Sync 1 DAGs
[2025-02-11T11:31:37.173+0000] {logging_mixin.py:188} INFO - [2025-02-11T11:31:37.173+0000] {dag.py:3823} INFO - Setting next_dagrun for example_short_circuit_operator to 2025-02-10 00:00:00+00:00, run_after=2025-02-11 00:00:00+00:00
[2025-02-11T11:31:37.197+0000] {processor.py:183} INFO - Processing /home/airflow/.local/lib/python3.8/site-packages/airflow/example_dags/example_short_circuit_operator.py took 0.097 seconds
[2025-02-11T11:32:07.422+0000] {processor.py:161} INFO - Started process (PID=542) to work on /home/airflow/.local/lib/python3.8/site-packages/airflow/example_dags/example_short_circuit_operator.py
[2025-02-11T11:32:07.424+0000] {processor.py:830} INFO - Processing file /home/airflow/.local/lib/python3.8/site-packages/airflow/example_dags/example_short_circuit_operator.py for tasks to queue
[2025-02-11T11:32:07.428+0000] {logging_mixin.py:188} INFO - [2025-02-11T11:32:07.428+0000] {dagbag.py:538} INFO - Filling up the DagBag from /home/airflow/.local/lib/python3.8/site-packages/airflow/example_dags/example_short_circuit_operator.py
[2025-02-11T11:32:07.441+0000] {processor.py:840} INFO - DAG(s) 'example_short_circuit_operator' retrieved from /home/airflow/.local/lib/python3.8/site-packages/airflow/example_dags/example_short_circuit_operator.py
[2025-02-11T11:32:07.481+0000] {logging_mixin.py:188} INFO - [2025-02-11T11:32:07.481+0000] {dag.py:3036} INFO - Sync 1 DAGs
[2025-02-11T11:32:07.516+0000] {logging_mixin.py:188} INFO - [2025-02-11T11:32:07.516+0000] {dag.py:3823} INFO - Setting next_dagrun for example_short_circuit_operator to 2025-02-10 00:00:00+00:00, run_after=2025-02-11 00:00:00+00:00
[2025-02-11T11:32:07.545+0000] {processor.py:183} INFO - Processing /home/airflow/.local/lib/python3.8/site-packages/airflow/example_dags/example_short_circuit_operator.py took 0.127 seconds
[2025-02-11T11:32:37.638+0000] {processor.py:161} INFO - Started process (PID=613) to work on /home/airflow/.local/lib/python3.8/site-packages/airflow/example_dags/example_short_circuit_operator.py
[2025-02-11T11:32:37.640+0000] {processor.py:830} INFO - Processing file /home/airflow/.local/lib/python3.8/site-packages/airflow/example_dags/example_short_circuit_operator.py for tasks to queue
[2025-02-11T11:32:37.642+0000] {logging_mixin.py:188} INFO - [2025-02-11T11:32:37.642+0000] {dagbag.py:538} INFO - Filling up the DagBag from /home/airflow/.local/lib/python3.8/site-packages/airflow/example_dags/example_short_circuit_operator.py
[2025-02-11T11:32:37.654+0000] {processor.py:840} INFO - DAG(s) 'example_short_circuit_operator' retrieved from /home/airflow/.local/lib/python3.8/site-packages/airflow/example_dags/example_short_circuit_operator.py
[2025-02-11T11:32:37.706+0000] {logging_mixin.py:188} INFO - [2025-02-11T11:32:37.705+0000] {dag.py:3036} INFO - Sync 1 DAGs
[2025-02-11T11:32:37.741+0000] {logging_mixin.py:188} INFO - [2025-02-11T11:32:37.740+0000] {dag.py:3823} INFO - Setting next_dagrun for example_short_circuit_operator to 2025-02-10 00:00:00+00:00, run_after=2025-02-11 00:00:00+00:00
[2025-02-11T11:32:37.777+0000] {processor.py:183} INFO - Processing /home/airflow/.local/lib/python3.8/site-packages/airflow/example_dags/example_short_circuit_operator.py took 0.143 seconds
[2025-02-11T11:33:08.154+0000] {processor.py:161} INFO - Started process (PID=679) to work on /home/airflow/.local/lib/python3.8/site-packages/airflow/example_dags/example_short_circuit_operator.py
[2025-02-11T11:33:08.157+0000] {processor.py:830} INFO - Processing file /home/airflow/.local/lib/python3.8/site-packages/airflow/example_dags/example_short_circuit_operator.py for tasks to queue
[2025-02-11T11:33:08.159+0000] {logging_mixin.py:188} INFO - [2025-02-11T11:33:08.159+0000] {dagbag.py:538} INFO - Filling up the DagBag from /home/airflow/.local/lib/python3.8/site-packages/airflow/example_dags/example_short_circuit_operator.py
[2025-02-11T11:33:08.170+0000] {processor.py:840} INFO - DAG(s) 'example_short_circuit_operator' retrieved from /home/airflow/.local/lib/python3.8/site-packages/airflow/example_dags/example_short_circuit_operator.py
[2025-02-11T11:33:08.204+0000] {logging_mixin.py:188} INFO - [2025-02-11T11:33:08.203+0000] {dag.py:3036} INFO - Sync 1 DAGs
[2025-02-11T11:33:08.234+0000] {logging_mixin.py:188} INFO - [2025-02-11T11:33:08.234+0000] {dag.py:3823} INFO - Setting next_dagrun for example_short_circuit_operator to 2025-02-10 00:00:00+00:00, run_after=2025-02-11 00:00:00+00:00
[2025-02-11T11:33:08.271+0000] {processor.py:183} INFO - Processing /home/airflow/.local/lib/python3.8/site-packages/airflow/example_dags/example_short_circuit_operator.py took 0.121 seconds
[2025-02-11T11:33:38.766+0000] {processor.py:161} INFO - Started process (PID=744) to work on /home/airflow/.local/lib/python3.8/site-packages/airflow/example_dags/example_short_circuit_operator.py
[2025-02-11T11:33:38.767+0000] {processor.py:830} INFO - Processing file /home/airflow/.local/lib/python3.8/site-packages/airflow/example_dags/example_short_circuit_operator.py for tasks to queue
[2025-02-11T11:33:38.770+0000] {logging_mixin.py:188} INFO - [2025-02-11T11:33:38.770+0000] {dagbag.py:538} INFO - Filling up the DagBag from /home/airflow/.local/lib/python3.8/site-packages/airflow/example_dags/example_short_circuit_operator.py
[2025-02-11T11:33:38.783+0000] {processor.py:840} INFO - DAG(s) 'example_short_circuit_operator' retrieved from /home/airflow/.local/lib/python3.8/site-packages/airflow/example_dags/example_short_circuit_operator.py
[2025-02-11T11:33:38.819+0000] {logging_mixin.py:188} INFO - [2025-02-11T11:33:38.818+0000] {dag.py:3036} INFO - Sync 1 DAGs
[2025-02-11T11:33:38.856+0000] {logging_mixin.py:188} INFO - [2025-02-11T11:33:38.856+0000] {dag.py:3823} INFO - Setting next_dagrun for example_short_circuit_operator to 2025-02-10 00:00:00+00:00, run_after=2025-02-11 00:00:00+00:00
[2025-02-11T11:33:38.890+0000] {processor.py:183} INFO - Processing /home/airflow/.local/lib/python3.8/site-packages/airflow/example_dags/example_short_circuit_operator.py took 0.129 seconds
[2025-02-11T11:34:09.820+0000] {processor.py:161} INFO - Started process (PID=815) to work on /home/airflow/.local/lib/python3.8/site-packages/airflow/example_dags/example_short_circuit_operator.py
[2025-02-11T11:34:09.822+0000] {processor.py:830} INFO - Processing file /home/airflow/.local/lib/python3.8/site-packages/airflow/example_dags/example_short_circuit_operator.py for tasks to queue
[2025-02-11T11:34:09.827+0000] {logging_mixin.py:188} INFO - [2025-02-11T11:34:09.827+0000] {dagbag.py:538} INFO - Filling up the DagBag from /home/airflow/.local/lib/python3.8/site-packages/airflow/example_dags/example_short_circuit_operator.py
[2025-02-11T11:34:09.840+0000] {processor.py:840} INFO - DAG(s) 'example_short_circuit_operator' retrieved from /home/airflow/.local/lib/python3.8/site-packages/airflow/example_dags/example_short_circuit_operator.py
[2025-02-11T11:34:09.885+0000] {logging_mixin.py:188} INFO - [2025-02-11T11:34:09.885+0000] {dag.py:3036} INFO - Sync 1 DAGs
[2025-02-11T11:34:09.927+0000] {logging_mixin.py:188} INFO - [2025-02-11T11:34:09.926+0000] {dag.py:3823} INFO - Setting next_dagrun for example_short_circuit_operator to 2025-02-10 00:00:00+00:00, run_after=2025-02-11 00:00:00+00:00
[2025-02-11T11:34:09.971+0000] {processor.py:183} INFO - Processing /home/airflow/.local/lib/python3.8/site-packages/airflow/example_dags/example_short_circuit_operator.py took 0.157 seconds
[2025-02-11T11:34:40.935+0000] {processor.py:161} INFO - Started process (PID=880) to work on /home/airflow/.local/lib/python3.8/site-packages/airflow/example_dags/example_short_circuit_operator.py
[2025-02-11T11:34:40.937+0000] {processor.py:830} INFO - Processing file /home/airflow/.local/lib/python3.8/site-packages/airflow/example_dags/example_short_circuit_operator.py for tasks to queue
[2025-02-11T11:34:40.946+0000] {logging_mixin.py:188} INFO - [2025-02-11T11:34:40.945+0000] {dagbag.py:538} INFO - Filling up the DagBag from /home/airflow/.local/lib/python3.8/site-packages/airflow/example_dags/example_short_circuit_operator.py
[2025-02-11T11:34:40.962+0000] {processor.py:840} INFO - DAG(s) 'example_short_circuit_operator' retrieved from /home/airflow/.local/lib/python3.8/site-packages/airflow/example_dags/example_short_circuit_operator.py
[2025-02-11T11:34:41.019+0000] {logging_mixin.py:188} INFO - [2025-02-11T11:34:41.018+0000] {dag.py:3036} INFO - Sync 1 DAGs
[2025-02-11T11:34:41.070+0000] {logging_mixin.py:188} INFO - [2025-02-11T11:34:41.069+0000] {dag.py:3823} INFO - Setting next_dagrun for example_short_circuit_operator to 2025-02-10 00:00:00+00:00, run_after=2025-02-11 00:00:00+00:00
[2025-02-11T11:34:41.132+0000] {processor.py:183} INFO - Processing /home/airflow/.local/lib/python3.8/site-packages/airflow/example_dags/example_short_circuit_operator.py took 0.203 seconds
[2025-02-11T11:35:11.245+0000] {processor.py:161} INFO - Started process (PID=944) to work on /home/airflow/.local/lib/python3.8/site-packages/airflow/example_dags/example_short_circuit_operator.py
[2025-02-11T11:35:11.247+0000] {processor.py:830} INFO - Processing file /home/airflow/.local/lib/python3.8/site-packages/airflow/example_dags/example_short_circuit_operator.py for tasks to queue
[2025-02-11T11:35:11.251+0000] {logging_mixin.py:188} INFO - [2025-02-11T11:35:11.250+0000] {dagbag.py:538} INFO - Filling up the DagBag from /home/airflow/.local/lib/python3.8/site-packages/airflow/example_dags/example_short_circuit_operator.py
[2025-02-11T11:35:11.458+0000] {processor.py:840} INFO - DAG(s) 'example_short_circuit_operator' retrieved from /home/airflow/.local/lib/python3.8/site-packages/airflow/example_dags/example_short_circuit_operator.py
[2025-02-11T11:35:11.667+0000] {logging_mixin.py:188} INFO - [2025-02-11T11:35:11.666+0000] {dag.py:3036} INFO - Sync 1 DAGs
[2025-02-11T11:35:11.744+0000] {logging_mixin.py:188} INFO - [2025-02-11T11:35:11.743+0000] {dag.py:3823} INFO - Setting next_dagrun for example_short_circuit_operator to 2025-02-10 00:00:00+00:00, run_after=2025-02-11 00:00:00+00:00
[2025-02-11T11:35:11.816+0000] {processor.py:183} INFO - Processing /home/airflow/.local/lib/python3.8/site-packages/airflow/example_dags/example_short_circuit_operator.py took 0.577 seconds
[2025-02-11T11:35:42.651+0000] {processor.py:161} INFO - Started process (PID=1010) to work on /home/airflow/.local/lib/python3.8/site-packages/airflow/example_dags/example_short_circuit_operator.py
[2025-02-11T11:35:42.656+0000] {processor.py:830} INFO - Processing file /home/airflow/.local/lib/python3.8/site-packages/airflow/example_dags/example_short_circuit_operator.py for tasks to queue
[2025-02-11T11:35:42.664+0000] {logging_mixin.py:188} INFO - [2025-02-11T11:35:42.663+0000] {dagbag.py:538} INFO - Filling up the DagBag from /home/airflow/.local/lib/python3.8/site-packages/airflow/example_dags/example_short_circuit_operator.py
[2025-02-11T11:35:42.682+0000] {processor.py:840} INFO - DAG(s) 'example_short_circuit_operator' retrieved from /home/airflow/.local/lib/python3.8/site-packages/airflow/example_dags/example_short_circuit_operator.py
[2025-02-11T11:35:42.743+0000] {logging_mixin.py:188} INFO - [2025-02-11T11:35:42.742+0000] {dag.py:3036} INFO - Sync 1 DAGs
[2025-02-11T11:35:42.789+0000] {logging_mixin.py:188} INFO - [2025-02-11T11:35:42.788+0000] {dag.py:3823} INFO - Setting next_dagrun for example_short_circuit_operator to 2025-02-10 00:00:00+00:00, run_after=2025-02-11 00:00:00+00:00
[2025-02-11T11:35:42.834+0000] {processor.py:183} INFO - Processing /home/airflow/.local/lib/python3.8/site-packages/airflow/example_dags/example_short_circuit_operator.py took 0.191 seconds
[2025-02-11T11:36:13.133+0000] {processor.py:161} INFO - Started process (PID=1075) to work on /home/airflow/.local/lib/python3.8/site-packages/airflow/example_dags/example_short_circuit_operator.py
[2025-02-11T11:36:13.135+0000] {processor.py:830} INFO - Processing file /home/airflow/.local/lib/python3.8/site-packages/airflow/example_dags/example_short_circuit_operator.py for tasks to queue
[2025-02-11T11:36:13.139+0000] {logging_mixin.py:188} INFO - [2025-02-11T11:36:13.138+0000] {dagbag.py:538} INFO - Filling up the DagBag from /home/airflow/.local/lib/python3.8/site-packages/airflow/example_dags/example_short_circuit_operator.py
[2025-02-11T11:36:13.149+0000] {processor.py:840} INFO - DAG(s) 'example_short_circuit_operator' retrieved from /home/airflow/.local/lib/python3.8/site-packages/airflow/example_dags/example_short_circuit_operator.py
[2025-02-11T11:36:13.189+0000] {logging_mixin.py:188} INFO - [2025-02-11T11:36:13.188+0000] {dag.py:3036} INFO - Sync 1 DAGs
[2025-02-11T11:36:13.222+0000] {logging_mixin.py:188} INFO - [2025-02-11T11:36:13.222+0000] {dag.py:3823} INFO - Setting next_dagrun for example_short_circuit_operator to 2025-02-10 00:00:00+00:00, run_after=2025-02-11 00:00:00+00:00
[2025-02-11T11:36:13.262+0000] {processor.py:183} INFO - Processing /home/airflow/.local/lib/python3.8/site-packages/airflow/example_dags/example_short_circuit_operator.py took 0.134 seconds
[2025-02-11T11:36:43.751+0000] {processor.py:161} INFO - Started process (PID=1148) to work on /home/airflow/.local/lib/python3.8/site-packages/airflow/example_dags/example_short_circuit_operator.py
[2025-02-11T11:36:43.752+0000] {processor.py:830} INFO - Processing file /home/airflow/.local/lib/python3.8/site-packages/airflow/example_dags/example_short_circuit_operator.py for tasks to queue
[2025-02-11T11:36:43.755+0000] {logging_mixin.py:188} INFO - [2025-02-11T11:36:43.755+0000] {dagbag.py:538} INFO - Filling up the DagBag from /home/airflow/.local/lib/python3.8/site-packages/airflow/example_dags/example_short_circuit_operator.py
[2025-02-11T11:36:43.766+0000] {processor.py:840} INFO - DAG(s) 'example_short_circuit_operator' retrieved from /home/airflow/.local/lib/python3.8/site-packages/airflow/example_dags/example_short_circuit_operator.py
[2025-02-11T11:36:43.814+0000] {logging_mixin.py:188} INFO - [2025-02-11T11:36:43.813+0000] {dag.py:3036} INFO - Sync 1 DAGs
[2025-02-11T11:36:43.857+0000] {logging_mixin.py:188} INFO - [2025-02-11T11:36:43.857+0000] {dag.py:3823} INFO - Setting next_dagrun for example_short_circuit_operator to 2025-02-10 00:00:00+00:00, run_after=2025-02-11 00:00:00+00:00
[2025-02-11T11:36:43.891+0000] {processor.py:183} INFO - Processing /home/airflow/.local/lib/python3.8/site-packages/airflow/example_dags/example_short_circuit_operator.py took 0.144 seconds
[2025-02-11T11:37:14.618+0000] {processor.py:161} INFO - Started process (PID=1213) to work on /home/airflow/.local/lib/python3.8/site-packages/airflow/example_dags/example_short_circuit_operator.py
[2025-02-11T11:37:14.621+0000] {processor.py:830} INFO - Processing file /home/airflow/.local/lib/python3.8/site-packages/airflow/example_dags/example_short_circuit_operator.py for tasks to queue
[2025-02-11T11:37:14.624+0000] {logging_mixin.py:188} INFO - [2025-02-11T11:37:14.623+0000] {dagbag.py:538} INFO - Filling up the DagBag from /home/airflow/.local/lib/python3.8/site-packages/airflow/example_dags/example_short_circuit_operator.py
[2025-02-11T11:37:14.639+0000] {processor.py:840} INFO - DAG(s) 'example_short_circuit_operator' retrieved from /home/airflow/.local/lib/python3.8/site-packages/airflow/example_dags/example_short_circuit_operator.py
[2025-02-11T11:37:14.681+0000] {logging_mixin.py:188} INFO - [2025-02-11T11:37:14.680+0000] {dag.py:3036} INFO - Sync 1 DAGs
[2025-02-11T11:37:14.723+0000] {logging_mixin.py:188} INFO - [2025-02-11T11:37:14.722+0000] {dag.py:3823} INFO - Setting next_dagrun for example_short_circuit_operator to 2025-02-10 00:00:00+00:00, run_after=2025-02-11 00:00:00+00:00
[2025-02-11T11:37:14.749+0000] {processor.py:183} INFO - Processing /home/airflow/.local/lib/python3.8/site-packages/airflow/example_dags/example_short_circuit_operator.py took 0.136 seconds
[2025-02-11T11:37:44.805+0000] {processor.py:161} INFO - Started process (PID=1276) to work on /home/airflow/.local/lib/python3.8/site-packages/airflow/example_dags/example_short_circuit_operator.py
[2025-02-11T11:37:44.807+0000] {processor.py:830} INFO - Processing file /home/airflow/.local/lib/python3.8/site-packages/airflow/example_dags/example_short_circuit_operator.py for tasks to queue
[2025-02-11T11:37:44.810+0000] {logging_mixin.py:188} INFO - [2025-02-11T11:37:44.809+0000] {dagbag.py:538} INFO - Filling up the DagBag from /home/airflow/.local/lib/python3.8/site-packages/airflow/example_dags/example_short_circuit_operator.py
[2025-02-11T11:37:44.822+0000] {processor.py:840} INFO - DAG(s) 'example_short_circuit_operator' retrieved from /home/airflow/.local/lib/python3.8/site-packages/airflow/example_dags/example_short_circuit_operator.py
[2025-02-11T11:37:44.851+0000] {logging_mixin.py:188} INFO - [2025-02-11T11:37:44.851+0000] {dag.py:3036} INFO - Sync 1 DAGs
[2025-02-11T11:37:44.876+0000] {logging_mixin.py:188} INFO - [2025-02-11T11:37:44.876+0000] {dag.py:3823} INFO - Setting next_dagrun for example_short_circuit_operator to 2025-02-10 00:00:00+00:00, run_after=2025-02-11 00:00:00+00:00
[2025-02-11T11:37:44.902+0000] {processor.py:183} INFO - Processing /home/airflow/.local/lib/python3.8/site-packages/airflow/example_dags/example_short_circuit_operator.py took 0.102 seconds
[2025-02-11T11:38:15.020+0000] {processor.py:161} INFO - Started process (PID=1349) to work on /home/airflow/.local/lib/python3.8/site-packages/airflow/example_dags/example_short_circuit_operator.py
[2025-02-11T11:38:15.022+0000] {processor.py:830} INFO - Processing file /home/airflow/.local/lib/python3.8/site-packages/airflow/example_dags/example_short_circuit_operator.py for tasks to queue
[2025-02-11T11:38:15.024+0000] {logging_mixin.py:188} INFO - [2025-02-11T11:38:15.024+0000] {dagbag.py:538} INFO - Filling up the DagBag from /home/airflow/.local/lib/python3.8/site-packages/airflow/example_dags/example_short_circuit_operator.py
[2025-02-11T11:38:15.036+0000] {processor.py:840} INFO - DAG(s) 'example_short_circuit_operator' retrieved from /home/airflow/.local/lib/python3.8/site-packages/airflow/example_dags/example_short_circuit_operator.py
[2025-02-11T11:38:15.075+0000] {logging_mixin.py:188} INFO - [2025-02-11T11:38:15.074+0000] {dag.py:3036} INFO - Sync 1 DAGs
[2025-02-11T11:38:15.133+0000] {logging_mixin.py:188} INFO - [2025-02-11T11:38:15.132+0000] {dag.py:3823} INFO - Setting next_dagrun for example_short_circuit_operator to 2025-02-10 00:00:00+00:00, run_after=2025-02-11 00:00:00+00:00
[2025-02-11T11:38:15.168+0000] {processor.py:183} INFO - Processing /home/airflow/.local/lib/python3.8/site-packages/airflow/example_dags/example_short_circuit_operator.py took 0.153 seconds
[2025-02-11T11:38:45.526+0000] {processor.py:161} INFO - Started process (PID=1415) to work on /home/airflow/.local/lib/python3.8/site-packages/airflow/example_dags/example_short_circuit_operator.py
[2025-02-11T11:38:45.527+0000] {processor.py:830} INFO - Processing file /home/airflow/.local/lib/python3.8/site-packages/airflow/example_dags/example_short_circuit_operator.py for tasks to queue
[2025-02-11T11:38:45.530+0000] {logging_mixin.py:188} INFO - [2025-02-11T11:38:45.530+0000] {dagbag.py:538} INFO - Filling up the DagBag from /home/airflow/.local/lib/python3.8/site-packages/airflow/example_dags/example_short_circuit_operator.py
[2025-02-11T11:38:45.550+0000] {processor.py:840} INFO - DAG(s) 'example_short_circuit_operator' retrieved from /home/airflow/.local/lib/python3.8/site-packages/airflow/example_dags/example_short_circuit_operator.py
[2025-02-11T11:38:45.626+0000] {logging_mixin.py:188} INFO - [2025-02-11T11:38:45.625+0000] {dag.py:3036} INFO - Sync 1 DAGs
[2025-02-11T11:38:45.690+0000] {logging_mixin.py:188} INFO - [2025-02-11T11:38:45.689+0000] {dag.py:3823} INFO - Setting next_dagrun for example_short_circuit_operator to 2025-02-10 00:00:00+00:00, run_after=2025-02-11 00:00:00+00:00
[2025-02-11T11:38:45.726+0000] {processor.py:183} INFO - Processing /home/airflow/.local/lib/python3.8/site-packages/airflow/example_dags/example_short_circuit_operator.py took 0.206 seconds
[2025-02-11T11:39:15.810+0000] {processor.py:161} INFO - Started process (PID=1479) to work on /home/airflow/.local/lib/python3.8/site-packages/airflow/example_dags/example_short_circuit_operator.py
[2025-02-11T11:39:15.812+0000] {processor.py:830} INFO - Processing file /home/airflow/.local/lib/python3.8/site-packages/airflow/example_dags/example_short_circuit_operator.py for tasks to queue
[2025-02-11T11:39:15.815+0000] {logging_mixin.py:188} INFO - [2025-02-11T11:39:15.814+0000] {dagbag.py:538} INFO - Filling up the DagBag from /home/airflow/.local/lib/python3.8/site-packages/airflow/example_dags/example_short_circuit_operator.py
[2025-02-11T11:39:15.828+0000] {processor.py:840} INFO - DAG(s) 'example_short_circuit_operator' retrieved from /home/airflow/.local/lib/python3.8/site-packages/airflow/example_dags/example_short_circuit_operator.py
[2025-02-11T11:39:15.872+0000] {logging_mixin.py:188} INFO - [2025-02-11T11:39:15.872+0000] {dag.py:3036} INFO - Sync 1 DAGs
[2025-02-11T11:39:15.902+0000] {logging_mixin.py:188} INFO - [2025-02-11T11:39:15.902+0000] {dag.py:3823} INFO - Setting next_dagrun for example_short_circuit_operator to 2025-02-10 00:00:00+00:00, run_after=2025-02-11 00:00:00+00:00
[2025-02-11T11:39:15.929+0000] {processor.py:183} INFO - Processing /home/airflow/.local/lib/python3.8/site-packages/airflow/example_dags/example_short_circuit_operator.py took 0.126 seconds
[2025-02-11T11:39:46.269+0000] {processor.py:161} INFO - Started process (PID=1544) to work on /home/airflow/.local/lib/python3.8/site-packages/airflow/example_dags/example_short_circuit_operator.py
[2025-02-11T11:39:46.270+0000] {processor.py:830} INFO - Processing file /home/airflow/.local/lib/python3.8/site-packages/airflow/example_dags/example_short_circuit_operator.py for tasks to queue
[2025-02-11T11:39:46.273+0000] {logging_mixin.py:188} INFO - [2025-02-11T11:39:46.272+0000] {dagbag.py:538} INFO - Filling up the DagBag from /home/airflow/.local/lib/python3.8/site-packages/airflow/example_dags/example_short_circuit_operator.py
[2025-02-11T11:39:46.289+0000] {processor.py:840} INFO - DAG(s) 'example_short_circuit_operator' retrieved from /home/airflow/.local/lib/python3.8/site-packages/airflow/example_dags/example_short_circuit_operator.py
[2025-02-11T11:39:46.342+0000] {logging_mixin.py:188} INFO - [2025-02-11T11:39:46.342+0000] {dag.py:3036} INFO - Sync 1 DAGs
[2025-02-11T11:39:46.396+0000] {logging_mixin.py:188} INFO - [2025-02-11T11:39:46.396+0000] {dag.py:3823} INFO - Setting next_dagrun for example_short_circuit_operator to 2025-02-10 00:00:00+00:00, run_after=2025-02-11 00:00:00+00:00
[2025-02-11T11:39:46.453+0000] {processor.py:183} INFO - Processing /home/airflow/.local/lib/python3.8/site-packages/airflow/example_dags/example_short_circuit_operator.py took 0.199 seconds
[2025-02-11T11:40:16.525+0000] {processor.py:161} INFO - Started process (PID=1615) to work on /home/airflow/.local/lib/python3.8/site-packages/airflow/example_dags/example_short_circuit_operator.py
[2025-02-11T11:40:16.527+0000] {processor.py:830} INFO - Processing file /home/airflow/.local/lib/python3.8/site-packages/airflow/example_dags/example_short_circuit_operator.py for tasks to queue
[2025-02-11T11:40:16.534+0000] {logging_mixin.py:188} INFO - [2025-02-11T11:40:16.533+0000] {dagbag.py:538} INFO - Filling up the DagBag from /home/airflow/.local/lib/python3.8/site-packages/airflow/example_dags/example_short_circuit_operator.py
[2025-02-11T11:40:16.581+0000] {processor.py:840} INFO - DAG(s) 'example_short_circuit_operator' retrieved from /home/airflow/.local/lib/python3.8/site-packages/airflow/example_dags/example_short_circuit_operator.py
[2025-02-11T11:40:16.726+0000] {logging_mixin.py:188} INFO - [2025-02-11T11:40:16.725+0000] {dag.py:3036} INFO - Sync 1 DAGs
[2025-02-11T11:40:16.935+0000] {logging_mixin.py:188} INFO - [2025-02-11T11:40:16.934+0000] {dag.py:3823} INFO - Setting next_dagrun for example_short_circuit_operator to 2025-02-10 00:00:00+00:00, run_after=2025-02-11 00:00:00+00:00
[2025-02-11T11:40:17.065+0000] {processor.py:183} INFO - Processing /home/airflow/.local/lib/python3.8/site-packages/airflow/example_dags/example_short_circuit_operator.py took 0.548 seconds
[2025-02-11T11:40:47.294+0000] {processor.py:161} INFO - Started process (PID=1673) to work on /home/airflow/.local/lib/python3.8/site-packages/airflow/example_dags/example_short_circuit_operator.py
[2025-02-11T11:40:47.295+0000] {processor.py:830} INFO - Processing file /home/airflow/.local/lib/python3.8/site-packages/airflow/example_dags/example_short_circuit_operator.py for tasks to queue
[2025-02-11T11:40:47.303+0000] {logging_mixin.py:188} INFO - [2025-02-11T11:40:47.301+0000] {dagbag.py:538} INFO - Filling up the DagBag from /home/airflow/.local/lib/python3.8/site-packages/airflow/example_dags/example_short_circuit_operator.py
[2025-02-11T11:40:47.332+0000] {processor.py:840} INFO - DAG(s) 'example_short_circuit_operator' retrieved from /home/airflow/.local/lib/python3.8/site-packages/airflow/example_dags/example_short_circuit_operator.py
[2025-02-11T11:40:47.369+0000] {logging_mixin.py:188} INFO - [2025-02-11T11:40:47.369+0000] {dag.py:3036} INFO - Sync 1 DAGs
[2025-02-11T11:40:47.397+0000] {logging_mixin.py:188} INFO - [2025-02-11T11:40:47.397+0000] {dag.py:3823} INFO - Setting next_dagrun for example_short_circuit_operator to 2025-02-10 00:00:00+00:00, run_after=2025-02-11 00:00:00+00:00
[2025-02-11T11:40:47.428+0000] {processor.py:183} INFO - Processing /home/airflow/.local/lib/python3.8/site-packages/airflow/example_dags/example_short_circuit_operator.py took 0.140 seconds
