[2025-02-11T11:28:37.052+0000] {processor.py:161} INFO - Started process (PID=104) to work on /home/airflow/.local/lib/python3.8/site-packages/airflow/example_dags/example_latest_only_with_trigger.py
[2025-02-11T11:28:37.059+0000] {processor.py:830} INFO - Processing file /home/airflow/.local/lib/python3.8/site-packages/airflow/example_dags/example_latest_only_with_trigger.py for tasks to queue
[2025-02-11T11:28:37.062+0000] {logging_mixin.py:188} INFO - [2025-02-11T11:28:37.062+0000] {dagbag.py:538} INFO - Filling up the DagBag from /home/airflow/.local/lib/python3.8/site-packages/airflow/example_dags/example_latest_only_with_trigger.py
[2025-02-11T11:28:37.073+0000] {processor.py:840} INFO - DAG(s) 'latest_only_with_trigger' retrieved from /home/airflow/.local/lib/python3.8/site-packages/airflow/example_dags/example_latest_only_with_trigger.py
[2025-02-11T11:28:37.113+0000] {logging_mixin.py:188} INFO - [2025-02-11T11:28:37.112+0000] {dag.py:3036} INFO - Sync 1 DAGs
[2025-02-11T11:28:37.149+0000] {logging_mixin.py:188} INFO - [2025-02-11T11:28:37.148+0000] {dag.py:3823} INFO - Setting next_dagrun for latest_only_with_trigger to 2025-02-11 04:00:00+00:00, run_after=2025-02-11 08:00:00+00:00
[2025-02-11T11:28:37.183+0000] {processor.py:183} INFO - Processing /home/airflow/.local/lib/python3.8/site-packages/airflow/example_dags/example_latest_only_with_trigger.py took 0.137 seconds
[2025-02-11T11:29:07.896+0000] {processor.py:161} INFO - Started process (PID=168) to work on /home/airflow/.local/lib/python3.8/site-packages/airflow/example_dags/example_latest_only_with_trigger.py
[2025-02-11T11:29:07.901+0000] {processor.py:830} INFO - Processing file /home/airflow/.local/lib/python3.8/site-packages/airflow/example_dags/example_latest_only_with_trigger.py for tasks to queue
[2025-02-11T11:29:07.910+0000] {logging_mixin.py:188} INFO - [2025-02-11T11:29:07.909+0000] {dagbag.py:538} INFO - Filling up the DagBag from /home/airflow/.local/lib/python3.8/site-packages/airflow/example_dags/example_latest_only_with_trigger.py
[2025-02-11T11:29:07.921+0000] {processor.py:840} INFO - DAG(s) 'latest_only_with_trigger' retrieved from /home/airflow/.local/lib/python3.8/site-packages/airflow/example_dags/example_latest_only_with_trigger.py
[2025-02-11T11:29:07.952+0000] {logging_mixin.py:188} INFO - [2025-02-11T11:29:07.951+0000] {dag.py:3036} INFO - Sync 1 DAGs
[2025-02-11T11:29:07.980+0000] {logging_mixin.py:188} INFO - [2025-02-11T11:29:07.979+0000] {dag.py:3823} INFO - Setting next_dagrun for latest_only_with_trigger to 2025-02-11 04:00:00+00:00, run_after=2025-02-11 08:00:00+00:00
[2025-02-11T11:29:08.006+0000] {processor.py:183} INFO - Processing /home/airflow/.local/lib/python3.8/site-packages/airflow/example_dags/example_latest_only_with_trigger.py took 0.120 seconds
[2025-02-11T11:29:38.913+0000] {processor.py:161} INFO - Started process (PID=240) to work on /home/airflow/.local/lib/python3.8/site-packages/airflow/example_dags/example_latest_only_with_trigger.py
[2025-02-11T11:29:39.034+0000] {processor.py:830} INFO - Processing file /home/airflow/.local/lib/python3.8/site-packages/airflow/example_dags/example_latest_only_with_trigger.py for tasks to queue
[2025-02-11T11:29:39.061+0000] {logging_mixin.py:188} INFO - [2025-02-11T11:29:39.061+0000] {dagbag.py:538} INFO - Filling up the DagBag from /home/airflow/.local/lib/python3.8/site-packages/airflow/example_dags/example_latest_only_with_trigger.py
[2025-02-11T11:29:39.121+0000] {processor.py:840} INFO - DAG(s) 'latest_only_with_trigger' retrieved from /home/airflow/.local/lib/python3.8/site-packages/airflow/example_dags/example_latest_only_with_trigger.py
[2025-02-11T11:29:39.231+0000] {logging_mixin.py:188} INFO - [2025-02-11T11:29:39.231+0000] {dag.py:3036} INFO - Sync 1 DAGs
[2025-02-11T11:29:39.491+0000] {logging_mixin.py:188} INFO - [2025-02-11T11:29:39.476+0000] {dag.py:3823} INFO - Setting next_dagrun for latest_only_with_trigger to 2025-02-11 04:00:00+00:00, run_after=2025-02-11 08:00:00+00:00
[2025-02-11T11:29:39.654+0000] {processor.py:183} INFO - Processing /home/airflow/.local/lib/python3.8/site-packages/airflow/example_dags/example_latest_only_with_trigger.py took 0.798 seconds
[2025-02-11T11:30:09.770+0000] {processor.py:161} INFO - Started process (PID=304) to work on /home/airflow/.local/lib/python3.8/site-packages/airflow/example_dags/example_latest_only_with_trigger.py
[2025-02-11T11:30:09.777+0000] {processor.py:830} INFO - Processing file /home/airflow/.local/lib/python3.8/site-packages/airflow/example_dags/example_latest_only_with_trigger.py for tasks to queue
[2025-02-11T11:30:09.780+0000] {logging_mixin.py:188} INFO - [2025-02-11T11:30:09.779+0000] {dagbag.py:538} INFO - Filling up the DagBag from /home/airflow/.local/lib/python3.8/site-packages/airflow/example_dags/example_latest_only_with_trigger.py
[2025-02-11T11:30:09.787+0000] {processor.py:840} INFO - DAG(s) 'latest_only_with_trigger' retrieved from /home/airflow/.local/lib/python3.8/site-packages/airflow/example_dags/example_latest_only_with_trigger.py
[2025-02-11T11:30:09.815+0000] {logging_mixin.py:188} INFO - [2025-02-11T11:30:09.814+0000] {dag.py:3036} INFO - Sync 1 DAGs
[2025-02-11T11:30:09.840+0000] {logging_mixin.py:188} INFO - [2025-02-11T11:30:09.840+0000] {dag.py:3823} INFO - Setting next_dagrun for latest_only_with_trigger to 2025-02-11 04:00:00+00:00, run_after=2025-02-11 08:00:00+00:00
[2025-02-11T11:30:09.875+0000] {processor.py:183} INFO - Processing /home/airflow/.local/lib/python3.8/site-packages/airflow/example_dags/example_latest_only_with_trigger.py took 0.110 seconds
[2025-02-11T11:30:40.510+0000] {processor.py:161} INFO - Started process (PID=369) to work on /home/airflow/.local/lib/python3.8/site-packages/airflow/example_dags/example_latest_only_with_trigger.py
[2025-02-11T11:30:40.512+0000] {processor.py:830} INFO - Processing file /home/airflow/.local/lib/python3.8/site-packages/airflow/example_dags/example_latest_only_with_trigger.py for tasks to queue
[2025-02-11T11:30:40.515+0000] {logging_mixin.py:188} INFO - [2025-02-11T11:30:40.515+0000] {dagbag.py:538} INFO - Filling up the DagBag from /home/airflow/.local/lib/python3.8/site-packages/airflow/example_dags/example_latest_only_with_trigger.py
[2025-02-11T11:30:40.523+0000] {processor.py:840} INFO - DAG(s) 'latest_only_with_trigger' retrieved from /home/airflow/.local/lib/python3.8/site-packages/airflow/example_dags/example_latest_only_with_trigger.py
[2025-02-11T11:30:40.554+0000] {logging_mixin.py:188} INFO - [2025-02-11T11:30:40.554+0000] {dag.py:3036} INFO - Sync 1 DAGs
[2025-02-11T11:30:40.584+0000] {logging_mixin.py:188} INFO - [2025-02-11T11:30:40.584+0000] {dag.py:3823} INFO - Setting next_dagrun for latest_only_with_trigger to 2025-02-11 04:00:00+00:00, run_after=2025-02-11 08:00:00+00:00
[2025-02-11T11:30:40.614+0000] {processor.py:183} INFO - Processing /home/airflow/.local/lib/python3.8/site-packages/airflow/example_dags/example_latest_only_with_trigger.py took 0.110 seconds
[2025-02-11T11:31:11.772+0000] {processor.py:161} INFO - Started process (PID=434) to work on /home/airflow/.local/lib/python3.8/site-packages/airflow/example_dags/example_latest_only_with_trigger.py
[2025-02-11T11:31:11.773+0000] {processor.py:830} INFO - Processing file /home/airflow/.local/lib/python3.8/site-packages/airflow/example_dags/example_latest_only_with_trigger.py for tasks to queue
[2025-02-11T11:31:11.775+0000] {logging_mixin.py:188} INFO - [2025-02-11T11:31:11.775+0000] {dagbag.py:538} INFO - Filling up the DagBag from /home/airflow/.local/lib/python3.8/site-packages/airflow/example_dags/example_latest_only_with_trigger.py
[2025-02-11T11:31:11.783+0000] {processor.py:840} INFO - DAG(s) 'latest_only_with_trigger' retrieved from /home/airflow/.local/lib/python3.8/site-packages/airflow/example_dags/example_latest_only_with_trigger.py
[2025-02-11T11:31:11.808+0000] {logging_mixin.py:188} INFO - [2025-02-11T11:31:11.808+0000] {dag.py:3036} INFO - Sync 1 DAGs
[2025-02-11T11:31:11.833+0000] {logging_mixin.py:188} INFO - [2025-02-11T11:31:11.833+0000] {dag.py:3823} INFO - Setting next_dagrun for latest_only_with_trigger to 2025-02-11 04:00:00+00:00, run_after=2025-02-11 08:00:00+00:00
[2025-02-11T11:31:11.854+0000] {processor.py:183} INFO - Processing /home/airflow/.local/lib/python3.8/site-packages/airflow/example_dags/example_latest_only_with_trigger.py took 0.087 seconds
[2025-02-11T11:31:41.994+0000] {processor.py:161} INFO - Started process (PID=505) to work on /home/airflow/.local/lib/python3.8/site-packages/airflow/example_dags/example_latest_only_with_trigger.py
[2025-02-11T11:31:41.998+0000] {processor.py:830} INFO - Processing file /home/airflow/.local/lib/python3.8/site-packages/airflow/example_dags/example_latest_only_with_trigger.py for tasks to queue
[2025-02-11T11:31:42.006+0000] {logging_mixin.py:188} INFO - [2025-02-11T11:31:42.005+0000] {dagbag.py:538} INFO - Filling up the DagBag from /home/airflow/.local/lib/python3.8/site-packages/airflow/example_dags/example_latest_only_with_trigger.py
[2025-02-11T11:31:42.020+0000] {processor.py:840} INFO - DAG(s) 'latest_only_with_trigger' retrieved from /home/airflow/.local/lib/python3.8/site-packages/airflow/example_dags/example_latest_only_with_trigger.py
[2025-02-11T11:31:42.055+0000] {logging_mixin.py:188} INFO - [2025-02-11T11:31:42.054+0000] {dag.py:3036} INFO - Sync 1 DAGs
[2025-02-11T11:31:42.096+0000] {logging_mixin.py:188} INFO - [2025-02-11T11:31:42.096+0000] {dag.py:3823} INFO - Setting next_dagrun for latest_only_with_trigger to 2025-02-11 04:00:00+00:00, run_after=2025-02-11 08:00:00+00:00
[2025-02-11T11:31:42.132+0000] {processor.py:183} INFO - Processing /home/airflow/.local/lib/python3.8/site-packages/airflow/example_dags/example_latest_only_with_trigger.py took 0.144 seconds
[2025-02-11T11:32:12.561+0000] {processor.py:161} INFO - Started process (PID=572) to work on /home/airflow/.local/lib/python3.8/site-packages/airflow/example_dags/example_latest_only_with_trigger.py
[2025-02-11T11:32:12.566+0000] {processor.py:830} INFO - Processing file /home/airflow/.local/lib/python3.8/site-packages/airflow/example_dags/example_latest_only_with_trigger.py for tasks to queue
[2025-02-11T11:32:12.571+0000] {logging_mixin.py:188} INFO - [2025-02-11T11:32:12.571+0000] {dagbag.py:538} INFO - Filling up the DagBag from /home/airflow/.local/lib/python3.8/site-packages/airflow/example_dags/example_latest_only_with_trigger.py
[2025-02-11T11:32:12.585+0000] {processor.py:840} INFO - DAG(s) 'latest_only_with_trigger' retrieved from /home/airflow/.local/lib/python3.8/site-packages/airflow/example_dags/example_latest_only_with_trigger.py
[2025-02-11T11:32:12.650+0000] {logging_mixin.py:188} INFO - [2025-02-11T11:32:12.650+0000] {dag.py:3036} INFO - Sync 1 DAGs
[2025-02-11T11:32:12.697+0000] {logging_mixin.py:188} INFO - [2025-02-11T11:32:12.696+0000] {dag.py:3823} INFO - Setting next_dagrun for latest_only_with_trigger to 2025-02-11 04:00:00+00:00, run_after=2025-02-11 08:00:00+00:00
[2025-02-11T11:32:12.726+0000] {processor.py:183} INFO - Processing /home/airflow/.local/lib/python3.8/site-packages/airflow/example_dags/example_latest_only_with_trigger.py took 0.177 seconds
[2025-02-11T11:32:43.449+0000] {processor.py:161} INFO - Started process (PID=636) to work on /home/airflow/.local/lib/python3.8/site-packages/airflow/example_dags/example_latest_only_with_trigger.py
[2025-02-11T11:32:43.451+0000] {processor.py:830} INFO - Processing file /home/airflow/.local/lib/python3.8/site-packages/airflow/example_dags/example_latest_only_with_trigger.py for tasks to queue
[2025-02-11T11:32:43.454+0000] {logging_mixin.py:188} INFO - [2025-02-11T11:32:43.454+0000] {dagbag.py:538} INFO - Filling up the DagBag from /home/airflow/.local/lib/python3.8/site-packages/airflow/example_dags/example_latest_only_with_trigger.py
[2025-02-11T11:32:43.464+0000] {processor.py:840} INFO - DAG(s) 'latest_only_with_trigger' retrieved from /home/airflow/.local/lib/python3.8/site-packages/airflow/example_dags/example_latest_only_with_trigger.py
[2025-02-11T11:32:43.498+0000] {logging_mixin.py:188} INFO - [2025-02-11T11:32:43.498+0000] {dag.py:3036} INFO - Sync 1 DAGs
[2025-02-11T11:32:43.523+0000] {logging_mixin.py:188} INFO - [2025-02-11T11:32:43.523+0000] {dag.py:3823} INFO - Setting next_dagrun for latest_only_with_trigger to 2025-02-11 04:00:00+00:00, run_after=2025-02-11 08:00:00+00:00
[2025-02-11T11:32:43.545+0000] {processor.py:183} INFO - Processing /home/airflow/.local/lib/python3.8/site-packages/airflow/example_dags/example_latest_only_with_trigger.py took 0.101 seconds
[2025-02-11T11:33:14.042+0000] {processor.py:161} INFO - Started process (PID=701) to work on /home/airflow/.local/lib/python3.8/site-packages/airflow/example_dags/example_latest_only_with_trigger.py
[2025-02-11T11:33:14.043+0000] {processor.py:830} INFO - Processing file /home/airflow/.local/lib/python3.8/site-packages/airflow/example_dags/example_latest_only_with_trigger.py for tasks to queue
[2025-02-11T11:33:14.046+0000] {logging_mixin.py:188} INFO - [2025-02-11T11:33:14.045+0000] {dagbag.py:538} INFO - Filling up the DagBag from /home/airflow/.local/lib/python3.8/site-packages/airflow/example_dags/example_latest_only_with_trigger.py
[2025-02-11T11:33:14.054+0000] {processor.py:840} INFO - DAG(s) 'latest_only_with_trigger' retrieved from /home/airflow/.local/lib/python3.8/site-packages/airflow/example_dags/example_latest_only_with_trigger.py
[2025-02-11T11:33:14.084+0000] {logging_mixin.py:188} INFO - [2025-02-11T11:33:14.084+0000] {dag.py:3036} INFO - Sync 1 DAGs
[2025-02-11T11:33:14.111+0000] {logging_mixin.py:188} INFO - [2025-02-11T11:33:14.111+0000] {dag.py:3823} INFO - Setting next_dagrun for latest_only_with_trigger to 2025-02-11 04:00:00+00:00, run_after=2025-02-11 08:00:00+00:00
[2025-02-11T11:33:14.134+0000] {processor.py:183} INFO - Processing /home/airflow/.local/lib/python3.8/site-packages/airflow/example_dags/example_latest_only_with_trigger.py took 0.096 seconds
[2025-02-11T11:33:44.995+0000] {processor.py:161} INFO - Started process (PID=773) to work on /home/airflow/.local/lib/python3.8/site-packages/airflow/example_dags/example_latest_only_with_trigger.py
[2025-02-11T11:33:44.997+0000] {processor.py:830} INFO - Processing file /home/airflow/.local/lib/python3.8/site-packages/airflow/example_dags/example_latest_only_with_trigger.py for tasks to queue
[2025-02-11T11:33:45.001+0000] {logging_mixin.py:188} INFO - [2025-02-11T11:33:45.000+0000] {dagbag.py:538} INFO - Filling up the DagBag from /home/airflow/.local/lib/python3.8/site-packages/airflow/example_dags/example_latest_only_with_trigger.py
[2025-02-11T11:33:45.013+0000] {processor.py:840} INFO - DAG(s) 'latest_only_with_trigger' retrieved from /home/airflow/.local/lib/python3.8/site-packages/airflow/example_dags/example_latest_only_with_trigger.py
[2025-02-11T11:33:45.065+0000] {logging_mixin.py:188} INFO - [2025-02-11T11:33:45.065+0000] {dag.py:3036} INFO - Sync 1 DAGs
[2025-02-11T11:33:45.099+0000] {logging_mixin.py:188} INFO - [2025-02-11T11:33:45.099+0000] {dag.py:3823} INFO - Setting next_dagrun for latest_only_with_trigger to 2025-02-11 04:00:00+00:00, run_after=2025-02-11 08:00:00+00:00
[2025-02-11T11:33:45.130+0000] {processor.py:183} INFO - Processing /home/airflow/.local/lib/python3.8/site-packages/airflow/example_dags/example_latest_only_with_trigger.py took 0.142 seconds
[2025-02-11T11:34:15.473+0000] {processor.py:161} INFO - Started process (PID=837) to work on /home/airflow/.local/lib/python3.8/site-packages/airflow/example_dags/example_latest_only_with_trigger.py
[2025-02-11T11:34:15.477+0000] {processor.py:830} INFO - Processing file /home/airflow/.local/lib/python3.8/site-packages/airflow/example_dags/example_latest_only_with_trigger.py for tasks to queue
[2025-02-11T11:34:15.491+0000] {logging_mixin.py:188} INFO - [2025-02-11T11:34:15.489+0000] {dagbag.py:538} INFO - Filling up the DagBag from /home/airflow/.local/lib/python3.8/site-packages/airflow/example_dags/example_latest_only_with_trigger.py
[2025-02-11T11:34:15.545+0000] {processor.py:840} INFO - DAG(s) 'latest_only_with_trigger' retrieved from /home/airflow/.local/lib/python3.8/site-packages/airflow/example_dags/example_latest_only_with_trigger.py
[2025-02-11T11:34:15.588+0000] {logging_mixin.py:188} INFO - [2025-02-11T11:34:15.588+0000] {dag.py:3036} INFO - Sync 1 DAGs
[2025-02-11T11:34:15.626+0000] {logging_mixin.py:188} INFO - [2025-02-11T11:34:15.626+0000] {dag.py:3823} INFO - Setting next_dagrun for latest_only_with_trigger to 2025-02-11 04:00:00+00:00, run_after=2025-02-11 08:00:00+00:00
[2025-02-11T11:34:15.655+0000] {processor.py:183} INFO - Processing /home/airflow/.local/lib/python3.8/site-packages/airflow/example_dags/example_latest_only_with_trigger.py took 0.189 seconds
[2025-02-11T11:34:45.983+0000] {processor.py:161} INFO - Started process (PID=902) to work on /home/airflow/.local/lib/python3.8/site-packages/airflow/example_dags/example_latest_only_with_trigger.py
[2025-02-11T11:34:45.985+0000] {processor.py:830} INFO - Processing file /home/airflow/.local/lib/python3.8/site-packages/airflow/example_dags/example_latest_only_with_trigger.py for tasks to queue
[2025-02-11T11:34:45.989+0000] {logging_mixin.py:188} INFO - [2025-02-11T11:34:45.988+0000] {dagbag.py:538} INFO - Filling up the DagBag from /home/airflow/.local/lib/python3.8/site-packages/airflow/example_dags/example_latest_only_with_trigger.py
[2025-02-11T11:34:46.000+0000] {processor.py:840} INFO - DAG(s) 'latest_only_with_trigger' retrieved from /home/airflow/.local/lib/python3.8/site-packages/airflow/example_dags/example_latest_only_with_trigger.py
[2025-02-11T11:34:46.033+0000] {logging_mixin.py:188} INFO - [2025-02-11T11:34:46.032+0000] {dag.py:3036} INFO - Sync 1 DAGs
[2025-02-11T11:34:46.070+0000] {logging_mixin.py:188} INFO - [2025-02-11T11:34:46.070+0000] {dag.py:3823} INFO - Setting next_dagrun for latest_only_with_trigger to 2025-02-11 04:00:00+00:00, run_after=2025-02-11 08:00:00+00:00
[2025-02-11T11:34:46.110+0000] {processor.py:183} INFO - Processing /home/airflow/.local/lib/python3.8/site-packages/airflow/example_dags/example_latest_only_with_trigger.py took 0.131 seconds
[2025-02-11T11:35:16.817+0000] {processor.py:161} INFO - Started process (PID=967) to work on /home/airflow/.local/lib/python3.8/site-packages/airflow/example_dags/example_latest_only_with_trigger.py
[2025-02-11T11:35:16.820+0000] {processor.py:830} INFO - Processing file /home/airflow/.local/lib/python3.8/site-packages/airflow/example_dags/example_latest_only_with_trigger.py for tasks to queue
[2025-02-11T11:35:16.823+0000] {logging_mixin.py:188} INFO - [2025-02-11T11:35:16.822+0000] {dagbag.py:538} INFO - Filling up the DagBag from /home/airflow/.local/lib/python3.8/site-packages/airflow/example_dags/example_latest_only_with_trigger.py
[2025-02-11T11:35:16.831+0000] {processor.py:840} INFO - DAG(s) 'latest_only_with_trigger' retrieved from /home/airflow/.local/lib/python3.8/site-packages/airflow/example_dags/example_latest_only_with_trigger.py
[2025-02-11T11:35:16.870+0000] {logging_mixin.py:188} INFO - [2025-02-11T11:35:16.870+0000] {dag.py:3036} INFO - Sync 1 DAGs
[2025-02-11T11:35:16.905+0000] {logging_mixin.py:188} INFO - [2025-02-11T11:35:16.905+0000] {dag.py:3823} INFO - Setting next_dagrun for latest_only_with_trigger to 2025-02-11 04:00:00+00:00, run_after=2025-02-11 08:00:00+00:00
[2025-02-11T11:35:16.959+0000] {processor.py:183} INFO - Processing /home/airflow/.local/lib/python3.8/site-packages/airflow/example_dags/example_latest_only_with_trigger.py took 0.147 seconds
[2025-02-11T11:35:47.097+0000] {processor.py:161} INFO - Started process (PID=1032) to work on /home/airflow/.local/lib/python3.8/site-packages/airflow/example_dags/example_latest_only_with_trigger.py
[2025-02-11T11:35:47.099+0000] {processor.py:830} INFO - Processing file /home/airflow/.local/lib/python3.8/site-packages/airflow/example_dags/example_latest_only_with_trigger.py for tasks to queue
[2025-02-11T11:35:47.102+0000] {logging_mixin.py:188} INFO - [2025-02-11T11:35:47.102+0000] {dagbag.py:538} INFO - Filling up the DagBag from /home/airflow/.local/lib/python3.8/site-packages/airflow/example_dags/example_latest_only_with_trigger.py
[2025-02-11T11:35:47.114+0000] {processor.py:840} INFO - DAG(s) 'latest_only_with_trigger' retrieved from /home/airflow/.local/lib/python3.8/site-packages/airflow/example_dags/example_latest_only_with_trigger.py
[2025-02-11T11:35:47.159+0000] {logging_mixin.py:188} INFO - [2025-02-11T11:35:47.158+0000] {dag.py:3036} INFO - Sync 1 DAGs
[2025-02-11T11:35:47.200+0000] {logging_mixin.py:188} INFO - [2025-02-11T11:35:47.199+0000] {dag.py:3823} INFO - Setting next_dagrun for latest_only_with_trigger to 2025-02-11 04:00:00+00:00, run_after=2025-02-11 08:00:00+00:00
[2025-02-11T11:35:47.236+0000] {processor.py:183} INFO - Processing /home/airflow/.local/lib/python3.8/site-packages/airflow/example_dags/example_latest_only_with_trigger.py took 0.144 seconds
[2025-02-11T11:36:17.360+0000] {processor.py:161} INFO - Started process (PID=1105) to work on /home/airflow/.local/lib/python3.8/site-packages/airflow/example_dags/example_latest_only_with_trigger.py
[2025-02-11T11:36:17.361+0000] {processor.py:830} INFO - Processing file /home/airflow/.local/lib/python3.8/site-packages/airflow/example_dags/example_latest_only_with_trigger.py for tasks to queue
[2025-02-11T11:36:17.365+0000] {logging_mixin.py:188} INFO - [2025-02-11T11:36:17.364+0000] {dagbag.py:538} INFO - Filling up the DagBag from /home/airflow/.local/lib/python3.8/site-packages/airflow/example_dags/example_latest_only_with_trigger.py
[2025-02-11T11:36:17.373+0000] {processor.py:840} INFO - DAG(s) 'latest_only_with_trigger' retrieved from /home/airflow/.local/lib/python3.8/site-packages/airflow/example_dags/example_latest_only_with_trigger.py
[2025-02-11T11:36:17.404+0000] {logging_mixin.py:188} INFO - [2025-02-11T11:36:17.403+0000] {dag.py:3036} INFO - Sync 1 DAGs
[2025-02-11T11:36:17.429+0000] {logging_mixin.py:188} INFO - [2025-02-11T11:36:17.429+0000] {dag.py:3823} INFO - Setting next_dagrun for latest_only_with_trigger to 2025-02-11 04:00:00+00:00, run_after=2025-02-11 08:00:00+00:00
[2025-02-11T11:36:17.452+0000] {processor.py:183} INFO - Processing /home/airflow/.local/lib/python3.8/site-packages/airflow/example_dags/example_latest_only_with_trigger.py took 0.099 seconds
[2025-02-11T11:36:47.586+0000] {processor.py:161} INFO - Started process (PID=1170) to work on /home/airflow/.local/lib/python3.8/site-packages/airflow/example_dags/example_latest_only_with_trigger.py
[2025-02-11T11:36:47.589+0000] {processor.py:830} INFO - Processing file /home/airflow/.local/lib/python3.8/site-packages/airflow/example_dags/example_latest_only_with_trigger.py for tasks to queue
[2025-02-11T11:36:47.594+0000] {logging_mixin.py:188} INFO - [2025-02-11T11:36:47.594+0000] {dagbag.py:538} INFO - Filling up the DagBag from /home/airflow/.local/lib/python3.8/site-packages/airflow/example_dags/example_latest_only_with_trigger.py
[2025-02-11T11:36:47.604+0000] {processor.py:840} INFO - DAG(s) 'latest_only_with_trigger' retrieved from /home/airflow/.local/lib/python3.8/site-packages/airflow/example_dags/example_latest_only_with_trigger.py
[2025-02-11T11:36:47.640+0000] {logging_mixin.py:188} INFO - [2025-02-11T11:36:47.640+0000] {dag.py:3036} INFO - Sync 1 DAGs
[2025-02-11T11:36:47.678+0000] {logging_mixin.py:188} INFO - [2025-02-11T11:36:47.677+0000] {dag.py:3823} INFO - Setting next_dagrun for latest_only_with_trigger to 2025-02-11 04:00:00+00:00, run_after=2025-02-11 08:00:00+00:00
[2025-02-11T11:36:47.706+0000] {processor.py:183} INFO - Processing /home/airflow/.local/lib/python3.8/site-packages/airflow/example_dags/example_latest_only_with_trigger.py took 0.125 seconds
[2025-02-11T11:37:18.279+0000] {processor.py:161} INFO - Started process (PID=1235) to work on /home/airflow/.local/lib/python3.8/site-packages/airflow/example_dags/example_latest_only_with_trigger.py
[2025-02-11T11:37:18.281+0000] {processor.py:830} INFO - Processing file /home/airflow/.local/lib/python3.8/site-packages/airflow/example_dags/example_latest_only_with_trigger.py for tasks to queue
[2025-02-11T11:37:18.284+0000] {logging_mixin.py:188} INFO - [2025-02-11T11:37:18.284+0000] {dagbag.py:538} INFO - Filling up the DagBag from /home/airflow/.local/lib/python3.8/site-packages/airflow/example_dags/example_latest_only_with_trigger.py
[2025-02-11T11:37:18.294+0000] {processor.py:840} INFO - DAG(s) 'latest_only_with_trigger' retrieved from /home/airflow/.local/lib/python3.8/site-packages/airflow/example_dags/example_latest_only_with_trigger.py
[2025-02-11T11:37:18.335+0000] {logging_mixin.py:188} INFO - [2025-02-11T11:37:18.335+0000] {dag.py:3036} INFO - Sync 1 DAGs
[2025-02-11T11:37:18.369+0000] {logging_mixin.py:188} INFO - [2025-02-11T11:37:18.369+0000] {dag.py:3823} INFO - Setting next_dagrun for latest_only_with_trigger to 2025-02-11 04:00:00+00:00, run_after=2025-02-11 08:00:00+00:00
[2025-02-11T11:37:18.396+0000] {processor.py:183} INFO - Processing /home/airflow/.local/lib/python3.8/site-packages/airflow/example_dags/example_latest_only_with_trigger.py took 0.122 seconds
[2025-02-11T11:37:48.436+0000] {processor.py:161} INFO - Started process (PID=1307) to work on /home/airflow/.local/lib/python3.8/site-packages/airflow/example_dags/example_latest_only_with_trigger.py
[2025-02-11T11:37:48.438+0000] {processor.py:830} INFO - Processing file /home/airflow/.local/lib/python3.8/site-packages/airflow/example_dags/example_latest_only_with_trigger.py for tasks to queue
[2025-02-11T11:37:48.443+0000] {logging_mixin.py:188} INFO - [2025-02-11T11:37:48.443+0000] {dagbag.py:538} INFO - Filling up the DagBag from /home/airflow/.local/lib/python3.8/site-packages/airflow/example_dags/example_latest_only_with_trigger.py
[2025-02-11T11:37:48.454+0000] {processor.py:840} INFO - DAG(s) 'latest_only_with_trigger' retrieved from /home/airflow/.local/lib/python3.8/site-packages/airflow/example_dags/example_latest_only_with_trigger.py
[2025-02-11T11:37:48.486+0000] {logging_mixin.py:188} INFO - [2025-02-11T11:37:48.486+0000] {dag.py:3036} INFO - Sync 1 DAGs
[2025-02-11T11:37:48.524+0000] {logging_mixin.py:188} INFO - [2025-02-11T11:37:48.524+0000] {dag.py:3823} INFO - Setting next_dagrun for latest_only_with_trigger to 2025-02-11 04:00:00+00:00, run_after=2025-02-11 08:00:00+00:00
[2025-02-11T11:37:48.558+0000] {processor.py:183} INFO - Processing /home/airflow/.local/lib/python3.8/site-packages/airflow/example_dags/example_latest_only_with_trigger.py took 0.127 seconds
[2025-02-11T11:38:18.706+0000] {processor.py:161} INFO - Started process (PID=1372) to work on /home/airflow/.local/lib/python3.8/site-packages/airflow/example_dags/example_latest_only_with_trigger.py
[2025-02-11T11:38:18.709+0000] {processor.py:830} INFO - Processing file /home/airflow/.local/lib/python3.8/site-packages/airflow/example_dags/example_latest_only_with_trigger.py for tasks to queue
[2025-02-11T11:38:18.713+0000] {logging_mixin.py:188} INFO - [2025-02-11T11:38:18.712+0000] {dagbag.py:538} INFO - Filling up the DagBag from /home/airflow/.local/lib/python3.8/site-packages/airflow/example_dags/example_latest_only_with_trigger.py
[2025-02-11T11:38:18.727+0000] {processor.py:840} INFO - DAG(s) 'latest_only_with_trigger' retrieved from /home/airflow/.local/lib/python3.8/site-packages/airflow/example_dags/example_latest_only_with_trigger.py
[2025-02-11T11:38:18.783+0000] {logging_mixin.py:188} INFO - [2025-02-11T11:38:18.783+0000] {dag.py:3036} INFO - Sync 1 DAGs
[2025-02-11T11:38:18.827+0000] {logging_mixin.py:188} INFO - [2025-02-11T11:38:18.826+0000] {dag.py:3823} INFO - Setting next_dagrun for latest_only_with_trigger to 2025-02-11 04:00:00+00:00, run_after=2025-02-11 08:00:00+00:00
[2025-02-11T11:38:18.862+0000] {processor.py:183} INFO - Processing /home/airflow/.local/lib/python3.8/site-packages/airflow/example_dags/example_latest_only_with_trigger.py took 0.162 seconds
[2025-02-11T11:38:49.840+0000] {processor.py:161} INFO - Started process (PID=1437) to work on /home/airflow/.local/lib/python3.8/site-packages/airflow/example_dags/example_latest_only_with_trigger.py
[2025-02-11T11:38:49.841+0000] {processor.py:830} INFO - Processing file /home/airflow/.local/lib/python3.8/site-packages/airflow/example_dags/example_latest_only_with_trigger.py for tasks to queue
[2025-02-11T11:38:49.844+0000] {logging_mixin.py:188} INFO - [2025-02-11T11:38:49.843+0000] {dagbag.py:538} INFO - Filling up the DagBag from /home/airflow/.local/lib/python3.8/site-packages/airflow/example_dags/example_latest_only_with_trigger.py
[2025-02-11T11:38:49.852+0000] {processor.py:840} INFO - DAG(s) 'latest_only_with_trigger' retrieved from /home/airflow/.local/lib/python3.8/site-packages/airflow/example_dags/example_latest_only_with_trigger.py
[2025-02-11T11:38:49.883+0000] {logging_mixin.py:188} INFO - [2025-02-11T11:38:49.882+0000] {dag.py:3036} INFO - Sync 1 DAGs
[2025-02-11T11:38:49.908+0000] {logging_mixin.py:188} INFO - [2025-02-11T11:38:49.908+0000] {dag.py:3823} INFO - Setting next_dagrun for latest_only_with_trigger to 2025-02-11 04:00:00+00:00, run_after=2025-02-11 08:00:00+00:00
[2025-02-11T11:38:49.932+0000] {processor.py:183} INFO - Processing /home/airflow/.local/lib/python3.8/site-packages/airflow/example_dags/example_latest_only_with_trigger.py took 0.096 seconds
[2025-02-11T11:39:19.993+0000] {processor.py:161} INFO - Started process (PID=1502) to work on /home/airflow/.local/lib/python3.8/site-packages/airflow/example_dags/example_latest_only_with_trigger.py
[2025-02-11T11:39:19.994+0000] {processor.py:830} INFO - Processing file /home/airflow/.local/lib/python3.8/site-packages/airflow/example_dags/example_latest_only_with_trigger.py for tasks to queue
[2025-02-11T11:39:19.996+0000] {logging_mixin.py:188} INFO - [2025-02-11T11:39:19.996+0000] {dagbag.py:538} INFO - Filling up the DagBag from /home/airflow/.local/lib/python3.8/site-packages/airflow/example_dags/example_latest_only_with_trigger.py
[2025-02-11T11:39:20.003+0000] {processor.py:840} INFO - DAG(s) 'latest_only_with_trigger' retrieved from /home/airflow/.local/lib/python3.8/site-packages/airflow/example_dags/example_latest_only_with_trigger.py
[2025-02-11T11:39:20.027+0000] {logging_mixin.py:188} INFO - [2025-02-11T11:39:20.027+0000] {dag.py:3036} INFO - Sync 1 DAGs
[2025-02-11T11:39:20.051+0000] {logging_mixin.py:188} INFO - [2025-02-11T11:39:20.051+0000] {dag.py:3823} INFO - Setting next_dagrun for latest_only_with_trigger to 2025-02-11 04:00:00+00:00, run_after=2025-02-11 08:00:00+00:00
[2025-02-11T11:39:20.076+0000] {processor.py:183} INFO - Processing /home/airflow/.local/lib/python3.8/site-packages/airflow/example_dags/example_latest_only_with_trigger.py took 0.088 seconds
[2025-02-11T11:39:50.694+0000] {processor.py:161} INFO - Started process (PID=1574) to work on /home/airflow/.local/lib/python3.8/site-packages/airflow/example_dags/example_latest_only_with_trigger.py
[2025-02-11T11:39:50.696+0000] {processor.py:830} INFO - Processing file /home/airflow/.local/lib/python3.8/site-packages/airflow/example_dags/example_latest_only_with_trigger.py for tasks to queue
[2025-02-11T11:39:50.699+0000] {logging_mixin.py:188} INFO - [2025-02-11T11:39:50.699+0000] {dagbag.py:538} INFO - Filling up the DagBag from /home/airflow/.local/lib/python3.8/site-packages/airflow/example_dags/example_latest_only_with_trigger.py
[2025-02-11T11:39:50.710+0000] {processor.py:840} INFO - DAG(s) 'latest_only_with_trigger' retrieved from /home/airflow/.local/lib/python3.8/site-packages/airflow/example_dags/example_latest_only_with_trigger.py
[2025-02-11T11:39:50.751+0000] {logging_mixin.py:188} INFO - [2025-02-11T11:39:50.751+0000] {dag.py:3036} INFO - Sync 1 DAGs
[2025-02-11T11:39:50.794+0000] {logging_mixin.py:188} INFO - [2025-02-11T11:39:50.793+0000] {dag.py:3823} INFO - Setting next_dagrun for latest_only_with_trigger to 2025-02-11 04:00:00+00:00, run_after=2025-02-11 08:00:00+00:00
[2025-02-11T11:39:50.830+0000] {processor.py:183} INFO - Processing /home/airflow/.local/lib/python3.8/site-packages/airflow/example_dags/example_latest_only_with_trigger.py took 0.141 seconds
[2025-02-11T11:40:22.786+0000] {processor.py:161} INFO - Started process (PID=1639) to work on /home/airflow/.local/lib/python3.8/site-packages/airflow/example_dags/example_latest_only_with_trigger.py
[2025-02-11T11:40:22.790+0000] {processor.py:830} INFO - Processing file /home/airflow/.local/lib/python3.8/site-packages/airflow/example_dags/example_latest_only_with_trigger.py for tasks to queue
[2025-02-11T11:40:22.804+0000] {logging_mixin.py:188} INFO - [2025-02-11T11:40:22.803+0000] {dagbag.py:538} INFO - Filling up the DagBag from /home/airflow/.local/lib/python3.8/site-packages/airflow/example_dags/example_latest_only_with_trigger.py
[2025-02-11T11:40:22.824+0000] {processor.py:840} INFO - DAG(s) 'latest_only_with_trigger' retrieved from /home/airflow/.local/lib/python3.8/site-packages/airflow/example_dags/example_latest_only_with_trigger.py
[2025-02-11T11:40:22.904+0000] {logging_mixin.py:188} INFO - [2025-02-11T11:40:22.904+0000] {dag.py:3036} INFO - Sync 1 DAGs
[2025-02-11T11:40:22.978+0000] {logging_mixin.py:188} INFO - [2025-02-11T11:40:22.977+0000] {dag.py:3823} INFO - Setting next_dagrun for latest_only_with_trigger to 2025-02-11 04:00:00+00:00, run_after=2025-02-11 08:00:00+00:00
[2025-02-11T11:40:23.067+0000] {processor.py:183} INFO - Processing /home/airflow/.local/lib/python3.8/site-packages/airflow/example_dags/example_latest_only_with_trigger.py took 0.292 seconds
[2025-02-11T11:40:53.167+0000] {processor.py:161} INFO - Started process (PID=1704) to work on /home/airflow/.local/lib/python3.8/site-packages/airflow/example_dags/example_latest_only_with_trigger.py
[2025-02-11T11:40:53.168+0000] {processor.py:830} INFO - Processing file /home/airflow/.local/lib/python3.8/site-packages/airflow/example_dags/example_latest_only_with_trigger.py for tasks to queue
[2025-02-11T11:40:53.171+0000] {logging_mixin.py:188} INFO - [2025-02-11T11:40:53.171+0000] {dagbag.py:538} INFO - Filling up the DagBag from /home/airflow/.local/lib/python3.8/site-packages/airflow/example_dags/example_latest_only_with_trigger.py
[2025-02-11T11:40:53.182+0000] {processor.py:840} INFO - DAG(s) 'latest_only_with_trigger' retrieved from /home/airflow/.local/lib/python3.8/site-packages/airflow/example_dags/example_latest_only_with_trigger.py
[2025-02-11T11:40:53.215+0000] {logging_mixin.py:188} INFO - [2025-02-11T11:40:53.215+0000] {dag.py:3036} INFO - Sync 1 DAGs
[2025-02-11T11:40:53.253+0000] {logging_mixin.py:188} INFO - [2025-02-11T11:40:53.252+0000] {dag.py:3823} INFO - Setting next_dagrun for latest_only_with_trigger to 2025-02-11 04:00:00+00:00, run_after=2025-02-11 08:00:00+00:00
[2025-02-11T11:40:53.284+0000] {processor.py:183} INFO - Processing /home/airflow/.local/lib/python3.8/site-packages/airflow/example_dags/example_latest_only_with_trigger.py took 0.122 seconds
