[2025-02-11T11:28:33.909+0000] {processor.py:161} INFO - Started process (PID=90) to work on /home/airflow/.local/lib/python3.8/site-packages/airflow/example_dags/example_branch_day_of_week_operator.py
[2025-02-11T11:28:33.915+0000] {processor.py:830} INFO - Processing file /home/airflow/.local/lib/python3.8/site-packages/airflow/example_dags/example_branch_day_of_week_operator.py for tasks to queue
[2025-02-11T11:28:33.934+0000] {logging_mixin.py:188} INFO - [2025-02-11T11:28:33.933+0000] {dagbag.py:538} INFO - Filling up the DagBag from /home/airflow/.local/lib/python3.8/site-packages/airflow/example_dags/example_branch_day_of_week_operator.py
[2025-02-11T11:28:33.967+0000] {processor.py:840} INFO - DAG(s) 'example_weekday_branch_operator' retrieved from /home/airflow/.local/lib/python3.8/site-packages/airflow/example_dags/example_branch_day_of_week_operator.py
[2025-02-11T11:28:34.073+0000] {logging_mixin.py:188} INFO - [2025-02-11T11:28:34.073+0000] {dag.py:3036} INFO - Sync 1 DAGs
[2025-02-11T11:28:34.150+0000] {logging_mixin.py:188} INFO - [2025-02-11T11:28:34.150+0000] {dag.py:3823} INFO - Setting next_dagrun for example_weekday_branch_operator to 2025-02-10 00:00:00+00:00, run_after=2025-02-11 00:00:00+00:00
[2025-02-11T11:28:34.201+0000] {processor.py:183} INFO - Processing /home/airflow/.local/lib/python3.8/site-packages/airflow/example_dags/example_branch_day_of_week_operator.py took 0.301 seconds
[2025-02-11T11:29:04.748+0000] {processor.py:161} INFO - Started process (PID=154) to work on /home/airflow/.local/lib/python3.8/site-packages/airflow/example_dags/example_branch_day_of_week_operator.py
[2025-02-11T11:29:04.750+0000] {processor.py:830} INFO - Processing file /home/airflow/.local/lib/python3.8/site-packages/airflow/example_dags/example_branch_day_of_week_operator.py for tasks to queue
[2025-02-11T11:29:04.754+0000] {logging_mixin.py:188} INFO - [2025-02-11T11:29:04.753+0000] {dagbag.py:538} INFO - Filling up the DagBag from /home/airflow/.local/lib/python3.8/site-packages/airflow/example_dags/example_branch_day_of_week_operator.py
[2025-02-11T11:29:04.771+0000] {processor.py:840} INFO - DAG(s) 'example_weekday_branch_operator' retrieved from /home/airflow/.local/lib/python3.8/site-packages/airflow/example_dags/example_branch_day_of_week_operator.py
[2025-02-11T11:29:04.808+0000] {logging_mixin.py:188} INFO - [2025-02-11T11:29:04.808+0000] {dag.py:3036} INFO - Sync 1 DAGs
[2025-02-11T11:29:04.852+0000] {logging_mixin.py:188} INFO - [2025-02-11T11:29:04.851+0000] {dag.py:3823} INFO - Setting next_dagrun for example_weekday_branch_operator to 2025-02-10 00:00:00+00:00, run_after=2025-02-11 00:00:00+00:00
[2025-02-11T11:29:04.881+0000] {processor.py:183} INFO - Processing /home/airflow/.local/lib/python3.8/site-packages/airflow/example_dags/example_branch_day_of_week_operator.py took 0.139 seconds
[2025-02-11T11:29:36.690+0000] {processor.py:161} INFO - Started process (PID=225) to work on /home/airflow/.local/lib/python3.8/site-packages/airflow/example_dags/example_branch_day_of_week_operator.py
[2025-02-11T11:29:36.694+0000] {processor.py:830} INFO - Processing file /home/airflow/.local/lib/python3.8/site-packages/airflow/example_dags/example_branch_day_of_week_operator.py for tasks to queue
[2025-02-11T11:29:36.698+0000] {logging_mixin.py:188} INFO - [2025-02-11T11:29:36.697+0000] {dagbag.py:538} INFO - Filling up the DagBag from /home/airflow/.local/lib/python3.8/site-packages/airflow/example_dags/example_branch_day_of_week_operator.py
[2025-02-11T11:29:36.720+0000] {processor.py:840} INFO - DAG(s) 'example_weekday_branch_operator' retrieved from /home/airflow/.local/lib/python3.8/site-packages/airflow/example_dags/example_branch_day_of_week_operator.py
[2025-02-11T11:29:36.776+0000] {logging_mixin.py:188} INFO - [2025-02-11T11:29:36.776+0000] {dag.py:3036} INFO - Sync 1 DAGs
[2025-02-11T11:29:36.842+0000] {logging_mixin.py:188} INFO - [2025-02-11T11:29:36.841+0000] {dag.py:3823} INFO - Setting next_dagrun for example_weekday_branch_operator to 2025-02-10 00:00:00+00:00, run_after=2025-02-11 00:00:00+00:00
[2025-02-11T11:29:36.886+0000] {processor.py:183} INFO - Processing /home/airflow/.local/lib/python3.8/site-packages/airflow/example_dags/example_branch_day_of_week_operator.py took 0.202 seconds
[2025-02-11T11:30:06.998+0000] {processor.py:161} INFO - Started process (PID=290) to work on /home/airflow/.local/lib/python3.8/site-packages/airflow/example_dags/example_branch_day_of_week_operator.py
[2025-02-11T11:30:07.000+0000] {processor.py:830} INFO - Processing file /home/airflow/.local/lib/python3.8/site-packages/airflow/example_dags/example_branch_day_of_week_operator.py for tasks to queue
[2025-02-11T11:30:07.003+0000] {logging_mixin.py:188} INFO - [2025-02-11T11:30:07.003+0000] {dagbag.py:538} INFO - Filling up the DagBag from /home/airflow/.local/lib/python3.8/site-packages/airflow/example_dags/example_branch_day_of_week_operator.py
[2025-02-11T11:30:07.024+0000] {processor.py:840} INFO - DAG(s) 'example_weekday_branch_operator' retrieved from /home/airflow/.local/lib/python3.8/site-packages/airflow/example_dags/example_branch_day_of_week_operator.py
[2025-02-11T11:30:07.081+0000] {logging_mixin.py:188} INFO - [2025-02-11T11:30:07.080+0000] {dag.py:3036} INFO - Sync 1 DAGs
[2025-02-11T11:30:07.124+0000] {logging_mixin.py:188} INFO - [2025-02-11T11:30:07.124+0000] {dag.py:3823} INFO - Setting next_dagrun for example_weekday_branch_operator to 2025-02-10 00:00:00+00:00, run_after=2025-02-11 00:00:00+00:00
[2025-02-11T11:30:07.168+0000] {processor.py:183} INFO - Processing /home/airflow/.local/lib/python3.8/site-packages/airflow/example_dags/example_branch_day_of_week_operator.py took 0.176 seconds
[2025-02-11T11:30:37.514+0000] {processor.py:161} INFO - Started process (PID=355) to work on /home/airflow/.local/lib/python3.8/site-packages/airflow/example_dags/example_branch_day_of_week_operator.py
[2025-02-11T11:30:37.516+0000] {processor.py:830} INFO - Processing file /home/airflow/.local/lib/python3.8/site-packages/airflow/example_dags/example_branch_day_of_week_operator.py for tasks to queue
[2025-02-11T11:30:37.520+0000] {logging_mixin.py:188} INFO - [2025-02-11T11:30:37.519+0000] {dagbag.py:538} INFO - Filling up the DagBag from /home/airflow/.local/lib/python3.8/site-packages/airflow/example_dags/example_branch_day_of_week_operator.py
[2025-02-11T11:30:37.534+0000] {processor.py:840} INFO - DAG(s) 'example_weekday_branch_operator' retrieved from /home/airflow/.local/lib/python3.8/site-packages/airflow/example_dags/example_branch_day_of_week_operator.py
[2025-02-11T11:30:37.571+0000] {logging_mixin.py:188} INFO - [2025-02-11T11:30:37.571+0000] {dag.py:3036} INFO - Sync 1 DAGs
[2025-02-11T11:30:37.614+0000] {logging_mixin.py:188} INFO - [2025-02-11T11:30:37.613+0000] {dag.py:3823} INFO - Setting next_dagrun for example_weekday_branch_operator to 2025-02-10 00:00:00+00:00, run_after=2025-02-11 00:00:00+00:00
[2025-02-11T11:30:37.648+0000] {processor.py:183} INFO - Processing /home/airflow/.local/lib/python3.8/site-packages/airflow/example_dags/example_branch_day_of_week_operator.py took 0.138 seconds
[2025-02-11T11:31:08.431+0000] {processor.py:161} INFO - Started process (PID=420) to work on /home/airflow/.local/lib/python3.8/site-packages/airflow/example_dags/example_branch_day_of_week_operator.py
[2025-02-11T11:31:08.435+0000] {processor.py:830} INFO - Processing file /home/airflow/.local/lib/python3.8/site-packages/airflow/example_dags/example_branch_day_of_week_operator.py for tasks to queue
[2025-02-11T11:31:08.438+0000] {logging_mixin.py:188} INFO - [2025-02-11T11:31:08.438+0000] {dagbag.py:538} INFO - Filling up the DagBag from /home/airflow/.local/lib/python3.8/site-packages/airflow/example_dags/example_branch_day_of_week_operator.py
[2025-02-11T11:31:08.451+0000] {processor.py:840} INFO - DAG(s) 'example_weekday_branch_operator' retrieved from /home/airflow/.local/lib/python3.8/site-packages/airflow/example_dags/example_branch_day_of_week_operator.py
[2025-02-11T11:31:08.490+0000] {logging_mixin.py:188} INFO - [2025-02-11T11:31:08.489+0000] {dag.py:3036} INFO - Sync 1 DAGs
[2025-02-11T11:31:08.520+0000] {logging_mixin.py:188} INFO - [2025-02-11T11:31:08.520+0000] {dag.py:3823} INFO - Setting next_dagrun for example_weekday_branch_operator to 2025-02-10 00:00:00+00:00, run_after=2025-02-11 00:00:00+00:00
[2025-02-11T11:31:08.553+0000] {processor.py:183} INFO - Processing /home/airflow/.local/lib/python3.8/site-packages/airflow/example_dags/example_branch_day_of_week_operator.py took 0.127 seconds
[2025-02-11T11:31:38.699+0000] {processor.py:161} INFO - Started process (PID=485) to work on /home/airflow/.local/lib/python3.8/site-packages/airflow/example_dags/example_branch_day_of_week_operator.py
[2025-02-11T11:31:38.701+0000] {processor.py:830} INFO - Processing file /home/airflow/.local/lib/python3.8/site-packages/airflow/example_dags/example_branch_day_of_week_operator.py for tasks to queue
[2025-02-11T11:31:38.703+0000] {logging_mixin.py:188} INFO - [2025-02-11T11:31:38.703+0000] {dagbag.py:538} INFO - Filling up the DagBag from /home/airflow/.local/lib/python3.8/site-packages/airflow/example_dags/example_branch_day_of_week_operator.py
[2025-02-11T11:31:38.715+0000] {processor.py:840} INFO - DAG(s) 'example_weekday_branch_operator' retrieved from /home/airflow/.local/lib/python3.8/site-packages/airflow/example_dags/example_branch_day_of_week_operator.py
[2025-02-11T11:31:38.748+0000] {logging_mixin.py:188} INFO - [2025-02-11T11:31:38.748+0000] {dag.py:3036} INFO - Sync 1 DAGs
[2025-02-11T11:31:38.786+0000] {logging_mixin.py:188} INFO - [2025-02-11T11:31:38.785+0000] {dag.py:3823} INFO - Setting next_dagrun for example_weekday_branch_operator to 2025-02-10 00:00:00+00:00, run_after=2025-02-11 00:00:00+00:00
[2025-02-11T11:31:38.814+0000] {processor.py:183} INFO - Processing /home/airflow/.local/lib/python3.8/site-packages/airflow/example_dags/example_branch_day_of_week_operator.py took 0.120 seconds
[2025-02-11T11:32:09.796+0000] {processor.py:161} INFO - Started process (PID=558) to work on /home/airflow/.local/lib/python3.8/site-packages/airflow/example_dags/example_branch_day_of_week_operator.py
[2025-02-11T11:32:09.799+0000] {processor.py:830} INFO - Processing file /home/airflow/.local/lib/python3.8/site-packages/airflow/example_dags/example_branch_day_of_week_operator.py for tasks to queue
[2025-02-11T11:32:09.802+0000] {logging_mixin.py:188} INFO - [2025-02-11T11:32:09.802+0000] {dagbag.py:538} INFO - Filling up the DagBag from /home/airflow/.local/lib/python3.8/site-packages/airflow/example_dags/example_branch_day_of_week_operator.py
[2025-02-11T11:32:09.817+0000] {processor.py:840} INFO - DAG(s) 'example_weekday_branch_operator' retrieved from /home/airflow/.local/lib/python3.8/site-packages/airflow/example_dags/example_branch_day_of_week_operator.py
[2025-02-11T11:32:09.868+0000] {logging_mixin.py:188} INFO - [2025-02-11T11:32:09.868+0000] {dag.py:3036} INFO - Sync 1 DAGs
[2025-02-11T11:32:09.920+0000] {logging_mixin.py:188} INFO - [2025-02-11T11:32:09.920+0000] {dag.py:3823} INFO - Setting next_dagrun for example_weekday_branch_operator to 2025-02-10 00:00:00+00:00, run_after=2025-02-11 00:00:00+00:00
[2025-02-11T11:32:09.964+0000] {processor.py:183} INFO - Processing /home/airflow/.local/lib/python3.8/site-packages/airflow/example_dags/example_branch_day_of_week_operator.py took 0.175 seconds
[2025-02-11T11:32:40.480+0000] {processor.py:161} INFO - Started process (PID=622) to work on /home/airflow/.local/lib/python3.8/site-packages/airflow/example_dags/example_branch_day_of_week_operator.py
[2025-02-11T11:32:40.481+0000] {processor.py:830} INFO - Processing file /home/airflow/.local/lib/python3.8/site-packages/airflow/example_dags/example_branch_day_of_week_operator.py for tasks to queue
[2025-02-11T11:32:40.484+0000] {logging_mixin.py:188} INFO - [2025-02-11T11:32:40.484+0000] {dagbag.py:538} INFO - Filling up the DagBag from /home/airflow/.local/lib/python3.8/site-packages/airflow/example_dags/example_branch_day_of_week_operator.py
[2025-02-11T11:32:40.497+0000] {processor.py:840} INFO - DAG(s) 'example_weekday_branch_operator' retrieved from /home/airflow/.local/lib/python3.8/site-packages/airflow/example_dags/example_branch_day_of_week_operator.py
[2025-02-11T11:32:40.529+0000] {logging_mixin.py:188} INFO - [2025-02-11T11:32:40.528+0000] {dag.py:3036} INFO - Sync 1 DAGs
[2025-02-11T11:32:40.562+0000] {logging_mixin.py:188} INFO - [2025-02-11T11:32:40.562+0000] {dag.py:3823} INFO - Setting next_dagrun for example_weekday_branch_operator to 2025-02-10 00:00:00+00:00, run_after=2025-02-11 00:00:00+00:00
[2025-02-11T11:32:40.595+0000] {processor.py:183} INFO - Processing /home/airflow/.local/lib/python3.8/site-packages/airflow/example_dags/example_branch_day_of_week_operator.py took 0.121 seconds
[2025-02-11T11:33:10.783+0000] {processor.py:161} INFO - Started process (PID=687) to work on /home/airflow/.local/lib/python3.8/site-packages/airflow/example_dags/example_branch_day_of_week_operator.py
[2025-02-11T11:33:10.784+0000] {processor.py:830} INFO - Processing file /home/airflow/.local/lib/python3.8/site-packages/airflow/example_dags/example_branch_day_of_week_operator.py for tasks to queue
[2025-02-11T11:33:10.787+0000] {logging_mixin.py:188} INFO - [2025-02-11T11:33:10.787+0000] {dagbag.py:538} INFO - Filling up the DagBag from /home/airflow/.local/lib/python3.8/site-packages/airflow/example_dags/example_branch_day_of_week_operator.py
[2025-02-11T11:33:10.799+0000] {processor.py:840} INFO - DAG(s) 'example_weekday_branch_operator' retrieved from /home/airflow/.local/lib/python3.8/site-packages/airflow/example_dags/example_branch_day_of_week_operator.py
[2025-02-11T11:33:10.827+0000] {logging_mixin.py:188} INFO - [2025-02-11T11:33:10.827+0000] {dag.py:3036} INFO - Sync 1 DAGs
[2025-02-11T11:33:10.861+0000] {logging_mixin.py:188} INFO - [2025-02-11T11:33:10.859+0000] {dag.py:3823} INFO - Setting next_dagrun for example_weekday_branch_operator to 2025-02-10 00:00:00+00:00, run_after=2025-02-11 00:00:00+00:00
[2025-02-11T11:33:10.893+0000] {processor.py:183} INFO - Processing /home/airflow/.local/lib/python3.8/site-packages/airflow/example_dags/example_branch_day_of_week_operator.py took 0.115 seconds
[2025-02-11T11:33:41.582+0000] {processor.py:161} INFO - Started process (PID=758) to work on /home/airflow/.local/lib/python3.8/site-packages/airflow/example_dags/example_branch_day_of_week_operator.py
[2025-02-11T11:33:41.583+0000] {processor.py:830} INFO - Processing file /home/airflow/.local/lib/python3.8/site-packages/airflow/example_dags/example_branch_day_of_week_operator.py for tasks to queue
[2025-02-11T11:33:41.586+0000] {logging_mixin.py:188} INFO - [2025-02-11T11:33:41.586+0000] {dagbag.py:538} INFO - Filling up the DagBag from /home/airflow/.local/lib/python3.8/site-packages/airflow/example_dags/example_branch_day_of_week_operator.py
[2025-02-11T11:33:41.601+0000] {processor.py:840} INFO - DAG(s) 'example_weekday_branch_operator' retrieved from /home/airflow/.local/lib/python3.8/site-packages/airflow/example_dags/example_branch_day_of_week_operator.py
[2025-02-11T11:33:41.652+0000] {logging_mixin.py:188} INFO - [2025-02-11T11:33:41.650+0000] {dag.py:3036} INFO - Sync 1 DAGs
[2025-02-11T11:33:41.701+0000] {logging_mixin.py:188} INFO - [2025-02-11T11:33:41.701+0000] {dag.py:3823} INFO - Setting next_dagrun for example_weekday_branch_operator to 2025-02-10 00:00:00+00:00, run_after=2025-02-11 00:00:00+00:00
[2025-02-11T11:33:41.737+0000] {processor.py:183} INFO - Processing /home/airflow/.local/lib/python3.8/site-packages/airflow/example_dags/example_branch_day_of_week_operator.py took 0.160 seconds
[2025-02-11T11:34:11.781+0000] {processor.py:161} INFO - Started process (PID=823) to work on /home/airflow/.local/lib/python3.8/site-packages/airflow/example_dags/example_branch_day_of_week_operator.py
[2025-02-11T11:34:11.783+0000] {processor.py:830} INFO - Processing file /home/airflow/.local/lib/python3.8/site-packages/airflow/example_dags/example_branch_day_of_week_operator.py for tasks to queue
[2025-02-11T11:34:11.785+0000] {logging_mixin.py:188} INFO - [2025-02-11T11:34:11.785+0000] {dagbag.py:538} INFO - Filling up the DagBag from /home/airflow/.local/lib/python3.8/site-packages/airflow/example_dags/example_branch_day_of_week_operator.py
[2025-02-11T11:34:11.801+0000] {processor.py:840} INFO - DAG(s) 'example_weekday_branch_operator' retrieved from /home/airflow/.local/lib/python3.8/site-packages/airflow/example_dags/example_branch_day_of_week_operator.py
[2025-02-11T11:34:11.891+0000] {logging_mixin.py:188} INFO - [2025-02-11T11:34:11.891+0000] {dag.py:3036} INFO - Sync 1 DAGs
[2025-02-11T11:34:11.927+0000] {logging_mixin.py:188} INFO - [2025-02-11T11:34:11.927+0000] {dag.py:3823} INFO - Setting next_dagrun for example_weekday_branch_operator to 2025-02-10 00:00:00+00:00, run_after=2025-02-11 00:00:00+00:00
[2025-02-11T11:34:11.950+0000] {processor.py:183} INFO - Processing /home/airflow/.local/lib/python3.8/site-packages/airflow/example_dags/example_branch_day_of_week_operator.py took 0.173 seconds
[2025-02-11T11:34:43.086+0000] {processor.py:161} INFO - Started process (PID=888) to work on /home/airflow/.local/lib/python3.8/site-packages/airflow/example_dags/example_branch_day_of_week_operator.py
[2025-02-11T11:34:43.088+0000] {processor.py:830} INFO - Processing file /home/airflow/.local/lib/python3.8/site-packages/airflow/example_dags/example_branch_day_of_week_operator.py for tasks to queue
[2025-02-11T11:34:43.139+0000] {logging_mixin.py:188} INFO - [2025-02-11T11:34:43.107+0000] {dagbag.py:538} INFO - Filling up the DagBag from /home/airflow/.local/lib/python3.8/site-packages/airflow/example_dags/example_branch_day_of_week_operator.py
[2025-02-11T11:34:43.202+0000] {processor.py:840} INFO - DAG(s) 'example_weekday_branch_operator' retrieved from /home/airflow/.local/lib/python3.8/site-packages/airflow/example_dags/example_branch_day_of_week_operator.py
[2025-02-11T11:34:43.427+0000] {logging_mixin.py:188} INFO - [2025-02-11T11:34:43.424+0000] {dag.py:3036} INFO - Sync 1 DAGs
[2025-02-11T11:34:43.490+0000] {logging_mixin.py:188} INFO - [2025-02-11T11:34:43.490+0000] {dag.py:3823} INFO - Setting next_dagrun for example_weekday_branch_operator to 2025-02-10 00:00:00+00:00, run_after=2025-02-11 00:00:00+00:00
[2025-02-11T11:34:43.544+0000] {processor.py:183} INFO - Processing /home/airflow/.local/lib/python3.8/site-packages/airflow/example_dags/example_branch_day_of_week_operator.py took 0.464 seconds
[2025-02-11T11:35:13.820+0000] {processor.py:161} INFO - Started process (PID=953) to work on /home/airflow/.local/lib/python3.8/site-packages/airflow/example_dags/example_branch_day_of_week_operator.py
[2025-02-11T11:35:13.822+0000] {processor.py:830} INFO - Processing file /home/airflow/.local/lib/python3.8/site-packages/airflow/example_dags/example_branch_day_of_week_operator.py for tasks to queue
[2025-02-11T11:35:13.828+0000] {logging_mixin.py:188} INFO - [2025-02-11T11:35:13.827+0000] {dagbag.py:538} INFO - Filling up the DagBag from /home/airflow/.local/lib/python3.8/site-packages/airflow/example_dags/example_branch_day_of_week_operator.py
[2025-02-11T11:35:13.847+0000] {processor.py:840} INFO - DAG(s) 'example_weekday_branch_operator' retrieved from /home/airflow/.local/lib/python3.8/site-packages/airflow/example_dags/example_branch_day_of_week_operator.py
[2025-02-11T11:35:13.905+0000] {logging_mixin.py:188} INFO - [2025-02-11T11:35:13.904+0000] {dag.py:3036} INFO - Sync 1 DAGs
[2025-02-11T11:35:13.998+0000] {logging_mixin.py:188} INFO - [2025-02-11T11:35:13.997+0000] {dag.py:3823} INFO - Setting next_dagrun for example_weekday_branch_operator to 2025-02-10 00:00:00+00:00, run_after=2025-02-11 00:00:00+00:00
[2025-02-11T11:35:14.102+0000] {processor.py:183} INFO - Processing /home/airflow/.local/lib/python3.8/site-packages/airflow/example_dags/example_branch_day_of_week_operator.py took 0.288 seconds
[2025-02-11T11:35:44.701+0000] {processor.py:161} INFO - Started process (PID=1018) to work on /home/airflow/.local/lib/python3.8/site-packages/airflow/example_dags/example_branch_day_of_week_operator.py
[2025-02-11T11:35:44.702+0000] {processor.py:830} INFO - Processing file /home/airflow/.local/lib/python3.8/site-packages/airflow/example_dags/example_branch_day_of_week_operator.py for tasks to queue
[2025-02-11T11:35:44.707+0000] {logging_mixin.py:188} INFO - [2025-02-11T11:35:44.706+0000] {dagbag.py:538} INFO - Filling up the DagBag from /home/airflow/.local/lib/python3.8/site-packages/airflow/example_dags/example_branch_day_of_week_operator.py
[2025-02-11T11:35:44.720+0000] {processor.py:840} INFO - DAG(s) 'example_weekday_branch_operator' retrieved from /home/airflow/.local/lib/python3.8/site-packages/airflow/example_dags/example_branch_day_of_week_operator.py
[2025-02-11T11:35:44.770+0000] {logging_mixin.py:188} INFO - [2025-02-11T11:35:44.769+0000] {dag.py:3036} INFO - Sync 1 DAGs
[2025-02-11T11:35:44.824+0000] {logging_mixin.py:188} INFO - [2025-02-11T11:35:44.823+0000] {dag.py:3823} INFO - Setting next_dagrun for example_weekday_branch_operator to 2025-02-10 00:00:00+00:00, run_after=2025-02-11 00:00:00+00:00
[2025-02-11T11:35:44.866+0000] {processor.py:183} INFO - Processing /home/airflow/.local/lib/python3.8/site-packages/airflow/example_dags/example_branch_day_of_week_operator.py took 0.170 seconds
[2025-02-11T11:36:14.923+0000] {processor.py:161} INFO - Started process (PID=1083) to work on /home/airflow/.local/lib/python3.8/site-packages/airflow/example_dags/example_branch_day_of_week_operator.py
[2025-02-11T11:36:14.924+0000] {processor.py:830} INFO - Processing file /home/airflow/.local/lib/python3.8/site-packages/airflow/example_dags/example_branch_day_of_week_operator.py for tasks to queue
[2025-02-11T11:36:14.926+0000] {logging_mixin.py:188} INFO - [2025-02-11T11:36:14.926+0000] {dagbag.py:538} INFO - Filling up the DagBag from /home/airflow/.local/lib/python3.8/site-packages/airflow/example_dags/example_branch_day_of_week_operator.py
[2025-02-11T11:36:14.937+0000] {processor.py:840} INFO - DAG(s) 'example_weekday_branch_operator' retrieved from /home/airflow/.local/lib/python3.8/site-packages/airflow/example_dags/example_branch_day_of_week_operator.py
[2025-02-11T11:36:14.963+0000] {logging_mixin.py:188} INFO - [2025-02-11T11:36:14.962+0000] {dag.py:3036} INFO - Sync 1 DAGs
[2025-02-11T11:36:14.988+0000] {logging_mixin.py:188} INFO - [2025-02-11T11:36:14.988+0000] {dag.py:3823} INFO - Setting next_dagrun for example_weekday_branch_operator to 2025-02-10 00:00:00+00:00, run_after=2025-02-11 00:00:00+00:00
[2025-02-11T11:36:15.010+0000] {processor.py:183} INFO - Processing /home/airflow/.local/lib/python3.8/site-packages/airflow/example_dags/example_branch_day_of_week_operator.py took 0.091 seconds
[2025-02-11T11:36:45.403+0000] {processor.py:161} INFO - Started process (PID=1156) to work on /home/airflow/.local/lib/python3.8/site-packages/airflow/example_dags/example_branch_day_of_week_operator.py
[2025-02-11T11:36:45.404+0000] {processor.py:830} INFO - Processing file /home/airflow/.local/lib/python3.8/site-packages/airflow/example_dags/example_branch_day_of_week_operator.py for tasks to queue
[2025-02-11T11:36:45.408+0000] {logging_mixin.py:188} INFO - [2025-02-11T11:36:45.408+0000] {dagbag.py:538} INFO - Filling up the DagBag from /home/airflow/.local/lib/python3.8/site-packages/airflow/example_dags/example_branch_day_of_week_operator.py
[2025-02-11T11:36:45.421+0000] {processor.py:840} INFO - DAG(s) 'example_weekday_branch_operator' retrieved from /home/airflow/.local/lib/python3.8/site-packages/airflow/example_dags/example_branch_day_of_week_operator.py
[2025-02-11T11:36:45.449+0000] {logging_mixin.py:188} INFO - [2025-02-11T11:36:45.449+0000] {dag.py:3036} INFO - Sync 1 DAGs
[2025-02-11T11:36:45.482+0000] {logging_mixin.py:188} INFO - [2025-02-11T11:36:45.481+0000] {dag.py:3823} INFO - Setting next_dagrun for example_weekday_branch_operator to 2025-02-10 00:00:00+00:00, run_after=2025-02-11 00:00:00+00:00
[2025-02-11T11:36:45.517+0000] {processor.py:183} INFO - Processing /home/airflow/.local/lib/python3.8/site-packages/airflow/example_dags/example_branch_day_of_week_operator.py took 0.119 seconds
[2025-02-11T11:37:16.253+0000] {processor.py:161} INFO - Started process (PID=1221) to work on /home/airflow/.local/lib/python3.8/site-packages/airflow/example_dags/example_branch_day_of_week_operator.py
[2025-02-11T11:37:16.255+0000] {processor.py:830} INFO - Processing file /home/airflow/.local/lib/python3.8/site-packages/airflow/example_dags/example_branch_day_of_week_operator.py for tasks to queue
[2025-02-11T11:37:16.257+0000] {logging_mixin.py:188} INFO - [2025-02-11T11:37:16.257+0000] {dagbag.py:538} INFO - Filling up the DagBag from /home/airflow/.local/lib/python3.8/site-packages/airflow/example_dags/example_branch_day_of_week_operator.py
[2025-02-11T11:37:16.267+0000] {processor.py:840} INFO - DAG(s) 'example_weekday_branch_operator' retrieved from /home/airflow/.local/lib/python3.8/site-packages/airflow/example_dags/example_branch_day_of_week_operator.py
[2025-02-11T11:37:16.293+0000] {logging_mixin.py:188} INFO - [2025-02-11T11:37:16.293+0000] {dag.py:3036} INFO - Sync 1 DAGs
[2025-02-11T11:37:16.329+0000] {logging_mixin.py:188} INFO - [2025-02-11T11:37:16.328+0000] {dag.py:3823} INFO - Setting next_dagrun for example_weekday_branch_operator to 2025-02-10 00:00:00+00:00, run_after=2025-02-11 00:00:00+00:00
[2025-02-11T11:37:16.361+0000] {processor.py:183} INFO - Processing /home/airflow/.local/lib/python3.8/site-packages/airflow/example_dags/example_branch_day_of_week_operator.py took 0.111 seconds
[2025-02-11T11:37:46.444+0000] {processor.py:161} INFO - Started process (PID=1285) to work on /home/airflow/.local/lib/python3.8/site-packages/airflow/example_dags/example_branch_day_of_week_operator.py
[2025-02-11T11:37:46.445+0000] {processor.py:830} INFO - Processing file /home/airflow/.local/lib/python3.8/site-packages/airflow/example_dags/example_branch_day_of_week_operator.py for tasks to queue
[2025-02-11T11:37:46.450+0000] {logging_mixin.py:188} INFO - [2025-02-11T11:37:46.449+0000] {dagbag.py:538} INFO - Filling up the DagBag from /home/airflow/.local/lib/python3.8/site-packages/airflow/example_dags/example_branch_day_of_week_operator.py
[2025-02-11T11:37:46.461+0000] {processor.py:840} INFO - DAG(s) 'example_weekday_branch_operator' retrieved from /home/airflow/.local/lib/python3.8/site-packages/airflow/example_dags/example_branch_day_of_week_operator.py
[2025-02-11T11:37:46.491+0000] {logging_mixin.py:188} INFO - [2025-02-11T11:37:46.491+0000] {dag.py:3036} INFO - Sync 1 DAGs
[2025-02-11T11:37:46.520+0000] {logging_mixin.py:188} INFO - [2025-02-11T11:37:46.520+0000] {dag.py:3823} INFO - Setting next_dagrun for example_weekday_branch_operator to 2025-02-10 00:00:00+00:00, run_after=2025-02-11 00:00:00+00:00
[2025-02-11T11:37:46.546+0000] {processor.py:183} INFO - Processing /home/airflow/.local/lib/python3.8/site-packages/airflow/example_dags/example_branch_day_of_week_operator.py took 0.106 seconds
[2025-02-11T11:38:17.040+0000] {processor.py:161} INFO - Started process (PID=1358) to work on /home/airflow/.local/lib/python3.8/site-packages/airflow/example_dags/example_branch_day_of_week_operator.py
[2025-02-11T11:38:17.042+0000] {processor.py:830} INFO - Processing file /home/airflow/.local/lib/python3.8/site-packages/airflow/example_dags/example_branch_day_of_week_operator.py for tasks to queue
[2025-02-11T11:38:17.045+0000] {logging_mixin.py:188} INFO - [2025-02-11T11:38:17.045+0000] {dagbag.py:538} INFO - Filling up the DagBag from /home/airflow/.local/lib/python3.8/site-packages/airflow/example_dags/example_branch_day_of_week_operator.py
[2025-02-11T11:38:17.059+0000] {processor.py:840} INFO - DAG(s) 'example_weekday_branch_operator' retrieved from /home/airflow/.local/lib/python3.8/site-packages/airflow/example_dags/example_branch_day_of_week_operator.py
[2025-02-11T11:38:17.106+0000] {logging_mixin.py:188} INFO - [2025-02-11T11:38:17.106+0000] {dag.py:3036} INFO - Sync 1 DAGs
[2025-02-11T11:38:17.157+0000] {logging_mixin.py:188} INFO - [2025-02-11T11:38:17.156+0000] {dag.py:3823} INFO - Setting next_dagrun for example_weekday_branch_operator to 2025-02-10 00:00:00+00:00, run_after=2025-02-11 00:00:00+00:00
[2025-02-11T11:38:17.195+0000] {processor.py:183} INFO - Processing /home/airflow/.local/lib/python3.8/site-packages/airflow/example_dags/example_branch_day_of_week_operator.py took 0.160 seconds
[2025-02-11T11:38:47.330+0000] {processor.py:161} INFO - Started process (PID=1423) to work on /home/airflow/.local/lib/python3.8/site-packages/airflow/example_dags/example_branch_day_of_week_operator.py
[2025-02-11T11:38:47.333+0000] {processor.py:830} INFO - Processing file /home/airflow/.local/lib/python3.8/site-packages/airflow/example_dags/example_branch_day_of_week_operator.py for tasks to queue
[2025-02-11T11:38:47.338+0000] {logging_mixin.py:188} INFO - [2025-02-11T11:38:47.337+0000] {dagbag.py:538} INFO - Filling up the DagBag from /home/airflow/.local/lib/python3.8/site-packages/airflow/example_dags/example_branch_day_of_week_operator.py
[2025-02-11T11:38:47.366+0000] {processor.py:840} INFO - DAG(s) 'example_weekday_branch_operator' retrieved from /home/airflow/.local/lib/python3.8/site-packages/airflow/example_dags/example_branch_day_of_week_operator.py
[2025-02-11T11:38:47.410+0000] {logging_mixin.py:188} INFO - [2025-02-11T11:38:47.410+0000] {dag.py:3036} INFO - Sync 1 DAGs
[2025-02-11T11:38:47.455+0000] {logging_mixin.py:188} INFO - [2025-02-11T11:38:47.455+0000] {dag.py:3823} INFO - Setting next_dagrun for example_weekday_branch_operator to 2025-02-10 00:00:00+00:00, run_after=2025-02-11 00:00:00+00:00
[2025-02-11T11:38:47.483+0000] {processor.py:183} INFO - Processing /home/airflow/.local/lib/python3.8/site-packages/airflow/example_dags/example_branch_day_of_week_operator.py took 0.159 seconds
[2025-02-11T11:39:17.621+0000] {processor.py:161} INFO - Started process (PID=1488) to work on /home/airflow/.local/lib/python3.8/site-packages/airflow/example_dags/example_branch_day_of_week_operator.py
[2025-02-11T11:39:17.622+0000] {processor.py:830} INFO - Processing file /home/airflow/.local/lib/python3.8/site-packages/airflow/example_dags/example_branch_day_of_week_operator.py for tasks to queue
[2025-02-11T11:39:17.624+0000] {logging_mixin.py:188} INFO - [2025-02-11T11:39:17.624+0000] {dagbag.py:538} INFO - Filling up the DagBag from /home/airflow/.local/lib/python3.8/site-packages/airflow/example_dags/example_branch_day_of_week_operator.py
[2025-02-11T11:39:17.639+0000] {processor.py:840} INFO - DAG(s) 'example_weekday_branch_operator' retrieved from /home/airflow/.local/lib/python3.8/site-packages/airflow/example_dags/example_branch_day_of_week_operator.py
[2025-02-11T11:39:17.678+0000] {logging_mixin.py:188} INFO - [2025-02-11T11:39:17.677+0000] {dag.py:3036} INFO - Sync 1 DAGs
[2025-02-11T11:39:17.719+0000] {logging_mixin.py:188} INFO - [2025-02-11T11:39:17.719+0000] {dag.py:3823} INFO - Setting next_dagrun for example_weekday_branch_operator to 2025-02-10 00:00:00+00:00, run_after=2025-02-11 00:00:00+00:00
[2025-02-11T11:39:17.754+0000] {processor.py:183} INFO - Processing /home/airflow/.local/lib/python3.8/site-packages/airflow/example_dags/example_branch_day_of_week_operator.py took 0.140 seconds
[2025-02-11T11:39:48.139+0000] {processor.py:161} INFO - Started process (PID=1560) to work on /home/airflow/.local/lib/python3.8/site-packages/airflow/example_dags/example_branch_day_of_week_operator.py
[2025-02-11T11:39:48.144+0000] {processor.py:830} INFO - Processing file /home/airflow/.local/lib/python3.8/site-packages/airflow/example_dags/example_branch_day_of_week_operator.py for tasks to queue
[2025-02-11T11:39:48.148+0000] {logging_mixin.py:188} INFO - [2025-02-11T11:39:48.147+0000] {dagbag.py:538} INFO - Filling up the DagBag from /home/airflow/.local/lib/python3.8/site-packages/airflow/example_dags/example_branch_day_of_week_operator.py
[2025-02-11T11:39:48.164+0000] {processor.py:840} INFO - DAG(s) 'example_weekday_branch_operator' retrieved from /home/airflow/.local/lib/python3.8/site-packages/airflow/example_dags/example_branch_day_of_week_operator.py
[2025-02-11T11:39:48.211+0000] {logging_mixin.py:188} INFO - [2025-02-11T11:39:48.211+0000] {dag.py:3036} INFO - Sync 1 DAGs
[2025-02-11T11:39:48.263+0000] {logging_mixin.py:188} INFO - [2025-02-11T11:39:48.263+0000] {dag.py:3823} INFO - Setting next_dagrun for example_weekday_branch_operator to 2025-02-10 00:00:00+00:00, run_after=2025-02-11 00:00:00+00:00
[2025-02-11T11:39:48.302+0000] {processor.py:183} INFO - Processing /home/airflow/.local/lib/python3.8/site-packages/airflow/example_dags/example_branch_day_of_week_operator.py took 0.168 seconds
[2025-02-11T11:40:20.092+0000] {processor.py:161} INFO - Started process (PID=1625) to work on /home/airflow/.local/lib/python3.8/site-packages/airflow/example_dags/example_branch_day_of_week_operator.py
[2025-02-11T11:40:20.096+0000] {processor.py:830} INFO - Processing file /home/airflow/.local/lib/python3.8/site-packages/airflow/example_dags/example_branch_day_of_week_operator.py for tasks to queue
[2025-02-11T11:40:20.100+0000] {logging_mixin.py:188} INFO - [2025-02-11T11:40:20.099+0000] {dagbag.py:538} INFO - Filling up the DagBag from /home/airflow/.local/lib/python3.8/site-packages/airflow/example_dags/example_branch_day_of_week_operator.py
[2025-02-11T11:40:20.122+0000] {processor.py:840} INFO - DAG(s) 'example_weekday_branch_operator' retrieved from /home/airflow/.local/lib/python3.8/site-packages/airflow/example_dags/example_branch_day_of_week_operator.py
[2025-02-11T11:40:20.173+0000] {logging_mixin.py:188} INFO - [2025-02-11T11:40:20.173+0000] {dag.py:3036} INFO - Sync 1 DAGs
[2025-02-11T11:40:20.239+0000] {logging_mixin.py:188} INFO - [2025-02-11T11:40:20.239+0000] {dag.py:3823} INFO - Setting next_dagrun for example_weekday_branch_operator to 2025-02-10 00:00:00+00:00, run_after=2025-02-11 00:00:00+00:00
[2025-02-11T11:40:20.302+0000] {processor.py:183} INFO - Processing /home/airflow/.local/lib/python3.8/site-packages/airflow/example_dags/example_branch_day_of_week_operator.py took 0.217 seconds
[2025-02-11T11:40:50.516+0000] {processor.py:161} INFO - Started process (PID=1689) to work on /home/airflow/.local/lib/python3.8/site-packages/airflow/example_dags/example_branch_day_of_week_operator.py
[2025-02-11T11:40:50.518+0000] {processor.py:830} INFO - Processing file /home/airflow/.local/lib/python3.8/site-packages/airflow/example_dags/example_branch_day_of_week_operator.py for tasks to queue
[2025-02-11T11:40:50.523+0000] {logging_mixin.py:188} INFO - [2025-02-11T11:40:50.522+0000] {dagbag.py:538} INFO - Filling up the DagBag from /home/airflow/.local/lib/python3.8/site-packages/airflow/example_dags/example_branch_day_of_week_operator.py
[2025-02-11T11:40:50.551+0000] {processor.py:840} INFO - DAG(s) 'example_weekday_branch_operator' retrieved from /home/airflow/.local/lib/python3.8/site-packages/airflow/example_dags/example_branch_day_of_week_operator.py
[2025-02-11T11:40:50.598+0000] {logging_mixin.py:188} INFO - [2025-02-11T11:40:50.598+0000] {dag.py:3036} INFO - Sync 1 DAGs
[2025-02-11T11:40:50.641+0000] {logging_mixin.py:188} INFO - [2025-02-11T11:40:50.641+0000] {dag.py:3823} INFO - Setting next_dagrun for example_weekday_branch_operator to 2025-02-10 00:00:00+00:00, run_after=2025-02-11 00:00:00+00:00
[2025-02-11T11:40:50.685+0000] {processor.py:183} INFO - Processing /home/airflow/.local/lib/python3.8/site-packages/airflow/example_dags/example_branch_day_of_week_operator.py took 0.176 seconds
