[2025-02-11T11:28:36.878+0000] {processor.py:161} INFO - Started process (PID=103) to work on /home/airflow/.local/lib/python3.8/site-packages/airflow/example_dags/example_python_operator.py
[2025-02-11T11:28:36.879+0000] {processor.py:830} INFO - Processing file /home/airflow/.local/lib/python3.8/site-packages/airflow/example_dags/example_python_operator.py for tasks to queue
[2025-02-11T11:28:36.886+0000] {logging_mixin.py:188} INFO - [2025-02-11T11:28:36.886+0000] {dagbag.py:538} INFO - Filling up the DagBag from /home/airflow/.local/lib/python3.8/site-packages/airflow/example_dags/example_python_operator.py
[2025-02-11T11:28:36.921+0000] {processor.py:840} INFO - DAG(s) 'example_python_operator' retrieved from /home/airflow/.local/lib/python3.8/site-packages/airflow/example_dags/example_python_operator.py
[2025-02-11T11:28:37.170+0000] {logging_mixin.py:188} INFO - [2025-02-11T11:28:37.169+0000] {dag.py:3036} INFO - Sync 1 DAGs
[2025-02-11T11:28:37.190+0000] {logging_mixin.py:188} INFO - [2025-02-11T11:28:37.190+0000] {dag.py:3823} INFO - Setting next_dagrun for example_python_operator to None, run_after=None
[2025-02-11T11:28:37.226+0000] {processor.py:183} INFO - Processing /home/airflow/.local/lib/python3.8/site-packages/airflow/example_dags/example_python_operator.py took 0.364 seconds
[2025-02-11T11:29:07.685+0000] {processor.py:161} INFO - Started process (PID=167) to work on /home/airflow/.local/lib/python3.8/site-packages/airflow/example_dags/example_python_operator.py
[2025-02-11T11:29:07.686+0000] {processor.py:830} INFO - Processing file /home/airflow/.local/lib/python3.8/site-packages/airflow/example_dags/example_python_operator.py for tasks to queue
[2025-02-11T11:29:07.689+0000] {logging_mixin.py:188} INFO - [2025-02-11T11:29:07.689+0000] {dagbag.py:538} INFO - Filling up the DagBag from /home/airflow/.local/lib/python3.8/site-packages/airflow/example_dags/example_python_operator.py
[2025-02-11T11:29:07.709+0000] {processor.py:840} INFO - DAG(s) 'example_python_operator' retrieved from /home/airflow/.local/lib/python3.8/site-packages/airflow/example_dags/example_python_operator.py
[2025-02-11T11:29:07.768+0000] {logging_mixin.py:188} INFO - [2025-02-11T11:29:07.767+0000] {dag.py:3036} INFO - Sync 1 DAGs
[2025-02-11T11:29:07.813+0000] {logging_mixin.py:188} INFO - [2025-02-11T11:29:07.813+0000] {dag.py:3823} INFO - Setting next_dagrun for example_python_operator to None, run_after=None
[2025-02-11T11:29:07.858+0000] {processor.py:183} INFO - Processing /home/airflow/.local/lib/python3.8/site-packages/airflow/example_dags/example_python_operator.py took 0.179 seconds
[2025-02-11T11:29:38.773+0000] {processor.py:161} INFO - Started process (PID=239) to work on /home/airflow/.local/lib/python3.8/site-packages/airflow/example_dags/example_python_operator.py
[2025-02-11T11:29:38.776+0000] {processor.py:830} INFO - Processing file /home/airflow/.local/lib/python3.8/site-packages/airflow/example_dags/example_python_operator.py for tasks to queue
[2025-02-11T11:29:38.785+0000] {logging_mixin.py:188} INFO - [2025-02-11T11:29:38.784+0000] {dagbag.py:538} INFO - Filling up the DagBag from /home/airflow/.local/lib/python3.8/site-packages/airflow/example_dags/example_python_operator.py
[2025-02-11T11:29:38.816+0000] {processor.py:840} INFO - DAG(s) 'example_python_operator' retrieved from /home/airflow/.local/lib/python3.8/site-packages/airflow/example_dags/example_python_operator.py
[2025-02-11T11:29:39.084+0000] {logging_mixin.py:188} INFO - [2025-02-11T11:29:39.084+0000] {dag.py:3036} INFO - Sync 1 DAGs
[2025-02-11T11:29:39.171+0000] {logging_mixin.py:188} INFO - [2025-02-11T11:29:39.170+0000] {dag.py:3823} INFO - Setting next_dagrun for example_python_operator to None, run_after=None
[2025-02-11T11:29:39.376+0000] {processor.py:183} INFO - Processing /home/airflow/.local/lib/python3.8/site-packages/airflow/example_dags/example_python_operator.py took 0.609 seconds
[2025-02-11T11:30:09.641+0000] {processor.py:161} INFO - Started process (PID=303) to work on /home/airflow/.local/lib/python3.8/site-packages/airflow/example_dags/example_python_operator.py
[2025-02-11T11:30:09.645+0000] {processor.py:830} INFO - Processing file /home/airflow/.local/lib/python3.8/site-packages/airflow/example_dags/example_python_operator.py for tasks to queue
[2025-02-11T11:30:09.653+0000] {logging_mixin.py:188} INFO - [2025-02-11T11:30:09.652+0000] {dagbag.py:538} INFO - Filling up the DagBag from /home/airflow/.local/lib/python3.8/site-packages/airflow/example_dags/example_python_operator.py
[2025-02-11T11:30:09.673+0000] {processor.py:840} INFO - DAG(s) 'example_python_operator' retrieved from /home/airflow/.local/lib/python3.8/site-packages/airflow/example_dags/example_python_operator.py
[2025-02-11T11:30:09.711+0000] {logging_mixin.py:188} INFO - [2025-02-11T11:30:09.710+0000] {dag.py:3036} INFO - Sync 1 DAGs
[2025-02-11T11:30:09.731+0000] {logging_mixin.py:188} INFO - [2025-02-11T11:30:09.730+0000] {dag.py:3823} INFO - Setting next_dagrun for example_python_operator to None, run_after=None
[2025-02-11T11:30:09.770+0000] {processor.py:183} INFO - Processing /home/airflow/.local/lib/python3.8/site-packages/airflow/example_dags/example_python_operator.py took 0.135 seconds
[2025-02-11T11:30:40.218+0000] {processor.py:161} INFO - Started process (PID=368) to work on /home/airflow/.local/lib/python3.8/site-packages/airflow/example_dags/example_python_operator.py
[2025-02-11T11:30:40.221+0000] {processor.py:830} INFO - Processing file /home/airflow/.local/lib/python3.8/site-packages/airflow/example_dags/example_python_operator.py for tasks to queue
[2025-02-11T11:30:40.225+0000] {logging_mixin.py:188} INFO - [2025-02-11T11:30:40.225+0000] {dagbag.py:538} INFO - Filling up the DagBag from /home/airflow/.local/lib/python3.8/site-packages/airflow/example_dags/example_python_operator.py
[2025-02-11T11:30:40.250+0000] {processor.py:840} INFO - DAG(s) 'example_python_operator' retrieved from /home/airflow/.local/lib/python3.8/site-packages/airflow/example_dags/example_python_operator.py
[2025-02-11T11:30:40.402+0000] {logging_mixin.py:188} INFO - [2025-02-11T11:30:40.402+0000] {dag.py:3036} INFO - Sync 1 DAGs
[2025-02-11T11:30:40.441+0000] {logging_mixin.py:188} INFO - [2025-02-11T11:30:40.440+0000] {dag.py:3823} INFO - Setting next_dagrun for example_python_operator to None, run_after=None
[2025-02-11T11:30:40.479+0000] {processor.py:183} INFO - Processing /home/airflow/.local/lib/python3.8/site-packages/airflow/example_dags/example_python_operator.py took 0.265 seconds
[2025-02-11T11:31:11.507+0000] {processor.py:161} INFO - Started process (PID=433) to work on /home/airflow/.local/lib/python3.8/site-packages/airflow/example_dags/example_python_operator.py
[2025-02-11T11:31:11.508+0000] {processor.py:830} INFO - Processing file /home/airflow/.local/lib/python3.8/site-packages/airflow/example_dags/example_python_operator.py for tasks to queue
[2025-02-11T11:31:11.513+0000] {logging_mixin.py:188} INFO - [2025-02-11T11:31:11.513+0000] {dagbag.py:538} INFO - Filling up the DagBag from /home/airflow/.local/lib/python3.8/site-packages/airflow/example_dags/example_python_operator.py
[2025-02-11T11:31:11.552+0000] {processor.py:840} INFO - DAG(s) 'example_python_operator' retrieved from /home/airflow/.local/lib/python3.8/site-packages/airflow/example_dags/example_python_operator.py
[2025-02-11T11:31:11.676+0000] {logging_mixin.py:188} INFO - [2025-02-11T11:31:11.675+0000] {dag.py:3036} INFO - Sync 1 DAGs
[2025-02-11T11:31:11.708+0000] {logging_mixin.py:188} INFO - [2025-02-11T11:31:11.707+0000] {dag.py:3823} INFO - Setting next_dagrun for example_python_operator to None, run_after=None
[2025-02-11T11:31:11.744+0000] {processor.py:183} INFO - Processing /home/airflow/.local/lib/python3.8/site-packages/airflow/example_dags/example_python_operator.py took 0.243 seconds
[2025-02-11T11:31:41.827+0000] {processor.py:161} INFO - Started process (PID=498) to work on /home/airflow/.local/lib/python3.8/site-packages/airflow/example_dags/example_python_operator.py
[2025-02-11T11:31:41.830+0000] {processor.py:830} INFO - Processing file /home/airflow/.local/lib/python3.8/site-packages/airflow/example_dags/example_python_operator.py for tasks to queue
[2025-02-11T11:31:41.833+0000] {logging_mixin.py:188} INFO - [2025-02-11T11:31:41.832+0000] {dagbag.py:538} INFO - Filling up the DagBag from /home/airflow/.local/lib/python3.8/site-packages/airflow/example_dags/example_python_operator.py
[2025-02-11T11:31:41.847+0000] {processor.py:840} INFO - DAG(s) 'example_python_operator' retrieved from /home/airflow/.local/lib/python3.8/site-packages/airflow/example_dags/example_python_operator.py
[2025-02-11T11:31:41.885+0000] {logging_mixin.py:188} INFO - [2025-02-11T11:31:41.885+0000] {dag.py:3036} INFO - Sync 1 DAGs
[2025-02-11T11:31:41.905+0000] {logging_mixin.py:188} INFO - [2025-02-11T11:31:41.905+0000] {dag.py:3823} INFO - Setting next_dagrun for example_python_operator to None, run_after=None
[2025-02-11T11:31:41.955+0000] {processor.py:183} INFO - Processing /home/airflow/.local/lib/python3.8/site-packages/airflow/example_dags/example_python_operator.py took 0.133 seconds
[2025-02-11T11:32:12.365+0000] {processor.py:161} INFO - Started process (PID=571) to work on /home/airflow/.local/lib/python3.8/site-packages/airflow/example_dags/example_python_operator.py
[2025-02-11T11:32:12.368+0000] {processor.py:830} INFO - Processing file /home/airflow/.local/lib/python3.8/site-packages/airflow/example_dags/example_python_operator.py for tasks to queue
[2025-02-11T11:32:12.374+0000] {logging_mixin.py:188} INFO - [2025-02-11T11:32:12.373+0000] {dagbag.py:538} INFO - Filling up the DagBag from /home/airflow/.local/lib/python3.8/site-packages/airflow/example_dags/example_python_operator.py
[2025-02-11T11:32:12.399+0000] {processor.py:840} INFO - DAG(s) 'example_python_operator' retrieved from /home/airflow/.local/lib/python3.8/site-packages/airflow/example_dags/example_python_operator.py
[2025-02-11T11:32:12.444+0000] {logging_mixin.py:188} INFO - [2025-02-11T11:32:12.442+0000] {dag.py:3036} INFO - Sync 1 DAGs
[2025-02-11T11:32:12.470+0000] {logging_mixin.py:188} INFO - [2025-02-11T11:32:12.469+0000] {dag.py:3823} INFO - Setting next_dagrun for example_python_operator to None, run_after=None
[2025-02-11T11:32:12.514+0000] {processor.py:183} INFO - Processing /home/airflow/.local/lib/python3.8/site-packages/airflow/example_dags/example_python_operator.py took 0.157 seconds
[2025-02-11T11:32:43.276+0000] {processor.py:161} INFO - Started process (PID=635) to work on /home/airflow/.local/lib/python3.8/site-packages/airflow/example_dags/example_python_operator.py
[2025-02-11T11:32:43.277+0000] {processor.py:830} INFO - Processing file /home/airflow/.local/lib/python3.8/site-packages/airflow/example_dags/example_python_operator.py for tasks to queue
[2025-02-11T11:32:43.286+0000] {logging_mixin.py:188} INFO - [2025-02-11T11:32:43.281+0000] {dagbag.py:538} INFO - Filling up the DagBag from /home/airflow/.local/lib/python3.8/site-packages/airflow/example_dags/example_python_operator.py
[2025-02-11T11:32:43.304+0000] {processor.py:840} INFO - DAG(s) 'example_python_operator' retrieved from /home/airflow/.local/lib/python3.8/site-packages/airflow/example_dags/example_python_operator.py
[2025-02-11T11:32:43.350+0000] {logging_mixin.py:188} INFO - [2025-02-11T11:32:43.348+0000] {dag.py:3036} INFO - Sync 1 DAGs
[2025-02-11T11:32:43.374+0000] {logging_mixin.py:188} INFO - [2025-02-11T11:32:43.372+0000] {dag.py:3823} INFO - Setting next_dagrun for example_python_operator to None, run_after=None
[2025-02-11T11:32:43.420+0000] {processor.py:183} INFO - Processing /home/airflow/.local/lib/python3.8/site-packages/airflow/example_dags/example_python_operator.py took 0.149 seconds
[2025-02-11T11:33:13.885+0000] {processor.py:161} INFO - Started process (PID=700) to work on /home/airflow/.local/lib/python3.8/site-packages/airflow/example_dags/example_python_operator.py
[2025-02-11T11:33:13.888+0000] {processor.py:830} INFO - Processing file /home/airflow/.local/lib/python3.8/site-packages/airflow/example_dags/example_python_operator.py for tasks to queue
[2025-02-11T11:33:13.892+0000] {logging_mixin.py:188} INFO - [2025-02-11T11:33:13.892+0000] {dagbag.py:538} INFO - Filling up the DagBag from /home/airflow/.local/lib/python3.8/site-packages/airflow/example_dags/example_python_operator.py
[2025-02-11T11:33:13.911+0000] {processor.py:840} INFO - DAG(s) 'example_python_operator' retrieved from /home/airflow/.local/lib/python3.8/site-packages/airflow/example_dags/example_python_operator.py
[2025-02-11T11:33:13.949+0000] {logging_mixin.py:188} INFO - [2025-02-11T11:33:13.948+0000] {dag.py:3036} INFO - Sync 1 DAGs
[2025-02-11T11:33:13.972+0000] {logging_mixin.py:188} INFO - [2025-02-11T11:33:13.971+0000] {dag.py:3823} INFO - Setting next_dagrun for example_python_operator to None, run_after=None
[2025-02-11T11:33:14.013+0000] {processor.py:183} INFO - Processing /home/airflow/.local/lib/python3.8/site-packages/airflow/example_dags/example_python_operator.py took 0.137 seconds
[2025-02-11T11:33:44.829+0000] {processor.py:161} INFO - Started process (PID=772) to work on /home/airflow/.local/lib/python3.8/site-packages/airflow/example_dags/example_python_operator.py
[2025-02-11T11:33:44.831+0000] {processor.py:830} INFO - Processing file /home/airflow/.local/lib/python3.8/site-packages/airflow/example_dags/example_python_operator.py for tasks to queue
[2025-02-11T11:33:44.833+0000] {logging_mixin.py:188} INFO - [2025-02-11T11:33:44.833+0000] {dagbag.py:538} INFO - Filling up the DagBag from /home/airflow/.local/lib/python3.8/site-packages/airflow/example_dags/example_python_operator.py
[2025-02-11T11:33:44.852+0000] {processor.py:840} INFO - DAG(s) 'example_python_operator' retrieved from /home/airflow/.local/lib/python3.8/site-packages/airflow/example_dags/example_python_operator.py
[2025-02-11T11:33:44.891+0000] {logging_mixin.py:188} INFO - [2025-02-11T11:33:44.891+0000] {dag.py:3036} INFO - Sync 1 DAGs
[2025-02-11T11:33:44.918+0000] {logging_mixin.py:188} INFO - [2025-02-11T11:33:44.918+0000] {dag.py:3823} INFO - Setting next_dagrun for example_python_operator to None, run_after=None
[2025-02-11T11:33:44.959+0000] {processor.py:183} INFO - Processing /home/airflow/.local/lib/python3.8/site-packages/airflow/example_dags/example_python_operator.py took 0.135 seconds
[2025-02-11T11:34:15.328+0000] {processor.py:161} INFO - Started process (PID=836) to work on /home/airflow/.local/lib/python3.8/site-packages/airflow/example_dags/example_python_operator.py
[2025-02-11T11:34:15.329+0000] {processor.py:830} INFO - Processing file /home/airflow/.local/lib/python3.8/site-packages/airflow/example_dags/example_python_operator.py for tasks to queue
[2025-02-11T11:34:15.334+0000] {logging_mixin.py:188} INFO - [2025-02-11T11:34:15.334+0000] {dagbag.py:538} INFO - Filling up the DagBag from /home/airflow/.local/lib/python3.8/site-packages/airflow/example_dags/example_python_operator.py
[2025-02-11T11:34:15.348+0000] {processor.py:840} INFO - DAG(s) 'example_python_operator' retrieved from /home/airflow/.local/lib/python3.8/site-packages/airflow/example_dags/example_python_operator.py
[2025-02-11T11:34:15.385+0000] {logging_mixin.py:188} INFO - [2025-02-11T11:34:15.385+0000] {dag.py:3036} INFO - Sync 1 DAGs
[2025-02-11T11:34:15.402+0000] {logging_mixin.py:188} INFO - [2025-02-11T11:34:15.402+0000] {dag.py:3823} INFO - Setting next_dagrun for example_python_operator to None, run_after=None
[2025-02-11T11:34:15.443+0000] {processor.py:183} INFO - Processing /home/airflow/.local/lib/python3.8/site-packages/airflow/example_dags/example_python_operator.py took 0.119 seconds
[2025-02-11T11:34:45.806+0000] {processor.py:161} INFO - Started process (PID=901) to work on /home/airflow/.local/lib/python3.8/site-packages/airflow/example_dags/example_python_operator.py
[2025-02-11T11:34:45.809+0000] {processor.py:830} INFO - Processing file /home/airflow/.local/lib/python3.8/site-packages/airflow/example_dags/example_python_operator.py for tasks to queue
[2025-02-11T11:34:45.814+0000] {logging_mixin.py:188} INFO - [2025-02-11T11:34:45.814+0000] {dagbag.py:538} INFO - Filling up the DagBag from /home/airflow/.local/lib/python3.8/site-packages/airflow/example_dags/example_python_operator.py
[2025-02-11T11:34:45.836+0000] {processor.py:840} INFO - DAG(s) 'example_python_operator' retrieved from /home/airflow/.local/lib/python3.8/site-packages/airflow/example_dags/example_python_operator.py
[2025-02-11T11:34:45.880+0000] {logging_mixin.py:188} INFO - [2025-02-11T11:34:45.880+0000] {dag.py:3036} INFO - Sync 1 DAGs
[2025-02-11T11:34:45.904+0000] {logging_mixin.py:188} INFO - [2025-02-11T11:34:45.903+0000] {dag.py:3823} INFO - Setting next_dagrun for example_python_operator to None, run_after=None
[2025-02-11T11:34:45.948+0000] {processor.py:183} INFO - Processing /home/airflow/.local/lib/python3.8/site-packages/airflow/example_dags/example_python_operator.py took 0.147 seconds
[2025-02-11T11:35:16.623+0000] {processor.py:161} INFO - Started process (PID=966) to work on /home/airflow/.local/lib/python3.8/site-packages/airflow/example_dags/example_python_operator.py
[2025-02-11T11:35:16.625+0000] {processor.py:830} INFO - Processing file /home/airflow/.local/lib/python3.8/site-packages/airflow/example_dags/example_python_operator.py for tasks to queue
[2025-02-11T11:35:16.628+0000] {logging_mixin.py:188} INFO - [2025-02-11T11:35:16.628+0000] {dagbag.py:538} INFO - Filling up the DagBag from /home/airflow/.local/lib/python3.8/site-packages/airflow/example_dags/example_python_operator.py
[2025-02-11T11:35:16.646+0000] {processor.py:840} INFO - DAG(s) 'example_python_operator' retrieved from /home/airflow/.local/lib/python3.8/site-packages/airflow/example_dags/example_python_operator.py
[2025-02-11T11:35:16.701+0000] {logging_mixin.py:188} INFO - [2025-02-11T11:35:16.700+0000] {dag.py:3036} INFO - Sync 1 DAGs
[2025-02-11T11:35:16.730+0000] {logging_mixin.py:188} INFO - [2025-02-11T11:35:16.729+0000] {dag.py:3823} INFO - Setting next_dagrun for example_python_operator to None, run_after=None
[2025-02-11T11:35:16.776+0000] {processor.py:183} INFO - Processing /home/airflow/.local/lib/python3.8/site-packages/airflow/example_dags/example_python_operator.py took 0.163 seconds
[2025-02-11T11:35:46.930+0000] {processor.py:161} INFO - Started process (PID=1031) to work on /home/airflow/.local/lib/python3.8/site-packages/airflow/example_dags/example_python_operator.py
[2025-02-11T11:35:46.933+0000] {processor.py:830} INFO - Processing file /home/airflow/.local/lib/python3.8/site-packages/airflow/example_dags/example_python_operator.py for tasks to queue
[2025-02-11T11:35:46.937+0000] {logging_mixin.py:188} INFO - [2025-02-11T11:35:46.936+0000] {dagbag.py:538} INFO - Filling up the DagBag from /home/airflow/.local/lib/python3.8/site-packages/airflow/example_dags/example_python_operator.py
[2025-02-11T11:35:46.953+0000] {processor.py:840} INFO - DAG(s) 'example_python_operator' retrieved from /home/airflow/.local/lib/python3.8/site-packages/airflow/example_dags/example_python_operator.py
[2025-02-11T11:35:46.996+0000] {logging_mixin.py:188} INFO - [2025-02-11T11:35:46.996+0000] {dag.py:3036} INFO - Sync 1 DAGs
[2025-02-11T11:35:47.015+0000] {logging_mixin.py:188} INFO - [2025-02-11T11:35:47.015+0000] {dag.py:3823} INFO - Setting next_dagrun for example_python_operator to None, run_after=None
[2025-02-11T11:35:47.064+0000] {processor.py:183} INFO - Processing /home/airflow/.local/lib/python3.8/site-packages/airflow/example_dags/example_python_operator.py took 0.139 seconds
[2025-02-11T11:36:17.183+0000] {processor.py:161} INFO - Started process (PID=1104) to work on /home/airflow/.local/lib/python3.8/site-packages/airflow/example_dags/example_python_operator.py
[2025-02-11T11:36:17.185+0000] {processor.py:830} INFO - Processing file /home/airflow/.local/lib/python3.8/site-packages/airflow/example_dags/example_python_operator.py for tasks to queue
[2025-02-11T11:36:17.190+0000] {logging_mixin.py:188} INFO - [2025-02-11T11:36:17.190+0000] {dagbag.py:538} INFO - Filling up the DagBag from /home/airflow/.local/lib/python3.8/site-packages/airflow/example_dags/example_python_operator.py
[2025-02-11T11:36:17.212+0000] {processor.py:840} INFO - DAG(s) 'example_python_operator' retrieved from /home/airflow/.local/lib/python3.8/site-packages/airflow/example_dags/example_python_operator.py
[2025-02-11T11:36:17.251+0000] {logging_mixin.py:188} INFO - [2025-02-11T11:36:17.251+0000] {dag.py:3036} INFO - Sync 1 DAGs
[2025-02-11T11:36:17.280+0000] {logging_mixin.py:188} INFO - [2025-02-11T11:36:17.280+0000] {dag.py:3823} INFO - Setting next_dagrun for example_python_operator to None, run_after=None
[2025-02-11T11:36:17.329+0000] {processor.py:183} INFO - Processing /home/airflow/.local/lib/python3.8/site-packages/airflow/example_dags/example_python_operator.py took 0.151 seconds
[2025-02-11T11:36:47.405+0000] {processor.py:161} INFO - Started process (PID=1169) to work on /home/airflow/.local/lib/python3.8/site-packages/airflow/example_dags/example_python_operator.py
[2025-02-11T11:36:47.406+0000] {processor.py:830} INFO - Processing file /home/airflow/.local/lib/python3.8/site-packages/airflow/example_dags/example_python_operator.py for tasks to queue
[2025-02-11T11:36:47.409+0000] {logging_mixin.py:188} INFO - [2025-02-11T11:36:47.409+0000] {dagbag.py:538} INFO - Filling up the DagBag from /home/airflow/.local/lib/python3.8/site-packages/airflow/example_dags/example_python_operator.py
[2025-02-11T11:36:47.428+0000] {processor.py:840} INFO - DAG(s) 'example_python_operator' retrieved from /home/airflow/.local/lib/python3.8/site-packages/airflow/example_dags/example_python_operator.py
[2025-02-11T11:36:47.480+0000] {logging_mixin.py:188} INFO - [2025-02-11T11:36:47.479+0000] {dag.py:3036} INFO - Sync 1 DAGs
[2025-02-11T11:36:47.504+0000] {logging_mixin.py:188} INFO - [2025-02-11T11:36:47.504+0000] {dag.py:3823} INFO - Setting next_dagrun for example_python_operator to None, run_after=None
[2025-02-11T11:36:47.549+0000] {processor.py:183} INFO - Processing /home/airflow/.local/lib/python3.8/site-packages/airflow/example_dags/example_python_operator.py took 0.153 seconds
[2025-02-11T11:37:18.088+0000] {processor.py:161} INFO - Started process (PID=1234) to work on /home/airflow/.local/lib/python3.8/site-packages/airflow/example_dags/example_python_operator.py
[2025-02-11T11:37:18.091+0000] {processor.py:830} INFO - Processing file /home/airflow/.local/lib/python3.8/site-packages/airflow/example_dags/example_python_operator.py for tasks to queue
[2025-02-11T11:37:18.095+0000] {logging_mixin.py:188} INFO - [2025-02-11T11:37:18.095+0000] {dagbag.py:538} INFO - Filling up the DagBag from /home/airflow/.local/lib/python3.8/site-packages/airflow/example_dags/example_python_operator.py
[2025-02-11T11:37:18.124+0000] {processor.py:840} INFO - DAG(s) 'example_python_operator' retrieved from /home/airflow/.local/lib/python3.8/site-packages/airflow/example_dags/example_python_operator.py
[2025-02-11T11:37:18.178+0000] {logging_mixin.py:188} INFO - [2025-02-11T11:37:18.177+0000] {dag.py:3036} INFO - Sync 1 DAGs
[2025-02-11T11:37:18.202+0000] {logging_mixin.py:188} INFO - [2025-02-11T11:37:18.201+0000] {dag.py:3823} INFO - Setting next_dagrun for example_python_operator to None, run_after=None
[2025-02-11T11:37:18.243+0000] {processor.py:183} INFO - Processing /home/airflow/.local/lib/python3.8/site-packages/airflow/example_dags/example_python_operator.py took 0.161 seconds
[2025-02-11T11:37:48.309+0000] {processor.py:161} INFO - Started process (PID=1305) to work on /home/airflow/.local/lib/python3.8/site-packages/airflow/example_dags/example_python_operator.py
[2025-02-11T11:37:48.310+0000] {processor.py:830} INFO - Processing file /home/airflow/.local/lib/python3.8/site-packages/airflow/example_dags/example_python_operator.py for tasks to queue
[2025-02-11T11:37:48.313+0000] {logging_mixin.py:188} INFO - [2025-02-11T11:37:48.312+0000] {dagbag.py:538} INFO - Filling up the DagBag from /home/airflow/.local/lib/python3.8/site-packages/airflow/example_dags/example_python_operator.py
[2025-02-11T11:37:48.326+0000] {processor.py:840} INFO - DAG(s) 'example_python_operator' retrieved from /home/airflow/.local/lib/python3.8/site-packages/airflow/example_dags/example_python_operator.py
[2025-02-11T11:37:48.357+0000] {logging_mixin.py:188} INFO - [2025-02-11T11:37:48.357+0000] {dag.py:3036} INFO - Sync 1 DAGs
[2025-02-11T11:37:48.377+0000] {logging_mixin.py:188} INFO - [2025-02-11T11:37:48.377+0000] {dag.py:3823} INFO - Setting next_dagrun for example_python_operator to None, run_after=None
[2025-02-11T11:37:48.408+0000] {processor.py:183} INFO - Processing /home/airflow/.local/lib/python3.8/site-packages/airflow/example_dags/example_python_operator.py took 0.105 seconds
[2025-02-11T11:38:18.489+0000] {processor.py:161} INFO - Started process (PID=1370) to work on /home/airflow/.local/lib/python3.8/site-packages/airflow/example_dags/example_python_operator.py
[2025-02-11T11:38:18.491+0000] {processor.py:830} INFO - Processing file /home/airflow/.local/lib/python3.8/site-packages/airflow/example_dags/example_python_operator.py for tasks to queue
[2025-02-11T11:38:18.494+0000] {logging_mixin.py:188} INFO - [2025-02-11T11:38:18.494+0000] {dagbag.py:538} INFO - Filling up the DagBag from /home/airflow/.local/lib/python3.8/site-packages/airflow/example_dags/example_python_operator.py
[2025-02-11T11:38:18.515+0000] {processor.py:840} INFO - DAG(s) 'example_python_operator' retrieved from /home/airflow/.local/lib/python3.8/site-packages/airflow/example_dags/example_python_operator.py
[2025-02-11T11:38:18.568+0000] {logging_mixin.py:188} INFO - [2025-02-11T11:38:18.568+0000] {dag.py:3036} INFO - Sync 1 DAGs
[2025-02-11T11:38:18.605+0000] {logging_mixin.py:188} INFO - [2025-02-11T11:38:18.605+0000] {dag.py:3823} INFO - Setting next_dagrun for example_python_operator to None, run_after=None
[2025-02-11T11:38:18.657+0000] {processor.py:183} INFO - Processing /home/airflow/.local/lib/python3.8/site-packages/airflow/example_dags/example_python_operator.py took 0.173 seconds
[2025-02-11T11:38:49.706+0000] {processor.py:161} INFO - Started process (PID=1436) to work on /home/airflow/.local/lib/python3.8/site-packages/airflow/example_dags/example_python_operator.py
[2025-02-11T11:38:49.708+0000] {processor.py:830} INFO - Processing file /home/airflow/.local/lib/python3.8/site-packages/airflow/example_dags/example_python_operator.py for tasks to queue
[2025-02-11T11:38:49.712+0000] {logging_mixin.py:188} INFO - [2025-02-11T11:38:49.711+0000] {dagbag.py:538} INFO - Filling up the DagBag from /home/airflow/.local/lib/python3.8/site-packages/airflow/example_dags/example_python_operator.py
[2025-02-11T11:38:49.732+0000] {processor.py:840} INFO - DAG(s) 'example_python_operator' retrieved from /home/airflow/.local/lib/python3.8/site-packages/airflow/example_dags/example_python_operator.py
[2025-02-11T11:38:49.769+0000] {logging_mixin.py:188} INFO - [2025-02-11T11:38:49.769+0000] {dag.py:3036} INFO - Sync 1 DAGs
[2025-02-11T11:38:49.784+0000] {logging_mixin.py:188} INFO - [2025-02-11T11:38:49.784+0000] {dag.py:3823} INFO - Setting next_dagrun for example_python_operator to None, run_after=None
[2025-02-11T11:38:49.813+0000] {processor.py:183} INFO - Processing /home/airflow/.local/lib/python3.8/site-packages/airflow/example_dags/example_python_operator.py took 0.113 seconds
[2025-02-11T11:39:19.892+0000] {processor.py:161} INFO - Started process (PID=1501) to work on /home/airflow/.local/lib/python3.8/site-packages/airflow/example_dags/example_python_operator.py
[2025-02-11T11:39:19.893+0000] {processor.py:830} INFO - Processing file /home/airflow/.local/lib/python3.8/site-packages/airflow/example_dags/example_python_operator.py for tasks to queue
[2025-02-11T11:39:19.897+0000] {logging_mixin.py:188} INFO - [2025-02-11T11:39:19.896+0000] {dagbag.py:538} INFO - Filling up the DagBag from /home/airflow/.local/lib/python3.8/site-packages/airflow/example_dags/example_python_operator.py
[2025-02-11T11:39:19.910+0000] {processor.py:840} INFO - DAG(s) 'example_python_operator' retrieved from /home/airflow/.local/lib/python3.8/site-packages/airflow/example_dags/example_python_operator.py
[2025-02-11T11:39:19.935+0000] {logging_mixin.py:188} INFO - [2025-02-11T11:39:19.935+0000] {dag.py:3036} INFO - Sync 1 DAGs
[2025-02-11T11:39:19.949+0000] {logging_mixin.py:188} INFO - [2025-02-11T11:39:19.949+0000] {dag.py:3823} INFO - Setting next_dagrun for example_python_operator to None, run_after=None
[2025-02-11T11:39:19.972+0000] {processor.py:183} INFO - Processing /home/airflow/.local/lib/python3.8/site-packages/airflow/example_dags/example_python_operator.py took 0.084 seconds
[2025-02-11T11:39:50.657+0000] {processor.py:161} INFO - Started process (PID=1573) to work on /home/airflow/.local/lib/python3.8/site-packages/airflow/example_dags/example_python_operator.py
[2025-02-11T11:39:50.658+0000] {processor.py:830} INFO - Processing file /home/airflow/.local/lib/python3.8/site-packages/airflow/example_dags/example_python_operator.py for tasks to queue
[2025-02-11T11:39:50.662+0000] {logging_mixin.py:188} INFO - [2025-02-11T11:39:50.661+0000] {dagbag.py:538} INFO - Filling up the DagBag from /home/airflow/.local/lib/python3.8/site-packages/airflow/example_dags/example_python_operator.py
[2025-02-11T11:39:50.682+0000] {processor.py:840} INFO - DAG(s) 'example_python_operator' retrieved from /home/airflow/.local/lib/python3.8/site-packages/airflow/example_dags/example_python_operator.py
[2025-02-11T11:39:50.717+0000] {logging_mixin.py:188} INFO - [2025-02-11T11:39:50.717+0000] {dag.py:3036} INFO - Sync 1 DAGs
[2025-02-11T11:39:50.743+0000] {logging_mixin.py:188} INFO - [2025-02-11T11:39:50.743+0000] {dag.py:3823} INFO - Setting next_dagrun for example_python_operator to None, run_after=None
[2025-02-11T11:39:50.780+0000] {processor.py:183} INFO - Processing /home/airflow/.local/lib/python3.8/site-packages/airflow/example_dags/example_python_operator.py took 0.130 seconds
[2025-02-11T11:40:22.341+0000] {processor.py:161} INFO - Started process (PID=1638) to work on /home/airflow/.local/lib/python3.8/site-packages/airflow/example_dags/example_python_operator.py
[2025-02-11T11:40:22.345+0000] {processor.py:830} INFO - Processing file /home/airflow/.local/lib/python3.8/site-packages/airflow/example_dags/example_python_operator.py for tasks to queue
[2025-02-11T11:40:22.349+0000] {logging_mixin.py:188} INFO - [2025-02-11T11:40:22.348+0000] {dagbag.py:538} INFO - Filling up the DagBag from /home/airflow/.local/lib/python3.8/site-packages/airflow/example_dags/example_python_operator.py
[2025-02-11T11:40:22.386+0000] {processor.py:840} INFO - DAG(s) 'example_python_operator' retrieved from /home/airflow/.local/lib/python3.8/site-packages/airflow/example_dags/example_python_operator.py
[2025-02-11T11:40:22.455+0000] {logging_mixin.py:188} INFO - [2025-02-11T11:40:22.454+0000] {dag.py:3036} INFO - Sync 1 DAGs
[2025-02-11T11:40:22.526+0000] {logging_mixin.py:188} INFO - [2025-02-11T11:40:22.526+0000] {dag.py:3823} INFO - Setting next_dagrun for example_python_operator to None, run_after=None
[2025-02-11T11:40:22.775+0000] {processor.py:183} INFO - Processing /home/airflow/.local/lib/python3.8/site-packages/airflow/example_dags/example_python_operator.py took 0.449 seconds
[2025-02-11T11:40:53.032+0000] {processor.py:161} INFO - Started process (PID=1703) to work on /home/airflow/.local/lib/python3.8/site-packages/airflow/example_dags/example_python_operator.py
[2025-02-11T11:40:53.035+0000] {processor.py:830} INFO - Processing file /home/airflow/.local/lib/python3.8/site-packages/airflow/example_dags/example_python_operator.py for tasks to queue
[2025-02-11T11:40:53.038+0000] {logging_mixin.py:188} INFO - [2025-02-11T11:40:53.037+0000] {dagbag.py:538} INFO - Filling up the DagBag from /home/airflow/.local/lib/python3.8/site-packages/airflow/example_dags/example_python_operator.py
[2025-02-11T11:40:53.069+0000] {processor.py:840} INFO - DAG(s) 'example_python_operator' retrieved from /home/airflow/.local/lib/python3.8/site-packages/airflow/example_dags/example_python_operator.py
[2025-02-11T11:40:53.111+0000] {logging_mixin.py:188} INFO - [2025-02-11T11:40:53.111+0000] {dag.py:3036} INFO - Sync 1 DAGs
[2025-02-11T11:40:53.154+0000] {logging_mixin.py:188} INFO - [2025-02-11T11:40:53.154+0000] {dag.py:3823} INFO - Setting next_dagrun for example_python_operator to None, run_after=None
[2025-02-11T11:40:53.189+0000] {processor.py:183} INFO - Processing /home/airflow/.local/lib/python3.8/site-packages/airflow/example_dags/example_python_operator.py took 0.172 seconds
