[2025-02-11T11:28:29.426+0000] {processor.py:161} INFO - Started process (PID=74) to work on /home/airflow/.local/lib/python3.8/site-packages/airflow/example_dags/example_subdag_operator.py
[2025-02-11T11:28:29.442+0000] {processor.py:830} INFO - Processing file /home/airflow/.local/lib/python3.8/site-packages/airflow/example_dags/example_subdag_operator.py for tasks to queue
[2025-02-11T11:28:29.457+0000] {logging_mixin.py:188} INFO - [2025-02-11T11:28:29.457+0000] {dagbag.py:538} INFO - Filling up the DagBag from /home/airflow/.local/lib/python3.8/site-packages/airflow/example_dags/example_subdag_operator.py
[2025-02-11T11:28:29.757+0000] {processor.py:840} INFO - DAG(s) 'example_subdag_operator.section-1', 'example_subdag_operator.section-2', 'example_subdag_operator' retrieved from /home/airflow/.local/lib/python3.8/site-packages/airflow/example_dags/example_subdag_operator.py
[2025-02-11T11:28:29.978+0000] {logging_mixin.py:188} INFO - [2025-02-11T11:28:29.977+0000] {dag.py:3036} INFO - Sync 3 DAGs
[2025-02-11T11:28:30.089+0000] {logging_mixin.py:188} INFO - [2025-02-11T11:28:30.089+0000] {dag.py:3823} INFO - Setting next_dagrun for example_subdag_operator to 2022-01-01 00:00:00+00:00, run_after=2022-01-01 00:00:00+00:00
[2025-02-11T11:28:30.101+0000] {logging_mixin.py:188} INFO - [2025-02-11T11:28:30.101+0000] {dag.py:3823} INFO - Setting next_dagrun for example_subdag_operator.section-1 to None, run_after=None
[2025-02-11T11:28:30.109+0000] {logging_mixin.py:188} INFO - [2025-02-11T11:28:30.109+0000] {dag.py:3823} INFO - Setting next_dagrun for example_subdag_operator.section-2 to None, run_after=None
[2025-02-11T11:28:30.132+0000] {logging_mixin.py:188} INFO - [2025-02-11T11:28:30.132+0000] {dag.py:3036} INFO - Sync 2 DAGs
[2025-02-11T11:28:30.149+0000] {logging_mixin.py:188} INFO - [2025-02-11T11:28:30.148+0000] {dag.py:3823} INFO - Setting next_dagrun for example_subdag_operator.section-1 to None, run_after=None
[2025-02-11T11:28:30.150+0000] {logging_mixin.py:188} INFO - [2025-02-11T11:28:30.150+0000] {dag.py:3823} INFO - Setting next_dagrun for example_subdag_operator.section-2 to None, run_after=None
[2025-02-11T11:28:30.191+0000] {processor.py:183} INFO - Processing /home/airflow/.local/lib/python3.8/site-packages/airflow/example_dags/example_subdag_operator.py took 0.792 seconds
[2025-02-11T11:29:00.390+0000] {processor.py:161} INFO - Started process (PID=138) to work on /home/airflow/.local/lib/python3.8/site-packages/airflow/example_dags/example_subdag_operator.py
[2025-02-11T11:29:00.398+0000] {processor.py:830} INFO - Processing file /home/airflow/.local/lib/python3.8/site-packages/airflow/example_dags/example_subdag_operator.py for tasks to queue
[2025-02-11T11:29:00.409+0000] {logging_mixin.py:188} INFO - [2025-02-11T11:29:00.405+0000] {dagbag.py:538} INFO - Filling up the DagBag from /home/airflow/.local/lib/python3.8/site-packages/airflow/example_dags/example_subdag_operator.py
[2025-02-11T11:29:00.485+0000] {processor.py:840} INFO - DAG(s) 'example_subdag_operator.section-1', 'example_subdag_operator.section-2', 'example_subdag_operator' retrieved from /home/airflow/.local/lib/python3.8/site-packages/airflow/example_dags/example_subdag_operator.py
[2025-02-11T11:29:00.634+0000] {logging_mixin.py:188} INFO - [2025-02-11T11:29:00.634+0000] {dag.py:3036} INFO - Sync 3 DAGs
[2025-02-11T11:29:00.727+0000] {logging_mixin.py:188} INFO - [2025-02-11T11:29:00.726+0000] {dag.py:3823} INFO - Setting next_dagrun for example_subdag_operator to 2022-01-01 00:00:00+00:00, run_after=2022-01-01 00:00:00+00:00
[2025-02-11T11:29:00.739+0000] {logging_mixin.py:188} INFO - [2025-02-11T11:29:00.738+0000] {dag.py:3823} INFO - Setting next_dagrun for example_subdag_operator.section-1 to None, run_after=None
[2025-02-11T11:29:00.742+0000] {logging_mixin.py:188} INFO - [2025-02-11T11:29:00.742+0000] {dag.py:3823} INFO - Setting next_dagrun for example_subdag_operator.section-2 to None, run_after=None
[2025-02-11T11:29:00.755+0000] {logging_mixin.py:188} INFO - [2025-02-11T11:29:00.755+0000] {dag.py:3036} INFO - Sync 2 DAGs
[2025-02-11T11:29:00.763+0000] {logging_mixin.py:188} INFO - [2025-02-11T11:29:00.763+0000] {dag.py:3823} INFO - Setting next_dagrun for example_subdag_operator.section-1 to None, run_after=None
[2025-02-11T11:29:00.764+0000] {logging_mixin.py:188} INFO - [2025-02-11T11:29:00.763+0000] {dag.py:3823} INFO - Setting next_dagrun for example_subdag_operator.section-2 to None, run_after=None
[2025-02-11T11:29:00.787+0000] {processor.py:183} INFO - Processing /home/airflow/.local/lib/python3.8/site-packages/airflow/example_dags/example_subdag_operator.py took 0.413 seconds
[2025-02-11T11:29:31.298+0000] {processor.py:161} INFO - Started process (PID=203) to work on /home/airflow/.local/lib/python3.8/site-packages/airflow/example_dags/example_subdag_operator.py
[2025-02-11T11:29:31.300+0000] {processor.py:830} INFO - Processing file /home/airflow/.local/lib/python3.8/site-packages/airflow/example_dags/example_subdag_operator.py for tasks to queue
[2025-02-11T11:29:31.306+0000] {logging_mixin.py:188} INFO - [2025-02-11T11:29:31.305+0000] {dagbag.py:538} INFO - Filling up the DagBag from /home/airflow/.local/lib/python3.8/site-packages/airflow/example_dags/example_subdag_operator.py
[2025-02-11T11:29:31.358+0000] {processor.py:840} INFO - DAG(s) 'example_subdag_operator.section-1', 'example_subdag_operator.section-2', 'example_subdag_operator' retrieved from /home/airflow/.local/lib/python3.8/site-packages/airflow/example_dags/example_subdag_operator.py
[2025-02-11T11:29:31.386+0000] {logging_mixin.py:188} INFO - [2025-02-11T11:29:31.386+0000] {dag.py:3036} INFO - Sync 3 DAGs
[2025-02-11T11:29:31.426+0000] {logging_mixin.py:188} INFO - [2025-02-11T11:29:31.425+0000] {dag.py:3823} INFO - Setting next_dagrun for example_subdag_operator to 2022-01-01 00:00:00+00:00, run_after=2022-01-01 00:00:00+00:00
[2025-02-11T11:29:31.435+0000] {logging_mixin.py:188} INFO - [2025-02-11T11:29:31.435+0000] {dag.py:3823} INFO - Setting next_dagrun for example_subdag_operator.section-1 to None, run_after=None
[2025-02-11T11:29:31.439+0000] {logging_mixin.py:188} INFO - [2025-02-11T11:29:31.438+0000] {dag.py:3823} INFO - Setting next_dagrun for example_subdag_operator.section-2 to None, run_after=None
[2025-02-11T11:29:31.455+0000] {logging_mixin.py:188} INFO - [2025-02-11T11:29:31.454+0000] {dag.py:3036} INFO - Sync 2 DAGs
[2025-02-11T11:29:31.466+0000] {logging_mixin.py:188} INFO - [2025-02-11T11:29:31.466+0000] {dag.py:3823} INFO - Setting next_dagrun for example_subdag_operator.section-1 to None, run_after=None
[2025-02-11T11:29:31.467+0000] {logging_mixin.py:188} INFO - [2025-02-11T11:29:31.467+0000] {dag.py:3823} INFO - Setting next_dagrun for example_subdag_operator.section-2 to None, run_after=None
[2025-02-11T11:29:31.494+0000] {processor.py:183} INFO - Processing /home/airflow/.local/lib/python3.8/site-packages/airflow/example_dags/example_subdag_operator.py took 0.202 seconds
[2025-02-11T11:30:01.979+0000] {processor.py:161} INFO - Started process (PID=267) to work on /home/airflow/.local/lib/python3.8/site-packages/airflow/example_dags/example_subdag_operator.py
[2025-02-11T11:30:01.984+0000] {processor.py:830} INFO - Processing file /home/airflow/.local/lib/python3.8/site-packages/airflow/example_dags/example_subdag_operator.py for tasks to queue
[2025-02-11T11:30:01.990+0000] {logging_mixin.py:188} INFO - [2025-02-11T11:30:01.989+0000] {dagbag.py:538} INFO - Filling up the DagBag from /home/airflow/.local/lib/python3.8/site-packages/airflow/example_dags/example_subdag_operator.py
[2025-02-11T11:30:02.051+0000] {processor.py:840} INFO - DAG(s) 'example_subdag_operator.section-1', 'example_subdag_operator.section-2', 'example_subdag_operator' retrieved from /home/airflow/.local/lib/python3.8/site-packages/airflow/example_dags/example_subdag_operator.py
[2025-02-11T11:30:02.083+0000] {logging_mixin.py:188} INFO - [2025-02-11T11:30:02.082+0000] {dag.py:3036} INFO - Sync 3 DAGs
[2025-02-11T11:30:02.120+0000] {logging_mixin.py:188} INFO - [2025-02-11T11:30:02.120+0000] {dag.py:3823} INFO - Setting next_dagrun for example_subdag_operator to 2022-01-01 00:00:00+00:00, run_after=2022-01-01 00:00:00+00:00
[2025-02-11T11:30:02.130+0000] {logging_mixin.py:188} INFO - [2025-02-11T11:30:02.130+0000] {dag.py:3823} INFO - Setting next_dagrun for example_subdag_operator.section-1 to None, run_after=None
[2025-02-11T11:30:02.134+0000] {logging_mixin.py:188} INFO - [2025-02-11T11:30:02.134+0000] {dag.py:3823} INFO - Setting next_dagrun for example_subdag_operator.section-2 to None, run_after=None
[2025-02-11T11:30:02.150+0000] {logging_mixin.py:188} INFO - [2025-02-11T11:30:02.150+0000] {dag.py:3036} INFO - Sync 2 DAGs
[2025-02-11T11:30:02.159+0000] {logging_mixin.py:188} INFO - [2025-02-11T11:30:02.158+0000] {dag.py:3823} INFO - Setting next_dagrun for example_subdag_operator.section-1 to None, run_after=None
[2025-02-11T11:30:02.159+0000] {logging_mixin.py:188} INFO - [2025-02-11T11:30:02.159+0000] {dag.py:3823} INFO - Setting next_dagrun for example_subdag_operator.section-2 to None, run_after=None
[2025-02-11T11:30:02.211+0000] {processor.py:183} INFO - Processing /home/airflow/.local/lib/python3.8/site-packages/airflow/example_dags/example_subdag_operator.py took 0.239 seconds
[2025-02-11T11:30:32.954+0000] {processor.py:161} INFO - Started process (PID=331) to work on /home/airflow/.local/lib/python3.8/site-packages/airflow/example_dags/example_subdag_operator.py
[2025-02-11T11:30:32.956+0000] {processor.py:830} INFO - Processing file /home/airflow/.local/lib/python3.8/site-packages/airflow/example_dags/example_subdag_operator.py for tasks to queue
[2025-02-11T11:30:32.959+0000] {logging_mixin.py:188} INFO - [2025-02-11T11:30:32.958+0000] {dagbag.py:538} INFO - Filling up the DagBag from /home/airflow/.local/lib/python3.8/site-packages/airflow/example_dags/example_subdag_operator.py
[2025-02-11T11:30:32.998+0000] {processor.py:840} INFO - DAG(s) 'example_subdag_operator.section-1', 'example_subdag_operator.section-2', 'example_subdag_operator' retrieved from /home/airflow/.local/lib/python3.8/site-packages/airflow/example_dags/example_subdag_operator.py
[2025-02-11T11:30:33.025+0000] {logging_mixin.py:188} INFO - [2025-02-11T11:30:33.025+0000] {dag.py:3036} INFO - Sync 3 DAGs
[2025-02-11T11:30:33.062+0000] {logging_mixin.py:188} INFO - [2025-02-11T11:30:33.062+0000] {dag.py:3823} INFO - Setting next_dagrun for example_subdag_operator to 2022-01-01 00:00:00+00:00, run_after=2022-01-01 00:00:00+00:00
[2025-02-11T11:30:33.069+0000] {logging_mixin.py:188} INFO - [2025-02-11T11:30:33.069+0000] {dag.py:3823} INFO - Setting next_dagrun for example_subdag_operator.section-1 to None, run_after=None
[2025-02-11T11:30:33.072+0000] {logging_mixin.py:188} INFO - [2025-02-11T11:30:33.072+0000] {dag.py:3823} INFO - Setting next_dagrun for example_subdag_operator.section-2 to None, run_after=None
[2025-02-11T11:30:33.085+0000] {logging_mixin.py:188} INFO - [2025-02-11T11:30:33.084+0000] {dag.py:3036} INFO - Sync 2 DAGs
[2025-02-11T11:30:33.098+0000] {logging_mixin.py:188} INFO - [2025-02-11T11:30:33.097+0000] {dag.py:3823} INFO - Setting next_dagrun for example_subdag_operator.section-1 to None, run_after=None
[2025-02-11T11:30:33.098+0000] {logging_mixin.py:188} INFO - [2025-02-11T11:30:33.098+0000] {dag.py:3823} INFO - Setting next_dagrun for example_subdag_operator.section-2 to None, run_after=None
[2025-02-11T11:30:33.116+0000] {processor.py:183} INFO - Processing /home/airflow/.local/lib/python3.8/site-packages/airflow/example_dags/example_subdag_operator.py took 0.167 seconds
[2025-02-11T11:31:03.271+0000] {processor.py:161} INFO - Started process (PID=405) to work on /home/airflow/.local/lib/python3.8/site-packages/airflow/example_dags/example_subdag_operator.py
[2025-02-11T11:31:03.274+0000] {processor.py:830} INFO - Processing file /home/airflow/.local/lib/python3.8/site-packages/airflow/example_dags/example_subdag_operator.py for tasks to queue
[2025-02-11T11:31:03.276+0000] {logging_mixin.py:188} INFO - [2025-02-11T11:31:03.276+0000] {dagbag.py:538} INFO - Filling up the DagBag from /home/airflow/.local/lib/python3.8/site-packages/airflow/example_dags/example_subdag_operator.py
[2025-02-11T11:31:03.321+0000] {processor.py:840} INFO - DAG(s) 'example_subdag_operator.section-1', 'example_subdag_operator.section-2', 'example_subdag_operator' retrieved from /home/airflow/.local/lib/python3.8/site-packages/airflow/example_dags/example_subdag_operator.py
[2025-02-11T11:31:03.354+0000] {logging_mixin.py:188} INFO - [2025-02-11T11:31:03.353+0000] {dag.py:3036} INFO - Sync 3 DAGs
[2025-02-11T11:31:03.391+0000] {logging_mixin.py:188} INFO - [2025-02-11T11:31:03.391+0000] {dag.py:3823} INFO - Setting next_dagrun for example_subdag_operator to 2022-01-01 00:00:00+00:00, run_after=2022-01-01 00:00:00+00:00
[2025-02-11T11:31:03.397+0000] {logging_mixin.py:188} INFO - [2025-02-11T11:31:03.396+0000] {dag.py:3823} INFO - Setting next_dagrun for example_subdag_operator.section-1 to None, run_after=None
[2025-02-11T11:31:03.399+0000] {logging_mixin.py:188} INFO - [2025-02-11T11:31:03.399+0000] {dag.py:3823} INFO - Setting next_dagrun for example_subdag_operator.section-2 to None, run_after=None
[2025-02-11T11:31:03.415+0000] {logging_mixin.py:188} INFO - [2025-02-11T11:31:03.414+0000] {dag.py:3036} INFO - Sync 2 DAGs
[2025-02-11T11:31:03.423+0000] {logging_mixin.py:188} INFO - [2025-02-11T11:31:03.423+0000] {dag.py:3823} INFO - Setting next_dagrun for example_subdag_operator.section-1 to None, run_after=None
[2025-02-11T11:31:03.424+0000] {logging_mixin.py:188} INFO - [2025-02-11T11:31:03.424+0000] {dag.py:3823} INFO - Setting next_dagrun for example_subdag_operator.section-2 to None, run_after=None
[2025-02-11T11:31:03.452+0000] {processor.py:183} INFO - Processing /home/airflow/.local/lib/python3.8/site-packages/airflow/example_dags/example_subdag_operator.py took 0.186 seconds
[2025-02-11T11:31:33.541+0000] {processor.py:161} INFO - Started process (PID=470) to work on /home/airflow/.local/lib/python3.8/site-packages/airflow/example_dags/example_subdag_operator.py
[2025-02-11T11:31:33.542+0000] {processor.py:830} INFO - Processing file /home/airflow/.local/lib/python3.8/site-packages/airflow/example_dags/example_subdag_operator.py for tasks to queue
[2025-02-11T11:31:33.546+0000] {logging_mixin.py:188} INFO - [2025-02-11T11:31:33.546+0000] {dagbag.py:538} INFO - Filling up the DagBag from /home/airflow/.local/lib/python3.8/site-packages/airflow/example_dags/example_subdag_operator.py
[2025-02-11T11:31:33.588+0000] {processor.py:840} INFO - DAG(s) 'example_subdag_operator.section-1', 'example_subdag_operator.section-2', 'example_subdag_operator' retrieved from /home/airflow/.local/lib/python3.8/site-packages/airflow/example_dags/example_subdag_operator.py
[2025-02-11T11:31:33.611+0000] {logging_mixin.py:188} INFO - [2025-02-11T11:31:33.611+0000] {dag.py:3036} INFO - Sync 3 DAGs
[2025-02-11T11:31:33.642+0000] {logging_mixin.py:188} INFO - [2025-02-11T11:31:33.641+0000] {dag.py:3823} INFO - Setting next_dagrun for example_subdag_operator to 2022-01-01 00:00:00+00:00, run_after=2022-01-01 00:00:00+00:00
[2025-02-11T11:31:33.647+0000] {logging_mixin.py:188} INFO - [2025-02-11T11:31:33.647+0000] {dag.py:3823} INFO - Setting next_dagrun for example_subdag_operator.section-1 to None, run_after=None
[2025-02-11T11:31:33.650+0000] {logging_mixin.py:188} INFO - [2025-02-11T11:31:33.650+0000] {dag.py:3823} INFO - Setting next_dagrun for example_subdag_operator.section-2 to None, run_after=None
[2025-02-11T11:31:33.662+0000] {logging_mixin.py:188} INFO - [2025-02-11T11:31:33.662+0000] {dag.py:3036} INFO - Sync 2 DAGs
[2025-02-11T11:31:33.671+0000] {logging_mixin.py:188} INFO - [2025-02-11T11:31:33.671+0000] {dag.py:3823} INFO - Setting next_dagrun for example_subdag_operator.section-1 to None, run_after=None
[2025-02-11T11:31:33.673+0000] {logging_mixin.py:188} INFO - [2025-02-11T11:31:33.673+0000] {dag.py:3823} INFO - Setting next_dagrun for example_subdag_operator.section-2 to None, run_after=None
[2025-02-11T11:31:33.694+0000] {processor.py:183} INFO - Processing /home/airflow/.local/lib/python3.8/site-packages/airflow/example_dags/example_subdag_operator.py took 0.157 seconds
[2025-02-11T11:32:03.826+0000] {processor.py:161} INFO - Started process (PID=534) to work on /home/airflow/.local/lib/python3.8/site-packages/airflow/example_dags/example_subdag_operator.py
[2025-02-11T11:32:03.830+0000] {processor.py:830} INFO - Processing file /home/airflow/.local/lib/python3.8/site-packages/airflow/example_dags/example_subdag_operator.py for tasks to queue
[2025-02-11T11:32:03.833+0000] {logging_mixin.py:188} INFO - [2025-02-11T11:32:03.833+0000] {dagbag.py:538} INFO - Filling up the DagBag from /home/airflow/.local/lib/python3.8/site-packages/airflow/example_dags/example_subdag_operator.py
[2025-02-11T11:32:03.882+0000] {processor.py:840} INFO - DAG(s) 'example_subdag_operator.section-1', 'example_subdag_operator.section-2', 'example_subdag_operator' retrieved from /home/airflow/.local/lib/python3.8/site-packages/airflow/example_dags/example_subdag_operator.py
[2025-02-11T11:32:03.916+0000] {logging_mixin.py:188} INFO - [2025-02-11T11:32:03.915+0000] {dag.py:3036} INFO - Sync 3 DAGs
[2025-02-11T11:32:03.952+0000] {logging_mixin.py:188} INFO - [2025-02-11T11:32:03.952+0000] {dag.py:3823} INFO - Setting next_dagrun for example_subdag_operator to 2022-01-01 00:00:00+00:00, run_after=2022-01-01 00:00:00+00:00
[2025-02-11T11:32:03.958+0000] {logging_mixin.py:188} INFO - [2025-02-11T11:32:03.957+0000] {dag.py:3823} INFO - Setting next_dagrun for example_subdag_operator.section-1 to None, run_after=None
[2025-02-11T11:32:03.961+0000] {logging_mixin.py:188} INFO - [2025-02-11T11:32:03.961+0000] {dag.py:3823} INFO - Setting next_dagrun for example_subdag_operator.section-2 to None, run_after=None
[2025-02-11T11:32:03.974+0000] {logging_mixin.py:188} INFO - [2025-02-11T11:32:03.974+0000] {dag.py:3036} INFO - Sync 2 DAGs
[2025-02-11T11:32:03.986+0000] {logging_mixin.py:188} INFO - [2025-02-11T11:32:03.986+0000] {dag.py:3823} INFO - Setting next_dagrun for example_subdag_operator.section-1 to None, run_after=None
[2025-02-11T11:32:03.989+0000] {logging_mixin.py:188} INFO - [2025-02-11T11:32:03.988+0000] {dag.py:3823} INFO - Setting next_dagrun for example_subdag_operator.section-2 to None, run_after=None
[2025-02-11T11:32:04.013+0000] {processor.py:183} INFO - Processing /home/airflow/.local/lib/python3.8/site-packages/airflow/example_dags/example_subdag_operator.py took 0.194 seconds
[2025-02-11T11:32:34.113+0000] {processor.py:161} INFO - Started process (PID=598) to work on /home/airflow/.local/lib/python3.8/site-packages/airflow/example_dags/example_subdag_operator.py
[2025-02-11T11:32:34.114+0000] {processor.py:830} INFO - Processing file /home/airflow/.local/lib/python3.8/site-packages/airflow/example_dags/example_subdag_operator.py for tasks to queue
[2025-02-11T11:32:34.117+0000] {logging_mixin.py:188} INFO - [2025-02-11T11:32:34.116+0000] {dagbag.py:538} INFO - Filling up the DagBag from /home/airflow/.local/lib/python3.8/site-packages/airflow/example_dags/example_subdag_operator.py
[2025-02-11T11:32:34.162+0000] {processor.py:840} INFO - DAG(s) 'example_subdag_operator.section-1', 'example_subdag_operator.section-2', 'example_subdag_operator' retrieved from /home/airflow/.local/lib/python3.8/site-packages/airflow/example_dags/example_subdag_operator.py
[2025-02-11T11:32:34.189+0000] {logging_mixin.py:188} INFO - [2025-02-11T11:32:34.189+0000] {dag.py:3036} INFO - Sync 3 DAGs
[2025-02-11T11:32:34.225+0000] {logging_mixin.py:188} INFO - [2025-02-11T11:32:34.225+0000] {dag.py:3823} INFO - Setting next_dagrun for example_subdag_operator to 2022-01-01 00:00:00+00:00, run_after=2022-01-01 00:00:00+00:00
[2025-02-11T11:32:34.229+0000] {logging_mixin.py:188} INFO - [2025-02-11T11:32:34.229+0000] {dag.py:3823} INFO - Setting next_dagrun for example_subdag_operator.section-1 to None, run_after=None
[2025-02-11T11:32:34.234+0000] {logging_mixin.py:188} INFO - [2025-02-11T11:32:34.234+0000] {dag.py:3823} INFO - Setting next_dagrun for example_subdag_operator.section-2 to None, run_after=None
[2025-02-11T11:32:34.244+0000] {logging_mixin.py:188} INFO - [2025-02-11T11:32:34.244+0000] {dag.py:3036} INFO - Sync 2 DAGs
[2025-02-11T11:32:34.251+0000] {logging_mixin.py:188} INFO - [2025-02-11T11:32:34.251+0000] {dag.py:3823} INFO - Setting next_dagrun for example_subdag_operator.section-1 to None, run_after=None
[2025-02-11T11:32:34.253+0000] {logging_mixin.py:188} INFO - [2025-02-11T11:32:34.253+0000] {dag.py:3823} INFO - Setting next_dagrun for example_subdag_operator.section-2 to None, run_after=None
[2025-02-11T11:32:34.270+0000] {processor.py:183} INFO - Processing /home/airflow/.local/lib/python3.8/site-packages/airflow/example_dags/example_subdag_operator.py took 0.163 seconds
[2025-02-11T11:33:04.559+0000] {processor.py:161} INFO - Started process (PID=671) to work on /home/airflow/.local/lib/python3.8/site-packages/airflow/example_dags/example_subdag_operator.py
[2025-02-11T11:33:04.562+0000] {processor.py:830} INFO - Processing file /home/airflow/.local/lib/python3.8/site-packages/airflow/example_dags/example_subdag_operator.py for tasks to queue
[2025-02-11T11:33:04.565+0000] {logging_mixin.py:188} INFO - [2025-02-11T11:33:04.564+0000] {dagbag.py:538} INFO - Filling up the DagBag from /home/airflow/.local/lib/python3.8/site-packages/airflow/example_dags/example_subdag_operator.py
[2025-02-11T11:33:04.622+0000] {processor.py:840} INFO - DAG(s) 'example_subdag_operator.section-1', 'example_subdag_operator.section-2', 'example_subdag_operator' retrieved from /home/airflow/.local/lib/python3.8/site-packages/airflow/example_dags/example_subdag_operator.py
[2025-02-11T11:33:04.657+0000] {logging_mixin.py:188} INFO - [2025-02-11T11:33:04.656+0000] {dag.py:3036} INFO - Sync 3 DAGs
[2025-02-11T11:33:04.700+0000] {logging_mixin.py:188} INFO - [2025-02-11T11:33:04.699+0000] {dag.py:3823} INFO - Setting next_dagrun for example_subdag_operator to 2022-01-01 00:00:00+00:00, run_after=2022-01-01 00:00:00+00:00
[2025-02-11T11:33:04.707+0000] {logging_mixin.py:188} INFO - [2025-02-11T11:33:04.707+0000] {dag.py:3823} INFO - Setting next_dagrun for example_subdag_operator.section-1 to None, run_after=None
[2025-02-11T11:33:04.712+0000] {logging_mixin.py:188} INFO - [2025-02-11T11:33:04.712+0000] {dag.py:3823} INFO - Setting next_dagrun for example_subdag_operator.section-2 to None, run_after=None
[2025-02-11T11:33:04.728+0000] {logging_mixin.py:188} INFO - [2025-02-11T11:33:04.728+0000] {dag.py:3036} INFO - Sync 2 DAGs
[2025-02-11T11:33:04.741+0000] {logging_mixin.py:188} INFO - [2025-02-11T11:33:04.740+0000] {dag.py:3823} INFO - Setting next_dagrun for example_subdag_operator.section-1 to None, run_after=None
[2025-02-11T11:33:04.742+0000] {logging_mixin.py:188} INFO - [2025-02-11T11:33:04.742+0000] {dag.py:3823} INFO - Setting next_dagrun for example_subdag_operator.section-2 to None, run_after=None
[2025-02-11T11:33:04.767+0000] {processor.py:183} INFO - Processing /home/airflow/.local/lib/python3.8/site-packages/airflow/example_dags/example_subdag_operator.py took 0.213 seconds
[2025-02-11T11:33:35.286+0000] {processor.py:161} INFO - Started process (PID=736) to work on /home/airflow/.local/lib/python3.8/site-packages/airflow/example_dags/example_subdag_operator.py
[2025-02-11T11:33:35.287+0000] {processor.py:830} INFO - Processing file /home/airflow/.local/lib/python3.8/site-packages/airflow/example_dags/example_subdag_operator.py for tasks to queue
[2025-02-11T11:33:35.291+0000] {logging_mixin.py:188} INFO - [2025-02-11T11:33:35.291+0000] {dagbag.py:538} INFO - Filling up the DagBag from /home/airflow/.local/lib/python3.8/site-packages/airflow/example_dags/example_subdag_operator.py
[2025-02-11T11:33:35.330+0000] {processor.py:840} INFO - DAG(s) 'example_subdag_operator.section-1', 'example_subdag_operator.section-2', 'example_subdag_operator' retrieved from /home/airflow/.local/lib/python3.8/site-packages/airflow/example_dags/example_subdag_operator.py
[2025-02-11T11:33:35.354+0000] {logging_mixin.py:188} INFO - [2025-02-11T11:33:35.354+0000] {dag.py:3036} INFO - Sync 3 DAGs
[2025-02-11T11:33:35.386+0000] {logging_mixin.py:188} INFO - [2025-02-11T11:33:35.386+0000] {dag.py:3823} INFO - Setting next_dagrun for example_subdag_operator to 2022-01-01 00:00:00+00:00, run_after=2022-01-01 00:00:00+00:00
[2025-02-11T11:33:35.394+0000] {logging_mixin.py:188} INFO - [2025-02-11T11:33:35.393+0000] {dag.py:3823} INFO - Setting next_dagrun for example_subdag_operator.section-1 to None, run_after=None
[2025-02-11T11:33:35.396+0000] {logging_mixin.py:188} INFO - [2025-02-11T11:33:35.396+0000] {dag.py:3823} INFO - Setting next_dagrun for example_subdag_operator.section-2 to None, run_after=None
[2025-02-11T11:33:35.409+0000] {logging_mixin.py:188} INFO - [2025-02-11T11:33:35.408+0000] {dag.py:3036} INFO - Sync 2 DAGs
[2025-02-11T11:33:35.417+0000] {logging_mixin.py:188} INFO - [2025-02-11T11:33:35.417+0000] {dag.py:3823} INFO - Setting next_dagrun for example_subdag_operator.section-1 to None, run_after=None
[2025-02-11T11:33:35.419+0000] {logging_mixin.py:188} INFO - [2025-02-11T11:33:35.418+0000] {dag.py:3823} INFO - Setting next_dagrun for example_subdag_operator.section-2 to None, run_after=None
[2025-02-11T11:33:35.441+0000] {processor.py:183} INFO - Processing /home/airflow/.local/lib/python3.8/site-packages/airflow/example_dags/example_subdag_operator.py took 0.159 seconds
[2025-02-11T11:34:06.148+0000] {processor.py:161} INFO - Started process (PID=799) to work on /home/airflow/.local/lib/python3.8/site-packages/airflow/example_dags/example_subdag_operator.py
[2025-02-11T11:34:06.150+0000] {processor.py:830} INFO - Processing file /home/airflow/.local/lib/python3.8/site-packages/airflow/example_dags/example_subdag_operator.py for tasks to queue
[2025-02-11T11:34:06.157+0000] {logging_mixin.py:188} INFO - [2025-02-11T11:34:06.156+0000] {dagbag.py:538} INFO - Filling up the DagBag from /home/airflow/.local/lib/python3.8/site-packages/airflow/example_dags/example_subdag_operator.py
[2025-02-11T11:34:06.214+0000] {processor.py:840} INFO - DAG(s) 'example_subdag_operator.section-1', 'example_subdag_operator.section-2', 'example_subdag_operator' retrieved from /home/airflow/.local/lib/python3.8/site-packages/airflow/example_dags/example_subdag_operator.py
[2025-02-11T11:34:06.252+0000] {logging_mixin.py:188} INFO - [2025-02-11T11:34:06.252+0000] {dag.py:3036} INFO - Sync 3 DAGs
[2025-02-11T11:34:06.299+0000] {logging_mixin.py:188} INFO - [2025-02-11T11:34:06.298+0000] {dag.py:3823} INFO - Setting next_dagrun for example_subdag_operator to 2022-01-01 00:00:00+00:00, run_after=2022-01-01 00:00:00+00:00
[2025-02-11T11:34:06.308+0000] {logging_mixin.py:188} INFO - [2025-02-11T11:34:06.307+0000] {dag.py:3823} INFO - Setting next_dagrun for example_subdag_operator.section-1 to None, run_after=None
[2025-02-11T11:34:06.311+0000] {logging_mixin.py:188} INFO - [2025-02-11T11:34:06.310+0000] {dag.py:3823} INFO - Setting next_dagrun for example_subdag_operator.section-2 to None, run_after=None
[2025-02-11T11:34:06.328+0000] {logging_mixin.py:188} INFO - [2025-02-11T11:34:06.327+0000] {dag.py:3036} INFO - Sync 2 DAGs
[2025-02-11T11:34:06.340+0000] {logging_mixin.py:188} INFO - [2025-02-11T11:34:06.340+0000] {dag.py:3823} INFO - Setting next_dagrun for example_subdag_operator.section-1 to None, run_after=None
[2025-02-11T11:34:06.342+0000] {logging_mixin.py:188} INFO - [2025-02-11T11:34:06.341+0000] {dag.py:3823} INFO - Setting next_dagrun for example_subdag_operator.section-2 to None, run_after=None
[2025-02-11T11:34:06.370+0000] {processor.py:183} INFO - Processing /home/airflow/.local/lib/python3.8/site-packages/airflow/example_dags/example_subdag_operator.py took 0.230 seconds
[2025-02-11T11:34:36.423+0000] {processor.py:161} INFO - Started process (PID=864) to work on /home/airflow/.local/lib/python3.8/site-packages/airflow/example_dags/example_subdag_operator.py
[2025-02-11T11:34:36.424+0000] {processor.py:830} INFO - Processing file /home/airflow/.local/lib/python3.8/site-packages/airflow/example_dags/example_subdag_operator.py for tasks to queue
[2025-02-11T11:34:36.428+0000] {logging_mixin.py:188} INFO - [2025-02-11T11:34:36.428+0000] {dagbag.py:538} INFO - Filling up the DagBag from /home/airflow/.local/lib/python3.8/site-packages/airflow/example_dags/example_subdag_operator.py
[2025-02-11T11:34:36.470+0000] {processor.py:840} INFO - DAG(s) 'example_subdag_operator.section-1', 'example_subdag_operator.section-2', 'example_subdag_operator' retrieved from /home/airflow/.local/lib/python3.8/site-packages/airflow/example_dags/example_subdag_operator.py
[2025-02-11T11:34:36.493+0000] {logging_mixin.py:188} INFO - [2025-02-11T11:34:36.493+0000] {dag.py:3036} INFO - Sync 3 DAGs
[2025-02-11T11:34:36.526+0000] {logging_mixin.py:188} INFO - [2025-02-11T11:34:36.526+0000] {dag.py:3823} INFO - Setting next_dagrun for example_subdag_operator to 2022-01-01 00:00:00+00:00, run_after=2022-01-01 00:00:00+00:00
[2025-02-11T11:34:36.532+0000] {logging_mixin.py:188} INFO - [2025-02-11T11:34:36.532+0000] {dag.py:3823} INFO - Setting next_dagrun for example_subdag_operator.section-1 to None, run_after=None
[2025-02-11T11:34:36.535+0000] {logging_mixin.py:188} INFO - [2025-02-11T11:34:36.534+0000] {dag.py:3823} INFO - Setting next_dagrun for example_subdag_operator.section-2 to None, run_after=None
[2025-02-11T11:34:36.547+0000] {logging_mixin.py:188} INFO - [2025-02-11T11:34:36.546+0000] {dag.py:3036} INFO - Sync 2 DAGs
[2025-02-11T11:34:36.562+0000] {logging_mixin.py:188} INFO - [2025-02-11T11:34:36.561+0000] {dag.py:3823} INFO - Setting next_dagrun for example_subdag_operator.section-1 to None, run_after=None
[2025-02-11T11:34:36.563+0000] {logging_mixin.py:188} INFO - [2025-02-11T11:34:36.562+0000] {dag.py:3823} INFO - Setting next_dagrun for example_subdag_operator.section-2 to None, run_after=None
[2025-02-11T11:34:36.592+0000] {processor.py:183} INFO - Processing /home/airflow/.local/lib/python3.8/site-packages/airflow/example_dags/example_subdag_operator.py took 0.174 seconds
[2025-02-11T11:35:06.651+0000] {processor.py:161} INFO - Started process (PID=929) to work on /home/airflow/.local/lib/python3.8/site-packages/airflow/example_dags/example_subdag_operator.py
[2025-02-11T11:35:06.652+0000] {processor.py:830} INFO - Processing file /home/airflow/.local/lib/python3.8/site-packages/airflow/example_dags/example_subdag_operator.py for tasks to queue
[2025-02-11T11:35:06.655+0000] {logging_mixin.py:188} INFO - [2025-02-11T11:35:06.655+0000] {dagbag.py:538} INFO - Filling up the DagBag from /home/airflow/.local/lib/python3.8/site-packages/airflow/example_dags/example_subdag_operator.py
[2025-02-11T11:35:06.717+0000] {processor.py:840} INFO - DAG(s) 'example_subdag_operator.section-1', 'example_subdag_operator.section-2', 'example_subdag_operator' retrieved from /home/airflow/.local/lib/python3.8/site-packages/airflow/example_dags/example_subdag_operator.py
[2025-02-11T11:35:06.765+0000] {logging_mixin.py:188} INFO - [2025-02-11T11:35:06.764+0000] {dag.py:3036} INFO - Sync 3 DAGs
[2025-02-11T11:35:06.819+0000] {logging_mixin.py:188} INFO - [2025-02-11T11:35:06.818+0000] {dag.py:3823} INFO - Setting next_dagrun for example_subdag_operator to 2022-01-01 00:00:00+00:00, run_after=2022-01-01 00:00:00+00:00
[2025-02-11T11:35:06.829+0000] {logging_mixin.py:188} INFO - [2025-02-11T11:35:06.829+0000] {dag.py:3823} INFO - Setting next_dagrun for example_subdag_operator.section-1 to None, run_after=None
[2025-02-11T11:35:06.834+0000] {logging_mixin.py:188} INFO - [2025-02-11T11:35:06.834+0000] {dag.py:3823} INFO - Setting next_dagrun for example_subdag_operator.section-2 to None, run_after=None
[2025-02-11T11:35:06.853+0000] {logging_mixin.py:188} INFO - [2025-02-11T11:35:06.852+0000] {dag.py:3036} INFO - Sync 2 DAGs
[2025-02-11T11:35:06.869+0000] {logging_mixin.py:188} INFO - [2025-02-11T11:35:06.869+0000] {dag.py:3823} INFO - Setting next_dagrun for example_subdag_operator.section-1 to None, run_after=None
[2025-02-11T11:35:06.870+0000] {logging_mixin.py:188} INFO - [2025-02-11T11:35:06.870+0000] {dag.py:3823} INFO - Setting next_dagrun for example_subdag_operator.section-2 to None, run_after=None
[2025-02-11T11:35:06.914+0000] {processor.py:183} INFO - Processing /home/airflow/.local/lib/python3.8/site-packages/airflow/example_dags/example_subdag_operator.py took 0.269 seconds
[2025-02-11T11:35:37.006+0000] {processor.py:161} INFO - Started process (PID=1003) to work on /home/airflow/.local/lib/python3.8/site-packages/airflow/example_dags/example_subdag_operator.py
[2025-02-11T11:35:37.010+0000] {processor.py:830} INFO - Processing file /home/airflow/.local/lib/python3.8/site-packages/airflow/example_dags/example_subdag_operator.py for tasks to queue
[2025-02-11T11:35:37.013+0000] {logging_mixin.py:188} INFO - [2025-02-11T11:35:37.012+0000] {dagbag.py:538} INFO - Filling up the DagBag from /home/airflow/.local/lib/python3.8/site-packages/airflow/example_dags/example_subdag_operator.py
[2025-02-11T11:35:37.045+0000] {processor.py:840} INFO - DAG(s) 'example_subdag_operator.section-1', 'example_subdag_operator.section-2', 'example_subdag_operator' retrieved from /home/airflow/.local/lib/python3.8/site-packages/airflow/example_dags/example_subdag_operator.py
[2025-02-11T11:35:37.065+0000] {logging_mixin.py:188} INFO - [2025-02-11T11:35:37.065+0000] {dag.py:3036} INFO - Sync 3 DAGs
[2025-02-11T11:35:37.097+0000] {logging_mixin.py:188} INFO - [2025-02-11T11:35:37.096+0000] {dag.py:3823} INFO - Setting next_dagrun for example_subdag_operator to 2022-01-01 00:00:00+00:00, run_after=2022-01-01 00:00:00+00:00
[2025-02-11T11:35:37.103+0000] {logging_mixin.py:188} INFO - [2025-02-11T11:35:37.102+0000] {dag.py:3823} INFO - Setting next_dagrun for example_subdag_operator.section-1 to None, run_after=None
[2025-02-11T11:35:37.105+0000] {logging_mixin.py:188} INFO - [2025-02-11T11:35:37.105+0000] {dag.py:3823} INFO - Setting next_dagrun for example_subdag_operator.section-2 to None, run_after=None
[2025-02-11T11:35:37.119+0000] {logging_mixin.py:188} INFO - [2025-02-11T11:35:37.118+0000] {dag.py:3036} INFO - Sync 2 DAGs
[2025-02-11T11:35:37.127+0000] {logging_mixin.py:188} INFO - [2025-02-11T11:35:37.126+0000] {dag.py:3823} INFO - Setting next_dagrun for example_subdag_operator.section-1 to None, run_after=None
[2025-02-11T11:35:37.127+0000] {logging_mixin.py:188} INFO - [2025-02-11T11:35:37.127+0000] {dag.py:3823} INFO - Setting next_dagrun for example_subdag_operator.section-2 to None, run_after=None
[2025-02-11T11:35:37.142+0000] {processor.py:183} INFO - Processing /home/airflow/.local/lib/python3.8/site-packages/airflow/example_dags/example_subdag_operator.py took 0.140 seconds
[2025-02-11T11:36:07.605+0000] {processor.py:161} INFO - Started process (PID=1067) to work on /home/airflow/.local/lib/python3.8/site-packages/airflow/example_dags/example_subdag_operator.py
[2025-02-11T11:36:07.606+0000] {processor.py:830} INFO - Processing file /home/airflow/.local/lib/python3.8/site-packages/airflow/example_dags/example_subdag_operator.py for tasks to queue
[2025-02-11T11:36:07.610+0000] {logging_mixin.py:188} INFO - [2025-02-11T11:36:07.609+0000] {dagbag.py:538} INFO - Filling up the DagBag from /home/airflow/.local/lib/python3.8/site-packages/airflow/example_dags/example_subdag_operator.py
[2025-02-11T11:36:07.654+0000] {processor.py:840} INFO - DAG(s) 'example_subdag_operator.section-1', 'example_subdag_operator.section-2', 'example_subdag_operator' retrieved from /home/airflow/.local/lib/python3.8/site-packages/airflow/example_dags/example_subdag_operator.py
[2025-02-11T11:36:07.692+0000] {logging_mixin.py:188} INFO - [2025-02-11T11:36:07.692+0000] {dag.py:3036} INFO - Sync 3 DAGs
[2025-02-11T11:36:07.724+0000] {logging_mixin.py:188} INFO - [2025-02-11T11:36:07.724+0000] {dag.py:3823} INFO - Setting next_dagrun for example_subdag_operator to 2022-01-01 00:00:00+00:00, run_after=2022-01-01 00:00:00+00:00
[2025-02-11T11:36:07.730+0000] {logging_mixin.py:188} INFO - [2025-02-11T11:36:07.729+0000] {dag.py:3823} INFO - Setting next_dagrun for example_subdag_operator.section-1 to None, run_after=None
[2025-02-11T11:36:07.732+0000] {logging_mixin.py:188} INFO - [2025-02-11T11:36:07.731+0000] {dag.py:3823} INFO - Setting next_dagrun for example_subdag_operator.section-2 to None, run_after=None
[2025-02-11T11:36:07.743+0000] {logging_mixin.py:188} INFO - [2025-02-11T11:36:07.743+0000] {dag.py:3036} INFO - Sync 2 DAGs
[2025-02-11T11:36:07.754+0000] {logging_mixin.py:188} INFO - [2025-02-11T11:36:07.754+0000] {dag.py:3823} INFO - Setting next_dagrun for example_subdag_operator.section-1 to None, run_after=None
[2025-02-11T11:36:07.757+0000] {logging_mixin.py:188} INFO - [2025-02-11T11:36:07.757+0000] {dag.py:3823} INFO - Setting next_dagrun for example_subdag_operator.section-2 to None, run_after=None
[2025-02-11T11:36:07.781+0000] {processor.py:183} INFO - Processing /home/airflow/.local/lib/python3.8/site-packages/airflow/example_dags/example_subdag_operator.py took 0.181 seconds
[2025-02-11T11:36:38.238+0000] {processor.py:161} INFO - Started process (PID=1132) to work on /home/airflow/.local/lib/python3.8/site-packages/airflow/example_dags/example_subdag_operator.py
[2025-02-11T11:36:38.240+0000] {processor.py:830} INFO - Processing file /home/airflow/.local/lib/python3.8/site-packages/airflow/example_dags/example_subdag_operator.py for tasks to queue
[2025-02-11T11:36:38.243+0000] {logging_mixin.py:188} INFO - [2025-02-11T11:36:38.243+0000] {dagbag.py:538} INFO - Filling up the DagBag from /home/airflow/.local/lib/python3.8/site-packages/airflow/example_dags/example_subdag_operator.py
[2025-02-11T11:36:38.280+0000] {processor.py:840} INFO - DAG(s) 'example_subdag_operator.section-1', 'example_subdag_operator.section-2', 'example_subdag_operator' retrieved from /home/airflow/.local/lib/python3.8/site-packages/airflow/example_dags/example_subdag_operator.py
[2025-02-11T11:36:38.303+0000] {logging_mixin.py:188} INFO - [2025-02-11T11:36:38.303+0000] {dag.py:3036} INFO - Sync 3 DAGs
[2025-02-11T11:36:38.332+0000] {logging_mixin.py:188} INFO - [2025-02-11T11:36:38.332+0000] {dag.py:3823} INFO - Setting next_dagrun for example_subdag_operator to 2022-01-01 00:00:00+00:00, run_after=2022-01-01 00:00:00+00:00
[2025-02-11T11:36:38.338+0000] {logging_mixin.py:188} INFO - [2025-02-11T11:36:38.337+0000] {dag.py:3823} INFO - Setting next_dagrun for example_subdag_operator.section-1 to None, run_after=None
[2025-02-11T11:36:38.343+0000] {logging_mixin.py:188} INFO - [2025-02-11T11:36:38.343+0000] {dag.py:3823} INFO - Setting next_dagrun for example_subdag_operator.section-2 to None, run_after=None
[2025-02-11T11:36:38.355+0000] {logging_mixin.py:188} INFO - [2025-02-11T11:36:38.354+0000] {dag.py:3036} INFO - Sync 2 DAGs
[2025-02-11T11:36:38.368+0000] {logging_mixin.py:188} INFO - [2025-02-11T11:36:38.368+0000] {dag.py:3823} INFO - Setting next_dagrun for example_subdag_operator.section-1 to None, run_after=None
[2025-02-11T11:36:38.369+0000] {logging_mixin.py:188} INFO - [2025-02-11T11:36:38.369+0000] {dag.py:3823} INFO - Setting next_dagrun for example_subdag_operator.section-2 to None, run_after=None
[2025-02-11T11:36:38.388+0000] {processor.py:183} INFO - Processing /home/airflow/.local/lib/python3.8/site-packages/airflow/example_dags/example_subdag_operator.py took 0.155 seconds
[2025-02-11T11:37:08.858+0000] {processor.py:161} INFO - Started process (PID=1205) to work on /home/airflow/.local/lib/python3.8/site-packages/airflow/example_dags/example_subdag_operator.py
[2025-02-11T11:37:08.860+0000] {processor.py:830} INFO - Processing file /home/airflow/.local/lib/python3.8/site-packages/airflow/example_dags/example_subdag_operator.py for tasks to queue
[2025-02-11T11:37:08.864+0000] {logging_mixin.py:188} INFO - [2025-02-11T11:37:08.863+0000] {dagbag.py:538} INFO - Filling up the DagBag from /home/airflow/.local/lib/python3.8/site-packages/airflow/example_dags/example_subdag_operator.py
[2025-02-11T11:37:08.913+0000] {processor.py:840} INFO - DAG(s) 'example_subdag_operator.section-1', 'example_subdag_operator.section-2', 'example_subdag_operator' retrieved from /home/airflow/.local/lib/python3.8/site-packages/airflow/example_dags/example_subdag_operator.py
[2025-02-11T11:37:08.943+0000] {logging_mixin.py:188} INFO - [2025-02-11T11:37:08.942+0000] {dag.py:3036} INFO - Sync 3 DAGs
[2025-02-11T11:37:08.984+0000] {logging_mixin.py:188} INFO - [2025-02-11T11:37:08.983+0000] {dag.py:3823} INFO - Setting next_dagrun for example_subdag_operator to 2022-01-01 00:00:00+00:00, run_after=2022-01-01 00:00:00+00:00
[2025-02-11T11:37:08.991+0000] {logging_mixin.py:188} INFO - [2025-02-11T11:37:08.991+0000] {dag.py:3823} INFO - Setting next_dagrun for example_subdag_operator.section-1 to None, run_after=None
[2025-02-11T11:37:08.995+0000] {logging_mixin.py:188} INFO - [2025-02-11T11:37:08.995+0000] {dag.py:3823} INFO - Setting next_dagrun for example_subdag_operator.section-2 to None, run_after=None
[2025-02-11T11:37:09.012+0000] {logging_mixin.py:188} INFO - [2025-02-11T11:37:09.011+0000] {dag.py:3036} INFO - Sync 2 DAGs
[2025-02-11T11:37:09.026+0000] {logging_mixin.py:188} INFO - [2025-02-11T11:37:09.026+0000] {dag.py:3823} INFO - Setting next_dagrun for example_subdag_operator.section-1 to None, run_after=None
[2025-02-11T11:37:09.027+0000] {logging_mixin.py:188} INFO - [2025-02-11T11:37:09.027+0000] {dag.py:3823} INFO - Setting next_dagrun for example_subdag_operator.section-2 to None, run_after=None
[2025-02-11T11:37:09.063+0000] {processor.py:183} INFO - Processing /home/airflow/.local/lib/python3.8/site-packages/airflow/example_dags/example_subdag_operator.py took 0.211 seconds
[2025-02-11T11:37:39.211+0000] {processor.py:161} INFO - Started process (PID=1269) to work on /home/airflow/.local/lib/python3.8/site-packages/airflow/example_dags/example_subdag_operator.py
[2025-02-11T11:37:39.214+0000] {processor.py:830} INFO - Processing file /home/airflow/.local/lib/python3.8/site-packages/airflow/example_dags/example_subdag_operator.py for tasks to queue
[2025-02-11T11:37:39.219+0000] {logging_mixin.py:188} INFO - [2025-02-11T11:37:39.218+0000] {dagbag.py:538} INFO - Filling up the DagBag from /home/airflow/.local/lib/python3.8/site-packages/airflow/example_dags/example_subdag_operator.py
[2025-02-11T11:37:39.273+0000] {processor.py:840} INFO - DAG(s) 'example_subdag_operator.section-1', 'example_subdag_operator.section-2', 'example_subdag_operator' retrieved from /home/airflow/.local/lib/python3.8/site-packages/airflow/example_dags/example_subdag_operator.py
[2025-02-11T11:37:39.309+0000] {logging_mixin.py:188} INFO - [2025-02-11T11:37:39.309+0000] {dag.py:3036} INFO - Sync 3 DAGs
[2025-02-11T11:37:39.389+0000] {logging_mixin.py:188} INFO - [2025-02-11T11:37:39.389+0000] {dag.py:3823} INFO - Setting next_dagrun for example_subdag_operator to 2022-01-01 00:00:00+00:00, run_after=2022-01-01 00:00:00+00:00
[2025-02-11T11:37:39.404+0000] {logging_mixin.py:188} INFO - [2025-02-11T11:37:39.404+0000] {dag.py:3823} INFO - Setting next_dagrun for example_subdag_operator.section-1 to None, run_after=None
[2025-02-11T11:37:39.408+0000] {logging_mixin.py:188} INFO - [2025-02-11T11:37:39.407+0000] {dag.py:3823} INFO - Setting next_dagrun for example_subdag_operator.section-2 to None, run_after=None
[2025-02-11T11:37:39.426+0000] {logging_mixin.py:188} INFO - [2025-02-11T11:37:39.426+0000] {dag.py:3036} INFO - Sync 2 DAGs
[2025-02-11T11:37:39.435+0000] {logging_mixin.py:188} INFO - [2025-02-11T11:37:39.435+0000] {dag.py:3823} INFO - Setting next_dagrun for example_subdag_operator.section-1 to None, run_after=None
[2025-02-11T11:37:39.438+0000] {logging_mixin.py:188} INFO - [2025-02-11T11:37:39.438+0000] {dag.py:3823} INFO - Setting next_dagrun for example_subdag_operator.section-2 to None, run_after=None
[2025-02-11T11:37:39.460+0000] {processor.py:183} INFO - Processing /home/airflow/.local/lib/python3.8/site-packages/airflow/example_dags/example_subdag_operator.py took 0.255 seconds
[2025-02-11T11:38:10.318+0000] {processor.py:161} INFO - Started process (PID=1334) to work on /home/airflow/.local/lib/python3.8/site-packages/airflow/example_dags/example_subdag_operator.py
[2025-02-11T11:38:10.320+0000] {processor.py:830} INFO - Processing file /home/airflow/.local/lib/python3.8/site-packages/airflow/example_dags/example_subdag_operator.py for tasks to queue
[2025-02-11T11:38:10.324+0000] {logging_mixin.py:188} INFO - [2025-02-11T11:38:10.323+0000] {dagbag.py:538} INFO - Filling up the DagBag from /home/airflow/.local/lib/python3.8/site-packages/airflow/example_dags/example_subdag_operator.py
[2025-02-11T11:38:10.375+0000] {processor.py:840} INFO - DAG(s) 'example_subdag_operator.section-1', 'example_subdag_operator.section-2', 'example_subdag_operator' retrieved from /home/airflow/.local/lib/python3.8/site-packages/airflow/example_dags/example_subdag_operator.py
[2025-02-11T11:38:10.403+0000] {logging_mixin.py:188} INFO - [2025-02-11T11:38:10.403+0000] {dag.py:3036} INFO - Sync 3 DAGs
[2025-02-11T11:38:10.442+0000] {logging_mixin.py:188} INFO - [2025-02-11T11:38:10.442+0000] {dag.py:3823} INFO - Setting next_dagrun for example_subdag_operator to 2022-01-01 00:00:00+00:00, run_after=2022-01-01 00:00:00+00:00
[2025-02-11T11:38:10.449+0000] {logging_mixin.py:188} INFO - [2025-02-11T11:38:10.449+0000] {dag.py:3823} INFO - Setting next_dagrun for example_subdag_operator.section-1 to None, run_after=None
[2025-02-11T11:38:10.453+0000] {logging_mixin.py:188} INFO - [2025-02-11T11:38:10.452+0000] {dag.py:3823} INFO - Setting next_dagrun for example_subdag_operator.section-2 to None, run_after=None
[2025-02-11T11:38:10.469+0000] {logging_mixin.py:188} INFO - [2025-02-11T11:38:10.469+0000] {dag.py:3036} INFO - Sync 2 DAGs
[2025-02-11T11:38:10.485+0000] {logging_mixin.py:188} INFO - [2025-02-11T11:38:10.484+0000] {dag.py:3823} INFO - Setting next_dagrun for example_subdag_operator.section-1 to None, run_after=None
[2025-02-11T11:38:10.487+0000] {logging_mixin.py:188} INFO - [2025-02-11T11:38:10.486+0000] {dag.py:3823} INFO - Setting next_dagrun for example_subdag_operator.section-2 to None, run_after=None
[2025-02-11T11:38:10.515+0000] {processor.py:183} INFO - Processing /home/airflow/.local/lib/python3.8/site-packages/airflow/example_dags/example_subdag_operator.py took 0.209 seconds
[2025-02-11T11:38:40.942+0000] {processor.py:161} INFO - Started process (PID=1407) to work on /home/airflow/.local/lib/python3.8/site-packages/airflow/example_dags/example_subdag_operator.py
[2025-02-11T11:38:40.943+0000] {processor.py:830} INFO - Processing file /home/airflow/.local/lib/python3.8/site-packages/airflow/example_dags/example_subdag_operator.py for tasks to queue
[2025-02-11T11:38:40.946+0000] {logging_mixin.py:188} INFO - [2025-02-11T11:38:40.946+0000] {dagbag.py:538} INFO - Filling up the DagBag from /home/airflow/.local/lib/python3.8/site-packages/airflow/example_dags/example_subdag_operator.py
[2025-02-11T11:38:40.983+0000] {processor.py:840} INFO - DAG(s) 'example_subdag_operator.section-1', 'example_subdag_operator.section-2', 'example_subdag_operator' retrieved from /home/airflow/.local/lib/python3.8/site-packages/airflow/example_dags/example_subdag_operator.py
[2025-02-11T11:38:41.007+0000] {logging_mixin.py:188} INFO - [2025-02-11T11:38:41.007+0000] {dag.py:3036} INFO - Sync 3 DAGs
[2025-02-11T11:38:41.045+0000] {logging_mixin.py:188} INFO - [2025-02-11T11:38:41.044+0000] {dag.py:3823} INFO - Setting next_dagrun for example_subdag_operator to 2022-01-01 00:00:00+00:00, run_after=2022-01-01 00:00:00+00:00
[2025-02-11T11:38:41.050+0000] {logging_mixin.py:188} INFO - [2025-02-11T11:38:41.050+0000] {dag.py:3823} INFO - Setting next_dagrun for example_subdag_operator.section-1 to None, run_after=None
[2025-02-11T11:38:41.053+0000] {logging_mixin.py:188} INFO - [2025-02-11T11:38:41.052+0000] {dag.py:3823} INFO - Setting next_dagrun for example_subdag_operator.section-2 to None, run_after=None
[2025-02-11T11:38:41.063+0000] {logging_mixin.py:188} INFO - [2025-02-11T11:38:41.063+0000] {dag.py:3036} INFO - Sync 2 DAGs
[2025-02-11T11:38:41.074+0000] {logging_mixin.py:188} INFO - [2025-02-11T11:38:41.073+0000] {dag.py:3823} INFO - Setting next_dagrun for example_subdag_operator.section-1 to None, run_after=None
[2025-02-11T11:38:41.076+0000] {logging_mixin.py:188} INFO - [2025-02-11T11:38:41.076+0000] {dag.py:3823} INFO - Setting next_dagrun for example_subdag_operator.section-2 to None, run_after=None
[2025-02-11T11:38:41.098+0000] {processor.py:183} INFO - Processing /home/airflow/.local/lib/python3.8/site-packages/airflow/example_dags/example_subdag_operator.py took 0.162 seconds
[2025-02-11T11:39:11.222+0000] {processor.py:161} INFO - Started process (PID=1472) to work on /home/airflow/.local/lib/python3.8/site-packages/airflow/example_dags/example_subdag_operator.py
[2025-02-11T11:39:11.224+0000] {processor.py:830} INFO - Processing file /home/airflow/.local/lib/python3.8/site-packages/airflow/example_dags/example_subdag_operator.py for tasks to queue
[2025-02-11T11:39:11.228+0000] {logging_mixin.py:188} INFO - [2025-02-11T11:39:11.228+0000] {dagbag.py:538} INFO - Filling up the DagBag from /home/airflow/.local/lib/python3.8/site-packages/airflow/example_dags/example_subdag_operator.py
[2025-02-11T11:39:11.302+0000] {processor.py:840} INFO - DAG(s) 'example_subdag_operator.section-1', 'example_subdag_operator.section-2', 'example_subdag_operator' retrieved from /home/airflow/.local/lib/python3.8/site-packages/airflow/example_dags/example_subdag_operator.py
[2025-02-11T11:39:11.324+0000] {logging_mixin.py:188} INFO - [2025-02-11T11:39:11.324+0000] {dag.py:3036} INFO - Sync 3 DAGs
[2025-02-11T11:39:11.360+0000] {logging_mixin.py:188} INFO - [2025-02-11T11:39:11.360+0000] {dag.py:3823} INFO - Setting next_dagrun for example_subdag_operator to 2022-01-01 00:00:00+00:00, run_after=2022-01-01 00:00:00+00:00
[2025-02-11T11:39:11.367+0000] {logging_mixin.py:188} INFO - [2025-02-11T11:39:11.367+0000] {dag.py:3823} INFO - Setting next_dagrun for example_subdag_operator.section-1 to None, run_after=None
[2025-02-11T11:39:11.370+0000] {logging_mixin.py:188} INFO - [2025-02-11T11:39:11.369+0000] {dag.py:3823} INFO - Setting next_dagrun for example_subdag_operator.section-2 to None, run_after=None
[2025-02-11T11:39:11.393+0000] {logging_mixin.py:188} INFO - [2025-02-11T11:39:11.393+0000] {dag.py:3036} INFO - Sync 2 DAGs
[2025-02-11T11:39:11.405+0000] {logging_mixin.py:188} INFO - [2025-02-11T11:39:11.405+0000] {dag.py:3823} INFO - Setting next_dagrun for example_subdag_operator.section-1 to None, run_after=None
[2025-02-11T11:39:11.406+0000] {logging_mixin.py:188} INFO - [2025-02-11T11:39:11.406+0000] {dag.py:3823} INFO - Setting next_dagrun for example_subdag_operator.section-2 to None, run_after=None
[2025-02-11T11:39:11.428+0000] {processor.py:183} INFO - Processing /home/airflow/.local/lib/python3.8/site-packages/airflow/example_dags/example_subdag_operator.py took 0.211 seconds
[2025-02-11T11:39:41.741+0000] {processor.py:161} INFO - Started process (PID=1536) to work on /home/airflow/.local/lib/python3.8/site-packages/airflow/example_dags/example_subdag_operator.py
[2025-02-11T11:39:41.742+0000] {processor.py:830} INFO - Processing file /home/airflow/.local/lib/python3.8/site-packages/airflow/example_dags/example_subdag_operator.py for tasks to queue
[2025-02-11T11:39:41.745+0000] {logging_mixin.py:188} INFO - [2025-02-11T11:39:41.744+0000] {dagbag.py:538} INFO - Filling up the DagBag from /home/airflow/.local/lib/python3.8/site-packages/airflow/example_dags/example_subdag_operator.py
[2025-02-11T11:39:41.777+0000] {processor.py:840} INFO - DAG(s) 'example_subdag_operator.section-1', 'example_subdag_operator.section-2', 'example_subdag_operator' retrieved from /home/airflow/.local/lib/python3.8/site-packages/airflow/example_dags/example_subdag_operator.py
[2025-02-11T11:39:41.798+0000] {logging_mixin.py:188} INFO - [2025-02-11T11:39:41.798+0000] {dag.py:3036} INFO - Sync 3 DAGs
[2025-02-11T11:39:41.827+0000] {logging_mixin.py:188} INFO - [2025-02-11T11:39:41.826+0000] {dag.py:3823} INFO - Setting next_dagrun for example_subdag_operator to 2022-01-01 00:00:00+00:00, run_after=2022-01-01 00:00:00+00:00
[2025-02-11T11:39:41.832+0000] {logging_mixin.py:188} INFO - [2025-02-11T11:39:41.831+0000] {dag.py:3823} INFO - Setting next_dagrun for example_subdag_operator.section-1 to None, run_after=None
[2025-02-11T11:39:41.834+0000] {logging_mixin.py:188} INFO - [2025-02-11T11:39:41.834+0000] {dag.py:3823} INFO - Setting next_dagrun for example_subdag_operator.section-2 to None, run_after=None
[2025-02-11T11:39:41.846+0000] {logging_mixin.py:188} INFO - [2025-02-11T11:39:41.845+0000] {dag.py:3036} INFO - Sync 2 DAGs
[2025-02-11T11:39:41.854+0000] {logging_mixin.py:188} INFO - [2025-02-11T11:39:41.854+0000] {dag.py:3823} INFO - Setting next_dagrun for example_subdag_operator.section-1 to None, run_after=None
[2025-02-11T11:39:41.858+0000] {logging_mixin.py:188} INFO - [2025-02-11T11:39:41.858+0000] {dag.py:3823} INFO - Setting next_dagrun for example_subdag_operator.section-2 to None, run_after=None
[2025-02-11T11:39:41.879+0000] {processor.py:183} INFO - Processing /home/airflow/.local/lib/python3.8/site-packages/airflow/example_dags/example_subdag_operator.py took 0.143 seconds
[2025-02-11T11:40:12.057+0000] {processor.py:161} INFO - Started process (PID=1601) to work on /home/airflow/.local/lib/python3.8/site-packages/airflow/example_dags/example_subdag_operator.py
[2025-02-11T11:40:12.064+0000] {processor.py:830} INFO - Processing file /home/airflow/.local/lib/python3.8/site-packages/airflow/example_dags/example_subdag_operator.py for tasks to queue
[2025-02-11T11:40:12.069+0000] {logging_mixin.py:188} INFO - [2025-02-11T11:40:12.068+0000] {dagbag.py:538} INFO - Filling up the DagBag from /home/airflow/.local/lib/python3.8/site-packages/airflow/example_dags/example_subdag_operator.py
[2025-02-11T11:40:12.131+0000] {processor.py:840} INFO - DAG(s) 'example_subdag_operator.section-1', 'example_subdag_operator.section-2', 'example_subdag_operator' retrieved from /home/airflow/.local/lib/python3.8/site-packages/airflow/example_dags/example_subdag_operator.py
[2025-02-11T11:40:12.240+0000] {logging_mixin.py:188} INFO - [2025-02-11T11:40:12.239+0000] {dag.py:3036} INFO - Sync 3 DAGs
[2025-02-11T11:40:12.310+0000] {logging_mixin.py:188} INFO - [2025-02-11T11:40:12.310+0000] {dag.py:3823} INFO - Setting next_dagrun for example_subdag_operator to 2022-01-01 00:00:00+00:00, run_after=2022-01-01 00:00:00+00:00
[2025-02-11T11:40:12.320+0000] {logging_mixin.py:188} INFO - [2025-02-11T11:40:12.320+0000] {dag.py:3823} INFO - Setting next_dagrun for example_subdag_operator.section-1 to None, run_after=None
[2025-02-11T11:40:12.324+0000] {logging_mixin.py:188} INFO - [2025-02-11T11:40:12.324+0000] {dag.py:3823} INFO - Setting next_dagrun for example_subdag_operator.section-2 to None, run_after=None
[2025-02-11T11:40:12.357+0000] {logging_mixin.py:188} INFO - [2025-02-11T11:40:12.355+0000] {dag.py:3036} INFO - Sync 2 DAGs
[2025-02-11T11:40:12.371+0000] {logging_mixin.py:188} INFO - [2025-02-11T11:40:12.370+0000] {dag.py:3823} INFO - Setting next_dagrun for example_subdag_operator.section-1 to None, run_after=None
[2025-02-11T11:40:12.373+0000] {logging_mixin.py:188} INFO - [2025-02-11T11:40:12.373+0000] {dag.py:3823} INFO - Setting next_dagrun for example_subdag_operator.section-2 to None, run_after=None
[2025-02-11T11:40:12.412+0000] {processor.py:183} INFO - Processing /home/airflow/.local/lib/python3.8/site-packages/airflow/example_dags/example_subdag_operator.py took 0.364 seconds
[2025-02-11T11:40:42.836+0000] {processor.py:161} INFO - Started process (PID=1666) to work on /home/airflow/.local/lib/python3.8/site-packages/airflow/example_dags/example_subdag_operator.py
[2025-02-11T11:40:42.838+0000] {processor.py:830} INFO - Processing file /home/airflow/.local/lib/python3.8/site-packages/airflow/example_dags/example_subdag_operator.py for tasks to queue
[2025-02-11T11:40:42.840+0000] {logging_mixin.py:188} INFO - [2025-02-11T11:40:42.840+0000] {dagbag.py:538} INFO - Filling up the DagBag from /home/airflow/.local/lib/python3.8/site-packages/airflow/example_dags/example_subdag_operator.py
[2025-02-11T11:40:42.873+0000] {processor.py:840} INFO - DAG(s) 'example_subdag_operator.section-1', 'example_subdag_operator.section-2', 'example_subdag_operator' retrieved from /home/airflow/.local/lib/python3.8/site-packages/airflow/example_dags/example_subdag_operator.py
[2025-02-11T11:40:42.894+0000] {logging_mixin.py:188} INFO - [2025-02-11T11:40:42.894+0000] {dag.py:3036} INFO - Sync 3 DAGs
[2025-02-11T11:40:42.922+0000] {logging_mixin.py:188} INFO - [2025-02-11T11:40:42.921+0000] {dag.py:3823} INFO - Setting next_dagrun for example_subdag_operator to 2022-01-01 00:00:00+00:00, run_after=2022-01-01 00:00:00+00:00
[2025-02-11T11:40:42.927+0000] {logging_mixin.py:188} INFO - [2025-02-11T11:40:42.927+0000] {dag.py:3823} INFO - Setting next_dagrun for example_subdag_operator.section-1 to None, run_after=None
[2025-02-11T11:40:42.930+0000] {logging_mixin.py:188} INFO - [2025-02-11T11:40:42.929+0000] {dag.py:3823} INFO - Setting next_dagrun for example_subdag_operator.section-2 to None, run_after=None
[2025-02-11T11:40:42.940+0000] {logging_mixin.py:188} INFO - [2025-02-11T11:40:42.939+0000] {dag.py:3036} INFO - Sync 2 DAGs
[2025-02-11T11:40:42.948+0000] {logging_mixin.py:188} INFO - [2025-02-11T11:40:42.948+0000] {dag.py:3823} INFO - Setting next_dagrun for example_subdag_operator.section-1 to None, run_after=None
[2025-02-11T11:40:42.949+0000] {logging_mixin.py:188} INFO - [2025-02-11T11:40:42.949+0000] {dag.py:3823} INFO - Setting next_dagrun for example_subdag_operator.section-2 to None, run_after=None
[2025-02-11T11:40:42.972+0000] {processor.py:183} INFO - Processing /home/airflow/.local/lib/python3.8/site-packages/airflow/example_dags/example_subdag_operator.py took 0.141 seconds
