[2025-02-11T11:28:36.402+0000] {processor.py:161} INFO - Started process (PID=100) to work on /home/airflow/.local/lib/python3.8/site-packages/airflow/example_dags/tutorial_dag.py
[2025-02-11T11:28:36.405+0000] {processor.py:830} INFO - Processing file /home/airflow/.local/lib/python3.8/site-packages/airflow/example_dags/tutorial_dag.py for tasks to queue
[2025-02-11T11:28:36.411+0000] {logging_mixin.py:188} INFO - [2025-02-11T11:28:36.410+0000] {dagbag.py:538} INFO - Filling up the DagBag from /home/airflow/.local/lib/python3.8/site-packages/airflow/example_dags/tutorial_dag.py
[2025-02-11T11:28:36.435+0000] {processor.py:840} INFO - DAG(s) 'tutorial_dag' retrieved from /home/airflow/.local/lib/python3.8/site-packages/airflow/example_dags/tutorial_dag.py
[2025-02-11T11:28:36.520+0000] {logging_mixin.py:188} INFO - [2025-02-11T11:28:36.520+0000] {dag.py:3036} INFO - Sync 1 DAGs
[2025-02-11T11:28:36.576+0000] {logging_mixin.py:188} INFO - [2025-02-11T11:28:36.576+0000] {dag.py:3823} INFO - Setting next_dagrun for tutorial_dag to None, run_after=None
[2025-02-11T11:28:36.691+0000] {processor.py:183} INFO - Processing /home/airflow/.local/lib/python3.8/site-packages/airflow/example_dags/tutorial_dag.py took 0.294 seconds
[2025-02-11T11:29:07.504+0000] {processor.py:161} INFO - Started process (PID=164) to work on /home/airflow/.local/lib/python3.8/site-packages/airflow/example_dags/tutorial_dag.py
[2025-02-11T11:29:07.506+0000] {processor.py:830} INFO - Processing file /home/airflow/.local/lib/python3.8/site-packages/airflow/example_dags/tutorial_dag.py for tasks to queue
[2025-02-11T11:29:07.509+0000] {logging_mixin.py:188} INFO - [2025-02-11T11:29:07.509+0000] {dagbag.py:538} INFO - Filling up the DagBag from /home/airflow/.local/lib/python3.8/site-packages/airflow/example_dags/tutorial_dag.py
[2025-02-11T11:29:07.519+0000] {processor.py:840} INFO - DAG(s) 'tutorial_dag' retrieved from /home/airflow/.local/lib/python3.8/site-packages/airflow/example_dags/tutorial_dag.py
[2025-02-11T11:29:07.557+0000] {logging_mixin.py:188} INFO - [2025-02-11T11:29:07.557+0000] {dag.py:3036} INFO - Sync 1 DAGs
[2025-02-11T11:29:07.579+0000] {logging_mixin.py:188} INFO - [2025-02-11T11:29:07.579+0000] {dag.py:3823} INFO - Setting next_dagrun for tutorial_dag to None, run_after=None
[2025-02-11T11:29:07.623+0000] {processor.py:183} INFO - Processing /home/airflow/.local/lib/python3.8/site-packages/airflow/example_dags/tutorial_dag.py took 0.124 seconds
[2025-02-11T11:29:38.240+0000] {processor.py:161} INFO - Started process (PID=236) to work on /home/airflow/.local/lib/python3.8/site-packages/airflow/example_dags/tutorial_dag.py
[2025-02-11T11:29:38.252+0000] {processor.py:830} INFO - Processing file /home/airflow/.local/lib/python3.8/site-packages/airflow/example_dags/tutorial_dag.py for tasks to queue
[2025-02-11T11:29:38.265+0000] {logging_mixin.py:188} INFO - [2025-02-11T11:29:38.265+0000] {dagbag.py:538} INFO - Filling up the DagBag from /home/airflow/.local/lib/python3.8/site-packages/airflow/example_dags/tutorial_dag.py
[2025-02-11T11:29:38.283+0000] {processor.py:840} INFO - DAG(s) 'tutorial_dag' retrieved from /home/airflow/.local/lib/python3.8/site-packages/airflow/example_dags/tutorial_dag.py
[2025-02-11T11:29:38.338+0000] {logging_mixin.py:188} INFO - [2025-02-11T11:29:38.338+0000] {dag.py:3036} INFO - Sync 1 DAGs
[2025-02-11T11:29:38.382+0000] {logging_mixin.py:188} INFO - [2025-02-11T11:29:38.381+0000] {dag.py:3823} INFO - Setting next_dagrun for tutorial_dag to None, run_after=None
[2025-02-11T11:29:38.435+0000] {processor.py:183} INFO - Processing /home/airflow/.local/lib/python3.8/site-packages/airflow/example_dags/tutorial_dag.py took 0.216 seconds
[2025-02-11T11:30:09.437+0000] {processor.py:161} INFO - Started process (PID=300) to work on /home/airflow/.local/lib/python3.8/site-packages/airflow/example_dags/tutorial_dag.py
[2025-02-11T11:30:09.439+0000] {processor.py:830} INFO - Processing file /home/airflow/.local/lib/python3.8/site-packages/airflow/example_dags/tutorial_dag.py for tasks to queue
[2025-02-11T11:30:09.445+0000] {logging_mixin.py:188} INFO - [2025-02-11T11:30:09.445+0000] {dagbag.py:538} INFO - Filling up the DagBag from /home/airflow/.local/lib/python3.8/site-packages/airflow/example_dags/tutorial_dag.py
[2025-02-11T11:30:09.455+0000] {processor.py:840} INFO - DAG(s) 'tutorial_dag' retrieved from /home/airflow/.local/lib/python3.8/site-packages/airflow/example_dags/tutorial_dag.py
[2025-02-11T11:30:09.503+0000] {logging_mixin.py:188} INFO - [2025-02-11T11:30:09.503+0000] {dag.py:3036} INFO - Sync 1 DAGs
[2025-02-11T11:30:09.526+0000] {logging_mixin.py:188} INFO - [2025-02-11T11:30:09.526+0000] {dag.py:3823} INFO - Setting next_dagrun for tutorial_dag to None, run_after=None
[2025-02-11T11:30:09.563+0000] {processor.py:183} INFO - Processing /home/airflow/.local/lib/python3.8/site-packages/airflow/example_dags/tutorial_dag.py took 0.132 seconds
[2025-02-11T11:30:39.677+0000] {processor.py:161} INFO - Started process (PID=365) to work on /home/airflow/.local/lib/python3.8/site-packages/airflow/example_dags/tutorial_dag.py
[2025-02-11T11:30:39.680+0000] {processor.py:830} INFO - Processing file /home/airflow/.local/lib/python3.8/site-packages/airflow/example_dags/tutorial_dag.py for tasks to queue
[2025-02-11T11:30:39.684+0000] {logging_mixin.py:188} INFO - [2025-02-11T11:30:39.683+0000] {dagbag.py:538} INFO - Filling up the DagBag from /home/airflow/.local/lib/python3.8/site-packages/airflow/example_dags/tutorial_dag.py
[2025-02-11T11:30:39.702+0000] {processor.py:840} INFO - DAG(s) 'tutorial_dag' retrieved from /home/airflow/.local/lib/python3.8/site-packages/airflow/example_dags/tutorial_dag.py
[2025-02-11T11:30:39.761+0000] {logging_mixin.py:188} INFO - [2025-02-11T11:30:39.761+0000] {dag.py:3036} INFO - Sync 1 DAGs
[2025-02-11T11:30:39.782+0000] {logging_mixin.py:188} INFO - [2025-02-11T11:30:39.782+0000] {dag.py:3823} INFO - Setting next_dagrun for tutorial_dag to None, run_after=None
[2025-02-11T11:30:39.816+0000] {processor.py:183} INFO - Processing /home/airflow/.local/lib/python3.8/site-packages/airflow/example_dags/tutorial_dag.py took 0.144 seconds
[2025-02-11T11:31:10.222+0000] {processor.py:161} INFO - Started process (PID=430) to work on /home/airflow/.local/lib/python3.8/site-packages/airflow/example_dags/tutorial_dag.py
[2025-02-11T11:31:10.223+0000] {processor.py:830} INFO - Processing file /home/airflow/.local/lib/python3.8/site-packages/airflow/example_dags/tutorial_dag.py for tasks to queue
[2025-02-11T11:31:10.225+0000] {logging_mixin.py:188} INFO - [2025-02-11T11:31:10.225+0000] {dagbag.py:538} INFO - Filling up the DagBag from /home/airflow/.local/lib/python3.8/site-packages/airflow/example_dags/tutorial_dag.py
[2025-02-11T11:31:10.231+0000] {processor.py:840} INFO - DAG(s) 'tutorial_dag' retrieved from /home/airflow/.local/lib/python3.8/site-packages/airflow/example_dags/tutorial_dag.py
[2025-02-11T11:31:10.254+0000] {logging_mixin.py:188} INFO - [2025-02-11T11:31:10.254+0000] {dag.py:3036} INFO - Sync 1 DAGs
[2025-02-11T11:31:10.268+0000] {logging_mixin.py:188} INFO - [2025-02-11T11:31:10.268+0000] {dag.py:3823} INFO - Setting next_dagrun for tutorial_dag to None, run_after=None
[2025-02-11T11:31:10.290+0000] {processor.py:183} INFO - Processing /home/airflow/.local/lib/python3.8/site-packages/airflow/example_dags/tutorial_dag.py took 0.073 seconds
[2025-02-11T11:31:40.674+0000] {processor.py:161} INFO - Started process (PID=495) to work on /home/airflow/.local/lib/python3.8/site-packages/airflow/example_dags/tutorial_dag.py
[2025-02-11T11:31:40.677+0000] {processor.py:830} INFO - Processing file /home/airflow/.local/lib/python3.8/site-packages/airflow/example_dags/tutorial_dag.py for tasks to queue
[2025-02-11T11:31:40.680+0000] {logging_mixin.py:188} INFO - [2025-02-11T11:31:40.679+0000] {dagbag.py:538} INFO - Filling up the DagBag from /home/airflow/.local/lib/python3.8/site-packages/airflow/example_dags/tutorial_dag.py
[2025-02-11T11:31:40.691+0000] {processor.py:840} INFO - DAG(s) 'tutorial_dag' retrieved from /home/airflow/.local/lib/python3.8/site-packages/airflow/example_dags/tutorial_dag.py
[2025-02-11T11:31:40.731+0000] {logging_mixin.py:188} INFO - [2025-02-11T11:31:40.731+0000] {dag.py:3036} INFO - Sync 1 DAGs
[2025-02-11T11:31:40.752+0000] {logging_mixin.py:188} INFO - [2025-02-11T11:31:40.752+0000] {dag.py:3823} INFO - Setting next_dagrun for tutorial_dag to None, run_after=None
[2025-02-11T11:31:40.780+0000] {processor.py:183} INFO - Processing /home/airflow/.local/lib/python3.8/site-packages/airflow/example_dags/tutorial_dag.py took 0.111 seconds
[2025-02-11T11:32:11.129+0000] {processor.py:161} INFO - Started process (PID=568) to work on /home/airflow/.local/lib/python3.8/site-packages/airflow/example_dags/tutorial_dag.py
[2025-02-11T11:32:11.149+0000] {processor.py:830} INFO - Processing file /home/airflow/.local/lib/python3.8/site-packages/airflow/example_dags/tutorial_dag.py for tasks to queue
[2025-02-11T11:32:11.153+0000] {logging_mixin.py:188} INFO - [2025-02-11T11:32:11.152+0000] {dagbag.py:538} INFO - Filling up the DagBag from /home/airflow/.local/lib/python3.8/site-packages/airflow/example_dags/tutorial_dag.py
[2025-02-11T11:32:11.172+0000] {processor.py:840} INFO - DAG(s) 'tutorial_dag' retrieved from /home/airflow/.local/lib/python3.8/site-packages/airflow/example_dags/tutorial_dag.py
[2025-02-11T11:32:11.234+0000] {logging_mixin.py:188} INFO - [2025-02-11T11:32:11.234+0000] {dag.py:3036} INFO - Sync 1 DAGs
[2025-02-11T11:32:11.264+0000] {logging_mixin.py:188} INFO - [2025-02-11T11:32:11.263+0000] {dag.py:3823} INFO - Setting next_dagrun for tutorial_dag to None, run_after=None
[2025-02-11T11:32:11.305+0000] {processor.py:183} INFO - Processing /home/airflow/.local/lib/python3.8/site-packages/airflow/example_dags/tutorial_dag.py took 0.252 seconds
[2025-02-11T11:32:42.127+0000] {processor.py:161} INFO - Started process (PID=632) to work on /home/airflow/.local/lib/python3.8/site-packages/airflow/example_dags/tutorial_dag.py
[2025-02-11T11:32:42.129+0000] {processor.py:830} INFO - Processing file /home/airflow/.local/lib/python3.8/site-packages/airflow/example_dags/tutorial_dag.py for tasks to queue
[2025-02-11T11:32:42.134+0000] {logging_mixin.py:188} INFO - [2025-02-11T11:32:42.133+0000] {dagbag.py:538} INFO - Filling up the DagBag from /home/airflow/.local/lib/python3.8/site-packages/airflow/example_dags/tutorial_dag.py
[2025-02-11T11:32:42.140+0000] {processor.py:840} INFO - DAG(s) 'tutorial_dag' retrieved from /home/airflow/.local/lib/python3.8/site-packages/airflow/example_dags/tutorial_dag.py
[2025-02-11T11:32:42.178+0000] {logging_mixin.py:188} INFO - [2025-02-11T11:32:42.178+0000] {dag.py:3036} INFO - Sync 1 DAGs
[2025-02-11T11:32:42.195+0000] {logging_mixin.py:188} INFO - [2025-02-11T11:32:42.195+0000] {dag.py:3823} INFO - Setting next_dagrun for tutorial_dag to None, run_after=None
[2025-02-11T11:32:42.232+0000] {processor.py:183} INFO - Processing /home/airflow/.local/lib/python3.8/site-packages/airflow/example_dags/tutorial_dag.py took 0.110 seconds
[2025-02-11T11:33:12.713+0000] {processor.py:161} INFO - Started process (PID=697) to work on /home/airflow/.local/lib/python3.8/site-packages/airflow/example_dags/tutorial_dag.py
[2025-02-11T11:33:12.715+0000] {processor.py:830} INFO - Processing file /home/airflow/.local/lib/python3.8/site-packages/airflow/example_dags/tutorial_dag.py for tasks to queue
[2025-02-11T11:33:12.718+0000] {logging_mixin.py:188} INFO - [2025-02-11T11:33:12.717+0000] {dagbag.py:538} INFO - Filling up the DagBag from /home/airflow/.local/lib/python3.8/site-packages/airflow/example_dags/tutorial_dag.py
[2025-02-11T11:33:12.728+0000] {processor.py:840} INFO - DAG(s) 'tutorial_dag' retrieved from /home/airflow/.local/lib/python3.8/site-packages/airflow/example_dags/tutorial_dag.py
[2025-02-11T11:33:12.761+0000] {logging_mixin.py:188} INFO - [2025-02-11T11:33:12.760+0000] {dag.py:3036} INFO - Sync 1 DAGs
[2025-02-11T11:33:12.789+0000] {logging_mixin.py:188} INFO - [2025-02-11T11:33:12.788+0000] {dag.py:3823} INFO - Setting next_dagrun for tutorial_dag to None, run_after=None
[2025-02-11T11:33:12.834+0000] {processor.py:183} INFO - Processing /home/airflow/.local/lib/python3.8/site-packages/airflow/example_dags/tutorial_dag.py took 0.127 seconds
[2025-02-11T11:33:43.640+0000] {processor.py:161} INFO - Started process (PID=769) to work on /home/airflow/.local/lib/python3.8/site-packages/airflow/example_dags/tutorial_dag.py
[2025-02-11T11:33:43.642+0000] {processor.py:830} INFO - Processing file /home/airflow/.local/lib/python3.8/site-packages/airflow/example_dags/tutorial_dag.py for tasks to queue
[2025-02-11T11:33:43.645+0000] {logging_mixin.py:188} INFO - [2025-02-11T11:33:43.645+0000] {dagbag.py:538} INFO - Filling up the DagBag from /home/airflow/.local/lib/python3.8/site-packages/airflow/example_dags/tutorial_dag.py
[2025-02-11T11:33:43.654+0000] {processor.py:840} INFO - DAG(s) 'tutorial_dag' retrieved from /home/airflow/.local/lib/python3.8/site-packages/airflow/example_dags/tutorial_dag.py
[2025-02-11T11:33:43.704+0000] {logging_mixin.py:188} INFO - [2025-02-11T11:33:43.704+0000] {dag.py:3036} INFO - Sync 1 DAGs
[2025-02-11T11:33:43.729+0000] {logging_mixin.py:188} INFO - [2025-02-11T11:33:43.728+0000] {dag.py:3823} INFO - Setting next_dagrun for tutorial_dag to None, run_after=None
[2025-02-11T11:33:43.776+0000] {processor.py:183} INFO - Processing /home/airflow/.local/lib/python3.8/site-packages/airflow/example_dags/tutorial_dag.py took 0.142 seconds
[2025-02-11T11:34:14.188+0000] {processor.py:161} INFO - Started process (PID=833) to work on /home/airflow/.local/lib/python3.8/site-packages/airflow/example_dags/tutorial_dag.py
[2025-02-11T11:34:14.191+0000] {processor.py:830} INFO - Processing file /home/airflow/.local/lib/python3.8/site-packages/airflow/example_dags/tutorial_dag.py for tasks to queue
[2025-02-11T11:34:14.195+0000] {logging_mixin.py:188} INFO - [2025-02-11T11:34:14.195+0000] {dagbag.py:538} INFO - Filling up the DagBag from /home/airflow/.local/lib/python3.8/site-packages/airflow/example_dags/tutorial_dag.py
[2025-02-11T11:34:14.204+0000] {processor.py:840} INFO - DAG(s) 'tutorial_dag' retrieved from /home/airflow/.local/lib/python3.8/site-packages/airflow/example_dags/tutorial_dag.py
[2025-02-11T11:34:14.241+0000] {logging_mixin.py:188} INFO - [2025-02-11T11:34:14.241+0000] {dag.py:3036} INFO - Sync 1 DAGs
[2025-02-11T11:34:14.259+0000] {logging_mixin.py:188} INFO - [2025-02-11T11:34:14.259+0000] {dag.py:3823} INFO - Setting next_dagrun for tutorial_dag to None, run_after=None
[2025-02-11T11:34:14.285+0000] {processor.py:183} INFO - Processing /home/airflow/.local/lib/python3.8/site-packages/airflow/example_dags/tutorial_dag.py took 0.103 seconds
[2025-02-11T11:34:44.650+0000] {processor.py:161} INFO - Started process (PID=898) to work on /home/airflow/.local/lib/python3.8/site-packages/airflow/example_dags/tutorial_dag.py
[2025-02-11T11:34:44.651+0000] {processor.py:830} INFO - Processing file /home/airflow/.local/lib/python3.8/site-packages/airflow/example_dags/tutorial_dag.py for tasks to queue
[2025-02-11T11:34:44.654+0000] {logging_mixin.py:188} INFO - [2025-02-11T11:34:44.653+0000] {dagbag.py:538} INFO - Filling up the DagBag from /home/airflow/.local/lib/python3.8/site-packages/airflow/example_dags/tutorial_dag.py
[2025-02-11T11:34:44.665+0000] {processor.py:840} INFO - DAG(s) 'tutorial_dag' retrieved from /home/airflow/.local/lib/python3.8/site-packages/airflow/example_dags/tutorial_dag.py
[2025-02-11T11:34:44.699+0000] {logging_mixin.py:188} INFO - [2025-02-11T11:34:44.699+0000] {dag.py:3036} INFO - Sync 1 DAGs
[2025-02-11T11:34:44.718+0000] {logging_mixin.py:188} INFO - [2025-02-11T11:34:44.717+0000] {dag.py:3823} INFO - Setting next_dagrun for tutorial_dag to None, run_after=None
[2025-02-11T11:34:44.749+0000] {processor.py:183} INFO - Processing /home/airflow/.local/lib/python3.8/site-packages/airflow/example_dags/tutorial_dag.py took 0.107 seconds
[2025-02-11T11:35:15.447+0000] {processor.py:161} INFO - Started process (PID=963) to work on /home/airflow/.local/lib/python3.8/site-packages/airflow/example_dags/tutorial_dag.py
[2025-02-11T11:35:15.450+0000] {processor.py:830} INFO - Processing file /home/airflow/.local/lib/python3.8/site-packages/airflow/example_dags/tutorial_dag.py for tasks to queue
[2025-02-11T11:35:15.453+0000] {logging_mixin.py:188} INFO - [2025-02-11T11:35:15.453+0000] {dagbag.py:538} INFO - Filling up the DagBag from /home/airflow/.local/lib/python3.8/site-packages/airflow/example_dags/tutorial_dag.py
[2025-02-11T11:35:15.462+0000] {processor.py:840} INFO - DAG(s) 'tutorial_dag' retrieved from /home/airflow/.local/lib/python3.8/site-packages/airflow/example_dags/tutorial_dag.py
[2025-02-11T11:35:15.496+0000] {logging_mixin.py:188} INFO - [2025-02-11T11:35:15.496+0000] {dag.py:3036} INFO - Sync 1 DAGs
[2025-02-11T11:35:15.519+0000] {logging_mixin.py:188} INFO - [2025-02-11T11:35:15.519+0000] {dag.py:3823} INFO - Setting next_dagrun for tutorial_dag to None, run_after=None
[2025-02-11T11:35:15.562+0000] {processor.py:183} INFO - Processing /home/airflow/.local/lib/python3.8/site-packages/airflow/example_dags/tutorial_dag.py took 0.121 seconds
[2025-02-11T11:35:45.761+0000] {processor.py:161} INFO - Started process (PID=1028) to work on /home/airflow/.local/lib/python3.8/site-packages/airflow/example_dags/tutorial_dag.py
[2025-02-11T11:35:45.763+0000] {processor.py:830} INFO - Processing file /home/airflow/.local/lib/python3.8/site-packages/airflow/example_dags/tutorial_dag.py for tasks to queue
[2025-02-11T11:35:45.769+0000] {logging_mixin.py:188} INFO - [2025-02-11T11:35:45.769+0000] {dagbag.py:538} INFO - Filling up the DagBag from /home/airflow/.local/lib/python3.8/site-packages/airflow/example_dags/tutorial_dag.py
[2025-02-11T11:35:45.778+0000] {processor.py:840} INFO - DAG(s) 'tutorial_dag' retrieved from /home/airflow/.local/lib/python3.8/site-packages/airflow/example_dags/tutorial_dag.py
[2025-02-11T11:35:45.820+0000] {logging_mixin.py:188} INFO - [2025-02-11T11:35:45.820+0000] {dag.py:3036} INFO - Sync 1 DAGs
[2025-02-11T11:35:45.842+0000] {logging_mixin.py:188} INFO - [2025-02-11T11:35:45.842+0000] {dag.py:3823} INFO - Setting next_dagrun for tutorial_dag to None, run_after=None
[2025-02-11T11:35:45.882+0000] {processor.py:183} INFO - Processing /home/airflow/.local/lib/python3.8/site-packages/airflow/example_dags/tutorial_dag.py took 0.127 seconds
[2025-02-11T11:36:16.019+0000] {processor.py:161} INFO - Started process (PID=1100) to work on /home/airflow/.local/lib/python3.8/site-packages/airflow/example_dags/tutorial_dag.py
[2025-02-11T11:36:16.022+0000] {processor.py:830} INFO - Processing file /home/airflow/.local/lib/python3.8/site-packages/airflow/example_dags/tutorial_dag.py for tasks to queue
[2025-02-11T11:36:16.028+0000] {logging_mixin.py:188} INFO - [2025-02-11T11:36:16.027+0000] {dagbag.py:538} INFO - Filling up the DagBag from /home/airflow/.local/lib/python3.8/site-packages/airflow/example_dags/tutorial_dag.py
[2025-02-11T11:36:16.037+0000] {processor.py:840} INFO - DAG(s) 'tutorial_dag' retrieved from /home/airflow/.local/lib/python3.8/site-packages/airflow/example_dags/tutorial_dag.py
[2025-02-11T11:36:16.081+0000] {logging_mixin.py:188} INFO - [2025-02-11T11:36:16.080+0000] {dag.py:3036} INFO - Sync 1 DAGs
[2025-02-11T11:36:16.102+0000] {logging_mixin.py:188} INFO - [2025-02-11T11:36:16.102+0000] {dag.py:3823} INFO - Setting next_dagrun for tutorial_dag to None, run_after=None
[2025-02-11T11:36:16.134+0000] {processor.py:183} INFO - Processing /home/airflow/.local/lib/python3.8/site-packages/airflow/example_dags/tutorial_dag.py took 0.122 seconds
[2025-02-11T11:36:46.165+0000] {processor.py:161} INFO - Started process (PID=1166) to work on /home/airflow/.local/lib/python3.8/site-packages/airflow/example_dags/tutorial_dag.py
[2025-02-11T11:36:46.166+0000] {processor.py:830} INFO - Processing file /home/airflow/.local/lib/python3.8/site-packages/airflow/example_dags/tutorial_dag.py for tasks to queue
[2025-02-11T11:36:46.168+0000] {logging_mixin.py:188} INFO - [2025-02-11T11:36:46.168+0000] {dagbag.py:538} INFO - Filling up the DagBag from /home/airflow/.local/lib/python3.8/site-packages/airflow/example_dags/tutorial_dag.py
[2025-02-11T11:36:46.174+0000] {processor.py:840} INFO - DAG(s) 'tutorial_dag' retrieved from /home/airflow/.local/lib/python3.8/site-packages/airflow/example_dags/tutorial_dag.py
[2025-02-11T11:36:46.198+0000] {logging_mixin.py:188} INFO - [2025-02-11T11:36:46.198+0000] {dag.py:3036} INFO - Sync 1 DAGs
[2025-02-11T11:36:46.213+0000] {logging_mixin.py:188} INFO - [2025-02-11T11:36:46.213+0000] {dag.py:3823} INFO - Setting next_dagrun for tutorial_dag to None, run_after=None
[2025-02-11T11:36:46.237+0000] {processor.py:183} INFO - Processing /home/airflow/.local/lib/python3.8/site-packages/airflow/example_dags/tutorial_dag.py took 0.077 seconds
[2025-02-11T11:37:16.938+0000] {processor.py:161} INFO - Started process (PID=1231) to work on /home/airflow/.local/lib/python3.8/site-packages/airflow/example_dags/tutorial_dag.py
[2025-02-11T11:37:16.940+0000] {processor.py:830} INFO - Processing file /home/airflow/.local/lib/python3.8/site-packages/airflow/example_dags/tutorial_dag.py for tasks to queue
[2025-02-11T11:37:16.943+0000] {logging_mixin.py:188} INFO - [2025-02-11T11:37:16.942+0000] {dagbag.py:538} INFO - Filling up the DagBag from /home/airflow/.local/lib/python3.8/site-packages/airflow/example_dags/tutorial_dag.py
[2025-02-11T11:37:16.952+0000] {processor.py:840} INFO - DAG(s) 'tutorial_dag' retrieved from /home/airflow/.local/lib/python3.8/site-packages/airflow/example_dags/tutorial_dag.py
[2025-02-11T11:37:16.985+0000] {logging_mixin.py:188} INFO - [2025-02-11T11:37:16.985+0000] {dag.py:3036} INFO - Sync 1 DAGs
[2025-02-11T11:37:17.002+0000] {logging_mixin.py:188} INFO - [2025-02-11T11:37:17.002+0000] {dag.py:3823} INFO - Setting next_dagrun for tutorial_dag to None, run_after=None
[2025-02-11T11:37:17.030+0000] {processor.py:183} INFO - Processing /home/airflow/.local/lib/python3.8/site-packages/airflow/example_dags/tutorial_dag.py took 0.097 seconds
[2025-02-11T11:37:47.176+0000] {processor.py:161} INFO - Started process (PID=1302) to work on /home/airflow/.local/lib/python3.8/site-packages/airflow/example_dags/tutorial_dag.py
[2025-02-11T11:37:47.178+0000] {processor.py:830} INFO - Processing file /home/airflow/.local/lib/python3.8/site-packages/airflow/example_dags/tutorial_dag.py for tasks to queue
[2025-02-11T11:37:47.180+0000] {logging_mixin.py:188} INFO - [2025-02-11T11:37:47.180+0000] {dagbag.py:538} INFO - Filling up the DagBag from /home/airflow/.local/lib/python3.8/site-packages/airflow/example_dags/tutorial_dag.py
[2025-02-11T11:37:47.188+0000] {processor.py:840} INFO - DAG(s) 'tutorial_dag' retrieved from /home/airflow/.local/lib/python3.8/site-packages/airflow/example_dags/tutorial_dag.py
[2025-02-11T11:37:47.220+0000] {logging_mixin.py:188} INFO - [2025-02-11T11:37:47.220+0000] {dag.py:3036} INFO - Sync 1 DAGs
[2025-02-11T11:37:47.242+0000] {logging_mixin.py:188} INFO - [2025-02-11T11:37:47.241+0000] {dag.py:3823} INFO - Setting next_dagrun for tutorial_dag to None, run_after=None
[2025-02-11T11:37:47.276+0000] {processor.py:183} INFO - Processing /home/airflow/.local/lib/python3.8/site-packages/airflow/example_dags/tutorial_dag.py took 0.105 seconds
[2025-02-11T11:38:18.208+0000] {processor.py:161} INFO - Started process (PID=1368) to work on /home/airflow/.local/lib/python3.8/site-packages/airflow/example_dags/tutorial_dag.py
[2025-02-11T11:38:18.212+0000] {processor.py:830} INFO - Processing file /home/airflow/.local/lib/python3.8/site-packages/airflow/example_dags/tutorial_dag.py for tasks to queue
[2025-02-11T11:38:18.225+0000] {logging_mixin.py:188} INFO - [2025-02-11T11:38:18.224+0000] {dagbag.py:538} INFO - Filling up the DagBag from /home/airflow/.local/lib/python3.8/site-packages/airflow/example_dags/tutorial_dag.py
[2025-02-11T11:38:18.258+0000] {processor.py:840} INFO - DAG(s) 'tutorial_dag' retrieved from /home/airflow/.local/lib/python3.8/site-packages/airflow/example_dags/tutorial_dag.py
[2025-02-11T11:38:18.360+0000] {logging_mixin.py:188} INFO - [2025-02-11T11:38:18.359+0000] {dag.py:3036} INFO - Sync 1 DAGs
[2025-02-11T11:38:18.410+0000] {logging_mixin.py:188} INFO - [2025-02-11T11:38:18.407+0000] {dag.py:3823} INFO - Setting next_dagrun for tutorial_dag to None, run_after=None
[2025-02-11T11:38:18.451+0000] {processor.py:183} INFO - Processing /home/airflow/.local/lib/python3.8/site-packages/airflow/example_dags/tutorial_dag.py took 0.251 seconds
[2025-02-11T11:38:49.361+0000] {processor.py:161} INFO - Started process (PID=1433) to work on /home/airflow/.local/lib/python3.8/site-packages/airflow/example_dags/tutorial_dag.py
[2025-02-11T11:38:49.363+0000] {processor.py:830} INFO - Processing file /home/airflow/.local/lib/python3.8/site-packages/airflow/example_dags/tutorial_dag.py for tasks to queue
[2025-02-11T11:38:49.366+0000] {logging_mixin.py:188} INFO - [2025-02-11T11:38:49.366+0000] {dagbag.py:538} INFO - Filling up the DagBag from /home/airflow/.local/lib/python3.8/site-packages/airflow/example_dags/tutorial_dag.py
[2025-02-11T11:38:49.384+0000] {processor.py:840} INFO - DAG(s) 'tutorial_dag' retrieved from /home/airflow/.local/lib/python3.8/site-packages/airflow/example_dags/tutorial_dag.py
[2025-02-11T11:38:49.437+0000] {logging_mixin.py:188} INFO - [2025-02-11T11:38:49.437+0000] {dag.py:3036} INFO - Sync 1 DAGs
[2025-02-11T11:38:49.460+0000] {logging_mixin.py:188} INFO - [2025-02-11T11:38:49.459+0000] {dag.py:3823} INFO - Setting next_dagrun for tutorial_dag to None, run_after=None
[2025-02-11T11:38:49.482+0000] {processor.py:183} INFO - Processing /home/airflow/.local/lib/python3.8/site-packages/airflow/example_dags/tutorial_dag.py took 0.127 seconds
[2025-02-11T11:39:19.684+0000] {processor.py:161} INFO - Started process (PID=1498) to work on /home/airflow/.local/lib/python3.8/site-packages/airflow/example_dags/tutorial_dag.py
[2025-02-11T11:39:19.685+0000] {processor.py:830} INFO - Processing file /home/airflow/.local/lib/python3.8/site-packages/airflow/example_dags/tutorial_dag.py for tasks to queue
[2025-02-11T11:39:19.687+0000] {logging_mixin.py:188} INFO - [2025-02-11T11:39:19.687+0000] {dagbag.py:538} INFO - Filling up the DagBag from /home/airflow/.local/lib/python3.8/site-packages/airflow/example_dags/tutorial_dag.py
[2025-02-11T11:39:19.694+0000] {processor.py:840} INFO - DAG(s) 'tutorial_dag' retrieved from /home/airflow/.local/lib/python3.8/site-packages/airflow/example_dags/tutorial_dag.py
[2025-02-11T11:39:19.717+0000] {logging_mixin.py:188} INFO - [2025-02-11T11:39:19.717+0000] {dag.py:3036} INFO - Sync 1 DAGs
[2025-02-11T11:39:19.731+0000] {logging_mixin.py:188} INFO - [2025-02-11T11:39:19.731+0000] {dag.py:3823} INFO - Setting next_dagrun for tutorial_dag to None, run_after=None
[2025-02-11T11:39:19.753+0000] {processor.py:183} INFO - Processing /home/airflow/.local/lib/python3.8/site-packages/airflow/example_dags/tutorial_dag.py took 0.073 seconds
[2025-02-11T11:39:50.261+0000] {processor.py:161} INFO - Started process (PID=1570) to work on /home/airflow/.local/lib/python3.8/site-packages/airflow/example_dags/tutorial_dag.py
[2025-02-11T11:39:50.265+0000] {processor.py:830} INFO - Processing file /home/airflow/.local/lib/python3.8/site-packages/airflow/example_dags/tutorial_dag.py for tasks to queue
[2025-02-11T11:39:50.269+0000] {logging_mixin.py:188} INFO - [2025-02-11T11:39:50.268+0000] {dagbag.py:538} INFO - Filling up the DagBag from /home/airflow/.local/lib/python3.8/site-packages/airflow/example_dags/tutorial_dag.py
[2025-02-11T11:39:50.284+0000] {processor.py:840} INFO - DAG(s) 'tutorial_dag' retrieved from /home/airflow/.local/lib/python3.8/site-packages/airflow/example_dags/tutorial_dag.py
[2025-02-11T11:39:50.334+0000] {logging_mixin.py:188} INFO - [2025-02-11T11:39:50.333+0000] {dag.py:3036} INFO - Sync 1 DAGs
[2025-02-11T11:39:50.368+0000] {logging_mixin.py:188} INFO - [2025-02-11T11:39:50.366+0000] {dag.py:3823} INFO - Setting next_dagrun for tutorial_dag to None, run_after=None
[2025-02-11T11:39:50.408+0000] {processor.py:183} INFO - Processing /home/airflow/.local/lib/python3.8/site-packages/airflow/example_dags/tutorial_dag.py took 0.155 seconds
[2025-02-11T11:40:21.820+0000] {processor.py:161} INFO - Started process (PID=1635) to work on /home/airflow/.local/lib/python3.8/site-packages/airflow/example_dags/tutorial_dag.py
[2025-02-11T11:40:21.822+0000] {processor.py:830} INFO - Processing file /home/airflow/.local/lib/python3.8/site-packages/airflow/example_dags/tutorial_dag.py for tasks to queue
[2025-02-11T11:40:21.834+0000] {logging_mixin.py:188} INFO - [2025-02-11T11:40:21.833+0000] {dagbag.py:538} INFO - Filling up the DagBag from /home/airflow/.local/lib/python3.8/site-packages/airflow/example_dags/tutorial_dag.py
[2025-02-11T11:40:21.860+0000] {processor.py:840} INFO - DAG(s) 'tutorial_dag' retrieved from /home/airflow/.local/lib/python3.8/site-packages/airflow/example_dags/tutorial_dag.py
[2025-02-11T11:40:22.042+0000] {logging_mixin.py:188} INFO - [2025-02-11T11:40:22.041+0000] {dag.py:3036} INFO - Sync 1 DAGs
[2025-02-11T11:40:22.084+0000] {logging_mixin.py:188} INFO - [2025-02-11T11:40:22.083+0000] {dag.py:3823} INFO - Setting next_dagrun for tutorial_dag to None, run_after=None
[2025-02-11T11:40:22.158+0000] {processor.py:183} INFO - Processing /home/airflow/.local/lib/python3.8/site-packages/airflow/example_dags/tutorial_dag.py took 0.346 seconds
[2025-02-11T11:40:52.652+0000] {processor.py:161} INFO - Started process (PID=1700) to work on /home/airflow/.local/lib/python3.8/site-packages/airflow/example_dags/tutorial_dag.py
[2025-02-11T11:40:52.654+0000] {processor.py:830} INFO - Processing file /home/airflow/.local/lib/python3.8/site-packages/airflow/example_dags/tutorial_dag.py for tasks to queue
[2025-02-11T11:40:52.657+0000] {logging_mixin.py:188} INFO - [2025-02-11T11:40:52.657+0000] {dagbag.py:538} INFO - Filling up the DagBag from /home/airflow/.local/lib/python3.8/site-packages/airflow/example_dags/tutorial_dag.py
[2025-02-11T11:40:52.667+0000] {processor.py:840} INFO - DAG(s) 'tutorial_dag' retrieved from /home/airflow/.local/lib/python3.8/site-packages/airflow/example_dags/tutorial_dag.py
[2025-02-11T11:40:52.860+0000] {logging_mixin.py:188} INFO - [2025-02-11T11:40:52.857+0000] {dag.py:3036} INFO - Sync 1 DAGs
[2025-02-11T11:40:52.914+0000] {logging_mixin.py:188} INFO - [2025-02-11T11:40:52.914+0000] {dag.py:3823} INFO - Setting next_dagrun for tutorial_dag to None, run_after=None
[2025-02-11T11:40:52.955+0000] {processor.py:183} INFO - Processing /home/airflow/.local/lib/python3.8/site-packages/airflow/example_dags/tutorial_dag.py took 0.310 seconds
