[2025-02-11T11:28:36.519+0000] {processor.py:161} INFO - Started process (PID=101) to work on /home/airflow/.local/lib/python3.8/site-packages/airflow/example_dags/tutorial.py
[2025-02-11T11:28:36.521+0000] {processor.py:830} INFO - Processing file /home/airflow/.local/lib/python3.8/site-packages/airflow/example_dags/tutorial.py for tasks to queue
[2025-02-11T11:28:36.526+0000] {logging_mixin.py:188} INFO - [2025-02-11T11:28:36.525+0000] {dagbag.py:538} INFO - Filling up the DagBag from /home/airflow/.local/lib/python3.8/site-packages/airflow/example_dags/tutorial.py
[2025-02-11T11:28:36.554+0000] {processor.py:840} INFO - DAG(s) 'tutorial' retrieved from /home/airflow/.local/lib/python3.8/site-packages/airflow/example_dags/tutorial.py
[2025-02-11T11:28:36.677+0000] {logging_mixin.py:188} INFO - [2025-02-11T11:28:36.672+0000] {dag.py:3036} INFO - Sync 1 DAGs
[2025-02-11T11:28:36.741+0000] {logging_mixin.py:188} INFO - [2025-02-11T11:28:36.741+0000] {dag.py:3823} INFO - Setting next_dagrun for tutorial to 2025-02-10 00:00:00+00:00, run_after=2025-02-11 00:00:00+00:00
[2025-02-11T11:28:36.795+0000] {processor.py:183} INFO - Processing /home/airflow/.local/lib/python3.8/site-packages/airflow/example_dags/tutorial.py took 0.290 seconds
[2025-02-11T11:29:07.515+0000] {processor.py:161} INFO - Started process (PID=165) to work on /home/airflow/.local/lib/python3.8/site-packages/airflow/example_dags/tutorial.py
[2025-02-11T11:29:07.518+0000] {processor.py:830} INFO - Processing file /home/airflow/.local/lib/python3.8/site-packages/airflow/example_dags/tutorial.py for tasks to queue
[2025-02-11T11:29:07.522+0000] {logging_mixin.py:188} INFO - [2025-02-11T11:29:07.522+0000] {dagbag.py:538} INFO - Filling up the DagBag from /home/airflow/.local/lib/python3.8/site-packages/airflow/example_dags/tutorial.py
[2025-02-11T11:29:07.534+0000] {processor.py:840} INFO - DAG(s) 'tutorial' retrieved from /home/airflow/.local/lib/python3.8/site-packages/airflow/example_dags/tutorial.py
[2025-02-11T11:29:07.570+0000] {logging_mixin.py:188} INFO - [2025-02-11T11:29:07.569+0000] {dag.py:3036} INFO - Sync 1 DAGs
[2025-02-11T11:29:07.610+0000] {logging_mixin.py:188} INFO - [2025-02-11T11:29:07.610+0000] {dag.py:3823} INFO - Setting next_dagrun for tutorial to 2025-02-10 00:00:00+00:00, run_after=2025-02-11 00:00:00+00:00
[2025-02-11T11:29:07.647+0000] {processor.py:183} INFO - Processing /home/airflow/.local/lib/python3.8/site-packages/airflow/example_dags/tutorial.py took 0.139 seconds
[2025-02-11T11:29:38.491+0000] {processor.py:161} INFO - Started process (PID=237) to work on /home/airflow/.local/lib/python3.8/site-packages/airflow/example_dags/tutorial.py
[2025-02-11T11:29:38.496+0000] {processor.py:830} INFO - Processing file /home/airflow/.local/lib/python3.8/site-packages/airflow/example_dags/tutorial.py for tasks to queue
[2025-02-11T11:29:38.499+0000] {logging_mixin.py:188} INFO - [2025-02-11T11:29:38.499+0000] {dagbag.py:538} INFO - Filling up the DagBag from /home/airflow/.local/lib/python3.8/site-packages/airflow/example_dags/tutorial.py
[2025-02-11T11:29:38.518+0000] {processor.py:840} INFO - DAG(s) 'tutorial' retrieved from /home/airflow/.local/lib/python3.8/site-packages/airflow/example_dags/tutorial.py
[2025-02-11T11:29:38.574+0000] {logging_mixin.py:188} INFO - [2025-02-11T11:29:38.573+0000] {dag.py:3036} INFO - Sync 1 DAGs
[2025-02-11T11:29:38.646+0000] {logging_mixin.py:188} INFO - [2025-02-11T11:29:38.645+0000] {dag.py:3823} INFO - Setting next_dagrun for tutorial to 2025-02-10 00:00:00+00:00, run_after=2025-02-11 00:00:00+00:00
[2025-02-11T11:29:38.723+0000] {processor.py:183} INFO - Processing /home/airflow/.local/lib/python3.8/site-packages/airflow/example_dags/tutorial.py took 0.239 seconds
[2025-02-11T11:30:09.460+0000] {processor.py:161} INFO - Started process (PID=301) to work on /home/airflow/.local/lib/python3.8/site-packages/airflow/example_dags/tutorial.py
[2025-02-11T11:30:09.462+0000] {processor.py:830} INFO - Processing file /home/airflow/.local/lib/python3.8/site-packages/airflow/example_dags/tutorial.py for tasks to queue
[2025-02-11T11:30:09.465+0000] {logging_mixin.py:188} INFO - [2025-02-11T11:30:09.464+0000] {dagbag.py:538} INFO - Filling up the DagBag from /home/airflow/.local/lib/python3.8/site-packages/airflow/example_dags/tutorial.py
[2025-02-11T11:30:09.478+0000] {processor.py:840} INFO - DAG(s) 'tutorial' retrieved from /home/airflow/.local/lib/python3.8/site-packages/airflow/example_dags/tutorial.py
[2025-02-11T11:30:09.527+0000] {logging_mixin.py:188} INFO - [2025-02-11T11:30:09.527+0000] {dag.py:3036} INFO - Sync 1 DAGs
[2025-02-11T11:30:09.575+0000] {logging_mixin.py:188} INFO - [2025-02-11T11:30:09.575+0000] {dag.py:3823} INFO - Setting next_dagrun for tutorial to 2025-02-10 00:00:00+00:00, run_after=2025-02-11 00:00:00+00:00
[2025-02-11T11:30:09.604+0000] {processor.py:183} INFO - Processing /home/airflow/.local/lib/python3.8/site-packages/airflow/example_dags/tutorial.py took 0.149 seconds
[2025-02-11T11:30:39.844+0000] {processor.py:161} INFO - Started process (PID=366) to work on /home/airflow/.local/lib/python3.8/site-packages/airflow/example_dags/tutorial.py
[2025-02-11T11:30:39.847+0000] {processor.py:830} INFO - Processing file /home/airflow/.local/lib/python3.8/site-packages/airflow/example_dags/tutorial.py for tasks to queue
[2025-02-11T11:30:39.850+0000] {logging_mixin.py:188} INFO - [2025-02-11T11:30:39.849+0000] {dagbag.py:538} INFO - Filling up the DagBag from /home/airflow/.local/lib/python3.8/site-packages/airflow/example_dags/tutorial.py
[2025-02-11T11:30:39.861+0000] {processor.py:840} INFO - DAG(s) 'tutorial' retrieved from /home/airflow/.local/lib/python3.8/site-packages/airflow/example_dags/tutorial.py
[2025-02-11T11:30:39.901+0000] {logging_mixin.py:188} INFO - [2025-02-11T11:30:39.901+0000] {dag.py:3036} INFO - Sync 1 DAGs
[2025-02-11T11:30:40.006+0000] {logging_mixin.py:188} INFO - [2025-02-11T11:30:40.006+0000] {dag.py:3823} INFO - Setting next_dagrun for tutorial to 2025-02-10 00:00:00+00:00, run_after=2025-02-11 00:00:00+00:00
[2025-02-11T11:30:40.177+0000] {processor.py:183} INFO - Processing /home/airflow/.local/lib/python3.8/site-packages/airflow/example_dags/tutorial.py took 0.339 seconds
[2025-02-11T11:31:10.314+0000] {processor.py:161} INFO - Started process (PID=431) to work on /home/airflow/.local/lib/python3.8/site-packages/airflow/example_dags/tutorial.py
[2025-02-11T11:31:10.316+0000] {processor.py:830} INFO - Processing file /home/airflow/.local/lib/python3.8/site-packages/airflow/example_dags/tutorial.py for tasks to queue
[2025-02-11T11:31:10.319+0000] {logging_mixin.py:188} INFO - [2025-02-11T11:31:10.318+0000] {dagbag.py:538} INFO - Filling up the DagBag from /home/airflow/.local/lib/python3.8/site-packages/airflow/example_dags/tutorial.py
[2025-02-11T11:31:10.327+0000] {processor.py:840} INFO - DAG(s) 'tutorial' retrieved from /home/airflow/.local/lib/python3.8/site-packages/airflow/example_dags/tutorial.py
[2025-02-11T11:31:10.353+0000] {logging_mixin.py:188} INFO - [2025-02-11T11:31:10.352+0000] {dag.py:3036} INFO - Sync 1 DAGs
[2025-02-11T11:31:10.377+0000] {logging_mixin.py:188} INFO - [2025-02-11T11:31:10.377+0000] {dag.py:3823} INFO - Setting next_dagrun for tutorial to 2025-02-10 00:00:00+00:00, run_after=2025-02-11 00:00:00+00:00
[2025-02-11T11:31:10.399+0000] {processor.py:183} INFO - Processing /home/airflow/.local/lib/python3.8/site-packages/airflow/example_dags/tutorial.py took 0.090 seconds
[2025-02-11T11:31:40.687+0000] {processor.py:161} INFO - Started process (PID=496) to work on /home/airflow/.local/lib/python3.8/site-packages/airflow/example_dags/tutorial.py
[2025-02-11T11:31:40.689+0000] {processor.py:830} INFO - Processing file /home/airflow/.local/lib/python3.8/site-packages/airflow/example_dags/tutorial.py for tasks to queue
[2025-02-11T11:31:40.693+0000] {logging_mixin.py:188} INFO - [2025-02-11T11:31:40.692+0000] {dagbag.py:538} INFO - Filling up the DagBag from /home/airflow/.local/lib/python3.8/site-packages/airflow/example_dags/tutorial.py
[2025-02-11T11:31:40.704+0000] {processor.py:840} INFO - DAG(s) 'tutorial' retrieved from /home/airflow/.local/lib/python3.8/site-packages/airflow/example_dags/tutorial.py
[2025-02-11T11:31:40.740+0000] {logging_mixin.py:188} INFO - [2025-02-11T11:31:40.739+0000] {dag.py:3036} INFO - Sync 1 DAGs
[2025-02-11T11:31:40.774+0000] {logging_mixin.py:188} INFO - [2025-02-11T11:31:40.774+0000] {dag.py:3823} INFO - Setting next_dagrun for tutorial to 2025-02-10 00:00:00+00:00, run_after=2025-02-11 00:00:00+00:00
[2025-02-11T11:31:40.801+0000] {processor.py:183} INFO - Processing /home/airflow/.local/lib/python3.8/site-packages/airflow/example_dags/tutorial.py took 0.119 seconds
[2025-02-11T11:32:11.344+0000] {processor.py:161} INFO - Started process (PID=569) to work on /home/airflow/.local/lib/python3.8/site-packages/airflow/example_dags/tutorial.py
[2025-02-11T11:32:11.345+0000] {processor.py:830} INFO - Processing file /home/airflow/.local/lib/python3.8/site-packages/airflow/example_dags/tutorial.py for tasks to queue
[2025-02-11T11:32:11.349+0000] {logging_mixin.py:188} INFO - [2025-02-11T11:32:11.348+0000] {dagbag.py:538} INFO - Filling up the DagBag from /home/airflow/.local/lib/python3.8/site-packages/airflow/example_dags/tutorial.py
[2025-02-11T11:32:11.363+0000] {processor.py:840} INFO - DAG(s) 'tutorial' retrieved from /home/airflow/.local/lib/python3.8/site-packages/airflow/example_dags/tutorial.py
[2025-02-11T11:32:11.411+0000] {logging_mixin.py:188} INFO - [2025-02-11T11:32:11.411+0000] {dag.py:3036} INFO - Sync 1 DAGs
[2025-02-11T11:32:11.472+0000] {logging_mixin.py:188} INFO - [2025-02-11T11:32:11.471+0000] {dag.py:3823} INFO - Setting next_dagrun for tutorial to 2025-02-10 00:00:00+00:00, run_after=2025-02-11 00:00:00+00:00
[2025-02-11T11:32:11.540+0000] {processor.py:183} INFO - Processing /home/airflow/.local/lib/python3.8/site-packages/airflow/example_dags/tutorial.py took 0.203 seconds
[2025-02-11T11:32:42.132+0000] {processor.py:161} INFO - Started process (PID=633) to work on /home/airflow/.local/lib/python3.8/site-packages/airflow/example_dags/tutorial.py
[2025-02-11T11:32:42.135+0000] {processor.py:830} INFO - Processing file /home/airflow/.local/lib/python3.8/site-packages/airflow/example_dags/tutorial.py for tasks to queue
[2025-02-11T11:32:42.140+0000] {logging_mixin.py:188} INFO - [2025-02-11T11:32:42.139+0000] {dagbag.py:538} INFO - Filling up the DagBag from /home/airflow/.local/lib/python3.8/site-packages/airflow/example_dags/tutorial.py
[2025-02-11T11:32:42.148+0000] {processor.py:840} INFO - DAG(s) 'tutorial' retrieved from /home/airflow/.local/lib/python3.8/site-packages/airflow/example_dags/tutorial.py
[2025-02-11T11:32:42.186+0000] {logging_mixin.py:188} INFO - [2025-02-11T11:32:42.186+0000] {dag.py:3036} INFO - Sync 1 DAGs
[2025-02-11T11:32:42.221+0000] {logging_mixin.py:188} INFO - [2025-02-11T11:32:42.221+0000] {dag.py:3823} INFO - Setting next_dagrun for tutorial to 2025-02-10 00:00:00+00:00, run_after=2025-02-11 00:00:00+00:00
[2025-02-11T11:32:42.248+0000] {processor.py:183} INFO - Processing /home/airflow/.local/lib/python3.8/site-packages/airflow/example_dags/tutorial.py took 0.122 seconds
[2025-02-11T11:33:12.721+0000] {processor.py:161} INFO - Started process (PID=698) to work on /home/airflow/.local/lib/python3.8/site-packages/airflow/example_dags/tutorial.py
[2025-02-11T11:33:12.723+0000] {processor.py:830} INFO - Processing file /home/airflow/.local/lib/python3.8/site-packages/airflow/example_dags/tutorial.py for tasks to queue
[2025-02-11T11:33:12.726+0000] {logging_mixin.py:188} INFO - [2025-02-11T11:33:12.726+0000] {dagbag.py:538} INFO - Filling up the DagBag from /home/airflow/.local/lib/python3.8/site-packages/airflow/example_dags/tutorial.py
[2025-02-11T11:33:12.739+0000] {processor.py:840} INFO - DAG(s) 'tutorial' retrieved from /home/airflow/.local/lib/python3.8/site-packages/airflow/example_dags/tutorial.py
[2025-02-11T11:33:12.792+0000] {logging_mixin.py:188} INFO - [2025-02-11T11:33:12.791+0000] {dag.py:3036} INFO - Sync 1 DAGs
[2025-02-11T11:33:12.841+0000] {logging_mixin.py:188} INFO - [2025-02-11T11:33:12.840+0000] {dag.py:3823} INFO - Setting next_dagrun for tutorial to 2025-02-10 00:00:00+00:00, run_after=2025-02-11 00:00:00+00:00
[2025-02-11T11:33:12.876+0000] {processor.py:183} INFO - Processing /home/airflow/.local/lib/python3.8/site-packages/airflow/example_dags/tutorial.py took 0.159 seconds
[2025-02-11T11:33:43.650+0000] {processor.py:161} INFO - Started process (PID=770) to work on /home/airflow/.local/lib/python3.8/site-packages/airflow/example_dags/tutorial.py
[2025-02-11T11:33:43.653+0000] {processor.py:830} INFO - Processing file /home/airflow/.local/lib/python3.8/site-packages/airflow/example_dags/tutorial.py for tasks to queue
[2025-02-11T11:33:43.658+0000] {logging_mixin.py:188} INFO - [2025-02-11T11:33:43.658+0000] {dagbag.py:538} INFO - Filling up the DagBag from /home/airflow/.local/lib/python3.8/site-packages/airflow/example_dags/tutorial.py
[2025-02-11T11:33:43.674+0000] {processor.py:840} INFO - DAG(s) 'tutorial' retrieved from /home/airflow/.local/lib/python3.8/site-packages/airflow/example_dags/tutorial.py
[2025-02-11T11:33:43.718+0000] {logging_mixin.py:188} INFO - [2025-02-11T11:33:43.718+0000] {dag.py:3036} INFO - Sync 1 DAGs
[2025-02-11T11:33:43.765+0000] {logging_mixin.py:188} INFO - [2025-02-11T11:33:43.765+0000] {dag.py:3823} INFO - Setting next_dagrun for tutorial to 2025-02-10 00:00:00+00:00, run_after=2025-02-11 00:00:00+00:00
[2025-02-11T11:33:43.820+0000] {processor.py:183} INFO - Processing /home/airflow/.local/lib/python3.8/site-packages/airflow/example_dags/tutorial.py took 0.177 seconds
[2025-02-11T11:34:14.270+0000] {processor.py:161} INFO - Started process (PID=834) to work on /home/airflow/.local/lib/python3.8/site-packages/airflow/example_dags/tutorial.py
[2025-02-11T11:34:14.272+0000] {processor.py:830} INFO - Processing file /home/airflow/.local/lib/python3.8/site-packages/airflow/example_dags/tutorial.py for tasks to queue
[2025-02-11T11:34:14.274+0000] {logging_mixin.py:188} INFO - [2025-02-11T11:34:14.274+0000] {dagbag.py:538} INFO - Filling up the DagBag from /home/airflow/.local/lib/python3.8/site-packages/airflow/example_dags/tutorial.py
[2025-02-11T11:34:14.281+0000] {processor.py:840} INFO - DAG(s) 'tutorial' retrieved from /home/airflow/.local/lib/python3.8/site-packages/airflow/example_dags/tutorial.py
[2025-02-11T11:34:14.309+0000] {logging_mixin.py:188} INFO - [2025-02-11T11:34:14.309+0000] {dag.py:3036} INFO - Sync 1 DAGs
[2025-02-11T11:34:14.334+0000] {logging_mixin.py:188} INFO - [2025-02-11T11:34:14.334+0000] {dag.py:3823} INFO - Setting next_dagrun for tutorial to 2025-02-10 00:00:00+00:00, run_after=2025-02-11 00:00:00+00:00
[2025-02-11T11:34:14.356+0000] {processor.py:183} INFO - Processing /home/airflow/.local/lib/python3.8/site-packages/airflow/example_dags/tutorial.py took 0.090 seconds
[2025-02-11T11:34:44.789+0000] {processor.py:161} INFO - Started process (PID=899) to work on /home/airflow/.local/lib/python3.8/site-packages/airflow/example_dags/tutorial.py
[2025-02-11T11:34:44.790+0000] {processor.py:830} INFO - Processing file /home/airflow/.local/lib/python3.8/site-packages/airflow/example_dags/tutorial.py for tasks to queue
[2025-02-11T11:34:44.796+0000] {logging_mixin.py:188} INFO - [2025-02-11T11:34:44.795+0000] {dagbag.py:538} INFO - Filling up the DagBag from /home/airflow/.local/lib/python3.8/site-packages/airflow/example_dags/tutorial.py
[2025-02-11T11:34:44.805+0000] {processor.py:840} INFO - DAG(s) 'tutorial' retrieved from /home/airflow/.local/lib/python3.8/site-packages/airflow/example_dags/tutorial.py
[2025-02-11T11:34:44.845+0000] {logging_mixin.py:188} INFO - [2025-02-11T11:34:44.844+0000] {dag.py:3036} INFO - Sync 1 DAGs
[2025-02-11T11:34:44.880+0000] {logging_mixin.py:188} INFO - [2025-02-11T11:34:44.880+0000] {dag.py:3823} INFO - Setting next_dagrun for tutorial to 2025-02-10 00:00:00+00:00, run_after=2025-02-11 00:00:00+00:00
[2025-02-11T11:34:44.913+0000] {processor.py:183} INFO - Processing /home/airflow/.local/lib/python3.8/site-packages/airflow/example_dags/tutorial.py took 0.131 seconds
[2025-02-11T11:35:15.596+0000] {processor.py:161} INFO - Started process (PID=964) to work on /home/airflow/.local/lib/python3.8/site-packages/airflow/example_dags/tutorial.py
[2025-02-11T11:35:15.601+0000] {processor.py:830} INFO - Processing file /home/airflow/.local/lib/python3.8/site-packages/airflow/example_dags/tutorial.py for tasks to queue
[2025-02-11T11:35:15.605+0000] {logging_mixin.py:188} INFO - [2025-02-11T11:35:15.605+0000] {dagbag.py:538} INFO - Filling up the DagBag from /home/airflow/.local/lib/python3.8/site-packages/airflow/example_dags/tutorial.py
[2025-02-11T11:35:15.616+0000] {processor.py:840} INFO - DAG(s) 'tutorial' retrieved from /home/airflow/.local/lib/python3.8/site-packages/airflow/example_dags/tutorial.py
[2025-02-11T11:35:15.653+0000] {logging_mixin.py:188} INFO - [2025-02-11T11:35:15.653+0000] {dag.py:3036} INFO - Sync 1 DAGs
[2025-02-11T11:35:15.683+0000] {logging_mixin.py:188} INFO - [2025-02-11T11:35:15.682+0000] {dag.py:3823} INFO - Setting next_dagrun for tutorial to 2025-02-10 00:00:00+00:00, run_after=2025-02-11 00:00:00+00:00
[2025-02-11T11:35:15.711+0000] {processor.py:183} INFO - Processing /home/airflow/.local/lib/python3.8/site-packages/airflow/example_dags/tutorial.py took 0.121 seconds
[2025-02-11T11:35:45.840+0000] {processor.py:161} INFO - Started process (PID=1029) to work on /home/airflow/.local/lib/python3.8/site-packages/airflow/example_dags/tutorial.py
[2025-02-11T11:35:45.843+0000] {processor.py:830} INFO - Processing file /home/airflow/.local/lib/python3.8/site-packages/airflow/example_dags/tutorial.py for tasks to queue
[2025-02-11T11:35:45.851+0000] {logging_mixin.py:188} INFO - [2025-02-11T11:35:45.848+0000] {dagbag.py:538} INFO - Filling up the DagBag from /home/airflow/.local/lib/python3.8/site-packages/airflow/example_dags/tutorial.py
[2025-02-11T11:35:45.863+0000] {processor.py:840} INFO - DAG(s) 'tutorial' retrieved from /home/airflow/.local/lib/python3.8/site-packages/airflow/example_dags/tutorial.py
[2025-02-11T11:35:45.905+0000] {logging_mixin.py:188} INFO - [2025-02-11T11:35:45.904+0000] {dag.py:3036} INFO - Sync 1 DAGs
[2025-02-11T11:35:45.938+0000] {logging_mixin.py:188} INFO - [2025-02-11T11:35:45.937+0000] {dag.py:3823} INFO - Setting next_dagrun for tutorial to 2025-02-10 00:00:00+00:00, run_after=2025-02-11 00:00:00+00:00
[2025-02-11T11:35:45.968+0000] {processor.py:183} INFO - Processing /home/airflow/.local/lib/python3.8/site-packages/airflow/example_dags/tutorial.py took 0.133 seconds
[2025-02-11T11:36:16.030+0000] {processor.py:161} INFO - Started process (PID=1101) to work on /home/airflow/.local/lib/python3.8/site-packages/airflow/example_dags/tutorial.py
[2025-02-11T11:36:16.033+0000] {processor.py:830} INFO - Processing file /home/airflow/.local/lib/python3.8/site-packages/airflow/example_dags/tutorial.py for tasks to queue
[2025-02-11T11:36:16.038+0000] {logging_mixin.py:188} INFO - [2025-02-11T11:36:16.037+0000] {dagbag.py:538} INFO - Filling up the DagBag from /home/airflow/.local/lib/python3.8/site-packages/airflow/example_dags/tutorial.py
[2025-02-11T11:36:16.049+0000] {processor.py:840} INFO - DAG(s) 'tutorial' retrieved from /home/airflow/.local/lib/python3.8/site-packages/airflow/example_dags/tutorial.py
[2025-02-11T11:36:16.084+0000] {logging_mixin.py:188} INFO - [2025-02-11T11:36:16.084+0000] {dag.py:3036} INFO - Sync 1 DAGs
[2025-02-11T11:36:16.127+0000] {logging_mixin.py:188} INFO - [2025-02-11T11:36:16.126+0000] {dag.py:3823} INFO - Setting next_dagrun for tutorial to 2025-02-10 00:00:00+00:00, run_after=2025-02-11 00:00:00+00:00
[2025-02-11T11:36:16.162+0000] {processor.py:183} INFO - Processing /home/airflow/.local/lib/python3.8/site-packages/airflow/example_dags/tutorial.py took 0.142 seconds
[2025-02-11T11:36:46.262+0000] {processor.py:161} INFO - Started process (PID=1167) to work on /home/airflow/.local/lib/python3.8/site-packages/airflow/example_dags/tutorial.py
[2025-02-11T11:36:46.263+0000] {processor.py:830} INFO - Processing file /home/airflow/.local/lib/python3.8/site-packages/airflow/example_dags/tutorial.py for tasks to queue
[2025-02-11T11:36:46.266+0000] {logging_mixin.py:188} INFO - [2025-02-11T11:36:46.266+0000] {dagbag.py:538} INFO - Filling up the DagBag from /home/airflow/.local/lib/python3.8/site-packages/airflow/example_dags/tutorial.py
[2025-02-11T11:36:46.274+0000] {processor.py:840} INFO - DAG(s) 'tutorial' retrieved from /home/airflow/.local/lib/python3.8/site-packages/airflow/example_dags/tutorial.py
[2025-02-11T11:36:46.302+0000] {logging_mixin.py:188} INFO - [2025-02-11T11:36:46.302+0000] {dag.py:3036} INFO - Sync 1 DAGs
[2025-02-11T11:36:46.330+0000] {logging_mixin.py:188} INFO - [2025-02-11T11:36:46.329+0000] {dag.py:3823} INFO - Setting next_dagrun for tutorial to 2025-02-10 00:00:00+00:00, run_after=2025-02-11 00:00:00+00:00
[2025-02-11T11:36:46.354+0000] {processor.py:183} INFO - Processing /home/airflow/.local/lib/python3.8/site-packages/airflow/example_dags/tutorial.py took 0.098 seconds
[2025-02-11T11:37:17.002+0000] {processor.py:161} INFO - Started process (PID=1232) to work on /home/airflow/.local/lib/python3.8/site-packages/airflow/example_dags/tutorial.py
[2025-02-11T11:37:17.005+0000] {processor.py:830} INFO - Processing file /home/airflow/.local/lib/python3.8/site-packages/airflow/example_dags/tutorial.py for tasks to queue
[2025-02-11T11:37:17.009+0000] {logging_mixin.py:188} INFO - [2025-02-11T11:37:17.009+0000] {dagbag.py:538} INFO - Filling up the DagBag from /home/airflow/.local/lib/python3.8/site-packages/airflow/example_dags/tutorial.py
[2025-02-11T11:37:17.019+0000] {processor.py:840} INFO - DAG(s) 'tutorial' retrieved from /home/airflow/.local/lib/python3.8/site-packages/airflow/example_dags/tutorial.py
[2025-02-11T11:37:17.049+0000] {logging_mixin.py:188} INFO - [2025-02-11T11:37:17.049+0000] {dag.py:3036} INFO - Sync 1 DAGs
[2025-02-11T11:37:17.074+0000] {logging_mixin.py:188} INFO - [2025-02-11T11:37:17.074+0000] {dag.py:3823} INFO - Setting next_dagrun for tutorial to 2025-02-10 00:00:00+00:00, run_after=2025-02-11 00:00:00+00:00
[2025-02-11T11:37:17.095+0000] {processor.py:183} INFO - Processing /home/airflow/.local/lib/python3.8/site-packages/airflow/example_dags/tutorial.py took 0.098 seconds
[2025-02-11T11:37:47.230+0000] {processor.py:161} INFO - Started process (PID=1303) to work on /home/airflow/.local/lib/python3.8/site-packages/airflow/example_dags/tutorial.py
[2025-02-11T11:37:47.231+0000] {processor.py:830} INFO - Processing file /home/airflow/.local/lib/python3.8/site-packages/airflow/example_dags/tutorial.py for tasks to queue
[2025-02-11T11:37:47.234+0000] {logging_mixin.py:188} INFO - [2025-02-11T11:37:47.233+0000] {dagbag.py:538} INFO - Filling up the DagBag from /home/airflow/.local/lib/python3.8/site-packages/airflow/example_dags/tutorial.py
[2025-02-11T11:37:47.241+0000] {processor.py:840} INFO - DAG(s) 'tutorial' retrieved from /home/airflow/.local/lib/python3.8/site-packages/airflow/example_dags/tutorial.py
[2025-02-11T11:37:47.278+0000] {logging_mixin.py:188} INFO - [2025-02-11T11:37:47.277+0000] {dag.py:3036} INFO - Sync 1 DAGs
[2025-02-11T11:37:47.310+0000] {logging_mixin.py:188} INFO - [2025-02-11T11:37:47.310+0000] {dag.py:3823} INFO - Setting next_dagrun for tutorial to 2025-02-10 00:00:00+00:00, run_after=2025-02-11 00:00:00+00:00
[2025-02-11T11:37:47.334+0000] {processor.py:183} INFO - Processing /home/airflow/.local/lib/python3.8/site-packages/airflow/example_dags/tutorial.py took 0.109 seconds
[2025-02-11T11:38:18.370+0000] {processor.py:161} INFO - Started process (PID=1369) to work on /home/airflow/.local/lib/python3.8/site-packages/airflow/example_dags/tutorial.py
[2025-02-11T11:38:18.373+0000] {processor.py:830} INFO - Processing file /home/airflow/.local/lib/python3.8/site-packages/airflow/example_dags/tutorial.py for tasks to queue
[2025-02-11T11:38:18.381+0000] {logging_mixin.py:188} INFO - [2025-02-11T11:38:18.380+0000] {dagbag.py:538} INFO - Filling up the DagBag from /home/airflow/.local/lib/python3.8/site-packages/airflow/example_dags/tutorial.py
[2025-02-11T11:38:18.405+0000] {processor.py:840} INFO - DAG(s) 'tutorial' retrieved from /home/airflow/.local/lib/python3.8/site-packages/airflow/example_dags/tutorial.py
[2025-02-11T11:38:18.454+0000] {logging_mixin.py:188} INFO - [2025-02-11T11:38:18.453+0000] {dag.py:3036} INFO - Sync 1 DAGs
[2025-02-11T11:38:18.496+0000] {logging_mixin.py:188} INFO - [2025-02-11T11:38:18.496+0000] {dag.py:3823} INFO - Setting next_dagrun for tutorial to 2025-02-10 00:00:00+00:00, run_after=2025-02-11 00:00:00+00:00
[2025-02-11T11:38:18.533+0000] {processor.py:183} INFO - Processing /home/airflow/.local/lib/python3.8/site-packages/airflow/example_dags/tutorial.py took 0.176 seconds
[2025-02-11T11:38:49.506+0000] {processor.py:161} INFO - Started process (PID=1434) to work on /home/airflow/.local/lib/python3.8/site-packages/airflow/example_dags/tutorial.py
[2025-02-11T11:38:49.508+0000] {processor.py:830} INFO - Processing file /home/airflow/.local/lib/python3.8/site-packages/airflow/example_dags/tutorial.py for tasks to queue
[2025-02-11T11:38:49.512+0000] {logging_mixin.py:188} INFO - [2025-02-11T11:38:49.512+0000] {dagbag.py:538} INFO - Filling up the DagBag from /home/airflow/.local/lib/python3.8/site-packages/airflow/example_dags/tutorial.py
[2025-02-11T11:38:49.521+0000] {processor.py:840} INFO - DAG(s) 'tutorial' retrieved from /home/airflow/.local/lib/python3.8/site-packages/airflow/example_dags/tutorial.py
[2025-02-11T11:38:49.551+0000] {logging_mixin.py:188} INFO - [2025-02-11T11:38:49.551+0000] {dag.py:3036} INFO - Sync 1 DAGs
[2025-02-11T11:38:49.600+0000] {logging_mixin.py:188} INFO - [2025-02-11T11:38:49.599+0000] {dag.py:3823} INFO - Setting next_dagrun for tutorial to 2025-02-10 00:00:00+00:00, run_after=2025-02-11 00:00:00+00:00
[2025-02-11T11:38:49.661+0000] {processor.py:183} INFO - Processing /home/airflow/.local/lib/python3.8/site-packages/airflow/example_dags/tutorial.py took 0.159 seconds
[2025-02-11T11:39:19.776+0000] {processor.py:161} INFO - Started process (PID=1499) to work on /home/airflow/.local/lib/python3.8/site-packages/airflow/example_dags/tutorial.py
[2025-02-11T11:39:19.777+0000] {processor.py:830} INFO - Processing file /home/airflow/.local/lib/python3.8/site-packages/airflow/example_dags/tutorial.py for tasks to queue
[2025-02-11T11:39:19.779+0000] {logging_mixin.py:188} INFO - [2025-02-11T11:39:19.779+0000] {dagbag.py:538} INFO - Filling up the DagBag from /home/airflow/.local/lib/python3.8/site-packages/airflow/example_dags/tutorial.py
[2025-02-11T11:39:19.787+0000] {processor.py:840} INFO - DAG(s) 'tutorial' retrieved from /home/airflow/.local/lib/python3.8/site-packages/airflow/example_dags/tutorial.py
[2025-02-11T11:39:19.813+0000] {logging_mixin.py:188} INFO - [2025-02-11T11:39:19.812+0000] {dag.py:3036} INFO - Sync 1 DAGs
[2025-02-11T11:39:19.838+0000] {logging_mixin.py:188} INFO - [2025-02-11T11:39:19.838+0000] {dag.py:3823} INFO - Setting next_dagrun for tutorial to 2025-02-10 00:00:00+00:00, run_after=2025-02-11 00:00:00+00:00
[2025-02-11T11:39:19.864+0000] {processor.py:183} INFO - Processing /home/airflow/.local/lib/python3.8/site-packages/airflow/example_dags/tutorial.py took 0.093 seconds
[2025-02-11T11:39:50.450+0000] {processor.py:161} INFO - Started process (PID=1571) to work on /home/airflow/.local/lib/python3.8/site-packages/airflow/example_dags/tutorial.py
[2025-02-11T11:39:50.451+0000] {processor.py:830} INFO - Processing file /home/airflow/.local/lib/python3.8/site-packages/airflow/example_dags/tutorial.py for tasks to queue
[2025-02-11T11:39:50.456+0000] {logging_mixin.py:188} INFO - [2025-02-11T11:39:50.455+0000] {dagbag.py:538} INFO - Filling up the DagBag from /home/airflow/.local/lib/python3.8/site-packages/airflow/example_dags/tutorial.py
[2025-02-11T11:39:50.470+0000] {processor.py:840} INFO - DAG(s) 'tutorial' retrieved from /home/airflow/.local/lib/python3.8/site-packages/airflow/example_dags/tutorial.py
[2025-02-11T11:39:50.520+0000] {logging_mixin.py:188} INFO - [2025-02-11T11:39:50.519+0000] {dag.py:3036} INFO - Sync 1 DAGs
[2025-02-11T11:39:50.574+0000] {logging_mixin.py:188} INFO - [2025-02-11T11:39:50.573+0000] {dag.py:3823} INFO - Setting next_dagrun for tutorial to 2025-02-10 00:00:00+00:00, run_after=2025-02-11 00:00:00+00:00
[2025-02-11T11:39:50.610+0000] {processor.py:183} INFO - Processing /home/airflow/.local/lib/python3.8/site-packages/airflow/example_dags/tutorial.py took 0.169 seconds
[2025-02-11T11:40:21.868+0000] {processor.py:161} INFO - Started process (PID=1636) to work on /home/airflow/.local/lib/python3.8/site-packages/airflow/example_dags/tutorial.py
[2025-02-11T11:40:21.871+0000] {processor.py:830} INFO - Processing file /home/airflow/.local/lib/python3.8/site-packages/airflow/example_dags/tutorial.py for tasks to queue
[2025-02-11T11:40:21.893+0000] {logging_mixin.py:188} INFO - [2025-02-11T11:40:21.892+0000] {dagbag.py:538} INFO - Filling up the DagBag from /home/airflow/.local/lib/python3.8/site-packages/airflow/example_dags/tutorial.py
[2025-02-11T11:40:22.009+0000] {processor.py:840} INFO - DAG(s) 'tutorial' retrieved from /home/airflow/.local/lib/python3.8/site-packages/airflow/example_dags/tutorial.py
[2025-02-11T11:40:22.083+0000] {logging_mixin.py:188} INFO - [2025-02-11T11:40:22.080+0000] {dag.py:3036} INFO - Sync 1 DAGs
[2025-02-11T11:40:22.174+0000] {logging_mixin.py:188} INFO - [2025-02-11T11:40:22.174+0000] {dag.py:3823} INFO - Setting next_dagrun for tutorial to 2025-02-10 00:00:00+00:00, run_after=2025-02-11 00:00:00+00:00
[2025-02-11T11:40:22.253+0000] {processor.py:183} INFO - Processing /home/airflow/.local/lib/python3.8/site-packages/airflow/example_dags/tutorial.py took 0.394 seconds
[2025-02-11T11:40:52.664+0000] {processor.py:161} INFO - Started process (PID=1701) to work on /home/airflow/.local/lib/python3.8/site-packages/airflow/example_dags/tutorial.py
[2025-02-11T11:40:52.669+0000] {processor.py:830} INFO - Processing file /home/airflow/.local/lib/python3.8/site-packages/airflow/example_dags/tutorial.py for tasks to queue
[2025-02-11T11:40:52.683+0000] {logging_mixin.py:188} INFO - [2025-02-11T11:40:52.683+0000] {dagbag.py:538} INFO - Filling up the DagBag from /home/airflow/.local/lib/python3.8/site-packages/airflow/example_dags/tutorial.py
[2025-02-11T11:40:52.711+0000] {processor.py:840} INFO - DAG(s) 'tutorial' retrieved from /home/airflow/.local/lib/python3.8/site-packages/airflow/example_dags/tutorial.py
[2025-02-11T11:40:52.795+0000] {logging_mixin.py:188} INFO - [2025-02-11T11:40:52.795+0000] {dag.py:3036} INFO - Sync 1 DAGs
[2025-02-11T11:40:52.838+0000] {logging_mixin.py:188} INFO - [2025-02-11T11:40:52.838+0000] {dag.py:3823} INFO - Setting next_dagrun for tutorial to 2025-02-10 00:00:00+00:00, run_after=2025-02-11 00:00:00+00:00
[2025-02-11T11:40:52.871+0000] {processor.py:183} INFO - Processing /home/airflow/.local/lib/python3.8/site-packages/airflow/example_dags/tutorial.py took 0.213 seconds
