[2025-02-08T13:00:57.999+0000] {processor.py:161} INFO - Started process (PID=161) to work on /home/airflow/.local/lib/python3.8/site-packages/airflow/example_dags/example_skip_dag.py
[2025-02-08T13:00:58.001+0000] {processor.py:830} INFO - Processing file /home/airflow/.local/lib/python3.8/site-packages/airflow/example_dags/example_skip_dag.py for tasks to queue
[2025-02-08T13:00:58.010+0000] {logging_mixin.py:188} INFO - [2025-02-08T13:00:58.009+0000] {dagbag.py:538} INFO - Filling up the DagBag from /home/airflow/.local/lib/python3.8/site-packages/airflow/example_dags/example_skip_dag.py
[2025-02-08T13:00:58.041+0000] {processor.py:840} INFO - DAG(s) 'example_skip_dag' retrieved from /home/airflow/.local/lib/python3.8/site-packages/airflow/example_dags/example_skip_dag.py
[2025-02-08T13:00:58.340+0000] {logging_mixin.py:188} INFO - [2025-02-08T13:00:58.340+0000] {dag.py:3036} INFO - Sync 1 DAGs
[2025-02-08T13:00:58.458+0000] {logging_mixin.py:188} INFO - [2025-02-08T13:00:58.458+0000] {dag.py:3823} INFO - Setting next_dagrun for example_skip_dag to 2025-02-07 00:00:00+00:00, run_after=2025-02-08 00:00:00+00:00
[2025-02-08T13:00:58.599+0000] {processor.py:183} INFO - Processing /home/airflow/.local/lib/python3.8/site-packages/airflow/example_dags/example_skip_dag.py took 0.624 seconds
[2025-02-08T13:01:28.697+0000] {processor.py:161} INFO - Started process (PID=226) to work on /home/airflow/.local/lib/python3.8/site-packages/airflow/example_dags/example_skip_dag.py
[2025-02-08T13:01:28.703+0000] {processor.py:830} INFO - Processing file /home/airflow/.local/lib/python3.8/site-packages/airflow/example_dags/example_skip_dag.py for tasks to queue
[2025-02-08T13:01:28.708+0000] {logging_mixin.py:188} INFO - [2025-02-08T13:01:28.707+0000] {dagbag.py:538} INFO - Filling up the DagBag from /home/airflow/.local/lib/python3.8/site-packages/airflow/example_dags/example_skip_dag.py
[2025-02-08T13:01:28.723+0000] {processor.py:840} INFO - DAG(s) 'example_skip_dag' retrieved from /home/airflow/.local/lib/python3.8/site-packages/airflow/example_dags/example_skip_dag.py
[2025-02-08T13:01:28.759+0000] {logging_mixin.py:188} INFO - [2025-02-08T13:01:28.759+0000] {dag.py:3036} INFO - Sync 1 DAGs
[2025-02-08T13:01:28.797+0000] {logging_mixin.py:188} INFO - [2025-02-08T13:01:28.797+0000] {dag.py:3823} INFO - Setting next_dagrun for example_skip_dag to 2025-02-07 00:00:00+00:00, run_after=2025-02-08 00:00:00+00:00
[2025-02-08T13:01:28.831+0000] {processor.py:183} INFO - Processing /home/airflow/.local/lib/python3.8/site-packages/airflow/example_dags/example_skip_dag.py took 0.140 seconds
[2025-02-08T13:01:59.040+0000] {processor.py:161} INFO - Started process (PID=290) to work on /home/airflow/.local/lib/python3.8/site-packages/airflow/example_dags/example_skip_dag.py
[2025-02-08T13:01:59.044+0000] {processor.py:830} INFO - Processing file /home/airflow/.local/lib/python3.8/site-packages/airflow/example_dags/example_skip_dag.py for tasks to queue
[2025-02-08T13:01:59.046+0000] {logging_mixin.py:188} INFO - [2025-02-08T13:01:59.046+0000] {dagbag.py:538} INFO - Filling up the DagBag from /home/airflow/.local/lib/python3.8/site-packages/airflow/example_dags/example_skip_dag.py
[2025-02-08T13:01:59.058+0000] {processor.py:840} INFO - DAG(s) 'example_skip_dag' retrieved from /home/airflow/.local/lib/python3.8/site-packages/airflow/example_dags/example_skip_dag.py
[2025-02-08T13:01:59.105+0000] {logging_mixin.py:188} INFO - [2025-02-08T13:01:59.105+0000] {dag.py:3036} INFO - Sync 1 DAGs
[2025-02-08T13:01:59.135+0000] {logging_mixin.py:188} INFO - [2025-02-08T13:01:59.135+0000] {dag.py:3823} INFO - Setting next_dagrun for example_skip_dag to 2025-02-07 00:00:00+00:00, run_after=2025-02-08 00:00:00+00:00
[2025-02-08T13:01:59.164+0000] {processor.py:183} INFO - Processing /home/airflow/.local/lib/python3.8/site-packages/airflow/example_dags/example_skip_dag.py took 0.128 seconds
[2025-02-08T13:02:30.166+0000] {processor.py:161} INFO - Started process (PID=355) to work on /home/airflow/.local/lib/python3.8/site-packages/airflow/example_dags/example_skip_dag.py
[2025-02-08T13:02:30.167+0000] {processor.py:830} INFO - Processing file /home/airflow/.local/lib/python3.8/site-packages/airflow/example_dags/example_skip_dag.py for tasks to queue
[2025-02-08T13:02:30.170+0000] {logging_mixin.py:188} INFO - [2025-02-08T13:02:30.169+0000] {dagbag.py:538} INFO - Filling up the DagBag from /home/airflow/.local/lib/python3.8/site-packages/airflow/example_dags/example_skip_dag.py
[2025-02-08T13:02:30.178+0000] {processor.py:840} INFO - DAG(s) 'example_skip_dag' retrieved from /home/airflow/.local/lib/python3.8/site-packages/airflow/example_dags/example_skip_dag.py
[2025-02-08T13:02:30.205+0000] {logging_mixin.py:188} INFO - [2025-02-08T13:02:30.204+0000] {dag.py:3036} INFO - Sync 1 DAGs
[2025-02-08T13:02:30.230+0000] {logging_mixin.py:188} INFO - [2025-02-08T13:02:30.230+0000] {dag.py:3823} INFO - Setting next_dagrun for example_skip_dag to 2025-02-07 00:00:00+00:00, run_after=2025-02-08 00:00:00+00:00
[2025-02-08T13:02:30.254+0000] {processor.py:183} INFO - Processing /home/airflow/.local/lib/python3.8/site-packages/airflow/example_dags/example_skip_dag.py took 0.092 seconds
[2025-02-08T13:03:01.453+0000] {processor.py:161} INFO - Started process (PID=428) to work on /home/airflow/.local/lib/python3.8/site-packages/airflow/example_dags/example_skip_dag.py
[2025-02-08T13:03:01.457+0000] {processor.py:830} INFO - Processing file /home/airflow/.local/lib/python3.8/site-packages/airflow/example_dags/example_skip_dag.py for tasks to queue
[2025-02-08T13:03:01.462+0000] {logging_mixin.py:188} INFO - [2025-02-08T13:03:01.462+0000] {dagbag.py:538} INFO - Filling up the DagBag from /home/airflow/.local/lib/python3.8/site-packages/airflow/example_dags/example_skip_dag.py
[2025-02-08T13:03:01.476+0000] {processor.py:840} INFO - DAG(s) 'example_skip_dag' retrieved from /home/airflow/.local/lib/python3.8/site-packages/airflow/example_dags/example_skip_dag.py
[2025-02-08T13:03:01.519+0000] {logging_mixin.py:188} INFO - [2025-02-08T13:03:01.519+0000] {dag.py:3036} INFO - Sync 1 DAGs
[2025-02-08T13:03:01.565+0000] {logging_mixin.py:188} INFO - [2025-02-08T13:03:01.564+0000] {dag.py:3823} INFO - Setting next_dagrun for example_skip_dag to 2025-02-07 00:00:00+00:00, run_after=2025-02-08 00:00:00+00:00
[2025-02-08T13:03:01.604+0000] {processor.py:183} INFO - Processing /home/airflow/.local/lib/python3.8/site-packages/airflow/example_dags/example_skip_dag.py took 0.176 seconds
[2025-02-08T13:03:32.599+0000] {processor.py:161} INFO - Started process (PID=492) to work on /home/airflow/.local/lib/python3.8/site-packages/airflow/example_dags/example_skip_dag.py
[2025-02-08T13:03:32.604+0000] {processor.py:830} INFO - Processing file /home/airflow/.local/lib/python3.8/site-packages/airflow/example_dags/example_skip_dag.py for tasks to queue
[2025-02-08T13:03:32.621+0000] {logging_mixin.py:188} INFO - [2025-02-08T13:03:32.616+0000] {dagbag.py:538} INFO - Filling up the DagBag from /home/airflow/.local/lib/python3.8/site-packages/airflow/example_dags/example_skip_dag.py
[2025-02-08T13:03:32.639+0000] {processor.py:840} INFO - DAG(s) 'example_skip_dag' retrieved from /home/airflow/.local/lib/python3.8/site-packages/airflow/example_dags/example_skip_dag.py
[2025-02-08T13:03:32.692+0000] {logging_mixin.py:188} INFO - [2025-02-08T13:03:32.691+0000] {dag.py:3036} INFO - Sync 1 DAGs
[2025-02-08T13:03:32.782+0000] {logging_mixin.py:188} INFO - [2025-02-08T13:03:32.781+0000] {dag.py:3823} INFO - Setting next_dagrun for example_skip_dag to 2025-02-07 00:00:00+00:00, run_after=2025-02-08 00:00:00+00:00
[2025-02-08T13:03:32.909+0000] {processor.py:183} INFO - Processing /home/airflow/.local/lib/python3.8/site-packages/airflow/example_dags/example_skip_dag.py took 0.324 seconds
[2025-02-08T13:14:01.407+0000] {processor.py:161} INFO - Started process (PID=560) to work on /home/airflow/.local/lib/python3.8/site-packages/airflow/example_dags/example_skip_dag.py
[2025-02-08T13:14:01.409+0000] {processor.py:830} INFO - Processing file /home/airflow/.local/lib/python3.8/site-packages/airflow/example_dags/example_skip_dag.py for tasks to queue
[2025-02-08T13:14:01.412+0000] {logging_mixin.py:188} INFO - [2025-02-08T13:14:01.412+0000] {dagbag.py:538} INFO - Filling up the DagBag from /home/airflow/.local/lib/python3.8/site-packages/airflow/example_dags/example_skip_dag.py
[2025-02-08T13:14:01.428+0000] {processor.py:840} INFO - DAG(s) 'example_skip_dag' retrieved from /home/airflow/.local/lib/python3.8/site-packages/airflow/example_dags/example_skip_dag.py
[2025-02-08T13:14:01.474+0000] {logging_mixin.py:188} INFO - [2025-02-08T13:14:01.474+0000] {dag.py:3036} INFO - Sync 1 DAGs
[2025-02-08T13:14:01.524+0000] {logging_mixin.py:188} INFO - [2025-02-08T13:14:01.524+0000] {dag.py:3823} INFO - Setting next_dagrun for example_skip_dag to 2025-02-07 00:00:00+00:00, run_after=2025-02-08 00:00:00+00:00
[2025-02-08T13:14:01.564+0000] {processor.py:183} INFO - Processing /home/airflow/.local/lib/python3.8/site-packages/airflow/example_dags/example_skip_dag.py took 0.172 seconds
[2025-02-08T13:14:31.742+0000] {processor.py:161} INFO - Started process (PID=625) to work on /home/airflow/.local/lib/python3.8/site-packages/airflow/example_dags/example_skip_dag.py
[2025-02-08T13:14:31.745+0000] {processor.py:830} INFO - Processing file /home/airflow/.local/lib/python3.8/site-packages/airflow/example_dags/example_skip_dag.py for tasks to queue
[2025-02-08T13:14:31.750+0000] {logging_mixin.py:188} INFO - [2025-02-08T13:14:31.749+0000] {dagbag.py:538} INFO - Filling up the DagBag from /home/airflow/.local/lib/python3.8/site-packages/airflow/example_dags/example_skip_dag.py
[2025-02-08T13:14:31.764+0000] {processor.py:840} INFO - DAG(s) 'example_skip_dag' retrieved from /home/airflow/.local/lib/python3.8/site-packages/airflow/example_dags/example_skip_dag.py
[2025-02-08T13:14:31.810+0000] {logging_mixin.py:188} INFO - [2025-02-08T13:14:31.809+0000] {dag.py:3036} INFO - Sync 1 DAGs
[2025-02-08T13:14:31.841+0000] {logging_mixin.py:188} INFO - [2025-02-08T13:14:31.841+0000] {dag.py:3823} INFO - Setting next_dagrun for example_skip_dag to 2025-02-07 00:00:00+00:00, run_after=2025-02-08 00:00:00+00:00
[2025-02-08T13:14:31.875+0000] {processor.py:183} INFO - Processing /home/airflow/.local/lib/python3.8/site-packages/airflow/example_dags/example_skip_dag.py took 0.139 seconds
[2025-02-08T13:15:02.469+0000] {processor.py:161} INFO - Started process (PID=690) to work on /home/airflow/.local/lib/python3.8/site-packages/airflow/example_dags/example_skip_dag.py
[2025-02-08T13:15:02.471+0000] {processor.py:830} INFO - Processing file /home/airflow/.local/lib/python3.8/site-packages/airflow/example_dags/example_skip_dag.py for tasks to queue
[2025-02-08T13:15:02.474+0000] {logging_mixin.py:188} INFO - [2025-02-08T13:15:02.473+0000] {dagbag.py:538} INFO - Filling up the DagBag from /home/airflow/.local/lib/python3.8/site-packages/airflow/example_dags/example_skip_dag.py
[2025-02-08T13:15:02.487+0000] {processor.py:840} INFO - DAG(s) 'example_skip_dag' retrieved from /home/airflow/.local/lib/python3.8/site-packages/airflow/example_dags/example_skip_dag.py
[2025-02-08T13:15:02.524+0000] {logging_mixin.py:188} INFO - [2025-02-08T13:15:02.524+0000] {dag.py:3036} INFO - Sync 1 DAGs
[2025-02-08T13:15:02.572+0000] {logging_mixin.py:188} INFO - [2025-02-08T13:15:02.572+0000] {dag.py:3823} INFO - Setting next_dagrun for example_skip_dag to 2025-02-07 00:00:00+00:00, run_after=2025-02-08 00:00:00+00:00
[2025-02-08T13:15:02.623+0000] {processor.py:183} INFO - Processing /home/airflow/.local/lib/python3.8/site-packages/airflow/example_dags/example_skip_dag.py took 0.158 seconds
[2025-02-08T13:15:34.917+0000] {processor.py:161} INFO - Started process (PID=755) to work on /home/airflow/.local/lib/python3.8/site-packages/airflow/example_dags/example_skip_dag.py
[2025-02-08T13:15:34.919+0000] {processor.py:830} INFO - Processing file /home/airflow/.local/lib/python3.8/site-packages/airflow/example_dags/example_skip_dag.py for tasks to queue
[2025-02-08T13:15:34.926+0000] {logging_mixin.py:188} INFO - [2025-02-08T13:15:34.925+0000] {dagbag.py:538} INFO - Filling up the DagBag from /home/airflow/.local/lib/python3.8/site-packages/airflow/example_dags/example_skip_dag.py
[2025-02-08T13:15:34.940+0000] {processor.py:840} INFO - DAG(s) 'example_skip_dag' retrieved from /home/airflow/.local/lib/python3.8/site-packages/airflow/example_dags/example_skip_dag.py
[2025-02-08T13:15:35.053+0000] {logging_mixin.py:188} INFO - [2025-02-08T13:15:35.053+0000] {dag.py:3036} INFO - Sync 1 DAGs
[2025-02-08T13:15:35.120+0000] {logging_mixin.py:188} INFO - [2025-02-08T13:15:35.119+0000] {dag.py:3823} INFO - Setting next_dagrun for example_skip_dag to 2025-02-07 00:00:00+00:00, run_after=2025-02-08 00:00:00+00:00
[2025-02-08T13:15:35.173+0000] {processor.py:183} INFO - Processing /home/airflow/.local/lib/python3.8/site-packages/airflow/example_dags/example_skip_dag.py took 0.263 seconds
[2025-02-08T13:16:05.526+0000] {processor.py:161} INFO - Started process (PID=827) to work on /home/airflow/.local/lib/python3.8/site-packages/airflow/example_dags/example_skip_dag.py
[2025-02-08T13:16:05.527+0000] {processor.py:830} INFO - Processing file /home/airflow/.local/lib/python3.8/site-packages/airflow/example_dags/example_skip_dag.py for tasks to queue
[2025-02-08T13:16:05.531+0000] {logging_mixin.py:188} INFO - [2025-02-08T13:16:05.530+0000] {dagbag.py:538} INFO - Filling up the DagBag from /home/airflow/.local/lib/python3.8/site-packages/airflow/example_dags/example_skip_dag.py
[2025-02-08T13:16:05.542+0000] {processor.py:840} INFO - DAG(s) 'example_skip_dag' retrieved from /home/airflow/.local/lib/python3.8/site-packages/airflow/example_dags/example_skip_dag.py
[2025-02-08T13:16:05.587+0000] {logging_mixin.py:188} INFO - [2025-02-08T13:16:05.586+0000] {dag.py:3036} INFO - Sync 1 DAGs
[2025-02-08T13:16:05.624+0000] {logging_mixin.py:188} INFO - [2025-02-08T13:16:05.623+0000] {dag.py:3823} INFO - Setting next_dagrun for example_skip_dag to 2025-02-07 00:00:00+00:00, run_after=2025-02-08 00:00:00+00:00
[2025-02-08T13:16:05.655+0000] {processor.py:183} INFO - Processing /home/airflow/.local/lib/python3.8/site-packages/airflow/example_dags/example_skip_dag.py took 0.136 seconds
[2025-02-08T13:16:36.562+0000] {processor.py:161} INFO - Started process (PID=892) to work on /home/airflow/.local/lib/python3.8/site-packages/airflow/example_dags/example_skip_dag.py
[2025-02-08T13:16:36.566+0000] {processor.py:830} INFO - Processing file /home/airflow/.local/lib/python3.8/site-packages/airflow/example_dags/example_skip_dag.py for tasks to queue
[2025-02-08T13:16:36.574+0000] {logging_mixin.py:188} INFO - [2025-02-08T13:16:36.572+0000] {dagbag.py:538} INFO - Filling up the DagBag from /home/airflow/.local/lib/python3.8/site-packages/airflow/example_dags/example_skip_dag.py
[2025-02-08T13:16:36.590+0000] {processor.py:840} INFO - DAG(s) 'example_skip_dag' retrieved from /home/airflow/.local/lib/python3.8/site-packages/airflow/example_dags/example_skip_dag.py
[2025-02-08T13:16:36.643+0000] {logging_mixin.py:188} INFO - [2025-02-08T13:16:36.643+0000] {dag.py:3036} INFO - Sync 1 DAGs
[2025-02-08T13:16:36.696+0000] {logging_mixin.py:188} INFO - [2025-02-08T13:16:36.695+0000] {dag.py:3823} INFO - Setting next_dagrun for example_skip_dag to 2025-02-07 00:00:00+00:00, run_after=2025-02-08 00:00:00+00:00
[2025-02-08T13:16:36.747+0000] {processor.py:183} INFO - Processing /home/airflow/.local/lib/python3.8/site-packages/airflow/example_dags/example_skip_dag.py took 0.195 seconds
[2025-02-08T13:17:06.786+0000] {processor.py:161} INFO - Started process (PID=955) to work on /home/airflow/.local/lib/python3.8/site-packages/airflow/example_dags/example_skip_dag.py
[2025-02-08T13:17:06.788+0000] {processor.py:830} INFO - Processing file /home/airflow/.local/lib/python3.8/site-packages/airflow/example_dags/example_skip_dag.py for tasks to queue
[2025-02-08T13:17:06.791+0000] {logging_mixin.py:188} INFO - [2025-02-08T13:17:06.791+0000] {dagbag.py:538} INFO - Filling up the DagBag from /home/airflow/.local/lib/python3.8/site-packages/airflow/example_dags/example_skip_dag.py
[2025-02-08T13:17:06.803+0000] {processor.py:840} INFO - DAG(s) 'example_skip_dag' retrieved from /home/airflow/.local/lib/python3.8/site-packages/airflow/example_dags/example_skip_dag.py
[2025-02-08T13:17:06.832+0000] {logging_mixin.py:188} INFO - [2025-02-08T13:17:06.832+0000] {dag.py:3036} INFO - Sync 1 DAGs
[2025-02-08T13:17:06.864+0000] {logging_mixin.py:188} INFO - [2025-02-08T13:17:06.863+0000] {dag.py:3823} INFO - Setting next_dagrun for example_skip_dag to 2025-02-07 00:00:00+00:00, run_after=2025-02-08 00:00:00+00:00
[2025-02-08T13:17:06.888+0000] {processor.py:183} INFO - Processing /home/airflow/.local/lib/python3.8/site-packages/airflow/example_dags/example_skip_dag.py took 0.106 seconds
[2025-02-08T13:17:38.128+0000] {processor.py:161} INFO - Started process (PID=1020) to work on /home/airflow/.local/lib/python3.8/site-packages/airflow/example_dags/example_skip_dag.py
[2025-02-08T13:17:38.131+0000] {processor.py:830} INFO - Processing file /home/airflow/.local/lib/python3.8/site-packages/airflow/example_dags/example_skip_dag.py for tasks to queue
[2025-02-08T13:17:38.135+0000] {logging_mixin.py:188} INFO - [2025-02-08T13:17:38.134+0000] {dagbag.py:538} INFO - Filling up the DagBag from /home/airflow/.local/lib/python3.8/site-packages/airflow/example_dags/example_skip_dag.py
[2025-02-08T13:17:38.151+0000] {processor.py:840} INFO - DAG(s) 'example_skip_dag' retrieved from /home/airflow/.local/lib/python3.8/site-packages/airflow/example_dags/example_skip_dag.py
[2025-02-08T13:17:38.206+0000] {logging_mixin.py:188} INFO - [2025-02-08T13:17:38.206+0000] {dag.py:3036} INFO - Sync 1 DAGs
[2025-02-08T13:17:38.266+0000] {logging_mixin.py:188} INFO - [2025-02-08T13:17:38.266+0000] {dag.py:3823} INFO - Setting next_dagrun for example_skip_dag to 2025-02-07 00:00:00+00:00, run_after=2025-02-08 00:00:00+00:00
[2025-02-08T13:17:38.313+0000] {processor.py:183} INFO - Processing /home/airflow/.local/lib/python3.8/site-packages/airflow/example_dags/example_skip_dag.py took 0.193 seconds
[2025-02-08T13:18:08.632+0000] {processor.py:161} INFO - Started process (PID=1084) to work on /home/airflow/.local/lib/python3.8/site-packages/airflow/example_dags/example_skip_dag.py
[2025-02-08T13:18:08.635+0000] {processor.py:830} INFO - Processing file /home/airflow/.local/lib/python3.8/site-packages/airflow/example_dags/example_skip_dag.py for tasks to queue
[2025-02-08T13:18:08.639+0000] {logging_mixin.py:188} INFO - [2025-02-08T13:18:08.639+0000] {dagbag.py:538} INFO - Filling up the DagBag from /home/airflow/.local/lib/python3.8/site-packages/airflow/example_dags/example_skip_dag.py
[2025-02-08T13:18:08.652+0000] {processor.py:840} INFO - DAG(s) 'example_skip_dag' retrieved from /home/airflow/.local/lib/python3.8/site-packages/airflow/example_dags/example_skip_dag.py
[2025-02-08T13:18:08.732+0000] {logging_mixin.py:188} INFO - [2025-02-08T13:18:08.732+0000] {dag.py:3036} INFO - Sync 1 DAGs
[2025-02-08T13:18:08.787+0000] {logging_mixin.py:188} INFO - [2025-02-08T13:18:08.786+0000] {dag.py:3823} INFO - Setting next_dagrun for example_skip_dag to 2025-02-07 00:00:00+00:00, run_after=2025-02-08 00:00:00+00:00
[2025-02-08T13:18:08.837+0000] {processor.py:183} INFO - Processing /home/airflow/.local/lib/python3.8/site-packages/airflow/example_dags/example_skip_dag.py took 0.210 seconds
[2025-02-08T13:18:39.326+0000] {processor.py:161} INFO - Started process (PID=1148) to work on /home/airflow/.local/lib/python3.8/site-packages/airflow/example_dags/example_skip_dag.py
[2025-02-08T13:18:39.344+0000] {processor.py:830} INFO - Processing file /home/airflow/.local/lib/python3.8/site-packages/airflow/example_dags/example_skip_dag.py for tasks to queue
[2025-02-08T13:18:39.370+0000] {logging_mixin.py:188} INFO - [2025-02-08T13:18:39.354+0000] {dagbag.py:538} INFO - Filling up the DagBag from /home/airflow/.local/lib/python3.8/site-packages/airflow/example_dags/example_skip_dag.py
[2025-02-08T13:18:39.404+0000] {processor.py:840} INFO - DAG(s) 'example_skip_dag' retrieved from /home/airflow/.local/lib/python3.8/site-packages/airflow/example_dags/example_skip_dag.py
[2025-02-08T13:18:39.517+0000] {logging_mixin.py:188} INFO - [2025-02-08T13:18:39.517+0000] {dag.py:3036} INFO - Sync 1 DAGs
[2025-02-08T13:18:39.595+0000] {logging_mixin.py:188} INFO - [2025-02-08T13:18:39.595+0000] {dag.py:3823} INFO - Setting next_dagrun for example_skip_dag to 2025-02-07 00:00:00+00:00, run_after=2025-02-08 00:00:00+00:00
[2025-02-08T13:18:39.641+0000] {processor.py:183} INFO - Processing /home/airflow/.local/lib/python3.8/site-packages/airflow/example_dags/example_skip_dag.py took 0.324 seconds
[2025-02-08T13:19:11.925+0000] {processor.py:161} INFO - Started process (PID=1221) to work on /home/airflow/.local/lib/python3.8/site-packages/airflow/example_dags/example_skip_dag.py
[2025-02-08T13:19:11.931+0000] {processor.py:830} INFO - Processing file /home/airflow/.local/lib/python3.8/site-packages/airflow/example_dags/example_skip_dag.py for tasks to queue
[2025-02-08T13:19:11.935+0000] {logging_mixin.py:188} INFO - [2025-02-08T13:19:11.934+0000] {dagbag.py:538} INFO - Filling up the DagBag from /home/airflow/.local/lib/python3.8/site-packages/airflow/example_dags/example_skip_dag.py
[2025-02-08T13:19:11.953+0000] {processor.py:840} INFO - DAG(s) 'example_skip_dag' retrieved from /home/airflow/.local/lib/python3.8/site-packages/airflow/example_dags/example_skip_dag.py
[2025-02-08T13:19:12.034+0000] {logging_mixin.py:188} INFO - [2025-02-08T13:19:12.033+0000] {dag.py:3036} INFO - Sync 1 DAGs
[2025-02-08T13:19:12.092+0000] {logging_mixin.py:188} INFO - [2025-02-08T13:19:12.091+0000] {dag.py:3823} INFO - Setting next_dagrun for example_skip_dag to 2025-02-07 00:00:00+00:00, run_after=2025-02-08 00:00:00+00:00
[2025-02-08T13:19:12.140+0000] {processor.py:183} INFO - Processing /home/airflow/.local/lib/python3.8/site-packages/airflow/example_dags/example_skip_dag.py took 0.223 seconds
[2025-02-08T13:19:44.072+0000] {processor.py:161} INFO - Started process (PID=1287) to work on /home/airflow/.local/lib/python3.8/site-packages/airflow/example_dags/example_skip_dag.py
[2025-02-08T13:19:44.074+0000] {processor.py:830} INFO - Processing file /home/airflow/.local/lib/python3.8/site-packages/airflow/example_dags/example_skip_dag.py for tasks to queue
[2025-02-08T13:19:44.077+0000] {logging_mixin.py:188} INFO - [2025-02-08T13:19:44.076+0000] {dagbag.py:538} INFO - Filling up the DagBag from /home/airflow/.local/lib/python3.8/site-packages/airflow/example_dags/example_skip_dag.py
[2025-02-08T13:19:44.089+0000] {processor.py:840} INFO - DAG(s) 'example_skip_dag' retrieved from /home/airflow/.local/lib/python3.8/site-packages/airflow/example_dags/example_skip_dag.py
[2025-02-08T13:19:44.126+0000] {logging_mixin.py:188} INFO - [2025-02-08T13:19:44.125+0000] {dag.py:3036} INFO - Sync 1 DAGs
[2025-02-08T13:19:44.171+0000] {logging_mixin.py:188} INFO - [2025-02-08T13:19:44.171+0000] {dag.py:3823} INFO - Setting next_dagrun for example_skip_dag to 2025-02-07 00:00:00+00:00, run_after=2025-02-08 00:00:00+00:00
[2025-02-08T13:19:44.196+0000] {processor.py:183} INFO - Processing /home/airflow/.local/lib/python3.8/site-packages/airflow/example_dags/example_skip_dag.py took 0.129 seconds
[2025-02-08T13:20:15.072+0000] {processor.py:161} INFO - Started process (PID=1351) to work on /home/airflow/.local/lib/python3.8/site-packages/airflow/example_dags/example_skip_dag.py
[2025-02-08T13:20:15.074+0000] {processor.py:830} INFO - Processing file /home/airflow/.local/lib/python3.8/site-packages/airflow/example_dags/example_skip_dag.py for tasks to queue
[2025-02-08T13:20:15.076+0000] {logging_mixin.py:188} INFO - [2025-02-08T13:20:15.076+0000] {dagbag.py:538} INFO - Filling up the DagBag from /home/airflow/.local/lib/python3.8/site-packages/airflow/example_dags/example_skip_dag.py
[2025-02-08T13:20:15.087+0000] {processor.py:840} INFO - DAG(s) 'example_skip_dag' retrieved from /home/airflow/.local/lib/python3.8/site-packages/airflow/example_dags/example_skip_dag.py
[2025-02-08T13:20:15.123+0000] {logging_mixin.py:188} INFO - [2025-02-08T13:20:15.123+0000] {dag.py:3036} INFO - Sync 1 DAGs
[2025-02-08T13:20:15.164+0000] {logging_mixin.py:188} INFO - [2025-02-08T13:20:15.163+0000] {dag.py:3823} INFO - Setting next_dagrun for example_skip_dag to 2025-02-07 00:00:00+00:00, run_after=2025-02-08 00:00:00+00:00
[2025-02-08T13:20:15.196+0000] {processor.py:183} INFO - Processing /home/airflow/.local/lib/python3.8/site-packages/airflow/example_dags/example_skip_dag.py took 0.129 seconds
[2025-02-08T13:20:45.548+0000] {processor.py:161} INFO - Started process (PID=1424) to work on /home/airflow/.local/lib/python3.8/site-packages/airflow/example_dags/example_skip_dag.py
[2025-02-08T13:20:45.549+0000] {processor.py:830} INFO - Processing file /home/airflow/.local/lib/python3.8/site-packages/airflow/example_dags/example_skip_dag.py for tasks to queue
[2025-02-08T13:20:45.552+0000] {logging_mixin.py:188} INFO - [2025-02-08T13:20:45.551+0000] {dagbag.py:538} INFO - Filling up the DagBag from /home/airflow/.local/lib/python3.8/site-packages/airflow/example_dags/example_skip_dag.py
[2025-02-08T13:20:45.562+0000] {processor.py:840} INFO - DAG(s) 'example_skip_dag' retrieved from /home/airflow/.local/lib/python3.8/site-packages/airflow/example_dags/example_skip_dag.py
[2025-02-08T13:20:45.593+0000] {logging_mixin.py:188} INFO - [2025-02-08T13:20:45.592+0000] {dag.py:3036} INFO - Sync 1 DAGs
[2025-02-08T13:20:45.624+0000] {logging_mixin.py:188} INFO - [2025-02-08T13:20:45.624+0000] {dag.py:3823} INFO - Setting next_dagrun for example_skip_dag to 2025-02-07 00:00:00+00:00, run_after=2025-02-08 00:00:00+00:00
[2025-02-08T13:20:45.658+0000] {processor.py:183} INFO - Processing /home/airflow/.local/lib/python3.8/site-packages/airflow/example_dags/example_skip_dag.py took 0.115 seconds
[2025-02-08T13:21:15.787+0000] {processor.py:161} INFO - Started process (PID=1488) to work on /home/airflow/.local/lib/python3.8/site-packages/airflow/example_dags/example_skip_dag.py
[2025-02-08T13:21:15.788+0000] {processor.py:830} INFO - Processing file /home/airflow/.local/lib/python3.8/site-packages/airflow/example_dags/example_skip_dag.py for tasks to queue
[2025-02-08T13:21:15.792+0000] {logging_mixin.py:188} INFO - [2025-02-08T13:21:15.792+0000] {dagbag.py:538} INFO - Filling up the DagBag from /home/airflow/.local/lib/python3.8/site-packages/airflow/example_dags/example_skip_dag.py
[2025-02-08T13:21:15.802+0000] {processor.py:840} INFO - DAG(s) 'example_skip_dag' retrieved from /home/airflow/.local/lib/python3.8/site-packages/airflow/example_dags/example_skip_dag.py
[2025-02-08T13:21:15.835+0000] {logging_mixin.py:188} INFO - [2025-02-08T13:21:15.835+0000] {dag.py:3036} INFO - Sync 1 DAGs
[2025-02-08T13:21:15.865+0000] {logging_mixin.py:188} INFO - [2025-02-08T13:21:15.865+0000] {dag.py:3823} INFO - Setting next_dagrun for example_skip_dag to 2025-02-07 00:00:00+00:00, run_after=2025-02-08 00:00:00+00:00
[2025-02-08T13:21:15.896+0000] {processor.py:183} INFO - Processing /home/airflow/.local/lib/python3.8/site-packages/airflow/example_dags/example_skip_dag.py took 0.114 seconds
[2025-02-08T13:21:46.636+0000] {processor.py:161} INFO - Started process (PID=1554) to work on /home/airflow/.local/lib/python3.8/site-packages/airflow/example_dags/example_skip_dag.py
[2025-02-08T13:21:46.637+0000] {processor.py:830} INFO - Processing file /home/airflow/.local/lib/python3.8/site-packages/airflow/example_dags/example_skip_dag.py for tasks to queue
[2025-02-08T13:21:46.640+0000] {logging_mixin.py:188} INFO - [2025-02-08T13:21:46.639+0000] {dagbag.py:538} INFO - Filling up the DagBag from /home/airflow/.local/lib/python3.8/site-packages/airflow/example_dags/example_skip_dag.py
[2025-02-08T13:21:46.654+0000] {processor.py:840} INFO - DAG(s) 'example_skip_dag' retrieved from /home/airflow/.local/lib/python3.8/site-packages/airflow/example_dags/example_skip_dag.py
[2025-02-08T13:21:46.705+0000] {logging_mixin.py:188} INFO - [2025-02-08T13:21:46.704+0000] {dag.py:3036} INFO - Sync 1 DAGs
[2025-02-08T13:21:46.755+0000] {logging_mixin.py:188} INFO - [2025-02-08T13:21:46.754+0000] {dag.py:3823} INFO - Setting next_dagrun for example_skip_dag to 2025-02-07 00:00:00+00:00, run_after=2025-02-08 00:00:00+00:00
[2025-02-08T13:21:46.791+0000] {processor.py:183} INFO - Processing /home/airflow/.local/lib/python3.8/site-packages/airflow/example_dags/example_skip_dag.py took 0.161 seconds
[2025-02-08T13:22:17.315+0000] {processor.py:161} INFO - Started process (PID=1619) to work on /home/airflow/.local/lib/python3.8/site-packages/airflow/example_dags/example_skip_dag.py
[2025-02-08T13:22:17.317+0000] {processor.py:830} INFO - Processing file /home/airflow/.local/lib/python3.8/site-packages/airflow/example_dags/example_skip_dag.py for tasks to queue
[2025-02-08T13:22:17.320+0000] {logging_mixin.py:188} INFO - [2025-02-08T13:22:17.320+0000] {dagbag.py:538} INFO - Filling up the DagBag from /home/airflow/.local/lib/python3.8/site-packages/airflow/example_dags/example_skip_dag.py
[2025-02-08T13:22:17.334+0000] {processor.py:840} INFO - DAG(s) 'example_skip_dag' retrieved from /home/airflow/.local/lib/python3.8/site-packages/airflow/example_dags/example_skip_dag.py
[2025-02-08T13:22:17.374+0000] {logging_mixin.py:188} INFO - [2025-02-08T13:22:17.373+0000] {dag.py:3036} INFO - Sync 1 DAGs
[2025-02-08T13:22:17.414+0000] {logging_mixin.py:188} INFO - [2025-02-08T13:22:17.414+0000] {dag.py:3823} INFO - Setting next_dagrun for example_skip_dag to 2025-02-07 00:00:00+00:00, run_after=2025-02-08 00:00:00+00:00
[2025-02-08T13:22:17.448+0000] {processor.py:183} INFO - Processing /home/airflow/.local/lib/python3.8/site-packages/airflow/example_dags/example_skip_dag.py took 0.140 seconds
[2025-02-08T13:22:49.115+0000] {processor.py:161} INFO - Started process (PID=1684) to work on /home/airflow/.local/lib/python3.8/site-packages/airflow/example_dags/example_skip_dag.py
[2025-02-08T13:22:49.117+0000] {processor.py:830} INFO - Processing file /home/airflow/.local/lib/python3.8/site-packages/airflow/example_dags/example_skip_dag.py for tasks to queue
[2025-02-08T13:22:49.121+0000] {logging_mixin.py:188} INFO - [2025-02-08T13:22:49.121+0000] {dagbag.py:538} INFO - Filling up the DagBag from /home/airflow/.local/lib/python3.8/site-packages/airflow/example_dags/example_skip_dag.py
[2025-02-08T13:22:49.136+0000] {processor.py:840} INFO - DAG(s) 'example_skip_dag' retrieved from /home/airflow/.local/lib/python3.8/site-packages/airflow/example_dags/example_skip_dag.py
[2025-02-08T13:22:49.172+0000] {logging_mixin.py:188} INFO - [2025-02-08T13:22:49.171+0000] {dag.py:3036} INFO - Sync 1 DAGs
[2025-02-08T13:22:49.238+0000] {logging_mixin.py:188} INFO - [2025-02-08T13:22:49.238+0000] {dag.py:3823} INFO - Setting next_dagrun for example_skip_dag to 2025-02-07 00:00:00+00:00, run_after=2025-02-08 00:00:00+00:00
[2025-02-08T13:22:49.287+0000] {processor.py:183} INFO - Processing /home/airflow/.local/lib/python3.8/site-packages/airflow/example_dags/example_skip_dag.py took 0.178 seconds
[2025-02-08T13:23:20.926+0000] {processor.py:161} INFO - Started process (PID=1749) to work on /home/airflow/.local/lib/python3.8/site-packages/airflow/example_dags/example_skip_dag.py
[2025-02-08T13:23:20.929+0000] {processor.py:830} INFO - Processing file /home/airflow/.local/lib/python3.8/site-packages/airflow/example_dags/example_skip_dag.py for tasks to queue
[2025-02-08T13:23:20.936+0000] {logging_mixin.py:188} INFO - [2025-02-08T13:23:20.934+0000] {dagbag.py:538} INFO - Filling up the DagBag from /home/airflow/.local/lib/python3.8/site-packages/airflow/example_dags/example_skip_dag.py
[2025-02-08T13:23:20.952+0000] {processor.py:840} INFO - DAG(s) 'example_skip_dag' retrieved from /home/airflow/.local/lib/python3.8/site-packages/airflow/example_dags/example_skip_dag.py
[2025-02-08T13:23:21.001+0000] {logging_mixin.py:188} INFO - [2025-02-08T13:23:21.001+0000] {dag.py:3036} INFO - Sync 1 DAGs
[2025-02-08T13:23:21.057+0000] {logging_mixin.py:188} INFO - [2025-02-08T13:23:21.056+0000] {dag.py:3823} INFO - Setting next_dagrun for example_skip_dag to 2025-02-07 00:00:00+00:00, run_after=2025-02-08 00:00:00+00:00
[2025-02-08T13:23:21.132+0000] {processor.py:183} INFO - Processing /home/airflow/.local/lib/python3.8/site-packages/airflow/example_dags/example_skip_dag.py took 0.212 seconds
[2025-02-08T13:23:51.426+0000] {processor.py:161} INFO - Started process (PID=1814) to work on /home/airflow/.local/lib/python3.8/site-packages/airflow/example_dags/example_skip_dag.py
[2025-02-08T13:23:51.430+0000] {processor.py:830} INFO - Processing file /home/airflow/.local/lib/python3.8/site-packages/airflow/example_dags/example_skip_dag.py for tasks to queue
[2025-02-08T13:23:51.441+0000] {logging_mixin.py:188} INFO - [2025-02-08T13:23:51.439+0000] {dagbag.py:538} INFO - Filling up the DagBag from /home/airflow/.local/lib/python3.8/site-packages/airflow/example_dags/example_skip_dag.py
[2025-02-08T13:23:51.456+0000] {processor.py:840} INFO - DAG(s) 'example_skip_dag' retrieved from /home/airflow/.local/lib/python3.8/site-packages/airflow/example_dags/example_skip_dag.py
[2025-02-08T13:23:51.506+0000] {logging_mixin.py:188} INFO - [2025-02-08T13:23:51.506+0000] {dag.py:3036} INFO - Sync 1 DAGs
[2025-02-08T13:23:51.565+0000] {logging_mixin.py:188} INFO - [2025-02-08T13:23:51.565+0000] {dag.py:3823} INFO - Setting next_dagrun for example_skip_dag to 2025-02-07 00:00:00+00:00, run_after=2025-02-08 00:00:00+00:00
[2025-02-08T13:23:51.609+0000] {processor.py:183} INFO - Processing /home/airflow/.local/lib/python3.8/site-packages/airflow/example_dags/example_skip_dag.py took 0.190 seconds
[2025-02-08T13:24:21.879+0000] {processor.py:161} INFO - Started process (PID=1878) to work on /home/airflow/.local/lib/python3.8/site-packages/airflow/example_dags/example_skip_dag.py
[2025-02-08T13:24:21.881+0000] {processor.py:830} INFO - Processing file /home/airflow/.local/lib/python3.8/site-packages/airflow/example_dags/example_skip_dag.py for tasks to queue
[2025-02-08T13:24:21.885+0000] {logging_mixin.py:188} INFO - [2025-02-08T13:24:21.884+0000] {dagbag.py:538} INFO - Filling up the DagBag from /home/airflow/.local/lib/python3.8/site-packages/airflow/example_dags/example_skip_dag.py
[2025-02-08T13:24:21.894+0000] {processor.py:840} INFO - DAG(s) 'example_skip_dag' retrieved from /home/airflow/.local/lib/python3.8/site-packages/airflow/example_dags/example_skip_dag.py
[2025-02-08T13:24:21.944+0000] {logging_mixin.py:188} INFO - [2025-02-08T13:24:21.944+0000] {dag.py:3036} INFO - Sync 1 DAGs
[2025-02-08T13:24:21.974+0000] {logging_mixin.py:188} INFO - [2025-02-08T13:24:21.974+0000] {dag.py:3823} INFO - Setting next_dagrun for example_skip_dag to 2025-02-07 00:00:00+00:00, run_after=2025-02-08 00:00:00+00:00
[2025-02-08T13:24:21.999+0000] {processor.py:183} INFO - Processing /home/airflow/.local/lib/python3.8/site-packages/airflow/example_dags/example_skip_dag.py took 0.127 seconds
[2025-02-08T13:24:52.979+0000] {processor.py:161} INFO - Started process (PID=1943) to work on /home/airflow/.local/lib/python3.8/site-packages/airflow/example_dags/example_skip_dag.py
[2025-02-08T13:24:52.984+0000] {processor.py:830} INFO - Processing file /home/airflow/.local/lib/python3.8/site-packages/airflow/example_dags/example_skip_dag.py for tasks to queue
[2025-02-08T13:24:53.002+0000] {logging_mixin.py:188} INFO - [2025-02-08T13:24:53.000+0000] {dagbag.py:538} INFO - Filling up the DagBag from /home/airflow/.local/lib/python3.8/site-packages/airflow/example_dags/example_skip_dag.py
[2025-02-08T13:24:53.082+0000] {processor.py:840} INFO - DAG(s) 'example_skip_dag' retrieved from /home/airflow/.local/lib/python3.8/site-packages/airflow/example_dags/example_skip_dag.py
[2025-02-08T13:24:53.197+0000] {logging_mixin.py:188} INFO - [2025-02-08T13:24:53.196+0000] {dag.py:3036} INFO - Sync 1 DAGs
[2025-02-08T13:24:53.308+0000] {logging_mixin.py:188} INFO - [2025-02-08T13:24:53.304+0000] {dag.py:3823} INFO - Setting next_dagrun for example_skip_dag to 2025-02-07 00:00:00+00:00, run_after=2025-02-08 00:00:00+00:00
[2025-02-08T13:24:53.432+0000] {processor.py:183} INFO - Processing /home/airflow/.local/lib/python3.8/site-packages/airflow/example_dags/example_skip_dag.py took 0.466 seconds
[2025-02-08T13:25:24.992+0000] {processor.py:161} INFO - Started process (PID=2000) to work on /home/airflow/.local/lib/python3.8/site-packages/airflow/example_dags/example_skip_dag.py
[2025-02-08T13:25:24.998+0000] {processor.py:830} INFO - Processing file /home/airflow/.local/lib/python3.8/site-packages/airflow/example_dags/example_skip_dag.py for tasks to queue
[2025-02-08T13:25:25.013+0000] {logging_mixin.py:188} INFO - [2025-02-08T13:25:25.012+0000] {dagbag.py:538} INFO - Filling up the DagBag from /home/airflow/.local/lib/python3.8/site-packages/airflow/example_dags/example_skip_dag.py
[2025-02-08T13:25:25.031+0000] {processor.py:840} INFO - DAG(s) 'example_skip_dag' retrieved from /home/airflow/.local/lib/python3.8/site-packages/airflow/example_dags/example_skip_dag.py
[2025-02-08T13:25:25.108+0000] {logging_mixin.py:188} INFO - [2025-02-08T13:25:25.105+0000] {dag.py:3036} INFO - Sync 1 DAGs
[2025-02-08T13:25:25.210+0000] {logging_mixin.py:188} INFO - [2025-02-08T13:25:25.210+0000] {dag.py:3823} INFO - Setting next_dagrun for example_skip_dag to 2025-02-07 00:00:00+00:00, run_after=2025-02-08 00:00:00+00:00
[2025-02-08T13:25:25.306+0000] {processor.py:183} INFO - Processing /home/airflow/.local/lib/python3.8/site-packages/airflow/example_dags/example_skip_dag.py took 0.320 seconds
[2025-02-08T13:25:55.608+0000] {processor.py:161} INFO - Started process (PID=2065) to work on /home/airflow/.local/lib/python3.8/site-packages/airflow/example_dags/example_skip_dag.py
[2025-02-08T13:25:55.610+0000] {processor.py:830} INFO - Processing file /home/airflow/.local/lib/python3.8/site-packages/airflow/example_dags/example_skip_dag.py for tasks to queue
[2025-02-08T13:25:55.613+0000] {logging_mixin.py:188} INFO - [2025-02-08T13:25:55.613+0000] {dagbag.py:538} INFO - Filling up the DagBag from /home/airflow/.local/lib/python3.8/site-packages/airflow/example_dags/example_skip_dag.py
[2025-02-08T13:25:55.630+0000] {processor.py:840} INFO - DAG(s) 'example_skip_dag' retrieved from /home/airflow/.local/lib/python3.8/site-packages/airflow/example_dags/example_skip_dag.py
[2025-02-08T13:25:55.666+0000] {logging_mixin.py:188} INFO - [2025-02-08T13:25:55.666+0000] {dag.py:3036} INFO - Sync 1 DAGs
[2025-02-08T13:25:55.708+0000] {logging_mixin.py:188} INFO - [2025-02-08T13:25:55.708+0000] {dag.py:3823} INFO - Setting next_dagrun for example_skip_dag to 2025-02-07 00:00:00+00:00, run_after=2025-02-08 00:00:00+00:00
[2025-02-08T13:25:55.743+0000] {processor.py:183} INFO - Processing /home/airflow/.local/lib/python3.8/site-packages/airflow/example_dags/example_skip_dag.py took 0.139 seconds
[2025-02-08T13:26:28.114+0000] {processor.py:161} INFO - Started process (PID=2129) to work on /home/airflow/.local/lib/python3.8/site-packages/airflow/example_dags/example_skip_dag.py
[2025-02-08T13:26:28.117+0000] {processor.py:830} INFO - Processing file /home/airflow/.local/lib/python3.8/site-packages/airflow/example_dags/example_skip_dag.py for tasks to queue
[2025-02-08T13:26:28.130+0000] {logging_mixin.py:188} INFO - [2025-02-08T13:26:28.129+0000] {dagbag.py:538} INFO - Filling up the DagBag from /home/airflow/.local/lib/python3.8/site-packages/airflow/example_dags/example_skip_dag.py
[2025-02-08T13:26:28.163+0000] {processor.py:840} INFO - DAG(s) 'example_skip_dag' retrieved from /home/airflow/.local/lib/python3.8/site-packages/airflow/example_dags/example_skip_dag.py
[2025-02-08T13:26:28.294+0000] {logging_mixin.py:188} INFO - [2025-02-08T13:26:28.293+0000] {dag.py:3036} INFO - Sync 1 DAGs
[2025-02-08T13:26:28.377+0000] {logging_mixin.py:188} INFO - [2025-02-08T13:26:28.377+0000] {dag.py:3823} INFO - Setting next_dagrun for example_skip_dag to 2025-02-07 00:00:00+00:00, run_after=2025-02-08 00:00:00+00:00
[2025-02-08T13:26:28.514+0000] {processor.py:183} INFO - Processing /home/airflow/.local/lib/python3.8/site-packages/airflow/example_dags/example_skip_dag.py took 0.413 seconds
[2025-02-08T13:27:00.709+0000] {processor.py:161} INFO - Started process (PID=2194) to work on /home/airflow/.local/lib/python3.8/site-packages/airflow/example_dags/example_skip_dag.py
[2025-02-08T13:27:00.712+0000] {processor.py:830} INFO - Processing file /home/airflow/.local/lib/python3.8/site-packages/airflow/example_dags/example_skip_dag.py for tasks to queue
[2025-02-08T13:27:00.716+0000] {logging_mixin.py:188} INFO - [2025-02-08T13:27:00.716+0000] {dagbag.py:538} INFO - Filling up the DagBag from /home/airflow/.local/lib/python3.8/site-packages/airflow/example_dags/example_skip_dag.py
[2025-02-08T13:27:00.741+0000] {processor.py:840} INFO - DAG(s) 'example_skip_dag' retrieved from /home/airflow/.local/lib/python3.8/site-packages/airflow/example_dags/example_skip_dag.py
[2025-02-08T13:27:00.828+0000] {logging_mixin.py:188} INFO - [2025-02-08T13:27:00.827+0000] {dag.py:3036} INFO - Sync 1 DAGs
[2025-02-08T13:27:01.147+0000] {logging_mixin.py:188} INFO - [2025-02-08T13:27:01.147+0000] {dag.py:3823} INFO - Setting next_dagrun for example_skip_dag to 2025-02-07 00:00:00+00:00, run_after=2025-02-08 00:00:00+00:00
[2025-02-08T13:27:01.316+0000] {processor.py:183} INFO - Processing /home/airflow/.local/lib/python3.8/site-packages/airflow/example_dags/example_skip_dag.py took 0.614 seconds
[2025-02-08T13:27:32.137+0000] {processor.py:161} INFO - Started process (PID=2259) to work on /home/airflow/.local/lib/python3.8/site-packages/airflow/example_dags/example_skip_dag.py
[2025-02-08T13:27:32.138+0000] {processor.py:830} INFO - Processing file /home/airflow/.local/lib/python3.8/site-packages/airflow/example_dags/example_skip_dag.py for tasks to queue
[2025-02-08T13:27:32.141+0000] {logging_mixin.py:188} INFO - [2025-02-08T13:27:32.141+0000] {dagbag.py:538} INFO - Filling up the DagBag from /home/airflow/.local/lib/python3.8/site-packages/airflow/example_dags/example_skip_dag.py
[2025-02-08T13:27:32.170+0000] {processor.py:840} INFO - DAG(s) 'example_skip_dag' retrieved from /home/airflow/.local/lib/python3.8/site-packages/airflow/example_dags/example_skip_dag.py
[2025-02-08T13:27:32.231+0000] {logging_mixin.py:188} INFO - [2025-02-08T13:27:32.230+0000] {dag.py:3036} INFO - Sync 1 DAGs
[2025-02-08T13:27:32.286+0000] {logging_mixin.py:188} INFO - [2025-02-08T13:27:32.284+0000] {dag.py:3823} INFO - Setting next_dagrun for example_skip_dag to 2025-02-07 00:00:00+00:00, run_after=2025-02-08 00:00:00+00:00
[2025-02-08T13:27:32.333+0000] {processor.py:183} INFO - Processing /home/airflow/.local/lib/python3.8/site-packages/airflow/example_dags/example_skip_dag.py took 0.207 seconds
[2025-02-08T13:28:03.129+0000] {processor.py:161} INFO - Started process (PID=2323) to work on /home/airflow/.local/lib/python3.8/site-packages/airflow/example_dags/example_skip_dag.py
[2025-02-08T13:28:03.131+0000] {processor.py:830} INFO - Processing file /home/airflow/.local/lib/python3.8/site-packages/airflow/example_dags/example_skip_dag.py for tasks to queue
[2025-02-08T13:28:03.139+0000] {logging_mixin.py:188} INFO - [2025-02-08T13:28:03.138+0000] {dagbag.py:538} INFO - Filling up the DagBag from /home/airflow/.local/lib/python3.8/site-packages/airflow/example_dags/example_skip_dag.py
[2025-02-08T13:28:03.160+0000] {processor.py:840} INFO - DAG(s) 'example_skip_dag' retrieved from /home/airflow/.local/lib/python3.8/site-packages/airflow/example_dags/example_skip_dag.py
[2025-02-08T13:28:03.222+0000] {logging_mixin.py:188} INFO - [2025-02-08T13:28:03.221+0000] {dag.py:3036} INFO - Sync 1 DAGs
[2025-02-08T13:28:03.273+0000] {logging_mixin.py:188} INFO - [2025-02-08T13:28:03.272+0000] {dag.py:3823} INFO - Setting next_dagrun for example_skip_dag to 2025-02-07 00:00:00+00:00, run_after=2025-02-08 00:00:00+00:00
[2025-02-08T13:28:03.333+0000] {processor.py:183} INFO - Processing /home/airflow/.local/lib/python3.8/site-packages/airflow/example_dags/example_skip_dag.py took 0.219 seconds
[2025-02-08T13:28:33.952+0000] {processor.py:161} INFO - Started process (PID=2388) to work on /home/airflow/.local/lib/python3.8/site-packages/airflow/example_dags/example_skip_dag.py
[2025-02-08T13:28:33.957+0000] {processor.py:830} INFO - Processing file /home/airflow/.local/lib/python3.8/site-packages/airflow/example_dags/example_skip_dag.py for tasks to queue
[2025-02-08T13:28:33.980+0000] {logging_mixin.py:188} INFO - [2025-02-08T13:28:33.976+0000] {dagbag.py:538} INFO - Filling up the DagBag from /home/airflow/.local/lib/python3.8/site-packages/airflow/example_dags/example_skip_dag.py
[2025-02-08T13:28:34.151+0000] {processor.py:840} INFO - DAG(s) 'example_skip_dag' retrieved from /home/airflow/.local/lib/python3.8/site-packages/airflow/example_dags/example_skip_dag.py
[2025-02-08T13:28:34.605+0000] {logging_mixin.py:188} INFO - [2025-02-08T13:28:34.604+0000] {dag.py:3036} INFO - Sync 1 DAGs
[2025-02-08T13:28:34.964+0000] {logging_mixin.py:188} INFO - [2025-02-08T13:28:34.963+0000] {dag.py:3823} INFO - Setting next_dagrun for example_skip_dag to 2025-02-07 00:00:00+00:00, run_after=2025-02-08 00:00:00+00:00
[2025-02-08T13:28:35.086+0000] {processor.py:183} INFO - Processing /home/airflow/.local/lib/python3.8/site-packages/airflow/example_dags/example_skip_dag.py took 1.156 seconds
[2025-02-08T13:29:05.728+0000] {processor.py:161} INFO - Started process (PID=2444) to work on /home/airflow/.local/lib/python3.8/site-packages/airflow/example_dags/example_skip_dag.py
[2025-02-08T13:29:05.730+0000] {processor.py:830} INFO - Processing file /home/airflow/.local/lib/python3.8/site-packages/airflow/example_dags/example_skip_dag.py for tasks to queue
[2025-02-08T13:29:05.739+0000] {logging_mixin.py:188} INFO - [2025-02-08T13:29:05.739+0000] {dagbag.py:538} INFO - Filling up the DagBag from /home/airflow/.local/lib/python3.8/site-packages/airflow/example_dags/example_skip_dag.py
[2025-02-08T13:29:05.750+0000] {processor.py:840} INFO - DAG(s) 'example_skip_dag' retrieved from /home/airflow/.local/lib/python3.8/site-packages/airflow/example_dags/example_skip_dag.py
[2025-02-08T13:29:05.800+0000] {logging_mixin.py:188} INFO - [2025-02-08T13:29:05.800+0000] {dag.py:3036} INFO - Sync 1 DAGs
[2025-02-08T13:29:05.852+0000] {logging_mixin.py:188} INFO - [2025-02-08T13:29:05.852+0000] {dag.py:3823} INFO - Setting next_dagrun for example_skip_dag to 2025-02-07 00:00:00+00:00, run_after=2025-02-08 00:00:00+00:00
[2025-02-08T13:29:05.913+0000] {processor.py:183} INFO - Processing /home/airflow/.local/lib/python3.8/site-packages/airflow/example_dags/example_skip_dag.py took 0.191 seconds
[2025-02-08T13:29:36.402+0000] {processor.py:161} INFO - Started process (PID=2509) to work on /home/airflow/.local/lib/python3.8/site-packages/airflow/example_dags/example_skip_dag.py
[2025-02-08T13:29:36.405+0000] {processor.py:830} INFO - Processing file /home/airflow/.local/lib/python3.8/site-packages/airflow/example_dags/example_skip_dag.py for tasks to queue
[2025-02-08T13:29:36.410+0000] {logging_mixin.py:188} INFO - [2025-02-08T13:29:36.409+0000] {dagbag.py:538} INFO - Filling up the DagBag from /home/airflow/.local/lib/python3.8/site-packages/airflow/example_dags/example_skip_dag.py
[2025-02-08T13:29:36.428+0000] {processor.py:840} INFO - DAG(s) 'example_skip_dag' retrieved from /home/airflow/.local/lib/python3.8/site-packages/airflow/example_dags/example_skip_dag.py
[2025-02-08T13:29:36.533+0000] {logging_mixin.py:188} INFO - [2025-02-08T13:29:36.528+0000] {dag.py:3036} INFO - Sync 1 DAGs
[2025-02-08T13:29:36.630+0000] {logging_mixin.py:188} INFO - [2025-02-08T13:29:36.629+0000] {dag.py:3823} INFO - Setting next_dagrun for example_skip_dag to 2025-02-07 00:00:00+00:00, run_after=2025-02-08 00:00:00+00:00
[2025-02-08T13:29:36.684+0000] {processor.py:183} INFO - Processing /home/airflow/.local/lib/python3.8/site-packages/airflow/example_dags/example_skip_dag.py took 0.291 seconds
[2025-02-08T13:30:07.420+0000] {processor.py:161} INFO - Started process (PID=2574) to work on /home/airflow/.local/lib/python3.8/site-packages/airflow/example_dags/example_skip_dag.py
[2025-02-08T13:30:07.425+0000] {processor.py:830} INFO - Processing file /home/airflow/.local/lib/python3.8/site-packages/airflow/example_dags/example_skip_dag.py for tasks to queue
[2025-02-08T13:30:07.431+0000] {logging_mixin.py:188} INFO - [2025-02-08T13:30:07.431+0000] {dagbag.py:538} INFO - Filling up the DagBag from /home/airflow/.local/lib/python3.8/site-packages/airflow/example_dags/example_skip_dag.py
[2025-02-08T13:30:07.451+0000] {processor.py:840} INFO - DAG(s) 'example_skip_dag' retrieved from /home/airflow/.local/lib/python3.8/site-packages/airflow/example_dags/example_skip_dag.py
[2025-02-08T13:30:07.563+0000] {logging_mixin.py:188} INFO - [2025-02-08T13:30:07.563+0000] {dag.py:3036} INFO - Sync 1 DAGs
[2025-02-08T13:30:07.664+0000] {logging_mixin.py:188} INFO - [2025-02-08T13:30:07.663+0000] {dag.py:3823} INFO - Setting next_dagrun for example_skip_dag to 2025-02-07 00:00:00+00:00, run_after=2025-02-08 00:00:00+00:00
[2025-02-08T13:30:07.716+0000] {processor.py:183} INFO - Processing /home/airflow/.local/lib/python3.8/site-packages/airflow/example_dags/example_skip_dag.py took 0.304 seconds
[2025-02-08T13:30:38.599+0000] {processor.py:161} INFO - Started process (PID=2638) to work on /home/airflow/.local/lib/python3.8/site-packages/airflow/example_dags/example_skip_dag.py
[2025-02-08T13:30:38.617+0000] {processor.py:830} INFO - Processing file /home/airflow/.local/lib/python3.8/site-packages/airflow/example_dags/example_skip_dag.py for tasks to queue
[2025-02-08T13:30:38.632+0000] {logging_mixin.py:188} INFO - [2025-02-08T13:30:38.631+0000] {dagbag.py:538} INFO - Filling up the DagBag from /home/airflow/.local/lib/python3.8/site-packages/airflow/example_dags/example_skip_dag.py
[2025-02-08T13:30:38.675+0000] {processor.py:840} INFO - DAG(s) 'example_skip_dag' retrieved from /home/airflow/.local/lib/python3.8/site-packages/airflow/example_dags/example_skip_dag.py
[2025-02-08T13:30:38.779+0000] {logging_mixin.py:188} INFO - [2025-02-08T13:30:38.778+0000] {dag.py:3036} INFO - Sync 1 DAGs
[2025-02-08T13:30:38.862+0000] {logging_mixin.py:188} INFO - [2025-02-08T13:30:38.862+0000] {dag.py:3823} INFO - Setting next_dagrun for example_skip_dag to 2025-02-07 00:00:00+00:00, run_after=2025-02-08 00:00:00+00:00
[2025-02-08T13:30:38.993+0000] {processor.py:183} INFO - Processing /home/airflow/.local/lib/python3.8/site-packages/airflow/example_dags/example_skip_dag.py took 0.427 seconds
[2025-02-08T13:31:09.321+0000] {processor.py:161} INFO - Started process (PID=2694) to work on /home/airflow/.local/lib/python3.8/site-packages/airflow/example_dags/example_skip_dag.py
[2025-02-08T13:31:09.322+0000] {processor.py:830} INFO - Processing file /home/airflow/.local/lib/python3.8/site-packages/airflow/example_dags/example_skip_dag.py for tasks to queue
[2025-02-08T13:31:09.326+0000] {logging_mixin.py:188} INFO - [2025-02-08T13:31:09.326+0000] {dagbag.py:538} INFO - Filling up the DagBag from /home/airflow/.local/lib/python3.8/site-packages/airflow/example_dags/example_skip_dag.py
[2025-02-08T13:31:09.341+0000] {processor.py:840} INFO - DAG(s) 'example_skip_dag' retrieved from /home/airflow/.local/lib/python3.8/site-packages/airflow/example_dags/example_skip_dag.py
[2025-02-08T13:31:09.391+0000] {logging_mixin.py:188} INFO - [2025-02-08T13:31:09.391+0000] {dag.py:3036} INFO - Sync 1 DAGs
[2025-02-08T13:31:09.452+0000] {logging_mixin.py:188} INFO - [2025-02-08T13:31:09.451+0000] {dag.py:3823} INFO - Setting next_dagrun for example_skip_dag to 2025-02-07 00:00:00+00:00, run_after=2025-02-08 00:00:00+00:00
[2025-02-08T13:31:09.493+0000] {processor.py:183} INFO - Processing /home/airflow/.local/lib/python3.8/site-packages/airflow/example_dags/example_skip_dag.py took 0.184 seconds
[2025-02-08T13:31:39.892+0000] {processor.py:161} INFO - Started process (PID=2760) to work on /home/airflow/.local/lib/python3.8/site-packages/airflow/example_dags/example_skip_dag.py
[2025-02-08T13:31:39.893+0000] {processor.py:830} INFO - Processing file /home/airflow/.local/lib/python3.8/site-packages/airflow/example_dags/example_skip_dag.py for tasks to queue
[2025-02-08T13:31:39.899+0000] {logging_mixin.py:188} INFO - [2025-02-08T13:31:39.896+0000] {dagbag.py:538} INFO - Filling up the DagBag from /home/airflow/.local/lib/python3.8/site-packages/airflow/example_dags/example_skip_dag.py
[2025-02-08T13:31:39.911+0000] {processor.py:840} INFO - DAG(s) 'example_skip_dag' retrieved from /home/airflow/.local/lib/python3.8/site-packages/airflow/example_dags/example_skip_dag.py
[2025-02-08T13:31:39.956+0000] {logging_mixin.py:188} INFO - [2025-02-08T13:31:39.955+0000] {dag.py:3036} INFO - Sync 1 DAGs
[2025-02-08T13:31:40.005+0000] {logging_mixin.py:188} INFO - [2025-02-08T13:31:40.004+0000] {dag.py:3823} INFO - Setting next_dagrun for example_skip_dag to 2025-02-07 00:00:00+00:00, run_after=2025-02-08 00:00:00+00:00
[2025-02-08T13:31:40.066+0000] {processor.py:183} INFO - Processing /home/airflow/.local/lib/python3.8/site-packages/airflow/example_dags/example_skip_dag.py took 0.181 seconds
[2025-02-08T13:32:10.806+0000] {processor.py:161} INFO - Started process (PID=2825) to work on /home/airflow/.local/lib/python3.8/site-packages/airflow/example_dags/example_skip_dag.py
[2025-02-08T13:32:10.811+0000] {processor.py:830} INFO - Processing file /home/airflow/.local/lib/python3.8/site-packages/airflow/example_dags/example_skip_dag.py for tasks to queue
[2025-02-08T13:32:10.814+0000] {logging_mixin.py:188} INFO - [2025-02-08T13:32:10.813+0000] {dagbag.py:538} INFO - Filling up the DagBag from /home/airflow/.local/lib/python3.8/site-packages/airflow/example_dags/example_skip_dag.py
[2025-02-08T13:32:10.831+0000] {processor.py:840} INFO - DAG(s) 'example_skip_dag' retrieved from /home/airflow/.local/lib/python3.8/site-packages/airflow/example_dags/example_skip_dag.py
[2025-02-08T13:32:10.880+0000] {logging_mixin.py:188} INFO - [2025-02-08T13:32:10.879+0000] {dag.py:3036} INFO - Sync 1 DAGs
[2025-02-08T13:32:10.925+0000] {logging_mixin.py:188} INFO - [2025-02-08T13:32:10.923+0000] {dag.py:3823} INFO - Setting next_dagrun for example_skip_dag to 2025-02-07 00:00:00+00:00, run_after=2025-02-08 00:00:00+00:00
[2025-02-08T13:32:10.978+0000] {processor.py:183} INFO - Processing /home/airflow/.local/lib/python3.8/site-packages/airflow/example_dags/example_skip_dag.py took 0.179 seconds
[2025-02-08T13:32:41.577+0000] {processor.py:161} INFO - Started process (PID=2889) to work on /home/airflow/.local/lib/python3.8/site-packages/airflow/example_dags/example_skip_dag.py
[2025-02-08T13:32:41.581+0000] {processor.py:830} INFO - Processing file /home/airflow/.local/lib/python3.8/site-packages/airflow/example_dags/example_skip_dag.py for tasks to queue
[2025-02-08T13:32:41.596+0000] {logging_mixin.py:188} INFO - [2025-02-08T13:32:41.595+0000] {dagbag.py:538} INFO - Filling up the DagBag from /home/airflow/.local/lib/python3.8/site-packages/airflow/example_dags/example_skip_dag.py
[2025-02-08T13:32:41.614+0000] {processor.py:840} INFO - DAG(s) 'example_skip_dag' retrieved from /home/airflow/.local/lib/python3.8/site-packages/airflow/example_dags/example_skip_dag.py
[2025-02-08T13:32:41.710+0000] {logging_mixin.py:188} INFO - [2025-02-08T13:32:41.710+0000] {dag.py:3036} INFO - Sync 1 DAGs
[2025-02-08T13:32:41.768+0000] {logging_mixin.py:188} INFO - [2025-02-08T13:32:41.768+0000] {dag.py:3823} INFO - Setting next_dagrun for example_skip_dag to 2025-02-07 00:00:00+00:00, run_after=2025-02-08 00:00:00+00:00
[2025-02-08T13:32:41.833+0000] {processor.py:183} INFO - Processing /home/airflow/.local/lib/python3.8/site-packages/airflow/example_dags/example_skip_dag.py took 0.296 seconds
[2025-02-08T13:33:12.110+0000] {processor.py:161} INFO - Started process (PID=2952) to work on /home/airflow/.local/lib/python3.8/site-packages/airflow/example_dags/example_skip_dag.py
[2025-02-08T13:33:12.113+0000] {processor.py:830} INFO - Processing file /home/airflow/.local/lib/python3.8/site-packages/airflow/example_dags/example_skip_dag.py for tasks to queue
[2025-02-08T13:33:12.126+0000] {logging_mixin.py:188} INFO - [2025-02-08T13:33:12.125+0000] {dagbag.py:538} INFO - Filling up the DagBag from /home/airflow/.local/lib/python3.8/site-packages/airflow/example_dags/example_skip_dag.py
[2025-02-08T13:33:12.152+0000] {processor.py:840} INFO - DAG(s) 'example_skip_dag' retrieved from /home/airflow/.local/lib/python3.8/site-packages/airflow/example_dags/example_skip_dag.py
[2025-02-08T13:33:12.214+0000] {logging_mixin.py:188} INFO - [2025-02-08T13:33:12.214+0000] {dag.py:3036} INFO - Sync 1 DAGs
[2025-02-08T13:33:12.283+0000] {logging_mixin.py:188} INFO - [2025-02-08T13:33:12.283+0000] {dag.py:3823} INFO - Setting next_dagrun for example_skip_dag to 2025-02-07 00:00:00+00:00, run_after=2025-02-08 00:00:00+00:00
[2025-02-08T13:33:12.333+0000] {processor.py:183} INFO - Processing /home/airflow/.local/lib/python3.8/site-packages/airflow/example_dags/example_skip_dag.py took 0.230 seconds
[2025-02-08T13:33:42.668+0000] {processor.py:161} INFO - Started process (PID=3017) to work on /home/airflow/.local/lib/python3.8/site-packages/airflow/example_dags/example_skip_dag.py
[2025-02-08T13:33:42.670+0000] {processor.py:830} INFO - Processing file /home/airflow/.local/lib/python3.8/site-packages/airflow/example_dags/example_skip_dag.py for tasks to queue
[2025-02-08T13:33:42.681+0000] {logging_mixin.py:188} INFO - [2025-02-08T13:33:42.681+0000] {dagbag.py:538} INFO - Filling up the DagBag from /home/airflow/.local/lib/python3.8/site-packages/airflow/example_dags/example_skip_dag.py
[2025-02-08T13:33:42.697+0000] {processor.py:840} INFO - DAG(s) 'example_skip_dag' retrieved from /home/airflow/.local/lib/python3.8/site-packages/airflow/example_dags/example_skip_dag.py
[2025-02-08T13:33:42.770+0000] {logging_mixin.py:188} INFO - [2025-02-08T13:33:42.769+0000] {dag.py:3036} INFO - Sync 1 DAGs
[2025-02-08T13:33:43.140+0000] {logging_mixin.py:188} INFO - [2025-02-08T13:33:43.139+0000] {dag.py:3823} INFO - Setting next_dagrun for example_skip_dag to 2025-02-07 00:00:00+00:00, run_after=2025-02-08 00:00:00+00:00
[2025-02-08T13:33:43.198+0000] {processor.py:183} INFO - Processing /home/airflow/.local/lib/python3.8/site-packages/airflow/example_dags/example_skip_dag.py took 0.538 seconds
[2025-02-08T13:34:13.649+0000] {processor.py:161} INFO - Started process (PID=3082) to work on /home/airflow/.local/lib/python3.8/site-packages/airflow/example_dags/example_skip_dag.py
[2025-02-08T13:34:13.656+0000] {processor.py:830} INFO - Processing file /home/airflow/.local/lib/python3.8/site-packages/airflow/example_dags/example_skip_dag.py for tasks to queue
[2025-02-08T13:34:13.665+0000] {logging_mixin.py:188} INFO - [2025-02-08T13:34:13.664+0000] {dagbag.py:538} INFO - Filling up the DagBag from /home/airflow/.local/lib/python3.8/site-packages/airflow/example_dags/example_skip_dag.py
[2025-02-08T13:34:13.685+0000] {processor.py:840} INFO - DAG(s) 'example_skip_dag' retrieved from /home/airflow/.local/lib/python3.8/site-packages/airflow/example_dags/example_skip_dag.py
[2025-02-08T13:34:13.737+0000] {logging_mixin.py:188} INFO - [2025-02-08T13:34:13.736+0000] {dag.py:3036} INFO - Sync 1 DAGs
[2025-02-08T13:34:13.813+0000] {logging_mixin.py:188} INFO - [2025-02-08T13:34:13.812+0000] {dag.py:3823} INFO - Setting next_dagrun for example_skip_dag to 2025-02-07 00:00:00+00:00, run_after=2025-02-08 00:00:00+00:00
[2025-02-08T13:34:14.193+0000] {processor.py:183} INFO - Processing /home/airflow/.local/lib/python3.8/site-packages/airflow/example_dags/example_skip_dag.py took 0.555 seconds
[2025-02-08T13:34:47.749+0000] {processor.py:161} INFO - Started process (PID=3147) to work on /home/airflow/.local/lib/python3.8/site-packages/airflow/example_dags/example_skip_dag.py
[2025-02-08T13:34:47.752+0000] {processor.py:830} INFO - Processing file /home/airflow/.local/lib/python3.8/site-packages/airflow/example_dags/example_skip_dag.py for tasks to queue
[2025-02-08T13:34:47.757+0000] {logging_mixin.py:188} INFO - [2025-02-08T13:34:47.756+0000] {dagbag.py:538} INFO - Filling up the DagBag from /home/airflow/.local/lib/python3.8/site-packages/airflow/example_dags/example_skip_dag.py
[2025-02-08T13:34:47.787+0000] {processor.py:840} INFO - DAG(s) 'example_skip_dag' retrieved from /home/airflow/.local/lib/python3.8/site-packages/airflow/example_dags/example_skip_dag.py
[2025-02-08T13:34:47.915+0000] {logging_mixin.py:188} INFO - [2025-02-08T13:34:47.906+0000] {dag.py:3036} INFO - Sync 1 DAGs
[2025-02-08T13:34:48.068+0000] {logging_mixin.py:188} INFO - [2025-02-08T13:34:48.067+0000] {dag.py:3823} INFO - Setting next_dagrun for example_skip_dag to 2025-02-07 00:00:00+00:00, run_after=2025-02-08 00:00:00+00:00
[2025-02-08T13:34:48.213+0000] {processor.py:183} INFO - Processing /home/airflow/.local/lib/python3.8/site-packages/airflow/example_dags/example_skip_dag.py took 0.479 seconds
[2025-02-08T13:35:39.873+0000] {processor.py:161} INFO - Started process (PID=3217) to work on /home/airflow/.local/lib/python3.8/site-packages/airflow/example_dags/example_skip_dag.py
[2025-02-08T13:35:39.880+0000] {processor.py:830} INFO - Processing file /home/airflow/.local/lib/python3.8/site-packages/airflow/example_dags/example_skip_dag.py for tasks to queue
[2025-02-08T13:35:39.885+0000] {logging_mixin.py:188} INFO - [2025-02-08T13:35:39.884+0000] {dagbag.py:538} INFO - Filling up the DagBag from /home/airflow/.local/lib/python3.8/site-packages/airflow/example_dags/example_skip_dag.py
[2025-02-08T13:35:39.920+0000] {processor.py:840} INFO - DAG(s) 'example_skip_dag' retrieved from /home/airflow/.local/lib/python3.8/site-packages/airflow/example_dags/example_skip_dag.py
[2025-02-08T13:35:40.007+0000] {logging_mixin.py:188} INFO - [2025-02-08T13:35:40.006+0000] {dag.py:3036} INFO - Sync 1 DAGs
[2025-02-08T13:35:40.082+0000] {logging_mixin.py:188} INFO - [2025-02-08T13:35:40.081+0000] {dag.py:3823} INFO - Setting next_dagrun for example_skip_dag to 2025-02-07 00:00:00+00:00, run_after=2025-02-08 00:00:00+00:00
[2025-02-08T13:35:40.168+0000] {processor.py:183} INFO - Processing /home/airflow/.local/lib/python3.8/site-packages/airflow/example_dags/example_skip_dag.py took 0.308 seconds
[2025-02-08T13:36:12.939+0000] {processor.py:161} INFO - Started process (PID=3282) to work on /home/airflow/.local/lib/python3.8/site-packages/airflow/example_dags/example_skip_dag.py
[2025-02-08T13:36:12.951+0000] {processor.py:830} INFO - Processing file /home/airflow/.local/lib/python3.8/site-packages/airflow/example_dags/example_skip_dag.py for tasks to queue
[2025-02-08T13:36:12.967+0000] {logging_mixin.py:188} INFO - [2025-02-08T13:36:12.966+0000] {dagbag.py:538} INFO - Filling up the DagBag from /home/airflow/.local/lib/python3.8/site-packages/airflow/example_dags/example_skip_dag.py
[2025-02-08T13:36:12.989+0000] {processor.py:840} INFO - DAG(s) 'example_skip_dag' retrieved from /home/airflow/.local/lib/python3.8/site-packages/airflow/example_dags/example_skip_dag.py
[2025-02-08T13:36:13.072+0000] {logging_mixin.py:188} INFO - [2025-02-08T13:36:13.072+0000] {dag.py:3036} INFO - Sync 1 DAGs
[2025-02-08T13:36:13.138+0000] {logging_mixin.py:188} INFO - [2025-02-08T13:36:13.137+0000] {dag.py:3823} INFO - Setting next_dagrun for example_skip_dag to 2025-02-07 00:00:00+00:00, run_after=2025-02-08 00:00:00+00:00
[2025-02-08T13:36:13.216+0000] {processor.py:183} INFO - Processing /home/airflow/.local/lib/python3.8/site-packages/airflow/example_dags/example_skip_dag.py took 0.298 seconds
[2025-02-08T13:36:44.563+0000] {processor.py:161} INFO - Started process (PID=3347) to work on /home/airflow/.local/lib/python3.8/site-packages/airflow/example_dags/example_skip_dag.py
[2025-02-08T13:36:44.567+0000] {processor.py:830} INFO - Processing file /home/airflow/.local/lib/python3.8/site-packages/airflow/example_dags/example_skip_dag.py for tasks to queue
[2025-02-08T13:36:44.572+0000] {logging_mixin.py:188} INFO - [2025-02-08T13:36:44.572+0000] {dagbag.py:538} INFO - Filling up the DagBag from /home/airflow/.local/lib/python3.8/site-packages/airflow/example_dags/example_skip_dag.py
[2025-02-08T13:36:44.594+0000] {processor.py:840} INFO - DAG(s) 'example_skip_dag' retrieved from /home/airflow/.local/lib/python3.8/site-packages/airflow/example_dags/example_skip_dag.py
[2025-02-08T13:36:45.104+0000] {logging_mixin.py:188} INFO - [2025-02-08T13:36:45.104+0000] {dag.py:3036} INFO - Sync 1 DAGs
[2025-02-08T13:36:45.171+0000] {logging_mixin.py:188} INFO - [2025-02-08T13:36:45.171+0000] {dag.py:3823} INFO - Setting next_dagrun for example_skip_dag to 2025-02-07 00:00:00+00:00, run_after=2025-02-08 00:00:00+00:00
[2025-02-08T13:36:45.253+0000] {processor.py:183} INFO - Processing /home/airflow/.local/lib/python3.8/site-packages/airflow/example_dags/example_skip_dag.py took 0.711 seconds
[2025-02-08T13:37:15.494+0000] {processor.py:161} INFO - Started process (PID=3412) to work on /home/airflow/.local/lib/python3.8/site-packages/airflow/example_dags/example_skip_dag.py
[2025-02-08T13:37:15.513+0000] {processor.py:830} INFO - Processing file /home/airflow/.local/lib/python3.8/site-packages/airflow/example_dags/example_skip_dag.py for tasks to queue
[2025-02-08T13:37:15.517+0000] {logging_mixin.py:188} INFO - [2025-02-08T13:37:15.516+0000] {dagbag.py:538} INFO - Filling up the DagBag from /home/airflow/.local/lib/python3.8/site-packages/airflow/example_dags/example_skip_dag.py
[2025-02-08T13:37:15.534+0000] {processor.py:840} INFO - DAG(s) 'example_skip_dag' retrieved from /home/airflow/.local/lib/python3.8/site-packages/airflow/example_dags/example_skip_dag.py
[2025-02-08T13:37:15.616+0000] {logging_mixin.py:188} INFO - [2025-02-08T13:37:15.616+0000] {dag.py:3036} INFO - Sync 1 DAGs
[2025-02-08T13:37:15.698+0000] {logging_mixin.py:188} INFO - [2025-02-08T13:37:15.697+0000] {dag.py:3823} INFO - Setting next_dagrun for example_skip_dag to 2025-02-07 00:00:00+00:00, run_after=2025-02-08 00:00:00+00:00
[2025-02-08T13:37:15.766+0000] {processor.py:183} INFO - Processing /home/airflow/.local/lib/python3.8/site-packages/airflow/example_dags/example_skip_dag.py took 0.287 seconds
[2025-02-08T13:37:45.926+0000] {processor.py:161} INFO - Started process (PID=3473) to work on /home/airflow/.local/lib/python3.8/site-packages/airflow/example_dags/example_skip_dag.py
[2025-02-08T13:37:45.939+0000] {processor.py:830} INFO - Processing file /home/airflow/.local/lib/python3.8/site-packages/airflow/example_dags/example_skip_dag.py for tasks to queue
[2025-02-08T13:37:45.956+0000] {logging_mixin.py:188} INFO - [2025-02-08T13:37:45.956+0000] {dagbag.py:538} INFO - Filling up the DagBag from /home/airflow/.local/lib/python3.8/site-packages/airflow/example_dags/example_skip_dag.py
[2025-02-08T13:37:45.985+0000] {processor.py:840} INFO - DAG(s) 'example_skip_dag' retrieved from /home/airflow/.local/lib/python3.8/site-packages/airflow/example_dags/example_skip_dag.py
[2025-02-08T13:37:46.071+0000] {logging_mixin.py:188} INFO - [2025-02-08T13:37:46.070+0000] {dag.py:3036} INFO - Sync 1 DAGs
[2025-02-08T13:37:46.153+0000] {logging_mixin.py:188} INFO - [2025-02-08T13:37:46.153+0000] {dag.py:3823} INFO - Setting next_dagrun for example_skip_dag to 2025-02-07 00:00:00+00:00, run_after=2025-02-08 00:00:00+00:00
[2025-02-08T13:37:46.220+0000] {processor.py:183} INFO - Processing /home/airflow/.local/lib/python3.8/site-packages/airflow/example_dags/example_skip_dag.py took 0.307 seconds
[2025-02-08T13:38:16.664+0000] {processor.py:161} INFO - Started process (PID=3538) to work on /home/airflow/.local/lib/python3.8/site-packages/airflow/example_dags/example_skip_dag.py
[2025-02-08T13:38:16.675+0000] {processor.py:830} INFO - Processing file /home/airflow/.local/lib/python3.8/site-packages/airflow/example_dags/example_skip_dag.py for tasks to queue
[2025-02-08T13:38:16.702+0000] {logging_mixin.py:188} INFO - [2025-02-08T13:38:16.702+0000] {dagbag.py:538} INFO - Filling up the DagBag from /home/airflow/.local/lib/python3.8/site-packages/airflow/example_dags/example_skip_dag.py
[2025-02-08T13:38:16.786+0000] {processor.py:840} INFO - DAG(s) 'example_skip_dag' retrieved from /home/airflow/.local/lib/python3.8/site-packages/airflow/example_dags/example_skip_dag.py
[2025-02-08T13:38:16.914+0000] {logging_mixin.py:188} INFO - [2025-02-08T13:38:16.914+0000] {dag.py:3036} INFO - Sync 1 DAGs
[2025-02-08T13:38:17.004+0000] {logging_mixin.py:188} INFO - [2025-02-08T13:38:17.004+0000] {dag.py:3823} INFO - Setting next_dagrun for example_skip_dag to 2025-02-07 00:00:00+00:00, run_after=2025-02-08 00:00:00+00:00
[2025-02-08T13:38:17.101+0000] {processor.py:183} INFO - Processing /home/airflow/.local/lib/python3.8/site-packages/airflow/example_dags/example_skip_dag.py took 0.471 seconds
[2025-02-08T13:38:47.418+0000] {processor.py:161} INFO - Started process (PID=3595) to work on /home/airflow/.local/lib/python3.8/site-packages/airflow/example_dags/example_skip_dag.py
[2025-02-08T13:38:47.422+0000] {processor.py:830} INFO - Processing file /home/airflow/.local/lib/python3.8/site-packages/airflow/example_dags/example_skip_dag.py for tasks to queue
[2025-02-08T13:38:47.431+0000] {logging_mixin.py:188} INFO - [2025-02-08T13:38:47.430+0000] {dagbag.py:538} INFO - Filling up the DagBag from /home/airflow/.local/lib/python3.8/site-packages/airflow/example_dags/example_skip_dag.py
[2025-02-08T13:38:47.449+0000] {processor.py:840} INFO - DAG(s) 'example_skip_dag' retrieved from /home/airflow/.local/lib/python3.8/site-packages/airflow/example_dags/example_skip_dag.py
[2025-02-08T13:38:47.529+0000] {logging_mixin.py:188} INFO - [2025-02-08T13:38:47.524+0000] {dag.py:3036} INFO - Sync 1 DAGs
[2025-02-08T13:38:47.597+0000] {logging_mixin.py:188} INFO - [2025-02-08T13:38:47.597+0000] {dag.py:3823} INFO - Setting next_dagrun for example_skip_dag to 2025-02-07 00:00:00+00:00, run_after=2025-02-08 00:00:00+00:00
[2025-02-08T13:38:47.652+0000] {processor.py:183} INFO - Processing /home/airflow/.local/lib/python3.8/site-packages/airflow/example_dags/example_skip_dag.py took 0.241 seconds
[2025-02-08T13:39:18.411+0000] {processor.py:161} INFO - Started process (PID=3660) to work on /home/airflow/.local/lib/python3.8/site-packages/airflow/example_dags/example_skip_dag.py
[2025-02-08T13:39:18.414+0000] {processor.py:830} INFO - Processing file /home/airflow/.local/lib/python3.8/site-packages/airflow/example_dags/example_skip_dag.py for tasks to queue
[2025-02-08T13:39:18.419+0000] {logging_mixin.py:188} INFO - [2025-02-08T13:39:18.418+0000] {dagbag.py:538} INFO - Filling up the DagBag from /home/airflow/.local/lib/python3.8/site-packages/airflow/example_dags/example_skip_dag.py
[2025-02-08T13:39:18.446+0000] {processor.py:840} INFO - DAG(s) 'example_skip_dag' retrieved from /home/airflow/.local/lib/python3.8/site-packages/airflow/example_dags/example_skip_dag.py
[2025-02-08T13:39:18.531+0000] {logging_mixin.py:188} INFO - [2025-02-08T13:39:18.530+0000] {dag.py:3036} INFO - Sync 1 DAGs
[2025-02-08T13:39:18.618+0000] {logging_mixin.py:188} INFO - [2025-02-08T13:39:18.618+0000] {dag.py:3823} INFO - Setting next_dagrun for example_skip_dag to 2025-02-07 00:00:00+00:00, run_after=2025-02-08 00:00:00+00:00
[2025-02-08T13:39:18.689+0000] {processor.py:183} INFO - Processing /home/airflow/.local/lib/python3.8/site-packages/airflow/example_dags/example_skip_dag.py took 0.289 seconds
[2025-02-08T13:39:49.230+0000] {processor.py:161} INFO - Started process (PID=3726) to work on /home/airflow/.local/lib/python3.8/site-packages/airflow/example_dags/example_skip_dag.py
[2025-02-08T13:39:49.233+0000] {processor.py:830} INFO - Processing file /home/airflow/.local/lib/python3.8/site-packages/airflow/example_dags/example_skip_dag.py for tasks to queue
[2025-02-08T13:39:49.239+0000] {logging_mixin.py:188} INFO - [2025-02-08T13:39:49.238+0000] {dagbag.py:538} INFO - Filling up the DagBag from /home/airflow/.local/lib/python3.8/site-packages/airflow/example_dags/example_skip_dag.py
[2025-02-08T13:39:49.283+0000] {processor.py:840} INFO - DAG(s) 'example_skip_dag' retrieved from /home/airflow/.local/lib/python3.8/site-packages/airflow/example_dags/example_skip_dag.py
[2025-02-08T13:39:49.389+0000] {logging_mixin.py:188} INFO - [2025-02-08T13:39:49.389+0000] {dag.py:3036} INFO - Sync 1 DAGs
[2025-02-08T13:39:49.485+0000] {logging_mixin.py:188} INFO - [2025-02-08T13:39:49.485+0000] {dag.py:3823} INFO - Setting next_dagrun for example_skip_dag to 2025-02-07 00:00:00+00:00, run_after=2025-02-08 00:00:00+00:00
[2025-02-08T13:39:49.561+0000] {processor.py:183} INFO - Processing /home/airflow/.local/lib/python3.8/site-packages/airflow/example_dags/example_skip_dag.py took 0.342 seconds
[2025-02-08T13:40:19.917+0000] {processor.py:161} INFO - Started process (PID=3791) to work on /home/airflow/.local/lib/python3.8/site-packages/airflow/example_dags/example_skip_dag.py
[2025-02-08T13:40:19.920+0000] {processor.py:830} INFO - Processing file /home/airflow/.local/lib/python3.8/site-packages/airflow/example_dags/example_skip_dag.py for tasks to queue
[2025-02-08T13:40:19.925+0000] {logging_mixin.py:188} INFO - [2025-02-08T13:40:19.924+0000] {dagbag.py:538} INFO - Filling up the DagBag from /home/airflow/.local/lib/python3.8/site-packages/airflow/example_dags/example_skip_dag.py
[2025-02-08T13:40:19.951+0000] {processor.py:840} INFO - DAG(s) 'example_skip_dag' retrieved from /home/airflow/.local/lib/python3.8/site-packages/airflow/example_dags/example_skip_dag.py
[2025-02-08T13:40:20.023+0000] {logging_mixin.py:188} INFO - [2025-02-08T13:40:20.023+0000] {dag.py:3036} INFO - Sync 1 DAGs
[2025-02-08T13:40:20.085+0000] {logging_mixin.py:188} INFO - [2025-02-08T13:40:20.085+0000] {dag.py:3823} INFO - Setting next_dagrun for example_skip_dag to 2025-02-07 00:00:00+00:00, run_after=2025-02-08 00:00:00+00:00
[2025-02-08T13:40:20.139+0000] {processor.py:183} INFO - Processing /home/airflow/.local/lib/python3.8/site-packages/airflow/example_dags/example_skip_dag.py took 0.234 seconds
[2025-02-08T13:41:36.079+0000] {processor.py:161} INFO - Started process (PID=3882) to work on /home/airflow/.local/lib/python3.8/site-packages/airflow/example_dags/example_skip_dag.py
[2025-02-08T13:41:36.132+0000] {processor.py:830} INFO - Processing file /home/airflow/.local/lib/python3.8/site-packages/airflow/example_dags/example_skip_dag.py for tasks to queue
[2025-02-08T13:41:36.140+0000] {logging_mixin.py:188} INFO - [2025-02-08T13:41:36.139+0000] {dagbag.py:538} INFO - Filling up the DagBag from /home/airflow/.local/lib/python3.8/site-packages/airflow/example_dags/example_skip_dag.py
[2025-02-08T13:41:36.205+0000] {processor.py:840} INFO - DAG(s) 'example_skip_dag' retrieved from /home/airflow/.local/lib/python3.8/site-packages/airflow/example_dags/example_skip_dag.py
[2025-02-08T13:41:36.370+0000] {logging_mixin.py:188} INFO - [2025-02-08T13:41:36.369+0000] {dag.py:3036} INFO - Sync 1 DAGs
[2025-02-08T13:41:36.573+0000] {logging_mixin.py:188} INFO - [2025-02-08T13:41:36.572+0000] {dag.py:3823} INFO - Setting next_dagrun for example_skip_dag to 2025-02-07 00:00:00+00:00, run_after=2025-02-08 00:00:00+00:00
[2025-02-08T13:41:37.409+0000] {processor.py:183} INFO - Processing /home/airflow/.local/lib/python3.8/site-packages/airflow/example_dags/example_skip_dag.py took 1.427 seconds
[2025-02-08T13:43:07.941+0000] {processor.py:161} INFO - Started process (PID=3977) to work on /home/airflow/.local/lib/python3.8/site-packages/airflow/example_dags/example_skip_dag.py
[2025-02-08T13:43:07.957+0000] {processor.py:830} INFO - Processing file /home/airflow/.local/lib/python3.8/site-packages/airflow/example_dags/example_skip_dag.py for tasks to queue
[2025-02-08T13:43:07.990+0000] {logging_mixin.py:188} INFO - [2025-02-08T13:43:07.989+0000] {dagbag.py:538} INFO - Filling up the DagBag from /home/airflow/.local/lib/python3.8/site-packages/airflow/example_dags/example_skip_dag.py
[2025-02-08T13:43:08.177+0000] {processor.py:840} INFO - DAG(s) 'example_skip_dag' retrieved from /home/airflow/.local/lib/python3.8/site-packages/airflow/example_dags/example_skip_dag.py
[2025-02-08T13:43:08.611+0000] {logging_mixin.py:188} INFO - [2025-02-08T13:43:08.610+0000] {dag.py:3036} INFO - Sync 1 DAGs
[2025-02-08T13:43:08.837+0000] {logging_mixin.py:188} INFO - [2025-02-08T13:43:08.837+0000] {dag.py:3823} INFO - Setting next_dagrun for example_skip_dag to 2025-02-07 00:00:00+00:00, run_after=2025-02-08 00:00:00+00:00
[2025-02-08T13:43:09.087+0000] {processor.py:183} INFO - Processing /home/airflow/.local/lib/python3.8/site-packages/airflow/example_dags/example_skip_dag.py took 1.168 seconds
[2025-02-08T13:43:40.004+0000] {processor.py:161} INFO - Started process (PID=4040) to work on /home/airflow/.local/lib/python3.8/site-packages/airflow/example_dags/example_skip_dag.py
[2025-02-08T13:43:40.013+0000] {processor.py:830} INFO - Processing file /home/airflow/.local/lib/python3.8/site-packages/airflow/example_dags/example_skip_dag.py for tasks to queue
[2025-02-08T13:43:40.030+0000] {logging_mixin.py:188} INFO - [2025-02-08T13:43:40.026+0000] {dagbag.py:538} INFO - Filling up the DagBag from /home/airflow/.local/lib/python3.8/site-packages/airflow/example_dags/example_skip_dag.py
[2025-02-08T13:43:40.057+0000] {processor.py:840} INFO - DAG(s) 'example_skip_dag' retrieved from /home/airflow/.local/lib/python3.8/site-packages/airflow/example_dags/example_skip_dag.py
[2025-02-08T13:43:40.197+0000] {logging_mixin.py:188} INFO - [2025-02-08T13:43:40.196+0000] {dag.py:3036} INFO - Sync 1 DAGs
[2025-02-08T13:43:40.317+0000] {logging_mixin.py:188} INFO - [2025-02-08T13:43:40.316+0000] {dag.py:3823} INFO - Setting next_dagrun for example_skip_dag to 2025-02-07 00:00:00+00:00, run_after=2025-02-08 00:00:00+00:00
[2025-02-08T13:43:40.756+0000] {processor.py:183} INFO - Processing /home/airflow/.local/lib/python3.8/site-packages/airflow/example_dags/example_skip_dag.py took 0.768 seconds
[2025-02-08T13:44:13.319+0000] {processor.py:161} INFO - Started process (PID=4097) to work on /home/airflow/.local/lib/python3.8/site-packages/airflow/example_dags/example_skip_dag.py
[2025-02-08T13:44:13.326+0000] {processor.py:830} INFO - Processing file /home/airflow/.local/lib/python3.8/site-packages/airflow/example_dags/example_skip_dag.py for tasks to queue
[2025-02-08T13:44:13.335+0000] {logging_mixin.py:188} INFO - [2025-02-08T13:44:13.334+0000] {dagbag.py:538} INFO - Filling up the DagBag from /home/airflow/.local/lib/python3.8/site-packages/airflow/example_dags/example_skip_dag.py
[2025-02-08T13:44:13.363+0000] {processor.py:840} INFO - DAG(s) 'example_skip_dag' retrieved from /home/airflow/.local/lib/python3.8/site-packages/airflow/example_dags/example_skip_dag.py
[2025-02-08T13:44:13.499+0000] {logging_mixin.py:188} INFO - [2025-02-08T13:44:13.494+0000] {dag.py:3036} INFO - Sync 1 DAGs
[2025-02-08T13:44:13.609+0000] {logging_mixin.py:188} INFO - [2025-02-08T13:44:13.609+0000] {dag.py:3823} INFO - Setting next_dagrun for example_skip_dag to 2025-02-07 00:00:00+00:00, run_after=2025-02-08 00:00:00+00:00
[2025-02-08T13:44:13.673+0000] {processor.py:183} INFO - Processing /home/airflow/.local/lib/python3.8/site-packages/airflow/example_dags/example_skip_dag.py took 0.366 seconds
[2025-02-08T13:44:44.094+0000] {processor.py:161} INFO - Started process (PID=4162) to work on /home/airflow/.local/lib/python3.8/site-packages/airflow/example_dags/example_skip_dag.py
[2025-02-08T13:44:44.097+0000] {processor.py:830} INFO - Processing file /home/airflow/.local/lib/python3.8/site-packages/airflow/example_dags/example_skip_dag.py for tasks to queue
[2025-02-08T13:44:44.104+0000] {logging_mixin.py:188} INFO - [2025-02-08T13:44:44.102+0000] {dagbag.py:538} INFO - Filling up the DagBag from /home/airflow/.local/lib/python3.8/site-packages/airflow/example_dags/example_skip_dag.py
[2025-02-08T13:44:44.135+0000] {processor.py:840} INFO - DAG(s) 'example_skip_dag' retrieved from /home/airflow/.local/lib/python3.8/site-packages/airflow/example_dags/example_skip_dag.py
[2025-02-08T13:44:44.204+0000] {logging_mixin.py:188} INFO - [2025-02-08T13:44:44.203+0000] {dag.py:3036} INFO - Sync 1 DAGs
[2025-02-08T13:44:44.285+0000] {logging_mixin.py:188} INFO - [2025-02-08T13:44:44.284+0000] {dag.py:3823} INFO - Setting next_dagrun for example_skip_dag to 2025-02-07 00:00:00+00:00, run_after=2025-02-08 00:00:00+00:00
[2025-02-08T13:44:44.357+0000] {processor.py:183} INFO - Processing /home/airflow/.local/lib/python3.8/site-packages/airflow/example_dags/example_skip_dag.py took 0.276 seconds
[2025-02-08T13:45:15.719+0000] {processor.py:161} INFO - Started process (PID=4218) to work on /home/airflow/.local/lib/python3.8/site-packages/airflow/example_dags/example_skip_dag.py
[2025-02-08T13:45:15.725+0000] {processor.py:830} INFO - Processing file /home/airflow/.local/lib/python3.8/site-packages/airflow/example_dags/example_skip_dag.py for tasks to queue
[2025-02-08T13:45:15.730+0000] {logging_mixin.py:188} INFO - [2025-02-08T13:45:15.729+0000] {dagbag.py:538} INFO - Filling up the DagBag from /home/airflow/.local/lib/python3.8/site-packages/airflow/example_dags/example_skip_dag.py
[2025-02-08T13:45:16.020+0000] {processor.py:840} INFO - DAG(s) 'example_skip_dag' retrieved from /home/airflow/.local/lib/python3.8/site-packages/airflow/example_dags/example_skip_dag.py
[2025-02-08T13:45:16.817+0000] {logging_mixin.py:188} INFO - [2025-02-08T13:45:16.817+0000] {dag.py:3036} INFO - Sync 1 DAGs
[2025-02-08T13:45:17.049+0000] {logging_mixin.py:188} INFO - [2025-02-08T13:45:17.048+0000] {dag.py:3823} INFO - Setting next_dagrun for example_skip_dag to 2025-02-07 00:00:00+00:00, run_after=2025-02-08 00:00:00+00:00
[2025-02-08T13:45:17.180+0000] {processor.py:183} INFO - Processing /home/airflow/.local/lib/python3.8/site-packages/airflow/example_dags/example_skip_dag.py took 1.491 seconds
[2025-02-08T13:45:47.385+0000] {processor.py:161} INFO - Started process (PID=4282) to work on /home/airflow/.local/lib/python3.8/site-packages/airflow/example_dags/example_skip_dag.py
[2025-02-08T13:45:47.407+0000] {processor.py:830} INFO - Processing file /home/airflow/.local/lib/python3.8/site-packages/airflow/example_dags/example_skip_dag.py for tasks to queue
[2025-02-08T13:45:47.415+0000] {logging_mixin.py:188} INFO - [2025-02-08T13:45:47.414+0000] {dagbag.py:538} INFO - Filling up the DagBag from /home/airflow/.local/lib/python3.8/site-packages/airflow/example_dags/example_skip_dag.py
[2025-02-08T13:45:47.588+0000] {processor.py:840} INFO - DAG(s) 'example_skip_dag' retrieved from /home/airflow/.local/lib/python3.8/site-packages/airflow/example_dags/example_skip_dag.py
[2025-02-08T13:45:47.742+0000] {logging_mixin.py:188} INFO - [2025-02-08T13:45:47.741+0000] {dag.py:3036} INFO - Sync 1 DAGs
[2025-02-08T13:45:48.137+0000] {logging_mixin.py:188} INFO - [2025-02-08T13:45:48.137+0000] {dag.py:3823} INFO - Setting next_dagrun for example_skip_dag to 2025-02-07 00:00:00+00:00, run_after=2025-02-08 00:00:00+00:00
[2025-02-08T13:45:48.499+0000] {processor.py:183} INFO - Processing /home/airflow/.local/lib/python3.8/site-packages/airflow/example_dags/example_skip_dag.py took 1.151 seconds
[2025-02-08T13:46:23.452+0000] {processor.py:161} INFO - Started process (PID=4346) to work on /home/airflow/.local/lib/python3.8/site-packages/airflow/example_dags/example_skip_dag.py
[2025-02-08T13:46:23.478+0000] {processor.py:830} INFO - Processing file /home/airflow/.local/lib/python3.8/site-packages/airflow/example_dags/example_skip_dag.py for tasks to queue
[2025-02-08T13:46:23.497+0000] {logging_mixin.py:188} INFO - [2025-02-08T13:46:23.495+0000] {dagbag.py:538} INFO - Filling up the DagBag from /home/airflow/.local/lib/python3.8/site-packages/airflow/example_dags/example_skip_dag.py
[2025-02-08T13:46:23.613+0000] {processor.py:840} INFO - DAG(s) 'example_skip_dag' retrieved from /home/airflow/.local/lib/python3.8/site-packages/airflow/example_dags/example_skip_dag.py
[2025-02-08T13:46:24.028+0000] {logging_mixin.py:188} INFO - [2025-02-08T13:46:24.010+0000] {dag.py:3036} INFO - Sync 1 DAGs
[2025-02-08T13:46:24.606+0000] {logging_mixin.py:188} INFO - [2025-02-08T13:46:24.604+0000] {dag.py:3823} INFO - Setting next_dagrun for example_skip_dag to 2025-02-07 00:00:00+00:00, run_after=2025-02-08 00:00:00+00:00
[2025-02-08T13:46:24.990+0000] {processor.py:183} INFO - Processing /home/airflow/.local/lib/python3.8/site-packages/airflow/example_dags/example_skip_dag.py took 1.635 seconds
[2025-02-08T13:47:13.373+0000] {processor.py:161} INFO - Started process (PID=4411) to work on /home/airflow/.local/lib/python3.8/site-packages/airflow/example_dags/example_skip_dag.py
[2025-02-08T13:47:13.407+0000] {processor.py:830} INFO - Processing file /home/airflow/.local/lib/python3.8/site-packages/airflow/example_dags/example_skip_dag.py for tasks to queue
[2025-02-08T13:47:13.424+0000] {logging_mixin.py:188} INFO - [2025-02-08T13:47:13.423+0000] {dagbag.py:538} INFO - Filling up the DagBag from /home/airflow/.local/lib/python3.8/site-packages/airflow/example_dags/example_skip_dag.py
[2025-02-08T13:47:13.630+0000] {processor.py:840} INFO - DAG(s) 'example_skip_dag' retrieved from /home/airflow/.local/lib/python3.8/site-packages/airflow/example_dags/example_skip_dag.py
[2025-02-08T13:47:14.131+0000] {logging_mixin.py:188} INFO - [2025-02-08T13:47:14.108+0000] {dag.py:3036} INFO - Sync 1 DAGs
[2025-02-08T13:47:15.944+0000] {logging_mixin.py:188} INFO - [2025-02-08T13:47:15.942+0000] {dag.py:3823} INFO - Setting next_dagrun for example_skip_dag to 2025-02-07 00:00:00+00:00, run_after=2025-02-08 00:00:00+00:00
[2025-02-08T13:47:17.103+0000] {processor.py:183} INFO - Processing /home/airflow/.local/lib/python3.8/site-packages/airflow/example_dags/example_skip_dag.py took 3.794 seconds
[2025-02-08T13:47:52.327+0000] {processor.py:161} INFO - Started process (PID=4478) to work on /home/airflow/.local/lib/python3.8/site-packages/airflow/example_dags/example_skip_dag.py
[2025-02-08T13:47:52.339+0000] {processor.py:830} INFO - Processing file /home/airflow/.local/lib/python3.8/site-packages/airflow/example_dags/example_skip_dag.py for tasks to queue
[2025-02-08T13:47:52.345+0000] {logging_mixin.py:188} INFO - [2025-02-08T13:47:52.345+0000] {dagbag.py:538} INFO - Filling up the DagBag from /home/airflow/.local/lib/python3.8/site-packages/airflow/example_dags/example_skip_dag.py
[2025-02-08T13:47:52.420+0000] {processor.py:840} INFO - DAG(s) 'example_skip_dag' retrieved from /home/airflow/.local/lib/python3.8/site-packages/airflow/example_dags/example_skip_dag.py
[2025-02-08T13:47:52.727+0000] {logging_mixin.py:188} INFO - [2025-02-08T13:47:52.726+0000] {dag.py:3036} INFO - Sync 1 DAGs
[2025-02-08T13:47:52.988+0000] {logging_mixin.py:188} INFO - [2025-02-08T13:47:52.987+0000] {dag.py:3823} INFO - Setting next_dagrun for example_skip_dag to 2025-02-07 00:00:00+00:00, run_after=2025-02-08 00:00:00+00:00
[2025-02-08T13:47:53.119+0000] {processor.py:183} INFO - Processing /home/airflow/.local/lib/python3.8/site-packages/airflow/example_dags/example_skip_dag.py took 0.800 seconds
[2025-02-08T13:48:23.659+0000] {processor.py:161} INFO - Started process (PID=4542) to work on /home/airflow/.local/lib/python3.8/site-packages/airflow/example_dags/example_skip_dag.py
[2025-02-08T13:48:23.681+0000] {processor.py:830} INFO - Processing file /home/airflow/.local/lib/python3.8/site-packages/airflow/example_dags/example_skip_dag.py for tasks to queue
[2025-02-08T13:48:23.700+0000] {logging_mixin.py:188} INFO - [2025-02-08T13:48:23.699+0000] {dagbag.py:538} INFO - Filling up the DagBag from /home/airflow/.local/lib/python3.8/site-packages/airflow/example_dags/example_skip_dag.py
[2025-02-08T13:48:23.770+0000] {processor.py:840} INFO - DAG(s) 'example_skip_dag' retrieved from /home/airflow/.local/lib/python3.8/site-packages/airflow/example_dags/example_skip_dag.py
[2025-02-08T13:48:23.860+0000] {logging_mixin.py:188} INFO - [2025-02-08T13:48:23.859+0000] {dag.py:3036} INFO - Sync 1 DAGs
[2025-02-08T13:48:23.959+0000] {logging_mixin.py:188} INFO - [2025-02-08T13:48:23.956+0000] {dag.py:3823} INFO - Setting next_dagrun for example_skip_dag to 2025-02-07 00:00:00+00:00, run_after=2025-02-08 00:00:00+00:00
[2025-02-08T13:48:24.046+0000] {processor.py:183} INFO - Processing /home/airflow/.local/lib/python3.8/site-packages/airflow/example_dags/example_skip_dag.py took 0.431 seconds
[2025-02-08T13:48:55.182+0000] {processor.py:161} INFO - Started process (PID=4607) to work on /home/airflow/.local/lib/python3.8/site-packages/airflow/example_dags/example_skip_dag.py
[2025-02-08T13:48:55.192+0000] {processor.py:830} INFO - Processing file /home/airflow/.local/lib/python3.8/site-packages/airflow/example_dags/example_skip_dag.py for tasks to queue
[2025-02-08T13:48:55.208+0000] {logging_mixin.py:188} INFO - [2025-02-08T13:48:55.204+0000] {dagbag.py:538} INFO - Filling up the DagBag from /home/airflow/.local/lib/python3.8/site-packages/airflow/example_dags/example_skip_dag.py
[2025-02-08T13:48:55.237+0000] {processor.py:840} INFO - DAG(s) 'example_skip_dag' retrieved from /home/airflow/.local/lib/python3.8/site-packages/airflow/example_dags/example_skip_dag.py
[2025-02-08T13:48:55.385+0000] {logging_mixin.py:188} INFO - [2025-02-08T13:48:55.385+0000] {dag.py:3036} INFO - Sync 1 DAGs
[2025-02-08T13:48:55.483+0000] {logging_mixin.py:188} INFO - [2025-02-08T13:48:55.483+0000] {dag.py:3823} INFO - Setting next_dagrun for example_skip_dag to 2025-02-07 00:00:00+00:00, run_after=2025-02-08 00:00:00+00:00
[2025-02-08T13:48:55.554+0000] {processor.py:183} INFO - Processing /home/airflow/.local/lib/python3.8/site-packages/airflow/example_dags/example_skip_dag.py took 0.409 seconds
