[2025-02-08T13:00:55.964+0000] {processor.py:161} INFO - Started process (PID=156) to work on /home/airflow/.local/lib/python3.8/site-packages/airflow/example_dags/example_time_delta_sensor_async.py
[2025-02-08T13:00:55.967+0000] {processor.py:830} INFO - Processing file /home/airflow/.local/lib/python3.8/site-packages/airflow/example_dags/example_time_delta_sensor_async.py for tasks to queue
[2025-02-08T13:00:55.970+0000] {logging_mixin.py:188} INFO - [2025-02-08T13:00:55.970+0000] {dagbag.py:538} INFO - Filling up the DagBag from /home/airflow/.local/lib/python3.8/site-packages/airflow/example_dags/example_time_delta_sensor_async.py
[2025-02-08T13:00:55.980+0000] {processor.py:840} INFO - DAG(s) 'example_time_delta_sensor_async' retrieved from /home/airflow/.local/lib/python3.8/site-packages/airflow/example_dags/example_time_delta_sensor_async.py
[2025-02-08T13:00:56.311+0000] {logging_mixin.py:188} INFO - [2025-02-08T13:00:56.310+0000] {dag.py:3036} INFO - Sync 1 DAGs
[2025-02-08T13:00:56.337+0000] {logging_mixin.py:188} INFO - [2025-02-08T13:00:56.337+0000] {dag.py:3823} INFO - Setting next_dagrun for example_time_delta_sensor_async to None, run_after=None
[2025-02-08T13:00:56.377+0000] {processor.py:183} INFO - Processing /home/airflow/.local/lib/python3.8/site-packages/airflow/example_dags/example_time_delta_sensor_async.py took 0.420 seconds
[2025-02-08T13:01:27.006+0000] {processor.py:161} INFO - Started process (PID=221) to work on /home/airflow/.local/lib/python3.8/site-packages/airflow/example_dags/example_time_delta_sensor_async.py
[2025-02-08T13:01:27.009+0000] {processor.py:830} INFO - Processing file /home/airflow/.local/lib/python3.8/site-packages/airflow/example_dags/example_time_delta_sensor_async.py for tasks to queue
[2025-02-08T13:01:27.017+0000] {logging_mixin.py:188} INFO - [2025-02-08T13:01:27.017+0000] {dagbag.py:538} INFO - Filling up the DagBag from /home/airflow/.local/lib/python3.8/site-packages/airflow/example_dags/example_time_delta_sensor_async.py
[2025-02-08T13:01:27.027+0000] {processor.py:840} INFO - DAG(s) 'example_time_delta_sensor_async' retrieved from /home/airflow/.local/lib/python3.8/site-packages/airflow/example_dags/example_time_delta_sensor_async.py
[2025-02-08T13:01:27.064+0000] {logging_mixin.py:188} INFO - [2025-02-08T13:01:27.063+0000] {dag.py:3036} INFO - Sync 1 DAGs
[2025-02-08T13:01:27.098+0000] {logging_mixin.py:188} INFO - [2025-02-08T13:01:27.097+0000] {dag.py:3823} INFO - Setting next_dagrun for example_time_delta_sensor_async to None, run_after=None
[2025-02-08T13:01:27.140+0000] {processor.py:183} INFO - Processing /home/airflow/.local/lib/python3.8/site-packages/airflow/example_dags/example_time_delta_sensor_async.py took 0.142 seconds
[2025-02-08T13:01:57.688+0000] {processor.py:161} INFO - Started process (PID=286) to work on /home/airflow/.local/lib/python3.8/site-packages/airflow/example_dags/example_time_delta_sensor_async.py
[2025-02-08T13:01:57.690+0000] {processor.py:830} INFO - Processing file /home/airflow/.local/lib/python3.8/site-packages/airflow/example_dags/example_time_delta_sensor_async.py for tasks to queue
[2025-02-08T13:01:57.694+0000] {logging_mixin.py:188} INFO - [2025-02-08T13:01:57.693+0000] {dagbag.py:538} INFO - Filling up the DagBag from /home/airflow/.local/lib/python3.8/site-packages/airflow/example_dags/example_time_delta_sensor_async.py
[2025-02-08T13:01:57.701+0000] {processor.py:840} INFO - DAG(s) 'example_time_delta_sensor_async' retrieved from /home/airflow/.local/lib/python3.8/site-packages/airflow/example_dags/example_time_delta_sensor_async.py
[2025-02-08T13:01:57.734+0000] {logging_mixin.py:188} INFO - [2025-02-08T13:01:57.734+0000] {dag.py:3036} INFO - Sync 1 DAGs
[2025-02-08T13:01:57.750+0000] {logging_mixin.py:188} INFO - [2025-02-08T13:01:57.750+0000] {dag.py:3823} INFO - Setting next_dagrun for example_time_delta_sensor_async to None, run_after=None
[2025-02-08T13:01:57.779+0000] {processor.py:183} INFO - Processing /home/airflow/.local/lib/python3.8/site-packages/airflow/example_dags/example_time_delta_sensor_async.py took 0.096 seconds
[2025-02-08T13:02:28.526+0000] {processor.py:161} INFO - Started process (PID=350) to work on /home/airflow/.local/lib/python3.8/site-packages/airflow/example_dags/example_time_delta_sensor_async.py
[2025-02-08T13:02:28.527+0000] {processor.py:830} INFO - Processing file /home/airflow/.local/lib/python3.8/site-packages/airflow/example_dags/example_time_delta_sensor_async.py for tasks to queue
[2025-02-08T13:02:28.530+0000] {logging_mixin.py:188} INFO - [2025-02-08T13:02:28.529+0000] {dagbag.py:538} INFO - Filling up the DagBag from /home/airflow/.local/lib/python3.8/site-packages/airflow/example_dags/example_time_delta_sensor_async.py
[2025-02-08T13:02:28.536+0000] {processor.py:840} INFO - DAG(s) 'example_time_delta_sensor_async' retrieved from /home/airflow/.local/lib/python3.8/site-packages/airflow/example_dags/example_time_delta_sensor_async.py
[2025-02-08T13:02:28.574+0000] {logging_mixin.py:188} INFO - [2025-02-08T13:02:28.573+0000] {dag.py:3036} INFO - Sync 1 DAGs
[2025-02-08T13:02:28.591+0000] {logging_mixin.py:188} INFO - [2025-02-08T13:02:28.589+0000] {dag.py:3823} INFO - Setting next_dagrun for example_time_delta_sensor_async to None, run_after=None
[2025-02-08T13:02:28.622+0000] {processor.py:183} INFO - Processing /home/airflow/.local/lib/python3.8/site-packages/airflow/example_dags/example_time_delta_sensor_async.py took 0.100 seconds
[2025-02-08T13:02:59.472+0000] {processor.py:161} INFO - Started process (PID=422) to work on /home/airflow/.local/lib/python3.8/site-packages/airflow/example_dags/example_time_delta_sensor_async.py
[2025-02-08T13:02:59.476+0000] {processor.py:830} INFO - Processing file /home/airflow/.local/lib/python3.8/site-packages/airflow/example_dags/example_time_delta_sensor_async.py for tasks to queue
[2025-02-08T13:02:59.479+0000] {logging_mixin.py:188} INFO - [2025-02-08T13:02:59.478+0000] {dagbag.py:538} INFO - Filling up the DagBag from /home/airflow/.local/lib/python3.8/site-packages/airflow/example_dags/example_time_delta_sensor_async.py
[2025-02-08T13:02:59.486+0000] {processor.py:840} INFO - DAG(s) 'example_time_delta_sensor_async' retrieved from /home/airflow/.local/lib/python3.8/site-packages/airflow/example_dags/example_time_delta_sensor_async.py
[2025-02-08T13:02:59.535+0000] {logging_mixin.py:188} INFO - [2025-02-08T13:02:59.535+0000] {dag.py:3036} INFO - Sync 1 DAGs
[2025-02-08T13:02:59.560+0000] {logging_mixin.py:188} INFO - [2025-02-08T13:02:59.559+0000] {dag.py:3823} INFO - Setting next_dagrun for example_time_delta_sensor_async to None, run_after=None
[2025-02-08T13:02:59.595+0000] {processor.py:183} INFO - Processing /home/airflow/.local/lib/python3.8/site-packages/airflow/example_dags/example_time_delta_sensor_async.py took 0.129 seconds
[2025-02-08T13:03:30.216+0000] {processor.py:161} INFO - Started process (PID=487) to work on /home/airflow/.local/lib/python3.8/site-packages/airflow/example_dags/example_time_delta_sensor_async.py
[2025-02-08T13:03:30.219+0000] {processor.py:830} INFO - Processing file /home/airflow/.local/lib/python3.8/site-packages/airflow/example_dags/example_time_delta_sensor_async.py for tasks to queue
[2025-02-08T13:03:30.225+0000] {logging_mixin.py:188} INFO - [2025-02-08T13:03:30.224+0000] {dagbag.py:538} INFO - Filling up the DagBag from /home/airflow/.local/lib/python3.8/site-packages/airflow/example_dags/example_time_delta_sensor_async.py
[2025-02-08T13:03:30.251+0000] {processor.py:840} INFO - DAG(s) 'example_time_delta_sensor_async' retrieved from /home/airflow/.local/lib/python3.8/site-packages/airflow/example_dags/example_time_delta_sensor_async.py
[2025-02-08T13:03:30.384+0000] {logging_mixin.py:188} INFO - [2025-02-08T13:03:30.383+0000] {dag.py:3036} INFO - Sync 1 DAGs
[2025-02-08T13:03:30.418+0000] {logging_mixin.py:188} INFO - [2025-02-08T13:03:30.416+0000] {dag.py:3823} INFO - Setting next_dagrun for example_time_delta_sensor_async to None, run_after=None
[2025-02-08T13:03:30.466+0000] {processor.py:183} INFO - Processing /home/airflow/.local/lib/python3.8/site-packages/airflow/example_dags/example_time_delta_sensor_async.py took 0.255 seconds
[2025-02-08T13:14:00.693+0000] {processor.py:161} INFO - Started process (PID=555) to work on /home/airflow/.local/lib/python3.8/site-packages/airflow/example_dags/example_time_delta_sensor_async.py
[2025-02-08T13:14:00.695+0000] {processor.py:830} INFO - Processing file /home/airflow/.local/lib/python3.8/site-packages/airflow/example_dags/example_time_delta_sensor_async.py for tasks to queue
[2025-02-08T13:14:00.698+0000] {logging_mixin.py:188} INFO - [2025-02-08T13:14:00.697+0000] {dagbag.py:538} INFO - Filling up the DagBag from /home/airflow/.local/lib/python3.8/site-packages/airflow/example_dags/example_time_delta_sensor_async.py
[2025-02-08T13:14:00.707+0000] {processor.py:840} INFO - DAG(s) 'example_time_delta_sensor_async' retrieved from /home/airflow/.local/lib/python3.8/site-packages/airflow/example_dags/example_time_delta_sensor_async.py
[2025-02-08T13:14:00.746+0000] {logging_mixin.py:188} INFO - [2025-02-08T13:14:00.745+0000] {dag.py:3036} INFO - Sync 1 DAGs
[2025-02-08T13:14:00.773+0000] {logging_mixin.py:188} INFO - [2025-02-08T13:14:00.772+0000] {dag.py:3823} INFO - Setting next_dagrun for example_time_delta_sensor_async to None, run_after=None
[2025-02-08T13:14:00.818+0000] {processor.py:183} INFO - Processing /home/airflow/.local/lib/python3.8/site-packages/airflow/example_dags/example_time_delta_sensor_async.py took 0.131 seconds
[2025-02-08T13:14:30.991+0000] {processor.py:161} INFO - Started process (PID=620) to work on /home/airflow/.local/lib/python3.8/site-packages/airflow/example_dags/example_time_delta_sensor_async.py
[2025-02-08T13:14:30.993+0000] {processor.py:830} INFO - Processing file /home/airflow/.local/lib/python3.8/site-packages/airflow/example_dags/example_time_delta_sensor_async.py for tasks to queue
[2025-02-08T13:14:30.996+0000] {logging_mixin.py:188} INFO - [2025-02-08T13:14:30.995+0000] {dagbag.py:538} INFO - Filling up the DagBag from /home/airflow/.local/lib/python3.8/site-packages/airflow/example_dags/example_time_delta_sensor_async.py
[2025-02-08T13:14:31.010+0000] {processor.py:840} INFO - DAG(s) 'example_time_delta_sensor_async' retrieved from /home/airflow/.local/lib/python3.8/site-packages/airflow/example_dags/example_time_delta_sensor_async.py
[2025-02-08T13:14:31.064+0000] {logging_mixin.py:188} INFO - [2025-02-08T13:14:31.063+0000] {dag.py:3036} INFO - Sync 1 DAGs
[2025-02-08T13:14:31.083+0000] {logging_mixin.py:188} INFO - [2025-02-08T13:14:31.083+0000] {dag.py:3823} INFO - Setting next_dagrun for example_time_delta_sensor_async to None, run_after=None
[2025-02-08T13:14:31.112+0000] {processor.py:183} INFO - Processing /home/airflow/.local/lib/python3.8/site-packages/airflow/example_dags/example_time_delta_sensor_async.py took 0.127 seconds
[2025-02-08T13:15:01.775+0000] {processor.py:161} INFO - Started process (PID=685) to work on /home/airflow/.local/lib/python3.8/site-packages/airflow/example_dags/example_time_delta_sensor_async.py
[2025-02-08T13:15:01.777+0000] {processor.py:830} INFO - Processing file /home/airflow/.local/lib/python3.8/site-packages/airflow/example_dags/example_time_delta_sensor_async.py for tasks to queue
[2025-02-08T13:15:01.780+0000] {logging_mixin.py:188} INFO - [2025-02-08T13:15:01.780+0000] {dagbag.py:538} INFO - Filling up the DagBag from /home/airflow/.local/lib/python3.8/site-packages/airflow/example_dags/example_time_delta_sensor_async.py
[2025-02-08T13:15:01.790+0000] {processor.py:840} INFO - DAG(s) 'example_time_delta_sensor_async' retrieved from /home/airflow/.local/lib/python3.8/site-packages/airflow/example_dags/example_time_delta_sensor_async.py
[2025-02-08T13:15:01.829+0000] {logging_mixin.py:188} INFO - [2025-02-08T13:15:01.828+0000] {dag.py:3036} INFO - Sync 1 DAGs
[2025-02-08T13:15:01.856+0000] {logging_mixin.py:188} INFO - [2025-02-08T13:15:01.856+0000] {dag.py:3823} INFO - Setting next_dagrun for example_time_delta_sensor_async to None, run_after=None
[2025-02-08T13:15:01.894+0000] {processor.py:183} INFO - Processing /home/airflow/.local/lib/python3.8/site-packages/airflow/example_dags/example_time_delta_sensor_async.py took 0.124 seconds
[2025-02-08T13:15:34.048+0000] {processor.py:161} INFO - Started process (PID=750) to work on /home/airflow/.local/lib/python3.8/site-packages/airflow/example_dags/example_time_delta_sensor_async.py
[2025-02-08T13:15:34.051+0000] {processor.py:830} INFO - Processing file /home/airflow/.local/lib/python3.8/site-packages/airflow/example_dags/example_time_delta_sensor_async.py for tasks to queue
[2025-02-08T13:15:34.053+0000] {logging_mixin.py:188} INFO - [2025-02-08T13:15:34.053+0000] {dagbag.py:538} INFO - Filling up the DagBag from /home/airflow/.local/lib/python3.8/site-packages/airflow/example_dags/example_time_delta_sensor_async.py
[2025-02-08T13:15:34.061+0000] {processor.py:840} INFO - DAG(s) 'example_time_delta_sensor_async' retrieved from /home/airflow/.local/lib/python3.8/site-packages/airflow/example_dags/example_time_delta_sensor_async.py
[2025-02-08T13:15:34.108+0000] {logging_mixin.py:188} INFO - [2025-02-08T13:15:34.108+0000] {dag.py:3036} INFO - Sync 1 DAGs
[2025-02-08T13:15:34.132+0000] {logging_mixin.py:188} INFO - [2025-02-08T13:15:34.132+0000] {dag.py:3823} INFO - Setting next_dagrun for example_time_delta_sensor_async to None, run_after=None
[2025-02-08T13:15:34.177+0000] {processor.py:183} INFO - Processing /home/airflow/.local/lib/python3.8/site-packages/airflow/example_dags/example_time_delta_sensor_async.py took 0.135 seconds
[2025-02-08T13:16:04.924+0000] {processor.py:161} INFO - Started process (PID=822) to work on /home/airflow/.local/lib/python3.8/site-packages/airflow/example_dags/example_time_delta_sensor_async.py
[2025-02-08T13:16:04.927+0000] {processor.py:830} INFO - Processing file /home/airflow/.local/lib/python3.8/site-packages/airflow/example_dags/example_time_delta_sensor_async.py for tasks to queue
[2025-02-08T13:16:04.932+0000] {logging_mixin.py:188} INFO - [2025-02-08T13:16:04.931+0000] {dagbag.py:538} INFO - Filling up the DagBag from /home/airflow/.local/lib/python3.8/site-packages/airflow/example_dags/example_time_delta_sensor_async.py
[2025-02-08T13:16:04.940+0000] {processor.py:840} INFO - DAG(s) 'example_time_delta_sensor_async' retrieved from /home/airflow/.local/lib/python3.8/site-packages/airflow/example_dags/example_time_delta_sensor_async.py
[2025-02-08T13:16:04.979+0000] {logging_mixin.py:188} INFO - [2025-02-08T13:16:04.978+0000] {dag.py:3036} INFO - Sync 1 DAGs
[2025-02-08T13:16:04.999+0000] {logging_mixin.py:188} INFO - [2025-02-08T13:16:04.998+0000] {dag.py:3823} INFO - Setting next_dagrun for example_time_delta_sensor_async to None, run_after=None
[2025-02-08T13:16:05.036+0000] {processor.py:183} INFO - Processing /home/airflow/.local/lib/python3.8/site-packages/airflow/example_dags/example_time_delta_sensor_async.py took 0.116 seconds
[2025-02-08T13:16:35.915+0000] {processor.py:161} INFO - Started process (PID=887) to work on /home/airflow/.local/lib/python3.8/site-packages/airflow/example_dags/example_time_delta_sensor_async.py
[2025-02-08T13:16:35.917+0000] {processor.py:830} INFO - Processing file /home/airflow/.local/lib/python3.8/site-packages/airflow/example_dags/example_time_delta_sensor_async.py for tasks to queue
[2025-02-08T13:16:35.920+0000] {logging_mixin.py:188} INFO - [2025-02-08T13:16:35.920+0000] {dagbag.py:538} INFO - Filling up the DagBag from /home/airflow/.local/lib/python3.8/site-packages/airflow/example_dags/example_time_delta_sensor_async.py
[2025-02-08T13:16:35.931+0000] {processor.py:840} INFO - DAG(s) 'example_time_delta_sensor_async' retrieved from /home/airflow/.local/lib/python3.8/site-packages/airflow/example_dags/example_time_delta_sensor_async.py
[2025-02-08T13:16:35.966+0000] {logging_mixin.py:188} INFO - [2025-02-08T13:16:35.966+0000] {dag.py:3036} INFO - Sync 1 DAGs
[2025-02-08T13:16:35.991+0000] {logging_mixin.py:188} INFO - [2025-02-08T13:16:35.988+0000] {dag.py:3823} INFO - Setting next_dagrun for example_time_delta_sensor_async to None, run_after=None
[2025-02-08T13:16:36.025+0000] {processor.py:183} INFO - Processing /home/airflow/.local/lib/python3.8/site-packages/airflow/example_dags/example_time_delta_sensor_async.py took 0.116 seconds
[2025-02-08T13:17:06.249+0000] {processor.py:161} INFO - Started process (PID=951) to work on /home/airflow/.local/lib/python3.8/site-packages/airflow/example_dags/example_time_delta_sensor_async.py
[2025-02-08T13:17:06.251+0000] {processor.py:830} INFO - Processing file /home/airflow/.local/lib/python3.8/site-packages/airflow/example_dags/example_time_delta_sensor_async.py for tasks to queue
[2025-02-08T13:17:06.254+0000] {logging_mixin.py:188} INFO - [2025-02-08T13:17:06.253+0000] {dagbag.py:538} INFO - Filling up the DagBag from /home/airflow/.local/lib/python3.8/site-packages/airflow/example_dags/example_time_delta_sensor_async.py
[2025-02-08T13:17:06.260+0000] {processor.py:840} INFO - DAG(s) 'example_time_delta_sensor_async' retrieved from /home/airflow/.local/lib/python3.8/site-packages/airflow/example_dags/example_time_delta_sensor_async.py
[2025-02-08T13:17:06.287+0000] {logging_mixin.py:188} INFO - [2025-02-08T13:17:06.287+0000] {dag.py:3036} INFO - Sync 1 DAGs
[2025-02-08T13:17:06.303+0000] {logging_mixin.py:188} INFO - [2025-02-08T13:17:06.302+0000] {dag.py:3823} INFO - Setting next_dagrun for example_time_delta_sensor_async to None, run_after=None
[2025-02-08T13:17:06.341+0000] {processor.py:183} INFO - Processing /home/airflow/.local/lib/python3.8/site-packages/airflow/example_dags/example_time_delta_sensor_async.py took 0.097 seconds
[2025-02-08T13:17:37.628+0000] {processor.py:161} INFO - Started process (PID=1016) to work on /home/airflow/.local/lib/python3.8/site-packages/airflow/example_dags/example_time_delta_sensor_async.py
[2025-02-08T13:17:37.631+0000] {processor.py:830} INFO - Processing file /home/airflow/.local/lib/python3.8/site-packages/airflow/example_dags/example_time_delta_sensor_async.py for tasks to queue
[2025-02-08T13:17:37.634+0000] {logging_mixin.py:188} INFO - [2025-02-08T13:17:37.634+0000] {dagbag.py:538} INFO - Filling up the DagBag from /home/airflow/.local/lib/python3.8/site-packages/airflow/example_dags/example_time_delta_sensor_async.py
[2025-02-08T13:17:37.643+0000] {processor.py:840} INFO - DAG(s) 'example_time_delta_sensor_async' retrieved from /home/airflow/.local/lib/python3.8/site-packages/airflow/example_dags/example_time_delta_sensor_async.py
[2025-02-08T13:17:37.686+0000] {logging_mixin.py:188} INFO - [2025-02-08T13:17:37.685+0000] {dag.py:3036} INFO - Sync 1 DAGs
[2025-02-08T13:17:37.714+0000] {logging_mixin.py:188} INFO - [2025-02-08T13:17:37.714+0000] {dag.py:3823} INFO - Setting next_dagrun for example_time_delta_sensor_async to None, run_after=None
[2025-02-08T13:17:37.745+0000] {processor.py:183} INFO - Processing /home/airflow/.local/lib/python3.8/site-packages/airflow/example_dags/example_time_delta_sensor_async.py took 0.125 seconds
[2025-02-08T13:18:08.254+0000] {processor.py:161} INFO - Started process (PID=1080) to work on /home/airflow/.local/lib/python3.8/site-packages/airflow/example_dags/example_time_delta_sensor_async.py
[2025-02-08T13:18:08.255+0000] {processor.py:830} INFO - Processing file /home/airflow/.local/lib/python3.8/site-packages/airflow/example_dags/example_time_delta_sensor_async.py for tasks to queue
[2025-02-08T13:18:08.259+0000] {logging_mixin.py:188} INFO - [2025-02-08T13:18:08.258+0000] {dagbag.py:538} INFO - Filling up the DagBag from /home/airflow/.local/lib/python3.8/site-packages/airflow/example_dags/example_time_delta_sensor_async.py
[2025-02-08T13:18:08.267+0000] {processor.py:840} INFO - DAG(s) 'example_time_delta_sensor_async' retrieved from /home/airflow/.local/lib/python3.8/site-packages/airflow/example_dags/example_time_delta_sensor_async.py
[2025-02-08T13:18:08.296+0000] {logging_mixin.py:188} INFO - [2025-02-08T13:18:08.296+0000] {dag.py:3036} INFO - Sync 1 DAGs
[2025-02-08T13:18:08.313+0000] {logging_mixin.py:188} INFO - [2025-02-08T13:18:08.313+0000] {dag.py:3823} INFO - Setting next_dagrun for example_time_delta_sensor_async to None, run_after=None
[2025-02-08T13:18:08.347+0000] {processor.py:183} INFO - Processing /home/airflow/.local/lib/python3.8/site-packages/airflow/example_dags/example_time_delta_sensor_async.py took 0.098 seconds
[2025-02-08T13:18:38.977+0000] {processor.py:161} INFO - Started process (PID=1144) to work on /home/airflow/.local/lib/python3.8/site-packages/airflow/example_dags/example_time_delta_sensor_async.py
[2025-02-08T13:18:38.980+0000] {processor.py:830} INFO - Processing file /home/airflow/.local/lib/python3.8/site-packages/airflow/example_dags/example_time_delta_sensor_async.py for tasks to queue
[2025-02-08T13:18:38.983+0000] {logging_mixin.py:188} INFO - [2025-02-08T13:18:38.983+0000] {dagbag.py:538} INFO - Filling up the DagBag from /home/airflow/.local/lib/python3.8/site-packages/airflow/example_dags/example_time_delta_sensor_async.py
[2025-02-08T13:18:38.992+0000] {processor.py:840} INFO - DAG(s) 'example_time_delta_sensor_async' retrieved from /home/airflow/.local/lib/python3.8/site-packages/airflow/example_dags/example_time_delta_sensor_async.py
[2025-02-08T13:18:39.027+0000] {logging_mixin.py:188} INFO - [2025-02-08T13:18:39.027+0000] {dag.py:3036} INFO - Sync 1 DAGs
[2025-02-08T13:18:39.046+0000] {logging_mixin.py:188} INFO - [2025-02-08T13:18:39.046+0000] {dag.py:3823} INFO - Setting next_dagrun for example_time_delta_sensor_async to None, run_after=None
[2025-02-08T13:18:39.075+0000] {processor.py:183} INFO - Processing /home/airflow/.local/lib/python3.8/site-packages/airflow/example_dags/example_time_delta_sensor_async.py took 0.103 seconds
[2025-02-08T13:19:10.880+0000] {processor.py:161} INFO - Started process (PID=1217) to work on /home/airflow/.local/lib/python3.8/site-packages/airflow/example_dags/example_time_delta_sensor_async.py
[2025-02-08T13:19:10.882+0000] {processor.py:830} INFO - Processing file /home/airflow/.local/lib/python3.8/site-packages/airflow/example_dags/example_time_delta_sensor_async.py for tasks to queue
[2025-02-08T13:19:10.886+0000] {logging_mixin.py:188} INFO - [2025-02-08T13:19:10.886+0000] {dagbag.py:538} INFO - Filling up the DagBag from /home/airflow/.local/lib/python3.8/site-packages/airflow/example_dags/example_time_delta_sensor_async.py
[2025-02-08T13:19:10.896+0000] {processor.py:840} INFO - DAG(s) 'example_time_delta_sensor_async' retrieved from /home/airflow/.local/lib/python3.8/site-packages/airflow/example_dags/example_time_delta_sensor_async.py
[2025-02-08T13:19:10.954+0000] {logging_mixin.py:188} INFO - [2025-02-08T13:19:10.954+0000] {dag.py:3036} INFO - Sync 1 DAGs
[2025-02-08T13:19:10.988+0000] {logging_mixin.py:188} INFO - [2025-02-08T13:19:10.987+0000] {dag.py:3823} INFO - Setting next_dagrun for example_time_delta_sensor_async to None, run_after=None
[2025-02-08T13:19:11.037+0000] {processor.py:183} INFO - Processing /home/airflow/.local/lib/python3.8/site-packages/airflow/example_dags/example_time_delta_sensor_async.py took 0.166 seconds
[2025-02-08T13:19:43.276+0000] {processor.py:161} INFO - Started process (PID=1282) to work on /home/airflow/.local/lib/python3.8/site-packages/airflow/example_dags/example_time_delta_sensor_async.py
[2025-02-08T13:19:43.278+0000] {processor.py:830} INFO - Processing file /home/airflow/.local/lib/python3.8/site-packages/airflow/example_dags/example_time_delta_sensor_async.py for tasks to queue
[2025-02-08T13:19:43.281+0000] {logging_mixin.py:188} INFO - [2025-02-08T13:19:43.281+0000] {dagbag.py:538} INFO - Filling up the DagBag from /home/airflow/.local/lib/python3.8/site-packages/airflow/example_dags/example_time_delta_sensor_async.py
[2025-02-08T13:19:43.290+0000] {processor.py:840} INFO - DAG(s) 'example_time_delta_sensor_async' retrieved from /home/airflow/.local/lib/python3.8/site-packages/airflow/example_dags/example_time_delta_sensor_async.py
[2025-02-08T13:19:43.327+0000] {logging_mixin.py:188} INFO - [2025-02-08T13:19:43.327+0000] {dag.py:3036} INFO - Sync 1 DAGs
[2025-02-08T13:19:43.353+0000] {logging_mixin.py:188} INFO - [2025-02-08T13:19:43.353+0000] {dag.py:3823} INFO - Setting next_dagrun for example_time_delta_sensor_async to None, run_after=None
[2025-02-08T13:19:43.399+0000] {processor.py:183} INFO - Processing /home/airflow/.local/lib/python3.8/site-packages/airflow/example_dags/example_time_delta_sensor_async.py took 0.129 seconds
[2025-02-08T13:20:13.490+0000] {processor.py:161} INFO - Started process (PID=1346) to work on /home/airflow/.local/lib/python3.8/site-packages/airflow/example_dags/example_time_delta_sensor_async.py
[2025-02-08T13:20:13.492+0000] {processor.py:830} INFO - Processing file /home/airflow/.local/lib/python3.8/site-packages/airflow/example_dags/example_time_delta_sensor_async.py for tasks to queue
[2025-02-08T13:20:13.495+0000] {logging_mixin.py:188} INFO - [2025-02-08T13:20:13.495+0000] {dagbag.py:538} INFO - Filling up the DagBag from /home/airflow/.local/lib/python3.8/site-packages/airflow/example_dags/example_time_delta_sensor_async.py
[2025-02-08T13:20:13.503+0000] {processor.py:840} INFO - DAG(s) 'example_time_delta_sensor_async' retrieved from /home/airflow/.local/lib/python3.8/site-packages/airflow/example_dags/example_time_delta_sensor_async.py
[2025-02-08T13:20:13.537+0000] {logging_mixin.py:188} INFO - [2025-02-08T13:20:13.536+0000] {dag.py:3036} INFO - Sync 1 DAGs
[2025-02-08T13:20:13.555+0000] {logging_mixin.py:188} INFO - [2025-02-08T13:20:13.554+0000] {dag.py:3823} INFO - Setting next_dagrun for example_time_delta_sensor_async to None, run_after=None
[2025-02-08T13:20:13.591+0000] {processor.py:183} INFO - Processing /home/airflow/.local/lib/python3.8/site-packages/airflow/example_dags/example_time_delta_sensor_async.py took 0.106 seconds
[2025-02-08T13:20:43.873+0000] {processor.py:161} INFO - Started process (PID=1419) to work on /home/airflow/.local/lib/python3.8/site-packages/airflow/example_dags/example_time_delta_sensor_async.py
[2025-02-08T13:20:43.877+0000] {processor.py:830} INFO - Processing file /home/airflow/.local/lib/python3.8/site-packages/airflow/example_dags/example_time_delta_sensor_async.py for tasks to queue
[2025-02-08T13:20:43.881+0000] {logging_mixin.py:188} INFO - [2025-02-08T13:20:43.880+0000] {dagbag.py:538} INFO - Filling up the DagBag from /home/airflow/.local/lib/python3.8/site-packages/airflow/example_dags/example_time_delta_sensor_async.py
[2025-02-08T13:20:43.889+0000] {processor.py:840} INFO - DAG(s) 'example_time_delta_sensor_async' retrieved from /home/airflow/.local/lib/python3.8/site-packages/airflow/example_dags/example_time_delta_sensor_async.py
[2025-02-08T13:20:43.926+0000] {logging_mixin.py:188} INFO - [2025-02-08T13:20:43.925+0000] {dag.py:3036} INFO - Sync 1 DAGs
[2025-02-08T13:20:43.950+0000] {logging_mixin.py:188} INFO - [2025-02-08T13:20:43.950+0000] {dag.py:3823} INFO - Setting next_dagrun for example_time_delta_sensor_async to None, run_after=None
[2025-02-08T13:20:43.982+0000] {processor.py:183} INFO - Processing /home/airflow/.local/lib/python3.8/site-packages/airflow/example_dags/example_time_delta_sensor_async.py took 0.118 seconds
[2025-02-08T13:21:14.086+0000] {processor.py:161} INFO - Started process (PID=1482) to work on /home/airflow/.local/lib/python3.8/site-packages/airflow/example_dags/example_time_delta_sensor_async.py
[2025-02-08T13:21:14.087+0000] {processor.py:830} INFO - Processing file /home/airflow/.local/lib/python3.8/site-packages/airflow/example_dags/example_time_delta_sensor_async.py for tasks to queue
[2025-02-08T13:21:14.090+0000] {logging_mixin.py:188} INFO - [2025-02-08T13:21:14.090+0000] {dagbag.py:538} INFO - Filling up the DagBag from /home/airflow/.local/lib/python3.8/site-packages/airflow/example_dags/example_time_delta_sensor_async.py
[2025-02-08T13:21:14.099+0000] {processor.py:840} INFO - DAG(s) 'example_time_delta_sensor_async' retrieved from /home/airflow/.local/lib/python3.8/site-packages/airflow/example_dags/example_time_delta_sensor_async.py
[2025-02-08T13:21:14.145+0000] {logging_mixin.py:188} INFO - [2025-02-08T13:21:14.145+0000] {dag.py:3036} INFO - Sync 1 DAGs
[2025-02-08T13:21:14.174+0000] {logging_mixin.py:188} INFO - [2025-02-08T13:21:14.173+0000] {dag.py:3823} INFO - Setting next_dagrun for example_time_delta_sensor_async to None, run_after=None
[2025-02-08T13:21:14.210+0000] {processor.py:183} INFO - Processing /home/airflow/.local/lib/python3.8/site-packages/airflow/example_dags/example_time_delta_sensor_async.py took 0.131 seconds
[2025-02-08T13:21:45.895+0000] {processor.py:161} INFO - Started process (PID=1549) to work on /home/airflow/.local/lib/python3.8/site-packages/airflow/example_dags/example_time_delta_sensor_async.py
[2025-02-08T13:21:45.899+0000] {processor.py:830} INFO - Processing file /home/airflow/.local/lib/python3.8/site-packages/airflow/example_dags/example_time_delta_sensor_async.py for tasks to queue
[2025-02-08T13:21:45.905+0000] {logging_mixin.py:188} INFO - [2025-02-08T13:21:45.905+0000] {dagbag.py:538} INFO - Filling up the DagBag from /home/airflow/.local/lib/python3.8/site-packages/airflow/example_dags/example_time_delta_sensor_async.py
[2025-02-08T13:21:45.914+0000] {processor.py:840} INFO - DAG(s) 'example_time_delta_sensor_async' retrieved from /home/airflow/.local/lib/python3.8/site-packages/airflow/example_dags/example_time_delta_sensor_async.py
[2025-02-08T13:21:45.958+0000] {logging_mixin.py:188} INFO - [2025-02-08T13:21:45.957+0000] {dag.py:3036} INFO - Sync 1 DAGs
[2025-02-08T13:21:45.991+0000] {logging_mixin.py:188} INFO - [2025-02-08T13:21:45.990+0000] {dag.py:3823} INFO - Setting next_dagrun for example_time_delta_sensor_async to None, run_after=None
[2025-02-08T13:21:46.038+0000] {processor.py:183} INFO - Processing /home/airflow/.local/lib/python3.8/site-packages/airflow/example_dags/example_time_delta_sensor_async.py took 0.150 seconds
[2025-02-08T13:22:16.448+0000] {processor.py:161} INFO - Started process (PID=1614) to work on /home/airflow/.local/lib/python3.8/site-packages/airflow/example_dags/example_time_delta_sensor_async.py
[2025-02-08T13:22:16.451+0000] {processor.py:830} INFO - Processing file /home/airflow/.local/lib/python3.8/site-packages/airflow/example_dags/example_time_delta_sensor_async.py for tasks to queue
[2025-02-08T13:22:16.455+0000] {logging_mixin.py:188} INFO - [2025-02-08T13:22:16.455+0000] {dagbag.py:538} INFO - Filling up the DagBag from /home/airflow/.local/lib/python3.8/site-packages/airflow/example_dags/example_time_delta_sensor_async.py
[2025-02-08T13:22:16.471+0000] {processor.py:840} INFO - DAG(s) 'example_time_delta_sensor_async' retrieved from /home/airflow/.local/lib/python3.8/site-packages/airflow/example_dags/example_time_delta_sensor_async.py
[2025-02-08T13:22:16.524+0000] {logging_mixin.py:188} INFO - [2025-02-08T13:22:16.523+0000] {dag.py:3036} INFO - Sync 1 DAGs
[2025-02-08T13:22:16.554+0000] {logging_mixin.py:188} INFO - [2025-02-08T13:22:16.554+0000] {dag.py:3823} INFO - Setting next_dagrun for example_time_delta_sensor_async to None, run_after=None
[2025-02-08T13:22:16.601+0000] {processor.py:183} INFO - Processing /home/airflow/.local/lib/python3.8/site-packages/airflow/example_dags/example_time_delta_sensor_async.py took 0.158 seconds
[2025-02-08T13:22:48.040+0000] {processor.py:161} INFO - Started process (PID=1679) to work on /home/airflow/.local/lib/python3.8/site-packages/airflow/example_dags/example_time_delta_sensor_async.py
[2025-02-08T13:22:48.042+0000] {processor.py:830} INFO - Processing file /home/airflow/.local/lib/python3.8/site-packages/airflow/example_dags/example_time_delta_sensor_async.py for tasks to queue
[2025-02-08T13:22:48.045+0000] {logging_mixin.py:188} INFO - [2025-02-08T13:22:48.045+0000] {dagbag.py:538} INFO - Filling up the DagBag from /home/airflow/.local/lib/python3.8/site-packages/airflow/example_dags/example_time_delta_sensor_async.py
[2025-02-08T13:22:48.056+0000] {processor.py:840} INFO - DAG(s) 'example_time_delta_sensor_async' retrieved from /home/airflow/.local/lib/python3.8/site-packages/airflow/example_dags/example_time_delta_sensor_async.py
[2025-02-08T13:22:48.111+0000] {logging_mixin.py:188} INFO - [2025-02-08T13:22:48.111+0000] {dag.py:3036} INFO - Sync 1 DAGs
[2025-02-08T13:22:48.213+0000] {logging_mixin.py:188} INFO - [2025-02-08T13:22:48.213+0000] {dag.py:3823} INFO - Setting next_dagrun for example_time_delta_sensor_async to None, run_after=None
[2025-02-08T13:22:48.434+0000] {processor.py:183} INFO - Processing /home/airflow/.local/lib/python3.8/site-packages/airflow/example_dags/example_time_delta_sensor_async.py took 0.401 seconds
[2025-02-08T13:23:18.534+0000] {processor.py:161} INFO - Started process (PID=1744) to work on /home/airflow/.local/lib/python3.8/site-packages/airflow/example_dags/example_time_delta_sensor_async.py
[2025-02-08T13:23:18.536+0000] {processor.py:830} INFO - Processing file /home/airflow/.local/lib/python3.8/site-packages/airflow/example_dags/example_time_delta_sensor_async.py for tasks to queue
[2025-02-08T13:23:18.540+0000] {logging_mixin.py:188} INFO - [2025-02-08T13:23:18.539+0000] {dagbag.py:538} INFO - Filling up the DagBag from /home/airflow/.local/lib/python3.8/site-packages/airflow/example_dags/example_time_delta_sensor_async.py
[2025-02-08T13:23:18.550+0000] {processor.py:840} INFO - DAG(s) 'example_time_delta_sensor_async' retrieved from /home/airflow/.local/lib/python3.8/site-packages/airflow/example_dags/example_time_delta_sensor_async.py
[2025-02-08T13:23:18.594+0000] {logging_mixin.py:188} INFO - [2025-02-08T13:23:18.594+0000] {dag.py:3036} INFO - Sync 1 DAGs
[2025-02-08T13:23:18.622+0000] {logging_mixin.py:188} INFO - [2025-02-08T13:23:18.622+0000] {dag.py:3823} INFO - Setting next_dagrun for example_time_delta_sensor_async to None, run_after=None
[2025-02-08T13:23:18.679+0000] {processor.py:183} INFO - Processing /home/airflow/.local/lib/python3.8/site-packages/airflow/example_dags/example_time_delta_sensor_async.py took 0.153 seconds
[2025-02-08T13:23:49.667+0000] {processor.py:161} INFO - Started process (PID=1809) to work on /home/airflow/.local/lib/python3.8/site-packages/airflow/example_dags/example_time_delta_sensor_async.py
[2025-02-08T13:23:49.670+0000] {processor.py:830} INFO - Processing file /home/airflow/.local/lib/python3.8/site-packages/airflow/example_dags/example_time_delta_sensor_async.py for tasks to queue
[2025-02-08T13:23:49.675+0000] {logging_mixin.py:188} INFO - [2025-02-08T13:23:49.674+0000] {dagbag.py:538} INFO - Filling up the DagBag from /home/airflow/.local/lib/python3.8/site-packages/airflow/example_dags/example_time_delta_sensor_async.py
[2025-02-08T13:23:49.684+0000] {processor.py:840} INFO - DAG(s) 'example_time_delta_sensor_async' retrieved from /home/airflow/.local/lib/python3.8/site-packages/airflow/example_dags/example_time_delta_sensor_async.py
[2025-02-08T13:23:49.740+0000] {logging_mixin.py:188} INFO - [2025-02-08T13:23:49.740+0000] {dag.py:3036} INFO - Sync 1 DAGs
[2025-02-08T13:23:49.783+0000] {logging_mixin.py:188} INFO - [2025-02-08T13:23:49.783+0000] {dag.py:3823} INFO - Setting next_dagrun for example_time_delta_sensor_async to None, run_after=None
[2025-02-08T13:23:49.863+0000] {processor.py:183} INFO - Processing /home/airflow/.local/lib/python3.8/site-packages/airflow/example_dags/example_time_delta_sensor_async.py took 0.203 seconds
[2025-02-08T13:24:20.042+0000] {processor.py:161} INFO - Started process (PID=1873) to work on /home/airflow/.local/lib/python3.8/site-packages/airflow/example_dags/example_time_delta_sensor_async.py
[2025-02-08T13:24:20.046+0000] {processor.py:830} INFO - Processing file /home/airflow/.local/lib/python3.8/site-packages/airflow/example_dags/example_time_delta_sensor_async.py for tasks to queue
[2025-02-08T13:24:20.049+0000] {logging_mixin.py:188} INFO - [2025-02-08T13:24:20.048+0000] {dagbag.py:538} INFO - Filling up the DagBag from /home/airflow/.local/lib/python3.8/site-packages/airflow/example_dags/example_time_delta_sensor_async.py
[2025-02-08T13:24:20.058+0000] {processor.py:840} INFO - DAG(s) 'example_time_delta_sensor_async' retrieved from /home/airflow/.local/lib/python3.8/site-packages/airflow/example_dags/example_time_delta_sensor_async.py
[2025-02-08T13:24:20.134+0000] {logging_mixin.py:188} INFO - [2025-02-08T13:24:20.131+0000] {dag.py:3036} INFO - Sync 1 DAGs
[2025-02-08T13:24:20.188+0000] {logging_mixin.py:188} INFO - [2025-02-08T13:24:20.188+0000] {dag.py:3823} INFO - Setting next_dagrun for example_time_delta_sensor_async to None, run_after=None
[2025-02-08T13:24:20.240+0000] {processor.py:183} INFO - Processing /home/airflow/.local/lib/python3.8/site-packages/airflow/example_dags/example_time_delta_sensor_async.py took 0.207 seconds
[2025-02-08T13:24:51.454+0000] {processor.py:161} INFO - Started process (PID=1938) to work on /home/airflow/.local/lib/python3.8/site-packages/airflow/example_dags/example_time_delta_sensor_async.py
[2025-02-08T13:24:51.463+0000] {processor.py:830} INFO - Processing file /home/airflow/.local/lib/python3.8/site-packages/airflow/example_dags/example_time_delta_sensor_async.py for tasks to queue
[2025-02-08T13:24:51.470+0000] {logging_mixin.py:188} INFO - [2025-02-08T13:24:51.469+0000] {dagbag.py:538} INFO - Filling up the DagBag from /home/airflow/.local/lib/python3.8/site-packages/airflow/example_dags/example_time_delta_sensor_async.py
[2025-02-08T13:24:51.489+0000] {processor.py:840} INFO - DAG(s) 'example_time_delta_sensor_async' retrieved from /home/airflow/.local/lib/python3.8/site-packages/airflow/example_dags/example_time_delta_sensor_async.py
[2025-02-08T13:24:51.569+0000] {logging_mixin.py:188} INFO - [2025-02-08T13:24:51.569+0000] {dag.py:3036} INFO - Sync 1 DAGs
[2025-02-08T13:24:51.834+0000] {logging_mixin.py:188} INFO - [2025-02-08T13:24:51.834+0000] {dag.py:3823} INFO - Setting next_dagrun for example_time_delta_sensor_async to None, run_after=None
[2025-02-08T13:24:51.904+0000] {processor.py:183} INFO - Processing /home/airflow/.local/lib/python3.8/site-packages/airflow/example_dags/example_time_delta_sensor_async.py took 0.483 seconds
[2025-02-08T13:25:23.436+0000] {processor.py:161} INFO - Started process (PID=1995) to work on /home/airflow/.local/lib/python3.8/site-packages/airflow/example_dags/example_time_delta_sensor_async.py
[2025-02-08T13:25:23.442+0000] {processor.py:830} INFO - Processing file /home/airflow/.local/lib/python3.8/site-packages/airflow/example_dags/example_time_delta_sensor_async.py for tasks to queue
[2025-02-08T13:25:23.465+0000] {logging_mixin.py:188} INFO - [2025-02-08T13:25:23.464+0000] {dagbag.py:538} INFO - Filling up the DagBag from /home/airflow/.local/lib/python3.8/site-packages/airflow/example_dags/example_time_delta_sensor_async.py
[2025-02-08T13:25:23.481+0000] {processor.py:840} INFO - DAG(s) 'example_time_delta_sensor_async' retrieved from /home/airflow/.local/lib/python3.8/site-packages/airflow/example_dags/example_time_delta_sensor_async.py
[2025-02-08T13:25:23.538+0000] {logging_mixin.py:188} INFO - [2025-02-08T13:25:23.537+0000] {dag.py:3036} INFO - Sync 1 DAGs
[2025-02-08T13:25:23.566+0000] {logging_mixin.py:188} INFO - [2025-02-08T13:25:23.566+0000] {dag.py:3823} INFO - Setting next_dagrun for example_time_delta_sensor_async to None, run_after=None
[2025-02-08T13:25:23.624+0000] {processor.py:183} INFO - Processing /home/airflow/.local/lib/python3.8/site-packages/airflow/example_dags/example_time_delta_sensor_async.py took 0.201 seconds
[2025-02-08T13:25:55.033+0000] {processor.py:161} INFO - Started process (PID=2060) to work on /home/airflow/.local/lib/python3.8/site-packages/airflow/example_dags/example_time_delta_sensor_async.py
[2025-02-08T13:25:55.035+0000] {processor.py:830} INFO - Processing file /home/airflow/.local/lib/python3.8/site-packages/airflow/example_dags/example_time_delta_sensor_async.py for tasks to queue
[2025-02-08T13:25:55.038+0000] {logging_mixin.py:188} INFO - [2025-02-08T13:25:55.037+0000] {dagbag.py:538} INFO - Filling up the DagBag from /home/airflow/.local/lib/python3.8/site-packages/airflow/example_dags/example_time_delta_sensor_async.py
[2025-02-08T13:25:55.044+0000] {processor.py:840} INFO - DAG(s) 'example_time_delta_sensor_async' retrieved from /home/airflow/.local/lib/python3.8/site-packages/airflow/example_dags/example_time_delta_sensor_async.py
[2025-02-08T13:25:55.068+0000] {logging_mixin.py:188} INFO - [2025-02-08T13:25:55.067+0000] {dag.py:3036} INFO - Sync 1 DAGs
[2025-02-08T13:25:55.089+0000] {logging_mixin.py:188} INFO - [2025-02-08T13:25:55.088+0000] {dag.py:3823} INFO - Setting next_dagrun for example_time_delta_sensor_async to None, run_after=None
[2025-02-08T13:25:55.109+0000] {processor.py:183} INFO - Processing /home/airflow/.local/lib/python3.8/site-packages/airflow/example_dags/example_time_delta_sensor_async.py took 0.082 seconds
[2025-02-08T13:26:27.062+0000] {processor.py:161} INFO - Started process (PID=2125) to work on /home/airflow/.local/lib/python3.8/site-packages/airflow/example_dags/example_time_delta_sensor_async.py
[2025-02-08T13:26:27.066+0000] {processor.py:830} INFO - Processing file /home/airflow/.local/lib/python3.8/site-packages/airflow/example_dags/example_time_delta_sensor_async.py for tasks to queue
[2025-02-08T13:26:27.095+0000] {logging_mixin.py:188} INFO - [2025-02-08T13:26:27.094+0000] {dagbag.py:538} INFO - Filling up the DagBag from /home/airflow/.local/lib/python3.8/site-packages/airflow/example_dags/example_time_delta_sensor_async.py
[2025-02-08T13:26:27.120+0000] {processor.py:840} INFO - DAG(s) 'example_time_delta_sensor_async' retrieved from /home/airflow/.local/lib/python3.8/site-packages/airflow/example_dags/example_time_delta_sensor_async.py
[2025-02-08T13:26:27.183+0000] {logging_mixin.py:188} INFO - [2025-02-08T13:26:27.183+0000] {dag.py:3036} INFO - Sync 1 DAGs
[2025-02-08T13:26:27.238+0000] {logging_mixin.py:188} INFO - [2025-02-08T13:26:27.237+0000] {dag.py:3823} INFO - Setting next_dagrun for example_time_delta_sensor_async to None, run_after=None
[2025-02-08T13:26:27.327+0000] {processor.py:183} INFO - Processing /home/airflow/.local/lib/python3.8/site-packages/airflow/example_dags/example_time_delta_sensor_async.py took 0.281 seconds
[2025-02-08T13:26:59.709+0000] {processor.py:161} INFO - Started process (PID=2190) to work on /home/airflow/.local/lib/python3.8/site-packages/airflow/example_dags/example_time_delta_sensor_async.py
[2025-02-08T13:26:59.713+0000] {processor.py:830} INFO - Processing file /home/airflow/.local/lib/python3.8/site-packages/airflow/example_dags/example_time_delta_sensor_async.py for tasks to queue
[2025-02-08T13:26:59.718+0000] {logging_mixin.py:188} INFO - [2025-02-08T13:26:59.717+0000] {dagbag.py:538} INFO - Filling up the DagBag from /home/airflow/.local/lib/python3.8/site-packages/airflow/example_dags/example_time_delta_sensor_async.py
[2025-02-08T13:26:59.748+0000] {processor.py:840} INFO - DAG(s) 'example_time_delta_sensor_async' retrieved from /home/airflow/.local/lib/python3.8/site-packages/airflow/example_dags/example_time_delta_sensor_async.py
[2025-02-08T13:26:59.845+0000] {logging_mixin.py:188} INFO - [2025-02-08T13:26:59.844+0000] {dag.py:3036} INFO - Sync 1 DAGs
[2025-02-08T13:26:59.891+0000] {logging_mixin.py:188} INFO - [2025-02-08T13:26:59.891+0000] {dag.py:3823} INFO - Setting next_dagrun for example_time_delta_sensor_async to None, run_after=None
[2025-02-08T13:26:59.985+0000] {processor.py:183} INFO - Processing /home/airflow/.local/lib/python3.8/site-packages/airflow/example_dags/example_time_delta_sensor_async.py took 0.304 seconds
[2025-02-08T13:27:30.781+0000] {processor.py:161} INFO - Started process (PID=2255) to work on /home/airflow/.local/lib/python3.8/site-packages/airflow/example_dags/example_time_delta_sensor_async.py
[2025-02-08T13:27:30.784+0000] {processor.py:830} INFO - Processing file /home/airflow/.local/lib/python3.8/site-packages/airflow/example_dags/example_time_delta_sensor_async.py for tasks to queue
[2025-02-08T13:27:30.794+0000] {logging_mixin.py:188} INFO - [2025-02-08T13:27:30.794+0000] {dagbag.py:538} INFO - Filling up the DagBag from /home/airflow/.local/lib/python3.8/site-packages/airflow/example_dags/example_time_delta_sensor_async.py
[2025-02-08T13:27:30.803+0000] {processor.py:840} INFO - DAG(s) 'example_time_delta_sensor_async' retrieved from /home/airflow/.local/lib/python3.8/site-packages/airflow/example_dags/example_time_delta_sensor_async.py
[2025-02-08T13:27:30.862+0000] {logging_mixin.py:188} INFO - [2025-02-08T13:27:30.862+0000] {dag.py:3036} INFO - Sync 1 DAGs
[2025-02-08T13:27:30.890+0000] {logging_mixin.py:188} INFO - [2025-02-08T13:27:30.889+0000] {dag.py:3823} INFO - Setting next_dagrun for example_time_delta_sensor_async to None, run_after=None
[2025-02-08T13:27:30.949+0000] {processor.py:183} INFO - Processing /home/airflow/.local/lib/python3.8/site-packages/airflow/example_dags/example_time_delta_sensor_async.py took 0.175 seconds
[2025-02-08T13:28:01.479+0000] {processor.py:161} INFO - Started process (PID=2319) to work on /home/airflow/.local/lib/python3.8/site-packages/airflow/example_dags/example_time_delta_sensor_async.py
[2025-02-08T13:28:01.492+0000] {processor.py:830} INFO - Processing file /home/airflow/.local/lib/python3.8/site-packages/airflow/example_dags/example_time_delta_sensor_async.py for tasks to queue
[2025-02-08T13:28:01.498+0000] {logging_mixin.py:188} INFO - [2025-02-08T13:28:01.498+0000] {dagbag.py:538} INFO - Filling up the DagBag from /home/airflow/.local/lib/python3.8/site-packages/airflow/example_dags/example_time_delta_sensor_async.py
[2025-02-08T13:28:01.548+0000] {processor.py:840} INFO - DAG(s) 'example_time_delta_sensor_async' retrieved from /home/airflow/.local/lib/python3.8/site-packages/airflow/example_dags/example_time_delta_sensor_async.py
[2025-02-08T13:28:01.739+0000] {logging_mixin.py:188} INFO - [2025-02-08T13:28:01.739+0000] {dag.py:3036} INFO - Sync 1 DAGs
[2025-02-08T13:28:01.800+0000] {logging_mixin.py:188} INFO - [2025-02-08T13:28:01.800+0000] {dag.py:3823} INFO - Setting next_dagrun for example_time_delta_sensor_async to None, run_after=None
[2025-02-08T13:28:01.888+0000] {processor.py:183} INFO - Processing /home/airflow/.local/lib/python3.8/site-packages/airflow/example_dags/example_time_delta_sensor_async.py took 0.420 seconds
[2025-02-08T13:28:32.349+0000] {processor.py:161} INFO - Started process (PID=2383) to work on /home/airflow/.local/lib/python3.8/site-packages/airflow/example_dags/example_time_delta_sensor_async.py
[2025-02-08T13:28:32.353+0000] {processor.py:830} INFO - Processing file /home/airflow/.local/lib/python3.8/site-packages/airflow/example_dags/example_time_delta_sensor_async.py for tasks to queue
[2025-02-08T13:28:32.363+0000] {logging_mixin.py:188} INFO - [2025-02-08T13:28:32.362+0000] {dagbag.py:538} INFO - Filling up the DagBag from /home/airflow/.local/lib/python3.8/site-packages/airflow/example_dags/example_time_delta_sensor_async.py
[2025-02-08T13:28:32.390+0000] {processor.py:840} INFO - DAG(s) 'example_time_delta_sensor_async' retrieved from /home/airflow/.local/lib/python3.8/site-packages/airflow/example_dags/example_time_delta_sensor_async.py
[2025-02-08T13:28:32.468+0000] {logging_mixin.py:188} INFO - [2025-02-08T13:28:32.468+0000] {dag.py:3036} INFO - Sync 1 DAGs
[2025-02-08T13:28:32.497+0000] {logging_mixin.py:188} INFO - [2025-02-08T13:28:32.497+0000] {dag.py:3823} INFO - Setting next_dagrun for example_time_delta_sensor_async to None, run_after=None
[2025-02-08T13:28:32.544+0000] {processor.py:183} INFO - Processing /home/airflow/.local/lib/python3.8/site-packages/airflow/example_dags/example_time_delta_sensor_async.py took 0.215 seconds
[2025-02-08T13:29:03.357+0000] {processor.py:161} INFO - Started process (PID=2440) to work on /home/airflow/.local/lib/python3.8/site-packages/airflow/example_dags/example_time_delta_sensor_async.py
[2025-02-08T13:29:03.359+0000] {processor.py:830} INFO - Processing file /home/airflow/.local/lib/python3.8/site-packages/airflow/example_dags/example_time_delta_sensor_async.py for tasks to queue
[2025-02-08T13:29:03.362+0000] {logging_mixin.py:188} INFO - [2025-02-08T13:29:03.362+0000] {dagbag.py:538} INFO - Filling up the DagBag from /home/airflow/.local/lib/python3.8/site-packages/airflow/example_dags/example_time_delta_sensor_async.py
[2025-02-08T13:29:03.373+0000] {processor.py:840} INFO - DAG(s) 'example_time_delta_sensor_async' retrieved from /home/airflow/.local/lib/python3.8/site-packages/airflow/example_dags/example_time_delta_sensor_async.py
[2025-02-08T13:29:03.419+0000] {logging_mixin.py:188} INFO - [2025-02-08T13:29:03.419+0000] {dag.py:3036} INFO - Sync 1 DAGs
[2025-02-08T13:29:03.447+0000] {logging_mixin.py:188} INFO - [2025-02-08T13:29:03.447+0000] {dag.py:3823} INFO - Setting next_dagrun for example_time_delta_sensor_async to None, run_after=None
[2025-02-08T13:29:03.486+0000] {processor.py:183} INFO - Processing /home/airflow/.local/lib/python3.8/site-packages/airflow/example_dags/example_time_delta_sensor_async.py took 0.135 seconds
[2025-02-08T13:29:33.646+0000] {processor.py:161} INFO - Started process (PID=2505) to work on /home/airflow/.local/lib/python3.8/site-packages/airflow/example_dags/example_time_delta_sensor_async.py
[2025-02-08T13:29:33.650+0000] {processor.py:830} INFO - Processing file /home/airflow/.local/lib/python3.8/site-packages/airflow/example_dags/example_time_delta_sensor_async.py for tasks to queue
[2025-02-08T13:29:33.658+0000] {logging_mixin.py:188} INFO - [2025-02-08T13:29:33.657+0000] {dagbag.py:538} INFO - Filling up the DagBag from /home/airflow/.local/lib/python3.8/site-packages/airflow/example_dags/example_time_delta_sensor_async.py
[2025-02-08T13:29:33.672+0000] {processor.py:840} INFO - DAG(s) 'example_time_delta_sensor_async' retrieved from /home/airflow/.local/lib/python3.8/site-packages/airflow/example_dags/example_time_delta_sensor_async.py
[2025-02-08T13:29:33.749+0000] {logging_mixin.py:188} INFO - [2025-02-08T13:29:33.748+0000] {dag.py:3036} INFO - Sync 1 DAGs
[2025-02-08T13:29:33.783+0000] {logging_mixin.py:188} INFO - [2025-02-08T13:29:33.782+0000] {dag.py:3823} INFO - Setting next_dagrun for example_time_delta_sensor_async to None, run_after=None
[2025-02-08T13:29:33.892+0000] {processor.py:183} INFO - Processing /home/airflow/.local/lib/python3.8/site-packages/airflow/example_dags/example_time_delta_sensor_async.py took 0.256 seconds
[2025-02-08T13:30:04.583+0000] {processor.py:161} INFO - Started process (PID=2570) to work on /home/airflow/.local/lib/python3.8/site-packages/airflow/example_dags/example_time_delta_sensor_async.py
[2025-02-08T13:30:04.586+0000] {processor.py:830} INFO - Processing file /home/airflow/.local/lib/python3.8/site-packages/airflow/example_dags/example_time_delta_sensor_async.py for tasks to queue
[2025-02-08T13:30:04.594+0000] {logging_mixin.py:188} INFO - [2025-02-08T13:30:04.594+0000] {dagbag.py:538} INFO - Filling up the DagBag from /home/airflow/.local/lib/python3.8/site-packages/airflow/example_dags/example_time_delta_sensor_async.py
[2025-02-08T13:30:04.612+0000] {processor.py:840} INFO - DAG(s) 'example_time_delta_sensor_async' retrieved from /home/airflow/.local/lib/python3.8/site-packages/airflow/example_dags/example_time_delta_sensor_async.py
[2025-02-08T13:30:04.717+0000] {logging_mixin.py:188} INFO - [2025-02-08T13:30:04.716+0000] {dag.py:3036} INFO - Sync 1 DAGs
[2025-02-08T13:30:04.783+0000] {logging_mixin.py:188} INFO - [2025-02-08T13:30:04.782+0000] {dag.py:3823} INFO - Setting next_dagrun for example_time_delta_sensor_async to None, run_after=None
[2025-02-08T13:30:04.849+0000] {processor.py:183} INFO - Processing /home/airflow/.local/lib/python3.8/site-packages/airflow/example_dags/example_time_delta_sensor_async.py took 0.274 seconds
[2025-02-08T13:30:35.605+0000] {processor.py:161} INFO - Started process (PID=2634) to work on /home/airflow/.local/lib/python3.8/site-packages/airflow/example_dags/example_time_delta_sensor_async.py
[2025-02-08T13:30:35.611+0000] {processor.py:830} INFO - Processing file /home/airflow/.local/lib/python3.8/site-packages/airflow/example_dags/example_time_delta_sensor_async.py for tasks to queue
[2025-02-08T13:30:35.623+0000] {logging_mixin.py:188} INFO - [2025-02-08T13:30:35.623+0000] {dagbag.py:538} INFO - Filling up the DagBag from /home/airflow/.local/lib/python3.8/site-packages/airflow/example_dags/example_time_delta_sensor_async.py
[2025-02-08T13:30:35.637+0000] {processor.py:840} INFO - DAG(s) 'example_time_delta_sensor_async' retrieved from /home/airflow/.local/lib/python3.8/site-packages/airflow/example_dags/example_time_delta_sensor_async.py
[2025-02-08T13:30:35.724+0000] {logging_mixin.py:188} INFO - [2025-02-08T13:30:35.724+0000] {dag.py:3036} INFO - Sync 1 DAGs
[2025-02-08T13:30:35.772+0000] {logging_mixin.py:188} INFO - [2025-02-08T13:30:35.771+0000] {dag.py:3823} INFO - Setting next_dagrun for example_time_delta_sensor_async to None, run_after=None
[2025-02-08T13:30:35.861+0000] {processor.py:183} INFO - Processing /home/airflow/.local/lib/python3.8/site-packages/airflow/example_dags/example_time_delta_sensor_async.py took 0.266 seconds
[2025-02-08T13:31:06.672+0000] {processor.py:161} INFO - Started process (PID=2691) to work on /home/airflow/.local/lib/python3.8/site-packages/airflow/example_dags/example_time_delta_sensor_async.py
[2025-02-08T13:31:06.674+0000] {processor.py:830} INFO - Processing file /home/airflow/.local/lib/python3.8/site-packages/airflow/example_dags/example_time_delta_sensor_async.py for tasks to queue
[2025-02-08T13:31:06.680+0000] {logging_mixin.py:188} INFO - [2025-02-08T13:31:06.678+0000] {dagbag.py:538} INFO - Filling up the DagBag from /home/airflow/.local/lib/python3.8/site-packages/airflow/example_dags/example_time_delta_sensor_async.py
[2025-02-08T13:31:06.693+0000] {processor.py:840} INFO - DAG(s) 'example_time_delta_sensor_async' retrieved from /home/airflow/.local/lib/python3.8/site-packages/airflow/example_dags/example_time_delta_sensor_async.py
[2025-02-08T13:31:06.764+0000] {logging_mixin.py:188} INFO - [2025-02-08T13:31:06.764+0000] {dag.py:3036} INFO - Sync 1 DAGs
[2025-02-08T13:31:06.847+0000] {logging_mixin.py:188} INFO - [2025-02-08T13:31:06.846+0000] {dag.py:3823} INFO - Setting next_dagrun for example_time_delta_sensor_async to None, run_after=None
[2025-02-08T13:31:06.965+0000] {processor.py:183} INFO - Processing /home/airflow/.local/lib/python3.8/site-packages/airflow/example_dags/example_time_delta_sensor_async.py took 0.302 seconds
[2025-02-08T13:31:37.396+0000] {processor.py:161} INFO - Started process (PID=2757) to work on /home/airflow/.local/lib/python3.8/site-packages/airflow/example_dags/example_time_delta_sensor_async.py
[2025-02-08T13:31:37.399+0000] {processor.py:830} INFO - Processing file /home/airflow/.local/lib/python3.8/site-packages/airflow/example_dags/example_time_delta_sensor_async.py for tasks to queue
[2025-02-08T13:31:37.404+0000] {logging_mixin.py:188} INFO - [2025-02-08T13:31:37.403+0000] {dagbag.py:538} INFO - Filling up the DagBag from /home/airflow/.local/lib/python3.8/site-packages/airflow/example_dags/example_time_delta_sensor_async.py
[2025-02-08T13:31:37.418+0000] {processor.py:840} INFO - DAG(s) 'example_time_delta_sensor_async' retrieved from /home/airflow/.local/lib/python3.8/site-packages/airflow/example_dags/example_time_delta_sensor_async.py
[2025-02-08T13:31:37.483+0000] {logging_mixin.py:188} INFO - [2025-02-08T13:31:37.483+0000] {dag.py:3036} INFO - Sync 1 DAGs
[2025-02-08T13:31:37.519+0000] {logging_mixin.py:188} INFO - [2025-02-08T13:31:37.518+0000] {dag.py:3823} INFO - Setting next_dagrun for example_time_delta_sensor_async to None, run_after=None
[2025-02-08T13:31:37.584+0000] {processor.py:183} INFO - Processing /home/airflow/.local/lib/python3.8/site-packages/airflow/example_dags/example_time_delta_sensor_async.py took 0.196 seconds
[2025-02-08T13:32:08.316+0000] {processor.py:161} INFO - Started process (PID=2821) to work on /home/airflow/.local/lib/python3.8/site-packages/airflow/example_dags/example_time_delta_sensor_async.py
[2025-02-08T13:32:08.317+0000] {processor.py:830} INFO - Processing file /home/airflow/.local/lib/python3.8/site-packages/airflow/example_dags/example_time_delta_sensor_async.py for tasks to queue
[2025-02-08T13:32:08.320+0000] {logging_mixin.py:188} INFO - [2025-02-08T13:32:08.319+0000] {dagbag.py:538} INFO - Filling up the DagBag from /home/airflow/.local/lib/python3.8/site-packages/airflow/example_dags/example_time_delta_sensor_async.py
[2025-02-08T13:32:08.333+0000] {processor.py:840} INFO - DAG(s) 'example_time_delta_sensor_async' retrieved from /home/airflow/.local/lib/python3.8/site-packages/airflow/example_dags/example_time_delta_sensor_async.py
[2025-02-08T13:32:08.386+0000] {logging_mixin.py:188} INFO - [2025-02-08T13:32:08.385+0000] {dag.py:3036} INFO - Sync 1 DAGs
[2025-02-08T13:32:08.421+0000] {logging_mixin.py:188} INFO - [2025-02-08T13:32:08.421+0000] {dag.py:3823} INFO - Setting next_dagrun for example_time_delta_sensor_async to None, run_after=None
[2025-02-08T13:32:08.483+0000] {processor.py:183} INFO - Processing /home/airflow/.local/lib/python3.8/site-packages/airflow/example_dags/example_time_delta_sensor_async.py took 0.173 seconds
[2025-02-08T13:32:38.901+0000] {processor.py:161} INFO - Started process (PID=2885) to work on /home/airflow/.local/lib/python3.8/site-packages/airflow/example_dags/example_time_delta_sensor_async.py
[2025-02-08T13:32:38.905+0000] {processor.py:830} INFO - Processing file /home/airflow/.local/lib/python3.8/site-packages/airflow/example_dags/example_time_delta_sensor_async.py for tasks to queue
[2025-02-08T13:32:38.911+0000] {logging_mixin.py:188} INFO - [2025-02-08T13:32:38.910+0000] {dagbag.py:538} INFO - Filling up the DagBag from /home/airflow/.local/lib/python3.8/site-packages/airflow/example_dags/example_time_delta_sensor_async.py
[2025-02-08T13:32:38.921+0000] {processor.py:840} INFO - DAG(s) 'example_time_delta_sensor_async' retrieved from /home/airflow/.local/lib/python3.8/site-packages/airflow/example_dags/example_time_delta_sensor_async.py
[2025-02-08T13:32:38.999+0000] {logging_mixin.py:188} INFO - [2025-02-08T13:32:38.998+0000] {dag.py:3036} INFO - Sync 1 DAGs
[2025-02-08T13:32:39.022+0000] {logging_mixin.py:188} INFO - [2025-02-08T13:32:39.021+0000] {dag.py:3823} INFO - Setting next_dagrun for example_time_delta_sensor_async to None, run_after=None
[2025-02-08T13:32:39.103+0000] {processor.py:183} INFO - Processing /home/airflow/.local/lib/python3.8/site-packages/airflow/example_dags/example_time_delta_sensor_async.py took 0.214 seconds
[2025-02-08T13:33:09.436+0000] {processor.py:161} INFO - Started process (PID=2948) to work on /home/airflow/.local/lib/python3.8/site-packages/airflow/example_dags/example_time_delta_sensor_async.py
[2025-02-08T13:33:09.442+0000] {processor.py:830} INFO - Processing file /home/airflow/.local/lib/python3.8/site-packages/airflow/example_dags/example_time_delta_sensor_async.py for tasks to queue
[2025-02-08T13:33:09.451+0000] {logging_mixin.py:188} INFO - [2025-02-08T13:33:09.448+0000] {dagbag.py:538} INFO - Filling up the DagBag from /home/airflow/.local/lib/python3.8/site-packages/airflow/example_dags/example_time_delta_sensor_async.py
[2025-02-08T13:33:09.464+0000] {processor.py:840} INFO - DAG(s) 'example_time_delta_sensor_async' retrieved from /home/airflow/.local/lib/python3.8/site-packages/airflow/example_dags/example_time_delta_sensor_async.py
[2025-02-08T13:33:09.542+0000] {logging_mixin.py:188} INFO - [2025-02-08T13:33:09.542+0000] {dag.py:3036} INFO - Sync 1 DAGs
[2025-02-08T13:33:09.628+0000] {logging_mixin.py:188} INFO - [2025-02-08T13:33:09.625+0000] {dag.py:3823} INFO - Setting next_dagrun for example_time_delta_sensor_async to None, run_after=None
[2025-02-08T13:33:09.678+0000] {processor.py:183} INFO - Processing /home/airflow/.local/lib/python3.8/site-packages/airflow/example_dags/example_time_delta_sensor_async.py took 0.251 seconds
[2025-02-08T13:33:39.905+0000] {processor.py:161} INFO - Started process (PID=3013) to work on /home/airflow/.local/lib/python3.8/site-packages/airflow/example_dags/example_time_delta_sensor_async.py
[2025-02-08T13:33:39.909+0000] {processor.py:830} INFO - Processing file /home/airflow/.local/lib/python3.8/site-packages/airflow/example_dags/example_time_delta_sensor_async.py for tasks to queue
[2025-02-08T13:33:39.913+0000] {logging_mixin.py:188} INFO - [2025-02-08T13:33:39.912+0000] {dagbag.py:538} INFO - Filling up the DagBag from /home/airflow/.local/lib/python3.8/site-packages/airflow/example_dags/example_time_delta_sensor_async.py
[2025-02-08T13:33:39.938+0000] {processor.py:840} INFO - DAG(s) 'example_time_delta_sensor_async' retrieved from /home/airflow/.local/lib/python3.8/site-packages/airflow/example_dags/example_time_delta_sensor_async.py
[2025-02-08T13:33:40.004+0000] {logging_mixin.py:188} INFO - [2025-02-08T13:33:40.004+0000] {dag.py:3036} INFO - Sync 1 DAGs
[2025-02-08T13:33:40.046+0000] {logging_mixin.py:188} INFO - [2025-02-08T13:33:40.045+0000] {dag.py:3823} INFO - Setting next_dagrun for example_time_delta_sensor_async to None, run_after=None
[2025-02-08T13:33:40.102+0000] {processor.py:183} INFO - Processing /home/airflow/.local/lib/python3.8/site-packages/airflow/example_dags/example_time_delta_sensor_async.py took 0.203 seconds
[2025-02-08T13:34:10.885+0000] {processor.py:161} INFO - Started process (PID=3076) to work on /home/airflow/.local/lib/python3.8/site-packages/airflow/example_dags/example_time_delta_sensor_async.py
[2025-02-08T13:34:10.889+0000] {processor.py:830} INFO - Processing file /home/airflow/.local/lib/python3.8/site-packages/airflow/example_dags/example_time_delta_sensor_async.py for tasks to queue
[2025-02-08T13:34:10.895+0000] {logging_mixin.py:188} INFO - [2025-02-08T13:34:10.895+0000] {dagbag.py:538} INFO - Filling up the DagBag from /home/airflow/.local/lib/python3.8/site-packages/airflow/example_dags/example_time_delta_sensor_async.py
[2025-02-08T13:34:10.904+0000] {processor.py:840} INFO - DAG(s) 'example_time_delta_sensor_async' retrieved from /home/airflow/.local/lib/python3.8/site-packages/airflow/example_dags/example_time_delta_sensor_async.py
[2025-02-08T13:34:10.990+0000] {logging_mixin.py:188} INFO - [2025-02-08T13:34:10.990+0000] {dag.py:3036} INFO - Sync 1 DAGs
[2025-02-08T13:34:11.038+0000] {logging_mixin.py:188} INFO - [2025-02-08T13:34:11.037+0000] {dag.py:3823} INFO - Setting next_dagrun for example_time_delta_sensor_async to None, run_after=None
[2025-02-08T13:34:11.099+0000] {processor.py:183} INFO - Processing /home/airflow/.local/lib/python3.8/site-packages/airflow/example_dags/example_time_delta_sensor_async.py took 0.229 seconds
[2025-02-08T13:34:43.386+0000] {processor.py:161} INFO - Started process (PID=3141) to work on /home/airflow/.local/lib/python3.8/site-packages/airflow/example_dags/example_time_delta_sensor_async.py
[2025-02-08T13:34:43.620+0000] {processor.py:830} INFO - Processing file /home/airflow/.local/lib/python3.8/site-packages/airflow/example_dags/example_time_delta_sensor_async.py for tasks to queue
[2025-02-08T13:34:43.627+0000] {logging_mixin.py:188} INFO - [2025-02-08T13:34:43.626+0000] {dagbag.py:538} INFO - Filling up the DagBag from /home/airflow/.local/lib/python3.8/site-packages/airflow/example_dags/example_time_delta_sensor_async.py
[2025-02-08T13:34:43.908+0000] {processor.py:840} INFO - DAG(s) 'example_time_delta_sensor_async' retrieved from /home/airflow/.local/lib/python3.8/site-packages/airflow/example_dags/example_time_delta_sensor_async.py
[2025-02-08T13:34:44.344+0000] {logging_mixin.py:188} INFO - [2025-02-08T13:34:44.344+0000] {dag.py:3036} INFO - Sync 1 DAGs
[2025-02-08T13:34:44.944+0000] {logging_mixin.py:188} INFO - [2025-02-08T13:34:44.943+0000] {dag.py:3823} INFO - Setting next_dagrun for example_time_delta_sensor_async to None, run_after=None
[2025-02-08T13:34:46.153+0000] {processor.py:183} INFO - Processing /home/airflow/.local/lib/python3.8/site-packages/airflow/example_dags/example_time_delta_sensor_async.py took 2.809 seconds
[2025-02-08T13:35:38.721+0000] {processor.py:161} INFO - Started process (PID=3213) to work on /home/airflow/.local/lib/python3.8/site-packages/airflow/example_dags/example_time_delta_sensor_async.py
[2025-02-08T13:35:38.724+0000] {processor.py:830} INFO - Processing file /home/airflow/.local/lib/python3.8/site-packages/airflow/example_dags/example_time_delta_sensor_async.py for tasks to queue
[2025-02-08T13:35:38.730+0000] {logging_mixin.py:188} INFO - [2025-02-08T13:35:38.730+0000] {dagbag.py:538} INFO - Filling up the DagBag from /home/airflow/.local/lib/python3.8/site-packages/airflow/example_dags/example_time_delta_sensor_async.py
[2025-02-08T13:35:38.761+0000] {processor.py:840} INFO - DAG(s) 'example_time_delta_sensor_async' retrieved from /home/airflow/.local/lib/python3.8/site-packages/airflow/example_dags/example_time_delta_sensor_async.py
[2025-02-08T13:35:38.868+0000] {logging_mixin.py:188} INFO - [2025-02-08T13:35:38.867+0000] {dag.py:3036} INFO - Sync 1 DAGs
[2025-02-08T13:35:38.914+0000] {logging_mixin.py:188} INFO - [2025-02-08T13:35:38.914+0000] {dag.py:3823} INFO - Setting next_dagrun for example_time_delta_sensor_async to None, run_after=None
[2025-02-08T13:35:38.987+0000] {processor.py:183} INFO - Processing /home/airflow/.local/lib/python3.8/site-packages/airflow/example_dags/example_time_delta_sensor_async.py took 0.289 seconds
[2025-02-08T13:36:11.383+0000] {processor.py:161} INFO - Started process (PID=3278) to work on /home/airflow/.local/lib/python3.8/site-packages/airflow/example_dags/example_time_delta_sensor_async.py
[2025-02-08T13:36:11.386+0000] {processor.py:830} INFO - Processing file /home/airflow/.local/lib/python3.8/site-packages/airflow/example_dags/example_time_delta_sensor_async.py for tasks to queue
[2025-02-08T13:36:11.395+0000] {logging_mixin.py:188} INFO - [2025-02-08T13:36:11.391+0000] {dagbag.py:538} INFO - Filling up the DagBag from /home/airflow/.local/lib/python3.8/site-packages/airflow/example_dags/example_time_delta_sensor_async.py
[2025-02-08T13:36:11.412+0000] {processor.py:840} INFO - DAG(s) 'example_time_delta_sensor_async' retrieved from /home/airflow/.local/lib/python3.8/site-packages/airflow/example_dags/example_time_delta_sensor_async.py
[2025-02-08T13:36:11.923+0000] {logging_mixin.py:188} INFO - [2025-02-08T13:36:11.922+0000] {dag.py:3036} INFO - Sync 1 DAGs
[2025-02-08T13:36:11.985+0000] {logging_mixin.py:188} INFO - [2025-02-08T13:36:11.983+0000] {dag.py:3823} INFO - Setting next_dagrun for example_time_delta_sensor_async to None, run_after=None
[2025-02-08T13:36:12.068+0000] {processor.py:183} INFO - Processing /home/airflow/.local/lib/python3.8/site-packages/airflow/example_dags/example_time_delta_sensor_async.py took 0.697 seconds
[2025-02-08T13:36:43.218+0000] {processor.py:161} INFO - Started process (PID=3343) to work on /home/airflow/.local/lib/python3.8/site-packages/airflow/example_dags/example_time_delta_sensor_async.py
[2025-02-08T13:36:43.219+0000] {processor.py:830} INFO - Processing file /home/airflow/.local/lib/python3.8/site-packages/airflow/example_dags/example_time_delta_sensor_async.py for tasks to queue
[2025-02-08T13:36:43.222+0000] {logging_mixin.py:188} INFO - [2025-02-08T13:36:43.222+0000] {dagbag.py:538} INFO - Filling up the DagBag from /home/airflow/.local/lib/python3.8/site-packages/airflow/example_dags/example_time_delta_sensor_async.py
[2025-02-08T13:36:43.231+0000] {processor.py:840} INFO - DAG(s) 'example_time_delta_sensor_async' retrieved from /home/airflow/.local/lib/python3.8/site-packages/airflow/example_dags/example_time_delta_sensor_async.py
[2025-02-08T13:36:43.285+0000] {logging_mixin.py:188} INFO - [2025-02-08T13:36:43.285+0000] {dag.py:3036} INFO - Sync 1 DAGs
[2025-02-08T13:36:43.570+0000] {logging_mixin.py:188} INFO - [2025-02-08T13:36:43.569+0000] {dag.py:3823} INFO - Setting next_dagrun for example_time_delta_sensor_async to None, run_after=None
[2025-02-08T13:36:43.701+0000] {processor.py:183} INFO - Processing /home/airflow/.local/lib/python3.8/site-packages/airflow/example_dags/example_time_delta_sensor_async.py took 0.489 seconds
[2025-02-08T13:37:13.890+0000] {processor.py:161} INFO - Started process (PID=3406) to work on /home/airflow/.local/lib/python3.8/site-packages/airflow/example_dags/example_time_delta_sensor_async.py
[2025-02-08T13:37:13.898+0000] {processor.py:830} INFO - Processing file /home/airflow/.local/lib/python3.8/site-packages/airflow/example_dags/example_time_delta_sensor_async.py for tasks to queue
[2025-02-08T13:37:13.903+0000] {logging_mixin.py:188} INFO - [2025-02-08T13:37:13.903+0000] {dagbag.py:538} INFO - Filling up the DagBag from /home/airflow/.local/lib/python3.8/site-packages/airflow/example_dags/example_time_delta_sensor_async.py
[2025-02-08T13:37:13.922+0000] {processor.py:840} INFO - DAG(s) 'example_time_delta_sensor_async' retrieved from /home/airflow/.local/lib/python3.8/site-packages/airflow/example_dags/example_time_delta_sensor_async.py
[2025-02-08T13:37:14.035+0000] {logging_mixin.py:188} INFO - [2025-02-08T13:37:14.035+0000] {dag.py:3036} INFO - Sync 1 DAGs
[2025-02-08T13:37:14.101+0000] {logging_mixin.py:188} INFO - [2025-02-08T13:37:14.100+0000] {dag.py:3823} INFO - Setting next_dagrun for example_time_delta_sensor_async to None, run_after=None
[2025-02-08T13:37:14.169+0000] {processor.py:183} INFO - Processing /home/airflow/.local/lib/python3.8/site-packages/airflow/example_dags/example_time_delta_sensor_async.py took 0.296 seconds
[2025-02-08T13:37:44.306+0000] {processor.py:161} INFO - Started process (PID=3469) to work on /home/airflow/.local/lib/python3.8/site-packages/airflow/example_dags/example_time_delta_sensor_async.py
[2025-02-08T13:37:44.311+0000] {processor.py:830} INFO - Processing file /home/airflow/.local/lib/python3.8/site-packages/airflow/example_dags/example_time_delta_sensor_async.py for tasks to queue
[2025-02-08T13:37:44.315+0000] {logging_mixin.py:188} INFO - [2025-02-08T13:37:44.314+0000] {dagbag.py:538} INFO - Filling up the DagBag from /home/airflow/.local/lib/python3.8/site-packages/airflow/example_dags/example_time_delta_sensor_async.py
[2025-02-08T13:37:44.321+0000] {processor.py:840} INFO - DAG(s) 'example_time_delta_sensor_async' retrieved from /home/airflow/.local/lib/python3.8/site-packages/airflow/example_dags/example_time_delta_sensor_async.py
[2025-02-08T13:37:44.380+0000] {logging_mixin.py:188} INFO - [2025-02-08T13:37:44.380+0000] {dag.py:3036} INFO - Sync 1 DAGs
[2025-02-08T13:37:44.416+0000] {logging_mixin.py:188} INFO - [2025-02-08T13:37:44.415+0000] {dag.py:3823} INFO - Setting next_dagrun for example_time_delta_sensor_async to None, run_after=None
[2025-02-08T13:37:44.461+0000] {processor.py:183} INFO - Processing /home/airflow/.local/lib/python3.8/site-packages/airflow/example_dags/example_time_delta_sensor_async.py took 0.165 seconds
[2025-02-08T13:38:15.025+0000] {processor.py:161} INFO - Started process (PID=3534) to work on /home/airflow/.local/lib/python3.8/site-packages/airflow/example_dags/example_time_delta_sensor_async.py
[2025-02-08T13:38:15.034+0000] {processor.py:830} INFO - Processing file /home/airflow/.local/lib/python3.8/site-packages/airflow/example_dags/example_time_delta_sensor_async.py for tasks to queue
[2025-02-08T13:38:15.050+0000] {logging_mixin.py:188} INFO - [2025-02-08T13:38:15.050+0000] {dagbag.py:538} INFO - Filling up the DagBag from /home/airflow/.local/lib/python3.8/site-packages/airflow/example_dags/example_time_delta_sensor_async.py
[2025-02-08T13:38:15.062+0000] {processor.py:840} INFO - DAG(s) 'example_time_delta_sensor_async' retrieved from /home/airflow/.local/lib/python3.8/site-packages/airflow/example_dags/example_time_delta_sensor_async.py
[2025-02-08T13:38:15.154+0000] {logging_mixin.py:188} INFO - [2025-02-08T13:38:15.153+0000] {dag.py:3036} INFO - Sync 1 DAGs
[2025-02-08T13:38:15.197+0000] {logging_mixin.py:188} INFO - [2025-02-08T13:38:15.197+0000] {dag.py:3823} INFO - Setting next_dagrun for example_time_delta_sensor_async to None, run_after=None
[2025-02-08T13:38:15.289+0000] {processor.py:183} INFO - Processing /home/airflow/.local/lib/python3.8/site-packages/airflow/example_dags/example_time_delta_sensor_async.py took 0.270 seconds
[2025-02-08T13:38:45.805+0000] {processor.py:161} INFO - Started process (PID=3592) to work on /home/airflow/.local/lib/python3.8/site-packages/airflow/example_dags/example_time_delta_sensor_async.py
[2025-02-08T13:38:45.812+0000] {processor.py:830} INFO - Processing file /home/airflow/.local/lib/python3.8/site-packages/airflow/example_dags/example_time_delta_sensor_async.py for tasks to queue
[2025-02-08T13:38:45.817+0000] {logging_mixin.py:188} INFO - [2025-02-08T13:38:45.817+0000] {dagbag.py:538} INFO - Filling up the DagBag from /home/airflow/.local/lib/python3.8/site-packages/airflow/example_dags/example_time_delta_sensor_async.py
[2025-02-08T13:38:45.848+0000] {processor.py:840} INFO - DAG(s) 'example_time_delta_sensor_async' retrieved from /home/airflow/.local/lib/python3.8/site-packages/airflow/example_dags/example_time_delta_sensor_async.py
[2025-02-08T13:38:46.079+0000] {logging_mixin.py:188} INFO - [2025-02-08T13:38:46.079+0000] {dag.py:3036} INFO - Sync 1 DAGs
[2025-02-08T13:38:46.170+0000] {logging_mixin.py:188} INFO - [2025-02-08T13:38:46.170+0000] {dag.py:3823} INFO - Setting next_dagrun for example_time_delta_sensor_async to None, run_after=None
[2025-02-08T13:38:46.237+0000] {processor.py:183} INFO - Processing /home/airflow/.local/lib/python3.8/site-packages/airflow/example_dags/example_time_delta_sensor_async.py took 0.450 seconds
[2025-02-08T13:39:16.859+0000] {processor.py:161} INFO - Started process (PID=3657) to work on /home/airflow/.local/lib/python3.8/site-packages/airflow/example_dags/example_time_delta_sensor_async.py
[2025-02-08T13:39:16.861+0000] {processor.py:830} INFO - Processing file /home/airflow/.local/lib/python3.8/site-packages/airflow/example_dags/example_time_delta_sensor_async.py for tasks to queue
[2025-02-08T13:39:16.866+0000] {logging_mixin.py:188} INFO - [2025-02-08T13:39:16.866+0000] {dagbag.py:538} INFO - Filling up the DagBag from /home/airflow/.local/lib/python3.8/site-packages/airflow/example_dags/example_time_delta_sensor_async.py
[2025-02-08T13:39:16.886+0000] {processor.py:840} INFO - DAG(s) 'example_time_delta_sensor_async' retrieved from /home/airflow/.local/lib/python3.8/site-packages/airflow/example_dags/example_time_delta_sensor_async.py
[2025-02-08T13:39:16.994+0000] {logging_mixin.py:188} INFO - [2025-02-08T13:39:16.993+0000] {dag.py:3036} INFO - Sync 1 DAGs
[2025-02-08T13:39:17.029+0000] {logging_mixin.py:188} INFO - [2025-02-08T13:39:17.028+0000] {dag.py:3823} INFO - Setting next_dagrun for example_time_delta_sensor_async to None, run_after=None
[2025-02-08T13:39:17.095+0000] {processor.py:183} INFO - Processing /home/airflow/.local/lib/python3.8/site-packages/airflow/example_dags/example_time_delta_sensor_async.py took 0.253 seconds
[2025-02-08T13:39:47.670+0000] {processor.py:161} INFO - Started process (PID=3723) to work on /home/airflow/.local/lib/python3.8/site-packages/airflow/example_dags/example_time_delta_sensor_async.py
[2025-02-08T13:39:47.672+0000] {processor.py:830} INFO - Processing file /home/airflow/.local/lib/python3.8/site-packages/airflow/example_dags/example_time_delta_sensor_async.py for tasks to queue
[2025-02-08T13:39:47.681+0000] {logging_mixin.py:188} INFO - [2025-02-08T13:39:47.680+0000] {dagbag.py:538} INFO - Filling up the DagBag from /home/airflow/.local/lib/python3.8/site-packages/airflow/example_dags/example_time_delta_sensor_async.py
[2025-02-08T13:39:47.694+0000] {processor.py:840} INFO - DAG(s) 'example_time_delta_sensor_async' retrieved from /home/airflow/.local/lib/python3.8/site-packages/airflow/example_dags/example_time_delta_sensor_async.py
[2025-02-08T13:39:47.762+0000] {logging_mixin.py:188} INFO - [2025-02-08T13:39:47.761+0000] {dag.py:3036} INFO - Sync 1 DAGs
[2025-02-08T13:39:47.800+0000] {logging_mixin.py:188} INFO - [2025-02-08T13:39:47.799+0000] {dag.py:3823} INFO - Setting next_dagrun for example_time_delta_sensor_async to None, run_after=None
[2025-02-08T13:39:47.885+0000] {processor.py:183} INFO - Processing /home/airflow/.local/lib/python3.8/site-packages/airflow/example_dags/example_time_delta_sensor_async.py took 0.222 seconds
[2025-02-08T13:40:18.434+0000] {processor.py:161} INFO - Started process (PID=3788) to work on /home/airflow/.local/lib/python3.8/site-packages/airflow/example_dags/example_time_delta_sensor_async.py
[2025-02-08T13:40:18.435+0000] {processor.py:830} INFO - Processing file /home/airflow/.local/lib/python3.8/site-packages/airflow/example_dags/example_time_delta_sensor_async.py for tasks to queue
[2025-02-08T13:40:18.439+0000] {logging_mixin.py:188} INFO - [2025-02-08T13:40:18.439+0000] {dagbag.py:538} INFO - Filling up the DagBag from /home/airflow/.local/lib/python3.8/site-packages/airflow/example_dags/example_time_delta_sensor_async.py
[2025-02-08T13:40:18.455+0000] {processor.py:840} INFO - DAG(s) 'example_time_delta_sensor_async' retrieved from /home/airflow/.local/lib/python3.8/site-packages/airflow/example_dags/example_time_delta_sensor_async.py
[2025-02-08T13:40:18.535+0000] {logging_mixin.py:188} INFO - [2025-02-08T13:40:18.535+0000] {dag.py:3036} INFO - Sync 1 DAGs
[2025-02-08T13:40:18.574+0000] {logging_mixin.py:188} INFO - [2025-02-08T13:40:18.573+0000] {dag.py:3823} INFO - Setting next_dagrun for example_time_delta_sensor_async to None, run_after=None
[2025-02-08T13:40:18.639+0000] {processor.py:183} INFO - Processing /home/airflow/.local/lib/python3.8/site-packages/airflow/example_dags/example_time_delta_sensor_async.py took 0.217 seconds
[2025-02-08T13:41:02.860+0000] {processor.py:161} INFO - Started process (PID=3852) to work on /home/airflow/.local/lib/python3.8/site-packages/airflow/example_dags/example_time_delta_sensor_async.py
[2025-02-08T13:41:02.904+0000] {processor.py:830} INFO - Processing file /home/airflow/.local/lib/python3.8/site-packages/airflow/example_dags/example_time_delta_sensor_async.py for tasks to queue
[2025-02-08T13:41:02.959+0000] {logging_mixin.py:188} INFO - [2025-02-08T13:41:02.958+0000] {dagbag.py:538} INFO - Filling up the DagBag from /home/airflow/.local/lib/python3.8/site-packages/airflow/example_dags/example_time_delta_sensor_async.py
[2025-02-08T13:41:03.051+0000] {processor.py:840} INFO - DAG(s) 'example_time_delta_sensor_async' retrieved from /home/airflow/.local/lib/python3.8/site-packages/airflow/example_dags/example_time_delta_sensor_async.py
[2025-02-08T13:41:03.603+0000] {logging_mixin.py:188} INFO - [2025-02-08T13:41:03.602+0000] {dag.py:3036} INFO - Sync 1 DAGs
[2025-02-08T13:41:04.719+0000] {logging_mixin.py:188} INFO - [2025-02-08T13:41:04.718+0000] {dag.py:3823} INFO - Setting next_dagrun for example_time_delta_sensor_async to None, run_after=None
[2025-02-08T13:41:05.804+0000] {processor.py:183} INFO - Processing /home/airflow/.local/lib/python3.8/site-packages/airflow/example_dags/example_time_delta_sensor_async.py took 2.959 seconds
[2025-02-08T13:42:33.844+0000] {processor.py:161} INFO - Started process (PID=3936) to work on /home/airflow/.local/lib/python3.8/site-packages/airflow/example_dags/example_time_delta_sensor_async.py
[2025-02-08T13:42:33.848+0000] {processor.py:830} INFO - Processing file /home/airflow/.local/lib/python3.8/site-packages/airflow/example_dags/example_time_delta_sensor_async.py for tasks to queue
[2025-02-08T13:42:34.162+0000] {logging_mixin.py:188} INFO - [2025-02-08T13:42:34.158+0000] {dagbag.py:538} INFO - Filling up the DagBag from /home/airflow/.local/lib/python3.8/site-packages/airflow/example_dags/example_time_delta_sensor_async.py
[2025-02-08T13:42:34.582+0000] {processor.py:840} INFO - DAG(s) 'example_time_delta_sensor_async' retrieved from /home/airflow/.local/lib/python3.8/site-packages/airflow/example_dags/example_time_delta_sensor_async.py
[2025-02-08T13:42:35.466+0000] {logging_mixin.py:188} INFO - [2025-02-08T13:42:35.465+0000] {dag.py:3036} INFO - Sync 1 DAGs
[2025-02-08T13:42:35.706+0000] {logging_mixin.py:188} INFO - [2025-02-08T13:42:35.706+0000] {dag.py:3823} INFO - Setting next_dagrun for example_time_delta_sensor_async to None, run_after=None
[2025-02-08T13:42:35.974+0000] {processor.py:183} INFO - Processing /home/airflow/.local/lib/python3.8/site-packages/airflow/example_dags/example_time_delta_sensor_async.py took 2.175 seconds
[2025-02-08T13:43:20.694+0000] {processor.py:161} INFO - Started process (PID=4015) to work on /home/airflow/.local/lib/python3.8/site-packages/airflow/example_dags/example_time_delta_sensor_async.py
[2025-02-08T13:43:20.696+0000] {processor.py:830} INFO - Processing file /home/airflow/.local/lib/python3.8/site-packages/airflow/example_dags/example_time_delta_sensor_async.py for tasks to queue
[2025-02-08T13:43:20.705+0000] {logging_mixin.py:188} INFO - [2025-02-08T13:43:20.704+0000] {dagbag.py:538} INFO - Filling up the DagBag from /home/airflow/.local/lib/python3.8/site-packages/airflow/example_dags/example_time_delta_sensor_async.py
[2025-02-08T13:43:20.718+0000] {processor.py:840} INFO - DAG(s) 'example_time_delta_sensor_async' retrieved from /home/airflow/.local/lib/python3.8/site-packages/airflow/example_dags/example_time_delta_sensor_async.py
[2025-02-08T13:43:20.794+0000] {logging_mixin.py:188} INFO - [2025-02-08T13:43:20.792+0000] {dag.py:3036} INFO - Sync 1 DAGs
[2025-02-08T13:43:20.852+0000] {logging_mixin.py:188} INFO - [2025-02-08T13:43:20.852+0000] {dag.py:3823} INFO - Setting next_dagrun for example_time_delta_sensor_async to None, run_after=None
[2025-02-08T13:43:20.920+0000] {processor.py:183} INFO - Processing /home/airflow/.local/lib/python3.8/site-packages/airflow/example_dags/example_time_delta_sensor_async.py took 0.237 seconds
[2025-02-08T13:43:54.317+0000] {processor.py:161} INFO - Started process (PID=4074) to work on /home/airflow/.local/lib/python3.8/site-packages/airflow/example_dags/example_time_delta_sensor_async.py
[2025-02-08T13:43:54.342+0000] {processor.py:830} INFO - Processing file /home/airflow/.local/lib/python3.8/site-packages/airflow/example_dags/example_time_delta_sensor_async.py for tasks to queue
[2025-02-08T13:43:54.349+0000] {logging_mixin.py:188} INFO - [2025-02-08T13:43:54.348+0000] {dagbag.py:538} INFO - Filling up the DagBag from /home/airflow/.local/lib/python3.8/site-packages/airflow/example_dags/example_time_delta_sensor_async.py
[2025-02-08T13:43:54.371+0000] {processor.py:840} INFO - DAG(s) 'example_time_delta_sensor_async' retrieved from /home/airflow/.local/lib/python3.8/site-packages/airflow/example_dags/example_time_delta_sensor_async.py
[2025-02-08T13:43:55.236+0000] {logging_mixin.py:188} INFO - [2025-02-08T13:43:55.235+0000] {dag.py:3036} INFO - Sync 1 DAGs
[2025-02-08T13:43:55.338+0000] {logging_mixin.py:188} INFO - [2025-02-08T13:43:55.326+0000] {dag.py:3823} INFO - Setting next_dagrun for example_time_delta_sensor_async to None, run_after=None
[2025-02-08T13:43:55.835+0000] {processor.py:183} INFO - Processing /home/airflow/.local/lib/python3.8/site-packages/airflow/example_dags/example_time_delta_sensor_async.py took 1.538 seconds
[2025-02-08T13:44:35.694+0000] {processor.py:161} INFO - Started process (PID=4148) to work on /home/airflow/.local/lib/python3.8/site-packages/airflow/example_dags/example_time_delta_sensor_async.py
[2025-02-08T13:44:35.716+0000] {processor.py:830} INFO - Processing file /home/airflow/.local/lib/python3.8/site-packages/airflow/example_dags/example_time_delta_sensor_async.py for tasks to queue
[2025-02-08T13:44:35.790+0000] {logging_mixin.py:188} INFO - [2025-02-08T13:44:35.756+0000] {dagbag.py:538} INFO - Filling up the DagBag from /home/airflow/.local/lib/python3.8/site-packages/airflow/example_dags/example_time_delta_sensor_async.py
[2025-02-08T13:44:35.855+0000] {processor.py:840} INFO - DAG(s) 'example_time_delta_sensor_async' retrieved from /home/airflow/.local/lib/python3.8/site-packages/airflow/example_dags/example_time_delta_sensor_async.py
[2025-02-08T13:44:36.287+0000] {logging_mixin.py:188} INFO - [2025-02-08T13:44:36.287+0000] {dag.py:3036} INFO - Sync 1 DAGs
[2025-02-08T13:44:36.407+0000] {logging_mixin.py:188} INFO - [2025-02-08T13:44:36.406+0000] {dag.py:3823} INFO - Setting next_dagrun for example_time_delta_sensor_async to None, run_after=None
[2025-02-08T13:44:36.645+0000] {processor.py:183} INFO - Processing /home/airflow/.local/lib/python3.8/site-packages/airflow/example_dags/example_time_delta_sensor_async.py took 0.962 seconds
[2025-02-08T13:45:07.235+0000] {processor.py:161} INFO - Started process (PID=4206) to work on /home/airflow/.local/lib/python3.8/site-packages/airflow/example_dags/example_time_delta_sensor_async.py
[2025-02-08T13:45:07.239+0000] {processor.py:830} INFO - Processing file /home/airflow/.local/lib/python3.8/site-packages/airflow/example_dags/example_time_delta_sensor_async.py for tasks to queue
[2025-02-08T13:45:07.246+0000] {logging_mixin.py:188} INFO - [2025-02-08T13:45:07.246+0000] {dagbag.py:538} INFO - Filling up the DagBag from /home/airflow/.local/lib/python3.8/site-packages/airflow/example_dags/example_time_delta_sensor_async.py
[2025-02-08T13:45:07.280+0000] {processor.py:840} INFO - DAG(s) 'example_time_delta_sensor_async' retrieved from /home/airflow/.local/lib/python3.8/site-packages/airflow/example_dags/example_time_delta_sensor_async.py
[2025-02-08T13:45:07.455+0000] {logging_mixin.py:188} INFO - [2025-02-08T13:45:07.452+0000] {dag.py:3036} INFO - Sync 1 DAGs
[2025-02-08T13:45:07.540+0000] {logging_mixin.py:188} INFO - [2025-02-08T13:45:07.539+0000] {dag.py:3823} INFO - Setting next_dagrun for example_time_delta_sensor_async to None, run_after=None
[2025-02-08T13:45:08.376+0000] {processor.py:183} INFO - Processing /home/airflow/.local/lib/python3.8/site-packages/airflow/example_dags/example_time_delta_sensor_async.py took 1.159 seconds
[2025-02-08T13:45:40.933+0000] {processor.py:161} INFO - Started process (PID=4270) to work on /home/airflow/.local/lib/python3.8/site-packages/airflow/example_dags/example_time_delta_sensor_async.py
[2025-02-08T13:45:40.950+0000] {processor.py:830} INFO - Processing file /home/airflow/.local/lib/python3.8/site-packages/airflow/example_dags/example_time_delta_sensor_async.py for tasks to queue
[2025-02-08T13:45:40.957+0000] {logging_mixin.py:188} INFO - [2025-02-08T13:45:40.956+0000] {dagbag.py:538} INFO - Filling up the DagBag from /home/airflow/.local/lib/python3.8/site-packages/airflow/example_dags/example_time_delta_sensor_async.py
[2025-02-08T13:45:40.971+0000] {processor.py:840} INFO - DAG(s) 'example_time_delta_sensor_async' retrieved from /home/airflow/.local/lib/python3.8/site-packages/airflow/example_dags/example_time_delta_sensor_async.py
[2025-02-08T13:45:41.060+0000] {logging_mixin.py:188} INFO - [2025-02-08T13:45:41.059+0000] {dag.py:3036} INFO - Sync 1 DAGs
[2025-02-08T13:45:41.158+0000] {logging_mixin.py:188} INFO - [2025-02-08T13:45:41.157+0000] {dag.py:3823} INFO - Setting next_dagrun for example_time_delta_sensor_async to None, run_after=None
[2025-02-08T13:45:41.258+0000] {processor.py:183} INFO - Processing /home/airflow/.local/lib/python3.8/site-packages/airflow/example_dags/example_time_delta_sensor_async.py took 0.335 seconds
[2025-02-08T13:46:17.112+0000] {processor.py:161} INFO - Started process (PID=4337) to work on /home/airflow/.local/lib/python3.8/site-packages/airflow/example_dags/example_time_delta_sensor_async.py
[2025-02-08T13:46:17.193+0000] {processor.py:830} INFO - Processing file /home/airflow/.local/lib/python3.8/site-packages/airflow/example_dags/example_time_delta_sensor_async.py for tasks to queue
[2025-02-08T13:46:17.228+0000] {logging_mixin.py:188} INFO - [2025-02-08T13:46:17.227+0000] {dagbag.py:538} INFO - Filling up the DagBag from /home/airflow/.local/lib/python3.8/site-packages/airflow/example_dags/example_time_delta_sensor_async.py
[2025-02-08T13:46:17.293+0000] {processor.py:840} INFO - DAG(s) 'example_time_delta_sensor_async' retrieved from /home/airflow/.local/lib/python3.8/site-packages/airflow/example_dags/example_time_delta_sensor_async.py
[2025-02-08T13:46:17.725+0000] {logging_mixin.py:188} INFO - [2025-02-08T13:46:17.725+0000] {dag.py:3036} INFO - Sync 1 DAGs
[2025-02-08T13:46:18.012+0000] {logging_mixin.py:188} INFO - [2025-02-08T13:46:18.011+0000] {dag.py:3823} INFO - Setting next_dagrun for example_time_delta_sensor_async to None, run_after=None
[2025-02-08T13:46:18.310+0000] {processor.py:183} INFO - Processing /home/airflow/.local/lib/python3.8/site-packages/airflow/example_dags/example_time_delta_sensor_async.py took 1.339 seconds
[2025-02-08T13:47:11.171+0000] {processor.py:161} INFO - Started process (PID=4408) to work on /home/airflow/.local/lib/python3.8/site-packages/airflow/example_dags/example_time_delta_sensor_async.py
[2025-02-08T13:47:11.176+0000] {processor.py:830} INFO - Processing file /home/airflow/.local/lib/python3.8/site-packages/airflow/example_dags/example_time_delta_sensor_async.py for tasks to queue
[2025-02-08T13:47:11.203+0000] {logging_mixin.py:188} INFO - [2025-02-08T13:47:11.201+0000] {dagbag.py:538} INFO - Filling up the DagBag from /home/airflow/.local/lib/python3.8/site-packages/airflow/example_dags/example_time_delta_sensor_async.py
[2025-02-08T13:47:11.215+0000] {processor.py:840} INFO - DAG(s) 'example_time_delta_sensor_async' retrieved from /home/airflow/.local/lib/python3.8/site-packages/airflow/example_dags/example_time_delta_sensor_async.py
[2025-02-08T13:47:11.452+0000] {logging_mixin.py:188} INFO - [2025-02-08T13:47:11.450+0000] {dag.py:3036} INFO - Sync 1 DAGs
[2025-02-08T13:47:11.660+0000] {logging_mixin.py:188} INFO - [2025-02-08T13:47:11.660+0000] {dag.py:3823} INFO - Setting next_dagrun for example_time_delta_sensor_async to None, run_after=None
[2025-02-08T13:47:11.961+0000] {processor.py:183} INFO - Processing /home/airflow/.local/lib/python3.8/site-packages/airflow/example_dags/example_time_delta_sensor_async.py took 0.848 seconds
[2025-02-08T13:47:49.922+0000] {processor.py:161} INFO - Started process (PID=4473) to work on /home/airflow/.local/lib/python3.8/site-packages/airflow/example_dags/example_time_delta_sensor_async.py
[2025-02-08T13:47:49.930+0000] {processor.py:830} INFO - Processing file /home/airflow/.local/lib/python3.8/site-packages/airflow/example_dags/example_time_delta_sensor_async.py for tasks to queue
[2025-02-08T13:47:49.965+0000] {logging_mixin.py:188} INFO - [2025-02-08T13:47:49.964+0000] {dagbag.py:538} INFO - Filling up the DagBag from /home/airflow/.local/lib/python3.8/site-packages/airflow/example_dags/example_time_delta_sensor_async.py
[2025-02-08T13:47:49.983+0000] {processor.py:840} INFO - DAG(s) 'example_time_delta_sensor_async' retrieved from /home/airflow/.local/lib/python3.8/site-packages/airflow/example_dags/example_time_delta_sensor_async.py
[2025-02-08T13:47:50.098+0000] {logging_mixin.py:188} INFO - [2025-02-08T13:47:50.097+0000] {dag.py:3036} INFO - Sync 1 DAGs
[2025-02-08T13:47:50.163+0000] {logging_mixin.py:188} INFO - [2025-02-08T13:47:50.161+0000] {dag.py:3823} INFO - Setting next_dagrun for example_time_delta_sensor_async to None, run_after=None
[2025-02-08T13:47:50.331+0000] {processor.py:183} INFO - Processing /home/airflow/.local/lib/python3.8/site-packages/airflow/example_dags/example_time_delta_sensor_async.py took 0.493 seconds
[2025-02-08T13:48:20.899+0000] {processor.py:161} INFO - Started process (PID=4537) to work on /home/airflow/.local/lib/python3.8/site-packages/airflow/example_dags/example_time_delta_sensor_async.py
[2025-02-08T13:48:20.912+0000] {processor.py:830} INFO - Processing file /home/airflow/.local/lib/python3.8/site-packages/airflow/example_dags/example_time_delta_sensor_async.py for tasks to queue
[2025-02-08T13:48:20.922+0000] {logging_mixin.py:188} INFO - [2025-02-08T13:48:20.921+0000] {dagbag.py:538} INFO - Filling up the DagBag from /home/airflow/.local/lib/python3.8/site-packages/airflow/example_dags/example_time_delta_sensor_async.py
[2025-02-08T13:48:20.981+0000] {processor.py:840} INFO - DAG(s) 'example_time_delta_sensor_async' retrieved from /home/airflow/.local/lib/python3.8/site-packages/airflow/example_dags/example_time_delta_sensor_async.py
[2025-02-08T13:48:21.109+0000] {logging_mixin.py:188} INFO - [2025-02-08T13:48:21.109+0000] {dag.py:3036} INFO - Sync 1 DAGs
[2025-02-08T13:48:21.181+0000] {logging_mixin.py:188} INFO - [2025-02-08T13:48:21.180+0000] {dag.py:3823} INFO - Setting next_dagrun for example_time_delta_sensor_async to None, run_after=None
[2025-02-08T13:48:21.273+0000] {processor.py:183} INFO - Processing /home/airflow/.local/lib/python3.8/site-packages/airflow/example_dags/example_time_delta_sensor_async.py took 0.393 seconds
[2025-02-08T13:48:52.241+0000] {processor.py:161} INFO - Started process (PID=4595) to work on /home/airflow/.local/lib/python3.8/site-packages/airflow/example_dags/example_time_delta_sensor_async.py
[2025-02-08T13:48:52.243+0000] {processor.py:830} INFO - Processing file /home/airflow/.local/lib/python3.8/site-packages/airflow/example_dags/example_time_delta_sensor_async.py for tasks to queue
[2025-02-08T13:48:52.252+0000] {logging_mixin.py:188} INFO - [2025-02-08T13:48:52.248+0000] {dagbag.py:538} INFO - Filling up the DagBag from /home/airflow/.local/lib/python3.8/site-packages/airflow/example_dags/example_time_delta_sensor_async.py
[2025-02-08T13:48:52.265+0000] {processor.py:840} INFO - DAG(s) 'example_time_delta_sensor_async' retrieved from /home/airflow/.local/lib/python3.8/site-packages/airflow/example_dags/example_time_delta_sensor_async.py
[2025-02-08T13:48:52.360+0000] {logging_mixin.py:188} INFO - [2025-02-08T13:48:52.360+0000] {dag.py:3036} INFO - Sync 1 DAGs
[2025-02-08T13:48:52.426+0000] {logging_mixin.py:188} INFO - [2025-02-08T13:48:52.421+0000] {dag.py:3823} INFO - Setting next_dagrun for example_time_delta_sensor_async to None, run_after=None
[2025-02-08T13:48:52.565+0000] {processor.py:183} INFO - Processing /home/airflow/.local/lib/python3.8/site-packages/airflow/example_dags/example_time_delta_sensor_async.py took 0.344 seconds
