[2025-02-08T13:00:52.342+0000] {processor.py:161} INFO - Started process (PID=144) to work on /home/airflow/.local/lib/python3.8/site-packages/airflow/example_dags/example_trigger_controller_dag.py
[2025-02-08T13:00:52.344+0000] {processor.py:830} INFO - Processing file /home/airflow/.local/lib/python3.8/site-packages/airflow/example_dags/example_trigger_controller_dag.py for tasks to queue
[2025-02-08T13:00:52.354+0000] {logging_mixin.py:188} INFO - [2025-02-08T13:00:52.353+0000] {dagbag.py:538} INFO - Filling up the DagBag from /home/airflow/.local/lib/python3.8/site-packages/airflow/example_dags/example_trigger_controller_dag.py
[2025-02-08T13:00:52.370+0000] {processor.py:840} INFO - DAG(s) 'example_trigger_controller_dag' retrieved from /home/airflow/.local/lib/python3.8/site-packages/airflow/example_dags/example_trigger_controller_dag.py
[2025-02-08T13:00:53.139+0000] {logging_mixin.py:188} INFO - [2025-02-08T13:00:53.139+0000] {dag.py:3036} INFO - Sync 1 DAGs
[2025-02-08T13:00:53.180+0000] {logging_mixin.py:188} INFO - [2025-02-08T13:00:53.180+0000] {dag.py:3823} INFO - Setting next_dagrun for example_trigger_controller_dag to 2021-01-01 00:00:00+00:00, run_after=2021-01-01 00:00:00+00:00
[2025-02-08T13:00:53.220+0000] {processor.py:183} INFO - Processing /home/airflow/.local/lib/python3.8/site-packages/airflow/example_dags/example_trigger_controller_dag.py took 0.892 seconds
[2025-02-08T13:01:24.053+0000] {processor.py:161} INFO - Started process (PID=202) to work on /home/airflow/.local/lib/python3.8/site-packages/airflow/example_dags/example_trigger_controller_dag.py
[2025-02-08T13:01:24.055+0000] {processor.py:830} INFO - Processing file /home/airflow/.local/lib/python3.8/site-packages/airflow/example_dags/example_trigger_controller_dag.py for tasks to queue
[2025-02-08T13:01:24.058+0000] {logging_mixin.py:188} INFO - [2025-02-08T13:01:24.057+0000] {dagbag.py:538} INFO - Filling up the DagBag from /home/airflow/.local/lib/python3.8/site-packages/airflow/example_dags/example_trigger_controller_dag.py
[2025-02-08T13:01:24.065+0000] {processor.py:840} INFO - DAG(s) 'example_trigger_controller_dag' retrieved from /home/airflow/.local/lib/python3.8/site-packages/airflow/example_dags/example_trigger_controller_dag.py
[2025-02-08T13:01:24.101+0000] {logging_mixin.py:188} INFO - [2025-02-08T13:01:24.101+0000] {dag.py:3036} INFO - Sync 1 DAGs
[2025-02-08T13:01:24.130+0000] {logging_mixin.py:188} INFO - [2025-02-08T13:01:24.130+0000] {dag.py:3823} INFO - Setting next_dagrun for example_trigger_controller_dag to 2021-01-01 00:00:00+00:00, run_after=2021-01-01 00:00:00+00:00
[2025-02-08T13:01:24.163+0000] {processor.py:183} INFO - Processing /home/airflow/.local/lib/python3.8/site-packages/airflow/example_dags/example_trigger_controller_dag.py took 0.116 seconds
[2025-02-08T13:01:54.538+0000] {processor.py:161} INFO - Started process (PID=275) to work on /home/airflow/.local/lib/python3.8/site-packages/airflow/example_dags/example_trigger_controller_dag.py
[2025-02-08T13:01:54.543+0000] {processor.py:830} INFO - Processing file /home/airflow/.local/lib/python3.8/site-packages/airflow/example_dags/example_trigger_controller_dag.py for tasks to queue
[2025-02-08T13:01:54.549+0000] {logging_mixin.py:188} INFO - [2025-02-08T13:01:54.548+0000] {dagbag.py:538} INFO - Filling up the DagBag from /home/airflow/.local/lib/python3.8/site-packages/airflow/example_dags/example_trigger_controller_dag.py
[2025-02-08T13:01:54.558+0000] {processor.py:840} INFO - DAG(s) 'example_trigger_controller_dag' retrieved from /home/airflow/.local/lib/python3.8/site-packages/airflow/example_dags/example_trigger_controller_dag.py
[2025-02-08T13:01:54.632+0000] {logging_mixin.py:188} INFO - [2025-02-08T13:01:54.632+0000] {dag.py:3036} INFO - Sync 1 DAGs
[2025-02-08T13:01:54.744+0000] {logging_mixin.py:188} INFO - [2025-02-08T13:01:54.742+0000] {dag.py:3823} INFO - Setting next_dagrun for example_trigger_controller_dag to 2021-01-01 00:00:00+00:00, run_after=2021-01-01 00:00:00+00:00
[2025-02-08T13:01:54.805+0000] {processor.py:183} INFO - Processing /home/airflow/.local/lib/python3.8/site-packages/airflow/example_dags/example_trigger_controller_dag.py took 0.274 seconds
[2025-02-08T13:02:24.868+0000] {processor.py:161} INFO - Started process (PID=339) to work on /home/airflow/.local/lib/python3.8/site-packages/airflow/example_dags/example_trigger_controller_dag.py
[2025-02-08T13:02:24.870+0000] {processor.py:830} INFO - Processing file /home/airflow/.local/lib/python3.8/site-packages/airflow/example_dags/example_trigger_controller_dag.py for tasks to queue
[2025-02-08T13:02:24.874+0000] {logging_mixin.py:188} INFO - [2025-02-08T13:02:24.874+0000] {dagbag.py:538} INFO - Filling up the DagBag from /home/airflow/.local/lib/python3.8/site-packages/airflow/example_dags/example_trigger_controller_dag.py
[2025-02-08T13:02:24.884+0000] {processor.py:840} INFO - DAG(s) 'example_trigger_controller_dag' retrieved from /home/airflow/.local/lib/python3.8/site-packages/airflow/example_dags/example_trigger_controller_dag.py
[2025-02-08T13:02:24.921+0000] {logging_mixin.py:188} INFO - [2025-02-08T13:02:24.921+0000] {dag.py:3036} INFO - Sync 1 DAGs
[2025-02-08T13:02:24.949+0000] {logging_mixin.py:188} INFO - [2025-02-08T13:02:24.949+0000] {dag.py:3823} INFO - Setting next_dagrun for example_trigger_controller_dag to 2021-01-01 00:00:00+00:00, run_after=2021-01-01 00:00:00+00:00
[2025-02-08T13:02:24.981+0000] {processor.py:183} INFO - Processing /home/airflow/.local/lib/python3.8/site-packages/airflow/example_dags/example_trigger_controller_dag.py took 0.119 seconds
[2025-02-08T13:02:55.682+0000] {processor.py:161} INFO - Started process (PID=404) to work on /home/airflow/.local/lib/python3.8/site-packages/airflow/example_dags/example_trigger_controller_dag.py
[2025-02-08T13:02:55.685+0000] {processor.py:830} INFO - Processing file /home/airflow/.local/lib/python3.8/site-packages/airflow/example_dags/example_trigger_controller_dag.py for tasks to queue
[2025-02-08T13:02:55.688+0000] {logging_mixin.py:188} INFO - [2025-02-08T13:02:55.688+0000] {dagbag.py:538} INFO - Filling up the DagBag from /home/airflow/.local/lib/python3.8/site-packages/airflow/example_dags/example_trigger_controller_dag.py
[2025-02-08T13:02:55.701+0000] {processor.py:840} INFO - DAG(s) 'example_trigger_controller_dag' retrieved from /home/airflow/.local/lib/python3.8/site-packages/airflow/example_dags/example_trigger_controller_dag.py
[2025-02-08T13:02:55.748+0000] {logging_mixin.py:188} INFO - [2025-02-08T13:02:55.747+0000] {dag.py:3036} INFO - Sync 1 DAGs
[2025-02-08T13:02:55.787+0000] {logging_mixin.py:188} INFO - [2025-02-08T13:02:55.787+0000] {dag.py:3823} INFO - Setting next_dagrun for example_trigger_controller_dag to 2021-01-01 00:00:00+00:00, run_after=2021-01-01 00:00:00+00:00
[2025-02-08T13:02:55.818+0000] {processor.py:183} INFO - Processing /home/airflow/.local/lib/python3.8/site-packages/airflow/example_dags/example_trigger_controller_dag.py took 0.142 seconds
[2025-02-08T13:03:25.893+0000] {processor.py:161} INFO - Started process (PID=468) to work on /home/airflow/.local/lib/python3.8/site-packages/airflow/example_dags/example_trigger_controller_dag.py
[2025-02-08T13:03:25.897+0000] {processor.py:830} INFO - Processing file /home/airflow/.local/lib/python3.8/site-packages/airflow/example_dags/example_trigger_controller_dag.py for tasks to queue
[2025-02-08T13:03:25.901+0000] {logging_mixin.py:188} INFO - [2025-02-08T13:03:25.900+0000] {dagbag.py:538} INFO - Filling up the DagBag from /home/airflow/.local/lib/python3.8/site-packages/airflow/example_dags/example_trigger_controller_dag.py
[2025-02-08T13:03:25.911+0000] {processor.py:840} INFO - DAG(s) 'example_trigger_controller_dag' retrieved from /home/airflow/.local/lib/python3.8/site-packages/airflow/example_dags/example_trigger_controller_dag.py
[2025-02-08T13:03:25.962+0000] {logging_mixin.py:188} INFO - [2025-02-08T13:03:25.961+0000] {dag.py:3036} INFO - Sync 1 DAGs
[2025-02-08T13:03:26.020+0000] {logging_mixin.py:188} INFO - [2025-02-08T13:03:26.019+0000] {dag.py:3823} INFO - Setting next_dagrun for example_trigger_controller_dag to 2021-01-01 00:00:00+00:00, run_after=2021-01-01 00:00:00+00:00
[2025-02-08T13:03:26.074+0000] {processor.py:183} INFO - Processing /home/airflow/.local/lib/python3.8/site-packages/airflow/example_dags/example_trigger_controller_dag.py took 0.188 seconds
[2025-02-08T13:13:59.532+0000] {processor.py:161} INFO - Started process (PID=544) to work on /home/airflow/.local/lib/python3.8/site-packages/airflow/example_dags/example_trigger_controller_dag.py
[2025-02-08T13:13:59.534+0000] {processor.py:830} INFO - Processing file /home/airflow/.local/lib/python3.8/site-packages/airflow/example_dags/example_trigger_controller_dag.py for tasks to queue
[2025-02-08T13:13:59.537+0000] {logging_mixin.py:188} INFO - [2025-02-08T13:13:59.536+0000] {dagbag.py:538} INFO - Filling up the DagBag from /home/airflow/.local/lib/python3.8/site-packages/airflow/example_dags/example_trigger_controller_dag.py
[2025-02-08T13:13:59.549+0000] {processor.py:840} INFO - DAG(s) 'example_trigger_controller_dag' retrieved from /home/airflow/.local/lib/python3.8/site-packages/airflow/example_dags/example_trigger_controller_dag.py
[2025-02-08T13:13:59.594+0000] {logging_mixin.py:188} INFO - [2025-02-08T13:13:59.594+0000] {dag.py:3036} INFO - Sync 1 DAGs
[2025-02-08T13:13:59.640+0000] {logging_mixin.py:188} INFO - [2025-02-08T13:13:59.640+0000] {dag.py:3823} INFO - Setting next_dagrun for example_trigger_controller_dag to 2021-01-01 00:00:00+00:00, run_after=2021-01-01 00:00:00+00:00
[2025-02-08T13:13:59.679+0000] {processor.py:183} INFO - Processing /home/airflow/.local/lib/python3.8/site-packages/airflow/example_dags/example_trigger_controller_dag.py took 0.156 seconds
[2025-02-08T13:14:29.811+0000] {processor.py:161} INFO - Started process (PID=609) to work on /home/airflow/.local/lib/python3.8/site-packages/airflow/example_dags/example_trigger_controller_dag.py
[2025-02-08T13:14:29.813+0000] {processor.py:830} INFO - Processing file /home/airflow/.local/lib/python3.8/site-packages/airflow/example_dags/example_trigger_controller_dag.py for tasks to queue
[2025-02-08T13:14:29.817+0000] {logging_mixin.py:188} INFO - [2025-02-08T13:14:29.817+0000] {dagbag.py:538} INFO - Filling up the DagBag from /home/airflow/.local/lib/python3.8/site-packages/airflow/example_dags/example_trigger_controller_dag.py
[2025-02-08T13:14:29.828+0000] {processor.py:840} INFO - DAG(s) 'example_trigger_controller_dag' retrieved from /home/airflow/.local/lib/python3.8/site-packages/airflow/example_dags/example_trigger_controller_dag.py
[2025-02-08T13:14:29.871+0000] {logging_mixin.py:188} INFO - [2025-02-08T13:14:29.871+0000] {dag.py:3036} INFO - Sync 1 DAGs
[2025-02-08T13:14:29.918+0000] {logging_mixin.py:188} INFO - [2025-02-08T13:14:29.917+0000] {dag.py:3823} INFO - Setting next_dagrun for example_trigger_controller_dag to 2021-01-01 00:00:00+00:00, run_after=2021-01-01 00:00:00+00:00
[2025-02-08T13:14:29.957+0000] {processor.py:183} INFO - Processing /home/airflow/.local/lib/python3.8/site-packages/airflow/example_dags/example_trigger_controller_dag.py took 0.153 seconds
[2025-02-08T13:15:00.433+0000] {processor.py:161} INFO - Started process (PID=674) to work on /home/airflow/.local/lib/python3.8/site-packages/airflow/example_dags/example_trigger_controller_dag.py
[2025-02-08T13:15:00.471+0000] {processor.py:830} INFO - Processing file /home/airflow/.local/lib/python3.8/site-packages/airflow/example_dags/example_trigger_controller_dag.py for tasks to queue
[2025-02-08T13:15:00.476+0000] {logging_mixin.py:188} INFO - [2025-02-08T13:15:00.475+0000] {dagbag.py:538} INFO - Filling up the DagBag from /home/airflow/.local/lib/python3.8/site-packages/airflow/example_dags/example_trigger_controller_dag.py
[2025-02-08T13:15:00.492+0000] {processor.py:840} INFO - DAG(s) 'example_trigger_controller_dag' retrieved from /home/airflow/.local/lib/python3.8/site-packages/airflow/example_dags/example_trigger_controller_dag.py
[2025-02-08T13:15:00.663+0000] {logging_mixin.py:188} INFO - [2025-02-08T13:15:00.662+0000] {dag.py:3036} INFO - Sync 1 DAGs
[2025-02-08T13:15:00.725+0000] {logging_mixin.py:188} INFO - [2025-02-08T13:15:00.725+0000] {dag.py:3823} INFO - Setting next_dagrun for example_trigger_controller_dag to 2021-01-01 00:00:00+00:00, run_after=2021-01-01 00:00:00+00:00
[2025-02-08T13:15:00.789+0000] {processor.py:183} INFO - Processing /home/airflow/.local/lib/python3.8/site-packages/airflow/example_dags/example_trigger_controller_dag.py took 0.364 seconds
[2025-02-08T13:15:32.703+0000] {processor.py:161} INFO - Started process (PID=739) to work on /home/airflow/.local/lib/python3.8/site-packages/airflow/example_dags/example_trigger_controller_dag.py
[2025-02-08T13:15:32.706+0000] {processor.py:830} INFO - Processing file /home/airflow/.local/lib/python3.8/site-packages/airflow/example_dags/example_trigger_controller_dag.py for tasks to queue
[2025-02-08T13:15:32.712+0000] {logging_mixin.py:188} INFO - [2025-02-08T13:15:32.711+0000] {dagbag.py:538} INFO - Filling up the DagBag from /home/airflow/.local/lib/python3.8/site-packages/airflow/example_dags/example_trigger_controller_dag.py
[2025-02-08T13:15:32.721+0000] {processor.py:840} INFO - DAG(s) 'example_trigger_controller_dag' retrieved from /home/airflow/.local/lib/python3.8/site-packages/airflow/example_dags/example_trigger_controller_dag.py
[2025-02-08T13:15:32.784+0000] {logging_mixin.py:188} INFO - [2025-02-08T13:15:32.783+0000] {dag.py:3036} INFO - Sync 1 DAGs
[2025-02-08T13:15:32.834+0000] {logging_mixin.py:188} INFO - [2025-02-08T13:15:32.833+0000] {dag.py:3823} INFO - Setting next_dagrun for example_trigger_controller_dag to 2021-01-01 00:00:00+00:00, run_after=2021-01-01 00:00:00+00:00
[2025-02-08T13:15:32.890+0000] {processor.py:183} INFO - Processing /home/airflow/.local/lib/python3.8/site-packages/airflow/example_dags/example_trigger_controller_dag.py took 0.203 seconds
[2025-02-08T13:16:03.935+0000] {processor.py:161} INFO - Started process (PID=810) to work on /home/airflow/.local/lib/python3.8/site-packages/airflow/example_dags/example_trigger_controller_dag.py
[2025-02-08T13:16:03.937+0000] {processor.py:830} INFO - Processing file /home/airflow/.local/lib/python3.8/site-packages/airflow/example_dags/example_trigger_controller_dag.py for tasks to queue
[2025-02-08T13:16:03.941+0000] {logging_mixin.py:188} INFO - [2025-02-08T13:16:03.940+0000] {dagbag.py:538} INFO - Filling up the DagBag from /home/airflow/.local/lib/python3.8/site-packages/airflow/example_dags/example_trigger_controller_dag.py
[2025-02-08T13:16:03.951+0000] {processor.py:840} INFO - DAG(s) 'example_trigger_controller_dag' retrieved from /home/airflow/.local/lib/python3.8/site-packages/airflow/example_dags/example_trigger_controller_dag.py
[2025-02-08T13:16:03.988+0000] {logging_mixin.py:188} INFO - [2025-02-08T13:16:03.987+0000] {dag.py:3036} INFO - Sync 1 DAGs
[2025-02-08T13:16:04.041+0000] {logging_mixin.py:188} INFO - [2025-02-08T13:16:04.041+0000] {dag.py:3823} INFO - Setting next_dagrun for example_trigger_controller_dag to 2021-01-01 00:00:00+00:00, run_after=2021-01-01 00:00:00+00:00
[2025-02-08T13:16:04.092+0000] {processor.py:183} INFO - Processing /home/airflow/.local/lib/python3.8/site-packages/airflow/example_dags/example_trigger_controller_dag.py took 0.165 seconds
[2025-02-08T13:16:34.827+0000] {processor.py:161} INFO - Started process (PID=876) to work on /home/airflow/.local/lib/python3.8/site-packages/airflow/example_dags/example_trigger_controller_dag.py
[2025-02-08T13:16:34.829+0000] {processor.py:830} INFO - Processing file /home/airflow/.local/lib/python3.8/site-packages/airflow/example_dags/example_trigger_controller_dag.py for tasks to queue
[2025-02-08T13:16:34.833+0000] {logging_mixin.py:188} INFO - [2025-02-08T13:16:34.833+0000] {dagbag.py:538} INFO - Filling up the DagBag from /home/airflow/.local/lib/python3.8/site-packages/airflow/example_dags/example_trigger_controller_dag.py
[2025-02-08T13:16:34.841+0000] {processor.py:840} INFO - DAG(s) 'example_trigger_controller_dag' retrieved from /home/airflow/.local/lib/python3.8/site-packages/airflow/example_dags/example_trigger_controller_dag.py
[2025-02-08T13:16:34.881+0000] {logging_mixin.py:188} INFO - [2025-02-08T13:16:34.880+0000] {dag.py:3036} INFO - Sync 1 DAGs
[2025-02-08T13:16:34.927+0000] {logging_mixin.py:188} INFO - [2025-02-08T13:16:34.927+0000] {dag.py:3823} INFO - Setting next_dagrun for example_trigger_controller_dag to 2021-01-01 00:00:00+00:00, run_after=2021-01-01 00:00:00+00:00
[2025-02-08T13:16:34.955+0000] {processor.py:183} INFO - Processing /home/airflow/.local/lib/python3.8/site-packages/airflow/example_dags/example_trigger_controller_dag.py took 0.134 seconds
[2025-02-08T13:17:05.385+0000] {processor.py:161} INFO - Started process (PID=940) to work on /home/airflow/.local/lib/python3.8/site-packages/airflow/example_dags/example_trigger_controller_dag.py
[2025-02-08T13:17:05.387+0000] {processor.py:830} INFO - Processing file /home/airflow/.local/lib/python3.8/site-packages/airflow/example_dags/example_trigger_controller_dag.py for tasks to queue
[2025-02-08T13:17:05.389+0000] {logging_mixin.py:188} INFO - [2025-02-08T13:17:05.389+0000] {dagbag.py:538} INFO - Filling up the DagBag from /home/airflow/.local/lib/python3.8/site-packages/airflow/example_dags/example_trigger_controller_dag.py
[2025-02-08T13:17:05.399+0000] {processor.py:840} INFO - DAG(s) 'example_trigger_controller_dag' retrieved from /home/airflow/.local/lib/python3.8/site-packages/airflow/example_dags/example_trigger_controller_dag.py
[2025-02-08T13:17:05.432+0000] {logging_mixin.py:188} INFO - [2025-02-08T13:17:05.432+0000] {dag.py:3036} INFO - Sync 1 DAGs
[2025-02-08T13:17:05.465+0000] {logging_mixin.py:188} INFO - [2025-02-08T13:17:05.465+0000] {dag.py:3823} INFO - Setting next_dagrun for example_trigger_controller_dag to 2021-01-01 00:00:00+00:00, run_after=2021-01-01 00:00:00+00:00
[2025-02-08T13:17:05.501+0000] {processor.py:183} INFO - Processing /home/airflow/.local/lib/python3.8/site-packages/airflow/example_dags/example_trigger_controller_dag.py took 0.119 seconds
[2025-02-08T13:17:36.355+0000] {processor.py:161} INFO - Started process (PID=1005) to work on /home/airflow/.local/lib/python3.8/site-packages/airflow/example_dags/example_trigger_controller_dag.py
[2025-02-08T13:17:36.358+0000] {processor.py:830} INFO - Processing file /home/airflow/.local/lib/python3.8/site-packages/airflow/example_dags/example_trigger_controller_dag.py for tasks to queue
[2025-02-08T13:17:36.361+0000] {logging_mixin.py:188} INFO - [2025-02-08T13:17:36.360+0000] {dagbag.py:538} INFO - Filling up the DagBag from /home/airflow/.local/lib/python3.8/site-packages/airflow/example_dags/example_trigger_controller_dag.py
[2025-02-08T13:17:36.369+0000] {processor.py:840} INFO - DAG(s) 'example_trigger_controller_dag' retrieved from /home/airflow/.local/lib/python3.8/site-packages/airflow/example_dags/example_trigger_controller_dag.py
[2025-02-08T13:17:36.401+0000] {logging_mixin.py:188} INFO - [2025-02-08T13:17:36.401+0000] {dag.py:3036} INFO - Sync 1 DAGs
[2025-02-08T13:17:36.450+0000] {logging_mixin.py:188} INFO - [2025-02-08T13:17:36.450+0000] {dag.py:3823} INFO - Setting next_dagrun for example_trigger_controller_dag to 2021-01-01 00:00:00+00:00, run_after=2021-01-01 00:00:00+00:00
[2025-02-08T13:17:36.481+0000] {processor.py:183} INFO - Processing /home/airflow/.local/lib/python3.8/site-packages/airflow/example_dags/example_trigger_controller_dag.py took 0.134 seconds
[2025-02-08T13:18:07.368+0000] {processor.py:161} INFO - Started process (PID=1069) to work on /home/airflow/.local/lib/python3.8/site-packages/airflow/example_dags/example_trigger_controller_dag.py
[2025-02-08T13:18:07.371+0000] {processor.py:830} INFO - Processing file /home/airflow/.local/lib/python3.8/site-packages/airflow/example_dags/example_trigger_controller_dag.py for tasks to queue
[2025-02-08T13:18:07.375+0000] {logging_mixin.py:188} INFO - [2025-02-08T13:18:07.374+0000] {dagbag.py:538} INFO - Filling up the DagBag from /home/airflow/.local/lib/python3.8/site-packages/airflow/example_dags/example_trigger_controller_dag.py
[2025-02-08T13:18:07.384+0000] {processor.py:840} INFO - DAG(s) 'example_trigger_controller_dag' retrieved from /home/airflow/.local/lib/python3.8/site-packages/airflow/example_dags/example_trigger_controller_dag.py
[2025-02-08T13:18:07.422+0000] {logging_mixin.py:188} INFO - [2025-02-08T13:18:07.421+0000] {dag.py:3036} INFO - Sync 1 DAGs
[2025-02-08T13:18:07.463+0000] {logging_mixin.py:188} INFO - [2025-02-08T13:18:07.462+0000] {dag.py:3823} INFO - Setting next_dagrun for example_trigger_controller_dag to 2021-01-01 00:00:00+00:00, run_after=2021-01-01 00:00:00+00:00
[2025-02-08T13:18:07.497+0000] {processor.py:183} INFO - Processing /home/airflow/.local/lib/python3.8/site-packages/airflow/example_dags/example_trigger_controller_dag.py took 0.137 seconds
[2025-02-08T13:18:37.871+0000] {processor.py:161} INFO - Started process (PID=1133) to work on /home/airflow/.local/lib/python3.8/site-packages/airflow/example_dags/example_trigger_controller_dag.py
[2025-02-08T13:18:37.874+0000] {processor.py:830} INFO - Processing file /home/airflow/.local/lib/python3.8/site-packages/airflow/example_dags/example_trigger_controller_dag.py for tasks to queue
[2025-02-08T13:18:37.878+0000] {logging_mixin.py:188} INFO - [2025-02-08T13:18:37.877+0000] {dagbag.py:538} INFO - Filling up the DagBag from /home/airflow/.local/lib/python3.8/site-packages/airflow/example_dags/example_trigger_controller_dag.py
[2025-02-08T13:18:37.887+0000] {processor.py:840} INFO - DAG(s) 'example_trigger_controller_dag' retrieved from /home/airflow/.local/lib/python3.8/site-packages/airflow/example_dags/example_trigger_controller_dag.py
[2025-02-08T13:18:37.930+0000] {logging_mixin.py:188} INFO - [2025-02-08T13:18:37.930+0000] {dag.py:3036} INFO - Sync 1 DAGs
[2025-02-08T13:18:37.986+0000] {logging_mixin.py:188} INFO - [2025-02-08T13:18:37.985+0000] {dag.py:3823} INFO - Setting next_dagrun for example_trigger_controller_dag to 2021-01-01 00:00:00+00:00, run_after=2021-01-01 00:00:00+00:00
[2025-02-08T13:18:38.031+0000] {processor.py:183} INFO - Processing /home/airflow/.local/lib/python3.8/site-packages/airflow/example_dags/example_trigger_controller_dag.py took 0.167 seconds
[2025-02-08T13:19:08.986+0000] {processor.py:161} INFO - Started process (PID=1206) to work on /home/airflow/.local/lib/python3.8/site-packages/airflow/example_dags/example_trigger_controller_dag.py
[2025-02-08T13:19:08.988+0000] {processor.py:830} INFO - Processing file /home/airflow/.local/lib/python3.8/site-packages/airflow/example_dags/example_trigger_controller_dag.py for tasks to queue
[2025-02-08T13:19:08.992+0000] {logging_mixin.py:188} INFO - [2025-02-08T13:19:08.991+0000] {dagbag.py:538} INFO - Filling up the DagBag from /home/airflow/.local/lib/python3.8/site-packages/airflow/example_dags/example_trigger_controller_dag.py
[2025-02-08T13:19:09.004+0000] {processor.py:840} INFO - DAG(s) 'example_trigger_controller_dag' retrieved from /home/airflow/.local/lib/python3.8/site-packages/airflow/example_dags/example_trigger_controller_dag.py
[2025-02-08T13:19:09.053+0000] {logging_mixin.py:188} INFO - [2025-02-08T13:19:09.052+0000] {dag.py:3036} INFO - Sync 1 DAGs
[2025-02-08T13:19:09.117+0000] {logging_mixin.py:188} INFO - [2025-02-08T13:19:09.117+0000] {dag.py:3823} INFO - Setting next_dagrun for example_trigger_controller_dag to 2021-01-01 00:00:00+00:00, run_after=2021-01-01 00:00:00+00:00
[2025-02-08T13:19:09.172+0000] {processor.py:183} INFO - Processing /home/airflow/.local/lib/python3.8/site-packages/airflow/example_dags/example_trigger_controller_dag.py took 0.196 seconds
[2025-02-08T13:19:40.371+0000] {processor.py:161} INFO - Started process (PID=1271) to work on /home/airflow/.local/lib/python3.8/site-packages/airflow/example_dags/example_trigger_controller_dag.py
[2025-02-08T13:19:40.375+0000] {processor.py:830} INFO - Processing file /home/airflow/.local/lib/python3.8/site-packages/airflow/example_dags/example_trigger_controller_dag.py for tasks to queue
[2025-02-08T13:19:40.420+0000] {logging_mixin.py:188} INFO - [2025-02-08T13:19:40.419+0000] {dagbag.py:538} INFO - Filling up the DagBag from /home/airflow/.local/lib/python3.8/site-packages/airflow/example_dags/example_trigger_controller_dag.py
[2025-02-08T13:19:40.459+0000] {processor.py:840} INFO - DAG(s) 'example_trigger_controller_dag' retrieved from /home/airflow/.local/lib/python3.8/site-packages/airflow/example_dags/example_trigger_controller_dag.py
[2025-02-08T13:19:40.573+0000] {logging_mixin.py:188} INFO - [2025-02-08T13:19:40.572+0000] {dag.py:3036} INFO - Sync 1 DAGs
[2025-02-08T13:19:40.638+0000] {logging_mixin.py:188} INFO - [2025-02-08T13:19:40.638+0000] {dag.py:3823} INFO - Setting next_dagrun for example_trigger_controller_dag to 2021-01-01 00:00:00+00:00, run_after=2021-01-01 00:00:00+00:00
[2025-02-08T13:19:41.049+0000] {processor.py:183} INFO - Processing /home/airflow/.local/lib/python3.8/site-packages/airflow/example_dags/example_trigger_controller_dag.py took 0.708 seconds
[2025-02-08T13:20:11.574+0000] {processor.py:161} INFO - Started process (PID=1335) to work on /home/airflow/.local/lib/python3.8/site-packages/airflow/example_dags/example_trigger_controller_dag.py
[2025-02-08T13:20:11.575+0000] {processor.py:830} INFO - Processing file /home/airflow/.local/lib/python3.8/site-packages/airflow/example_dags/example_trigger_controller_dag.py for tasks to queue
[2025-02-08T13:20:11.578+0000] {logging_mixin.py:188} INFO - [2025-02-08T13:20:11.578+0000] {dagbag.py:538} INFO - Filling up the DagBag from /home/airflow/.local/lib/python3.8/site-packages/airflow/example_dags/example_trigger_controller_dag.py
[2025-02-08T13:20:11.584+0000] {processor.py:840} INFO - DAG(s) 'example_trigger_controller_dag' retrieved from /home/airflow/.local/lib/python3.8/site-packages/airflow/example_dags/example_trigger_controller_dag.py
[2025-02-08T13:20:11.623+0000] {logging_mixin.py:188} INFO - [2025-02-08T13:20:11.623+0000] {dag.py:3036} INFO - Sync 1 DAGs
[2025-02-08T13:20:11.661+0000] {logging_mixin.py:188} INFO - [2025-02-08T13:20:11.661+0000] {dag.py:3823} INFO - Setting next_dagrun for example_trigger_controller_dag to 2021-01-01 00:00:00+00:00, run_after=2021-01-01 00:00:00+00:00
[2025-02-08T13:20:11.697+0000] {processor.py:183} INFO - Processing /home/airflow/.local/lib/python3.8/site-packages/airflow/example_dags/example_trigger_controller_dag.py took 0.128 seconds
[2025-02-08T13:20:41.829+0000] {processor.py:161} INFO - Started process (PID=1400) to work on /home/airflow/.local/lib/python3.8/site-packages/airflow/example_dags/example_trigger_controller_dag.py
[2025-02-08T13:20:41.830+0000] {processor.py:830} INFO - Processing file /home/airflow/.local/lib/python3.8/site-packages/airflow/example_dags/example_trigger_controller_dag.py for tasks to queue
[2025-02-08T13:20:41.832+0000] {logging_mixin.py:188} INFO - [2025-02-08T13:20:41.832+0000] {dagbag.py:538} INFO - Filling up the DagBag from /home/airflow/.local/lib/python3.8/site-packages/airflow/example_dags/example_trigger_controller_dag.py
[2025-02-08T13:20:41.839+0000] {processor.py:840} INFO - DAG(s) 'example_trigger_controller_dag' retrieved from /home/airflow/.local/lib/python3.8/site-packages/airflow/example_dags/example_trigger_controller_dag.py
[2025-02-08T13:20:41.872+0000] {logging_mixin.py:188} INFO - [2025-02-08T13:20:41.871+0000] {dag.py:3036} INFO - Sync 1 DAGs
[2025-02-08T13:20:41.906+0000] {logging_mixin.py:188} INFO - [2025-02-08T13:20:41.906+0000] {dag.py:3823} INFO - Setting next_dagrun for example_trigger_controller_dag to 2021-01-01 00:00:00+00:00, run_after=2021-01-01 00:00:00+00:00
[2025-02-08T13:20:41.941+0000] {processor.py:183} INFO - Processing /home/airflow/.local/lib/python3.8/site-packages/airflow/example_dags/example_trigger_controller_dag.py took 0.117 seconds
[2025-02-08T13:21:12.250+0000] {processor.py:161} INFO - Started process (PID=1472) to work on /home/airflow/.local/lib/python3.8/site-packages/airflow/example_dags/example_trigger_controller_dag.py
[2025-02-08T13:21:12.251+0000] {processor.py:830} INFO - Processing file /home/airflow/.local/lib/python3.8/site-packages/airflow/example_dags/example_trigger_controller_dag.py for tasks to queue
[2025-02-08T13:21:12.255+0000] {logging_mixin.py:188} INFO - [2025-02-08T13:21:12.254+0000] {dagbag.py:538} INFO - Filling up the DagBag from /home/airflow/.local/lib/python3.8/site-packages/airflow/example_dags/example_trigger_controller_dag.py
[2025-02-08T13:21:12.264+0000] {processor.py:840} INFO - DAG(s) 'example_trigger_controller_dag' retrieved from /home/airflow/.local/lib/python3.8/site-packages/airflow/example_dags/example_trigger_controller_dag.py
[2025-02-08T13:21:12.301+0000] {logging_mixin.py:188} INFO - [2025-02-08T13:21:12.301+0000] {dag.py:3036} INFO - Sync 1 DAGs
[2025-02-08T13:21:12.337+0000] {logging_mixin.py:188} INFO - [2025-02-08T13:21:12.337+0000] {dag.py:3823} INFO - Setting next_dagrun for example_trigger_controller_dag to 2021-01-01 00:00:00+00:00, run_after=2021-01-01 00:00:00+00:00
[2025-02-08T13:21:12.371+0000] {processor.py:183} INFO - Processing /home/airflow/.local/lib/python3.8/site-packages/airflow/example_dags/example_trigger_controller_dag.py took 0.129 seconds
[2025-02-08T13:21:42.800+0000] {processor.py:161} INFO - Started process (PID=1538) to work on /home/airflow/.local/lib/python3.8/site-packages/airflow/example_dags/example_trigger_controller_dag.py
[2025-02-08T13:21:42.801+0000] {processor.py:830} INFO - Processing file /home/airflow/.local/lib/python3.8/site-packages/airflow/example_dags/example_trigger_controller_dag.py for tasks to queue
[2025-02-08T13:21:42.807+0000] {logging_mixin.py:188} INFO - [2025-02-08T13:21:42.806+0000] {dagbag.py:538} INFO - Filling up the DagBag from /home/airflow/.local/lib/python3.8/site-packages/airflow/example_dags/example_trigger_controller_dag.py
[2025-02-08T13:21:42.820+0000] {processor.py:840} INFO - DAG(s) 'example_trigger_controller_dag' retrieved from /home/airflow/.local/lib/python3.8/site-packages/airflow/example_dags/example_trigger_controller_dag.py
[2025-02-08T13:21:42.872+0000] {logging_mixin.py:188} INFO - [2025-02-08T13:21:42.872+0000] {dag.py:3036} INFO - Sync 1 DAGs
[2025-02-08T13:21:43.014+0000] {logging_mixin.py:188} INFO - [2025-02-08T13:21:43.012+0000] {dag.py:3823} INFO - Setting next_dagrun for example_trigger_controller_dag to 2021-01-01 00:00:00+00:00, run_after=2021-01-01 00:00:00+00:00
[2025-02-08T13:21:43.133+0000] {processor.py:183} INFO - Processing /home/airflow/.local/lib/python3.8/site-packages/airflow/example_dags/example_trigger_controller_dag.py took 0.341 seconds
[2025-02-08T13:22:13.255+0000] {processor.py:161} INFO - Started process (PID=1603) to work on /home/airflow/.local/lib/python3.8/site-packages/airflow/example_dags/example_trigger_controller_dag.py
[2025-02-08T13:22:13.256+0000] {processor.py:830} INFO - Processing file /home/airflow/.local/lib/python3.8/site-packages/airflow/example_dags/example_trigger_controller_dag.py for tasks to queue
[2025-02-08T13:22:13.260+0000] {logging_mixin.py:188} INFO - [2025-02-08T13:22:13.259+0000] {dagbag.py:538} INFO - Filling up the DagBag from /home/airflow/.local/lib/python3.8/site-packages/airflow/example_dags/example_trigger_controller_dag.py
[2025-02-08T13:22:13.271+0000] {processor.py:840} INFO - DAG(s) 'example_trigger_controller_dag' retrieved from /home/airflow/.local/lib/python3.8/site-packages/airflow/example_dags/example_trigger_controller_dag.py
[2025-02-08T13:22:13.304+0000] {logging_mixin.py:188} INFO - [2025-02-08T13:22:13.303+0000] {dag.py:3036} INFO - Sync 1 DAGs
[2025-02-08T13:22:13.340+0000] {logging_mixin.py:188} INFO - [2025-02-08T13:22:13.339+0000] {dag.py:3823} INFO - Setting next_dagrun for example_trigger_controller_dag to 2021-01-01 00:00:00+00:00, run_after=2021-01-01 00:00:00+00:00
[2025-02-08T13:22:13.373+0000] {processor.py:183} INFO - Processing /home/airflow/.local/lib/python3.8/site-packages/airflow/example_dags/example_trigger_controller_dag.py took 0.124 seconds
[2025-02-08T13:22:45.669+0000] {processor.py:161} INFO - Started process (PID=1668) to work on /home/airflow/.local/lib/python3.8/site-packages/airflow/example_dags/example_trigger_controller_dag.py
[2025-02-08T13:22:45.698+0000] {processor.py:830} INFO - Processing file /home/airflow/.local/lib/python3.8/site-packages/airflow/example_dags/example_trigger_controller_dag.py for tasks to queue
[2025-02-08T13:22:45.747+0000] {logging_mixin.py:188} INFO - [2025-02-08T13:22:45.747+0000] {dagbag.py:538} INFO - Filling up the DagBag from /home/airflow/.local/lib/python3.8/site-packages/airflow/example_dags/example_trigger_controller_dag.py
[2025-02-08T13:22:45.786+0000] {processor.py:840} INFO - DAG(s) 'example_trigger_controller_dag' retrieved from /home/airflow/.local/lib/python3.8/site-packages/airflow/example_dags/example_trigger_controller_dag.py
[2025-02-08T13:22:45.897+0000] {logging_mixin.py:188} INFO - [2025-02-08T13:22:45.896+0000] {dag.py:3036} INFO - Sync 1 DAGs
[2025-02-08T13:22:46.055+0000] {logging_mixin.py:188} INFO - [2025-02-08T13:22:46.054+0000] {dag.py:3823} INFO - Setting next_dagrun for example_trigger_controller_dag to 2021-01-01 00:00:00+00:00, run_after=2021-01-01 00:00:00+00:00
[2025-02-08T13:22:46.248+0000] {processor.py:183} INFO - Processing /home/airflow/.local/lib/python3.8/site-packages/airflow/example_dags/example_trigger_controller_dag.py took 0.600 seconds
[2025-02-08T13:23:16.915+0000] {processor.py:161} INFO - Started process (PID=1733) to work on /home/airflow/.local/lib/python3.8/site-packages/airflow/example_dags/example_trigger_controller_dag.py
[2025-02-08T13:23:16.917+0000] {processor.py:830} INFO - Processing file /home/airflow/.local/lib/python3.8/site-packages/airflow/example_dags/example_trigger_controller_dag.py for tasks to queue
[2025-02-08T13:23:16.920+0000] {logging_mixin.py:188} INFO - [2025-02-08T13:23:16.919+0000] {dagbag.py:538} INFO - Filling up the DagBag from /home/airflow/.local/lib/python3.8/site-packages/airflow/example_dags/example_trigger_controller_dag.py
[2025-02-08T13:23:16.931+0000] {processor.py:840} INFO - DAG(s) 'example_trigger_controller_dag' retrieved from /home/airflow/.local/lib/python3.8/site-packages/airflow/example_dags/example_trigger_controller_dag.py
[2025-02-08T13:23:17.012+0000] {logging_mixin.py:188} INFO - [2025-02-08T13:23:17.011+0000] {dag.py:3036} INFO - Sync 1 DAGs
[2025-02-08T13:23:17.069+0000] {logging_mixin.py:188} INFO - [2025-02-08T13:23:17.069+0000] {dag.py:3823} INFO - Setting next_dagrun for example_trigger_controller_dag to 2021-01-01 00:00:00+00:00, run_after=2021-01-01 00:00:00+00:00
[2025-02-08T13:23:17.122+0000] {processor.py:183} INFO - Processing /home/airflow/.local/lib/python3.8/site-packages/airflow/example_dags/example_trigger_controller_dag.py took 0.214 seconds
[2025-02-08T13:23:47.726+0000] {processor.py:161} INFO - Started process (PID=1798) to work on /home/airflow/.local/lib/python3.8/site-packages/airflow/example_dags/example_trigger_controller_dag.py
[2025-02-08T13:23:47.736+0000] {processor.py:830} INFO - Processing file /home/airflow/.local/lib/python3.8/site-packages/airflow/example_dags/example_trigger_controller_dag.py for tasks to queue
[2025-02-08T13:23:47.743+0000] {logging_mixin.py:188} INFO - [2025-02-08T13:23:47.743+0000] {dagbag.py:538} INFO - Filling up the DagBag from /home/airflow/.local/lib/python3.8/site-packages/airflow/example_dags/example_trigger_controller_dag.py
[2025-02-08T13:23:47.766+0000] {processor.py:840} INFO - DAG(s) 'example_trigger_controller_dag' retrieved from /home/airflow/.local/lib/python3.8/site-packages/airflow/example_dags/example_trigger_controller_dag.py
[2025-02-08T13:23:47.824+0000] {logging_mixin.py:188} INFO - [2025-02-08T13:23:47.824+0000] {dag.py:3036} INFO - Sync 1 DAGs
[2025-02-08T13:23:47.895+0000] {logging_mixin.py:188} INFO - [2025-02-08T13:23:47.894+0000] {dag.py:3823} INFO - Setting next_dagrun for example_trigger_controller_dag to 2021-01-01 00:00:00+00:00, run_after=2021-01-01 00:00:00+00:00
[2025-02-08T13:23:48.014+0000] {processor.py:183} INFO - Processing /home/airflow/.local/lib/python3.8/site-packages/airflow/example_dags/example_trigger_controller_dag.py took 0.296 seconds
[2025-02-08T13:24:18.818+0000] {processor.py:161} INFO - Started process (PID=1863) to work on /home/airflow/.local/lib/python3.8/site-packages/airflow/example_dags/example_trigger_controller_dag.py
[2025-02-08T13:24:18.820+0000] {processor.py:830} INFO - Processing file /home/airflow/.local/lib/python3.8/site-packages/airflow/example_dags/example_trigger_controller_dag.py for tasks to queue
[2025-02-08T13:24:18.825+0000] {logging_mixin.py:188} INFO - [2025-02-08T13:24:18.823+0000] {dagbag.py:538} INFO - Filling up the DagBag from /home/airflow/.local/lib/python3.8/site-packages/airflow/example_dags/example_trigger_controller_dag.py
[2025-02-08T13:24:18.837+0000] {processor.py:840} INFO - DAG(s) 'example_trigger_controller_dag' retrieved from /home/airflow/.local/lib/python3.8/site-packages/airflow/example_dags/example_trigger_controller_dag.py
[2025-02-08T13:24:18.889+0000] {logging_mixin.py:188} INFO - [2025-02-08T13:24:18.888+0000] {dag.py:3036} INFO - Sync 1 DAGs
[2025-02-08T13:24:18.936+0000] {logging_mixin.py:188} INFO - [2025-02-08T13:24:18.935+0000] {dag.py:3823} INFO - Setting next_dagrun for example_trigger_controller_dag to 2021-01-01 00:00:00+00:00, run_after=2021-01-01 00:00:00+00:00
[2025-02-08T13:24:18.992+0000] {processor.py:183} INFO - Processing /home/airflow/.local/lib/python3.8/site-packages/airflow/example_dags/example_trigger_controller_dag.py took 0.180 seconds
[2025-02-08T13:24:49.779+0000] {processor.py:161} INFO - Started process (PID=1928) to work on /home/airflow/.local/lib/python3.8/site-packages/airflow/example_dags/example_trigger_controller_dag.py
[2025-02-08T13:24:49.781+0000] {processor.py:830} INFO - Processing file /home/airflow/.local/lib/python3.8/site-packages/airflow/example_dags/example_trigger_controller_dag.py for tasks to queue
[2025-02-08T13:24:49.785+0000] {logging_mixin.py:188} INFO - [2025-02-08T13:24:49.785+0000] {dagbag.py:538} INFO - Filling up the DagBag from /home/airflow/.local/lib/python3.8/site-packages/airflow/example_dags/example_trigger_controller_dag.py
[2025-02-08T13:24:49.796+0000] {processor.py:840} INFO - DAG(s) 'example_trigger_controller_dag' retrieved from /home/airflow/.local/lib/python3.8/site-packages/airflow/example_dags/example_trigger_controller_dag.py
[2025-02-08T13:24:49.864+0000] {logging_mixin.py:188} INFO - [2025-02-08T13:24:49.862+0000] {dag.py:3036} INFO - Sync 1 DAGs
[2025-02-08T13:24:49.913+0000] {logging_mixin.py:188} INFO - [2025-02-08T13:24:49.913+0000] {dag.py:3823} INFO - Setting next_dagrun for example_trigger_controller_dag to 2021-01-01 00:00:00+00:00, run_after=2021-01-01 00:00:00+00:00
[2025-02-08T13:24:49.966+0000] {processor.py:183} INFO - Processing /home/airflow/.local/lib/python3.8/site-packages/airflow/example_dags/example_trigger_controller_dag.py took 0.196 seconds
[2025-02-08T13:25:20.189+0000] {processor.py:161} INFO - Started process (PID=1985) to work on /home/airflow/.local/lib/python3.8/site-packages/airflow/example_dags/example_trigger_controller_dag.py
[2025-02-08T13:25:20.192+0000] {processor.py:830} INFO - Processing file /home/airflow/.local/lib/python3.8/site-packages/airflow/example_dags/example_trigger_controller_dag.py for tasks to queue
[2025-02-08T13:25:20.207+0000] {logging_mixin.py:188} INFO - [2025-02-08T13:25:20.206+0000] {dagbag.py:538} INFO - Filling up the DagBag from /home/airflow/.local/lib/python3.8/site-packages/airflow/example_dags/example_trigger_controller_dag.py
[2025-02-08T13:25:20.279+0000] {processor.py:840} INFO - DAG(s) 'example_trigger_controller_dag' retrieved from /home/airflow/.local/lib/python3.8/site-packages/airflow/example_dags/example_trigger_controller_dag.py
[2025-02-08T13:25:20.405+0000] {logging_mixin.py:188} INFO - [2025-02-08T13:25:20.404+0000] {dag.py:3036} INFO - Sync 1 DAGs
[2025-02-08T13:25:20.618+0000] {logging_mixin.py:188} INFO - [2025-02-08T13:25:20.617+0000] {dag.py:3823} INFO - Setting next_dagrun for example_trigger_controller_dag to 2021-01-01 00:00:00+00:00, run_after=2021-01-01 00:00:00+00:00
[2025-02-08T13:25:20.774+0000] {processor.py:183} INFO - Processing /home/airflow/.local/lib/python3.8/site-packages/airflow/example_dags/example_trigger_controller_dag.py took 0.603 seconds
[2025-02-08T13:25:50.959+0000] {processor.py:161} INFO - Started process (PID=2050) to work on /home/airflow/.local/lib/python3.8/site-packages/airflow/example_dags/example_trigger_controller_dag.py
[2025-02-08T13:25:50.961+0000] {processor.py:830} INFO - Processing file /home/airflow/.local/lib/python3.8/site-packages/airflow/example_dags/example_trigger_controller_dag.py for tasks to queue
[2025-02-08T13:25:50.965+0000] {logging_mixin.py:188} INFO - [2025-02-08T13:25:50.964+0000] {dagbag.py:538} INFO - Filling up the DagBag from /home/airflow/.local/lib/python3.8/site-packages/airflow/example_dags/example_trigger_controller_dag.py
[2025-02-08T13:25:50.975+0000] {processor.py:840} INFO - DAG(s) 'example_trigger_controller_dag' retrieved from /home/airflow/.local/lib/python3.8/site-packages/airflow/example_dags/example_trigger_controller_dag.py
[2025-02-08T13:25:51.011+0000] {logging_mixin.py:188} INFO - [2025-02-08T13:25:51.010+0000] {dag.py:3036} INFO - Sync 1 DAGs
[2025-02-08T13:25:51.055+0000] {logging_mixin.py:188} INFO - [2025-02-08T13:25:51.055+0000] {dag.py:3823} INFO - Setting next_dagrun for example_trigger_controller_dag to 2021-01-01 00:00:00+00:00, run_after=2021-01-01 00:00:00+00:00
[2025-02-08T13:25:51.109+0000] {processor.py:183} INFO - Processing /home/airflow/.local/lib/python3.8/site-packages/airflow/example_dags/example_trigger_controller_dag.py took 0.155 seconds
[2025-02-08T13:26:22.289+0000] {processor.py:161} INFO - Started process (PID=2114) to work on /home/airflow/.local/lib/python3.8/site-packages/airflow/example_dags/example_trigger_controller_dag.py
[2025-02-08T13:26:22.291+0000] {processor.py:830} INFO - Processing file /home/airflow/.local/lib/python3.8/site-packages/airflow/example_dags/example_trigger_controller_dag.py for tasks to queue
[2025-02-08T13:26:22.295+0000] {logging_mixin.py:188} INFO - [2025-02-08T13:26:22.294+0000] {dagbag.py:538} INFO - Filling up the DagBag from /home/airflow/.local/lib/python3.8/site-packages/airflow/example_dags/example_trigger_controller_dag.py
[2025-02-08T13:26:22.303+0000] {processor.py:840} INFO - DAG(s) 'example_trigger_controller_dag' retrieved from /home/airflow/.local/lib/python3.8/site-packages/airflow/example_dags/example_trigger_controller_dag.py
[2025-02-08T13:26:22.345+0000] {logging_mixin.py:188} INFO - [2025-02-08T13:26:22.345+0000] {dag.py:3036} INFO - Sync 1 DAGs
[2025-02-08T13:26:22.393+0000] {logging_mixin.py:188} INFO - [2025-02-08T13:26:22.393+0000] {dag.py:3823} INFO - Setting next_dagrun for example_trigger_controller_dag to 2021-01-01 00:00:00+00:00, run_after=2021-01-01 00:00:00+00:00
[2025-02-08T13:26:22.439+0000] {processor.py:183} INFO - Processing /home/airflow/.local/lib/python3.8/site-packages/airflow/example_dags/example_trigger_controller_dag.py took 0.157 seconds
[2025-02-08T13:26:53.047+0000] {processor.py:161} INFO - Started process (PID=2171) to work on /home/airflow/.local/lib/python3.8/site-packages/airflow/example_dags/example_trigger_controller_dag.py
[2025-02-08T13:26:53.061+0000] {processor.py:830} INFO - Processing file /home/airflow/.local/lib/python3.8/site-packages/airflow/example_dags/example_trigger_controller_dag.py for tasks to queue
[2025-02-08T13:26:53.066+0000] {logging_mixin.py:188} INFO - [2025-02-08T13:26:53.065+0000] {dagbag.py:538} INFO - Filling up the DagBag from /home/airflow/.local/lib/python3.8/site-packages/airflow/example_dags/example_trigger_controller_dag.py
[2025-02-08T13:26:53.085+0000] {processor.py:840} INFO - DAG(s) 'example_trigger_controller_dag' retrieved from /home/airflow/.local/lib/python3.8/site-packages/airflow/example_dags/example_trigger_controller_dag.py
[2025-02-08T13:26:53.156+0000] {logging_mixin.py:188} INFO - [2025-02-08T13:26:53.154+0000] {dag.py:3036} INFO - Sync 1 DAGs
[2025-02-08T13:26:53.247+0000] {logging_mixin.py:188} INFO - [2025-02-08T13:26:53.247+0000] {dag.py:3823} INFO - Setting next_dagrun for example_trigger_controller_dag to 2021-01-01 00:00:00+00:00, run_after=2021-01-01 00:00:00+00:00
[2025-02-08T13:26:53.310+0000] {processor.py:183} INFO - Processing /home/airflow/.local/lib/python3.8/site-packages/airflow/example_dags/example_trigger_controller_dag.py took 0.276 seconds
[2025-02-08T13:27:23.549+0000] {processor.py:161} INFO - Started process (PID=2236) to work on /home/airflow/.local/lib/python3.8/site-packages/airflow/example_dags/example_trigger_controller_dag.py
[2025-02-08T13:27:23.552+0000] {processor.py:830} INFO - Processing file /home/airflow/.local/lib/python3.8/site-packages/airflow/example_dags/example_trigger_controller_dag.py for tasks to queue
[2025-02-08T13:27:23.558+0000] {logging_mixin.py:188} INFO - [2025-02-08T13:27:23.558+0000] {dagbag.py:538} INFO - Filling up the DagBag from /home/airflow/.local/lib/python3.8/site-packages/airflow/example_dags/example_trigger_controller_dag.py
[2025-02-08T13:27:23.573+0000] {processor.py:840} INFO - DAG(s) 'example_trigger_controller_dag' retrieved from /home/airflow/.local/lib/python3.8/site-packages/airflow/example_dags/example_trigger_controller_dag.py
[2025-02-08T13:27:23.628+0000] {logging_mixin.py:188} INFO - [2025-02-08T13:27:23.627+0000] {dag.py:3036} INFO - Sync 1 DAGs
[2025-02-08T13:27:23.754+0000] {logging_mixin.py:188} INFO - [2025-02-08T13:27:23.753+0000] {dag.py:3823} INFO - Setting next_dagrun for example_trigger_controller_dag to 2021-01-01 00:00:00+00:00, run_after=2021-01-01 00:00:00+00:00
[2025-02-08T13:27:23.821+0000] {processor.py:183} INFO - Processing /home/airflow/.local/lib/python3.8/site-packages/airflow/example_dags/example_trigger_controller_dag.py took 0.287 seconds
[2025-02-08T13:27:54.147+0000] {processor.py:161} INFO - Started process (PID=2301) to work on /home/airflow/.local/lib/python3.8/site-packages/airflow/example_dags/example_trigger_controller_dag.py
[2025-02-08T13:27:54.149+0000] {processor.py:830} INFO - Processing file /home/airflow/.local/lib/python3.8/site-packages/airflow/example_dags/example_trigger_controller_dag.py for tasks to queue
[2025-02-08T13:27:54.152+0000] {logging_mixin.py:188} INFO - [2025-02-08T13:27:54.151+0000] {dagbag.py:538} INFO - Filling up the DagBag from /home/airflow/.local/lib/python3.8/site-packages/airflow/example_dags/example_trigger_controller_dag.py
[2025-02-08T13:27:54.164+0000] {processor.py:840} INFO - DAG(s) 'example_trigger_controller_dag' retrieved from /home/airflow/.local/lib/python3.8/site-packages/airflow/example_dags/example_trigger_controller_dag.py
[2025-02-08T13:27:54.209+0000] {logging_mixin.py:188} INFO - [2025-02-08T13:27:54.208+0000] {dag.py:3036} INFO - Sync 1 DAGs
[2025-02-08T13:27:54.253+0000] {logging_mixin.py:188} INFO - [2025-02-08T13:27:54.253+0000] {dag.py:3823} INFO - Setting next_dagrun for example_trigger_controller_dag to 2021-01-01 00:00:00+00:00, run_after=2021-01-01 00:00:00+00:00
[2025-02-08T13:27:54.299+0000] {processor.py:183} INFO - Processing /home/airflow/.local/lib/python3.8/site-packages/airflow/example_dags/example_trigger_controller_dag.py took 0.157 seconds
[2025-02-08T13:28:24.986+0000] {processor.py:161} INFO - Started process (PID=2365) to work on /home/airflow/.local/lib/python3.8/site-packages/airflow/example_dags/example_trigger_controller_dag.py
[2025-02-08T13:28:24.989+0000] {processor.py:830} INFO - Processing file /home/airflow/.local/lib/python3.8/site-packages/airflow/example_dags/example_trigger_controller_dag.py for tasks to queue
[2025-02-08T13:28:24.995+0000] {logging_mixin.py:188} INFO - [2025-02-08T13:28:24.994+0000] {dagbag.py:538} INFO - Filling up the DagBag from /home/airflow/.local/lib/python3.8/site-packages/airflow/example_dags/example_trigger_controller_dag.py
[2025-02-08T13:28:25.011+0000] {processor.py:840} INFO - DAG(s) 'example_trigger_controller_dag' retrieved from /home/airflow/.local/lib/python3.8/site-packages/airflow/example_dags/example_trigger_controller_dag.py
[2025-02-08T13:28:25.052+0000] {logging_mixin.py:188} INFO - [2025-02-08T13:28:25.052+0000] {dag.py:3036} INFO - Sync 1 DAGs
[2025-02-08T13:28:25.098+0000] {logging_mixin.py:188} INFO - [2025-02-08T13:28:25.098+0000] {dag.py:3823} INFO - Setting next_dagrun for example_trigger_controller_dag to 2021-01-01 00:00:00+00:00, run_after=2021-01-01 00:00:00+00:00
[2025-02-08T13:28:25.136+0000] {processor.py:183} INFO - Processing /home/airflow/.local/lib/python3.8/site-packages/airflow/example_dags/example_trigger_controller_dag.py took 0.158 seconds
[2025-02-08T13:28:56.215+0000] {processor.py:161} INFO - Started process (PID=2429) to work on /home/airflow/.local/lib/python3.8/site-packages/airflow/example_dags/example_trigger_controller_dag.py
[2025-02-08T13:28:56.220+0000] {processor.py:830} INFO - Processing file /home/airflow/.local/lib/python3.8/site-packages/airflow/example_dags/example_trigger_controller_dag.py for tasks to queue
[2025-02-08T13:28:56.239+0000] {logging_mixin.py:188} INFO - [2025-02-08T13:28:56.230+0000] {dagbag.py:538} INFO - Filling up the DagBag from /home/airflow/.local/lib/python3.8/site-packages/airflow/example_dags/example_trigger_controller_dag.py
[2025-02-08T13:28:56.256+0000] {processor.py:840} INFO - DAG(s) 'example_trigger_controller_dag' retrieved from /home/airflow/.local/lib/python3.8/site-packages/airflow/example_dags/example_trigger_controller_dag.py
[2025-02-08T13:28:56.315+0000] {logging_mixin.py:188} INFO - [2025-02-08T13:28:56.315+0000] {dag.py:3036} INFO - Sync 1 DAGs
[2025-02-08T13:28:56.376+0000] {logging_mixin.py:188} INFO - [2025-02-08T13:28:56.375+0000] {dag.py:3823} INFO - Setting next_dagrun for example_trigger_controller_dag to 2021-01-01 00:00:00+00:00, run_after=2021-01-01 00:00:00+00:00
[2025-02-08T13:28:56.433+0000] {processor.py:183} INFO - Processing /home/airflow/.local/lib/python3.8/site-packages/airflow/example_dags/example_trigger_controller_dag.py took 0.224 seconds
[2025-02-08T13:29:27.092+0000] {processor.py:161} INFO - Started process (PID=2494) to work on /home/airflow/.local/lib/python3.8/site-packages/airflow/example_dags/example_trigger_controller_dag.py
[2025-02-08T13:29:27.094+0000] {processor.py:830} INFO - Processing file /home/airflow/.local/lib/python3.8/site-packages/airflow/example_dags/example_trigger_controller_dag.py for tasks to queue
[2025-02-08T13:29:27.098+0000] {logging_mixin.py:188} INFO - [2025-02-08T13:29:27.098+0000] {dagbag.py:538} INFO - Filling up the DagBag from /home/airflow/.local/lib/python3.8/site-packages/airflow/example_dags/example_trigger_controller_dag.py
[2025-02-08T13:29:27.111+0000] {processor.py:840} INFO - DAG(s) 'example_trigger_controller_dag' retrieved from /home/airflow/.local/lib/python3.8/site-packages/airflow/example_dags/example_trigger_controller_dag.py
[2025-02-08T13:29:27.177+0000] {logging_mixin.py:188} INFO - [2025-02-08T13:29:27.176+0000] {dag.py:3036} INFO - Sync 1 DAGs
[2025-02-08T13:29:27.241+0000] {logging_mixin.py:188} INFO - [2025-02-08T13:29:27.241+0000] {dag.py:3823} INFO - Setting next_dagrun for example_trigger_controller_dag to 2021-01-01 00:00:00+00:00, run_after=2021-01-01 00:00:00+00:00
[2025-02-08T13:29:27.310+0000] {processor.py:183} INFO - Processing /home/airflow/.local/lib/python3.8/site-packages/airflow/example_dags/example_trigger_controller_dag.py took 0.227 seconds
[2025-02-08T13:29:57.961+0000] {processor.py:161} INFO - Started process (PID=2558) to work on /home/airflow/.local/lib/python3.8/site-packages/airflow/example_dags/example_trigger_controller_dag.py
[2025-02-08T13:29:57.963+0000] {processor.py:830} INFO - Processing file /home/airflow/.local/lib/python3.8/site-packages/airflow/example_dags/example_trigger_controller_dag.py for tasks to queue
[2025-02-08T13:29:57.966+0000] {logging_mixin.py:188} INFO - [2025-02-08T13:29:57.966+0000] {dagbag.py:538} INFO - Filling up the DagBag from /home/airflow/.local/lib/python3.8/site-packages/airflow/example_dags/example_trigger_controller_dag.py
[2025-02-08T13:29:57.988+0000] {processor.py:840} INFO - DAG(s) 'example_trigger_controller_dag' retrieved from /home/airflow/.local/lib/python3.8/site-packages/airflow/example_dags/example_trigger_controller_dag.py
[2025-02-08T13:29:58.035+0000] {logging_mixin.py:188} INFO - [2025-02-08T13:29:58.035+0000] {dag.py:3036} INFO - Sync 1 DAGs
[2025-02-08T13:29:58.129+0000] {logging_mixin.py:188} INFO - [2025-02-08T13:29:58.129+0000] {dag.py:3823} INFO - Setting next_dagrun for example_trigger_controller_dag to 2021-01-01 00:00:00+00:00, run_after=2021-01-01 00:00:00+00:00
[2025-02-08T13:29:58.201+0000] {processor.py:183} INFO - Processing /home/airflow/.local/lib/python3.8/site-packages/airflow/example_dags/example_trigger_controller_dag.py took 0.251 seconds
[2025-02-08T13:30:28.270+0000] {processor.py:161} INFO - Started process (PID=2616) to work on /home/airflow/.local/lib/python3.8/site-packages/airflow/example_dags/example_trigger_controller_dag.py
[2025-02-08T13:30:28.271+0000] {processor.py:830} INFO - Processing file /home/airflow/.local/lib/python3.8/site-packages/airflow/example_dags/example_trigger_controller_dag.py for tasks to queue
[2025-02-08T13:30:28.275+0000] {logging_mixin.py:188} INFO - [2025-02-08T13:30:28.275+0000] {dagbag.py:538} INFO - Filling up the DagBag from /home/airflow/.local/lib/python3.8/site-packages/airflow/example_dags/example_trigger_controller_dag.py
[2025-02-08T13:30:28.283+0000] {processor.py:840} INFO - DAG(s) 'example_trigger_controller_dag' retrieved from /home/airflow/.local/lib/python3.8/site-packages/airflow/example_dags/example_trigger_controller_dag.py
[2025-02-08T13:30:28.318+0000] {logging_mixin.py:188} INFO - [2025-02-08T13:30:28.317+0000] {dag.py:3036} INFO - Sync 1 DAGs
[2025-02-08T13:30:28.360+0000] {logging_mixin.py:188} INFO - [2025-02-08T13:30:28.360+0000] {dag.py:3823} INFO - Setting next_dagrun for example_trigger_controller_dag to 2021-01-01 00:00:00+00:00, run_after=2021-01-01 00:00:00+00:00
[2025-02-08T13:30:28.389+0000] {processor.py:183} INFO - Processing /home/airflow/.local/lib/python3.8/site-packages/airflow/example_dags/example_trigger_controller_dag.py took 0.125 seconds
[2025-02-08T13:30:59.224+0000] {processor.py:161} INFO - Started process (PID=2680) to work on /home/airflow/.local/lib/python3.8/site-packages/airflow/example_dags/example_trigger_controller_dag.py
[2025-02-08T13:30:59.230+0000] {processor.py:830} INFO - Processing file /home/airflow/.local/lib/python3.8/site-packages/airflow/example_dags/example_trigger_controller_dag.py for tasks to queue
[2025-02-08T13:30:59.248+0000] {logging_mixin.py:188} INFO - [2025-02-08T13:30:59.248+0000] {dagbag.py:538} INFO - Filling up the DagBag from /home/airflow/.local/lib/python3.8/site-packages/airflow/example_dags/example_trigger_controller_dag.py
[2025-02-08T13:30:59.273+0000] {processor.py:840} INFO - DAG(s) 'example_trigger_controller_dag' retrieved from /home/airflow/.local/lib/python3.8/site-packages/airflow/example_dags/example_trigger_controller_dag.py
[2025-02-08T13:30:59.355+0000] {logging_mixin.py:188} INFO - [2025-02-08T13:30:59.355+0000] {dag.py:3036} INFO - Sync 1 DAGs
[2025-02-08T13:30:59.427+0000] {logging_mixin.py:188} INFO - [2025-02-08T13:30:59.424+0000] {dag.py:3823} INFO - Setting next_dagrun for example_trigger_controller_dag to 2021-01-01 00:00:00+00:00, run_after=2021-01-01 00:00:00+00:00
[2025-02-08T13:30:59.509+0000] {processor.py:183} INFO - Processing /home/airflow/.local/lib/python3.8/site-packages/airflow/example_dags/example_trigger_controller_dag.py took 0.293 seconds
[2025-02-08T13:31:29.982+0000] {processor.py:161} INFO - Started process (PID=2746) to work on /home/airflow/.local/lib/python3.8/site-packages/airflow/example_dags/example_trigger_controller_dag.py
[2025-02-08T13:31:29.985+0000] {processor.py:830} INFO - Processing file /home/airflow/.local/lib/python3.8/site-packages/airflow/example_dags/example_trigger_controller_dag.py for tasks to queue
[2025-02-08T13:31:30.002+0000] {logging_mixin.py:188} INFO - [2025-02-08T13:31:30.001+0000] {dagbag.py:538} INFO - Filling up the DagBag from /home/airflow/.local/lib/python3.8/site-packages/airflow/example_dags/example_trigger_controller_dag.py
[2025-02-08T13:31:30.050+0000] {processor.py:840} INFO - DAG(s) 'example_trigger_controller_dag' retrieved from /home/airflow/.local/lib/python3.8/site-packages/airflow/example_dags/example_trigger_controller_dag.py
[2025-02-08T13:31:30.137+0000] {logging_mixin.py:188} INFO - [2025-02-08T13:31:30.136+0000] {dag.py:3036} INFO - Sync 1 DAGs
[2025-02-08T13:31:30.229+0000] {logging_mixin.py:188} INFO - [2025-02-08T13:31:30.229+0000] {dag.py:3823} INFO - Setting next_dagrun for example_trigger_controller_dag to 2021-01-01 00:00:00+00:00, run_after=2021-01-01 00:00:00+00:00
[2025-02-08T13:31:30.335+0000] {processor.py:183} INFO - Processing /home/airflow/.local/lib/python3.8/site-packages/airflow/example_dags/example_trigger_controller_dag.py took 0.366 seconds
[2025-02-08T13:32:01.029+0000] {processor.py:161} INFO - Started process (PID=2809) to work on /home/airflow/.local/lib/python3.8/site-packages/airflow/example_dags/example_trigger_controller_dag.py
[2025-02-08T13:32:01.033+0000] {processor.py:830} INFO - Processing file /home/airflow/.local/lib/python3.8/site-packages/airflow/example_dags/example_trigger_controller_dag.py for tasks to queue
[2025-02-08T13:32:01.049+0000] {logging_mixin.py:188} INFO - [2025-02-08T13:32:01.048+0000] {dagbag.py:538} INFO - Filling up the DagBag from /home/airflow/.local/lib/python3.8/site-packages/airflow/example_dags/example_trigger_controller_dag.py
[2025-02-08T13:32:01.091+0000] {processor.py:840} INFO - DAG(s) 'example_trigger_controller_dag' retrieved from /home/airflow/.local/lib/python3.8/site-packages/airflow/example_dags/example_trigger_controller_dag.py
[2025-02-08T13:32:01.162+0000] {logging_mixin.py:188} INFO - [2025-02-08T13:32:01.162+0000] {dag.py:3036} INFO - Sync 1 DAGs
[2025-02-08T13:32:01.267+0000] {logging_mixin.py:188} INFO - [2025-02-08T13:32:01.267+0000] {dag.py:3823} INFO - Setting next_dagrun for example_trigger_controller_dag to 2021-01-01 00:00:00+00:00, run_after=2021-01-01 00:00:00+00:00
[2025-02-08T13:32:01.324+0000] {processor.py:183} INFO - Processing /home/airflow/.local/lib/python3.8/site-packages/airflow/example_dags/example_trigger_controller_dag.py took 0.317 seconds
[2025-02-08T13:32:31.513+0000] {processor.py:161} INFO - Started process (PID=2867) to work on /home/airflow/.local/lib/python3.8/site-packages/airflow/example_dags/example_trigger_controller_dag.py
[2025-02-08T13:32:31.515+0000] {processor.py:830} INFO - Processing file /home/airflow/.local/lib/python3.8/site-packages/airflow/example_dags/example_trigger_controller_dag.py for tasks to queue
[2025-02-08T13:32:31.520+0000] {logging_mixin.py:188} INFO - [2025-02-08T13:32:31.518+0000] {dagbag.py:538} INFO - Filling up the DagBag from /home/airflow/.local/lib/python3.8/site-packages/airflow/example_dags/example_trigger_controller_dag.py
[2025-02-08T13:32:31.530+0000] {processor.py:840} INFO - DAG(s) 'example_trigger_controller_dag' retrieved from /home/airflow/.local/lib/python3.8/site-packages/airflow/example_dags/example_trigger_controller_dag.py
[2025-02-08T13:32:31.581+0000] {logging_mixin.py:188} INFO - [2025-02-08T13:32:31.581+0000] {dag.py:3036} INFO - Sync 1 DAGs
[2025-02-08T13:32:31.634+0000] {logging_mixin.py:188} INFO - [2025-02-08T13:32:31.634+0000] {dag.py:3823} INFO - Setting next_dagrun for example_trigger_controller_dag to 2021-01-01 00:00:00+00:00, run_after=2021-01-01 00:00:00+00:00
[2025-02-08T13:32:31.685+0000] {processor.py:183} INFO - Processing /home/airflow/.local/lib/python3.8/site-packages/airflow/example_dags/example_trigger_controller_dag.py took 0.181 seconds
[2025-02-08T13:33:02.515+0000] {processor.py:161} INFO - Started process (PID=2930) to work on /home/airflow/.local/lib/python3.8/site-packages/airflow/example_dags/example_trigger_controller_dag.py
[2025-02-08T13:33:02.519+0000] {processor.py:830} INFO - Processing file /home/airflow/.local/lib/python3.8/site-packages/airflow/example_dags/example_trigger_controller_dag.py for tasks to queue
[2025-02-08T13:33:02.525+0000] {logging_mixin.py:188} INFO - [2025-02-08T13:33:02.525+0000] {dagbag.py:538} INFO - Filling up the DagBag from /home/airflow/.local/lib/python3.8/site-packages/airflow/example_dags/example_trigger_controller_dag.py
[2025-02-08T13:33:02.544+0000] {processor.py:840} INFO - DAG(s) 'example_trigger_controller_dag' retrieved from /home/airflow/.local/lib/python3.8/site-packages/airflow/example_dags/example_trigger_controller_dag.py
[2025-02-08T13:33:02.618+0000] {logging_mixin.py:188} INFO - [2025-02-08T13:33:02.616+0000] {dag.py:3036} INFO - Sync 1 DAGs
[2025-02-08T13:33:02.683+0000] {logging_mixin.py:188} INFO - [2025-02-08T13:33:02.683+0000] {dag.py:3823} INFO - Setting next_dagrun for example_trigger_controller_dag to 2021-01-01 00:00:00+00:00, run_after=2021-01-01 00:00:00+00:00
[2025-02-08T13:33:03.076+0000] {processor.py:183} INFO - Processing /home/airflow/.local/lib/python3.8/site-packages/airflow/example_dags/example_trigger_controller_dag.py took 0.576 seconds
[2025-02-08T13:33:33.617+0000] {processor.py:161} INFO - Started process (PID=2994) to work on /home/airflow/.local/lib/python3.8/site-packages/airflow/example_dags/example_trigger_controller_dag.py
[2025-02-08T13:33:33.620+0000] {processor.py:830} INFO - Processing file /home/airflow/.local/lib/python3.8/site-packages/airflow/example_dags/example_trigger_controller_dag.py for tasks to queue
[2025-02-08T13:33:33.627+0000] {logging_mixin.py:188} INFO - [2025-02-08T13:33:33.624+0000] {dagbag.py:538} INFO - Filling up the DagBag from /home/airflow/.local/lib/python3.8/site-packages/airflow/example_dags/example_trigger_controller_dag.py
[2025-02-08T13:33:33.639+0000] {processor.py:840} INFO - DAG(s) 'example_trigger_controller_dag' retrieved from /home/airflow/.local/lib/python3.8/site-packages/airflow/example_dags/example_trigger_controller_dag.py
[2025-02-08T13:33:33.703+0000] {logging_mixin.py:188} INFO - [2025-02-08T13:33:33.703+0000] {dag.py:3036} INFO - Sync 1 DAGs
[2025-02-08T13:33:33.764+0000] {logging_mixin.py:188} INFO - [2025-02-08T13:33:33.764+0000] {dag.py:3823} INFO - Setting next_dagrun for example_trigger_controller_dag to 2021-01-01 00:00:00+00:00, run_after=2021-01-01 00:00:00+00:00
[2025-02-08T13:33:33.822+0000] {processor.py:183} INFO - Processing /home/airflow/.local/lib/python3.8/site-packages/airflow/example_dags/example_trigger_controller_dag.py took 0.211 seconds
[2025-02-08T13:34:04.306+0000] {processor.py:161} INFO - Started process (PID=3059) to work on /home/airflow/.local/lib/python3.8/site-packages/airflow/example_dags/example_trigger_controller_dag.py
[2025-02-08T13:34:04.311+0000] {processor.py:830} INFO - Processing file /home/airflow/.local/lib/python3.8/site-packages/airflow/example_dags/example_trigger_controller_dag.py for tasks to queue
[2025-02-08T13:34:04.315+0000] {logging_mixin.py:188} INFO - [2025-02-08T13:34:04.314+0000] {dagbag.py:538} INFO - Filling up the DagBag from /home/airflow/.local/lib/python3.8/site-packages/airflow/example_dags/example_trigger_controller_dag.py
[2025-02-08T13:34:04.329+0000] {processor.py:840} INFO - DAG(s) 'example_trigger_controller_dag' retrieved from /home/airflow/.local/lib/python3.8/site-packages/airflow/example_dags/example_trigger_controller_dag.py
[2025-02-08T13:34:04.385+0000] {logging_mixin.py:188} INFO - [2025-02-08T13:34:04.385+0000] {dag.py:3036} INFO - Sync 1 DAGs
[2025-02-08T13:34:04.446+0000] {logging_mixin.py:188} INFO - [2025-02-08T13:34:04.445+0000] {dag.py:3823} INFO - Setting next_dagrun for example_trigger_controller_dag to 2021-01-01 00:00:00+00:00, run_after=2021-01-01 00:00:00+00:00
[2025-02-08T13:34:04.509+0000] {processor.py:183} INFO - Processing /home/airflow/.local/lib/python3.8/site-packages/airflow/example_dags/example_trigger_controller_dag.py took 0.213 seconds
[2025-02-08T13:34:35.397+0000] {processor.py:161} INFO - Started process (PID=3124) to work on /home/airflow/.local/lib/python3.8/site-packages/airflow/example_dags/example_trigger_controller_dag.py
[2025-02-08T13:34:35.399+0000] {processor.py:830} INFO - Processing file /home/airflow/.local/lib/python3.8/site-packages/airflow/example_dags/example_trigger_controller_dag.py for tasks to queue
[2025-02-08T13:34:35.401+0000] {logging_mixin.py:188} INFO - [2025-02-08T13:34:35.401+0000] {dagbag.py:538} INFO - Filling up the DagBag from /home/airflow/.local/lib/python3.8/site-packages/airflow/example_dags/example_trigger_controller_dag.py
[2025-02-08T13:34:35.431+0000] {processor.py:840} INFO - DAG(s) 'example_trigger_controller_dag' retrieved from /home/airflow/.local/lib/python3.8/site-packages/airflow/example_dags/example_trigger_controller_dag.py
[2025-02-08T13:34:35.537+0000] {logging_mixin.py:188} INFO - [2025-02-08T13:34:35.536+0000] {dag.py:3036} INFO - Sync 1 DAGs
[2025-02-08T13:34:35.660+0000] {logging_mixin.py:188} INFO - [2025-02-08T13:34:35.654+0000] {dag.py:3823} INFO - Setting next_dagrun for example_trigger_controller_dag to 2021-01-01 00:00:00+00:00, run_after=2021-01-01 00:00:00+00:00
[2025-02-08T13:34:35.735+0000] {processor.py:183} INFO - Processing /home/airflow/.local/lib/python3.8/site-packages/airflow/example_dags/example_trigger_controller_dag.py took 0.362 seconds
[2025-02-08T13:35:31.880+0000] {processor.py:161} INFO - Started process (PID=3194) to work on /home/airflow/.local/lib/python3.8/site-packages/airflow/example_dags/example_trigger_controller_dag.py
[2025-02-08T13:35:31.887+0000] {processor.py:830} INFO - Processing file /home/airflow/.local/lib/python3.8/site-packages/airflow/example_dags/example_trigger_controller_dag.py for tasks to queue
[2025-02-08T13:35:31.894+0000] {logging_mixin.py:188} INFO - [2025-02-08T13:35:31.891+0000] {dagbag.py:538} INFO - Filling up the DagBag from /home/airflow/.local/lib/python3.8/site-packages/airflow/example_dags/example_trigger_controller_dag.py
[2025-02-08T13:35:31.979+0000] {processor.py:840} INFO - DAG(s) 'example_trigger_controller_dag' retrieved from /home/airflow/.local/lib/python3.8/site-packages/airflow/example_dags/example_trigger_controller_dag.py
[2025-02-08T13:35:32.170+0000] {logging_mixin.py:188} INFO - [2025-02-08T13:35:32.169+0000] {dag.py:3036} INFO - Sync 1 DAGs
[2025-02-08T13:35:32.368+0000] {logging_mixin.py:188} INFO - [2025-02-08T13:35:32.366+0000] {dag.py:3823} INFO - Setting next_dagrun for example_trigger_controller_dag to 2021-01-01 00:00:00+00:00, run_after=2021-01-01 00:00:00+00:00
[2025-02-08T13:35:32.432+0000] {processor.py:183} INFO - Processing /home/airflow/.local/lib/python3.8/site-packages/airflow/example_dags/example_trigger_controller_dag.py took 0.564 seconds
[2025-02-08T13:36:02.880+0000] {processor.py:161} INFO - Started process (PID=3259) to work on /home/airflow/.local/lib/python3.8/site-packages/airflow/example_dags/example_trigger_controller_dag.py
[2025-02-08T13:36:02.886+0000] {processor.py:830} INFO - Processing file /home/airflow/.local/lib/python3.8/site-packages/airflow/example_dags/example_trigger_controller_dag.py for tasks to queue
[2025-02-08T13:36:02.892+0000] {logging_mixin.py:188} INFO - [2025-02-08T13:36:02.890+0000] {dagbag.py:538} INFO - Filling up the DagBag from /home/airflow/.local/lib/python3.8/site-packages/airflow/example_dags/example_trigger_controller_dag.py
[2025-02-08T13:36:02.906+0000] {processor.py:840} INFO - DAG(s) 'example_trigger_controller_dag' retrieved from /home/airflow/.local/lib/python3.8/site-packages/airflow/example_dags/example_trigger_controller_dag.py
[2025-02-08T13:36:02.998+0000] {logging_mixin.py:188} INFO - [2025-02-08T13:36:02.998+0000] {dag.py:3036} INFO - Sync 1 DAGs
[2025-02-08T13:36:03.569+0000] {logging_mixin.py:188} INFO - [2025-02-08T13:36:03.568+0000] {dag.py:3823} INFO - Setting next_dagrun for example_trigger_controller_dag to 2021-01-01 00:00:00+00:00, run_after=2021-01-01 00:00:00+00:00
[2025-02-08T13:36:03.652+0000] {processor.py:183} INFO - Processing /home/airflow/.local/lib/python3.8/site-packages/airflow/example_dags/example_trigger_controller_dag.py took 0.782 seconds
[2025-02-08T13:36:33.993+0000] {processor.py:161} INFO - Started process (PID=3316) to work on /home/airflow/.local/lib/python3.8/site-packages/airflow/example_dags/example_trigger_controller_dag.py
[2025-02-08T13:36:33.996+0000] {processor.py:830} INFO - Processing file /home/airflow/.local/lib/python3.8/site-packages/airflow/example_dags/example_trigger_controller_dag.py for tasks to queue
[2025-02-08T13:36:33.999+0000] {logging_mixin.py:188} INFO - [2025-02-08T13:36:33.999+0000] {dagbag.py:538} INFO - Filling up the DagBag from /home/airflow/.local/lib/python3.8/site-packages/airflow/example_dags/example_trigger_controller_dag.py
[2025-02-08T13:36:34.019+0000] {processor.py:840} INFO - DAG(s) 'example_trigger_controller_dag' retrieved from /home/airflow/.local/lib/python3.8/site-packages/airflow/example_dags/example_trigger_controller_dag.py
[2025-02-08T13:36:34.111+0000] {logging_mixin.py:188} INFO - [2025-02-08T13:36:34.110+0000] {dag.py:3036} INFO - Sync 1 DAGs
[2025-02-08T13:36:34.181+0000] {logging_mixin.py:188} INFO - [2025-02-08T13:36:34.181+0000] {dag.py:3823} INFO - Setting next_dagrun for example_trigger_controller_dag to 2021-01-01 00:00:00+00:00, run_after=2021-01-01 00:00:00+00:00
[2025-02-08T13:36:34.610+0000] {processor.py:183} INFO - Processing /home/airflow/.local/lib/python3.8/site-packages/airflow/example_dags/example_trigger_controller_dag.py took 0.624 seconds
[2025-02-08T13:37:04.724+0000] {processor.py:161} INFO - Started process (PID=3381) to work on /home/airflow/.local/lib/python3.8/site-packages/airflow/example_dags/example_trigger_controller_dag.py
[2025-02-08T13:37:04.731+0000] {processor.py:830} INFO - Processing file /home/airflow/.local/lib/python3.8/site-packages/airflow/example_dags/example_trigger_controller_dag.py for tasks to queue
[2025-02-08T13:37:04.734+0000] {logging_mixin.py:188} INFO - [2025-02-08T13:37:04.733+0000] {dagbag.py:538} INFO - Filling up the DagBag from /home/airflow/.local/lib/python3.8/site-packages/airflow/example_dags/example_trigger_controller_dag.py
[2025-02-08T13:37:04.753+0000] {processor.py:840} INFO - DAG(s) 'example_trigger_controller_dag' retrieved from /home/airflow/.local/lib/python3.8/site-packages/airflow/example_dags/example_trigger_controller_dag.py
[2025-02-08T13:37:04.822+0000] {logging_mixin.py:188} INFO - [2025-02-08T13:37:04.822+0000] {dag.py:3036} INFO - Sync 1 DAGs
[2025-02-08T13:37:04.924+0000] {logging_mixin.py:188} INFO - [2025-02-08T13:37:04.924+0000] {dag.py:3823} INFO - Setting next_dagrun for example_trigger_controller_dag to 2021-01-01 00:00:00+00:00, run_after=2021-01-01 00:00:00+00:00
[2025-02-08T13:37:05.002+0000] {processor.py:183} INFO - Processing /home/airflow/.local/lib/python3.8/site-packages/airflow/example_dags/example_trigger_controller_dag.py took 0.284 seconds
[2025-02-08T13:37:35.253+0000] {processor.py:161} INFO - Started process (PID=3446) to work on /home/airflow/.local/lib/python3.8/site-packages/airflow/example_dags/example_trigger_controller_dag.py
[2025-02-08T13:37:35.266+0000] {processor.py:830} INFO - Processing file /home/airflow/.local/lib/python3.8/site-packages/airflow/example_dags/example_trigger_controller_dag.py for tasks to queue
[2025-02-08T13:37:35.271+0000] {logging_mixin.py:188} INFO - [2025-02-08T13:37:35.271+0000] {dagbag.py:538} INFO - Filling up the DagBag from /home/airflow/.local/lib/python3.8/site-packages/airflow/example_dags/example_trigger_controller_dag.py
[2025-02-08T13:37:35.283+0000] {processor.py:840} INFO - DAG(s) 'example_trigger_controller_dag' retrieved from /home/airflow/.local/lib/python3.8/site-packages/airflow/example_dags/example_trigger_controller_dag.py
[2025-02-08T13:37:35.329+0000] {logging_mixin.py:188} INFO - [2025-02-08T13:37:35.329+0000] {dag.py:3036} INFO - Sync 1 DAGs
[2025-02-08T13:37:35.377+0000] {logging_mixin.py:188} INFO - [2025-02-08T13:37:35.374+0000] {dag.py:3823} INFO - Setting next_dagrun for example_trigger_controller_dag to 2021-01-01 00:00:00+00:00, run_after=2021-01-01 00:00:00+00:00
[2025-02-08T13:37:35.414+0000] {processor.py:183} INFO - Processing /home/airflow/.local/lib/python3.8/site-packages/airflow/example_dags/example_trigger_controller_dag.py took 0.166 seconds
[2025-02-08T13:38:05.780+0000] {processor.py:161} INFO - Started process (PID=3510) to work on /home/airflow/.local/lib/python3.8/site-packages/airflow/example_dags/example_trigger_controller_dag.py
[2025-02-08T13:38:05.783+0000] {processor.py:830} INFO - Processing file /home/airflow/.local/lib/python3.8/site-packages/airflow/example_dags/example_trigger_controller_dag.py for tasks to queue
[2025-02-08T13:38:05.795+0000] {logging_mixin.py:188} INFO - [2025-02-08T13:38:05.792+0000] {dagbag.py:538} INFO - Filling up the DagBag from /home/airflow/.local/lib/python3.8/site-packages/airflow/example_dags/example_trigger_controller_dag.py
[2025-02-08T13:38:05.810+0000] {processor.py:840} INFO - DAG(s) 'example_trigger_controller_dag' retrieved from /home/airflow/.local/lib/python3.8/site-packages/airflow/example_dags/example_trigger_controller_dag.py
[2025-02-08T13:38:05.898+0000] {logging_mixin.py:188} INFO - [2025-02-08T13:38:05.897+0000] {dag.py:3036} INFO - Sync 1 DAGs
[2025-02-08T13:38:06.001+0000] {logging_mixin.py:188} INFO - [2025-02-08T13:38:06.001+0000] {dag.py:3823} INFO - Setting next_dagrun for example_trigger_controller_dag to 2021-01-01 00:00:00+00:00, run_after=2021-01-01 00:00:00+00:00
[2025-02-08T13:38:06.070+0000] {processor.py:183} INFO - Processing /home/airflow/.local/lib/python3.8/site-packages/airflow/example_dags/example_trigger_controller_dag.py took 0.300 seconds
[2025-02-08T13:38:36.331+0000] {processor.py:161} INFO - Started process (PID=3575) to work on /home/airflow/.local/lib/python3.8/site-packages/airflow/example_dags/example_trigger_controller_dag.py
[2025-02-08T13:38:36.332+0000] {processor.py:830} INFO - Processing file /home/airflow/.local/lib/python3.8/site-packages/airflow/example_dags/example_trigger_controller_dag.py for tasks to queue
[2025-02-08T13:38:36.336+0000] {logging_mixin.py:188} INFO - [2025-02-08T13:38:36.335+0000] {dagbag.py:538} INFO - Filling up the DagBag from /home/airflow/.local/lib/python3.8/site-packages/airflow/example_dags/example_trigger_controller_dag.py
[2025-02-08T13:38:36.349+0000] {processor.py:840} INFO - DAG(s) 'example_trigger_controller_dag' retrieved from /home/airflow/.local/lib/python3.8/site-packages/airflow/example_dags/example_trigger_controller_dag.py
[2025-02-08T13:38:36.409+0000] {logging_mixin.py:188} INFO - [2025-02-08T13:38:36.408+0000] {dag.py:3036} INFO - Sync 1 DAGs
[2025-02-08T13:38:36.497+0000] {logging_mixin.py:188} INFO - [2025-02-08T13:38:36.497+0000] {dag.py:3823} INFO - Setting next_dagrun for example_trigger_controller_dag to 2021-01-01 00:00:00+00:00, run_after=2021-01-01 00:00:00+00:00
[2025-02-08T13:38:36.567+0000] {processor.py:183} INFO - Processing /home/airflow/.local/lib/python3.8/site-packages/airflow/example_dags/example_trigger_controller_dag.py took 0.246 seconds
[2025-02-08T13:39:06.708+0000] {processor.py:161} INFO - Started process (PID=3632) to work on /home/airflow/.local/lib/python3.8/site-packages/airflow/example_dags/example_trigger_controller_dag.py
[2025-02-08T13:39:06.714+0000] {processor.py:830} INFO - Processing file /home/airflow/.local/lib/python3.8/site-packages/airflow/example_dags/example_trigger_controller_dag.py for tasks to queue
[2025-02-08T13:39:06.720+0000] {logging_mixin.py:188} INFO - [2025-02-08T13:39:06.719+0000] {dagbag.py:538} INFO - Filling up the DagBag from /home/airflow/.local/lib/python3.8/site-packages/airflow/example_dags/example_trigger_controller_dag.py
[2025-02-08T13:39:06.733+0000] {processor.py:840} INFO - DAG(s) 'example_trigger_controller_dag' retrieved from /home/airflow/.local/lib/python3.8/site-packages/airflow/example_dags/example_trigger_controller_dag.py
[2025-02-08T13:39:06.796+0000] {logging_mixin.py:188} INFO - [2025-02-08T13:39:06.796+0000] {dag.py:3036} INFO - Sync 1 DAGs
[2025-02-08T13:39:06.860+0000] {logging_mixin.py:188} INFO - [2025-02-08T13:39:06.859+0000] {dag.py:3823} INFO - Setting next_dagrun for example_trigger_controller_dag to 2021-01-01 00:00:00+00:00, run_after=2021-01-01 00:00:00+00:00
[2025-02-08T13:39:06.967+0000] {processor.py:183} INFO - Processing /home/airflow/.local/lib/python3.8/site-packages/airflow/example_dags/example_trigger_controller_dag.py took 0.270 seconds
[2025-02-08T13:39:37.764+0000] {processor.py:161} INFO - Started process (PID=3697) to work on /home/airflow/.local/lib/python3.8/site-packages/airflow/example_dags/example_trigger_controller_dag.py
[2025-02-08T13:39:37.769+0000] {processor.py:830} INFO - Processing file /home/airflow/.local/lib/python3.8/site-packages/airflow/example_dags/example_trigger_controller_dag.py for tasks to queue
[2025-02-08T13:39:37.781+0000] {logging_mixin.py:188} INFO - [2025-02-08T13:39:37.780+0000] {dagbag.py:538} INFO - Filling up the DagBag from /home/airflow/.local/lib/python3.8/site-packages/airflow/example_dags/example_trigger_controller_dag.py
[2025-02-08T13:39:37.801+0000] {processor.py:840} INFO - DAG(s) 'example_trigger_controller_dag' retrieved from /home/airflow/.local/lib/python3.8/site-packages/airflow/example_dags/example_trigger_controller_dag.py
[2025-02-08T13:39:37.879+0000] {logging_mixin.py:188} INFO - [2025-02-08T13:39:37.879+0000] {dag.py:3036} INFO - Sync 1 DAGs
[2025-02-08T13:39:37.965+0000] {logging_mixin.py:188} INFO - [2025-02-08T13:39:37.964+0000] {dag.py:3823} INFO - Setting next_dagrun for example_trigger_controller_dag to 2021-01-01 00:00:00+00:00, run_after=2021-01-01 00:00:00+00:00
[2025-02-08T13:39:38.034+0000] {processor.py:183} INFO - Processing /home/airflow/.local/lib/python3.8/site-packages/airflow/example_dags/example_trigger_controller_dag.py took 0.280 seconds
[2025-02-08T13:40:08.514+0000] {processor.py:161} INFO - Started process (PID=3763) to work on /home/airflow/.local/lib/python3.8/site-packages/airflow/example_dags/example_trigger_controller_dag.py
[2025-02-08T13:40:08.517+0000] {processor.py:830} INFO - Processing file /home/airflow/.local/lib/python3.8/site-packages/airflow/example_dags/example_trigger_controller_dag.py for tasks to queue
[2025-02-08T13:40:08.521+0000] {logging_mixin.py:188} INFO - [2025-02-08T13:40:08.521+0000] {dagbag.py:538} INFO - Filling up the DagBag from /home/airflow/.local/lib/python3.8/site-packages/airflow/example_dags/example_trigger_controller_dag.py
[2025-02-08T13:40:08.536+0000] {processor.py:840} INFO - DAG(s) 'example_trigger_controller_dag' retrieved from /home/airflow/.local/lib/python3.8/site-packages/airflow/example_dags/example_trigger_controller_dag.py
[2025-02-08T13:40:08.651+0000] {logging_mixin.py:188} INFO - [2025-02-08T13:40:08.651+0000] {dag.py:3036} INFO - Sync 1 DAGs
[2025-02-08T13:40:08.786+0000] {logging_mixin.py:188} INFO - [2025-02-08T13:40:08.786+0000] {dag.py:3823} INFO - Setting next_dagrun for example_trigger_controller_dag to 2021-01-01 00:00:00+00:00, run_after=2021-01-01 00:00:00+00:00
[2025-02-08T13:40:08.881+0000] {processor.py:183} INFO - Processing /home/airflow/.local/lib/python3.8/site-packages/airflow/example_dags/example_trigger_controller_dag.py took 0.382 seconds
[2025-02-08T13:40:42.766+0000] {processor.py:161} INFO - Started process (PID=3828) to work on /home/airflow/.local/lib/python3.8/site-packages/airflow/example_dags/example_trigger_controller_dag.py
[2025-02-08T13:40:42.771+0000] {processor.py:830} INFO - Processing file /home/airflow/.local/lib/python3.8/site-packages/airflow/example_dags/example_trigger_controller_dag.py for tasks to queue
[2025-02-08T13:40:42.797+0000] {logging_mixin.py:188} INFO - [2025-02-08T13:40:42.785+0000] {dagbag.py:538} INFO - Filling up the DagBag from /home/airflow/.local/lib/python3.8/site-packages/airflow/example_dags/example_trigger_controller_dag.py
[2025-02-08T13:40:42.976+0000] {processor.py:840} INFO - DAG(s) 'example_trigger_controller_dag' retrieved from /home/airflow/.local/lib/python3.8/site-packages/airflow/example_dags/example_trigger_controller_dag.py
[2025-02-08T13:40:43.301+0000] {logging_mixin.py:188} INFO - [2025-02-08T13:40:43.300+0000] {dag.py:3036} INFO - Sync 1 DAGs
[2025-02-08T13:40:43.469+0000] {logging_mixin.py:188} INFO - [2025-02-08T13:40:43.417+0000] {dag.py:3823} INFO - Setting next_dagrun for example_trigger_controller_dag to 2021-01-01 00:00:00+00:00, run_after=2021-01-01 00:00:00+00:00
[2025-02-08T13:40:43.653+0000] {processor.py:183} INFO - Processing /home/airflow/.local/lib/python3.8/site-packages/airflow/example_dags/example_trigger_controller_dag.py took 0.916 seconds
[2025-02-08T13:42:06.102+0000] {processor.py:161} INFO - Started process (PID=3916) to work on /home/airflow/.local/lib/python3.8/site-packages/airflow/example_dags/example_trigger_controller_dag.py
[2025-02-08T13:42:06.113+0000] {processor.py:830} INFO - Processing file /home/airflow/.local/lib/python3.8/site-packages/airflow/example_dags/example_trigger_controller_dag.py for tasks to queue
[2025-02-08T13:42:06.130+0000] {logging_mixin.py:188} INFO - [2025-02-08T13:42:06.129+0000] {dagbag.py:538} INFO - Filling up the DagBag from /home/airflow/.local/lib/python3.8/site-packages/airflow/example_dags/example_trigger_controller_dag.py
[2025-02-08T13:42:06.169+0000] {processor.py:840} INFO - DAG(s) 'example_trigger_controller_dag' retrieved from /home/airflow/.local/lib/python3.8/site-packages/airflow/example_dags/example_trigger_controller_dag.py
[2025-02-08T13:42:06.635+0000] {logging_mixin.py:188} INFO - [2025-02-08T13:42:06.634+0000] {dag.py:3036} INFO - Sync 1 DAGs
[2025-02-08T13:42:07.381+0000] {logging_mixin.py:188} INFO - [2025-02-08T13:42:07.372+0000] {dag.py:3823} INFO - Setting next_dagrun for example_trigger_controller_dag to 2021-01-01 00:00:00+00:00, run_after=2021-01-01 00:00:00+00:00
[2025-02-08T13:42:08.103+0000] {processor.py:183} INFO - Processing /home/airflow/.local/lib/python3.8/site-packages/airflow/example_dags/example_trigger_controller_dag.py took 2.035 seconds
[2025-02-08T13:43:18.082+0000] {processor.py:161} INFO - Started process (PID=4003) to work on /home/airflow/.local/lib/python3.8/site-packages/airflow/example_dags/example_trigger_controller_dag.py
[2025-02-08T13:43:18.086+0000] {processor.py:830} INFO - Processing file /home/airflow/.local/lib/python3.8/site-packages/airflow/example_dags/example_trigger_controller_dag.py for tasks to queue
[2025-02-08T13:43:18.097+0000] {logging_mixin.py:188} INFO - [2025-02-08T13:43:18.095+0000] {dagbag.py:538} INFO - Filling up the DagBag from /home/airflow/.local/lib/python3.8/site-packages/airflow/example_dags/example_trigger_controller_dag.py
[2025-02-08T13:43:18.134+0000] {processor.py:840} INFO - DAG(s) 'example_trigger_controller_dag' retrieved from /home/airflow/.local/lib/python3.8/site-packages/airflow/example_dags/example_trigger_controller_dag.py
[2025-02-08T13:43:18.296+0000] {logging_mixin.py:188} INFO - [2025-02-08T13:43:18.296+0000] {dag.py:3036} INFO - Sync 1 DAGs
[2025-02-08T13:43:18.468+0000] {logging_mixin.py:188} INFO - [2025-02-08T13:43:18.467+0000] {dag.py:3823} INFO - Setting next_dagrun for example_trigger_controller_dag to 2021-01-01 00:00:00+00:00, run_after=2021-01-01 00:00:00+00:00
[2025-02-08T13:43:18.586+0000] {processor.py:183} INFO - Processing /home/airflow/.local/lib/python3.8/site-packages/airflow/example_dags/example_trigger_controller_dag.py took 0.520 seconds
[2025-02-08T13:43:50.445+0000] {processor.py:161} INFO - Started process (PID=4060) to work on /home/airflow/.local/lib/python3.8/site-packages/airflow/example_dags/example_trigger_controller_dag.py
[2025-02-08T13:43:50.450+0000] {processor.py:830} INFO - Processing file /home/airflow/.local/lib/python3.8/site-packages/airflow/example_dags/example_trigger_controller_dag.py for tasks to queue
[2025-02-08T13:43:50.455+0000] {logging_mixin.py:188} INFO - [2025-02-08T13:43:50.454+0000] {dagbag.py:538} INFO - Filling up the DagBag from /home/airflow/.local/lib/python3.8/site-packages/airflow/example_dags/example_trigger_controller_dag.py
[2025-02-08T13:43:50.485+0000] {processor.py:840} INFO - DAG(s) 'example_trigger_controller_dag' retrieved from /home/airflow/.local/lib/python3.8/site-packages/airflow/example_dags/example_trigger_controller_dag.py
[2025-02-08T13:43:50.597+0000] {logging_mixin.py:188} INFO - [2025-02-08T13:43:50.596+0000] {dag.py:3036} INFO - Sync 1 DAGs
[2025-02-08T13:43:50.668+0000] {logging_mixin.py:188} INFO - [2025-02-08T13:43:50.668+0000] {dag.py:3823} INFO - Setting next_dagrun for example_trigger_controller_dag to 2021-01-01 00:00:00+00:00, run_after=2021-01-01 00:00:00+00:00
[2025-02-08T13:43:50.755+0000] {processor.py:183} INFO - Processing /home/airflow/.local/lib/python3.8/site-packages/airflow/example_dags/example_trigger_controller_dag.py took 0.321 seconds
[2025-02-08T13:44:23.192+0000] {processor.py:161} INFO - Started process (PID=4123) to work on /home/airflow/.local/lib/python3.8/site-packages/airflow/example_dags/example_trigger_controller_dag.py
[2025-02-08T13:44:23.195+0000] {processor.py:830} INFO - Processing file /home/airflow/.local/lib/python3.8/site-packages/airflow/example_dags/example_trigger_controller_dag.py for tasks to queue
[2025-02-08T13:44:23.204+0000] {logging_mixin.py:188} INFO - [2025-02-08T13:44:23.202+0000] {dagbag.py:538} INFO - Filling up the DagBag from /home/airflow/.local/lib/python3.8/site-packages/airflow/example_dags/example_trigger_controller_dag.py
[2025-02-08T13:44:23.240+0000] {processor.py:840} INFO - DAG(s) 'example_trigger_controller_dag' retrieved from /home/airflow/.local/lib/python3.8/site-packages/airflow/example_dags/example_trigger_controller_dag.py
[2025-02-08T13:44:23.333+0000] {logging_mixin.py:188} INFO - [2025-02-08T13:44:23.332+0000] {dag.py:3036} INFO - Sync 1 DAGs
[2025-02-08T13:44:23.544+0000] {logging_mixin.py:188} INFO - [2025-02-08T13:44:23.544+0000] {dag.py:3823} INFO - Setting next_dagrun for example_trigger_controller_dag to 2021-01-01 00:00:00+00:00, run_after=2021-01-01 00:00:00+00:00
[2025-02-08T13:44:24.096+0000] {processor.py:183} INFO - Processing /home/airflow/.local/lib/python3.8/site-packages/airflow/example_dags/example_trigger_controller_dag.py took 0.914 seconds
[2025-02-08T13:44:55.102+0000] {processor.py:161} INFO - Started process (PID=4180) to work on /home/airflow/.local/lib/python3.8/site-packages/airflow/example_dags/example_trigger_controller_dag.py
[2025-02-08T13:44:55.106+0000] {processor.py:830} INFO - Processing file /home/airflow/.local/lib/python3.8/site-packages/airflow/example_dags/example_trigger_controller_dag.py for tasks to queue
[2025-02-08T13:44:55.112+0000] {logging_mixin.py:188} INFO - [2025-02-08T13:44:55.111+0000] {dagbag.py:538} INFO - Filling up the DagBag from /home/airflow/.local/lib/python3.8/site-packages/airflow/example_dags/example_trigger_controller_dag.py
[2025-02-08T13:44:55.124+0000] {processor.py:840} INFO - DAG(s) 'example_trigger_controller_dag' retrieved from /home/airflow/.local/lib/python3.8/site-packages/airflow/example_dags/example_trigger_controller_dag.py
[2025-02-08T13:44:55.175+0000] {logging_mixin.py:188} INFO - [2025-02-08T13:44:55.175+0000] {dag.py:3036} INFO - Sync 1 DAGs
[2025-02-08T13:44:55.236+0000] {logging_mixin.py:188} INFO - [2025-02-08T13:44:55.236+0000] {dag.py:3823} INFO - Setting next_dagrun for example_trigger_controller_dag to 2021-01-01 00:00:00+00:00, run_after=2021-01-01 00:00:00+00:00
[2025-02-08T13:44:55.300+0000] {processor.py:183} INFO - Processing /home/airflow/.local/lib/python3.8/site-packages/airflow/example_dags/example_trigger_controller_dag.py took 0.204 seconds
[2025-02-08T13:45:26.105+0000] {processor.py:161} INFO - Started process (PID=4245) to work on /home/airflow/.local/lib/python3.8/site-packages/airflow/example_dags/example_trigger_controller_dag.py
[2025-02-08T13:45:26.107+0000] {processor.py:830} INFO - Processing file /home/airflow/.local/lib/python3.8/site-packages/airflow/example_dags/example_trigger_controller_dag.py for tasks to queue
[2025-02-08T13:45:26.115+0000] {logging_mixin.py:188} INFO - [2025-02-08T13:45:26.114+0000] {dagbag.py:538} INFO - Filling up the DagBag from /home/airflow/.local/lib/python3.8/site-packages/airflow/example_dags/example_trigger_controller_dag.py
[2025-02-08T13:45:26.127+0000] {processor.py:840} INFO - DAG(s) 'example_trigger_controller_dag' retrieved from /home/airflow/.local/lib/python3.8/site-packages/airflow/example_dags/example_trigger_controller_dag.py
[2025-02-08T13:45:26.256+0000] {logging_mixin.py:188} INFO - [2025-02-08T13:45:26.255+0000] {dag.py:3036} INFO - Sync 1 DAGs
[2025-02-08T13:45:26.500+0000] {logging_mixin.py:188} INFO - [2025-02-08T13:45:26.499+0000] {dag.py:3823} INFO - Setting next_dagrun for example_trigger_controller_dag to 2021-01-01 00:00:00+00:00, run_after=2021-01-01 00:00:00+00:00
[2025-02-08T13:45:26.718+0000] {processor.py:183} INFO - Processing /home/airflow/.local/lib/python3.8/site-packages/airflow/example_dags/example_trigger_controller_dag.py took 0.622 seconds
[2025-02-08T13:46:00.170+0000] {processor.py:161} INFO - Started process (PID=4308) to work on /home/airflow/.local/lib/python3.8/site-packages/airflow/example_dags/example_trigger_controller_dag.py
[2025-02-08T13:46:00.183+0000] {processor.py:830} INFO - Processing file /home/airflow/.local/lib/python3.8/site-packages/airflow/example_dags/example_trigger_controller_dag.py for tasks to queue
[2025-02-08T13:46:00.223+0000] {logging_mixin.py:188} INFO - [2025-02-08T13:46:00.221+0000] {dagbag.py:538} INFO - Filling up the DagBag from /home/airflow/.local/lib/python3.8/site-packages/airflow/example_dags/example_trigger_controller_dag.py
[2025-02-08T13:46:00.329+0000] {processor.py:840} INFO - DAG(s) 'example_trigger_controller_dag' retrieved from /home/airflow/.local/lib/python3.8/site-packages/airflow/example_dags/example_trigger_controller_dag.py
[2025-02-08T13:46:00.601+0000] {logging_mixin.py:188} INFO - [2025-02-08T13:46:00.599+0000] {dag.py:3036} INFO - Sync 1 DAGs
[2025-02-08T13:46:00.749+0000] {logging_mixin.py:188} INFO - [2025-02-08T13:46:00.749+0000] {dag.py:3823} INFO - Setting next_dagrun for example_trigger_controller_dag to 2021-01-01 00:00:00+00:00, run_after=2021-01-01 00:00:00+00:00
[2025-02-08T13:46:01.009+0000] {processor.py:183} INFO - Processing /home/airflow/.local/lib/python3.8/site-packages/airflow/example_dags/example_trigger_controller_dag.py took 0.863 seconds
[2025-02-08T13:46:39.967+0000] {processor.py:161} INFO - Started process (PID=4371) to work on /home/airflow/.local/lib/python3.8/site-packages/airflow/example_dags/example_trigger_controller_dag.py
[2025-02-08T13:46:39.985+0000] {processor.py:830} INFO - Processing file /home/airflow/.local/lib/python3.8/site-packages/airflow/example_dags/example_trigger_controller_dag.py for tasks to queue
[2025-02-08T13:46:40.068+0000] {logging_mixin.py:188} INFO - [2025-02-08T13:46:40.067+0000] {dagbag.py:538} INFO - Filling up the DagBag from /home/airflow/.local/lib/python3.8/site-packages/airflow/example_dags/example_trigger_controller_dag.py
[2025-02-08T13:46:40.184+0000] {processor.py:840} INFO - DAG(s) 'example_trigger_controller_dag' retrieved from /home/airflow/.local/lib/python3.8/site-packages/airflow/example_dags/example_trigger_controller_dag.py
[2025-02-08T13:46:40.485+0000] {logging_mixin.py:188} INFO - [2025-02-08T13:46:40.484+0000] {dag.py:3036} INFO - Sync 1 DAGs
[2025-02-08T13:46:40.797+0000] {logging_mixin.py:188} INFO - [2025-02-08T13:46:40.796+0000] {dag.py:3823} INFO - Setting next_dagrun for example_trigger_controller_dag to 2021-01-01 00:00:00+00:00, run_after=2021-01-01 00:00:00+00:00
[2025-02-08T13:46:41.199+0000] {processor.py:183} INFO - Processing /home/airflow/.local/lib/python3.8/site-packages/airflow/example_dags/example_trigger_controller_dag.py took 1.349 seconds
[2025-02-08T13:47:23.954+0000] {processor.py:161} INFO - Started process (PID=4426) to work on /home/airflow/.local/lib/python3.8/site-packages/airflow/example_dags/example_trigger_controller_dag.py
[2025-02-08T13:47:23.969+0000] {processor.py:830} INFO - Processing file /home/airflow/.local/lib/python3.8/site-packages/airflow/example_dags/example_trigger_controller_dag.py for tasks to queue
[2025-02-08T13:47:23.977+0000] {logging_mixin.py:188} INFO - [2025-02-08T13:47:23.974+0000] {dagbag.py:538} INFO - Filling up the DagBag from /home/airflow/.local/lib/python3.8/site-packages/airflow/example_dags/example_trigger_controller_dag.py
[2025-02-08T13:47:24.233+0000] {processor.py:840} INFO - DAG(s) 'example_trigger_controller_dag' retrieved from /home/airflow/.local/lib/python3.8/site-packages/airflow/example_dags/example_trigger_controller_dag.py
[2025-02-08T13:47:24.871+0000] {logging_mixin.py:188} INFO - [2025-02-08T13:47:24.871+0000] {dag.py:3036} INFO - Sync 1 DAGs
[2025-02-08T13:47:25.673+0000] {logging_mixin.py:188} INFO - [2025-02-08T13:47:25.666+0000] {dag.py:3823} INFO - Setting next_dagrun for example_trigger_controller_dag to 2021-01-01 00:00:00+00:00, run_after=2021-01-01 00:00:00+00:00
[2025-02-08T13:47:25.882+0000] {processor.py:183} INFO - Processing /home/airflow/.local/lib/python3.8/site-packages/airflow/example_dags/example_trigger_controller_dag.py took 1.942 seconds
[2025-02-08T13:47:56.475+0000] {processor.py:161} INFO - Started process (PID=4484) to work on /home/airflow/.local/lib/python3.8/site-packages/airflow/example_dags/example_trigger_controller_dag.py
[2025-02-08T13:47:56.479+0000] {processor.py:830} INFO - Processing file /home/airflow/.local/lib/python3.8/site-packages/airflow/example_dags/example_trigger_controller_dag.py for tasks to queue
[2025-02-08T13:47:56.505+0000] {logging_mixin.py:188} INFO - [2025-02-08T13:47:56.502+0000] {dagbag.py:538} INFO - Filling up the DagBag from /home/airflow/.local/lib/python3.8/site-packages/airflow/example_dags/example_trigger_controller_dag.py
[2025-02-08T13:47:56.530+0000] {processor.py:840} INFO - DAG(s) 'example_trigger_controller_dag' retrieved from /home/airflow/.local/lib/python3.8/site-packages/airflow/example_dags/example_trigger_controller_dag.py
[2025-02-08T13:47:56.633+0000] {logging_mixin.py:188} INFO - [2025-02-08T13:47:56.633+0000] {dag.py:3036} INFO - Sync 1 DAGs
[2025-02-08T13:47:56.766+0000] {logging_mixin.py:188} INFO - [2025-02-08T13:47:56.766+0000] {dag.py:3823} INFO - Setting next_dagrun for example_trigger_controller_dag to 2021-01-01 00:00:00+00:00, run_after=2021-01-01 00:00:00+00:00
[2025-02-08T13:47:56.833+0000] {processor.py:183} INFO - Processing /home/airflow/.local/lib/python3.8/site-packages/airflow/example_dags/example_trigger_controller_dag.py took 0.375 seconds
[2025-02-08T13:48:27.109+0000] {processor.py:161} INFO - Started process (PID=4548) to work on /home/airflow/.local/lib/python3.8/site-packages/airflow/example_dags/example_trigger_controller_dag.py
[2025-02-08T13:48:27.113+0000] {processor.py:830} INFO - Processing file /home/airflow/.local/lib/python3.8/site-packages/airflow/example_dags/example_trigger_controller_dag.py for tasks to queue
[2025-02-08T13:48:27.124+0000] {logging_mixin.py:188} INFO - [2025-02-08T13:48:27.123+0000] {dagbag.py:538} INFO - Filling up the DagBag from /home/airflow/.local/lib/python3.8/site-packages/airflow/example_dags/example_trigger_controller_dag.py
[2025-02-08T13:48:27.172+0000] {processor.py:840} INFO - DAG(s) 'example_trigger_controller_dag' retrieved from /home/airflow/.local/lib/python3.8/site-packages/airflow/example_dags/example_trigger_controller_dag.py
[2025-02-08T13:48:27.265+0000] {logging_mixin.py:188} INFO - [2025-02-08T13:48:27.264+0000] {dag.py:3036} INFO - Sync 1 DAGs
[2025-02-08T13:48:27.371+0000] {logging_mixin.py:188} INFO - [2025-02-08T13:48:27.370+0000] {dag.py:3823} INFO - Setting next_dagrun for example_trigger_controller_dag to 2021-01-01 00:00:00+00:00, run_after=2021-01-01 00:00:00+00:00
[2025-02-08T13:48:27.455+0000] {processor.py:183} INFO - Processing /home/airflow/.local/lib/python3.8/site-packages/airflow/example_dags/example_trigger_controller_dag.py took 0.355 seconds
[2025-02-08T13:48:57.600+0000] {processor.py:161} INFO - Started process (PID=4614) to work on /home/airflow/.local/lib/python3.8/site-packages/airflow/example_dags/example_trigger_controller_dag.py
[2025-02-08T13:48:57.610+0000] {processor.py:830} INFO - Processing file /home/airflow/.local/lib/python3.8/site-packages/airflow/example_dags/example_trigger_controller_dag.py for tasks to queue
[2025-02-08T13:48:57.624+0000] {logging_mixin.py:188} INFO - [2025-02-08T13:48:57.623+0000] {dagbag.py:538} INFO - Filling up the DagBag from /home/airflow/.local/lib/python3.8/site-packages/airflow/example_dags/example_trigger_controller_dag.py
[2025-02-08T13:48:57.646+0000] {processor.py:840} INFO - DAG(s) 'example_trigger_controller_dag' retrieved from /home/airflow/.local/lib/python3.8/site-packages/airflow/example_dags/example_trigger_controller_dag.py
[2025-02-08T13:48:57.726+0000] {logging_mixin.py:188} INFO - [2025-02-08T13:48:57.725+0000] {dag.py:3036} INFO - Sync 1 DAGs
[2025-02-08T13:48:57.884+0000] {logging_mixin.py:188} INFO - [2025-02-08T13:48:57.884+0000] {dag.py:3823} INFO - Setting next_dagrun for example_trigger_controller_dag to 2021-01-01 00:00:00+00:00, run_after=2021-01-01 00:00:00+00:00
[2025-02-08T13:48:57.996+0000] {processor.py:183} INFO - Processing /home/airflow/.local/lib/python3.8/site-packages/airflow/example_dags/example_trigger_controller_dag.py took 0.415 seconds
