[2025-02-08T13:00:49.871+0000] {processor.py:161} INFO - Started process (PID=131) to work on /home/airflow/.local/lib/python3.8/site-packages/airflow/example_dags/example_xcom.py
[2025-02-08T13:00:49.873+0000] {processor.py:830} INFO - Processing file /home/airflow/.local/lib/python3.8/site-packages/airflow/example_dags/example_xcom.py for tasks to queue
[2025-02-08T13:00:49.881+0000] {logging_mixin.py:188} INFO - [2025-02-08T13:00:49.881+0000] {dagbag.py:538} INFO - Filling up the DagBag from /home/airflow/.local/lib/python3.8/site-packages/airflow/example_dags/example_xcom.py
[2025-02-08T13:00:49.903+0000] {processor.py:840} INFO - DAG(s) 'example_xcom' retrieved from /home/airflow/.local/lib/python3.8/site-packages/airflow/example_dags/example_xcom.py
[2025-02-08T13:00:50.161+0000] {logging_mixin.py:188} INFO - [2025-02-08T13:00:50.161+0000] {dag.py:3036} INFO - Sync 1 DAGs
[2025-02-08T13:00:50.207+0000] {logging_mixin.py:188} INFO - [2025-02-08T13:00:50.206+0000] {dag.py:3823} INFO - Setting next_dagrun for example_xcom to 2021-01-01 00:00:00+00:00, run_after=2021-01-01 00:00:00+00:00
[2025-02-08T13:00:50.249+0000] {processor.py:183} INFO - Processing /home/airflow/.local/lib/python3.8/site-packages/airflow/example_dags/example_xcom.py took 0.387 seconds
[2025-02-08T13:01:20.595+0000] {processor.py:161} INFO - Started process (PID=196) to work on /home/airflow/.local/lib/python3.8/site-packages/airflow/example_dags/example_xcom.py
[2025-02-08T13:01:20.597+0000] {processor.py:830} INFO - Processing file /home/airflow/.local/lib/python3.8/site-packages/airflow/example_dags/example_xcom.py for tasks to queue
[2025-02-08T13:01:20.602+0000] {logging_mixin.py:188} INFO - [2025-02-08T13:01:20.602+0000] {dagbag.py:538} INFO - Filling up the DagBag from /home/airflow/.local/lib/python3.8/site-packages/airflow/example_dags/example_xcom.py
[2025-02-08T13:01:20.613+0000] {processor.py:840} INFO - DAG(s) 'example_xcom' retrieved from /home/airflow/.local/lib/python3.8/site-packages/airflow/example_dags/example_xcom.py
[2025-02-08T13:01:20.647+0000] {logging_mixin.py:188} INFO - [2025-02-08T13:01:20.647+0000] {dag.py:3036} INFO - Sync 1 DAGs
[2025-02-08T13:01:20.680+0000] {logging_mixin.py:188} INFO - [2025-02-08T13:01:20.680+0000] {dag.py:3823} INFO - Setting next_dagrun for example_xcom to 2021-01-01 00:00:00+00:00, run_after=2021-01-01 00:00:00+00:00
[2025-02-08T13:01:20.713+0000] {processor.py:183} INFO - Processing /home/airflow/.local/lib/python3.8/site-packages/airflow/example_dags/example_xcom.py took 0.122 seconds
[2025-02-08T13:01:50.827+0000] {processor.py:161} INFO - Started process (PID=261) to work on /home/airflow/.local/lib/python3.8/site-packages/airflow/example_dags/example_xcom.py
[2025-02-08T13:01:50.829+0000] {processor.py:830} INFO - Processing file /home/airflow/.local/lib/python3.8/site-packages/airflow/example_dags/example_xcom.py for tasks to queue
[2025-02-08T13:01:50.832+0000] {logging_mixin.py:188} INFO - [2025-02-08T13:01:50.831+0000] {dagbag.py:538} INFO - Filling up the DagBag from /home/airflow/.local/lib/python3.8/site-packages/airflow/example_dags/example_xcom.py
[2025-02-08T13:01:50.843+0000] {processor.py:840} INFO - DAG(s) 'example_xcom' retrieved from /home/airflow/.local/lib/python3.8/site-packages/airflow/example_dags/example_xcom.py
[2025-02-08T13:01:50.885+0000] {logging_mixin.py:188} INFO - [2025-02-08T13:01:50.885+0000] {dag.py:3036} INFO - Sync 1 DAGs
[2025-02-08T13:01:50.916+0000] {logging_mixin.py:188} INFO - [2025-02-08T13:01:50.916+0000] {dag.py:3823} INFO - Setting next_dagrun for example_xcom to 2021-01-01 00:00:00+00:00, run_after=2021-01-01 00:00:00+00:00
[2025-02-08T13:01:50.945+0000] {processor.py:183} INFO - Processing /home/airflow/.local/lib/python3.8/site-packages/airflow/example_dags/example_xcom.py took 0.123 seconds
[2025-02-08T13:02:21.287+0000] {processor.py:161} INFO - Started process (PID=333) to work on /home/airflow/.local/lib/python3.8/site-packages/airflow/example_dags/example_xcom.py
[2025-02-08T13:02:21.290+0000] {processor.py:830} INFO - Processing file /home/airflow/.local/lib/python3.8/site-packages/airflow/example_dags/example_xcom.py for tasks to queue
[2025-02-08T13:02:21.311+0000] {logging_mixin.py:188} INFO - [2025-02-08T13:02:21.311+0000] {dagbag.py:538} INFO - Filling up the DagBag from /home/airflow/.local/lib/python3.8/site-packages/airflow/example_dags/example_xcom.py
[2025-02-08T13:02:21.326+0000] {processor.py:840} INFO - DAG(s) 'example_xcom' retrieved from /home/airflow/.local/lib/python3.8/site-packages/airflow/example_dags/example_xcom.py
[2025-02-08T13:02:21.435+0000] {logging_mixin.py:188} INFO - [2025-02-08T13:02:21.435+0000] {dag.py:3036} INFO - Sync 1 DAGs
[2025-02-08T13:02:21.486+0000] {logging_mixin.py:188} INFO - [2025-02-08T13:02:21.485+0000] {dag.py:3823} INFO - Setting next_dagrun for example_xcom to 2021-01-01 00:00:00+00:00, run_after=2021-01-01 00:00:00+00:00
[2025-02-08T13:02:21.526+0000] {processor.py:183} INFO - Processing /home/airflow/.local/lib/python3.8/site-packages/airflow/example_dags/example_xcom.py took 0.256 seconds
[2025-02-08T13:02:52.284+0000] {processor.py:161} INFO - Started process (PID=398) to work on /home/airflow/.local/lib/python3.8/site-packages/airflow/example_dags/example_xcom.py
[2025-02-08T13:02:52.285+0000] {processor.py:830} INFO - Processing file /home/airflow/.local/lib/python3.8/site-packages/airflow/example_dags/example_xcom.py for tasks to queue
[2025-02-08T13:02:52.288+0000] {logging_mixin.py:188} INFO - [2025-02-08T13:02:52.287+0000] {dagbag.py:538} INFO - Filling up the DagBag from /home/airflow/.local/lib/python3.8/site-packages/airflow/example_dags/example_xcom.py
[2025-02-08T13:02:52.298+0000] {processor.py:840} INFO - DAG(s) 'example_xcom' retrieved from /home/airflow/.local/lib/python3.8/site-packages/airflow/example_dags/example_xcom.py
[2025-02-08T13:02:52.331+0000] {logging_mixin.py:188} INFO - [2025-02-08T13:02:52.331+0000] {dag.py:3036} INFO - Sync 1 DAGs
[2025-02-08T13:02:52.367+0000] {logging_mixin.py:188} INFO - [2025-02-08T13:02:52.367+0000] {dag.py:3823} INFO - Setting next_dagrun for example_xcom to 2021-01-01 00:00:00+00:00, run_after=2021-01-01 00:00:00+00:00
[2025-02-08T13:02:52.404+0000] {processor.py:183} INFO - Processing /home/airflow/.local/lib/python3.8/site-packages/airflow/example_dags/example_xcom.py took 0.124 seconds
[2025-02-08T13:03:22.608+0000] {processor.py:161} INFO - Started process (PID=462) to work on /home/airflow/.local/lib/python3.8/site-packages/airflow/example_dags/example_xcom.py
[2025-02-08T13:03:22.610+0000] {processor.py:830} INFO - Processing file /home/airflow/.local/lib/python3.8/site-packages/airflow/example_dags/example_xcom.py for tasks to queue
[2025-02-08T13:03:22.613+0000] {logging_mixin.py:188} INFO - [2025-02-08T13:03:22.613+0000] {dagbag.py:538} INFO - Filling up the DagBag from /home/airflow/.local/lib/python3.8/site-packages/airflow/example_dags/example_xcom.py
[2025-02-08T13:03:22.629+0000] {processor.py:840} INFO - DAG(s) 'example_xcom' retrieved from /home/airflow/.local/lib/python3.8/site-packages/airflow/example_dags/example_xcom.py
[2025-02-08T13:03:22.672+0000] {logging_mixin.py:188} INFO - [2025-02-08T13:03:22.671+0000] {dag.py:3036} INFO - Sync 1 DAGs
[2025-02-08T13:03:22.710+0000] {logging_mixin.py:188} INFO - [2025-02-08T13:03:22.710+0000] {dag.py:3823} INFO - Setting next_dagrun for example_xcom to 2021-01-01 00:00:00+00:00, run_after=2021-01-01 00:00:00+00:00
[2025-02-08T13:03:22.746+0000] {processor.py:183} INFO - Processing /home/airflow/.local/lib/python3.8/site-packages/airflow/example_dags/example_xcom.py took 0.145 seconds
[2025-02-08T13:13:57.721+0000] {processor.py:161} INFO - Started process (PID=538) to work on /home/airflow/.local/lib/python3.8/site-packages/airflow/example_dags/example_xcom.py
[2025-02-08T13:13:57.724+0000] {processor.py:830} INFO - Processing file /home/airflow/.local/lib/python3.8/site-packages/airflow/example_dags/example_xcom.py for tasks to queue
[2025-02-08T13:13:57.727+0000] {logging_mixin.py:188} INFO - [2025-02-08T13:13:57.726+0000] {dagbag.py:538} INFO - Filling up the DagBag from /home/airflow/.local/lib/python3.8/site-packages/airflow/example_dags/example_xcom.py
[2025-02-08T13:13:57.741+0000] {processor.py:840} INFO - DAG(s) 'example_xcom' retrieved from /home/airflow/.local/lib/python3.8/site-packages/airflow/example_dags/example_xcom.py
[2025-02-08T13:13:57.796+0000] {logging_mixin.py:188} INFO - [2025-02-08T13:13:57.796+0000] {dag.py:3036} INFO - Sync 1 DAGs
[2025-02-08T13:13:57.955+0000] {logging_mixin.py:188} INFO - [2025-02-08T13:13:57.955+0000] {dag.py:3823} INFO - Setting next_dagrun for example_xcom to 2021-01-01 00:00:00+00:00, run_after=2021-01-01 00:00:00+00:00
[2025-02-08T13:13:57.996+0000] {processor.py:183} INFO - Processing /home/airflow/.local/lib/python3.8/site-packages/airflow/example_dags/example_xcom.py took 0.280 seconds
[2025-02-08T13:14:28.132+0000] {processor.py:161} INFO - Started process (PID=603) to work on /home/airflow/.local/lib/python3.8/site-packages/airflow/example_dags/example_xcom.py
[2025-02-08T13:14:28.136+0000] {processor.py:830} INFO - Processing file /home/airflow/.local/lib/python3.8/site-packages/airflow/example_dags/example_xcom.py for tasks to queue
[2025-02-08T13:14:28.140+0000] {logging_mixin.py:188} INFO - [2025-02-08T13:14:28.139+0000] {dagbag.py:538} INFO - Filling up the DagBag from /home/airflow/.local/lib/python3.8/site-packages/airflow/example_dags/example_xcom.py
[2025-02-08T13:14:28.157+0000] {processor.py:840} INFO - DAG(s) 'example_xcom' retrieved from /home/airflow/.local/lib/python3.8/site-packages/airflow/example_dags/example_xcom.py
[2025-02-08T13:14:28.210+0000] {logging_mixin.py:188} INFO - [2025-02-08T13:14:28.209+0000] {dag.py:3036} INFO - Sync 1 DAGs
[2025-02-08T13:14:28.253+0000] {logging_mixin.py:188} INFO - [2025-02-08T13:14:28.252+0000] {dag.py:3823} INFO - Setting next_dagrun for example_xcom to 2021-01-01 00:00:00+00:00, run_after=2021-01-01 00:00:00+00:00
[2025-02-08T13:14:28.288+0000] {processor.py:183} INFO - Processing /home/airflow/.local/lib/python3.8/site-packages/airflow/example_dags/example_xcom.py took 0.171 seconds
[2025-02-08T13:14:59.142+0000] {processor.py:161} INFO - Started process (PID=668) to work on /home/airflow/.local/lib/python3.8/site-packages/airflow/example_dags/example_xcom.py
[2025-02-08T13:14:59.145+0000] {processor.py:830} INFO - Processing file /home/airflow/.local/lib/python3.8/site-packages/airflow/example_dags/example_xcom.py for tasks to queue
[2025-02-08T13:14:59.150+0000] {logging_mixin.py:188} INFO - [2025-02-08T13:14:59.149+0000] {dagbag.py:538} INFO - Filling up the DagBag from /home/airflow/.local/lib/python3.8/site-packages/airflow/example_dags/example_xcom.py
[2025-02-08T13:14:59.169+0000] {processor.py:840} INFO - DAG(s) 'example_xcom' retrieved from /home/airflow/.local/lib/python3.8/site-packages/airflow/example_dags/example_xcom.py
[2025-02-08T13:14:59.214+0000] {logging_mixin.py:188} INFO - [2025-02-08T13:14:59.214+0000] {dag.py:3036} INFO - Sync 1 DAGs
[2025-02-08T13:14:59.262+0000] {logging_mixin.py:188} INFO - [2025-02-08T13:14:59.262+0000] {dag.py:3823} INFO - Setting next_dagrun for example_xcom to 2021-01-01 00:00:00+00:00, run_after=2021-01-01 00:00:00+00:00
[2025-02-08T13:14:59.318+0000] {processor.py:183} INFO - Processing /home/airflow/.local/lib/python3.8/site-packages/airflow/example_dags/example_xcom.py took 0.182 seconds
[2025-02-08T13:15:31.864+0000] {processor.py:161} INFO - Started process (PID=733) to work on /home/airflow/.local/lib/python3.8/site-packages/airflow/example_dags/example_xcom.py
[2025-02-08T13:15:31.867+0000] {processor.py:830} INFO - Processing file /home/airflow/.local/lib/python3.8/site-packages/airflow/example_dags/example_xcom.py for tasks to queue
[2025-02-08T13:15:31.872+0000] {logging_mixin.py:188} INFO - [2025-02-08T13:15:31.871+0000] {dagbag.py:538} INFO - Filling up the DagBag from /home/airflow/.local/lib/python3.8/site-packages/airflow/example_dags/example_xcom.py
[2025-02-08T13:15:31.893+0000] {processor.py:840} INFO - DAG(s) 'example_xcom' retrieved from /home/airflow/.local/lib/python3.8/site-packages/airflow/example_dags/example_xcom.py
[2025-02-08T13:15:31.941+0000] {logging_mixin.py:188} INFO - [2025-02-08T13:15:31.941+0000] {dag.py:3036} INFO - Sync 1 DAGs
[2025-02-08T13:15:31.990+0000] {logging_mixin.py:188} INFO - [2025-02-08T13:15:31.990+0000] {dag.py:3823} INFO - Setting next_dagrun for example_xcom to 2021-01-01 00:00:00+00:00, run_after=2021-01-01 00:00:00+00:00
[2025-02-08T13:15:32.030+0000] {processor.py:183} INFO - Processing /home/airflow/.local/lib/python3.8/site-packages/airflow/example_dags/example_xcom.py took 0.172 seconds
[2025-02-08T13:16:02.348+0000] {processor.py:161} INFO - Started process (PID=798) to work on /home/airflow/.local/lib/python3.8/site-packages/airflow/example_dags/example_xcom.py
[2025-02-08T13:16:02.349+0000] {processor.py:830} INFO - Processing file /home/airflow/.local/lib/python3.8/site-packages/airflow/example_dags/example_xcom.py for tasks to queue
[2025-02-08T13:16:02.355+0000] {logging_mixin.py:188} INFO - [2025-02-08T13:16:02.355+0000] {dagbag.py:538} INFO - Filling up the DagBag from /home/airflow/.local/lib/python3.8/site-packages/airflow/example_dags/example_xcom.py
[2025-02-08T13:16:02.367+0000] {processor.py:840} INFO - DAG(s) 'example_xcom' retrieved from /home/airflow/.local/lib/python3.8/site-packages/airflow/example_dags/example_xcom.py
[2025-02-08T13:16:02.394+0000] {logging_mixin.py:188} INFO - [2025-02-08T13:16:02.394+0000] {dag.py:3036} INFO - Sync 1 DAGs
[2025-02-08T13:16:02.422+0000] {logging_mixin.py:188} INFO - [2025-02-08T13:16:02.421+0000] {dag.py:3823} INFO - Setting next_dagrun for example_xcom to 2021-01-01 00:00:00+00:00, run_after=2021-01-01 00:00:00+00:00
[2025-02-08T13:16:02.449+0000] {processor.py:183} INFO - Processing /home/airflow/.local/lib/python3.8/site-packages/airflow/example_dags/example_xcom.py took 0.106 seconds
[2025-02-08T13:16:33.295+0000] {processor.py:161} INFO - Started process (PID=869) to work on /home/airflow/.local/lib/python3.8/site-packages/airflow/example_dags/example_xcom.py
[2025-02-08T13:16:33.296+0000] {processor.py:830} INFO - Processing file /home/airflow/.local/lib/python3.8/site-packages/airflow/example_dags/example_xcom.py for tasks to queue
[2025-02-08T13:16:33.299+0000] {logging_mixin.py:188} INFO - [2025-02-08T13:16:33.299+0000] {dagbag.py:538} INFO - Filling up the DagBag from /home/airflow/.local/lib/python3.8/site-packages/airflow/example_dags/example_xcom.py
[2025-02-08T13:16:33.312+0000] {processor.py:840} INFO - DAG(s) 'example_xcom' retrieved from /home/airflow/.local/lib/python3.8/site-packages/airflow/example_dags/example_xcom.py
[2025-02-08T13:16:33.341+0000] {logging_mixin.py:188} INFO - [2025-02-08T13:16:33.341+0000] {dag.py:3036} INFO - Sync 1 DAGs
[2025-02-08T13:16:33.367+0000] {logging_mixin.py:188} INFO - [2025-02-08T13:16:33.367+0000] {dag.py:3823} INFO - Setting next_dagrun for example_xcom to 2021-01-01 00:00:00+00:00, run_after=2021-01-01 00:00:00+00:00
[2025-02-08T13:16:33.397+0000] {processor.py:183} INFO - Processing /home/airflow/.local/lib/python3.8/site-packages/airflow/example_dags/example_xcom.py took 0.108 seconds
[2025-02-08T13:17:03.826+0000] {processor.py:161} INFO - Started process (PID=934) to work on /home/airflow/.local/lib/python3.8/site-packages/airflow/example_dags/example_xcom.py
[2025-02-08T13:17:03.828+0000] {processor.py:830} INFO - Processing file /home/airflow/.local/lib/python3.8/site-packages/airflow/example_dags/example_xcom.py for tasks to queue
[2025-02-08T13:17:03.833+0000] {logging_mixin.py:188} INFO - [2025-02-08T13:17:03.832+0000] {dagbag.py:538} INFO - Filling up the DagBag from /home/airflow/.local/lib/python3.8/site-packages/airflow/example_dags/example_xcom.py
[2025-02-08T13:17:03.849+0000] {processor.py:840} INFO - DAG(s) 'example_xcom' retrieved from /home/airflow/.local/lib/python3.8/site-packages/airflow/example_dags/example_xcom.py
[2025-02-08T13:17:03.897+0000] {logging_mixin.py:188} INFO - [2025-02-08T13:17:03.896+0000] {dag.py:3036} INFO - Sync 1 DAGs
[2025-02-08T13:17:03.941+0000] {logging_mixin.py:188} INFO - [2025-02-08T13:17:03.941+0000] {dag.py:3823} INFO - Setting next_dagrun for example_xcom to 2021-01-01 00:00:00+00:00, run_after=2021-01-01 00:00:00+00:00
[2025-02-08T13:17:03.985+0000] {processor.py:183} INFO - Processing /home/airflow/.local/lib/python3.8/site-packages/airflow/example_dags/example_xcom.py took 0.165 seconds
[2025-02-08T13:17:34.880+0000] {processor.py:161} INFO - Started process (PID=999) to work on /home/airflow/.local/lib/python3.8/site-packages/airflow/example_dags/example_xcom.py
[2025-02-08T13:17:34.881+0000] {processor.py:830} INFO - Processing file /home/airflow/.local/lib/python3.8/site-packages/airflow/example_dags/example_xcom.py for tasks to queue
[2025-02-08T13:17:34.886+0000] {logging_mixin.py:188} INFO - [2025-02-08T13:17:34.886+0000] {dagbag.py:538} INFO - Filling up the DagBag from /home/airflow/.local/lib/python3.8/site-packages/airflow/example_dags/example_xcom.py
[2025-02-08T13:17:34.897+0000] {processor.py:840} INFO - DAG(s) 'example_xcom' retrieved from /home/airflow/.local/lib/python3.8/site-packages/airflow/example_dags/example_xcom.py
[2025-02-08T13:17:34.934+0000] {logging_mixin.py:188} INFO - [2025-02-08T13:17:34.934+0000] {dag.py:3036} INFO - Sync 1 DAGs
[2025-02-08T13:17:34.965+0000] {logging_mixin.py:188} INFO - [2025-02-08T13:17:34.965+0000] {dag.py:3823} INFO - Setting next_dagrun for example_xcom to 2021-01-01 00:00:00+00:00, run_after=2021-01-01 00:00:00+00:00
[2025-02-08T13:17:35.001+0000] {processor.py:183} INFO - Processing /home/airflow/.local/lib/python3.8/site-packages/airflow/example_dags/example_xcom.py took 0.125 seconds
[2025-02-08T13:18:05.611+0000] {processor.py:161} INFO - Started process (PID=1063) to work on /home/airflow/.local/lib/python3.8/site-packages/airflow/example_dags/example_xcom.py
[2025-02-08T13:18:05.613+0000] {processor.py:830} INFO - Processing file /home/airflow/.local/lib/python3.8/site-packages/airflow/example_dags/example_xcom.py for tasks to queue
[2025-02-08T13:18:05.617+0000] {logging_mixin.py:188} INFO - [2025-02-08T13:18:05.616+0000] {dagbag.py:538} INFO - Filling up the DagBag from /home/airflow/.local/lib/python3.8/site-packages/airflow/example_dags/example_xcom.py
[2025-02-08T13:18:05.629+0000] {processor.py:840} INFO - DAG(s) 'example_xcom' retrieved from /home/airflow/.local/lib/python3.8/site-packages/airflow/example_dags/example_xcom.py
[2025-02-08T13:18:05.671+0000] {logging_mixin.py:188} INFO - [2025-02-08T13:18:05.671+0000] {dag.py:3036} INFO - Sync 1 DAGs
[2025-02-08T13:18:05.702+0000] {logging_mixin.py:188} INFO - [2025-02-08T13:18:05.701+0000] {dag.py:3823} INFO - Setting next_dagrun for example_xcom to 2021-01-01 00:00:00+00:00, run_after=2021-01-01 00:00:00+00:00
[2025-02-08T13:18:05.739+0000] {processor.py:183} INFO - Processing /home/airflow/.local/lib/python3.8/site-packages/airflow/example_dags/example_xcom.py took 0.133 seconds
[2025-02-08T13:18:36.409+0000] {processor.py:161} INFO - Started process (PID=1127) to work on /home/airflow/.local/lib/python3.8/site-packages/airflow/example_dags/example_xcom.py
[2025-02-08T13:18:36.411+0000] {processor.py:830} INFO - Processing file /home/airflow/.local/lib/python3.8/site-packages/airflow/example_dags/example_xcom.py for tasks to queue
[2025-02-08T13:18:36.416+0000] {logging_mixin.py:188} INFO - [2025-02-08T13:18:36.415+0000] {dagbag.py:538} INFO - Filling up the DagBag from /home/airflow/.local/lib/python3.8/site-packages/airflow/example_dags/example_xcom.py
[2025-02-08T13:18:36.429+0000] {processor.py:840} INFO - DAG(s) 'example_xcom' retrieved from /home/airflow/.local/lib/python3.8/site-packages/airflow/example_dags/example_xcom.py
[2025-02-08T13:18:36.466+0000] {logging_mixin.py:188} INFO - [2025-02-08T13:18:36.465+0000] {dag.py:3036} INFO - Sync 1 DAGs
[2025-02-08T13:18:36.499+0000] {logging_mixin.py:188} INFO - [2025-02-08T13:18:36.499+0000] {dag.py:3823} INFO - Setting next_dagrun for example_xcom to 2021-01-01 00:00:00+00:00, run_after=2021-01-01 00:00:00+00:00
[2025-02-08T13:18:36.529+0000] {processor.py:183} INFO - Processing /home/airflow/.local/lib/python3.8/site-packages/airflow/example_dags/example_xcom.py took 0.126 seconds
[2025-02-08T13:19:07.276+0000] {processor.py:161} INFO - Started process (PID=1199) to work on /home/airflow/.local/lib/python3.8/site-packages/airflow/example_dags/example_xcom.py
[2025-02-08T13:19:07.278+0000] {processor.py:830} INFO - Processing file /home/airflow/.local/lib/python3.8/site-packages/airflow/example_dags/example_xcom.py for tasks to queue
[2025-02-08T13:19:07.281+0000] {logging_mixin.py:188} INFO - [2025-02-08T13:19:07.281+0000] {dagbag.py:538} INFO - Filling up the DagBag from /home/airflow/.local/lib/python3.8/site-packages/airflow/example_dags/example_xcom.py
[2025-02-08T13:19:07.294+0000] {processor.py:840} INFO - DAG(s) 'example_xcom' retrieved from /home/airflow/.local/lib/python3.8/site-packages/airflow/example_dags/example_xcom.py
[2025-02-08T13:19:07.332+0000] {logging_mixin.py:188} INFO - [2025-02-08T13:19:07.332+0000] {dag.py:3036} INFO - Sync 1 DAGs
[2025-02-08T13:19:07.372+0000] {logging_mixin.py:188} INFO - [2025-02-08T13:19:07.372+0000] {dag.py:3823} INFO - Setting next_dagrun for example_xcom to 2021-01-01 00:00:00+00:00, run_after=2021-01-01 00:00:00+00:00
[2025-02-08T13:19:07.405+0000] {processor.py:183} INFO - Processing /home/airflow/.local/lib/python3.8/site-packages/airflow/example_dags/example_xcom.py took 0.134 seconds
[2025-02-08T13:19:37.968+0000] {processor.py:161} INFO - Started process (PID=1265) to work on /home/airflow/.local/lib/python3.8/site-packages/airflow/example_dags/example_xcom.py
[2025-02-08T13:19:37.970+0000] {processor.py:830} INFO - Processing file /home/airflow/.local/lib/python3.8/site-packages/airflow/example_dags/example_xcom.py for tasks to queue
[2025-02-08T13:19:37.975+0000] {logging_mixin.py:188} INFO - [2025-02-08T13:19:37.973+0000] {dagbag.py:538} INFO - Filling up the DagBag from /home/airflow/.local/lib/python3.8/site-packages/airflow/example_dags/example_xcom.py
[2025-02-08T13:19:38.007+0000] {processor.py:840} INFO - DAG(s) 'example_xcom' retrieved from /home/airflow/.local/lib/python3.8/site-packages/airflow/example_dags/example_xcom.py
[2025-02-08T13:19:38.052+0000] {logging_mixin.py:188} INFO - [2025-02-08T13:19:38.052+0000] {dag.py:3036} INFO - Sync 1 DAGs
[2025-02-08T13:19:38.124+0000] {logging_mixin.py:188} INFO - [2025-02-08T13:19:38.123+0000] {dag.py:3823} INFO - Setting next_dagrun for example_xcom to 2021-01-01 00:00:00+00:00, run_after=2021-01-01 00:00:00+00:00
[2025-02-08T13:19:38.167+0000] {processor.py:183} INFO - Processing /home/airflow/.local/lib/python3.8/site-packages/airflow/example_dags/example_xcom.py took 0.207 seconds
[2025-02-08T13:20:09.015+0000] {processor.py:161} INFO - Started process (PID=1329) to work on /home/airflow/.local/lib/python3.8/site-packages/airflow/example_dags/example_xcom.py
[2025-02-08T13:20:09.017+0000] {processor.py:830} INFO - Processing file /home/airflow/.local/lib/python3.8/site-packages/airflow/example_dags/example_xcom.py for tasks to queue
[2025-02-08T13:20:09.019+0000] {logging_mixin.py:188} INFO - [2025-02-08T13:20:09.019+0000] {dagbag.py:538} INFO - Filling up the DagBag from /home/airflow/.local/lib/python3.8/site-packages/airflow/example_dags/example_xcom.py
[2025-02-08T13:20:09.034+0000] {processor.py:840} INFO - DAG(s) 'example_xcom' retrieved from /home/airflow/.local/lib/python3.8/site-packages/airflow/example_dags/example_xcom.py
[2025-02-08T13:20:09.078+0000] {logging_mixin.py:188} INFO - [2025-02-08T13:20:09.078+0000] {dag.py:3036} INFO - Sync 1 DAGs
[2025-02-08T13:20:09.124+0000] {logging_mixin.py:188} INFO - [2025-02-08T13:20:09.123+0000] {dag.py:3823} INFO - Setting next_dagrun for example_xcom to 2021-01-01 00:00:00+00:00, run_after=2021-01-01 00:00:00+00:00
[2025-02-08T13:20:09.167+0000] {processor.py:183} INFO - Processing /home/airflow/.local/lib/python3.8/site-packages/airflow/example_dags/example_xcom.py took 0.157 seconds
[2025-02-08T13:20:39.337+0000] {processor.py:161} INFO - Started process (PID=1394) to work on /home/airflow/.local/lib/python3.8/site-packages/airflow/example_dags/example_xcom.py
[2025-02-08T13:20:39.338+0000] {processor.py:830} INFO - Processing file /home/airflow/.local/lib/python3.8/site-packages/airflow/example_dags/example_xcom.py for tasks to queue
[2025-02-08T13:20:39.341+0000] {logging_mixin.py:188} INFO - [2025-02-08T13:20:39.340+0000] {dagbag.py:538} INFO - Filling up the DagBag from /home/airflow/.local/lib/python3.8/site-packages/airflow/example_dags/example_xcom.py
[2025-02-08T13:20:39.352+0000] {processor.py:840} INFO - DAG(s) 'example_xcom' retrieved from /home/airflow/.local/lib/python3.8/site-packages/airflow/example_dags/example_xcom.py
[2025-02-08T13:20:39.394+0000] {logging_mixin.py:188} INFO - [2025-02-08T13:20:39.393+0000] {dag.py:3036} INFO - Sync 1 DAGs
[2025-02-08T13:20:39.425+0000] {logging_mixin.py:188} INFO - [2025-02-08T13:20:39.424+0000] {dag.py:3823} INFO - Setting next_dagrun for example_xcom to 2021-01-01 00:00:00+00:00, run_after=2021-01-01 00:00:00+00:00
[2025-02-08T13:20:39.461+0000] {processor.py:183} INFO - Processing /home/airflow/.local/lib/python3.8/site-packages/airflow/example_dags/example_xcom.py took 0.129 seconds
[2025-02-08T13:21:10.497+0000] {processor.py:161} INFO - Started process (PID=1466) to work on /home/airflow/.local/lib/python3.8/site-packages/airflow/example_dags/example_xcom.py
[2025-02-08T13:21:10.498+0000] {processor.py:830} INFO - Processing file /home/airflow/.local/lib/python3.8/site-packages/airflow/example_dags/example_xcom.py for tasks to queue
[2025-02-08T13:21:10.503+0000] {logging_mixin.py:188} INFO - [2025-02-08T13:21:10.503+0000] {dagbag.py:538} INFO - Filling up the DagBag from /home/airflow/.local/lib/python3.8/site-packages/airflow/example_dags/example_xcom.py
[2025-02-08T13:21:10.519+0000] {processor.py:840} INFO - DAG(s) 'example_xcom' retrieved from /home/airflow/.local/lib/python3.8/site-packages/airflow/example_dags/example_xcom.py
[2025-02-08T13:21:10.567+0000] {logging_mixin.py:188} INFO - [2025-02-08T13:21:10.567+0000] {dag.py:3036} INFO - Sync 1 DAGs
[2025-02-08T13:21:10.603+0000] {logging_mixin.py:188} INFO - [2025-02-08T13:21:10.603+0000] {dag.py:3823} INFO - Setting next_dagrun for example_xcom to 2021-01-01 00:00:00+00:00, run_after=2021-01-01 00:00:00+00:00
[2025-02-08T13:21:10.636+0000] {processor.py:183} INFO - Processing /home/airflow/.local/lib/python3.8/site-packages/airflow/example_dags/example_xcom.py took 0.145 seconds
[2025-02-08T13:21:41.684+0000] {processor.py:161} INFO - Started process (PID=1532) to work on /home/airflow/.local/lib/python3.8/site-packages/airflow/example_dags/example_xcom.py
[2025-02-08T13:21:41.685+0000] {processor.py:830} INFO - Processing file /home/airflow/.local/lib/python3.8/site-packages/airflow/example_dags/example_xcom.py for tasks to queue
[2025-02-08T13:21:41.689+0000] {logging_mixin.py:188} INFO - [2025-02-08T13:21:41.689+0000] {dagbag.py:538} INFO - Filling up the DagBag from /home/airflow/.local/lib/python3.8/site-packages/airflow/example_dags/example_xcom.py
[2025-02-08T13:21:41.706+0000] {processor.py:840} INFO - DAG(s) 'example_xcom' retrieved from /home/airflow/.local/lib/python3.8/site-packages/airflow/example_dags/example_xcom.py
[2025-02-08T13:21:41.752+0000] {logging_mixin.py:188} INFO - [2025-02-08T13:21:41.751+0000] {dag.py:3036} INFO - Sync 1 DAGs
[2025-02-08T13:21:41.797+0000] {logging_mixin.py:188} INFO - [2025-02-08T13:21:41.796+0000] {dag.py:3823} INFO - Setting next_dagrun for example_xcom to 2021-01-01 00:00:00+00:00, run_after=2021-01-01 00:00:00+00:00
[2025-02-08T13:21:41.832+0000] {processor.py:183} INFO - Processing /home/airflow/.local/lib/python3.8/site-packages/airflow/example_dags/example_xcom.py took 0.157 seconds
[2025-02-08T13:22:12.097+0000] {processor.py:161} INFO - Started process (PID=1597) to work on /home/airflow/.local/lib/python3.8/site-packages/airflow/example_dags/example_xcom.py
[2025-02-08T13:22:12.099+0000] {processor.py:830} INFO - Processing file /home/airflow/.local/lib/python3.8/site-packages/airflow/example_dags/example_xcom.py for tasks to queue
[2025-02-08T13:22:12.103+0000] {logging_mixin.py:188} INFO - [2025-02-08T13:22:12.102+0000] {dagbag.py:538} INFO - Filling up the DagBag from /home/airflow/.local/lib/python3.8/site-packages/airflow/example_dags/example_xcom.py
[2025-02-08T13:22:12.129+0000] {processor.py:840} INFO - DAG(s) 'example_xcom' retrieved from /home/airflow/.local/lib/python3.8/site-packages/airflow/example_dags/example_xcom.py
[2025-02-08T13:22:12.180+0000] {logging_mixin.py:188} INFO - [2025-02-08T13:22:12.180+0000] {dag.py:3036} INFO - Sync 1 DAGs
[2025-02-08T13:22:12.229+0000] {logging_mixin.py:188} INFO - [2025-02-08T13:22:12.228+0000] {dag.py:3823} INFO - Setting next_dagrun for example_xcom to 2021-01-01 00:00:00+00:00, run_after=2021-01-01 00:00:00+00:00
[2025-02-08T13:22:12.279+0000] {processor.py:183} INFO - Processing /home/airflow/.local/lib/python3.8/site-packages/airflow/example_dags/example_xcom.py took 0.191 seconds
[2025-02-08T13:22:43.936+0000] {processor.py:161} INFO - Started process (PID=1662) to work on /home/airflow/.local/lib/python3.8/site-packages/airflow/example_dags/example_xcom.py
[2025-02-08T13:22:43.941+0000] {processor.py:830} INFO - Processing file /home/airflow/.local/lib/python3.8/site-packages/airflow/example_dags/example_xcom.py for tasks to queue
[2025-02-08T13:22:43.945+0000] {logging_mixin.py:188} INFO - [2025-02-08T13:22:43.944+0000] {dagbag.py:538} INFO - Filling up the DagBag from /home/airflow/.local/lib/python3.8/site-packages/airflow/example_dags/example_xcom.py
[2025-02-08T13:22:44.058+0000] {processor.py:840} INFO - DAG(s) 'example_xcom' retrieved from /home/airflow/.local/lib/python3.8/site-packages/airflow/example_dags/example_xcom.py
[2025-02-08T13:22:44.294+0000] {logging_mixin.py:188} INFO - [2025-02-08T13:22:44.288+0000] {dag.py:3036} INFO - Sync 1 DAGs
[2025-02-08T13:22:44.376+0000] {logging_mixin.py:188} INFO - [2025-02-08T13:22:44.375+0000] {dag.py:3823} INFO - Setting next_dagrun for example_xcom to 2021-01-01 00:00:00+00:00, run_after=2021-01-01 00:00:00+00:00
[2025-02-08T13:22:44.479+0000] {processor.py:183} INFO - Processing /home/airflow/.local/lib/python3.8/site-packages/airflow/example_dags/example_xcom.py took 0.550 seconds
[2025-02-08T13:23:15.029+0000] {processor.py:161} INFO - Started process (PID=1727) to work on /home/airflow/.local/lib/python3.8/site-packages/airflow/example_dags/example_xcom.py
[2025-02-08T13:23:15.031+0000] {processor.py:830} INFO - Processing file /home/airflow/.local/lib/python3.8/site-packages/airflow/example_dags/example_xcom.py for tasks to queue
[2025-02-08T13:23:15.039+0000] {logging_mixin.py:188} INFO - [2025-02-08T13:23:15.039+0000] {dagbag.py:538} INFO - Filling up the DagBag from /home/airflow/.local/lib/python3.8/site-packages/airflow/example_dags/example_xcom.py
[2025-02-08T13:23:15.059+0000] {processor.py:840} INFO - DAG(s) 'example_xcom' retrieved from /home/airflow/.local/lib/python3.8/site-packages/airflow/example_dags/example_xcom.py
[2025-02-08T13:23:15.105+0000] {logging_mixin.py:188} INFO - [2025-02-08T13:23:15.105+0000] {dag.py:3036} INFO - Sync 1 DAGs
[2025-02-08T13:23:15.183+0000] {logging_mixin.py:188} INFO - [2025-02-08T13:23:15.183+0000] {dag.py:3823} INFO - Setting next_dagrun for example_xcom to 2021-01-01 00:00:00+00:00, run_after=2021-01-01 00:00:00+00:00
[2025-02-08T13:23:15.250+0000] {processor.py:183} INFO - Processing /home/airflow/.local/lib/python3.8/site-packages/airflow/example_dags/example_xcom.py took 0.236 seconds
[2025-02-08T13:23:45.886+0000] {processor.py:161} INFO - Started process (PID=1792) to work on /home/airflow/.local/lib/python3.8/site-packages/airflow/example_dags/example_xcom.py
[2025-02-08T13:23:45.889+0000] {processor.py:830} INFO - Processing file /home/airflow/.local/lib/python3.8/site-packages/airflow/example_dags/example_xcom.py for tasks to queue
[2025-02-08T13:23:45.894+0000] {logging_mixin.py:188} INFO - [2025-02-08T13:23:45.894+0000] {dagbag.py:538} INFO - Filling up the DagBag from /home/airflow/.local/lib/python3.8/site-packages/airflow/example_dags/example_xcom.py
[2025-02-08T13:23:45.913+0000] {processor.py:840} INFO - DAG(s) 'example_xcom' retrieved from /home/airflow/.local/lib/python3.8/site-packages/airflow/example_dags/example_xcom.py
[2025-02-08T13:23:45.983+0000] {logging_mixin.py:188} INFO - [2025-02-08T13:23:45.982+0000] {dag.py:3036} INFO - Sync 1 DAGs
[2025-02-08T13:23:46.038+0000] {logging_mixin.py:188} INFO - [2025-02-08T13:23:46.038+0000] {dag.py:3823} INFO - Setting next_dagrun for example_xcom to 2021-01-01 00:00:00+00:00, run_after=2021-01-01 00:00:00+00:00
[2025-02-08T13:23:46.076+0000] {processor.py:183} INFO - Processing /home/airflow/.local/lib/python3.8/site-packages/airflow/example_dags/example_xcom.py took 0.197 seconds
[2025-02-08T13:24:17.020+0000] {processor.py:161} INFO - Started process (PID=1856) to work on /home/airflow/.local/lib/python3.8/site-packages/airflow/example_dags/example_xcom.py
[2025-02-08T13:24:17.023+0000] {processor.py:830} INFO - Processing file /home/airflow/.local/lib/python3.8/site-packages/airflow/example_dags/example_xcom.py for tasks to queue
[2025-02-08T13:24:17.028+0000] {logging_mixin.py:188} INFO - [2025-02-08T13:24:17.027+0000] {dagbag.py:538} INFO - Filling up the DagBag from /home/airflow/.local/lib/python3.8/site-packages/airflow/example_dags/example_xcom.py
[2025-02-08T13:24:17.050+0000] {processor.py:840} INFO - DAG(s) 'example_xcom' retrieved from /home/airflow/.local/lib/python3.8/site-packages/airflow/example_dags/example_xcom.py
[2025-02-08T13:24:17.106+0000] {logging_mixin.py:188} INFO - [2025-02-08T13:24:17.106+0000] {dag.py:3036} INFO - Sync 1 DAGs
[2025-02-08T13:24:17.186+0000] {logging_mixin.py:188} INFO - [2025-02-08T13:24:17.185+0000] {dag.py:3823} INFO - Setting next_dagrun for example_xcom to 2021-01-01 00:00:00+00:00, run_after=2021-01-01 00:00:00+00:00
[2025-02-08T13:24:17.239+0000] {processor.py:183} INFO - Processing /home/airflow/.local/lib/python3.8/site-packages/airflow/example_dags/example_xcom.py took 0.225 seconds
[2025-02-08T13:24:47.594+0000] {processor.py:161} INFO - Started process (PID=1914) to work on /home/airflow/.local/lib/python3.8/site-packages/airflow/example_dags/example_xcom.py
[2025-02-08T13:24:47.598+0000] {processor.py:830} INFO - Processing file /home/airflow/.local/lib/python3.8/site-packages/airflow/example_dags/example_xcom.py for tasks to queue
[2025-02-08T13:24:47.602+0000] {logging_mixin.py:188} INFO - [2025-02-08T13:24:47.601+0000] {dagbag.py:538} INFO - Filling up the DagBag from /home/airflow/.local/lib/python3.8/site-packages/airflow/example_dags/example_xcom.py
[2025-02-08T13:24:47.622+0000] {processor.py:840} INFO - DAG(s) 'example_xcom' retrieved from /home/airflow/.local/lib/python3.8/site-packages/airflow/example_dags/example_xcom.py
[2025-02-08T13:24:47.678+0000] {logging_mixin.py:188} INFO - [2025-02-08T13:24:47.677+0000] {dag.py:3036} INFO - Sync 1 DAGs
[2025-02-08T13:24:47.725+0000] {logging_mixin.py:188} INFO - [2025-02-08T13:24:47.724+0000] {dag.py:3823} INFO - Setting next_dagrun for example_xcom to 2021-01-01 00:00:00+00:00, run_after=2021-01-01 00:00:00+00:00
[2025-02-08T13:24:47.776+0000] {processor.py:183} INFO - Processing /home/airflow/.local/lib/python3.8/site-packages/airflow/example_dags/example_xcom.py took 0.189 seconds
[2025-02-08T13:25:18.740+0000] {processor.py:161} INFO - Started process (PID=1979) to work on /home/airflow/.local/lib/python3.8/site-packages/airflow/example_dags/example_xcom.py
[2025-02-08T13:25:18.742+0000] {processor.py:830} INFO - Processing file /home/airflow/.local/lib/python3.8/site-packages/airflow/example_dags/example_xcom.py for tasks to queue
[2025-02-08T13:25:18.749+0000] {logging_mixin.py:188} INFO - [2025-02-08T13:25:18.748+0000] {dagbag.py:538} INFO - Filling up the DagBag from /home/airflow/.local/lib/python3.8/site-packages/airflow/example_dags/example_xcom.py
[2025-02-08T13:25:18.832+0000] {processor.py:840} INFO - DAG(s) 'example_xcom' retrieved from /home/airflow/.local/lib/python3.8/site-packages/airflow/example_dags/example_xcom.py
[2025-02-08T13:25:19.076+0000] {logging_mixin.py:188} INFO - [2025-02-08T13:25:19.076+0000] {dag.py:3036} INFO - Sync 1 DAGs
[2025-02-08T13:25:19.185+0000] {logging_mixin.py:188} INFO - [2025-02-08T13:25:19.184+0000] {dag.py:3823} INFO - Setting next_dagrun for example_xcom to 2021-01-01 00:00:00+00:00, run_after=2021-01-01 00:00:00+00:00
[2025-02-08T13:25:19.260+0000] {processor.py:183} INFO - Processing /home/airflow/.local/lib/python3.8/site-packages/airflow/example_dags/example_xcom.py took 0.528 seconds
[2025-02-08T13:25:49.401+0000] {processor.py:161} INFO - Started process (PID=2044) to work on /home/airflow/.local/lib/python3.8/site-packages/airflow/example_dags/example_xcom.py
[2025-02-08T13:25:49.405+0000] {processor.py:830} INFO - Processing file /home/airflow/.local/lib/python3.8/site-packages/airflow/example_dags/example_xcom.py for tasks to queue
[2025-02-08T13:25:49.410+0000] {logging_mixin.py:188} INFO - [2025-02-08T13:25:49.410+0000] {dagbag.py:538} INFO - Filling up the DagBag from /home/airflow/.local/lib/python3.8/site-packages/airflow/example_dags/example_xcom.py
[2025-02-08T13:25:49.436+0000] {processor.py:840} INFO - DAG(s) 'example_xcom' retrieved from /home/airflow/.local/lib/python3.8/site-packages/airflow/example_dags/example_xcom.py
[2025-02-08T13:25:49.483+0000] {logging_mixin.py:188} INFO - [2025-02-08T13:25:49.482+0000] {dag.py:3036} INFO - Sync 1 DAGs
[2025-02-08T13:25:49.517+0000] {logging_mixin.py:188} INFO - [2025-02-08T13:25:49.517+0000] {dag.py:3823} INFO - Setting next_dagrun for example_xcom to 2021-01-01 00:00:00+00:00, run_after=2021-01-01 00:00:00+00:00
[2025-02-08T13:25:49.548+0000] {processor.py:183} INFO - Processing /home/airflow/.local/lib/python3.8/site-packages/airflow/example_dags/example_xcom.py took 0.152 seconds
[2025-02-08T13:26:19.952+0000] {processor.py:161} INFO - Started process (PID=2108) to work on /home/airflow/.local/lib/python3.8/site-packages/airflow/example_dags/example_xcom.py
[2025-02-08T13:26:19.955+0000] {processor.py:830} INFO - Processing file /home/airflow/.local/lib/python3.8/site-packages/airflow/example_dags/example_xcom.py for tasks to queue
[2025-02-08T13:26:19.958+0000] {logging_mixin.py:188} INFO - [2025-02-08T13:26:19.957+0000] {dagbag.py:538} INFO - Filling up the DagBag from /home/airflow/.local/lib/python3.8/site-packages/airflow/example_dags/example_xcom.py
[2025-02-08T13:26:19.973+0000] {processor.py:840} INFO - DAG(s) 'example_xcom' retrieved from /home/airflow/.local/lib/python3.8/site-packages/airflow/example_dags/example_xcom.py
[2025-02-08T13:26:20.014+0000] {logging_mixin.py:188} INFO - [2025-02-08T13:26:20.014+0000] {dag.py:3036} INFO - Sync 1 DAGs
[2025-02-08T13:26:20.060+0000] {logging_mixin.py:188} INFO - [2025-02-08T13:26:20.059+0000] {dag.py:3823} INFO - Setting next_dagrun for example_xcom to 2021-01-01 00:00:00+00:00, run_after=2021-01-01 00:00:00+00:00
[2025-02-08T13:26:20.297+0000] {processor.py:183} INFO - Processing /home/airflow/.local/lib/python3.8/site-packages/airflow/example_dags/example_xcom.py took 0.351 seconds
[2025-02-08T13:26:51.141+0000] {processor.py:161} INFO - Started process (PID=2165) to work on /home/airflow/.local/lib/python3.8/site-packages/airflow/example_dags/example_xcom.py
[2025-02-08T13:26:51.143+0000] {processor.py:830} INFO - Processing file /home/airflow/.local/lib/python3.8/site-packages/airflow/example_dags/example_xcom.py for tasks to queue
[2025-02-08T13:26:51.151+0000] {logging_mixin.py:188} INFO - [2025-02-08T13:26:51.149+0000] {dagbag.py:538} INFO - Filling up the DagBag from /home/airflow/.local/lib/python3.8/site-packages/airflow/example_dags/example_xcom.py
[2025-02-08T13:26:51.166+0000] {processor.py:840} INFO - DAG(s) 'example_xcom' retrieved from /home/airflow/.local/lib/python3.8/site-packages/airflow/example_dags/example_xcom.py
[2025-02-08T13:26:51.232+0000] {logging_mixin.py:188} INFO - [2025-02-08T13:26:51.231+0000] {dag.py:3036} INFO - Sync 1 DAGs
[2025-02-08T13:26:51.282+0000] {logging_mixin.py:188} INFO - [2025-02-08T13:26:51.282+0000] {dag.py:3823} INFO - Setting next_dagrun for example_xcom to 2021-01-01 00:00:00+00:00, run_after=2021-01-01 00:00:00+00:00
[2025-02-08T13:26:51.327+0000] {processor.py:183} INFO - Processing /home/airflow/.local/lib/python3.8/site-packages/airflow/example_dags/example_xcom.py took 0.195 seconds
[2025-02-08T13:27:21.893+0000] {processor.py:161} INFO - Started process (PID=2230) to work on /home/airflow/.local/lib/python3.8/site-packages/airflow/example_dags/example_xcom.py
[2025-02-08T13:27:21.896+0000] {processor.py:830} INFO - Processing file /home/airflow/.local/lib/python3.8/site-packages/airflow/example_dags/example_xcom.py for tasks to queue
[2025-02-08T13:27:21.899+0000] {logging_mixin.py:188} INFO - [2025-02-08T13:27:21.899+0000] {dagbag.py:538} INFO - Filling up the DagBag from /home/airflow/.local/lib/python3.8/site-packages/airflow/example_dags/example_xcom.py
[2025-02-08T13:27:21.915+0000] {processor.py:840} INFO - DAG(s) 'example_xcom' retrieved from /home/airflow/.local/lib/python3.8/site-packages/airflow/example_dags/example_xcom.py
[2025-02-08T13:27:21.977+0000] {logging_mixin.py:188} INFO - [2025-02-08T13:27:21.976+0000] {dag.py:3036} INFO - Sync 1 DAGs
[2025-02-08T13:27:22.021+0000] {logging_mixin.py:188} INFO - [2025-02-08T13:27:22.021+0000] {dag.py:3823} INFO - Setting next_dagrun for example_xcom to 2021-01-01 00:00:00+00:00, run_after=2021-01-01 00:00:00+00:00
[2025-02-08T13:27:22.058+0000] {processor.py:183} INFO - Processing /home/airflow/.local/lib/python3.8/site-packages/airflow/example_dags/example_xcom.py took 0.171 seconds
[2025-02-08T13:27:52.484+0000] {processor.py:161} INFO - Started process (PID=2295) to work on /home/airflow/.local/lib/python3.8/site-packages/airflow/example_dags/example_xcom.py
[2025-02-08T13:27:52.487+0000] {processor.py:830} INFO - Processing file /home/airflow/.local/lib/python3.8/site-packages/airflow/example_dags/example_xcom.py for tasks to queue
[2025-02-08T13:27:52.491+0000] {logging_mixin.py:188} INFO - [2025-02-08T13:27:52.491+0000] {dagbag.py:538} INFO - Filling up the DagBag from /home/airflow/.local/lib/python3.8/site-packages/airflow/example_dags/example_xcom.py
[2025-02-08T13:27:52.508+0000] {processor.py:840} INFO - DAG(s) 'example_xcom' retrieved from /home/airflow/.local/lib/python3.8/site-packages/airflow/example_dags/example_xcom.py
[2025-02-08T13:27:52.554+0000] {logging_mixin.py:188} INFO - [2025-02-08T13:27:52.554+0000] {dag.py:3036} INFO - Sync 1 DAGs
[2025-02-08T13:27:52.623+0000] {logging_mixin.py:188} INFO - [2025-02-08T13:27:52.622+0000] {dag.py:3823} INFO - Setting next_dagrun for example_xcom to 2021-01-01 00:00:00+00:00, run_after=2021-01-01 00:00:00+00:00
[2025-02-08T13:27:52.671+0000] {processor.py:183} INFO - Processing /home/airflow/.local/lib/python3.8/site-packages/airflow/example_dags/example_xcom.py took 0.191 seconds
[2025-02-08T13:28:23.410+0000] {processor.py:161} INFO - Started process (PID=2359) to work on /home/airflow/.local/lib/python3.8/site-packages/airflow/example_dags/example_xcom.py
[2025-02-08T13:28:23.411+0000] {processor.py:830} INFO - Processing file /home/airflow/.local/lib/python3.8/site-packages/airflow/example_dags/example_xcom.py for tasks to queue
[2025-02-08T13:28:23.413+0000] {logging_mixin.py:188} INFO - [2025-02-08T13:28:23.413+0000] {dagbag.py:538} INFO - Filling up the DagBag from /home/airflow/.local/lib/python3.8/site-packages/airflow/example_dags/example_xcom.py
[2025-02-08T13:28:23.424+0000] {processor.py:840} INFO - DAG(s) 'example_xcom' retrieved from /home/airflow/.local/lib/python3.8/site-packages/airflow/example_dags/example_xcom.py
[2025-02-08T13:28:23.476+0000] {logging_mixin.py:188} INFO - [2025-02-08T13:28:23.475+0000] {dag.py:3036} INFO - Sync 1 DAGs
[2025-02-08T13:28:23.524+0000] {logging_mixin.py:188} INFO - [2025-02-08T13:28:23.523+0000] {dag.py:3823} INFO - Setting next_dagrun for example_xcom to 2021-01-01 00:00:00+00:00, run_after=2021-01-01 00:00:00+00:00
[2025-02-08T13:28:23.565+0000] {processor.py:183} INFO - Processing /home/airflow/.local/lib/python3.8/site-packages/airflow/example_dags/example_xcom.py took 0.171 seconds
[2025-02-08T13:28:54.211+0000] {processor.py:161} INFO - Started process (PID=2423) to work on /home/airflow/.local/lib/python3.8/site-packages/airflow/example_dags/example_xcom.py
[2025-02-08T13:28:54.213+0000] {processor.py:830} INFO - Processing file /home/airflow/.local/lib/python3.8/site-packages/airflow/example_dags/example_xcom.py for tasks to queue
[2025-02-08T13:28:54.217+0000] {logging_mixin.py:188} INFO - [2025-02-08T13:28:54.217+0000] {dagbag.py:538} INFO - Filling up the DagBag from /home/airflow/.local/lib/python3.8/site-packages/airflow/example_dags/example_xcom.py
[2025-02-08T13:28:54.240+0000] {processor.py:840} INFO - DAG(s) 'example_xcom' retrieved from /home/airflow/.local/lib/python3.8/site-packages/airflow/example_dags/example_xcom.py
[2025-02-08T13:28:54.282+0000] {logging_mixin.py:188} INFO - [2025-02-08T13:28:54.282+0000] {dag.py:3036} INFO - Sync 1 DAGs
[2025-02-08T13:28:54.329+0000] {logging_mixin.py:188} INFO - [2025-02-08T13:28:54.328+0000] {dag.py:3823} INFO - Setting next_dagrun for example_xcom to 2021-01-01 00:00:00+00:00, run_after=2021-01-01 00:00:00+00:00
[2025-02-08T13:28:54.406+0000] {processor.py:183} INFO - Processing /home/airflow/.local/lib/python3.8/site-packages/airflow/example_dags/example_xcom.py took 0.202 seconds
[2025-02-08T13:29:25.014+0000] {processor.py:161} INFO - Started process (PID=2487) to work on /home/airflow/.local/lib/python3.8/site-packages/airflow/example_dags/example_xcom.py
[2025-02-08T13:29:25.016+0000] {processor.py:830} INFO - Processing file /home/airflow/.local/lib/python3.8/site-packages/airflow/example_dags/example_xcom.py for tasks to queue
[2025-02-08T13:29:25.022+0000] {logging_mixin.py:188} INFO - [2025-02-08T13:29:25.021+0000] {dagbag.py:538} INFO - Filling up the DagBag from /home/airflow/.local/lib/python3.8/site-packages/airflow/example_dags/example_xcom.py
[2025-02-08T13:29:25.041+0000] {processor.py:840} INFO - DAG(s) 'example_xcom' retrieved from /home/airflow/.local/lib/python3.8/site-packages/airflow/example_dags/example_xcom.py
[2025-02-08T13:29:25.106+0000] {logging_mixin.py:188} INFO - [2025-02-08T13:29:25.106+0000] {dag.py:3036} INFO - Sync 1 DAGs
[2025-02-08T13:29:25.168+0000] {logging_mixin.py:188} INFO - [2025-02-08T13:29:25.167+0000] {dag.py:3823} INFO - Setting next_dagrun for example_xcom to 2021-01-01 00:00:00+00:00, run_after=2021-01-01 00:00:00+00:00
[2025-02-08T13:29:25.212+0000] {processor.py:183} INFO - Processing /home/airflow/.local/lib/python3.8/site-packages/airflow/example_dags/example_xcom.py took 0.203 seconds
[2025-02-08T13:29:55.981+0000] {processor.py:161} INFO - Started process (PID=2545) to work on /home/airflow/.local/lib/python3.8/site-packages/airflow/example_dags/example_xcom.py
[2025-02-08T13:29:55.983+0000] {processor.py:830} INFO - Processing file /home/airflow/.local/lib/python3.8/site-packages/airflow/example_dags/example_xcom.py for tasks to queue
[2025-02-08T13:29:55.988+0000] {logging_mixin.py:188} INFO - [2025-02-08T13:29:55.987+0000] {dagbag.py:538} INFO - Filling up the DagBag from /home/airflow/.local/lib/python3.8/site-packages/airflow/example_dags/example_xcom.py
[2025-02-08T13:29:56.002+0000] {processor.py:840} INFO - DAG(s) 'example_xcom' retrieved from /home/airflow/.local/lib/python3.8/site-packages/airflow/example_dags/example_xcom.py
[2025-02-08T13:29:56.052+0000] {logging_mixin.py:188} INFO - [2025-02-08T13:29:56.052+0000] {dag.py:3036} INFO - Sync 1 DAGs
[2025-02-08T13:29:56.101+0000] {logging_mixin.py:188} INFO - [2025-02-08T13:29:56.101+0000] {dag.py:3823} INFO - Setting next_dagrun for example_xcom to 2021-01-01 00:00:00+00:00, run_after=2021-01-01 00:00:00+00:00
[2025-02-08T13:29:56.247+0000] {processor.py:183} INFO - Processing /home/airflow/.local/lib/python3.8/site-packages/airflow/example_dags/example_xcom.py took 0.273 seconds
[2025-02-08T13:30:26.490+0000] {processor.py:161} INFO - Started process (PID=2610) to work on /home/airflow/.local/lib/python3.8/site-packages/airflow/example_dags/example_xcom.py
[2025-02-08T13:30:26.491+0000] {processor.py:830} INFO - Processing file /home/airflow/.local/lib/python3.8/site-packages/airflow/example_dags/example_xcom.py for tasks to queue
[2025-02-08T13:30:26.496+0000] {logging_mixin.py:188} INFO - [2025-02-08T13:30:26.495+0000] {dagbag.py:538} INFO - Filling up the DagBag from /home/airflow/.local/lib/python3.8/site-packages/airflow/example_dags/example_xcom.py
[2025-02-08T13:30:26.516+0000] {processor.py:840} INFO - DAG(s) 'example_xcom' retrieved from /home/airflow/.local/lib/python3.8/site-packages/airflow/example_dags/example_xcom.py
[2025-02-08T13:30:26.571+0000] {logging_mixin.py:188} INFO - [2025-02-08T13:30:26.570+0000] {dag.py:3036} INFO - Sync 1 DAGs
[2025-02-08T13:30:26.611+0000] {logging_mixin.py:188} INFO - [2025-02-08T13:30:26.611+0000] {dag.py:3823} INFO - Setting next_dagrun for example_xcom to 2021-01-01 00:00:00+00:00, run_after=2021-01-01 00:00:00+00:00
[2025-02-08T13:30:26.672+0000] {processor.py:183} INFO - Processing /home/airflow/.local/lib/python3.8/site-packages/airflow/example_dags/example_xcom.py took 0.188 seconds
[2025-02-08T13:30:57.153+0000] {processor.py:161} INFO - Started process (PID=2674) to work on /home/airflow/.local/lib/python3.8/site-packages/airflow/example_dags/example_xcom.py
[2025-02-08T13:30:57.155+0000] {processor.py:830} INFO - Processing file /home/airflow/.local/lib/python3.8/site-packages/airflow/example_dags/example_xcom.py for tasks to queue
[2025-02-08T13:30:57.160+0000] {logging_mixin.py:188} INFO - [2025-02-08T13:30:57.160+0000] {dagbag.py:538} INFO - Filling up the DagBag from /home/airflow/.local/lib/python3.8/site-packages/airflow/example_dags/example_xcom.py
[2025-02-08T13:30:57.185+0000] {processor.py:840} INFO - DAG(s) 'example_xcom' retrieved from /home/airflow/.local/lib/python3.8/site-packages/airflow/example_dags/example_xcom.py
[2025-02-08T13:30:57.257+0000] {logging_mixin.py:188} INFO - [2025-02-08T13:30:57.256+0000] {dag.py:3036} INFO - Sync 1 DAGs
[2025-02-08T13:30:57.323+0000] {logging_mixin.py:188} INFO - [2025-02-08T13:30:57.322+0000] {dag.py:3823} INFO - Setting next_dagrun for example_xcom to 2021-01-01 00:00:00+00:00, run_after=2021-01-01 00:00:00+00:00
[2025-02-08T13:30:57.393+0000] {processor.py:183} INFO - Processing /home/airflow/.local/lib/python3.8/site-packages/airflow/example_dags/example_xcom.py took 0.249 seconds
[2025-02-08T13:31:28.266+0000] {processor.py:161} INFO - Started process (PID=2740) to work on /home/airflow/.local/lib/python3.8/site-packages/airflow/example_dags/example_xcom.py
[2025-02-08T13:31:28.268+0000] {processor.py:830} INFO - Processing file /home/airflow/.local/lib/python3.8/site-packages/airflow/example_dags/example_xcom.py for tasks to queue
[2025-02-08T13:31:28.285+0000] {logging_mixin.py:188} INFO - [2025-02-08T13:31:28.284+0000] {dagbag.py:538} INFO - Filling up the DagBag from /home/airflow/.local/lib/python3.8/site-packages/airflow/example_dags/example_xcom.py
[2025-02-08T13:31:28.311+0000] {processor.py:840} INFO - DAG(s) 'example_xcom' retrieved from /home/airflow/.local/lib/python3.8/site-packages/airflow/example_dags/example_xcom.py
[2025-02-08T13:31:28.380+0000] {logging_mixin.py:188} INFO - [2025-02-08T13:31:28.380+0000] {dag.py:3036} INFO - Sync 1 DAGs
[2025-02-08T13:31:28.453+0000] {logging_mixin.py:188} INFO - [2025-02-08T13:31:28.453+0000] {dag.py:3823} INFO - Setting next_dagrun for example_xcom to 2021-01-01 00:00:00+00:00, run_after=2021-01-01 00:00:00+00:00
[2025-02-08T13:31:28.533+0000] {processor.py:183} INFO - Processing /home/airflow/.local/lib/python3.8/site-packages/airflow/example_dags/example_xcom.py took 0.280 seconds
[2025-02-08T13:31:59.235+0000] {processor.py:161} INFO - Started process (PID=2797) to work on /home/airflow/.local/lib/python3.8/site-packages/airflow/example_dags/example_xcom.py
[2025-02-08T13:31:59.237+0000] {processor.py:830} INFO - Processing file /home/airflow/.local/lib/python3.8/site-packages/airflow/example_dags/example_xcom.py for tasks to queue
[2025-02-08T13:31:59.245+0000] {logging_mixin.py:188} INFO - [2025-02-08T13:31:59.243+0000] {dagbag.py:538} INFO - Filling up the DagBag from /home/airflow/.local/lib/python3.8/site-packages/airflow/example_dags/example_xcom.py
[2025-02-08T13:31:59.268+0000] {processor.py:840} INFO - DAG(s) 'example_xcom' retrieved from /home/airflow/.local/lib/python3.8/site-packages/airflow/example_dags/example_xcom.py
[2025-02-08T13:31:59.339+0000] {logging_mixin.py:188} INFO - [2025-02-08T13:31:59.338+0000] {dag.py:3036} INFO - Sync 1 DAGs
[2025-02-08T13:31:59.511+0000] {logging_mixin.py:188} INFO - [2025-02-08T13:31:59.511+0000] {dag.py:3823} INFO - Setting next_dagrun for example_xcom to 2021-01-01 00:00:00+00:00, run_after=2021-01-01 00:00:00+00:00
[2025-02-08T13:31:59.574+0000] {processor.py:183} INFO - Processing /home/airflow/.local/lib/python3.8/site-packages/airflow/example_dags/example_xcom.py took 0.345 seconds
[2025-02-08T13:32:29.915+0000] {processor.py:161} INFO - Started process (PID=2861) to work on /home/airflow/.local/lib/python3.8/site-packages/airflow/example_dags/example_xcom.py
[2025-02-08T13:32:29.920+0000] {processor.py:830} INFO - Processing file /home/airflow/.local/lib/python3.8/site-packages/airflow/example_dags/example_xcom.py for tasks to queue
[2025-02-08T13:32:29.929+0000] {logging_mixin.py:188} INFO - [2025-02-08T13:32:29.928+0000] {dagbag.py:538} INFO - Filling up the DagBag from /home/airflow/.local/lib/python3.8/site-packages/airflow/example_dags/example_xcom.py
[2025-02-08T13:32:29.964+0000] {processor.py:840} INFO - DAG(s) 'example_xcom' retrieved from /home/airflow/.local/lib/python3.8/site-packages/airflow/example_dags/example_xcom.py
[2025-02-08T13:32:30.032+0000] {logging_mixin.py:188} INFO - [2025-02-08T13:32:30.032+0000] {dag.py:3036} INFO - Sync 1 DAGs
[2025-02-08T13:32:30.101+0000] {logging_mixin.py:188} INFO - [2025-02-08T13:32:30.101+0000] {dag.py:3823} INFO - Setting next_dagrun for example_xcom to 2021-01-01 00:00:00+00:00, run_after=2021-01-01 00:00:00+00:00
[2025-02-08T13:32:30.170+0000] {processor.py:183} INFO - Processing /home/airflow/.local/lib/python3.8/site-packages/airflow/example_dags/example_xcom.py took 0.266 seconds
[2025-02-08T13:33:00.914+0000] {processor.py:161} INFO - Started process (PID=2924) to work on /home/airflow/.local/lib/python3.8/site-packages/airflow/example_dags/example_xcom.py
[2025-02-08T13:33:00.917+0000] {processor.py:830} INFO - Processing file /home/airflow/.local/lib/python3.8/site-packages/airflow/example_dags/example_xcom.py for tasks to queue
[2025-02-08T13:33:00.928+0000] {logging_mixin.py:188} INFO - [2025-02-08T13:33:00.927+0000] {dagbag.py:538} INFO - Filling up the DagBag from /home/airflow/.local/lib/python3.8/site-packages/airflow/example_dags/example_xcom.py
[2025-02-08T13:33:00.958+0000] {processor.py:840} INFO - DAG(s) 'example_xcom' retrieved from /home/airflow/.local/lib/python3.8/site-packages/airflow/example_dags/example_xcom.py
[2025-02-08T13:33:01.025+0000] {logging_mixin.py:188} INFO - [2025-02-08T13:33:01.025+0000] {dag.py:3036} INFO - Sync 1 DAGs
[2025-02-08T13:33:01.110+0000] {logging_mixin.py:188} INFO - [2025-02-08T13:33:01.110+0000] {dag.py:3823} INFO - Setting next_dagrun for example_xcom to 2021-01-01 00:00:00+00:00, run_after=2021-01-01 00:00:00+00:00
[2025-02-08T13:33:01.468+0000] {processor.py:183} INFO - Processing /home/airflow/.local/lib/python3.8/site-packages/airflow/example_dags/example_xcom.py took 0.567 seconds
[2025-02-08T13:33:31.647+0000] {processor.py:161} INFO - Started process (PID=2988) to work on /home/airflow/.local/lib/python3.8/site-packages/airflow/example_dags/example_xcom.py
[2025-02-08T13:33:31.648+0000] {processor.py:830} INFO - Processing file /home/airflow/.local/lib/python3.8/site-packages/airflow/example_dags/example_xcom.py for tasks to queue
[2025-02-08T13:33:31.651+0000] {logging_mixin.py:188} INFO - [2025-02-08T13:33:31.650+0000] {dagbag.py:538} INFO - Filling up the DagBag from /home/airflow/.local/lib/python3.8/site-packages/airflow/example_dags/example_xcom.py
[2025-02-08T13:33:31.666+0000] {processor.py:840} INFO - DAG(s) 'example_xcom' retrieved from /home/airflow/.local/lib/python3.8/site-packages/airflow/example_dags/example_xcom.py
[2025-02-08T13:33:31.699+0000] {logging_mixin.py:188} INFO - [2025-02-08T13:33:31.698+0000] {dag.py:3036} INFO - Sync 1 DAGs
[2025-02-08T13:33:31.733+0000] {logging_mixin.py:188} INFO - [2025-02-08T13:33:31.733+0000] {dag.py:3823} INFO - Setting next_dagrun for example_xcom to 2021-01-01 00:00:00+00:00, run_after=2021-01-01 00:00:00+00:00
[2025-02-08T13:33:31.769+0000] {processor.py:183} INFO - Processing /home/airflow/.local/lib/python3.8/site-packages/airflow/example_dags/example_xcom.py took 0.131 seconds
[2025-02-08T13:34:02.389+0000] {processor.py:161} INFO - Started process (PID=3053) to work on /home/airflow/.local/lib/python3.8/site-packages/airflow/example_dags/example_xcom.py
[2025-02-08T13:34:02.391+0000] {processor.py:830} INFO - Processing file /home/airflow/.local/lib/python3.8/site-packages/airflow/example_dags/example_xcom.py for tasks to queue
[2025-02-08T13:34:02.401+0000] {logging_mixin.py:188} INFO - [2025-02-08T13:34:02.399+0000] {dagbag.py:538} INFO - Filling up the DagBag from /home/airflow/.local/lib/python3.8/site-packages/airflow/example_dags/example_xcom.py
[2025-02-08T13:34:02.429+0000] {processor.py:840} INFO - DAG(s) 'example_xcom' retrieved from /home/airflow/.local/lib/python3.8/site-packages/airflow/example_dags/example_xcom.py
[2025-02-08T13:34:02.497+0000] {logging_mixin.py:188} INFO - [2025-02-08T13:34:02.496+0000] {dag.py:3036} INFO - Sync 1 DAGs
[2025-02-08T13:34:02.556+0000] {logging_mixin.py:188} INFO - [2025-02-08T13:34:02.556+0000] {dag.py:3823} INFO - Setting next_dagrun for example_xcom to 2021-01-01 00:00:00+00:00, run_after=2021-01-01 00:00:00+00:00
[2025-02-08T13:34:02.619+0000] {processor.py:183} INFO - Processing /home/airflow/.local/lib/python3.8/site-packages/airflow/example_dags/example_xcom.py took 0.237 seconds
[2025-02-08T13:34:33.277+0000] {processor.py:161} INFO - Started process (PID=3118) to work on /home/airflow/.local/lib/python3.8/site-packages/airflow/example_dags/example_xcom.py
[2025-02-08T13:34:33.280+0000] {processor.py:830} INFO - Processing file /home/airflow/.local/lib/python3.8/site-packages/airflow/example_dags/example_xcom.py for tasks to queue
[2025-02-08T13:34:33.285+0000] {logging_mixin.py:188} INFO - [2025-02-08T13:34:33.284+0000] {dagbag.py:538} INFO - Filling up the DagBag from /home/airflow/.local/lib/python3.8/site-packages/airflow/example_dags/example_xcom.py
[2025-02-08T13:34:33.340+0000] {processor.py:840} INFO - DAG(s) 'example_xcom' retrieved from /home/airflow/.local/lib/python3.8/site-packages/airflow/example_dags/example_xcom.py
[2025-02-08T13:34:33.413+0000] {logging_mixin.py:188} INFO - [2025-02-08T13:34:33.413+0000] {dag.py:3036} INFO - Sync 1 DAGs
[2025-02-08T13:34:33.473+0000] {logging_mixin.py:188} INFO - [2025-02-08T13:34:33.472+0000] {dag.py:3823} INFO - Setting next_dagrun for example_xcom to 2021-01-01 00:00:00+00:00, run_after=2021-01-01 00:00:00+00:00
[2025-02-08T13:34:33.524+0000] {processor.py:183} INFO - Processing /home/airflow/.local/lib/python3.8/site-packages/airflow/example_dags/example_xcom.py took 0.255 seconds
[2025-02-08T13:35:23.920+0000] {processor.py:161} INFO - Started process (PID=3188) to work on /home/airflow/.local/lib/python3.8/site-packages/airflow/example_dags/example_xcom.py
[2025-02-08T13:35:23.923+0000] {processor.py:830} INFO - Processing file /home/airflow/.local/lib/python3.8/site-packages/airflow/example_dags/example_xcom.py for tasks to queue
[2025-02-08T13:35:23.962+0000] {logging_mixin.py:188} INFO - [2025-02-08T13:35:23.959+0000] {dagbag.py:538} INFO - Filling up the DagBag from /home/airflow/.local/lib/python3.8/site-packages/airflow/example_dags/example_xcom.py
[2025-02-08T13:35:23.991+0000] {processor.py:840} INFO - DAG(s) 'example_xcom' retrieved from /home/airflow/.local/lib/python3.8/site-packages/airflow/example_dags/example_xcom.py
[2025-02-08T13:35:24.091+0000] {logging_mixin.py:188} INFO - [2025-02-08T13:35:24.090+0000] {dag.py:3036} INFO - Sync 1 DAGs
[2025-02-08T13:35:24.790+0000] {logging_mixin.py:188} INFO - [2025-02-08T13:35:24.789+0000] {dag.py:3823} INFO - Setting next_dagrun for example_xcom to 2021-01-01 00:00:00+00:00, run_after=2021-01-01 00:00:00+00:00
[2025-02-08T13:35:24.909+0000] {processor.py:183} INFO - Processing /home/airflow/.local/lib/python3.8/site-packages/airflow/example_dags/example_xcom.py took 1.007 seconds
[2025-02-08T13:35:55.883+0000] {processor.py:161} INFO - Started process (PID=3244) to work on /home/airflow/.local/lib/python3.8/site-packages/airflow/example_dags/example_xcom.py
[2025-02-08T13:35:55.887+0000] {processor.py:830} INFO - Processing file /home/airflow/.local/lib/python3.8/site-packages/airflow/example_dags/example_xcom.py for tasks to queue
[2025-02-08T13:35:55.890+0000] {logging_mixin.py:188} INFO - [2025-02-08T13:35:55.889+0000] {dagbag.py:538} INFO - Filling up the DagBag from /home/airflow/.local/lib/python3.8/site-packages/airflow/example_dags/example_xcom.py
[2025-02-08T13:35:55.915+0000] {processor.py:840} INFO - DAG(s) 'example_xcom' retrieved from /home/airflow/.local/lib/python3.8/site-packages/airflow/example_dags/example_xcom.py
[2025-02-08T13:35:55.997+0000] {logging_mixin.py:188} INFO - [2025-02-08T13:35:55.996+0000] {dag.py:3036} INFO - Sync 1 DAGs
[2025-02-08T13:35:56.082+0000] {logging_mixin.py:188} INFO - [2025-02-08T13:35:56.081+0000] {dag.py:3823} INFO - Setting next_dagrun for example_xcom to 2021-01-01 00:00:00+00:00, run_after=2021-01-01 00:00:00+00:00
[2025-02-08T13:35:56.572+0000] {processor.py:183} INFO - Processing /home/airflow/.local/lib/python3.8/site-packages/airflow/example_dags/example_xcom.py took 0.701 seconds
[2025-02-08T13:36:26.788+0000] {processor.py:161} INFO - Started process (PID=3310) to work on /home/airflow/.local/lib/python3.8/site-packages/airflow/example_dags/example_xcom.py
[2025-02-08T13:36:26.795+0000] {processor.py:830} INFO - Processing file /home/airflow/.local/lib/python3.8/site-packages/airflow/example_dags/example_xcom.py for tasks to queue
[2025-02-08T13:36:26.798+0000] {logging_mixin.py:188} INFO - [2025-02-08T13:36:26.798+0000] {dagbag.py:538} INFO - Filling up the DagBag from /home/airflow/.local/lib/python3.8/site-packages/airflow/example_dags/example_xcom.py
[2025-02-08T13:36:26.818+0000] {processor.py:840} INFO - DAG(s) 'example_xcom' retrieved from /home/airflow/.local/lib/python3.8/site-packages/airflow/example_dags/example_xcom.py
[2025-02-08T13:36:26.985+0000] {logging_mixin.py:188} INFO - [2025-02-08T13:36:26.981+0000] {dag.py:3036} INFO - Sync 1 DAGs
[2025-02-08T13:36:27.105+0000] {logging_mixin.py:188} INFO - [2025-02-08T13:36:27.104+0000] {dag.py:3823} INFO - Setting next_dagrun for example_xcom to 2021-01-01 00:00:00+00:00, run_after=2021-01-01 00:00:00+00:00
[2025-02-08T13:36:27.202+0000] {processor.py:183} INFO - Processing /home/airflow/.local/lib/python3.8/site-packages/airflow/example_dags/example_xcom.py took 0.421 seconds
[2025-02-08T13:36:57.305+0000] {processor.py:161} INFO - Started process (PID=3375) to work on /home/airflow/.local/lib/python3.8/site-packages/airflow/example_dags/example_xcom.py
[2025-02-08T13:36:57.311+0000] {processor.py:830} INFO - Processing file /home/airflow/.local/lib/python3.8/site-packages/airflow/example_dags/example_xcom.py for tasks to queue
[2025-02-08T13:36:57.321+0000] {logging_mixin.py:188} INFO - [2025-02-08T13:36:57.321+0000] {dagbag.py:538} INFO - Filling up the DagBag from /home/airflow/.local/lib/python3.8/site-packages/airflow/example_dags/example_xcom.py
[2025-02-08T13:36:57.342+0000] {processor.py:840} INFO - DAG(s) 'example_xcom' retrieved from /home/airflow/.local/lib/python3.8/site-packages/airflow/example_dags/example_xcom.py
[2025-02-08T13:36:57.501+0000] {logging_mixin.py:188} INFO - [2025-02-08T13:36:57.500+0000] {dag.py:3036} INFO - Sync 1 DAGs
[2025-02-08T13:36:57.619+0000] {logging_mixin.py:188} INFO - [2025-02-08T13:36:57.619+0000] {dag.py:3823} INFO - Setting next_dagrun for example_xcom to 2021-01-01 00:00:00+00:00, run_after=2021-01-01 00:00:00+00:00
[2025-02-08T13:36:57.707+0000] {processor.py:183} INFO - Processing /home/airflow/.local/lib/python3.8/site-packages/airflow/example_dags/example_xcom.py took 0.408 seconds
[2025-02-08T13:37:28.157+0000] {processor.py:161} INFO - Started process (PID=3439) to work on /home/airflow/.local/lib/python3.8/site-packages/airflow/example_dags/example_xcom.py
[2025-02-08T13:37:28.161+0000] {processor.py:830} INFO - Processing file /home/airflow/.local/lib/python3.8/site-packages/airflow/example_dags/example_xcom.py for tasks to queue
[2025-02-08T13:37:28.166+0000] {logging_mixin.py:188} INFO - [2025-02-08T13:37:28.165+0000] {dagbag.py:538} INFO - Filling up the DagBag from /home/airflow/.local/lib/python3.8/site-packages/airflow/example_dags/example_xcom.py
[2025-02-08T13:37:28.197+0000] {processor.py:840} INFO - DAG(s) 'example_xcom' retrieved from /home/airflow/.local/lib/python3.8/site-packages/airflow/example_dags/example_xcom.py
[2025-02-08T13:37:28.286+0000] {logging_mixin.py:188} INFO - [2025-02-08T13:37:28.286+0000] {dag.py:3036} INFO - Sync 1 DAGs
[2025-02-08T13:37:28.355+0000] {logging_mixin.py:188} INFO - [2025-02-08T13:37:28.355+0000] {dag.py:3823} INFO - Setting next_dagrun for example_xcom to 2021-01-01 00:00:00+00:00, run_after=2021-01-01 00:00:00+00:00
[2025-02-08T13:37:28.428+0000] {processor.py:183} INFO - Processing /home/airflow/.local/lib/python3.8/site-packages/airflow/example_dags/example_xcom.py took 0.274 seconds
[2025-02-08T13:37:59.381+0000] {processor.py:161} INFO - Started process (PID=3503) to work on /home/airflow/.local/lib/python3.8/site-packages/airflow/example_dags/example_xcom.py
[2025-02-08T13:37:59.382+0000] {processor.py:830} INFO - Processing file /home/airflow/.local/lib/python3.8/site-packages/airflow/example_dags/example_xcom.py for tasks to queue
[2025-02-08T13:37:59.387+0000] {logging_mixin.py:188} INFO - [2025-02-08T13:37:59.386+0000] {dagbag.py:538} INFO - Filling up the DagBag from /home/airflow/.local/lib/python3.8/site-packages/airflow/example_dags/example_xcom.py
[2025-02-08T13:37:59.422+0000] {processor.py:840} INFO - DAG(s) 'example_xcom' retrieved from /home/airflow/.local/lib/python3.8/site-packages/airflow/example_dags/example_xcom.py
[2025-02-08T13:37:59.487+0000] {logging_mixin.py:188} INFO - [2025-02-08T13:37:59.486+0000] {dag.py:3036} INFO - Sync 1 DAGs
[2025-02-08T13:37:59.550+0000] {logging_mixin.py:188} INFO - [2025-02-08T13:37:59.550+0000] {dag.py:3823} INFO - Setting next_dagrun for example_xcom to 2021-01-01 00:00:00+00:00, run_after=2021-01-01 00:00:00+00:00
[2025-02-08T13:37:59.611+0000] {processor.py:183} INFO - Processing /home/airflow/.local/lib/python3.8/site-packages/airflow/example_dags/example_xcom.py took 0.246 seconds
[2025-02-08T13:38:30.173+0000] {processor.py:161} INFO - Started process (PID=3561) to work on /home/airflow/.local/lib/python3.8/site-packages/airflow/example_dags/example_xcom.py
[2025-02-08T13:38:30.178+0000] {processor.py:830} INFO - Processing file /home/airflow/.local/lib/python3.8/site-packages/airflow/example_dags/example_xcom.py for tasks to queue
[2025-02-08T13:38:30.183+0000] {logging_mixin.py:188} INFO - [2025-02-08T13:38:30.182+0000] {dagbag.py:538} INFO - Filling up the DagBag from /home/airflow/.local/lib/python3.8/site-packages/airflow/example_dags/example_xcom.py
[2025-02-08T13:38:30.204+0000] {processor.py:840} INFO - DAG(s) 'example_xcom' retrieved from /home/airflow/.local/lib/python3.8/site-packages/airflow/example_dags/example_xcom.py
[2025-02-08T13:38:30.285+0000] {logging_mixin.py:188} INFO - [2025-02-08T13:38:30.285+0000] {dag.py:3036} INFO - Sync 1 DAGs
[2025-02-08T13:38:30.345+0000] {logging_mixin.py:188} INFO - [2025-02-08T13:38:30.344+0000] {dag.py:3823} INFO - Setting next_dagrun for example_xcom to 2021-01-01 00:00:00+00:00, run_after=2021-01-01 00:00:00+00:00
[2025-02-08T13:38:30.384+0000] {processor.py:183} INFO - Processing /home/airflow/.local/lib/python3.8/site-packages/airflow/example_dags/example_xcom.py took 0.226 seconds
[2025-02-08T13:39:01.513+0000] {processor.py:161} INFO - Started process (PID=3626) to work on /home/airflow/.local/lib/python3.8/site-packages/airflow/example_dags/example_xcom.py
[2025-02-08T13:39:01.515+0000] {processor.py:830} INFO - Processing file /home/airflow/.local/lib/python3.8/site-packages/airflow/example_dags/example_xcom.py for tasks to queue
[2025-02-08T13:39:01.519+0000] {logging_mixin.py:188} INFO - [2025-02-08T13:39:01.519+0000] {dagbag.py:538} INFO - Filling up the DagBag from /home/airflow/.local/lib/python3.8/site-packages/airflow/example_dags/example_xcom.py
[2025-02-08T13:39:01.548+0000] {processor.py:840} INFO - DAG(s) 'example_xcom' retrieved from /home/airflow/.local/lib/python3.8/site-packages/airflow/example_dags/example_xcom.py
[2025-02-08T13:39:01.611+0000] {logging_mixin.py:188} INFO - [2025-02-08T13:39:01.610+0000] {dag.py:3036} INFO - Sync 1 DAGs
[2025-02-08T13:39:01.679+0000] {logging_mixin.py:188} INFO - [2025-02-08T13:39:01.679+0000] {dag.py:3823} INFO - Setting next_dagrun for example_xcom to 2021-01-01 00:00:00+00:00, run_after=2021-01-01 00:00:00+00:00
[2025-02-08T13:39:01.764+0000] {processor.py:183} INFO - Processing /home/airflow/.local/lib/python3.8/site-packages/airflow/example_dags/example_xcom.py took 0.264 seconds
[2025-02-08T13:39:32.528+0000] {processor.py:161} INFO - Started process (PID=3691) to work on /home/airflow/.local/lib/python3.8/site-packages/airflow/example_dags/example_xcom.py
[2025-02-08T13:39:32.530+0000] {processor.py:830} INFO - Processing file /home/airflow/.local/lib/python3.8/site-packages/airflow/example_dags/example_xcom.py for tasks to queue
[2025-02-08T13:39:32.534+0000] {logging_mixin.py:188} INFO - [2025-02-08T13:39:32.533+0000] {dagbag.py:538} INFO - Filling up the DagBag from /home/airflow/.local/lib/python3.8/site-packages/airflow/example_dags/example_xcom.py
[2025-02-08T13:39:32.562+0000] {processor.py:840} INFO - DAG(s) 'example_xcom' retrieved from /home/airflow/.local/lib/python3.8/site-packages/airflow/example_dags/example_xcom.py
[2025-02-08T13:39:32.639+0000] {logging_mixin.py:188} INFO - [2025-02-08T13:39:32.639+0000] {dag.py:3036} INFO - Sync 1 DAGs
[2025-02-08T13:39:32.732+0000] {logging_mixin.py:188} INFO - [2025-02-08T13:39:32.731+0000] {dag.py:3823} INFO - Setting next_dagrun for example_xcom to 2021-01-01 00:00:00+00:00, run_after=2021-01-01 00:00:00+00:00
[2025-02-08T13:39:32.799+0000] {processor.py:183} INFO - Processing /home/airflow/.local/lib/python3.8/site-packages/airflow/example_dags/example_xcom.py took 0.282 seconds
[2025-02-08T13:40:03.305+0000] {processor.py:161} INFO - Started process (PID=3757) to work on /home/airflow/.local/lib/python3.8/site-packages/airflow/example_dags/example_xcom.py
[2025-02-08T13:40:03.306+0000] {processor.py:830} INFO - Processing file /home/airflow/.local/lib/python3.8/site-packages/airflow/example_dags/example_xcom.py for tasks to queue
[2025-02-08T13:40:03.326+0000] {logging_mixin.py:188} INFO - [2025-02-08T13:40:03.324+0000] {dagbag.py:538} INFO - Filling up the DagBag from /home/airflow/.local/lib/python3.8/site-packages/airflow/example_dags/example_xcom.py
[2025-02-08T13:40:03.398+0000] {processor.py:840} INFO - DAG(s) 'example_xcom' retrieved from /home/airflow/.local/lib/python3.8/site-packages/airflow/example_dags/example_xcom.py
[2025-02-08T13:40:03.533+0000] {logging_mixin.py:188} INFO - [2025-02-08T13:40:03.533+0000] {dag.py:3036} INFO - Sync 1 DAGs
[2025-02-08T13:40:03.616+0000] {logging_mixin.py:188} INFO - [2025-02-08T13:40:03.616+0000] {dag.py:3823} INFO - Setting next_dagrun for example_xcom to 2021-01-01 00:00:00+00:00, run_after=2021-01-01 00:00:00+00:00
[2025-02-08T13:40:03.723+0000] {processor.py:183} INFO - Processing /home/airflow/.local/lib/python3.8/site-packages/airflow/example_dags/example_xcom.py took 0.433 seconds
[2025-02-08T13:40:38.248+0000] {processor.py:161} INFO - Started process (PID=3822) to work on /home/airflow/.local/lib/python3.8/site-packages/airflow/example_dags/example_xcom.py
[2025-02-08T13:40:38.252+0000] {processor.py:830} INFO - Processing file /home/airflow/.local/lib/python3.8/site-packages/airflow/example_dags/example_xcom.py for tasks to queue
[2025-02-08T13:40:38.257+0000] {logging_mixin.py:188} INFO - [2025-02-08T13:40:38.256+0000] {dagbag.py:538} INFO - Filling up the DagBag from /home/airflow/.local/lib/python3.8/site-packages/airflow/example_dags/example_xcom.py
[2025-02-08T13:40:38.302+0000] {processor.py:840} INFO - DAG(s) 'example_xcom' retrieved from /home/airflow/.local/lib/python3.8/site-packages/airflow/example_dags/example_xcom.py
[2025-02-08T13:40:38.407+0000] {logging_mixin.py:188} INFO - [2025-02-08T13:40:38.406+0000] {dag.py:3036} INFO - Sync 1 DAGs
[2025-02-08T13:40:38.551+0000] {logging_mixin.py:188} INFO - [2025-02-08T13:40:38.551+0000] {dag.py:3823} INFO - Setting next_dagrun for example_xcom to 2021-01-01 00:00:00+00:00, run_after=2021-01-01 00:00:00+00:00
[2025-02-08T13:40:39.100+0000] {processor.py:183} INFO - Processing /home/airflow/.local/lib/python3.8/site-packages/airflow/example_dags/example_xcom.py took 0.863 seconds
[2025-02-08T13:42:00.207+0000] {processor.py:161} INFO - Started process (PID=3909) to work on /home/airflow/.local/lib/python3.8/site-packages/airflow/example_dags/example_xcom.py
[2025-02-08T13:42:00.214+0000] {processor.py:830} INFO - Processing file /home/airflow/.local/lib/python3.8/site-packages/airflow/example_dags/example_xcom.py for tasks to queue
[2025-02-08T13:42:00.222+0000] {logging_mixin.py:188} INFO - [2025-02-08T13:42:00.221+0000] {dagbag.py:538} INFO - Filling up the DagBag from /home/airflow/.local/lib/python3.8/site-packages/airflow/example_dags/example_xcom.py
[2025-02-08T13:42:00.272+0000] {processor.py:840} INFO - DAG(s) 'example_xcom' retrieved from /home/airflow/.local/lib/python3.8/site-packages/airflow/example_dags/example_xcom.py
[2025-02-08T13:42:00.474+0000] {logging_mixin.py:188} INFO - [2025-02-08T13:42:00.467+0000] {dag.py:3036} INFO - Sync 1 DAGs
[2025-02-08T13:42:01.206+0000] {logging_mixin.py:188} INFO - [2025-02-08T13:42:01.202+0000] {dag.py:3823} INFO - Setting next_dagrun for example_xcom to 2021-01-01 00:00:00+00:00, run_after=2021-01-01 00:00:00+00:00
[2025-02-08T13:42:01.458+0000] {processor.py:183} INFO - Processing /home/airflow/.local/lib/python3.8/site-packages/airflow/example_dags/example_xcom.py took 1.273 seconds
[2025-02-08T13:42:58.769+0000] {processor.py:161} INFO - Started process (PID=3968) to work on /home/airflow/.local/lib/python3.8/site-packages/airflow/example_dags/example_xcom.py
[2025-02-08T13:42:58.774+0000] {processor.py:830} INFO - Processing file /home/airflow/.local/lib/python3.8/site-packages/airflow/example_dags/example_xcom.py for tasks to queue
[2025-02-08T13:42:58.848+0000] {logging_mixin.py:188} INFO - [2025-02-08T13:42:58.822+0000] {dagbag.py:538} INFO - Filling up the DagBag from /home/airflow/.local/lib/python3.8/site-packages/airflow/example_dags/example_xcom.py
[2025-02-08T13:42:59.071+0000] {processor.py:840} INFO - DAG(s) 'example_xcom' retrieved from /home/airflow/.local/lib/python3.8/site-packages/airflow/example_dags/example_xcom.py
[2025-02-08T13:42:59.332+0000] {logging_mixin.py:188} INFO - [2025-02-08T13:42:59.332+0000] {dag.py:3036} INFO - Sync 1 DAGs
[2025-02-08T13:42:59.561+0000] {logging_mixin.py:188} INFO - [2025-02-08T13:42:59.560+0000] {dag.py:3823} INFO - Setting next_dagrun for example_xcom to 2021-01-01 00:00:00+00:00, run_after=2021-01-01 00:00:00+00:00
[2025-02-08T13:42:59.712+0000] {processor.py:183} INFO - Processing /home/airflow/.local/lib/python3.8/site-packages/airflow/example_dags/example_xcom.py took 0.982 seconds
[2025-02-08T13:43:30.467+0000] {processor.py:161} INFO - Started process (PID=4025) to work on /home/airflow/.local/lib/python3.8/site-packages/airflow/example_dags/example_xcom.py
[2025-02-08T13:43:30.469+0000] {processor.py:830} INFO - Processing file /home/airflow/.local/lib/python3.8/site-packages/airflow/example_dags/example_xcom.py for tasks to queue
[2025-02-08T13:43:30.472+0000] {logging_mixin.py:188} INFO - [2025-02-08T13:43:30.471+0000] {dagbag.py:538} INFO - Filling up the DagBag from /home/airflow/.local/lib/python3.8/site-packages/airflow/example_dags/example_xcom.py
[2025-02-08T13:43:30.482+0000] {processor.py:840} INFO - DAG(s) 'example_xcom' retrieved from /home/airflow/.local/lib/python3.8/site-packages/airflow/example_dags/example_xcom.py
[2025-02-08T13:43:30.525+0000] {logging_mixin.py:188} INFO - [2025-02-08T13:43:30.525+0000] {dag.py:3036} INFO - Sync 1 DAGs
[2025-02-08T13:43:30.573+0000] {logging_mixin.py:188} INFO - [2025-02-08T13:43:30.572+0000] {dag.py:3823} INFO - Setting next_dagrun for example_xcom to 2021-01-01 00:00:00+00:00, run_after=2021-01-01 00:00:00+00:00
[2025-02-08T13:43:30.607+0000] {processor.py:183} INFO - Processing /home/airflow/.local/lib/python3.8/site-packages/airflow/example_dags/example_xcom.py took 0.144 seconds
[2025-02-08T13:44:00.655+0000] {processor.py:161} INFO - Started process (PID=4089) to work on /home/airflow/.local/lib/python3.8/site-packages/airflow/example_dags/example_xcom.py
[2025-02-08T13:44:00.657+0000] {processor.py:830} INFO - Processing file /home/airflow/.local/lib/python3.8/site-packages/airflow/example_dags/example_xcom.py for tasks to queue
[2025-02-08T13:44:00.661+0000] {logging_mixin.py:188} INFO - [2025-02-08T13:44:00.660+0000] {dagbag.py:538} INFO - Filling up the DagBag from /home/airflow/.local/lib/python3.8/site-packages/airflow/example_dags/example_xcom.py
[2025-02-08T13:44:00.677+0000] {processor.py:840} INFO - DAG(s) 'example_xcom' retrieved from /home/airflow/.local/lib/python3.8/site-packages/airflow/example_dags/example_xcom.py
[2025-02-08T13:44:00.769+0000] {logging_mixin.py:188} INFO - [2025-02-08T13:44:00.768+0000] {dag.py:3036} INFO - Sync 1 DAGs
[2025-02-08T13:44:00.839+0000] {logging_mixin.py:188} INFO - [2025-02-08T13:44:00.838+0000] {dag.py:3823} INFO - Setting next_dagrun for example_xcom to 2021-01-01 00:00:00+00:00, run_after=2021-01-01 00:00:00+00:00
[2025-02-08T13:44:00.961+0000] {processor.py:183} INFO - Processing /home/airflow/.local/lib/python3.8/site-packages/airflow/example_dags/example_xcom.py took 0.320 seconds
[2025-02-08T13:44:38.913+0000] {processor.py:161} INFO - Started process (PID=4153) to work on /home/airflow/.local/lib/python3.8/site-packages/airflow/example_dags/example_xcom.py
[2025-02-08T13:44:38.928+0000] {processor.py:830} INFO - Processing file /home/airflow/.local/lib/python3.8/site-packages/airflow/example_dags/example_xcom.py for tasks to queue
[2025-02-08T13:44:38.972+0000] {logging_mixin.py:188} INFO - [2025-02-08T13:44:38.948+0000] {dagbag.py:538} INFO - Filling up the DagBag from /home/airflow/.local/lib/python3.8/site-packages/airflow/example_dags/example_xcom.py
[2025-02-08T13:44:39.094+0000] {processor.py:840} INFO - DAG(s) 'example_xcom' retrieved from /home/airflow/.local/lib/python3.8/site-packages/airflow/example_dags/example_xcom.py
[2025-02-08T13:44:39.438+0000] {logging_mixin.py:188} INFO - [2025-02-08T13:44:39.438+0000] {dag.py:3036} INFO - Sync 1 DAGs
[2025-02-08T13:44:39.837+0000] {logging_mixin.py:188} INFO - [2025-02-08T13:44:39.837+0000] {dag.py:3823} INFO - Setting next_dagrun for example_xcom to 2021-01-01 00:00:00+00:00, run_after=2021-01-01 00:00:00+00:00
[2025-02-08T13:44:40.164+0000] {processor.py:183} INFO - Processing /home/airflow/.local/lib/python3.8/site-packages/airflow/example_dags/example_xcom.py took 1.490 seconds
[2025-02-08T13:45:12.163+0000] {processor.py:161} INFO - Started process (PID=4211) to work on /home/airflow/.local/lib/python3.8/site-packages/airflow/example_dags/example_xcom.py
[2025-02-08T13:45:12.167+0000] {processor.py:830} INFO - Processing file /home/airflow/.local/lib/python3.8/site-packages/airflow/example_dags/example_xcom.py for tasks to queue
[2025-02-08T13:45:12.174+0000] {logging_mixin.py:188} INFO - [2025-02-08T13:45:12.173+0000] {dagbag.py:538} INFO - Filling up the DagBag from /home/airflow/.local/lib/python3.8/site-packages/airflow/example_dags/example_xcom.py
[2025-02-08T13:45:12.207+0000] {processor.py:840} INFO - DAG(s) 'example_xcom' retrieved from /home/airflow/.local/lib/python3.8/site-packages/airflow/example_dags/example_xcom.py
[2025-02-08T13:45:12.327+0000] {logging_mixin.py:188} INFO - [2025-02-08T13:45:12.324+0000] {dag.py:3036} INFO - Sync 1 DAGs
[2025-02-08T13:45:12.502+0000] {logging_mixin.py:188} INFO - [2025-02-08T13:45:12.502+0000] {dag.py:3823} INFO - Setting next_dagrun for example_xcom to 2021-01-01 00:00:00+00:00, run_after=2021-01-01 00:00:00+00:00
[2025-02-08T13:45:12.633+0000] {processor.py:183} INFO - Processing /home/airflow/.local/lib/python3.8/site-packages/airflow/example_dags/example_xcom.py took 0.488 seconds
[2025-02-08T13:45:43.060+0000] {processor.py:161} INFO - Started process (PID=4275) to work on /home/airflow/.local/lib/python3.8/site-packages/airflow/example_dags/example_xcom.py
[2025-02-08T13:45:43.063+0000] {processor.py:830} INFO - Processing file /home/airflow/.local/lib/python3.8/site-packages/airflow/example_dags/example_xcom.py for tasks to queue
[2025-02-08T13:45:43.066+0000] {logging_mixin.py:188} INFO - [2025-02-08T13:45:43.066+0000] {dagbag.py:538} INFO - Filling up the DagBag from /home/airflow/.local/lib/python3.8/site-packages/airflow/example_dags/example_xcom.py
[2025-02-08T13:45:43.095+0000] {processor.py:840} INFO - DAG(s) 'example_xcom' retrieved from /home/airflow/.local/lib/python3.8/site-packages/airflow/example_dags/example_xcom.py
[2025-02-08T13:45:43.155+0000] {logging_mixin.py:188} INFO - [2025-02-08T13:45:43.155+0000] {dag.py:3036} INFO - Sync 1 DAGs
[2025-02-08T13:45:43.241+0000] {logging_mixin.py:188} INFO - [2025-02-08T13:45:43.240+0000] {dag.py:3823} INFO - Setting next_dagrun for example_xcom to 2021-01-01 00:00:00+00:00, run_after=2021-01-01 00:00:00+00:00
[2025-02-08T13:45:43.325+0000] {processor.py:183} INFO - Processing /home/airflow/.local/lib/python3.8/site-packages/airflow/example_dags/example_xcom.py took 0.273 seconds
[2025-02-08T13:46:18.856+0000] {processor.py:161} INFO - Started process (PID=4339) to work on /home/airflow/.local/lib/python3.8/site-packages/airflow/example_dags/example_xcom.py
[2025-02-08T13:46:18.893+0000] {processor.py:830} INFO - Processing file /home/airflow/.local/lib/python3.8/site-packages/airflow/example_dags/example_xcom.py for tasks to queue
[2025-02-08T13:46:18.955+0000] {logging_mixin.py:188} INFO - [2025-02-08T13:46:18.954+0000] {dagbag.py:538} INFO - Filling up the DagBag from /home/airflow/.local/lib/python3.8/site-packages/airflow/example_dags/example_xcom.py
[2025-02-08T13:46:19.003+0000] {processor.py:840} INFO - DAG(s) 'example_xcom' retrieved from /home/airflow/.local/lib/python3.8/site-packages/airflow/example_dags/example_xcom.py
[2025-02-08T13:46:19.376+0000] {logging_mixin.py:188} INFO - [2025-02-08T13:46:19.375+0000] {dag.py:3036} INFO - Sync 1 DAGs
[2025-02-08T13:46:19.732+0000] {logging_mixin.py:188} INFO - [2025-02-08T13:46:19.698+0000] {dag.py:3823} INFO - Setting next_dagrun for example_xcom to 2021-01-01 00:00:00+00:00, run_after=2021-01-01 00:00:00+00:00
[2025-02-08T13:46:20.302+0000] {processor.py:183} INFO - Processing /home/airflow/.local/lib/python3.8/site-packages/airflow/example_dags/example_xcom.py took 1.480 seconds
[2025-02-08T13:47:01.104+0000] {processor.py:161} INFO - Started process (PID=4400) to work on /home/airflow/.local/lib/python3.8/site-packages/airflow/example_dags/example_xcom.py
[2025-02-08T13:47:01.108+0000] {processor.py:830} INFO - Processing file /home/airflow/.local/lib/python3.8/site-packages/airflow/example_dags/example_xcom.py for tasks to queue
[2025-02-08T13:47:01.124+0000] {logging_mixin.py:188} INFO - [2025-02-08T13:47:01.119+0000] {dagbag.py:538} INFO - Filling up the DagBag from /home/airflow/.local/lib/python3.8/site-packages/airflow/example_dags/example_xcom.py
[2025-02-08T13:47:01.237+0000] {processor.py:840} INFO - DAG(s) 'example_xcom' retrieved from /home/airflow/.local/lib/python3.8/site-packages/airflow/example_dags/example_xcom.py
[2025-02-08T13:47:01.593+0000] {logging_mixin.py:188} INFO - [2025-02-08T13:47:01.593+0000] {dag.py:3036} INFO - Sync 1 DAGs
[2025-02-08T13:47:01.924+0000] {logging_mixin.py:188} INFO - [2025-02-08T13:47:01.923+0000] {dag.py:3823} INFO - Setting next_dagrun for example_xcom to 2021-01-01 00:00:00+00:00, run_after=2021-01-01 00:00:00+00:00
[2025-02-08T13:47:02.360+0000] {processor.py:183} INFO - Processing /home/airflow/.local/lib/python3.8/site-packages/airflow/example_dags/example_xcom.py took 1.285 seconds
[2025-02-08T13:47:41.945+0000] {processor.py:161} INFO - Started process (PID=4457) to work on /home/airflow/.local/lib/python3.8/site-packages/airflow/example_dags/example_xcom.py
[2025-02-08T13:47:41.949+0000] {processor.py:830} INFO - Processing file /home/airflow/.local/lib/python3.8/site-packages/airflow/example_dags/example_xcom.py for tasks to queue
[2025-02-08T13:47:42.001+0000] {logging_mixin.py:188} INFO - [2025-02-08T13:47:42.000+0000] {dagbag.py:538} INFO - Filling up the DagBag from /home/airflow/.local/lib/python3.8/site-packages/airflow/example_dags/example_xcom.py
[2025-02-08T13:47:42.082+0000] {processor.py:840} INFO - DAG(s) 'example_xcom' retrieved from /home/airflow/.local/lib/python3.8/site-packages/airflow/example_dags/example_xcom.py
[2025-02-08T13:47:42.273+0000] {logging_mixin.py:188} INFO - [2025-02-08T13:47:42.272+0000] {dag.py:3036} INFO - Sync 1 DAGs
[2025-02-08T13:47:42.405+0000] {logging_mixin.py:188} INFO - [2025-02-08T13:47:42.382+0000] {dag.py:3823} INFO - Setting next_dagrun for example_xcom to 2021-01-01 00:00:00+00:00, run_after=2021-01-01 00:00:00+00:00
[2025-02-08T13:47:42.583+0000] {processor.py:183} INFO - Processing /home/airflow/.local/lib/python3.8/site-packages/airflow/example_dags/example_xcom.py took 0.734 seconds
[2025-02-08T13:48:12.716+0000] {processor.py:161} INFO - Started process (PID=4513) to work on /home/airflow/.local/lib/python3.8/site-packages/airflow/example_dags/example_xcom.py
[2025-02-08T13:48:12.723+0000] {processor.py:830} INFO - Processing file /home/airflow/.local/lib/python3.8/site-packages/airflow/example_dags/example_xcom.py for tasks to queue
[2025-02-08T13:48:12.726+0000] {logging_mixin.py:188} INFO - [2025-02-08T13:48:12.726+0000] {dagbag.py:538} INFO - Filling up the DagBag from /home/airflow/.local/lib/python3.8/site-packages/airflow/example_dags/example_xcom.py
[2025-02-08T13:48:12.761+0000] {processor.py:840} INFO - DAG(s) 'example_xcom' retrieved from /home/airflow/.local/lib/python3.8/site-packages/airflow/example_dags/example_xcom.py
[2025-02-08T13:48:12.831+0000] {logging_mixin.py:188} INFO - [2025-02-08T13:48:12.830+0000] {dag.py:3036} INFO - Sync 1 DAGs
[2025-02-08T13:48:12.895+0000] {logging_mixin.py:188} INFO - [2025-02-08T13:48:12.894+0000] {dag.py:3823} INFO - Setting next_dagrun for example_xcom to 2021-01-01 00:00:00+00:00, run_after=2021-01-01 00:00:00+00:00
[2025-02-08T13:48:12.980+0000] {processor.py:183} INFO - Processing /home/airflow/.local/lib/python3.8/site-packages/airflow/example_dags/example_xcom.py took 0.273 seconds
[2025-02-08T13:48:43.603+0000] {processor.py:161} INFO - Started process (PID=4579) to work on /home/airflow/.local/lib/python3.8/site-packages/airflow/example_dags/example_xcom.py
[2025-02-08T13:48:43.608+0000] {processor.py:830} INFO - Processing file /home/airflow/.local/lib/python3.8/site-packages/airflow/example_dags/example_xcom.py for tasks to queue
[2025-02-08T13:48:43.611+0000] {logging_mixin.py:188} INFO - [2025-02-08T13:48:43.611+0000] {dagbag.py:538} INFO - Filling up the DagBag from /home/airflow/.local/lib/python3.8/site-packages/airflow/example_dags/example_xcom.py
[2025-02-08T13:48:43.645+0000] {processor.py:840} INFO - DAG(s) 'example_xcom' retrieved from /home/airflow/.local/lib/python3.8/site-packages/airflow/example_dags/example_xcom.py
[2025-02-08T13:48:43.728+0000] {logging_mixin.py:188} INFO - [2025-02-08T13:48:43.727+0000] {dag.py:3036} INFO - Sync 1 DAGs
[2025-02-08T13:48:43.818+0000] {logging_mixin.py:188} INFO - [2025-02-08T13:48:43.817+0000] {dag.py:3823} INFO - Setting next_dagrun for example_xcom to 2021-01-01 00:00:00+00:00, run_after=2021-01-01 00:00:00+00:00
[2025-02-08T13:48:43.903+0000] {processor.py:183} INFO - Processing /home/airflow/.local/lib/python3.8/site-packages/airflow/example_dags/example_xcom.py took 0.316 seconds
[2025-02-08T13:49:15.135+0000] {processor.py:161} INFO - Started process (PID=4643) to work on /home/airflow/.local/lib/python3.8/site-packages/airflow/example_dags/example_xcom.py
[2025-02-08T13:49:15.138+0000] {processor.py:830} INFO - Processing file /home/airflow/.local/lib/python3.8/site-packages/airflow/example_dags/example_xcom.py for tasks to queue
[2025-02-08T13:49:15.143+0000] {logging_mixin.py:188} INFO - [2025-02-08T13:49:15.142+0000] {dagbag.py:538} INFO - Filling up the DagBag from /home/airflow/.local/lib/python3.8/site-packages/airflow/example_dags/example_xcom.py
[2025-02-08T13:49:15.172+0000] {processor.py:840} INFO - DAG(s) 'example_xcom' retrieved from /home/airflow/.local/lib/python3.8/site-packages/airflow/example_dags/example_xcom.py
[2025-02-08T13:49:15.264+0000] {logging_mixin.py:188} INFO - [2025-02-08T13:49:15.263+0000] {dag.py:3036} INFO - Sync 1 DAGs
[2025-02-08T13:49:15.410+0000] {logging_mixin.py:188} INFO - [2025-02-08T13:49:15.409+0000] {dag.py:3823} INFO - Setting next_dagrun for example_xcom to 2021-01-01 00:00:00+00:00, run_after=2021-01-01 00:00:00+00:00
[2025-02-08T13:49:15.450+0000] {processor.py:183} INFO - Processing /home/airflow/.local/lib/python3.8/site-packages/airflow/example_dags/example_xcom.py took 0.323 seconds
