[2025-02-08T13:00:53.289+0000] {processor.py:161} INFO - Started process (PID=146) to work on /home/airflow/.local/lib/python3.8/site-packages/airflow/example_dags/example_nested_branch_dag.py
[2025-02-08T13:00:53.291+0000] {processor.py:830} INFO - Processing file /home/airflow/.local/lib/python3.8/site-packages/airflow/example_dags/example_nested_branch_dag.py for tasks to queue
[2025-02-08T13:00:53.296+0000] {logging_mixin.py:188} INFO - [2025-02-08T13:00:53.295+0000] {dagbag.py:538} INFO - Filling up the DagBag from /home/airflow/.local/lib/python3.8/site-packages/airflow/example_dags/example_nested_branch_dag.py
[2025-02-08T13:00:53.319+0000] {processor.py:840} INFO - DAG(s) 'example_nested_branch_dag' retrieved from /home/airflow/.local/lib/python3.8/site-packages/airflow/example_dags/example_nested_branch_dag.py
[2025-02-08T13:00:53.582+0000] {logging_mixin.py:188} INFO - [2025-02-08T13:00:53.582+0000] {dag.py:3036} INFO - Sync 1 DAGs
[2025-02-08T13:00:53.630+0000] {logging_mixin.py:188} INFO - [2025-02-08T13:00:53.629+0000] {dag.py:3823} INFO - Setting next_dagrun for example_nested_branch_dag to 2025-02-07 00:00:00+00:00, run_after=2025-02-08 00:00:00+00:00
[2025-02-08T13:00:53.674+0000] {processor.py:183} INFO - Processing /home/airflow/.local/lib/python3.8/site-packages/airflow/example_dags/example_nested_branch_dag.py took 0.392 seconds
[2025-02-08T13:01:24.190+0000] {processor.py:161} INFO - Started process (PID=204) to work on /home/airflow/.local/lib/python3.8/site-packages/airflow/example_dags/example_nested_branch_dag.py
[2025-02-08T13:01:24.192+0000] {processor.py:830} INFO - Processing file /home/airflow/.local/lib/python3.8/site-packages/airflow/example_dags/example_nested_branch_dag.py for tasks to queue
[2025-02-08T13:01:24.195+0000] {logging_mixin.py:188} INFO - [2025-02-08T13:01:24.195+0000] {dagbag.py:538} INFO - Filling up the DagBag from /home/airflow/.local/lib/python3.8/site-packages/airflow/example_dags/example_nested_branch_dag.py
[2025-02-08T13:01:24.210+0000] {processor.py:840} INFO - DAG(s) 'example_nested_branch_dag' retrieved from /home/airflow/.local/lib/python3.8/site-packages/airflow/example_dags/example_nested_branch_dag.py
[2025-02-08T13:01:24.278+0000] {logging_mixin.py:188} INFO - [2025-02-08T13:01:24.278+0000] {dag.py:3036} INFO - Sync 1 DAGs
[2025-02-08T13:01:24.312+0000] {logging_mixin.py:188} INFO - [2025-02-08T13:01:24.312+0000] {dag.py:3823} INFO - Setting next_dagrun for example_nested_branch_dag to 2025-02-07 00:00:00+00:00, run_after=2025-02-08 00:00:00+00:00
[2025-02-08T13:01:24.337+0000] {processor.py:183} INFO - Processing /home/airflow/.local/lib/python3.8/site-packages/airflow/example_dags/example_nested_branch_dag.py took 0.151 seconds
[2025-02-08T13:01:54.855+0000] {processor.py:161} INFO - Started process (PID=277) to work on /home/airflow/.local/lib/python3.8/site-packages/airflow/example_dags/example_nested_branch_dag.py
[2025-02-08T13:01:54.859+0000] {processor.py:830} INFO - Processing file /home/airflow/.local/lib/python3.8/site-packages/airflow/example_dags/example_nested_branch_dag.py for tasks to queue
[2025-02-08T13:01:54.863+0000] {logging_mixin.py:188} INFO - [2025-02-08T13:01:54.863+0000] {dagbag.py:538} INFO - Filling up the DagBag from /home/airflow/.local/lib/python3.8/site-packages/airflow/example_dags/example_nested_branch_dag.py
[2025-02-08T13:01:54.896+0000] {processor.py:840} INFO - DAG(s) 'example_nested_branch_dag' retrieved from /home/airflow/.local/lib/python3.8/site-packages/airflow/example_dags/example_nested_branch_dag.py
[2025-02-08T13:01:54.957+0000] {logging_mixin.py:188} INFO - [2025-02-08T13:01:54.956+0000] {dag.py:3036} INFO - Sync 1 DAGs
[2025-02-08T13:01:54.984+0000] {logging_mixin.py:188} INFO - [2025-02-08T13:01:54.984+0000] {dag.py:3823} INFO - Setting next_dagrun for example_nested_branch_dag to 2025-02-07 00:00:00+00:00, run_after=2025-02-08 00:00:00+00:00
[2025-02-08T13:01:55.009+0000] {processor.py:183} INFO - Processing /home/airflow/.local/lib/python3.8/site-packages/airflow/example_dags/example_nested_branch_dag.py took 0.164 seconds
[2025-02-08T13:02:25.951+0000] {processor.py:161} INFO - Started process (PID=341) to work on /home/airflow/.local/lib/python3.8/site-packages/airflow/example_dags/example_nested_branch_dag.py
[2025-02-08T13:02:25.952+0000] {processor.py:830} INFO - Processing file /home/airflow/.local/lib/python3.8/site-packages/airflow/example_dags/example_nested_branch_dag.py for tasks to queue
[2025-02-08T13:02:25.955+0000] {logging_mixin.py:188} INFO - [2025-02-08T13:02:25.954+0000] {dagbag.py:538} INFO - Filling up the DagBag from /home/airflow/.local/lib/python3.8/site-packages/airflow/example_dags/example_nested_branch_dag.py
[2025-02-08T13:02:25.968+0000] {processor.py:840} INFO - DAG(s) 'example_nested_branch_dag' retrieved from /home/airflow/.local/lib/python3.8/site-packages/airflow/example_dags/example_nested_branch_dag.py
[2025-02-08T13:02:26.002+0000] {logging_mixin.py:188} INFO - [2025-02-08T13:02:26.002+0000] {dag.py:3036} INFO - Sync 1 DAGs
[2025-02-08T13:02:26.036+0000] {logging_mixin.py:188} INFO - [2025-02-08T13:02:26.036+0000] {dag.py:3823} INFO - Setting next_dagrun for example_nested_branch_dag to 2025-02-07 00:00:00+00:00, run_after=2025-02-08 00:00:00+00:00
[2025-02-08T13:02:26.068+0000] {processor.py:183} INFO - Processing /home/airflow/.local/lib/python3.8/site-packages/airflow/example_dags/example_nested_branch_dag.py took 0.122 seconds
[2025-02-08T13:02:56.858+0000] {processor.py:161} INFO - Started process (PID=406) to work on /home/airflow/.local/lib/python3.8/site-packages/airflow/example_dags/example_nested_branch_dag.py
[2025-02-08T13:02:56.859+0000] {processor.py:830} INFO - Processing file /home/airflow/.local/lib/python3.8/site-packages/airflow/example_dags/example_nested_branch_dag.py for tasks to queue
[2025-02-08T13:02:56.863+0000] {logging_mixin.py:188} INFO - [2025-02-08T13:02:56.862+0000] {dagbag.py:538} INFO - Filling up the DagBag from /home/airflow/.local/lib/python3.8/site-packages/airflow/example_dags/example_nested_branch_dag.py
[2025-02-08T13:02:56.876+0000] {processor.py:840} INFO - DAG(s) 'example_nested_branch_dag' retrieved from /home/airflow/.local/lib/python3.8/site-packages/airflow/example_dags/example_nested_branch_dag.py
[2025-02-08T13:02:56.910+0000] {logging_mixin.py:188} INFO - [2025-02-08T13:02:56.909+0000] {dag.py:3036} INFO - Sync 1 DAGs
[2025-02-08T13:02:56.942+0000] {logging_mixin.py:188} INFO - [2025-02-08T13:02:56.942+0000] {dag.py:3823} INFO - Setting next_dagrun for example_nested_branch_dag to 2025-02-07 00:00:00+00:00, run_after=2025-02-08 00:00:00+00:00
[2025-02-08T13:02:56.973+0000] {processor.py:183} INFO - Processing /home/airflow/.local/lib/python3.8/site-packages/airflow/example_dags/example_nested_branch_dag.py took 0.121 seconds
[2025-02-08T13:03:28.032+0000] {processor.py:161} INFO - Started process (PID=477) to work on /home/airflow/.local/lib/python3.8/site-packages/airflow/example_dags/example_nested_branch_dag.py
[2025-02-08T13:03:28.040+0000] {processor.py:830} INFO - Processing file /home/airflow/.local/lib/python3.8/site-packages/airflow/example_dags/example_nested_branch_dag.py for tasks to queue
[2025-02-08T13:03:28.053+0000] {logging_mixin.py:188} INFO - [2025-02-08T13:03:28.052+0000] {dagbag.py:538} INFO - Filling up the DagBag from /home/airflow/.local/lib/python3.8/site-packages/airflow/example_dags/example_nested_branch_dag.py
[2025-02-08T13:03:28.101+0000] {processor.py:840} INFO - DAG(s) 'example_nested_branch_dag' retrieved from /home/airflow/.local/lib/python3.8/site-packages/airflow/example_dags/example_nested_branch_dag.py
[2025-02-08T13:03:28.225+0000] {logging_mixin.py:188} INFO - [2025-02-08T13:03:28.224+0000] {dag.py:3036} INFO - Sync 1 DAGs
[2025-02-08T13:03:28.348+0000] {logging_mixin.py:188} INFO - [2025-02-08T13:03:28.348+0000] {dag.py:3823} INFO - Setting next_dagrun for example_nested_branch_dag to 2025-02-07 00:00:00+00:00, run_after=2025-02-08 00:00:00+00:00
[2025-02-08T13:03:28.419+0000] {processor.py:183} INFO - Processing /home/airflow/.local/lib/python3.8/site-packages/airflow/example_dags/example_nested_branch_dag.py took 0.402 seconds
[2025-02-08T13:13:59.722+0000] {processor.py:161} INFO - Started process (PID=546) to work on /home/airflow/.local/lib/python3.8/site-packages/airflow/example_dags/example_nested_branch_dag.py
[2025-02-08T13:13:59.725+0000] {processor.py:830} INFO - Processing file /home/airflow/.local/lib/python3.8/site-packages/airflow/example_dags/example_nested_branch_dag.py for tasks to queue
[2025-02-08T13:13:59.728+0000] {logging_mixin.py:188} INFO - [2025-02-08T13:13:59.727+0000] {dagbag.py:538} INFO - Filling up the DagBag from /home/airflow/.local/lib/python3.8/site-packages/airflow/example_dags/example_nested_branch_dag.py
[2025-02-08T13:13:59.751+0000] {processor.py:840} INFO - DAG(s) 'example_nested_branch_dag' retrieved from /home/airflow/.local/lib/python3.8/site-packages/airflow/example_dags/example_nested_branch_dag.py
[2025-02-08T13:13:59.798+0000] {logging_mixin.py:188} INFO - [2025-02-08T13:13:59.797+0000] {dag.py:3036} INFO - Sync 1 DAGs
[2025-02-08T13:13:59.843+0000] {logging_mixin.py:188} INFO - [2025-02-08T13:13:59.843+0000] {dag.py:3823} INFO - Setting next_dagrun for example_nested_branch_dag to 2025-02-07 00:00:00+00:00, run_after=2025-02-08 00:00:00+00:00
[2025-02-08T13:13:59.889+0000] {processor.py:183} INFO - Processing /home/airflow/.local/lib/python3.8/site-packages/airflow/example_dags/example_nested_branch_dag.py took 0.175 seconds
[2025-02-08T13:14:30.013+0000] {processor.py:161} INFO - Started process (PID=611) to work on /home/airflow/.local/lib/python3.8/site-packages/airflow/example_dags/example_nested_branch_dag.py
[2025-02-08T13:14:30.015+0000] {processor.py:830} INFO - Processing file /home/airflow/.local/lib/python3.8/site-packages/airflow/example_dags/example_nested_branch_dag.py for tasks to queue
[2025-02-08T13:14:30.021+0000] {logging_mixin.py:188} INFO - [2025-02-08T13:14:30.020+0000] {dagbag.py:538} INFO - Filling up the DagBag from /home/airflow/.local/lib/python3.8/site-packages/airflow/example_dags/example_nested_branch_dag.py
[2025-02-08T13:14:30.046+0000] {processor.py:840} INFO - DAG(s) 'example_nested_branch_dag' retrieved from /home/airflow/.local/lib/python3.8/site-packages/airflow/example_dags/example_nested_branch_dag.py
[2025-02-08T13:14:30.093+0000] {logging_mixin.py:188} INFO - [2025-02-08T13:14:30.093+0000] {dag.py:3036} INFO - Sync 1 DAGs
[2025-02-08T13:14:30.141+0000] {logging_mixin.py:188} INFO - [2025-02-08T13:14:30.141+0000] {dag.py:3823} INFO - Setting next_dagrun for example_nested_branch_dag to 2025-02-07 00:00:00+00:00, run_after=2025-02-08 00:00:00+00:00
[2025-02-08T13:14:30.173+0000] {processor.py:183} INFO - Processing /home/airflow/.local/lib/python3.8/site-packages/airflow/example_dags/example_nested_branch_dag.py took 0.166 seconds
[2025-02-08T13:15:00.844+0000] {processor.py:161} INFO - Started process (PID=676) to work on /home/airflow/.local/lib/python3.8/site-packages/airflow/example_dags/example_nested_branch_dag.py
[2025-02-08T13:15:00.848+0000] {processor.py:830} INFO - Processing file /home/airflow/.local/lib/python3.8/site-packages/airflow/example_dags/example_nested_branch_dag.py for tasks to queue
[2025-02-08T13:15:00.853+0000] {logging_mixin.py:188} INFO - [2025-02-08T13:15:00.853+0000] {dagbag.py:538} INFO - Filling up the DagBag from /home/airflow/.local/lib/python3.8/site-packages/airflow/example_dags/example_nested_branch_dag.py
[2025-02-08T13:15:00.880+0000] {processor.py:840} INFO - DAG(s) 'example_nested_branch_dag' retrieved from /home/airflow/.local/lib/python3.8/site-packages/airflow/example_dags/example_nested_branch_dag.py
[2025-02-08T13:15:00.940+0000] {logging_mixin.py:188} INFO - [2025-02-08T13:15:00.938+0000] {dag.py:3036} INFO - Sync 1 DAGs
[2025-02-08T13:15:00.999+0000] {logging_mixin.py:188} INFO - [2025-02-08T13:15:00.999+0000] {dag.py:3823} INFO - Setting next_dagrun for example_nested_branch_dag to 2025-02-07 00:00:00+00:00, run_after=2025-02-08 00:00:00+00:00
[2025-02-08T13:15:01.044+0000] {processor.py:183} INFO - Processing /home/airflow/.local/lib/python3.8/site-packages/airflow/example_dags/example_nested_branch_dag.py took 0.208 seconds
[2025-02-08T13:15:32.953+0000] {processor.py:161} INFO - Started process (PID=741) to work on /home/airflow/.local/lib/python3.8/site-packages/airflow/example_dags/example_nested_branch_dag.py
[2025-02-08T13:15:32.955+0000] {processor.py:830} INFO - Processing file /home/airflow/.local/lib/python3.8/site-packages/airflow/example_dags/example_nested_branch_dag.py for tasks to queue
[2025-02-08T13:15:32.957+0000] {logging_mixin.py:188} INFO - [2025-02-08T13:15:32.957+0000] {dagbag.py:538} INFO - Filling up the DagBag from /home/airflow/.local/lib/python3.8/site-packages/airflow/example_dags/example_nested_branch_dag.py
[2025-02-08T13:15:32.981+0000] {processor.py:840} INFO - DAG(s) 'example_nested_branch_dag' retrieved from /home/airflow/.local/lib/python3.8/site-packages/airflow/example_dags/example_nested_branch_dag.py
[2025-02-08T13:15:33.040+0000] {logging_mixin.py:188} INFO - [2025-02-08T13:15:33.039+0000] {dag.py:3036} INFO - Sync 1 DAGs
[2025-02-08T13:15:33.090+0000] {logging_mixin.py:188} INFO - [2025-02-08T13:15:33.090+0000] {dag.py:3823} INFO - Setting next_dagrun for example_nested_branch_dag to 2025-02-07 00:00:00+00:00, run_after=2025-02-08 00:00:00+00:00
[2025-02-08T13:15:33.135+0000] {processor.py:183} INFO - Processing /home/airflow/.local/lib/python3.8/site-packages/airflow/example_dags/example_nested_branch_dag.py took 0.188 seconds
[2025-02-08T13:16:04.134+0000] {processor.py:161} INFO - Started process (PID=812) to work on /home/airflow/.local/lib/python3.8/site-packages/airflow/example_dags/example_nested_branch_dag.py
[2025-02-08T13:16:04.136+0000] {processor.py:830} INFO - Processing file /home/airflow/.local/lib/python3.8/site-packages/airflow/example_dags/example_nested_branch_dag.py for tasks to queue
[2025-02-08T13:16:04.141+0000] {logging_mixin.py:188} INFO - [2025-02-08T13:16:04.141+0000] {dagbag.py:538} INFO - Filling up the DagBag from /home/airflow/.local/lib/python3.8/site-packages/airflow/example_dags/example_nested_branch_dag.py
[2025-02-08T13:16:04.158+0000] {processor.py:840} INFO - DAG(s) 'example_nested_branch_dag' retrieved from /home/airflow/.local/lib/python3.8/site-packages/airflow/example_dags/example_nested_branch_dag.py
[2025-02-08T13:16:04.197+0000] {logging_mixin.py:188} INFO - [2025-02-08T13:16:04.197+0000] {dag.py:3036} INFO - Sync 1 DAGs
[2025-02-08T13:16:04.234+0000] {logging_mixin.py:188} INFO - [2025-02-08T13:16:04.233+0000] {dag.py:3823} INFO - Setting next_dagrun for example_nested_branch_dag to 2025-02-07 00:00:00+00:00, run_after=2025-02-08 00:00:00+00:00
[2025-02-08T13:16:04.265+0000] {processor.py:183} INFO - Processing /home/airflow/.local/lib/python3.8/site-packages/airflow/example_dags/example_nested_branch_dag.py took 0.139 seconds
[2025-02-08T13:16:34.994+0000] {processor.py:161} INFO - Started process (PID=878) to work on /home/airflow/.local/lib/python3.8/site-packages/airflow/example_dags/example_nested_branch_dag.py
[2025-02-08T13:16:34.995+0000] {processor.py:830} INFO - Processing file /home/airflow/.local/lib/python3.8/site-packages/airflow/example_dags/example_nested_branch_dag.py for tasks to queue
[2025-02-08T13:16:35.001+0000] {logging_mixin.py:188} INFO - [2025-02-08T13:16:35.000+0000] {dagbag.py:538} INFO - Filling up the DagBag from /home/airflow/.local/lib/python3.8/site-packages/airflow/example_dags/example_nested_branch_dag.py
[2025-02-08T13:16:35.018+0000] {processor.py:840} INFO - DAG(s) 'example_nested_branch_dag' retrieved from /home/airflow/.local/lib/python3.8/site-packages/airflow/example_dags/example_nested_branch_dag.py
[2025-02-08T13:16:35.061+0000] {logging_mixin.py:188} INFO - [2025-02-08T13:16:35.061+0000] {dag.py:3036} INFO - Sync 1 DAGs
[2025-02-08T13:16:35.104+0000] {logging_mixin.py:188} INFO - [2025-02-08T13:16:35.103+0000] {dag.py:3823} INFO - Setting next_dagrun for example_nested_branch_dag to 2025-02-07 00:00:00+00:00, run_after=2025-02-08 00:00:00+00:00
[2025-02-08T13:16:35.228+0000] {processor.py:183} INFO - Processing /home/airflow/.local/lib/python3.8/site-packages/airflow/example_dags/example_nested_branch_dag.py took 0.240 seconds
[2025-02-08T13:17:05.532+0000] {processor.py:161} INFO - Started process (PID=942) to work on /home/airflow/.local/lib/python3.8/site-packages/airflow/example_dags/example_nested_branch_dag.py
[2025-02-08T13:17:05.533+0000] {processor.py:830} INFO - Processing file /home/airflow/.local/lib/python3.8/site-packages/airflow/example_dags/example_nested_branch_dag.py for tasks to queue
[2025-02-08T13:17:05.536+0000] {logging_mixin.py:188} INFO - [2025-02-08T13:17:05.535+0000] {dagbag.py:538} INFO - Filling up the DagBag from /home/airflow/.local/lib/python3.8/site-packages/airflow/example_dags/example_nested_branch_dag.py
[2025-02-08T13:17:05.550+0000] {processor.py:840} INFO - DAG(s) 'example_nested_branch_dag' retrieved from /home/airflow/.local/lib/python3.8/site-packages/airflow/example_dags/example_nested_branch_dag.py
[2025-02-08T13:17:05.594+0000] {logging_mixin.py:188} INFO - [2025-02-08T13:17:05.594+0000] {dag.py:3036} INFO - Sync 1 DAGs
[2025-02-08T13:17:05.629+0000] {logging_mixin.py:188} INFO - [2025-02-08T13:17:05.629+0000] {dag.py:3823} INFO - Setting next_dagrun for example_nested_branch_dag to 2025-02-07 00:00:00+00:00, run_after=2025-02-08 00:00:00+00:00
[2025-02-08T13:17:05.663+0000] {processor.py:183} INFO - Processing /home/airflow/.local/lib/python3.8/site-packages/airflow/example_dags/example_nested_branch_dag.py took 0.136 seconds
[2025-02-08T13:17:36.510+0000] {processor.py:161} INFO - Started process (PID=1007) to work on /home/airflow/.local/lib/python3.8/site-packages/airflow/example_dags/example_nested_branch_dag.py
[2025-02-08T13:17:36.513+0000] {processor.py:830} INFO - Processing file /home/airflow/.local/lib/python3.8/site-packages/airflow/example_dags/example_nested_branch_dag.py for tasks to queue
[2025-02-08T13:17:36.516+0000] {logging_mixin.py:188} INFO - [2025-02-08T13:17:36.516+0000] {dagbag.py:538} INFO - Filling up the DagBag from /home/airflow/.local/lib/python3.8/site-packages/airflow/example_dags/example_nested_branch_dag.py
[2025-02-08T13:17:36.531+0000] {processor.py:840} INFO - DAG(s) 'example_nested_branch_dag' retrieved from /home/airflow/.local/lib/python3.8/site-packages/airflow/example_dags/example_nested_branch_dag.py
[2025-02-08T13:17:36.559+0000] {logging_mixin.py:188} INFO - [2025-02-08T13:17:36.559+0000] {dag.py:3036} INFO - Sync 1 DAGs
[2025-02-08T13:17:36.589+0000] {logging_mixin.py:188} INFO - [2025-02-08T13:17:36.589+0000] {dag.py:3823} INFO - Setting next_dagrun for example_nested_branch_dag to 2025-02-07 00:00:00+00:00, run_after=2025-02-08 00:00:00+00:00
[2025-02-08T13:17:36.625+0000] {processor.py:183} INFO - Processing /home/airflow/.local/lib/python3.8/site-packages/airflow/example_dags/example_nested_branch_dag.py took 0.119 seconds
[2025-02-08T13:18:07.542+0000] {processor.py:161} INFO - Started process (PID=1071) to work on /home/airflow/.local/lib/python3.8/site-packages/airflow/example_dags/example_nested_branch_dag.py
[2025-02-08T13:18:07.544+0000] {processor.py:830} INFO - Processing file /home/airflow/.local/lib/python3.8/site-packages/airflow/example_dags/example_nested_branch_dag.py for tasks to queue
[2025-02-08T13:18:07.549+0000] {logging_mixin.py:188} INFO - [2025-02-08T13:18:07.549+0000] {dagbag.py:538} INFO - Filling up the DagBag from /home/airflow/.local/lib/python3.8/site-packages/airflow/example_dags/example_nested_branch_dag.py
[2025-02-08T13:18:07.573+0000] {processor.py:840} INFO - DAG(s) 'example_nested_branch_dag' retrieved from /home/airflow/.local/lib/python3.8/site-packages/airflow/example_dags/example_nested_branch_dag.py
[2025-02-08T13:18:07.613+0000] {logging_mixin.py:188} INFO - [2025-02-08T13:18:07.613+0000] {dag.py:3036} INFO - Sync 1 DAGs
[2025-02-08T13:18:07.654+0000] {logging_mixin.py:188} INFO - [2025-02-08T13:18:07.652+0000] {dag.py:3823} INFO - Setting next_dagrun for example_nested_branch_dag to 2025-02-07 00:00:00+00:00, run_after=2025-02-08 00:00:00+00:00
[2025-02-08T13:18:07.692+0000] {processor.py:183} INFO - Processing /home/airflow/.local/lib/python3.8/site-packages/airflow/example_dags/example_nested_branch_dag.py took 0.155 seconds
[2025-02-08T13:18:38.064+0000] {processor.py:161} INFO - Started process (PID=1135) to work on /home/airflow/.local/lib/python3.8/site-packages/airflow/example_dags/example_nested_branch_dag.py
[2025-02-08T13:18:38.065+0000] {processor.py:830} INFO - Processing file /home/airflow/.local/lib/python3.8/site-packages/airflow/example_dags/example_nested_branch_dag.py for tasks to queue
[2025-02-08T13:18:38.067+0000] {logging_mixin.py:188} INFO - [2025-02-08T13:18:38.067+0000] {dagbag.py:538} INFO - Filling up the DagBag from /home/airflow/.local/lib/python3.8/site-packages/airflow/example_dags/example_nested_branch_dag.py
[2025-02-08T13:18:38.080+0000] {processor.py:840} INFO - DAG(s) 'example_nested_branch_dag' retrieved from /home/airflow/.local/lib/python3.8/site-packages/airflow/example_dags/example_nested_branch_dag.py
[2025-02-08T13:18:38.108+0000] {logging_mixin.py:188} INFO - [2025-02-08T13:18:38.108+0000] {dag.py:3036} INFO - Sync 1 DAGs
[2025-02-08T13:18:38.136+0000] {logging_mixin.py:188} INFO - [2025-02-08T13:18:38.136+0000] {dag.py:3823} INFO - Setting next_dagrun for example_nested_branch_dag to 2025-02-07 00:00:00+00:00, run_after=2025-02-08 00:00:00+00:00
[2025-02-08T13:18:38.165+0000] {processor.py:183} INFO - Processing /home/airflow/.local/lib/python3.8/site-packages/airflow/example_dags/example_nested_branch_dag.py took 0.106 seconds
[2025-02-08T13:19:09.229+0000] {processor.py:161} INFO - Started process (PID=1208) to work on /home/airflow/.local/lib/python3.8/site-packages/airflow/example_dags/example_nested_branch_dag.py
[2025-02-08T13:19:09.231+0000] {processor.py:830} INFO - Processing file /home/airflow/.local/lib/python3.8/site-packages/airflow/example_dags/example_nested_branch_dag.py for tasks to queue
[2025-02-08T13:19:09.234+0000] {logging_mixin.py:188} INFO - [2025-02-08T13:19:09.234+0000] {dagbag.py:538} INFO - Filling up the DagBag from /home/airflow/.local/lib/python3.8/site-packages/airflow/example_dags/example_nested_branch_dag.py
[2025-02-08T13:19:09.254+0000] {processor.py:840} INFO - DAG(s) 'example_nested_branch_dag' retrieved from /home/airflow/.local/lib/python3.8/site-packages/airflow/example_dags/example_nested_branch_dag.py
[2025-02-08T13:19:09.324+0000] {logging_mixin.py:188} INFO - [2025-02-08T13:19:09.323+0000] {dag.py:3036} INFO - Sync 1 DAGs
[2025-02-08T13:19:09.373+0000] {logging_mixin.py:188} INFO - [2025-02-08T13:19:09.372+0000] {dag.py:3823} INFO - Setting next_dagrun for example_nested_branch_dag to 2025-02-07 00:00:00+00:00, run_after=2025-02-08 00:00:00+00:00
[2025-02-08T13:19:09.411+0000] {processor.py:183} INFO - Processing /home/airflow/.local/lib/python3.8/site-packages/airflow/example_dags/example_nested_branch_dag.py took 0.189 seconds
[2025-02-08T13:19:41.181+0000] {processor.py:161} INFO - Started process (PID=1273) to work on /home/airflow/.local/lib/python3.8/site-packages/airflow/example_dags/example_nested_branch_dag.py
[2025-02-08T13:19:41.185+0000] {processor.py:830} INFO - Processing file /home/airflow/.local/lib/python3.8/site-packages/airflow/example_dags/example_nested_branch_dag.py for tasks to queue
[2025-02-08T13:19:41.188+0000] {logging_mixin.py:188} INFO - [2025-02-08T13:19:41.187+0000] {dagbag.py:538} INFO - Filling up the DagBag from /home/airflow/.local/lib/python3.8/site-packages/airflow/example_dags/example_nested_branch_dag.py
[2025-02-08T13:19:41.206+0000] {processor.py:840} INFO - DAG(s) 'example_nested_branch_dag' retrieved from /home/airflow/.local/lib/python3.8/site-packages/airflow/example_dags/example_nested_branch_dag.py
[2025-02-08T13:19:41.266+0000] {logging_mixin.py:188} INFO - [2025-02-08T13:19:41.265+0000] {dag.py:3036} INFO - Sync 1 DAGs
[2025-02-08T13:19:42.185+0000] {logging_mixin.py:188} INFO - [2025-02-08T13:19:42.184+0000] {dag.py:3823} INFO - Setting next_dagrun for example_nested_branch_dag to 2025-02-07 00:00:00+00:00, run_after=2025-02-08 00:00:00+00:00
[2025-02-08T13:19:42.423+0000] {processor.py:183} INFO - Processing /home/airflow/.local/lib/python3.8/site-packages/airflow/example_dags/example_nested_branch_dag.py took 1.268 seconds
[2025-02-08T13:20:12.743+0000] {processor.py:161} INFO - Started process (PID=1337) to work on /home/airflow/.local/lib/python3.8/site-packages/airflow/example_dags/example_nested_branch_dag.py
[2025-02-08T13:20:12.746+0000] {processor.py:830} INFO - Processing file /home/airflow/.local/lib/python3.8/site-packages/airflow/example_dags/example_nested_branch_dag.py for tasks to queue
[2025-02-08T13:20:12.751+0000] {logging_mixin.py:188} INFO - [2025-02-08T13:20:12.751+0000] {dagbag.py:538} INFO - Filling up the DagBag from /home/airflow/.local/lib/python3.8/site-packages/airflow/example_dags/example_nested_branch_dag.py
[2025-02-08T13:20:12.773+0000] {processor.py:840} INFO - DAG(s) 'example_nested_branch_dag' retrieved from /home/airflow/.local/lib/python3.8/site-packages/airflow/example_dags/example_nested_branch_dag.py
[2025-02-08T13:20:12.825+0000] {logging_mixin.py:188} INFO - [2025-02-08T13:20:12.825+0000] {dag.py:3036} INFO - Sync 1 DAGs
[2025-02-08T13:20:12.863+0000] {logging_mixin.py:188} INFO - [2025-02-08T13:20:12.862+0000] {dag.py:3823} INFO - Setting next_dagrun for example_nested_branch_dag to 2025-02-07 00:00:00+00:00, run_after=2025-02-08 00:00:00+00:00
[2025-02-08T13:20:12.914+0000] {processor.py:183} INFO - Processing /home/airflow/.local/lib/python3.8/site-packages/airflow/example_dags/example_nested_branch_dag.py took 0.177 seconds
[2025-02-08T13:20:42.979+0000] {processor.py:161} INFO - Started process (PID=1410) to work on /home/airflow/.local/lib/python3.8/site-packages/airflow/example_dags/example_nested_branch_dag.py
[2025-02-08T13:20:42.981+0000] {processor.py:830} INFO - Processing file /home/airflow/.local/lib/python3.8/site-packages/airflow/example_dags/example_nested_branch_dag.py for tasks to queue
[2025-02-08T13:20:42.985+0000] {logging_mixin.py:188} INFO - [2025-02-08T13:20:42.984+0000] {dagbag.py:538} INFO - Filling up the DagBag from /home/airflow/.local/lib/python3.8/site-packages/airflow/example_dags/example_nested_branch_dag.py
[2025-02-08T13:20:43.004+0000] {processor.py:840} INFO - DAG(s) 'example_nested_branch_dag' retrieved from /home/airflow/.local/lib/python3.8/site-packages/airflow/example_dags/example_nested_branch_dag.py
[2025-02-08T13:20:43.047+0000] {logging_mixin.py:188} INFO - [2025-02-08T13:20:43.047+0000] {dag.py:3036} INFO - Sync 1 DAGs
[2025-02-08T13:20:43.107+0000] {logging_mixin.py:188} INFO - [2025-02-08T13:20:43.106+0000] {dag.py:3823} INFO - Setting next_dagrun for example_nested_branch_dag to 2025-02-07 00:00:00+00:00, run_after=2025-02-08 00:00:00+00:00
[2025-02-08T13:20:43.165+0000] {processor.py:183} INFO - Processing /home/airflow/.local/lib/python3.8/site-packages/airflow/example_dags/example_nested_branch_dag.py took 0.192 seconds
[2025-02-08T13:21:13.277+0000] {processor.py:161} INFO - Started process (PID=1474) to work on /home/airflow/.local/lib/python3.8/site-packages/airflow/example_dags/example_nested_branch_dag.py
[2025-02-08T13:21:13.279+0000] {processor.py:830} INFO - Processing file /home/airflow/.local/lib/python3.8/site-packages/airflow/example_dags/example_nested_branch_dag.py for tasks to queue
[2025-02-08T13:21:13.282+0000] {logging_mixin.py:188} INFO - [2025-02-08T13:21:13.282+0000] {dagbag.py:538} INFO - Filling up the DagBag from /home/airflow/.local/lib/python3.8/site-packages/airflow/example_dags/example_nested_branch_dag.py
[2025-02-08T13:21:13.300+0000] {processor.py:840} INFO - DAG(s) 'example_nested_branch_dag' retrieved from /home/airflow/.local/lib/python3.8/site-packages/airflow/example_dags/example_nested_branch_dag.py
[2025-02-08T13:21:13.345+0000] {logging_mixin.py:188} INFO - [2025-02-08T13:21:13.345+0000] {dag.py:3036} INFO - Sync 1 DAGs
[2025-02-08T13:21:13.405+0000] {logging_mixin.py:188} INFO - [2025-02-08T13:21:13.404+0000] {dag.py:3823} INFO - Setting next_dagrun for example_nested_branch_dag to 2025-02-07 00:00:00+00:00, run_after=2025-02-08 00:00:00+00:00
[2025-02-08T13:21:13.465+0000] {processor.py:183} INFO - Processing /home/airflow/.local/lib/python3.8/site-packages/airflow/example_dags/example_nested_branch_dag.py took 0.193 seconds
[2025-02-08T13:21:44.389+0000] {processor.py:161} INFO - Started process (PID=1540) to work on /home/airflow/.local/lib/python3.8/site-packages/airflow/example_dags/example_nested_branch_dag.py
[2025-02-08T13:21:44.392+0000] {processor.py:830} INFO - Processing file /home/airflow/.local/lib/python3.8/site-packages/airflow/example_dags/example_nested_branch_dag.py for tasks to queue
[2025-02-08T13:21:44.401+0000] {logging_mixin.py:188} INFO - [2025-02-08T13:21:44.399+0000] {dagbag.py:538} INFO - Filling up the DagBag from /home/airflow/.local/lib/python3.8/site-packages/airflow/example_dags/example_nested_branch_dag.py
[2025-02-08T13:21:44.451+0000] {processor.py:840} INFO - DAG(s) 'example_nested_branch_dag' retrieved from /home/airflow/.local/lib/python3.8/site-packages/airflow/example_dags/example_nested_branch_dag.py
[2025-02-08T13:21:44.553+0000] {logging_mixin.py:188} INFO - [2025-02-08T13:21:44.552+0000] {dag.py:3036} INFO - Sync 1 DAGs
[2025-02-08T13:21:44.620+0000] {logging_mixin.py:188} INFO - [2025-02-08T13:21:44.619+0000] {dag.py:3823} INFO - Setting next_dagrun for example_nested_branch_dag to 2025-02-07 00:00:00+00:00, run_after=2025-02-08 00:00:00+00:00
[2025-02-08T13:21:44.692+0000] {processor.py:183} INFO - Processing /home/airflow/.local/lib/python3.8/site-packages/airflow/example_dags/example_nested_branch_dag.py took 0.312 seconds
[2025-02-08T13:22:15.443+0000] {processor.py:161} INFO - Started process (PID=1605) to work on /home/airflow/.local/lib/python3.8/site-packages/airflow/example_dags/example_nested_branch_dag.py
[2025-02-08T13:22:15.447+0000] {processor.py:830} INFO - Processing file /home/airflow/.local/lib/python3.8/site-packages/airflow/example_dags/example_nested_branch_dag.py for tasks to queue
[2025-02-08T13:22:15.451+0000] {logging_mixin.py:188} INFO - [2025-02-08T13:22:15.450+0000] {dagbag.py:538} INFO - Filling up the DagBag from /home/airflow/.local/lib/python3.8/site-packages/airflow/example_dags/example_nested_branch_dag.py
[2025-02-08T13:22:15.509+0000] {processor.py:840} INFO - DAG(s) 'example_nested_branch_dag' retrieved from /home/airflow/.local/lib/python3.8/site-packages/airflow/example_dags/example_nested_branch_dag.py
[2025-02-08T13:22:15.565+0000] {logging_mixin.py:188} INFO - [2025-02-08T13:22:15.564+0000] {dag.py:3036} INFO - Sync 1 DAGs
[2025-02-08T13:22:15.613+0000] {logging_mixin.py:188} INFO - [2025-02-08T13:22:15.612+0000] {dag.py:3823} INFO - Setting next_dagrun for example_nested_branch_dag to 2025-02-07 00:00:00+00:00, run_after=2025-02-08 00:00:00+00:00
[2025-02-08T13:22:15.666+0000] {processor.py:183} INFO - Processing /home/airflow/.local/lib/python3.8/site-packages/airflow/example_dags/example_nested_branch_dag.py took 0.241 seconds
[2025-02-08T13:22:46.572+0000] {processor.py:161} INFO - Started process (PID=1670) to work on /home/airflow/.local/lib/python3.8/site-packages/airflow/example_dags/example_nested_branch_dag.py
[2025-02-08T13:22:46.598+0000] {processor.py:830} INFO - Processing file /home/airflow/.local/lib/python3.8/site-packages/airflow/example_dags/example_nested_branch_dag.py for tasks to queue
[2025-02-08T13:22:46.609+0000] {logging_mixin.py:188} INFO - [2025-02-08T13:22:46.608+0000] {dagbag.py:538} INFO - Filling up the DagBag from /home/airflow/.local/lib/python3.8/site-packages/airflow/example_dags/example_nested_branch_dag.py
[2025-02-08T13:22:46.748+0000] {processor.py:840} INFO - DAG(s) 'example_nested_branch_dag' retrieved from /home/airflow/.local/lib/python3.8/site-packages/airflow/example_dags/example_nested_branch_dag.py
[2025-02-08T13:22:46.855+0000] {logging_mixin.py:188} INFO - [2025-02-08T13:22:46.855+0000] {dag.py:3036} INFO - Sync 1 DAGs
[2025-02-08T13:22:46.939+0000] {logging_mixin.py:188} INFO - [2025-02-08T13:22:46.936+0000] {dag.py:3823} INFO - Setting next_dagrun for example_nested_branch_dag to 2025-02-07 00:00:00+00:00, run_after=2025-02-08 00:00:00+00:00
[2025-02-08T13:22:47.041+0000] {processor.py:183} INFO - Processing /home/airflow/.local/lib/python3.8/site-packages/airflow/example_dags/example_nested_branch_dag.py took 0.604 seconds
[2025-02-08T13:23:17.242+0000] {processor.py:161} INFO - Started process (PID=1735) to work on /home/airflow/.local/lib/python3.8/site-packages/airflow/example_dags/example_nested_branch_dag.py
[2025-02-08T13:23:17.244+0000] {processor.py:830} INFO - Processing file /home/airflow/.local/lib/python3.8/site-packages/airflow/example_dags/example_nested_branch_dag.py for tasks to queue
[2025-02-08T13:23:17.250+0000] {logging_mixin.py:188} INFO - [2025-02-08T13:23:17.250+0000] {dagbag.py:538} INFO - Filling up the DagBag from /home/airflow/.local/lib/python3.8/site-packages/airflow/example_dags/example_nested_branch_dag.py
[2025-02-08T13:23:17.280+0000] {processor.py:840} INFO - DAG(s) 'example_nested_branch_dag' retrieved from /home/airflow/.local/lib/python3.8/site-packages/airflow/example_dags/example_nested_branch_dag.py
[2025-02-08T13:23:17.330+0000] {logging_mixin.py:188} INFO - [2025-02-08T13:23:17.330+0000] {dag.py:3036} INFO - Sync 1 DAGs
[2025-02-08T13:23:17.379+0000] {logging_mixin.py:188} INFO - [2025-02-08T13:23:17.378+0000] {dag.py:3823} INFO - Setting next_dagrun for example_nested_branch_dag to 2025-02-07 00:00:00+00:00, run_after=2025-02-08 00:00:00+00:00
[2025-02-08T13:23:17.422+0000] {processor.py:183} INFO - Processing /home/airflow/.local/lib/python3.8/site-packages/airflow/example_dags/example_nested_branch_dag.py took 0.188 seconds
[2025-02-08T13:23:48.091+0000] {processor.py:161} INFO - Started process (PID=1800) to work on /home/airflow/.local/lib/python3.8/site-packages/airflow/example_dags/example_nested_branch_dag.py
[2025-02-08T13:23:48.093+0000] {processor.py:830} INFO - Processing file /home/airflow/.local/lib/python3.8/site-packages/airflow/example_dags/example_nested_branch_dag.py for tasks to queue
[2025-02-08T13:23:48.101+0000] {logging_mixin.py:188} INFO - [2025-02-08T13:23:48.099+0000] {dagbag.py:538} INFO - Filling up the DagBag from /home/airflow/.local/lib/python3.8/site-packages/airflow/example_dags/example_nested_branch_dag.py
[2025-02-08T13:23:48.188+0000] {processor.py:840} INFO - DAG(s) 'example_nested_branch_dag' retrieved from /home/airflow/.local/lib/python3.8/site-packages/airflow/example_dags/example_nested_branch_dag.py
[2025-02-08T13:23:48.242+0000] {logging_mixin.py:188} INFO - [2025-02-08T13:23:48.242+0000] {dag.py:3036} INFO - Sync 1 DAGs
[2025-02-08T13:23:48.352+0000] {logging_mixin.py:188} INFO - [2025-02-08T13:23:48.351+0000] {dag.py:3823} INFO - Setting next_dagrun for example_nested_branch_dag to 2025-02-07 00:00:00+00:00, run_after=2025-02-08 00:00:00+00:00
[2025-02-08T13:23:48.396+0000] {processor.py:183} INFO - Processing /home/airflow/.local/lib/python3.8/site-packages/airflow/example_dags/example_nested_branch_dag.py took 0.315 seconds
[2025-02-08T13:24:19.044+0000] {processor.py:161} INFO - Started process (PID=1865) to work on /home/airflow/.local/lib/python3.8/site-packages/airflow/example_dags/example_nested_branch_dag.py
[2025-02-08T13:24:19.046+0000] {processor.py:830} INFO - Processing file /home/airflow/.local/lib/python3.8/site-packages/airflow/example_dags/example_nested_branch_dag.py for tasks to queue
[2025-02-08T13:24:19.049+0000] {logging_mixin.py:188} INFO - [2025-02-08T13:24:19.049+0000] {dagbag.py:538} INFO - Filling up the DagBag from /home/airflow/.local/lib/python3.8/site-packages/airflow/example_dags/example_nested_branch_dag.py
[2025-02-08T13:24:19.064+0000] {processor.py:840} INFO - DAG(s) 'example_nested_branch_dag' retrieved from /home/airflow/.local/lib/python3.8/site-packages/airflow/example_dags/example_nested_branch_dag.py
[2025-02-08T13:24:19.099+0000] {logging_mixin.py:188} INFO - [2025-02-08T13:24:19.099+0000] {dag.py:3036} INFO - Sync 1 DAGs
[2025-02-08T13:24:19.138+0000] {logging_mixin.py:188} INFO - [2025-02-08T13:24:19.138+0000] {dag.py:3823} INFO - Setting next_dagrun for example_nested_branch_dag to 2025-02-07 00:00:00+00:00, run_after=2025-02-08 00:00:00+00:00
[2025-02-08T13:24:19.167+0000] {processor.py:183} INFO - Processing /home/airflow/.local/lib/python3.8/site-packages/airflow/example_dags/example_nested_branch_dag.py took 0.130 seconds
[2025-02-08T13:24:50.021+0000] {processor.py:161} INFO - Started process (PID=1930) to work on /home/airflow/.local/lib/python3.8/site-packages/airflow/example_dags/example_nested_branch_dag.py
[2025-02-08T13:24:50.027+0000] {processor.py:830} INFO - Processing file /home/airflow/.local/lib/python3.8/site-packages/airflow/example_dags/example_nested_branch_dag.py for tasks to queue
[2025-02-08T13:24:50.036+0000] {logging_mixin.py:188} INFO - [2025-02-08T13:24:50.034+0000] {dagbag.py:538} INFO - Filling up the DagBag from /home/airflow/.local/lib/python3.8/site-packages/airflow/example_dags/example_nested_branch_dag.py
[2025-02-08T13:24:50.138+0000] {processor.py:840} INFO - DAG(s) 'example_nested_branch_dag' retrieved from /home/airflow/.local/lib/python3.8/site-packages/airflow/example_dags/example_nested_branch_dag.py
[2025-02-08T13:24:50.262+0000] {logging_mixin.py:188} INFO - [2025-02-08T13:24:50.262+0000] {dag.py:3036} INFO - Sync 1 DAGs
[2025-02-08T13:24:50.421+0000] {logging_mixin.py:188} INFO - [2025-02-08T13:24:50.420+0000] {dag.py:3823} INFO - Setting next_dagrun for example_nested_branch_dag to 2025-02-07 00:00:00+00:00, run_after=2025-02-08 00:00:00+00:00
[2025-02-08T13:24:50.492+0000] {processor.py:183} INFO - Processing /home/airflow/.local/lib/python3.8/site-packages/airflow/example_dags/example_nested_branch_dag.py took 0.478 seconds
[2025-02-08T13:25:20.950+0000] {processor.py:161} INFO - Started process (PID=1987) to work on /home/airflow/.local/lib/python3.8/site-packages/airflow/example_dags/example_nested_branch_dag.py
[2025-02-08T13:25:20.955+0000] {processor.py:830} INFO - Processing file /home/airflow/.local/lib/python3.8/site-packages/airflow/example_dags/example_nested_branch_dag.py for tasks to queue
[2025-02-08T13:25:20.961+0000] {logging_mixin.py:188} INFO - [2025-02-08T13:25:20.960+0000] {dagbag.py:538} INFO - Filling up the DagBag from /home/airflow/.local/lib/python3.8/site-packages/airflow/example_dags/example_nested_branch_dag.py
[2025-02-08T13:25:20.996+0000] {processor.py:840} INFO - DAG(s) 'example_nested_branch_dag' retrieved from /home/airflow/.local/lib/python3.8/site-packages/airflow/example_dags/example_nested_branch_dag.py
[2025-02-08T13:25:21.092+0000] {logging_mixin.py:188} INFO - [2025-02-08T13:25:21.091+0000] {dag.py:3036} INFO - Sync 1 DAGs
[2025-02-08T13:25:21.306+0000] {logging_mixin.py:188} INFO - [2025-02-08T13:25:21.305+0000] {dag.py:3823} INFO - Setting next_dagrun for example_nested_branch_dag to 2025-02-07 00:00:00+00:00, run_after=2025-02-08 00:00:00+00:00
[2025-02-08T13:25:21.381+0000] {processor.py:183} INFO - Processing /home/airflow/.local/lib/python3.8/site-packages/airflow/example_dags/example_nested_branch_dag.py took 0.446 seconds
[2025-02-08T13:25:52.190+0000] {processor.py:161} INFO - Started process (PID=2052) to work on /home/airflow/.local/lib/python3.8/site-packages/airflow/example_dags/example_nested_branch_dag.py
[2025-02-08T13:25:52.192+0000] {processor.py:830} INFO - Processing file /home/airflow/.local/lib/python3.8/site-packages/airflow/example_dags/example_nested_branch_dag.py for tasks to queue
[2025-02-08T13:25:52.212+0000] {logging_mixin.py:188} INFO - [2025-02-08T13:25:52.210+0000] {dagbag.py:538} INFO - Filling up the DagBag from /home/airflow/.local/lib/python3.8/site-packages/airflow/example_dags/example_nested_branch_dag.py
[2025-02-08T13:25:52.289+0000] {processor.py:840} INFO - DAG(s) 'example_nested_branch_dag' retrieved from /home/airflow/.local/lib/python3.8/site-packages/airflow/example_dags/example_nested_branch_dag.py
[2025-02-08T13:25:52.687+0000] {logging_mixin.py:188} INFO - [2025-02-08T13:25:52.683+0000] {dag.py:3036} INFO - Sync 1 DAGs
[2025-02-08T13:25:53.457+0000] {logging_mixin.py:188} INFO - [2025-02-08T13:25:53.456+0000] {dag.py:3823} INFO - Setting next_dagrun for example_nested_branch_dag to 2025-02-07 00:00:00+00:00, run_after=2025-02-08 00:00:00+00:00
[2025-02-08T13:25:53.617+0000] {processor.py:183} INFO - Processing /home/airflow/.local/lib/python3.8/site-packages/airflow/example_dags/example_nested_branch_dag.py took 1.456 seconds
[2025-02-08T13:26:24.635+0000] {processor.py:161} INFO - Started process (PID=2116) to work on /home/airflow/.local/lib/python3.8/site-packages/airflow/example_dags/example_nested_branch_dag.py
[2025-02-08T13:26:24.650+0000] {processor.py:830} INFO - Processing file /home/airflow/.local/lib/python3.8/site-packages/airflow/example_dags/example_nested_branch_dag.py for tasks to queue
[2025-02-08T13:26:24.654+0000] {logging_mixin.py:188} INFO - [2025-02-08T13:26:24.653+0000] {dagbag.py:538} INFO - Filling up the DagBag from /home/airflow/.local/lib/python3.8/site-packages/airflow/example_dags/example_nested_branch_dag.py
[2025-02-08T13:26:24.885+0000] {processor.py:840} INFO - DAG(s) 'example_nested_branch_dag' retrieved from /home/airflow/.local/lib/python3.8/site-packages/airflow/example_dags/example_nested_branch_dag.py
[2025-02-08T13:26:25.259+0000] {logging_mixin.py:188} INFO - [2025-02-08T13:26:25.258+0000] {dag.py:3036} INFO - Sync 1 DAGs
[2025-02-08T13:26:25.468+0000] {logging_mixin.py:188} INFO - [2025-02-08T13:26:25.467+0000] {dag.py:3823} INFO - Setting next_dagrun for example_nested_branch_dag to 2025-02-07 00:00:00+00:00, run_after=2025-02-08 00:00:00+00:00
[2025-02-08T13:26:25.511+0000] {processor.py:183} INFO - Processing /home/airflow/.local/lib/python3.8/site-packages/airflow/example_dags/example_nested_branch_dag.py took 0.897 seconds
[2025-02-08T13:26:56.424+0000] {processor.py:161} INFO - Started process (PID=2181) to work on /home/airflow/.local/lib/python3.8/site-packages/airflow/example_dags/example_nested_branch_dag.py
[2025-02-08T13:26:56.427+0000] {processor.py:830} INFO - Processing file /home/airflow/.local/lib/python3.8/site-packages/airflow/example_dags/example_nested_branch_dag.py for tasks to queue
[2025-02-08T13:26:56.450+0000] {logging_mixin.py:188} INFO - [2025-02-08T13:26:56.447+0000] {dagbag.py:538} INFO - Filling up the DagBag from /home/airflow/.local/lib/python3.8/site-packages/airflow/example_dags/example_nested_branch_dag.py
[2025-02-08T13:26:56.489+0000] {processor.py:840} INFO - DAG(s) 'example_nested_branch_dag' retrieved from /home/airflow/.local/lib/python3.8/site-packages/airflow/example_dags/example_nested_branch_dag.py
[2025-02-08T13:26:56.949+0000] {logging_mixin.py:188} INFO - [2025-02-08T13:26:56.948+0000] {dag.py:3036} INFO - Sync 1 DAGs
[2025-02-08T13:26:57.227+0000] {logging_mixin.py:188} INFO - [2025-02-08T13:26:57.227+0000] {dag.py:3823} INFO - Setting next_dagrun for example_nested_branch_dag to 2025-02-07 00:00:00+00:00, run_after=2025-02-08 00:00:00+00:00
[2025-02-08T13:26:57.879+0000] {processor.py:183} INFO - Processing /home/airflow/.local/lib/python3.8/site-packages/airflow/example_dags/example_nested_branch_dag.py took 1.461 seconds
[2025-02-08T13:27:28.032+0000] {processor.py:161} INFO - Started process (PID=2246) to work on /home/airflow/.local/lib/python3.8/site-packages/airflow/example_dags/example_nested_branch_dag.py
[2025-02-08T13:27:28.034+0000] {processor.py:830} INFO - Processing file /home/airflow/.local/lib/python3.8/site-packages/airflow/example_dags/example_nested_branch_dag.py for tasks to queue
[2025-02-08T13:27:28.043+0000] {logging_mixin.py:188} INFO - [2025-02-08T13:27:28.042+0000] {dagbag.py:538} INFO - Filling up the DagBag from /home/airflow/.local/lib/python3.8/site-packages/airflow/example_dags/example_nested_branch_dag.py
[2025-02-08T13:27:28.083+0000] {processor.py:840} INFO - DAG(s) 'example_nested_branch_dag' retrieved from /home/airflow/.local/lib/python3.8/site-packages/airflow/example_dags/example_nested_branch_dag.py
[2025-02-08T13:27:28.138+0000] {logging_mixin.py:188} INFO - [2025-02-08T13:27:28.137+0000] {dag.py:3036} INFO - Sync 1 DAGs
[2025-02-08T13:27:28.220+0000] {logging_mixin.py:188} INFO - [2025-02-08T13:27:28.220+0000] {dag.py:3823} INFO - Setting next_dagrun for example_nested_branch_dag to 2025-02-07 00:00:00+00:00, run_after=2025-02-08 00:00:00+00:00
[2025-02-08T13:27:28.289+0000] {processor.py:183} INFO - Processing /home/airflow/.local/lib/python3.8/site-packages/airflow/example_dags/example_nested_branch_dag.py took 0.265 seconds
[2025-02-08T13:27:58.383+0000] {processor.py:161} INFO - Started process (PID=2303) to work on /home/airflow/.local/lib/python3.8/site-packages/airflow/example_dags/example_nested_branch_dag.py
[2025-02-08T13:27:58.385+0000] {processor.py:830} INFO - Processing file /home/airflow/.local/lib/python3.8/site-packages/airflow/example_dags/example_nested_branch_dag.py for tasks to queue
[2025-02-08T13:27:58.401+0000] {logging_mixin.py:188} INFO - [2025-02-08T13:27:58.400+0000] {dagbag.py:538} INFO - Filling up the DagBag from /home/airflow/.local/lib/python3.8/site-packages/airflow/example_dags/example_nested_branch_dag.py
[2025-02-08T13:27:58.449+0000] {processor.py:840} INFO - DAG(s) 'example_nested_branch_dag' retrieved from /home/airflow/.local/lib/python3.8/site-packages/airflow/example_dags/example_nested_branch_dag.py
[2025-02-08T13:27:58.561+0000] {logging_mixin.py:188} INFO - [2025-02-08T13:27:58.561+0000] {dag.py:3036} INFO - Sync 1 DAGs
[2025-02-08T13:27:58.631+0000] {logging_mixin.py:188} INFO - [2025-02-08T13:27:58.631+0000] {dag.py:3823} INFO - Setting next_dagrun for example_nested_branch_dag to 2025-02-07 00:00:00+00:00, run_after=2025-02-08 00:00:00+00:00
[2025-02-08T13:27:58.759+0000] {processor.py:183} INFO - Processing /home/airflow/.local/lib/python3.8/site-packages/airflow/example_dags/example_nested_branch_dag.py took 0.380 seconds
[2025-02-08T13:28:29.221+0000] {processor.py:161} INFO - Started process (PID=2367) to work on /home/airflow/.local/lib/python3.8/site-packages/airflow/example_dags/example_nested_branch_dag.py
[2025-02-08T13:28:29.223+0000] {processor.py:830} INFO - Processing file /home/airflow/.local/lib/python3.8/site-packages/airflow/example_dags/example_nested_branch_dag.py for tasks to queue
[2025-02-08T13:28:29.227+0000] {logging_mixin.py:188} INFO - [2025-02-08T13:28:29.226+0000] {dagbag.py:538} INFO - Filling up the DagBag from /home/airflow/.local/lib/python3.8/site-packages/airflow/example_dags/example_nested_branch_dag.py
[2025-02-08T13:28:29.269+0000] {processor.py:840} INFO - DAG(s) 'example_nested_branch_dag' retrieved from /home/airflow/.local/lib/python3.8/site-packages/airflow/example_dags/example_nested_branch_dag.py
[2025-02-08T13:28:29.321+0000] {logging_mixin.py:188} INFO - [2025-02-08T13:28:29.321+0000] {dag.py:3036} INFO - Sync 1 DAGs
[2025-02-08T13:28:29.369+0000] {logging_mixin.py:188} INFO - [2025-02-08T13:28:29.369+0000] {dag.py:3823} INFO - Setting next_dagrun for example_nested_branch_dag to 2025-02-07 00:00:00+00:00, run_after=2025-02-08 00:00:00+00:00
[2025-02-08T13:28:29.416+0000] {processor.py:183} INFO - Processing /home/airflow/.local/lib/python3.8/site-packages/airflow/example_dags/example_nested_branch_dag.py took 0.210 seconds
[2025-02-08T13:28:59.501+0000] {processor.py:161} INFO - Started process (PID=2431) to work on /home/airflow/.local/lib/python3.8/site-packages/airflow/example_dags/example_nested_branch_dag.py
[2025-02-08T13:28:59.503+0000] {processor.py:830} INFO - Processing file /home/airflow/.local/lib/python3.8/site-packages/airflow/example_dags/example_nested_branch_dag.py for tasks to queue
[2025-02-08T13:28:59.505+0000] {logging_mixin.py:188} INFO - [2025-02-08T13:28:59.505+0000] {dagbag.py:538} INFO - Filling up the DagBag from /home/airflow/.local/lib/python3.8/site-packages/airflow/example_dags/example_nested_branch_dag.py
[2025-02-08T13:28:59.523+0000] {processor.py:840} INFO - DAG(s) 'example_nested_branch_dag' retrieved from /home/airflow/.local/lib/python3.8/site-packages/airflow/example_dags/example_nested_branch_dag.py
[2025-02-08T13:28:59.569+0000] {logging_mixin.py:188} INFO - [2025-02-08T13:28:59.568+0000] {dag.py:3036} INFO - Sync 1 DAGs
[2025-02-08T13:28:59.616+0000] {logging_mixin.py:188} INFO - [2025-02-08T13:28:59.616+0000] {dag.py:3823} INFO - Setting next_dagrun for example_nested_branch_dag to 2025-02-07 00:00:00+00:00, run_after=2025-02-08 00:00:00+00:00
[2025-02-08T13:28:59.666+0000] {processor.py:183} INFO - Processing /home/airflow/.local/lib/python3.8/site-packages/airflow/example_dags/example_nested_branch_dag.py took 0.171 seconds
[2025-02-08T13:29:30.425+0000] {processor.py:161} INFO - Started process (PID=2496) to work on /home/airflow/.local/lib/python3.8/site-packages/airflow/example_dags/example_nested_branch_dag.py
[2025-02-08T13:29:30.426+0000] {processor.py:830} INFO - Processing file /home/airflow/.local/lib/python3.8/site-packages/airflow/example_dags/example_nested_branch_dag.py for tasks to queue
[2025-02-08T13:29:30.434+0000] {logging_mixin.py:188} INFO - [2025-02-08T13:29:30.433+0000] {dagbag.py:538} INFO - Filling up the DagBag from /home/airflow/.local/lib/python3.8/site-packages/airflow/example_dags/example_nested_branch_dag.py
[2025-02-08T13:29:30.491+0000] {processor.py:840} INFO - DAG(s) 'example_nested_branch_dag' retrieved from /home/airflow/.local/lib/python3.8/site-packages/airflow/example_dags/example_nested_branch_dag.py
[2025-02-08T13:29:30.598+0000] {logging_mixin.py:188} INFO - [2025-02-08T13:29:30.597+0000] {dag.py:3036} INFO - Sync 1 DAGs
[2025-02-08T13:29:30.664+0000] {logging_mixin.py:188} INFO - [2025-02-08T13:29:30.663+0000] {dag.py:3823} INFO - Setting next_dagrun for example_nested_branch_dag to 2025-02-07 00:00:00+00:00, run_after=2025-02-08 00:00:00+00:00
[2025-02-08T13:29:30.744+0000] {processor.py:183} INFO - Processing /home/airflow/.local/lib/python3.8/site-packages/airflow/example_dags/example_nested_branch_dag.py took 0.330 seconds
[2025-02-08T13:30:01.344+0000] {processor.py:161} INFO - Started process (PID=2561) to work on /home/airflow/.local/lib/python3.8/site-packages/airflow/example_dags/example_nested_branch_dag.py
[2025-02-08T13:30:01.346+0000] {processor.py:830} INFO - Processing file /home/airflow/.local/lib/python3.8/site-packages/airflow/example_dags/example_nested_branch_dag.py for tasks to queue
[2025-02-08T13:30:01.350+0000] {logging_mixin.py:188} INFO - [2025-02-08T13:30:01.349+0000] {dagbag.py:538} INFO - Filling up the DagBag from /home/airflow/.local/lib/python3.8/site-packages/airflow/example_dags/example_nested_branch_dag.py
[2025-02-08T13:30:01.383+0000] {processor.py:840} INFO - DAG(s) 'example_nested_branch_dag' retrieved from /home/airflow/.local/lib/python3.8/site-packages/airflow/example_dags/example_nested_branch_dag.py
[2025-02-08T13:30:01.456+0000] {logging_mixin.py:188} INFO - [2025-02-08T13:30:01.456+0000] {dag.py:3036} INFO - Sync 1 DAGs
[2025-02-08T13:30:01.557+0000] {logging_mixin.py:188} INFO - [2025-02-08T13:30:01.556+0000] {dag.py:3823} INFO - Setting next_dagrun for example_nested_branch_dag to 2025-02-07 00:00:00+00:00, run_after=2025-02-08 00:00:00+00:00
[2025-02-08T13:30:01.693+0000] {processor.py:183} INFO - Processing /home/airflow/.local/lib/python3.8/site-packages/airflow/example_dags/example_nested_branch_dag.py took 0.373 seconds
[2025-02-08T13:30:32.574+0000] {processor.py:161} INFO - Started process (PID=2624) to work on /home/airflow/.local/lib/python3.8/site-packages/airflow/example_dags/example_nested_branch_dag.py
[2025-02-08T13:30:32.577+0000] {processor.py:830} INFO - Processing file /home/airflow/.local/lib/python3.8/site-packages/airflow/example_dags/example_nested_branch_dag.py for tasks to queue
[2025-02-08T13:30:32.606+0000] {logging_mixin.py:188} INFO - [2025-02-08T13:30:32.605+0000] {dagbag.py:538} INFO - Filling up the DagBag from /home/airflow/.local/lib/python3.8/site-packages/airflow/example_dags/example_nested_branch_dag.py
[2025-02-08T13:30:32.671+0000] {processor.py:840} INFO - DAG(s) 'example_nested_branch_dag' retrieved from /home/airflow/.local/lib/python3.8/site-packages/airflow/example_dags/example_nested_branch_dag.py
[2025-02-08T13:30:32.857+0000] {logging_mixin.py:188} INFO - [2025-02-08T13:30:32.856+0000] {dag.py:3036} INFO - Sync 1 DAGs
[2025-02-08T13:30:32.979+0000] {logging_mixin.py:188} INFO - [2025-02-08T13:30:32.978+0000] {dag.py:3823} INFO - Setting next_dagrun for example_nested_branch_dag to 2025-02-07 00:00:00+00:00, run_after=2025-02-08 00:00:00+00:00
[2025-02-08T13:30:33.096+0000] {processor.py:183} INFO - Processing /home/airflow/.local/lib/python3.8/site-packages/airflow/example_dags/example_nested_branch_dag.py took 0.553 seconds
[2025-02-08T13:31:03.629+0000] {processor.py:161} INFO - Started process (PID=2682) to work on /home/airflow/.local/lib/python3.8/site-packages/airflow/example_dags/example_nested_branch_dag.py
[2025-02-08T13:31:03.635+0000] {processor.py:830} INFO - Processing file /home/airflow/.local/lib/python3.8/site-packages/airflow/example_dags/example_nested_branch_dag.py for tasks to queue
[2025-02-08T13:31:03.644+0000] {logging_mixin.py:188} INFO - [2025-02-08T13:31:03.643+0000] {dagbag.py:538} INFO - Filling up the DagBag from /home/airflow/.local/lib/python3.8/site-packages/airflow/example_dags/example_nested_branch_dag.py
[2025-02-08T13:31:03.672+0000] {processor.py:840} INFO - DAG(s) 'example_nested_branch_dag' retrieved from /home/airflow/.local/lib/python3.8/site-packages/airflow/example_dags/example_nested_branch_dag.py
[2025-02-08T13:31:03.742+0000] {logging_mixin.py:188} INFO - [2025-02-08T13:31:03.742+0000] {dag.py:3036} INFO - Sync 1 DAGs
[2025-02-08T13:31:03.818+0000] {logging_mixin.py:188} INFO - [2025-02-08T13:31:03.817+0000] {dag.py:3823} INFO - Setting next_dagrun for example_nested_branch_dag to 2025-02-07 00:00:00+00:00, run_after=2025-02-08 00:00:00+00:00
[2025-02-08T13:31:03.868+0000] {processor.py:183} INFO - Processing /home/airflow/.local/lib/python3.8/site-packages/airflow/example_dags/example_nested_branch_dag.py took 0.250 seconds
[2025-02-08T13:31:34.501+0000] {processor.py:161} INFO - Started process (PID=2748) to work on /home/airflow/.local/lib/python3.8/site-packages/airflow/example_dags/example_nested_branch_dag.py
[2025-02-08T13:31:34.503+0000] {processor.py:830} INFO - Processing file /home/airflow/.local/lib/python3.8/site-packages/airflow/example_dags/example_nested_branch_dag.py for tasks to queue
[2025-02-08T13:31:34.514+0000] {logging_mixin.py:188} INFO - [2025-02-08T13:31:34.510+0000] {dagbag.py:538} INFO - Filling up the DagBag from /home/airflow/.local/lib/python3.8/site-packages/airflow/example_dags/example_nested_branch_dag.py
[2025-02-08T13:31:34.537+0000] {processor.py:840} INFO - DAG(s) 'example_nested_branch_dag' retrieved from /home/airflow/.local/lib/python3.8/site-packages/airflow/example_dags/example_nested_branch_dag.py
[2025-02-08T13:31:34.598+0000] {logging_mixin.py:188} INFO - [2025-02-08T13:31:34.597+0000] {dag.py:3036} INFO - Sync 1 DAGs
[2025-02-08T13:31:34.661+0000] {logging_mixin.py:188} INFO - [2025-02-08T13:31:34.661+0000] {dag.py:3823} INFO - Setting next_dagrun for example_nested_branch_dag to 2025-02-07 00:00:00+00:00, run_after=2025-02-08 00:00:00+00:00
[2025-02-08T13:31:34.715+0000] {processor.py:183} INFO - Processing /home/airflow/.local/lib/python3.8/site-packages/airflow/example_dags/example_nested_branch_dag.py took 0.220 seconds
[2025-02-08T13:32:05.434+0000] {processor.py:161} INFO - Started process (PID=2812) to work on /home/airflow/.local/lib/python3.8/site-packages/airflow/example_dags/example_nested_branch_dag.py
[2025-02-08T13:32:05.436+0000] {processor.py:830} INFO - Processing file /home/airflow/.local/lib/python3.8/site-packages/airflow/example_dags/example_nested_branch_dag.py for tasks to queue
[2025-02-08T13:32:05.447+0000] {logging_mixin.py:188} INFO - [2025-02-08T13:32:05.446+0000] {dagbag.py:538} INFO - Filling up the DagBag from /home/airflow/.local/lib/python3.8/site-packages/airflow/example_dags/example_nested_branch_dag.py
[2025-02-08T13:32:05.473+0000] {processor.py:840} INFO - DAG(s) 'example_nested_branch_dag' retrieved from /home/airflow/.local/lib/python3.8/site-packages/airflow/example_dags/example_nested_branch_dag.py
[2025-02-08T13:32:05.559+0000] {logging_mixin.py:188} INFO - [2025-02-08T13:32:05.559+0000] {dag.py:3036} INFO - Sync 1 DAGs
[2025-02-08T13:32:05.622+0000] {logging_mixin.py:188} INFO - [2025-02-08T13:32:05.622+0000] {dag.py:3823} INFO - Setting next_dagrun for example_nested_branch_dag to 2025-02-07 00:00:00+00:00, run_after=2025-02-08 00:00:00+00:00
[2025-02-08T13:32:05.681+0000] {processor.py:183} INFO - Processing /home/airflow/.local/lib/python3.8/site-packages/airflow/example_dags/example_nested_branch_dag.py took 0.253 seconds
[2025-02-08T13:32:35.781+0000] {processor.py:161} INFO - Started process (PID=2876) to work on /home/airflow/.local/lib/python3.8/site-packages/airflow/example_dags/example_nested_branch_dag.py
[2025-02-08T13:32:35.783+0000] {processor.py:830} INFO - Processing file /home/airflow/.local/lib/python3.8/site-packages/airflow/example_dags/example_nested_branch_dag.py for tasks to queue
[2025-02-08T13:32:35.787+0000] {logging_mixin.py:188} INFO - [2025-02-08T13:32:35.786+0000] {dagbag.py:538} INFO - Filling up the DagBag from /home/airflow/.local/lib/python3.8/site-packages/airflow/example_dags/example_nested_branch_dag.py
[2025-02-08T13:32:35.821+0000] {processor.py:840} INFO - DAG(s) 'example_nested_branch_dag' retrieved from /home/airflow/.local/lib/python3.8/site-packages/airflow/example_dags/example_nested_branch_dag.py
[2025-02-08T13:32:35.888+0000] {logging_mixin.py:188} INFO - [2025-02-08T13:32:35.888+0000] {dag.py:3036} INFO - Sync 1 DAGs
[2025-02-08T13:32:35.953+0000] {logging_mixin.py:188} INFO - [2025-02-08T13:32:35.951+0000] {dag.py:3823} INFO - Setting next_dagrun for example_nested_branch_dag to 2025-02-07 00:00:00+00:00, run_after=2025-02-08 00:00:00+00:00
[2025-02-08T13:32:36.011+0000] {processor.py:183} INFO - Processing /home/airflow/.local/lib/python3.8/site-packages/airflow/example_dags/example_nested_branch_dag.py took 0.240 seconds
[2025-02-08T13:33:06.258+0000] {processor.py:161} INFO - Started process (PID=2939) to work on /home/airflow/.local/lib/python3.8/site-packages/airflow/example_dags/example_nested_branch_dag.py
[2025-02-08T13:33:06.263+0000] {processor.py:830} INFO - Processing file /home/airflow/.local/lib/python3.8/site-packages/airflow/example_dags/example_nested_branch_dag.py for tasks to queue
[2025-02-08T13:33:06.273+0000] {logging_mixin.py:188} INFO - [2025-02-08T13:33:06.273+0000] {dagbag.py:538} INFO - Filling up the DagBag from /home/airflow/.local/lib/python3.8/site-packages/airflow/example_dags/example_nested_branch_dag.py
[2025-02-08T13:33:06.311+0000] {processor.py:840} INFO - DAG(s) 'example_nested_branch_dag' retrieved from /home/airflow/.local/lib/python3.8/site-packages/airflow/example_dags/example_nested_branch_dag.py
[2025-02-08T13:33:06.405+0000] {logging_mixin.py:188} INFO - [2025-02-08T13:33:06.400+0000] {dag.py:3036} INFO - Sync 1 DAGs
[2025-02-08T13:33:07.031+0000] {logging_mixin.py:188} INFO - [2025-02-08T13:33:07.030+0000] {dag.py:3823} INFO - Setting next_dagrun for example_nested_branch_dag to 2025-02-07 00:00:00+00:00, run_after=2025-02-08 00:00:00+00:00
[2025-02-08T13:33:07.083+0000] {processor.py:183} INFO - Processing /home/airflow/.local/lib/python3.8/site-packages/airflow/example_dags/example_nested_branch_dag.py took 0.836 seconds
[2025-02-08T13:33:37.944+0000] {processor.py:161} INFO - Started process (PID=3004) to work on /home/airflow/.local/lib/python3.8/site-packages/airflow/example_dags/example_nested_branch_dag.py
[2025-02-08T13:33:37.946+0000] {processor.py:830} INFO - Processing file /home/airflow/.local/lib/python3.8/site-packages/airflow/example_dags/example_nested_branch_dag.py for tasks to queue
[2025-02-08T13:33:37.955+0000] {logging_mixin.py:188} INFO - [2025-02-08T13:33:37.951+0000] {dagbag.py:538} INFO - Filling up the DagBag from /home/airflow/.local/lib/python3.8/site-packages/airflow/example_dags/example_nested_branch_dag.py
[2025-02-08T13:33:37.990+0000] {processor.py:840} INFO - DAG(s) 'example_nested_branch_dag' retrieved from /home/airflow/.local/lib/python3.8/site-packages/airflow/example_dags/example_nested_branch_dag.py
[2025-02-08T13:33:38.063+0000] {logging_mixin.py:188} INFO - [2025-02-08T13:33:38.063+0000] {dag.py:3036} INFO - Sync 1 DAGs
[2025-02-08T13:33:38.132+0000] {logging_mixin.py:188} INFO - [2025-02-08T13:33:38.132+0000] {dag.py:3823} INFO - Setting next_dagrun for example_nested_branch_dag to 2025-02-07 00:00:00+00:00, run_after=2025-02-08 00:00:00+00:00
[2025-02-08T13:33:38.182+0000] {processor.py:183} INFO - Processing /home/airflow/.local/lib/python3.8/site-packages/airflow/example_dags/example_nested_branch_dag.py took 0.249 seconds
[2025-02-08T13:34:08.611+0000] {processor.py:161} INFO - Started process (PID=3061) to work on /home/airflow/.local/lib/python3.8/site-packages/airflow/example_dags/example_nested_branch_dag.py
[2025-02-08T13:34:08.613+0000] {processor.py:830} INFO - Processing file /home/airflow/.local/lib/python3.8/site-packages/airflow/example_dags/example_nested_branch_dag.py for tasks to queue
[2025-02-08T13:34:08.616+0000] {logging_mixin.py:188} INFO - [2025-02-08T13:34:08.616+0000] {dagbag.py:538} INFO - Filling up the DagBag from /home/airflow/.local/lib/python3.8/site-packages/airflow/example_dags/example_nested_branch_dag.py
[2025-02-08T13:34:08.636+0000] {processor.py:840} INFO - DAG(s) 'example_nested_branch_dag' retrieved from /home/airflow/.local/lib/python3.8/site-packages/airflow/example_dags/example_nested_branch_dag.py
[2025-02-08T13:34:08.688+0000] {logging_mixin.py:188} INFO - [2025-02-08T13:34:08.688+0000] {dag.py:3036} INFO - Sync 1 DAGs
[2025-02-08T13:34:08.736+0000] {logging_mixin.py:188} INFO - [2025-02-08T13:34:08.736+0000] {dag.py:3823} INFO - Setting next_dagrun for example_nested_branch_dag to 2025-02-07 00:00:00+00:00, run_after=2025-02-08 00:00:00+00:00
[2025-02-08T13:34:08.795+0000] {processor.py:183} INFO - Processing /home/airflow/.local/lib/python3.8/site-packages/airflow/example_dags/example_nested_branch_dag.py took 0.191 seconds
[2025-02-08T13:34:39.372+0000] {processor.py:161} INFO - Started process (PID=3126) to work on /home/airflow/.local/lib/python3.8/site-packages/airflow/example_dags/example_nested_branch_dag.py
[2025-02-08T13:34:39.383+0000] {processor.py:830} INFO - Processing file /home/airflow/.local/lib/python3.8/site-packages/airflow/example_dags/example_nested_branch_dag.py for tasks to queue
[2025-02-08T13:34:39.388+0000] {logging_mixin.py:188} INFO - [2025-02-08T13:34:39.388+0000] {dagbag.py:538} INFO - Filling up the DagBag from /home/airflow/.local/lib/python3.8/site-packages/airflow/example_dags/example_nested_branch_dag.py
[2025-02-08T13:34:39.497+0000] {processor.py:840} INFO - DAG(s) 'example_nested_branch_dag' retrieved from /home/airflow/.local/lib/python3.8/site-packages/airflow/example_dags/example_nested_branch_dag.py
[2025-02-08T13:34:39.591+0000] {logging_mixin.py:188} INFO - [2025-02-08T13:34:39.590+0000] {dag.py:3036} INFO - Sync 1 DAGs
[2025-02-08T13:34:39.660+0000] {logging_mixin.py:188} INFO - [2025-02-08T13:34:39.659+0000] {dag.py:3823} INFO - Setting next_dagrun for example_nested_branch_dag to 2025-02-07 00:00:00+00:00, run_after=2025-02-08 00:00:00+00:00
[2025-02-08T13:34:39.718+0000] {processor.py:183} INFO - Processing /home/airflow/.local/lib/python3.8/site-packages/airflow/example_dags/example_nested_branch_dag.py took 0.353 seconds
[2025-02-08T13:35:32.767+0000] {processor.py:161} INFO - Started process (PID=3196) to work on /home/airflow/.local/lib/python3.8/site-packages/airflow/example_dags/example_nested_branch_dag.py
[2025-02-08T13:35:32.770+0000] {processor.py:830} INFO - Processing file /home/airflow/.local/lib/python3.8/site-packages/airflow/example_dags/example_nested_branch_dag.py for tasks to queue
[2025-02-08T13:35:32.773+0000] {logging_mixin.py:188} INFO - [2025-02-08T13:35:32.772+0000] {dagbag.py:538} INFO - Filling up the DagBag from /home/airflow/.local/lib/python3.8/site-packages/airflow/example_dags/example_nested_branch_dag.py
[2025-02-08T13:35:32.829+0000] {processor.py:840} INFO - DAG(s) 'example_nested_branch_dag' retrieved from /home/airflow/.local/lib/python3.8/site-packages/airflow/example_dags/example_nested_branch_dag.py
[2025-02-08T13:35:33.060+0000] {logging_mixin.py:188} INFO - [2025-02-08T13:35:33.059+0000] {dag.py:3036} INFO - Sync 1 DAGs
[2025-02-08T13:35:33.416+0000] {logging_mixin.py:188} INFO - [2025-02-08T13:35:33.416+0000] {dag.py:3823} INFO - Setting next_dagrun for example_nested_branch_dag to 2025-02-07 00:00:00+00:00, run_after=2025-02-08 00:00:00+00:00
[2025-02-08T13:35:33.668+0000] {processor.py:183} INFO - Processing /home/airflow/.local/lib/python3.8/site-packages/airflow/example_dags/example_nested_branch_dag.py took 0.935 seconds
[2025-02-08T13:36:04.621+0000] {processor.py:161} INFO - Started process (PID=3261) to work on /home/airflow/.local/lib/python3.8/site-packages/airflow/example_dags/example_nested_branch_dag.py
[2025-02-08T13:36:04.630+0000] {processor.py:830} INFO - Processing file /home/airflow/.local/lib/python3.8/site-packages/airflow/example_dags/example_nested_branch_dag.py for tasks to queue
[2025-02-08T13:36:04.646+0000] {logging_mixin.py:188} INFO - [2025-02-08T13:36:04.645+0000] {dagbag.py:538} INFO - Filling up the DagBag from /home/airflow/.local/lib/python3.8/site-packages/airflow/example_dags/example_nested_branch_dag.py
[2025-02-08T13:36:04.694+0000] {processor.py:840} INFO - DAG(s) 'example_nested_branch_dag' retrieved from /home/airflow/.local/lib/python3.8/site-packages/airflow/example_dags/example_nested_branch_dag.py
[2025-02-08T13:36:04.782+0000] {logging_mixin.py:188} INFO - [2025-02-08T13:36:04.782+0000] {dag.py:3036} INFO - Sync 1 DAGs
[2025-02-08T13:36:05.424+0000] {logging_mixin.py:188} INFO - [2025-02-08T13:36:05.423+0000] {dag.py:3823} INFO - Setting next_dagrun for example_nested_branch_dag to 2025-02-07 00:00:00+00:00, run_after=2025-02-08 00:00:00+00:00
[2025-02-08T13:36:05.518+0000] {processor.py:183} INFO - Processing /home/airflow/.local/lib/python3.8/site-packages/airflow/example_dags/example_nested_branch_dag.py took 0.916 seconds
[2025-02-08T13:36:35.685+0000] {processor.py:161} INFO - Started process (PID=3326) to work on /home/airflow/.local/lib/python3.8/site-packages/airflow/example_dags/example_nested_branch_dag.py
[2025-02-08T13:36:35.687+0000] {processor.py:830} INFO - Processing file /home/airflow/.local/lib/python3.8/site-packages/airflow/example_dags/example_nested_branch_dag.py for tasks to queue
[2025-02-08T13:36:35.690+0000] {logging_mixin.py:188} INFO - [2025-02-08T13:36:35.690+0000] {dagbag.py:538} INFO - Filling up the DagBag from /home/airflow/.local/lib/python3.8/site-packages/airflow/example_dags/example_nested_branch_dag.py
[2025-02-08T13:36:35.730+0000] {processor.py:840} INFO - DAG(s) 'example_nested_branch_dag' retrieved from /home/airflow/.local/lib/python3.8/site-packages/airflow/example_dags/example_nested_branch_dag.py
[2025-02-08T13:36:35.815+0000] {logging_mixin.py:188} INFO - [2025-02-08T13:36:35.815+0000] {dag.py:3036} INFO - Sync 1 DAGs
[2025-02-08T13:36:35.889+0000] {logging_mixin.py:188} INFO - [2025-02-08T13:36:35.889+0000] {dag.py:3823} INFO - Setting next_dagrun for example_nested_branch_dag to 2025-02-07 00:00:00+00:00, run_after=2025-02-08 00:00:00+00:00
[2025-02-08T13:36:36.407+0000] {processor.py:183} INFO - Processing /home/airflow/.local/lib/python3.8/site-packages/airflow/example_dags/example_nested_branch_dag.py took 0.730 seconds
[2025-02-08T13:37:07.070+0000] {processor.py:161} INFO - Started process (PID=3383) to work on /home/airflow/.local/lib/python3.8/site-packages/airflow/example_dags/example_nested_branch_dag.py
[2025-02-08T13:37:07.073+0000] {processor.py:830} INFO - Processing file /home/airflow/.local/lib/python3.8/site-packages/airflow/example_dags/example_nested_branch_dag.py for tasks to queue
[2025-02-08T13:37:07.080+0000] {logging_mixin.py:188} INFO - [2025-02-08T13:37:07.079+0000] {dagbag.py:538} INFO - Filling up the DagBag from /home/airflow/.local/lib/python3.8/site-packages/airflow/example_dags/example_nested_branch_dag.py
[2025-02-08T13:37:07.111+0000] {processor.py:840} INFO - DAG(s) 'example_nested_branch_dag' retrieved from /home/airflow/.local/lib/python3.8/site-packages/airflow/example_dags/example_nested_branch_dag.py
[2025-02-08T13:37:07.188+0000] {logging_mixin.py:188} INFO - [2025-02-08T13:37:07.188+0000] {dag.py:3036} INFO - Sync 1 DAGs
[2025-02-08T13:37:07.264+0000] {logging_mixin.py:188} INFO - [2025-02-08T13:37:07.264+0000] {dag.py:3823} INFO - Setting next_dagrun for example_nested_branch_dag to 2025-02-07 00:00:00+00:00, run_after=2025-02-08 00:00:00+00:00
[2025-02-08T13:37:07.338+0000] {processor.py:183} INFO - Processing /home/airflow/.local/lib/python3.8/site-packages/airflow/example_dags/example_nested_branch_dag.py took 0.281 seconds
[2025-02-08T13:37:37.535+0000] {processor.py:161} INFO - Started process (PID=3448) to work on /home/airflow/.local/lib/python3.8/site-packages/airflow/example_dags/example_nested_branch_dag.py
[2025-02-08T13:37:37.539+0000] {processor.py:830} INFO - Processing file /home/airflow/.local/lib/python3.8/site-packages/airflow/example_dags/example_nested_branch_dag.py for tasks to queue
[2025-02-08T13:37:37.548+0000] {logging_mixin.py:188} INFO - [2025-02-08T13:37:37.547+0000] {dagbag.py:538} INFO - Filling up the DagBag from /home/airflow/.local/lib/python3.8/site-packages/airflow/example_dags/example_nested_branch_dag.py
[2025-02-08T13:37:37.581+0000] {processor.py:840} INFO - DAG(s) 'example_nested_branch_dag' retrieved from /home/airflow/.local/lib/python3.8/site-packages/airflow/example_dags/example_nested_branch_dag.py
[2025-02-08T13:37:37.668+0000] {logging_mixin.py:188} INFO - [2025-02-08T13:37:37.668+0000] {dag.py:3036} INFO - Sync 1 DAGs
[2025-02-08T13:37:37.749+0000] {logging_mixin.py:188} INFO - [2025-02-08T13:37:37.748+0000] {dag.py:3823} INFO - Setting next_dagrun for example_nested_branch_dag to 2025-02-07 00:00:00+00:00, run_after=2025-02-08 00:00:00+00:00
[2025-02-08T13:37:37.832+0000] {processor.py:183} INFO - Processing /home/airflow/.local/lib/python3.8/site-packages/airflow/example_dags/example_nested_branch_dag.py took 0.319 seconds
[2025-02-08T13:38:08.157+0000] {processor.py:161} INFO - Started process (PID=3513) to work on /home/airflow/.local/lib/python3.8/site-packages/airflow/example_dags/example_nested_branch_dag.py
[2025-02-08T13:38:08.167+0000] {processor.py:830} INFO - Processing file /home/airflow/.local/lib/python3.8/site-packages/airflow/example_dags/example_nested_branch_dag.py for tasks to queue
[2025-02-08T13:38:08.172+0000] {logging_mixin.py:188} INFO - [2025-02-08T13:38:08.171+0000] {dagbag.py:538} INFO - Filling up the DagBag from /home/airflow/.local/lib/python3.8/site-packages/airflow/example_dags/example_nested_branch_dag.py
[2025-02-08T13:38:08.207+0000] {processor.py:840} INFO - DAG(s) 'example_nested_branch_dag' retrieved from /home/airflow/.local/lib/python3.8/site-packages/airflow/example_dags/example_nested_branch_dag.py
[2025-02-08T13:38:08.289+0000] {logging_mixin.py:188} INFO - [2025-02-08T13:38:08.288+0000] {dag.py:3036} INFO - Sync 1 DAGs
[2025-02-08T13:38:08.388+0000] {logging_mixin.py:188} INFO - [2025-02-08T13:38:08.387+0000] {dag.py:3823} INFO - Setting next_dagrun for example_nested_branch_dag to 2025-02-07 00:00:00+00:00, run_after=2025-02-08 00:00:00+00:00
[2025-02-08T13:38:08.494+0000] {processor.py:183} INFO - Processing /home/airflow/.local/lib/python3.8/site-packages/airflow/example_dags/example_nested_branch_dag.py took 0.343 seconds
[2025-02-08T13:38:38.637+0000] {processor.py:161} INFO - Started process (PID=3577) to work on /home/airflow/.local/lib/python3.8/site-packages/airflow/example_dags/example_nested_branch_dag.py
[2025-02-08T13:38:38.651+0000] {processor.py:830} INFO - Processing file /home/airflow/.local/lib/python3.8/site-packages/airflow/example_dags/example_nested_branch_dag.py for tasks to queue
[2025-02-08T13:38:38.656+0000] {logging_mixin.py:188} INFO - [2025-02-08T13:38:38.655+0000] {dagbag.py:538} INFO - Filling up the DagBag from /home/airflow/.local/lib/python3.8/site-packages/airflow/example_dags/example_nested_branch_dag.py
[2025-02-08T13:38:38.703+0000] {processor.py:840} INFO - DAG(s) 'example_nested_branch_dag' retrieved from /home/airflow/.local/lib/python3.8/site-packages/airflow/example_dags/example_nested_branch_dag.py
[2025-02-08T13:38:38.785+0000] {logging_mixin.py:188} INFO - [2025-02-08T13:38:38.784+0000] {dag.py:3036} INFO - Sync 1 DAGs
[2025-02-08T13:38:38.980+0000] {logging_mixin.py:188} INFO - [2025-02-08T13:38:38.979+0000] {dag.py:3823} INFO - Setting next_dagrun for example_nested_branch_dag to 2025-02-07 00:00:00+00:00, run_after=2025-02-08 00:00:00+00:00
[2025-02-08T13:38:39.170+0000] {processor.py:183} INFO - Processing /home/airflow/.local/lib/python3.8/site-packages/airflow/example_dags/example_nested_branch_dag.py took 0.539 seconds
[2025-02-08T13:39:09.827+0000] {processor.py:161} INFO - Started process (PID=3642) to work on /home/airflow/.local/lib/python3.8/site-packages/airflow/example_dags/example_nested_branch_dag.py
[2025-02-08T13:39:09.829+0000] {processor.py:830} INFO - Processing file /home/airflow/.local/lib/python3.8/site-packages/airflow/example_dags/example_nested_branch_dag.py for tasks to queue
[2025-02-08T13:39:09.857+0000] {logging_mixin.py:188} INFO - [2025-02-08T13:39:09.854+0000] {dagbag.py:538} INFO - Filling up the DagBag from /home/airflow/.local/lib/python3.8/site-packages/airflow/example_dags/example_nested_branch_dag.py
[2025-02-08T13:39:09.889+0000] {processor.py:840} INFO - DAG(s) 'example_nested_branch_dag' retrieved from /home/airflow/.local/lib/python3.8/site-packages/airflow/example_dags/example_nested_branch_dag.py
[2025-02-08T13:39:10.014+0000] {logging_mixin.py:188} INFO - [2025-02-08T13:39:10.013+0000] {dag.py:3036} INFO - Sync 1 DAGs
[2025-02-08T13:39:10.150+0000] {logging_mixin.py:188} INFO - [2025-02-08T13:39:10.150+0000] {dag.py:3823} INFO - Setting next_dagrun for example_nested_branch_dag to 2025-02-07 00:00:00+00:00, run_after=2025-02-08 00:00:00+00:00
[2025-02-08T13:39:10.226+0000] {processor.py:183} INFO - Processing /home/airflow/.local/lib/python3.8/site-packages/airflow/example_dags/example_nested_branch_dag.py took 0.406 seconds
[2025-02-08T13:39:40.903+0000] {processor.py:161} INFO - Started process (PID=3707) to work on /home/airflow/.local/lib/python3.8/site-packages/airflow/example_dags/example_nested_branch_dag.py
[2025-02-08T13:39:40.913+0000] {processor.py:830} INFO - Processing file /home/airflow/.local/lib/python3.8/site-packages/airflow/example_dags/example_nested_branch_dag.py for tasks to queue
[2025-02-08T13:39:40.920+0000] {logging_mixin.py:188} INFO - [2025-02-08T13:39:40.920+0000] {dagbag.py:538} INFO - Filling up the DagBag from /home/airflow/.local/lib/python3.8/site-packages/airflow/example_dags/example_nested_branch_dag.py
[2025-02-08T13:39:41.001+0000] {processor.py:840} INFO - DAG(s) 'example_nested_branch_dag' retrieved from /home/airflow/.local/lib/python3.8/site-packages/airflow/example_dags/example_nested_branch_dag.py
[2025-02-08T13:39:41.112+0000] {logging_mixin.py:188} INFO - [2025-02-08T13:39:41.112+0000] {dag.py:3036} INFO - Sync 1 DAGs
[2025-02-08T13:39:41.217+0000] {logging_mixin.py:188} INFO - [2025-02-08T13:39:41.213+0000] {dag.py:3823} INFO - Setting next_dagrun for example_nested_branch_dag to 2025-02-07 00:00:00+00:00, run_after=2025-02-08 00:00:00+00:00
[2025-02-08T13:39:41.320+0000] {processor.py:183} INFO - Processing /home/airflow/.local/lib/python3.8/site-packages/airflow/example_dags/example_nested_branch_dag.py took 0.438 seconds
[2025-02-08T13:40:11.987+0000] {processor.py:161} INFO - Started process (PID=3765) to work on /home/airflow/.local/lib/python3.8/site-packages/airflow/example_dags/example_nested_branch_dag.py
[2025-02-08T13:40:11.999+0000] {processor.py:830} INFO - Processing file /home/airflow/.local/lib/python3.8/site-packages/airflow/example_dags/example_nested_branch_dag.py for tasks to queue
[2025-02-08T13:40:12.003+0000] {logging_mixin.py:188} INFO - [2025-02-08T13:40:12.003+0000] {dagbag.py:538} INFO - Filling up the DagBag from /home/airflow/.local/lib/python3.8/site-packages/airflow/example_dags/example_nested_branch_dag.py
[2025-02-08T13:40:12.034+0000] {processor.py:840} INFO - DAG(s) 'example_nested_branch_dag' retrieved from /home/airflow/.local/lib/python3.8/site-packages/airflow/example_dags/example_nested_branch_dag.py
[2025-02-08T13:40:12.117+0000] {logging_mixin.py:188} INFO - [2025-02-08T13:40:12.116+0000] {dag.py:3036} INFO - Sync 1 DAGs
[2025-02-08T13:40:12.212+0000] {logging_mixin.py:188} INFO - [2025-02-08T13:40:12.207+0000] {dag.py:3823} INFO - Setting next_dagrun for example_nested_branch_dag to 2025-02-07 00:00:00+00:00, run_after=2025-02-08 00:00:00+00:00
[2025-02-08T13:40:12.270+0000] {processor.py:183} INFO - Processing /home/airflow/.local/lib/python3.8/site-packages/airflow/example_dags/example_nested_branch_dag.py took 0.298 seconds
[2025-02-08T13:40:43.782+0000] {processor.py:161} INFO - Started process (PID=3830) to work on /home/airflow/.local/lib/python3.8/site-packages/airflow/example_dags/example_nested_branch_dag.py
[2025-02-08T13:40:43.790+0000] {processor.py:830} INFO - Processing file /home/airflow/.local/lib/python3.8/site-packages/airflow/example_dags/example_nested_branch_dag.py for tasks to queue
[2025-02-08T13:40:43.801+0000] {logging_mixin.py:188} INFO - [2025-02-08T13:40:43.800+0000] {dagbag.py:538} INFO - Filling up the DagBag from /home/airflow/.local/lib/python3.8/site-packages/airflow/example_dags/example_nested_branch_dag.py
[2025-02-08T13:40:43.939+0000] {processor.py:840} INFO - DAG(s) 'example_nested_branch_dag' retrieved from /home/airflow/.local/lib/python3.8/site-packages/airflow/example_dags/example_nested_branch_dag.py
[2025-02-08T13:40:44.101+0000] {logging_mixin.py:188} INFO - [2025-02-08T13:40:44.100+0000] {dag.py:3036} INFO - Sync 1 DAGs
[2025-02-08T13:40:44.499+0000] {logging_mixin.py:188} INFO - [2025-02-08T13:40:44.498+0000] {dag.py:3823} INFO - Setting next_dagrun for example_nested_branch_dag to 2025-02-07 00:00:00+00:00, run_after=2025-02-08 00:00:00+00:00
[2025-02-08T13:40:44.622+0000] {processor.py:183} INFO - Processing /home/airflow/.local/lib/python3.8/site-packages/airflow/example_dags/example_nested_branch_dag.py took 0.855 seconds
[2025-02-08T13:42:10.421+0000] {processor.py:161} INFO - Started process (PID=3918) to work on /home/airflow/.local/lib/python3.8/site-packages/airflow/example_dags/example_nested_branch_dag.py
[2025-02-08T13:42:10.426+0000] {processor.py:830} INFO - Processing file /home/airflow/.local/lib/python3.8/site-packages/airflow/example_dags/example_nested_branch_dag.py for tasks to queue
[2025-02-08T13:42:10.496+0000] {logging_mixin.py:188} INFO - [2025-02-08T13:42:10.495+0000] {dagbag.py:538} INFO - Filling up the DagBag from /home/airflow/.local/lib/python3.8/site-packages/airflow/example_dags/example_nested_branch_dag.py
[2025-02-08T13:42:10.600+0000] {processor.py:840} INFO - DAG(s) 'example_nested_branch_dag' retrieved from /home/airflow/.local/lib/python3.8/site-packages/airflow/example_dags/example_nested_branch_dag.py
[2025-02-08T13:42:10.852+0000] {logging_mixin.py:188} INFO - [2025-02-08T13:42:10.836+0000] {dag.py:3036} INFO - Sync 1 DAGs
[2025-02-08T13:42:11.153+0000] {logging_mixin.py:188} INFO - [2025-02-08T13:42:11.153+0000] {dag.py:3823} INFO - Setting next_dagrun for example_nested_branch_dag to 2025-02-07 00:00:00+00:00, run_after=2025-02-08 00:00:00+00:00
[2025-02-08T13:42:11.255+0000] {processor.py:183} INFO - Processing /home/airflow/.local/lib/python3.8/site-packages/airflow/example_dags/example_nested_branch_dag.py took 0.871 seconds
[2025-02-08T13:43:18.688+0000] {processor.py:161} INFO - Started process (PID=4005) to work on /home/airflow/.local/lib/python3.8/site-packages/airflow/example_dags/example_nested_branch_dag.py
[2025-02-08T13:43:18.692+0000] {processor.py:830} INFO - Processing file /home/airflow/.local/lib/python3.8/site-packages/airflow/example_dags/example_nested_branch_dag.py for tasks to queue
[2025-02-08T13:43:18.697+0000] {logging_mixin.py:188} INFO - [2025-02-08T13:43:18.696+0000] {dagbag.py:538} INFO - Filling up the DagBag from /home/airflow/.local/lib/python3.8/site-packages/airflow/example_dags/example_nested_branch_dag.py
[2025-02-08T13:43:18.754+0000] {processor.py:840} INFO - DAG(s) 'example_nested_branch_dag' retrieved from /home/airflow/.local/lib/python3.8/site-packages/airflow/example_dags/example_nested_branch_dag.py
[2025-02-08T13:43:18.852+0000] {logging_mixin.py:188} INFO - [2025-02-08T13:43:18.852+0000] {dag.py:3036} INFO - Sync 1 DAGs
[2025-02-08T13:43:18.953+0000] {logging_mixin.py:188} INFO - [2025-02-08T13:43:18.952+0000] {dag.py:3823} INFO - Setting next_dagrun for example_nested_branch_dag to 2025-02-07 00:00:00+00:00, run_after=2025-02-08 00:00:00+00:00
[2025-02-08T13:43:19.053+0000] {processor.py:183} INFO - Processing /home/airflow/.local/lib/python3.8/site-packages/airflow/example_dags/example_nested_branch_dag.py took 0.379 seconds
[2025-02-08T13:43:50.836+0000] {processor.py:161} INFO - Started process (PID=4062) to work on /home/airflow/.local/lib/python3.8/site-packages/airflow/example_dags/example_nested_branch_dag.py
[2025-02-08T13:43:50.843+0000] {processor.py:830} INFO - Processing file /home/airflow/.local/lib/python3.8/site-packages/airflow/example_dags/example_nested_branch_dag.py for tasks to queue
[2025-02-08T13:43:50.851+0000] {logging_mixin.py:188} INFO - [2025-02-08T13:43:50.850+0000] {dagbag.py:538} INFO - Filling up the DagBag from /home/airflow/.local/lib/python3.8/site-packages/airflow/example_dags/example_nested_branch_dag.py
[2025-02-08T13:43:50.920+0000] {processor.py:840} INFO - DAG(s) 'example_nested_branch_dag' retrieved from /home/airflow/.local/lib/python3.8/site-packages/airflow/example_dags/example_nested_branch_dag.py
[2025-02-08T13:43:51.014+0000] {logging_mixin.py:188} INFO - [2025-02-08T13:43:51.014+0000] {dag.py:3036} INFO - Sync 1 DAGs
[2025-02-08T13:43:51.117+0000] {logging_mixin.py:188} INFO - [2025-02-08T13:43:51.117+0000] {dag.py:3823} INFO - Setting next_dagrun for example_nested_branch_dag to 2025-02-07 00:00:00+00:00, run_after=2025-02-08 00:00:00+00:00
[2025-02-08T13:43:51.196+0000] {processor.py:183} INFO - Processing /home/airflow/.local/lib/python3.8/site-packages/airflow/example_dags/example_nested_branch_dag.py took 0.368 seconds
[2025-02-08T13:44:24.421+0000] {processor.py:161} INFO - Started process (PID=4125) to work on /home/airflow/.local/lib/python3.8/site-packages/airflow/example_dags/example_nested_branch_dag.py
[2025-02-08T13:44:24.446+0000] {processor.py:830} INFO - Processing file /home/airflow/.local/lib/python3.8/site-packages/airflow/example_dags/example_nested_branch_dag.py for tasks to queue
[2025-02-08T13:44:24.473+0000] {logging_mixin.py:188} INFO - [2025-02-08T13:44:24.470+0000] {dagbag.py:538} INFO - Filling up the DagBag from /home/airflow/.local/lib/python3.8/site-packages/airflow/example_dags/example_nested_branch_dag.py
[2025-02-08T13:44:24.883+0000] {processor.py:840} INFO - DAG(s) 'example_nested_branch_dag' retrieved from /home/airflow/.local/lib/python3.8/site-packages/airflow/example_dags/example_nested_branch_dag.py
[2025-02-08T13:44:25.017+0000] {logging_mixin.py:188} INFO - [2025-02-08T13:44:25.017+0000] {dag.py:3036} INFO - Sync 1 DAGs
[2025-02-08T13:44:25.138+0000] {logging_mixin.py:188} INFO - [2025-02-08T13:44:25.137+0000] {dag.py:3823} INFO - Setting next_dagrun for example_nested_branch_dag to 2025-02-07 00:00:00+00:00, run_after=2025-02-08 00:00:00+00:00
[2025-02-08T13:44:25.244+0000] {processor.py:183} INFO - Processing /home/airflow/.local/lib/python3.8/site-packages/airflow/example_dags/example_nested_branch_dag.py took 0.872 seconds
[2025-02-08T13:44:56.346+0000] {processor.py:161} INFO - Started process (PID=4189) to work on /home/airflow/.local/lib/python3.8/site-packages/airflow/example_dags/example_nested_branch_dag.py
[2025-02-08T13:44:56.368+0000] {processor.py:830} INFO - Processing file /home/airflow/.local/lib/python3.8/site-packages/airflow/example_dags/example_nested_branch_dag.py for tasks to queue
[2025-02-08T13:44:56.373+0000] {logging_mixin.py:188} INFO - [2025-02-08T13:44:56.372+0000] {dagbag.py:538} INFO - Filling up the DagBag from /home/airflow/.local/lib/python3.8/site-packages/airflow/example_dags/example_nested_branch_dag.py
[2025-02-08T13:44:56.438+0000] {processor.py:840} INFO - DAG(s) 'example_nested_branch_dag' retrieved from /home/airflow/.local/lib/python3.8/site-packages/airflow/example_dags/example_nested_branch_dag.py
[2025-02-08T13:44:56.540+0000] {logging_mixin.py:188} INFO - [2025-02-08T13:44:56.539+0000] {dag.py:3036} INFO - Sync 1 DAGs
[2025-02-08T13:44:56.649+0000] {logging_mixin.py:188} INFO - [2025-02-08T13:44:56.648+0000] {dag.py:3823} INFO - Setting next_dagrun for example_nested_branch_dag to 2025-02-07 00:00:00+00:00, run_after=2025-02-08 00:00:00+00:00
[2025-02-08T13:44:56.762+0000] {processor.py:183} INFO - Processing /home/airflow/.local/lib/python3.8/site-packages/airflow/example_dags/example_nested_branch_dag.py took 0.425 seconds
[2025-02-08T13:45:26.964+0000] {processor.py:161} INFO - Started process (PID=4247) to work on /home/airflow/.local/lib/python3.8/site-packages/airflow/example_dags/example_nested_branch_dag.py
[2025-02-08T13:45:26.970+0000] {processor.py:830} INFO - Processing file /home/airflow/.local/lib/python3.8/site-packages/airflow/example_dags/example_nested_branch_dag.py for tasks to queue
[2025-02-08T13:45:27.000+0000] {logging_mixin.py:188} INFO - [2025-02-08T13:45:26.999+0000] {dagbag.py:538} INFO - Filling up the DagBag from /home/airflow/.local/lib/python3.8/site-packages/airflow/example_dags/example_nested_branch_dag.py
[2025-02-08T13:45:27.066+0000] {processor.py:840} INFO - DAG(s) 'example_nested_branch_dag' retrieved from /home/airflow/.local/lib/python3.8/site-packages/airflow/example_dags/example_nested_branch_dag.py
[2025-02-08T13:45:27.236+0000] {logging_mixin.py:188} INFO - [2025-02-08T13:45:27.236+0000] {dag.py:3036} INFO - Sync 1 DAGs
[2025-02-08T13:45:27.486+0000] {logging_mixin.py:188} INFO - [2025-02-08T13:45:27.485+0000] {dag.py:3823} INFO - Setting next_dagrun for example_nested_branch_dag to 2025-02-07 00:00:00+00:00, run_after=2025-02-08 00:00:00+00:00
[2025-02-08T13:45:27.718+0000] {processor.py:183} INFO - Processing /home/airflow/.local/lib/python3.8/site-packages/airflow/example_dags/example_nested_branch_dag.py took 0.769 seconds
[2025-02-08T13:46:02.325+0000] {processor.py:161} INFO - Started process (PID=4311) to work on /home/airflow/.local/lib/python3.8/site-packages/airflow/example_dags/example_nested_branch_dag.py
[2025-02-08T13:46:02.331+0000] {processor.py:830} INFO - Processing file /home/airflow/.local/lib/python3.8/site-packages/airflow/example_dags/example_nested_branch_dag.py for tasks to queue
[2025-02-08T13:46:02.492+0000] {logging_mixin.py:188} INFO - [2025-02-08T13:46:02.491+0000] {dagbag.py:538} INFO - Filling up the DagBag from /home/airflow/.local/lib/python3.8/site-packages/airflow/example_dags/example_nested_branch_dag.py
[2025-02-08T13:46:02.533+0000] {processor.py:840} INFO - DAG(s) 'example_nested_branch_dag' retrieved from /home/airflow/.local/lib/python3.8/site-packages/airflow/example_dags/example_nested_branch_dag.py
[2025-02-08T13:46:02.877+0000] {logging_mixin.py:188} INFO - [2025-02-08T13:46:02.876+0000] {dag.py:3036} INFO - Sync 1 DAGs
[2025-02-08T13:46:03.303+0000] {logging_mixin.py:188} INFO - [2025-02-08T13:46:03.300+0000] {dag.py:3823} INFO - Setting next_dagrun for example_nested_branch_dag to 2025-02-07 00:00:00+00:00, run_after=2025-02-08 00:00:00+00:00
[2025-02-08T13:46:04.828+0000] {processor.py:183} INFO - Processing /home/airflow/.local/lib/python3.8/site-packages/airflow/example_dags/example_nested_branch_dag.py took 2.521 seconds
[2025-02-08T13:46:50.129+0000] {processor.py:161} INFO - Started process (PID=4381) to work on /home/airflow/.local/lib/python3.8/site-packages/airflow/example_dags/example_nested_branch_dag.py
[2025-02-08T13:46:50.137+0000] {processor.py:830} INFO - Processing file /home/airflow/.local/lib/python3.8/site-packages/airflow/example_dags/example_nested_branch_dag.py for tasks to queue
[2025-02-08T13:46:50.169+0000] {logging_mixin.py:188} INFO - [2025-02-08T13:46:50.168+0000] {dagbag.py:538} INFO - Filling up the DagBag from /home/airflow/.local/lib/python3.8/site-packages/airflow/example_dags/example_nested_branch_dag.py
[2025-02-08T13:46:50.270+0000] {processor.py:840} INFO - DAG(s) 'example_nested_branch_dag' retrieved from /home/airflow/.local/lib/python3.8/site-packages/airflow/example_dags/example_nested_branch_dag.py
[2025-02-08T13:46:50.600+0000] {logging_mixin.py:188} INFO - [2025-02-08T13:46:50.599+0000] {dag.py:3036} INFO - Sync 1 DAGs
[2025-02-08T13:46:50.885+0000] {logging_mixin.py:188} INFO - [2025-02-08T13:46:50.884+0000] {dag.py:3823} INFO - Setting next_dagrun for example_nested_branch_dag to 2025-02-07 00:00:00+00:00, run_after=2025-02-08 00:00:00+00:00
[2025-02-08T13:46:51.152+0000] {processor.py:183} INFO - Processing /home/airflow/.local/lib/python3.8/site-packages/airflow/example_dags/example_nested_branch_dag.py took 1.090 seconds
[2025-02-08T13:47:42.943+0000] {processor.py:161} INFO - Started process (PID=4460) to work on /home/airflow/.local/lib/python3.8/site-packages/airflow/example_dags/example_nested_branch_dag.py
[2025-02-08T13:47:42.950+0000] {processor.py:830} INFO - Processing file /home/airflow/.local/lib/python3.8/site-packages/airflow/example_dags/example_nested_branch_dag.py for tasks to queue
[2025-02-08T13:47:42.970+0000] {logging_mixin.py:188} INFO - [2025-02-08T13:47:42.968+0000] {dagbag.py:538} INFO - Filling up the DagBag from /home/airflow/.local/lib/python3.8/site-packages/airflow/example_dags/example_nested_branch_dag.py
[2025-02-08T13:47:43.068+0000] {processor.py:840} INFO - DAG(s) 'example_nested_branch_dag' retrieved from /home/airflow/.local/lib/python3.8/site-packages/airflow/example_dags/example_nested_branch_dag.py
[2025-02-08T13:47:43.206+0000] {logging_mixin.py:188} INFO - [2025-02-08T13:47:43.203+0000] {dag.py:3036} INFO - Sync 1 DAGs
[2025-02-08T13:47:43.432+0000] {logging_mixin.py:188} INFO - [2025-02-08T13:47:43.431+0000] {dag.py:3823} INFO - Setting next_dagrun for example_nested_branch_dag to 2025-02-07 00:00:00+00:00, run_after=2025-02-08 00:00:00+00:00
[2025-02-08T13:47:43.740+0000] {processor.py:183} INFO - Processing /home/airflow/.local/lib/python3.8/site-packages/airflow/example_dags/example_nested_branch_dag.py took 0.812 seconds
[2025-02-08T13:48:14.632+0000] {processor.py:161} INFO - Started process (PID=4523) to work on /home/airflow/.local/lib/python3.8/site-packages/airflow/example_dags/example_nested_branch_dag.py
[2025-02-08T13:48:14.634+0000] {processor.py:830} INFO - Processing file /home/airflow/.local/lib/python3.8/site-packages/airflow/example_dags/example_nested_branch_dag.py for tasks to queue
[2025-02-08T13:48:14.646+0000] {logging_mixin.py:188} INFO - [2025-02-08T13:48:14.645+0000] {dagbag.py:538} INFO - Filling up the DagBag from /home/airflow/.local/lib/python3.8/site-packages/airflow/example_dags/example_nested_branch_dag.py
[2025-02-08T13:48:14.701+0000] {processor.py:840} INFO - DAG(s) 'example_nested_branch_dag' retrieved from /home/airflow/.local/lib/python3.8/site-packages/airflow/example_dags/example_nested_branch_dag.py
[2025-02-08T13:48:14.829+0000] {logging_mixin.py:188} INFO - [2025-02-08T13:48:14.828+0000] {dag.py:3036} INFO - Sync 1 DAGs
[2025-02-08T13:48:14.950+0000] {logging_mixin.py:188} INFO - [2025-02-08T13:48:14.949+0000] {dag.py:3823} INFO - Setting next_dagrun for example_nested_branch_dag to 2025-02-07 00:00:00+00:00, run_after=2025-02-08 00:00:00+00:00
[2025-02-08T13:48:15.021+0000] {processor.py:183} INFO - Processing /home/airflow/.local/lib/python3.8/site-packages/airflow/example_dags/example_nested_branch_dag.py took 0.419 seconds
[2025-02-08T13:48:45.168+0000] {processor.py:161} INFO - Started process (PID=4582) to work on /home/airflow/.local/lib/python3.8/site-packages/airflow/example_dags/example_nested_branch_dag.py
[2025-02-08T13:48:45.170+0000] {processor.py:830} INFO - Processing file /home/airflow/.local/lib/python3.8/site-packages/airflow/example_dags/example_nested_branch_dag.py for tasks to queue
[2025-02-08T13:48:45.174+0000] {logging_mixin.py:188} INFO - [2025-02-08T13:48:45.173+0000] {dagbag.py:538} INFO - Filling up the DagBag from /home/airflow/.local/lib/python3.8/site-packages/airflow/example_dags/example_nested_branch_dag.py
[2025-02-08T13:48:45.204+0000] {processor.py:840} INFO - DAG(s) 'example_nested_branch_dag' retrieved from /home/airflow/.local/lib/python3.8/site-packages/airflow/example_dags/example_nested_branch_dag.py
[2025-02-08T13:48:45.267+0000] {logging_mixin.py:188} INFO - [2025-02-08T13:48:45.267+0000] {dag.py:3036} INFO - Sync 1 DAGs
[2025-02-08T13:48:45.345+0000] {logging_mixin.py:188} INFO - [2025-02-08T13:48:45.345+0000] {dag.py:3823} INFO - Setting next_dagrun for example_nested_branch_dag to 2025-02-07 00:00:00+00:00, run_after=2025-02-08 00:00:00+00:00
[2025-02-08T13:48:45.413+0000] {processor.py:183} INFO - Processing /home/airflow/.local/lib/python3.8/site-packages/airflow/example_dags/example_nested_branch_dag.py took 0.254 seconds
[2025-02-08T13:49:15.556+0000] {processor.py:161} INFO - Started process (PID=4646) to work on /home/airflow/.local/lib/python3.8/site-packages/airflow/example_dags/example_nested_branch_dag.py
[2025-02-08T13:49:15.560+0000] {processor.py:830} INFO - Processing file /home/airflow/.local/lib/python3.8/site-packages/airflow/example_dags/example_nested_branch_dag.py for tasks to queue
[2025-02-08T13:49:15.565+0000] {logging_mixin.py:188} INFO - [2025-02-08T13:49:15.565+0000] {dagbag.py:538} INFO - Filling up the DagBag from /home/airflow/.local/lib/python3.8/site-packages/airflow/example_dags/example_nested_branch_dag.py
[2025-02-08T13:49:15.590+0000] {processor.py:840} INFO - DAG(s) 'example_nested_branch_dag' retrieved from /home/airflow/.local/lib/python3.8/site-packages/airflow/example_dags/example_nested_branch_dag.py
[2025-02-08T13:49:15.654+0000] {logging_mixin.py:188} INFO - [2025-02-08T13:49:15.653+0000] {dag.py:3036} INFO - Sync 1 DAGs
[2025-02-08T13:49:15.813+0000] {logging_mixin.py:188} INFO - [2025-02-08T13:49:15.813+0000] {dag.py:3823} INFO - Setting next_dagrun for example_nested_branch_dag to 2025-02-07 00:00:00+00:00, run_after=2025-02-08 00:00:00+00:00
[2025-02-08T13:49:15.891+0000] {processor.py:183} INFO - Processing /home/airflow/.local/lib/python3.8/site-packages/airflow/example_dags/example_nested_branch_dag.py took 0.342 seconds
