[2025-02-08T13:00:51.703+0000] {processor.py:161} INFO - Started process (PID=140) to work on /home/airflow/.local/lib/python3.8/site-packages/airflow/example_dags/tutorial_taskflow_api.py
[2025-02-08T13:00:51.707+0000] {processor.py:830} INFO - Processing file /home/airflow/.local/lib/python3.8/site-packages/airflow/example_dags/tutorial_taskflow_api.py for tasks to queue
[2025-02-08T13:00:51.711+0000] {logging_mixin.py:188} INFO - [2025-02-08T13:00:51.710+0000] {dagbag.py:538} INFO - Filling up the DagBag from /home/airflow/.local/lib/python3.8/site-packages/airflow/example_dags/tutorial_taskflow_api.py
[2025-02-08T13:00:51.734+0000] {processor.py:840} INFO - DAG(s) 'tutorial_taskflow_api' retrieved from /home/airflow/.local/lib/python3.8/site-packages/airflow/example_dags/tutorial_taskflow_api.py
[2025-02-08T13:00:52.143+0000] {logging_mixin.py:188} INFO - [2025-02-08T13:00:52.142+0000] {dag.py:3036} INFO - Sync 1 DAGs
[2025-02-08T13:00:52.176+0000] {logging_mixin.py:188} INFO - [2025-02-08T13:00:52.176+0000] {dag.py:3823} INFO - Setting next_dagrun for tutorial_taskflow_api to None, run_after=None
[2025-02-08T13:00:52.262+0000] {processor.py:183} INFO - Processing /home/airflow/.local/lib/python3.8/site-packages/airflow/example_dags/tutorial_taskflow_api.py took 0.575 seconds
[2025-02-08T13:01:22.832+0000] {processor.py:161} INFO - Started process (PID=200) to work on /home/airflow/.local/lib/python3.8/site-packages/airflow/example_dags/tutorial_taskflow_api.py
[2025-02-08T13:01:22.834+0000] {processor.py:830} INFO - Processing file /home/airflow/.local/lib/python3.8/site-packages/airflow/example_dags/tutorial_taskflow_api.py for tasks to queue
[2025-02-08T13:01:22.839+0000] {logging_mixin.py:188} INFO - [2025-02-08T13:01:22.838+0000] {dagbag.py:538} INFO - Filling up the DagBag from /home/airflow/.local/lib/python3.8/site-packages/airflow/example_dags/tutorial_taskflow_api.py
[2025-02-08T13:01:22.851+0000] {processor.py:840} INFO - DAG(s) 'tutorial_taskflow_api' retrieved from /home/airflow/.local/lib/python3.8/site-packages/airflow/example_dags/tutorial_taskflow_api.py
[2025-02-08T13:01:22.902+0000] {logging_mixin.py:188} INFO - [2025-02-08T13:01:22.902+0000] {dag.py:3036} INFO - Sync 1 DAGs
[2025-02-08T13:01:22.934+0000] {logging_mixin.py:188} INFO - [2025-02-08T13:01:22.933+0000] {dag.py:3823} INFO - Setting next_dagrun for tutorial_taskflow_api to None, run_after=None
[2025-02-08T13:01:22.971+0000] {processor.py:183} INFO - Processing /home/airflow/.local/lib/python3.8/site-packages/airflow/example_dags/tutorial_taskflow_api.py took 0.144 seconds
[2025-02-08T13:01:53.029+0000] {processor.py:161} INFO - Started process (PID=272) to work on /home/airflow/.local/lib/python3.8/site-packages/airflow/example_dags/tutorial_taskflow_api.py
[2025-02-08T13:01:53.033+0000] {processor.py:830} INFO - Processing file /home/airflow/.local/lib/python3.8/site-packages/airflow/example_dags/tutorial_taskflow_api.py for tasks to queue
[2025-02-08T13:01:53.037+0000] {logging_mixin.py:188} INFO - [2025-02-08T13:01:53.037+0000] {dagbag.py:538} INFO - Filling up the DagBag from /home/airflow/.local/lib/python3.8/site-packages/airflow/example_dags/tutorial_taskflow_api.py
[2025-02-08T13:01:53.051+0000] {processor.py:840} INFO - DAG(s) 'tutorial_taskflow_api' retrieved from /home/airflow/.local/lib/python3.8/site-packages/airflow/example_dags/tutorial_taskflow_api.py
[2025-02-08T13:01:53.085+0000] {logging_mixin.py:188} INFO - [2025-02-08T13:01:53.084+0000] {dag.py:3036} INFO - Sync 1 DAGs
[2025-02-08T13:01:53.108+0000] {logging_mixin.py:188} INFO - [2025-02-08T13:01:53.107+0000] {dag.py:3823} INFO - Setting next_dagrun for tutorial_taskflow_api to None, run_after=None
[2025-02-08T13:01:53.139+0000] {processor.py:183} INFO - Processing /home/airflow/.local/lib/python3.8/site-packages/airflow/example_dags/tutorial_taskflow_api.py took 0.118 seconds
[2025-02-08T13:02:23.634+0000] {processor.py:161} INFO - Started process (PID=337) to work on /home/airflow/.local/lib/python3.8/site-packages/airflow/example_dags/tutorial_taskflow_api.py
[2025-02-08T13:02:23.637+0000] {processor.py:830} INFO - Processing file /home/airflow/.local/lib/python3.8/site-packages/airflow/example_dags/tutorial_taskflow_api.py for tasks to queue
[2025-02-08T13:02:23.644+0000] {logging_mixin.py:188} INFO - [2025-02-08T13:02:23.643+0000] {dagbag.py:538} INFO - Filling up the DagBag from /home/airflow/.local/lib/python3.8/site-packages/airflow/example_dags/tutorial_taskflow_api.py
[2025-02-08T13:02:23.656+0000] {processor.py:840} INFO - DAG(s) 'tutorial_taskflow_api' retrieved from /home/airflow/.local/lib/python3.8/site-packages/airflow/example_dags/tutorial_taskflow_api.py
[2025-02-08T13:02:23.702+0000] {logging_mixin.py:188} INFO - [2025-02-08T13:02:23.701+0000] {dag.py:3036} INFO - Sync 1 DAGs
[2025-02-08T13:02:23.730+0000] {logging_mixin.py:188} INFO - [2025-02-08T13:02:23.729+0000] {dag.py:3823} INFO - Setting next_dagrun for tutorial_taskflow_api to None, run_after=None
[2025-02-08T13:02:23.766+0000] {processor.py:183} INFO - Processing /home/airflow/.local/lib/python3.8/site-packages/airflow/example_dags/tutorial_taskflow_api.py took 0.137 seconds
[2025-02-08T13:02:54.479+0000] {processor.py:161} INFO - Started process (PID=402) to work on /home/airflow/.local/lib/python3.8/site-packages/airflow/example_dags/tutorial_taskflow_api.py
[2025-02-08T13:02:54.481+0000] {processor.py:830} INFO - Processing file /home/airflow/.local/lib/python3.8/site-packages/airflow/example_dags/tutorial_taskflow_api.py for tasks to queue
[2025-02-08T13:02:54.483+0000] {logging_mixin.py:188} INFO - [2025-02-08T13:02:54.483+0000] {dagbag.py:538} INFO - Filling up the DagBag from /home/airflow/.local/lib/python3.8/site-packages/airflow/example_dags/tutorial_taskflow_api.py
[2025-02-08T13:02:54.492+0000] {processor.py:840} INFO - DAG(s) 'tutorial_taskflow_api' retrieved from /home/airflow/.local/lib/python3.8/site-packages/airflow/example_dags/tutorial_taskflow_api.py
[2025-02-08T13:02:54.532+0000] {logging_mixin.py:188} INFO - [2025-02-08T13:02:54.532+0000] {dag.py:3036} INFO - Sync 1 DAGs
[2025-02-08T13:02:54.551+0000] {logging_mixin.py:188} INFO - [2025-02-08T13:02:54.550+0000] {dag.py:3823} INFO - Setting next_dagrun for tutorial_taskflow_api to None, run_after=None
[2025-02-08T13:02:54.586+0000] {processor.py:183} INFO - Processing /home/airflow/.local/lib/python3.8/site-packages/airflow/example_dags/tutorial_taskflow_api.py took 0.111 seconds
[2025-02-08T13:03:25.668+0000] {processor.py:161} INFO - Started process (PID=466) to work on /home/airflow/.local/lib/python3.8/site-packages/airflow/example_dags/tutorial_taskflow_api.py
[2025-02-08T13:03:25.672+0000] {processor.py:830} INFO - Processing file /home/airflow/.local/lib/python3.8/site-packages/airflow/example_dags/tutorial_taskflow_api.py for tasks to queue
[2025-02-08T13:03:25.676+0000] {logging_mixin.py:188} INFO - [2025-02-08T13:03:25.675+0000] {dagbag.py:538} INFO - Filling up the DagBag from /home/airflow/.local/lib/python3.8/site-packages/airflow/example_dags/tutorial_taskflow_api.py
[2025-02-08T13:03:25.688+0000] {processor.py:840} INFO - DAG(s) 'tutorial_taskflow_api' retrieved from /home/airflow/.local/lib/python3.8/site-packages/airflow/example_dags/tutorial_taskflow_api.py
[2025-02-08T13:03:25.739+0000] {logging_mixin.py:188} INFO - [2025-02-08T13:03:25.738+0000] {dag.py:3036} INFO - Sync 1 DAGs
[2025-02-08T13:03:25.769+0000] {logging_mixin.py:188} INFO - [2025-02-08T13:03:25.768+0000] {dag.py:3823} INFO - Setting next_dagrun for tutorial_taskflow_api to None, run_after=None
[2025-02-08T13:03:25.813+0000] {processor.py:183} INFO - Processing /home/airflow/.local/lib/python3.8/site-packages/airflow/example_dags/tutorial_taskflow_api.py took 0.157 seconds
[2025-02-08T13:13:59.074+0000] {processor.py:161} INFO - Started process (PID=542) to work on /home/airflow/.local/lib/python3.8/site-packages/airflow/example_dags/tutorial_taskflow_api.py
[2025-02-08T13:13:59.077+0000] {processor.py:830} INFO - Processing file /home/airflow/.local/lib/python3.8/site-packages/airflow/example_dags/tutorial_taskflow_api.py for tasks to queue
[2025-02-08T13:13:59.081+0000] {logging_mixin.py:188} INFO - [2025-02-08T13:13:59.080+0000] {dagbag.py:538} INFO - Filling up the DagBag from /home/airflow/.local/lib/python3.8/site-packages/airflow/example_dags/tutorial_taskflow_api.py
[2025-02-08T13:13:59.096+0000] {processor.py:840} INFO - DAG(s) 'tutorial_taskflow_api' retrieved from /home/airflow/.local/lib/python3.8/site-packages/airflow/example_dags/tutorial_taskflow_api.py
[2025-02-08T13:13:59.149+0000] {logging_mixin.py:188} INFO - [2025-02-08T13:13:59.148+0000] {dag.py:3036} INFO - Sync 1 DAGs
[2025-02-08T13:13:59.188+0000] {logging_mixin.py:188} INFO - [2025-02-08T13:13:59.188+0000] {dag.py:3823} INFO - Setting next_dagrun for tutorial_taskflow_api to None, run_after=None
[2025-02-08T13:13:59.270+0000] {processor.py:183} INFO - Processing /home/airflow/.local/lib/python3.8/site-packages/airflow/example_dags/tutorial_taskflow_api.py took 0.203 seconds
[2025-02-08T13:14:29.453+0000] {processor.py:161} INFO - Started process (PID=607) to work on /home/airflow/.local/lib/python3.8/site-packages/airflow/example_dags/tutorial_taskflow_api.py
[2025-02-08T13:14:29.455+0000] {processor.py:830} INFO - Processing file /home/airflow/.local/lib/python3.8/site-packages/airflow/example_dags/tutorial_taskflow_api.py for tasks to queue
[2025-02-08T13:14:29.460+0000] {logging_mixin.py:188} INFO - [2025-02-08T13:14:29.460+0000] {dagbag.py:538} INFO - Filling up the DagBag from /home/airflow/.local/lib/python3.8/site-packages/airflow/example_dags/tutorial_taskflow_api.py
[2025-02-08T13:14:29.475+0000] {processor.py:840} INFO - DAG(s) 'tutorial_taskflow_api' retrieved from /home/airflow/.local/lib/python3.8/site-packages/airflow/example_dags/tutorial_taskflow_api.py
[2025-02-08T13:14:29.521+0000] {logging_mixin.py:188} INFO - [2025-02-08T13:14:29.521+0000] {dag.py:3036} INFO - Sync 1 DAGs
[2025-02-08T13:14:29.551+0000] {logging_mixin.py:188} INFO - [2025-02-08T13:14:29.551+0000] {dag.py:3823} INFO - Setting next_dagrun for tutorial_taskflow_api to None, run_after=None
[2025-02-08T13:14:29.630+0000] {processor.py:183} INFO - Processing /home/airflow/.local/lib/python3.8/site-packages/airflow/example_dags/tutorial_taskflow_api.py took 0.186 seconds
[2025-02-08T13:14:59.799+0000] {processor.py:161} INFO - Started process (PID=671) to work on /home/airflow/.local/lib/python3.8/site-packages/airflow/example_dags/tutorial_taskflow_api.py
[2025-02-08T13:14:59.810+0000] {processor.py:830} INFO - Processing file /home/airflow/.local/lib/python3.8/site-packages/airflow/example_dags/tutorial_taskflow_api.py for tasks to queue
[2025-02-08T13:14:59.814+0000] {logging_mixin.py:188} INFO - [2025-02-08T13:14:59.814+0000] {dagbag.py:538} INFO - Filling up the DagBag from /home/airflow/.local/lib/python3.8/site-packages/airflow/example_dags/tutorial_taskflow_api.py
[2025-02-08T13:14:59.832+0000] {processor.py:840} INFO - DAG(s) 'tutorial_taskflow_api' retrieved from /home/airflow/.local/lib/python3.8/site-packages/airflow/example_dags/tutorial_taskflow_api.py
[2025-02-08T13:14:59.882+0000] {logging_mixin.py:188} INFO - [2025-02-08T13:14:59.881+0000] {dag.py:3036} INFO - Sync 1 DAGs
[2025-02-08T13:14:59.914+0000] {logging_mixin.py:188} INFO - [2025-02-08T13:14:59.913+0000] {dag.py:3823} INFO - Setting next_dagrun for tutorial_taskflow_api to None, run_after=None
[2025-02-08T13:14:59.953+0000] {processor.py:183} INFO - Processing /home/airflow/.local/lib/python3.8/site-packages/airflow/example_dags/tutorial_taskflow_api.py took 0.161 seconds
[2025-02-08T13:15:32.240+0000] {processor.py:161} INFO - Started process (PID=736) to work on /home/airflow/.local/lib/python3.8/site-packages/airflow/example_dags/tutorial_taskflow_api.py
[2025-02-08T13:15:32.243+0000] {processor.py:830} INFO - Processing file /home/airflow/.local/lib/python3.8/site-packages/airflow/example_dags/tutorial_taskflow_api.py for tasks to queue
[2025-02-08T13:15:32.248+0000] {logging_mixin.py:188} INFO - [2025-02-08T13:15:32.248+0000] {dagbag.py:538} INFO - Filling up the DagBag from /home/airflow/.local/lib/python3.8/site-packages/airflow/example_dags/tutorial_taskflow_api.py
[2025-02-08T13:15:32.260+0000] {processor.py:840} INFO - DAG(s) 'tutorial_taskflow_api' retrieved from /home/airflow/.local/lib/python3.8/site-packages/airflow/example_dags/tutorial_taskflow_api.py
[2025-02-08T13:15:32.310+0000] {logging_mixin.py:188} INFO - [2025-02-08T13:15:32.310+0000] {dag.py:3036} INFO - Sync 1 DAGs
[2025-02-08T13:15:32.344+0000] {logging_mixin.py:188} INFO - [2025-02-08T13:15:32.344+0000] {dag.py:3823} INFO - Setting next_dagrun for tutorial_taskflow_api to None, run_after=None
[2025-02-08T13:15:32.395+0000] {processor.py:183} INFO - Processing /home/airflow/.local/lib/python3.8/site-packages/airflow/example_dags/tutorial_taskflow_api.py took 0.161 seconds
[2025-02-08T13:16:02.530+0000] {processor.py:161} INFO - Started process (PID=801) to work on /home/airflow/.local/lib/python3.8/site-packages/airflow/example_dags/tutorial_taskflow_api.py
[2025-02-08T13:16:02.531+0000] {processor.py:830} INFO - Processing file /home/airflow/.local/lib/python3.8/site-packages/airflow/example_dags/tutorial_taskflow_api.py for tasks to queue
[2025-02-08T13:16:02.536+0000] {logging_mixin.py:188} INFO - [2025-02-08T13:16:02.535+0000] {dagbag.py:538} INFO - Filling up the DagBag from /home/airflow/.local/lib/python3.8/site-packages/airflow/example_dags/tutorial_taskflow_api.py
[2025-02-08T13:16:02.547+0000] {processor.py:840} INFO - DAG(s) 'tutorial_taskflow_api' retrieved from /home/airflow/.local/lib/python3.8/site-packages/airflow/example_dags/tutorial_taskflow_api.py
[2025-02-08T13:16:02.574+0000] {logging_mixin.py:188} INFO - [2025-02-08T13:16:02.574+0000] {dag.py:3036} INFO - Sync 1 DAGs
[2025-02-08T13:16:02.592+0000] {logging_mixin.py:188} INFO - [2025-02-08T13:16:02.591+0000] {dag.py:3823} INFO - Setting next_dagrun for tutorial_taskflow_api to None, run_after=None
[2025-02-08T13:16:02.623+0000] {processor.py:183} INFO - Processing /home/airflow/.local/lib/python3.8/site-packages/airflow/example_dags/tutorial_taskflow_api.py took 0.097 seconds
[2025-02-08T13:16:33.615+0000] {processor.py:161} INFO - Started process (PID=873) to work on /home/airflow/.local/lib/python3.8/site-packages/airflow/example_dags/tutorial_taskflow_api.py
[2025-02-08T13:16:33.617+0000] {processor.py:830} INFO - Processing file /home/airflow/.local/lib/python3.8/site-packages/airflow/example_dags/tutorial_taskflow_api.py for tasks to queue
[2025-02-08T13:16:33.621+0000] {logging_mixin.py:188} INFO - [2025-02-08T13:16:33.621+0000] {dagbag.py:538} INFO - Filling up the DagBag from /home/airflow/.local/lib/python3.8/site-packages/airflow/example_dags/tutorial_taskflow_api.py
[2025-02-08T13:16:33.630+0000] {processor.py:840} INFO - DAG(s) 'tutorial_taskflow_api' retrieved from /home/airflow/.local/lib/python3.8/site-packages/airflow/example_dags/tutorial_taskflow_api.py
[2025-02-08T13:16:33.663+0000] {logging_mixin.py:188} INFO - [2025-02-08T13:16:33.663+0000] {dag.py:3036} INFO - Sync 1 DAGs
[2025-02-08T13:16:33.679+0000] {logging_mixin.py:188} INFO - [2025-02-08T13:16:33.679+0000] {dag.py:3823} INFO - Setting next_dagrun for tutorial_taskflow_api to None, run_after=None
[2025-02-08T13:16:33.716+0000] {processor.py:183} INFO - Processing /home/airflow/.local/lib/python3.8/site-packages/airflow/example_dags/tutorial_taskflow_api.py took 0.106 seconds
[2025-02-08T13:17:04.120+0000] {processor.py:161} INFO - Started process (PID=937) to work on /home/airflow/.local/lib/python3.8/site-packages/airflow/example_dags/tutorial_taskflow_api.py
[2025-02-08T13:17:04.123+0000] {processor.py:830} INFO - Processing file /home/airflow/.local/lib/python3.8/site-packages/airflow/example_dags/tutorial_taskflow_api.py for tasks to queue
[2025-02-08T13:17:04.128+0000] {logging_mixin.py:188} INFO - [2025-02-08T13:17:04.127+0000] {dagbag.py:538} INFO - Filling up the DagBag from /home/airflow/.local/lib/python3.8/site-packages/airflow/example_dags/tutorial_taskflow_api.py
[2025-02-08T13:17:04.142+0000] {processor.py:840} INFO - DAG(s) 'tutorial_taskflow_api' retrieved from /home/airflow/.local/lib/python3.8/site-packages/airflow/example_dags/tutorial_taskflow_api.py
[2025-02-08T13:17:04.185+0000] {logging_mixin.py:188} INFO - [2025-02-08T13:17:04.185+0000] {dag.py:3036} INFO - Sync 1 DAGs
[2025-02-08T13:17:04.205+0000] {logging_mixin.py:188} INFO - [2025-02-08T13:17:04.205+0000] {dag.py:3823} INFO - Setting next_dagrun for tutorial_taskflow_api to None, run_after=None
[2025-02-08T13:17:04.235+0000] {processor.py:183} INFO - Processing /home/airflow/.local/lib/python3.8/site-packages/airflow/example_dags/tutorial_taskflow_api.py took 0.121 seconds
[2025-02-08T13:17:35.101+0000] {processor.py:161} INFO - Started process (PID=1002) to work on /home/airflow/.local/lib/python3.8/site-packages/airflow/example_dags/tutorial_taskflow_api.py
[2025-02-08T13:17:35.103+0000] {processor.py:830} INFO - Processing file /home/airflow/.local/lib/python3.8/site-packages/airflow/example_dags/tutorial_taskflow_api.py for tasks to queue
[2025-02-08T13:17:35.107+0000] {logging_mixin.py:188} INFO - [2025-02-08T13:17:35.106+0000] {dagbag.py:538} INFO - Filling up the DagBag from /home/airflow/.local/lib/python3.8/site-packages/airflow/example_dags/tutorial_taskflow_api.py
[2025-02-08T13:17:35.118+0000] {processor.py:840} INFO - DAG(s) 'tutorial_taskflow_api' retrieved from /home/airflow/.local/lib/python3.8/site-packages/airflow/example_dags/tutorial_taskflow_api.py
[2025-02-08T13:17:35.154+0000] {logging_mixin.py:188} INFO - [2025-02-08T13:17:35.153+0000] {dag.py:3036} INFO - Sync 1 DAGs
[2025-02-08T13:17:35.170+0000] {logging_mixin.py:188} INFO - [2025-02-08T13:17:35.170+0000] {dag.py:3823} INFO - Setting next_dagrun for tutorial_taskflow_api to None, run_after=None
[2025-02-08T13:17:35.194+0000] {processor.py:183} INFO - Processing /home/airflow/.local/lib/python3.8/site-packages/airflow/example_dags/tutorial_taskflow_api.py took 0.097 seconds
[2025-02-08T13:18:05.868+0000] {processor.py:161} INFO - Started process (PID=1066) to work on /home/airflow/.local/lib/python3.8/site-packages/airflow/example_dags/tutorial_taskflow_api.py
[2025-02-08T13:18:05.870+0000] {processor.py:830} INFO - Processing file /home/airflow/.local/lib/python3.8/site-packages/airflow/example_dags/tutorial_taskflow_api.py for tasks to queue
[2025-02-08T13:18:05.873+0000] {logging_mixin.py:188} INFO - [2025-02-08T13:18:05.873+0000] {dagbag.py:538} INFO - Filling up the DagBag from /home/airflow/.local/lib/python3.8/site-packages/airflow/example_dags/tutorial_taskflow_api.py
[2025-02-08T13:18:05.887+0000] {processor.py:840} INFO - DAG(s) 'tutorial_taskflow_api' retrieved from /home/airflow/.local/lib/python3.8/site-packages/airflow/example_dags/tutorial_taskflow_api.py
[2025-02-08T13:18:05.933+0000] {logging_mixin.py:188} INFO - [2025-02-08T13:18:05.933+0000] {dag.py:3036} INFO - Sync 1 DAGs
[2025-02-08T13:18:05.965+0000] {logging_mixin.py:188} INFO - [2025-02-08T13:18:05.965+0000] {dag.py:3823} INFO - Setting next_dagrun for tutorial_taskflow_api to None, run_after=None
[2025-02-08T13:18:06.015+0000] {processor.py:183} INFO - Processing /home/airflow/.local/lib/python3.8/site-packages/airflow/example_dags/tutorial_taskflow_api.py took 0.152 seconds
[2025-02-08T13:18:36.644+0000] {processor.py:161} INFO - Started process (PID=1130) to work on /home/airflow/.local/lib/python3.8/site-packages/airflow/example_dags/tutorial_taskflow_api.py
[2025-02-08T13:18:36.646+0000] {processor.py:830} INFO - Processing file /home/airflow/.local/lib/python3.8/site-packages/airflow/example_dags/tutorial_taskflow_api.py for tasks to queue
[2025-02-08T13:18:36.649+0000] {logging_mixin.py:188} INFO - [2025-02-08T13:18:36.648+0000] {dagbag.py:538} INFO - Filling up the DagBag from /home/airflow/.local/lib/python3.8/site-packages/airflow/example_dags/tutorial_taskflow_api.py
[2025-02-08T13:18:36.658+0000] {processor.py:840} INFO - DAG(s) 'tutorial_taskflow_api' retrieved from /home/airflow/.local/lib/python3.8/site-packages/airflow/example_dags/tutorial_taskflow_api.py
[2025-02-08T13:18:36.699+0000] {logging_mixin.py:188} INFO - [2025-02-08T13:18:36.698+0000] {dag.py:3036} INFO - Sync 1 DAGs
[2025-02-08T13:18:36.715+0000] {logging_mixin.py:188} INFO - [2025-02-08T13:18:36.715+0000] {dag.py:3823} INFO - Setting next_dagrun for tutorial_taskflow_api to None, run_after=None
[2025-02-08T13:18:36.740+0000] {processor.py:183} INFO - Processing /home/airflow/.local/lib/python3.8/site-packages/airflow/example_dags/tutorial_taskflow_api.py took 0.100 seconds
[2025-02-08T13:19:07.525+0000] {processor.py:161} INFO - Started process (PID=1203) to work on /home/airflow/.local/lib/python3.8/site-packages/airflow/example_dags/tutorial_taskflow_api.py
[2025-02-08T13:19:07.528+0000] {processor.py:830} INFO - Processing file /home/airflow/.local/lib/python3.8/site-packages/airflow/example_dags/tutorial_taskflow_api.py for tasks to queue
[2025-02-08T13:19:07.532+0000] {logging_mixin.py:188} INFO - [2025-02-08T13:19:07.532+0000] {dagbag.py:538} INFO - Filling up the DagBag from /home/airflow/.local/lib/python3.8/site-packages/airflow/example_dags/tutorial_taskflow_api.py
[2025-02-08T13:19:07.547+0000] {processor.py:840} INFO - DAG(s) 'tutorial_taskflow_api' retrieved from /home/airflow/.local/lib/python3.8/site-packages/airflow/example_dags/tutorial_taskflow_api.py
[2025-02-08T13:19:07.589+0000] {logging_mixin.py:188} INFO - [2025-02-08T13:19:07.588+0000] {dag.py:3036} INFO - Sync 1 DAGs
[2025-02-08T13:19:07.613+0000] {logging_mixin.py:188} INFO - [2025-02-08T13:19:07.613+0000] {dag.py:3823} INFO - Setting next_dagrun for tutorial_taskflow_api to None, run_after=None
[2025-02-08T13:19:07.641+0000] {processor.py:183} INFO - Processing /home/airflow/.local/lib/python3.8/site-packages/airflow/example_dags/tutorial_taskflow_api.py took 0.123 seconds
[2025-02-08T13:19:38.408+0000] {processor.py:161} INFO - Started process (PID=1268) to work on /home/airflow/.local/lib/python3.8/site-packages/airflow/example_dags/tutorial_taskflow_api.py
[2025-02-08T13:19:38.410+0000] {processor.py:830} INFO - Processing file /home/airflow/.local/lib/python3.8/site-packages/airflow/example_dags/tutorial_taskflow_api.py for tasks to queue
[2025-02-08T13:19:38.414+0000] {logging_mixin.py:188} INFO - [2025-02-08T13:19:38.414+0000] {dagbag.py:538} INFO - Filling up the DagBag from /home/airflow/.local/lib/python3.8/site-packages/airflow/example_dags/tutorial_taskflow_api.py
[2025-02-08T13:19:38.429+0000] {processor.py:840} INFO - DAG(s) 'tutorial_taskflow_api' retrieved from /home/airflow/.local/lib/python3.8/site-packages/airflow/example_dags/tutorial_taskflow_api.py
[2025-02-08T13:19:38.485+0000] {logging_mixin.py:188} INFO - [2025-02-08T13:19:38.484+0000] {dag.py:3036} INFO - Sync 1 DAGs
[2025-02-08T13:19:38.510+0000] {logging_mixin.py:188} INFO - [2025-02-08T13:19:38.510+0000] {dag.py:3823} INFO - Setting next_dagrun for tutorial_taskflow_api to None, run_after=None
[2025-02-08T13:19:38.541+0000] {processor.py:183} INFO - Processing /home/airflow/.local/lib/python3.8/site-packages/airflow/example_dags/tutorial_taskflow_api.py took 0.145 seconds
[2025-02-08T13:20:09.307+0000] {processor.py:161} INFO - Started process (PID=1332) to work on /home/airflow/.local/lib/python3.8/site-packages/airflow/example_dags/tutorial_taskflow_api.py
[2025-02-08T13:20:09.308+0000] {processor.py:830} INFO - Processing file /home/airflow/.local/lib/python3.8/site-packages/airflow/example_dags/tutorial_taskflow_api.py for tasks to queue
[2025-02-08T13:20:09.312+0000] {logging_mixin.py:188} INFO - [2025-02-08T13:20:09.311+0000] {dagbag.py:538} INFO - Filling up the DagBag from /home/airflow/.local/lib/python3.8/site-packages/airflow/example_dags/tutorial_taskflow_api.py
[2025-02-08T13:20:09.326+0000] {processor.py:840} INFO - DAG(s) 'tutorial_taskflow_api' retrieved from /home/airflow/.local/lib/python3.8/site-packages/airflow/example_dags/tutorial_taskflow_api.py
[2025-02-08T13:20:09.385+0000] {logging_mixin.py:188} INFO - [2025-02-08T13:20:09.385+0000] {dag.py:3036} INFO - Sync 1 DAGs
[2025-02-08T13:20:09.408+0000] {logging_mixin.py:188} INFO - [2025-02-08T13:20:09.408+0000] {dag.py:3823} INFO - Setting next_dagrun for tutorial_taskflow_api to None, run_after=None
[2025-02-08T13:20:09.445+0000] {processor.py:183} INFO - Processing /home/airflow/.local/lib/python3.8/site-packages/airflow/example_dags/tutorial_taskflow_api.py took 0.143 seconds
[2025-02-08T13:20:39.581+0000] {processor.py:161} INFO - Started process (PID=1397) to work on /home/airflow/.local/lib/python3.8/site-packages/airflow/example_dags/tutorial_taskflow_api.py
[2025-02-08T13:20:39.582+0000] {processor.py:830} INFO - Processing file /home/airflow/.local/lib/python3.8/site-packages/airflow/example_dags/tutorial_taskflow_api.py for tasks to queue
[2025-02-08T13:20:39.585+0000] {logging_mixin.py:188} INFO - [2025-02-08T13:20:39.584+0000] {dagbag.py:538} INFO - Filling up the DagBag from /home/airflow/.local/lib/python3.8/site-packages/airflow/example_dags/tutorial_taskflow_api.py
[2025-02-08T13:20:39.596+0000] {processor.py:840} INFO - DAG(s) 'tutorial_taskflow_api' retrieved from /home/airflow/.local/lib/python3.8/site-packages/airflow/example_dags/tutorial_taskflow_api.py
[2025-02-08T13:20:39.634+0000] {logging_mixin.py:188} INFO - [2025-02-08T13:20:39.633+0000] {dag.py:3036} INFO - Sync 1 DAGs
[2025-02-08T13:20:39.658+0000] {logging_mixin.py:188} INFO - [2025-02-08T13:20:39.658+0000] {dag.py:3823} INFO - Setting next_dagrun for tutorial_taskflow_api to None, run_after=None
[2025-02-08T13:20:39.686+0000] {processor.py:183} INFO - Processing /home/airflow/.local/lib/python3.8/site-packages/airflow/example_dags/tutorial_taskflow_api.py took 0.110 seconds
[2025-02-08T13:21:10.874+0000] {processor.py:161} INFO - Started process (PID=1469) to work on /home/airflow/.local/lib/python3.8/site-packages/airflow/example_dags/tutorial_taskflow_api.py
[2025-02-08T13:21:10.877+0000] {processor.py:830} INFO - Processing file /home/airflow/.local/lib/python3.8/site-packages/airflow/example_dags/tutorial_taskflow_api.py for tasks to queue
[2025-02-08T13:21:10.880+0000] {logging_mixin.py:188} INFO - [2025-02-08T13:21:10.879+0000] {dagbag.py:538} INFO - Filling up the DagBag from /home/airflow/.local/lib/python3.8/site-packages/airflow/example_dags/tutorial_taskflow_api.py
[2025-02-08T13:21:10.896+0000] {processor.py:840} INFO - DAG(s) 'tutorial_taskflow_api' retrieved from /home/airflow/.local/lib/python3.8/site-packages/airflow/example_dags/tutorial_taskflow_api.py
[2025-02-08T13:21:10.936+0000] {logging_mixin.py:188} INFO - [2025-02-08T13:21:10.935+0000] {dag.py:3036} INFO - Sync 1 DAGs
[2025-02-08T13:21:10.960+0000] {logging_mixin.py:188} INFO - [2025-02-08T13:21:10.959+0000] {dag.py:3823} INFO - Setting next_dagrun for tutorial_taskflow_api to None, run_after=None
[2025-02-08T13:21:11.014+0000] {processor.py:183} INFO - Processing /home/airflow/.local/lib/python3.8/site-packages/airflow/example_dags/tutorial_taskflow_api.py took 0.146 seconds
[2025-02-08T13:21:42.104+0000] {processor.py:161} INFO - Started process (PID=1535) to work on /home/airflow/.local/lib/python3.8/site-packages/airflow/example_dags/tutorial_taskflow_api.py
[2025-02-08T13:21:42.105+0000] {processor.py:830} INFO - Processing file /home/airflow/.local/lib/python3.8/site-packages/airflow/example_dags/tutorial_taskflow_api.py for tasks to queue
[2025-02-08T13:21:42.109+0000] {logging_mixin.py:188} INFO - [2025-02-08T13:21:42.108+0000] {dagbag.py:538} INFO - Filling up the DagBag from /home/airflow/.local/lib/python3.8/site-packages/airflow/example_dags/tutorial_taskflow_api.py
[2025-02-08T13:21:42.121+0000] {processor.py:840} INFO - DAG(s) 'tutorial_taskflow_api' retrieved from /home/airflow/.local/lib/python3.8/site-packages/airflow/example_dags/tutorial_taskflow_api.py
[2025-02-08T13:21:42.160+0000] {logging_mixin.py:188} INFO - [2025-02-08T13:21:42.159+0000] {dag.py:3036} INFO - Sync 1 DAGs
[2025-02-08T13:21:42.185+0000] {logging_mixin.py:188} INFO - [2025-02-08T13:21:42.184+0000] {dag.py:3823} INFO - Setting next_dagrun for tutorial_taskflow_api to None, run_after=None
[2025-02-08T13:21:42.219+0000] {processor.py:183} INFO - Processing /home/airflow/.local/lib/python3.8/site-packages/airflow/example_dags/tutorial_taskflow_api.py took 0.121 seconds
[2025-02-08T13:22:12.553+0000] {processor.py:161} INFO - Started process (PID=1600) to work on /home/airflow/.local/lib/python3.8/site-packages/airflow/example_dags/tutorial_taskflow_api.py
[2025-02-08T13:22:12.556+0000] {processor.py:830} INFO - Processing file /home/airflow/.local/lib/python3.8/site-packages/airflow/example_dags/tutorial_taskflow_api.py for tasks to queue
[2025-02-08T13:22:12.569+0000] {logging_mixin.py:188} INFO - [2025-02-08T13:22:12.568+0000] {dagbag.py:538} INFO - Filling up the DagBag from /home/airflow/.local/lib/python3.8/site-packages/airflow/example_dags/tutorial_taskflow_api.py
[2025-02-08T13:22:12.595+0000] {processor.py:840} INFO - DAG(s) 'tutorial_taskflow_api' retrieved from /home/airflow/.local/lib/python3.8/site-packages/airflow/example_dags/tutorial_taskflow_api.py
[2025-02-08T13:22:12.711+0000] {logging_mixin.py:188} INFO - [2025-02-08T13:22:12.711+0000] {dag.py:3036} INFO - Sync 1 DAGs
[2025-02-08T13:22:12.738+0000] {logging_mixin.py:188} INFO - [2025-02-08T13:22:12.738+0000] {dag.py:3823} INFO - Setting next_dagrun for tutorial_taskflow_api to None, run_after=None
[2025-02-08T13:22:12.776+0000] {processor.py:183} INFO - Processing /home/airflow/.local/lib/python3.8/site-packages/airflow/example_dags/tutorial_taskflow_api.py took 0.232 seconds
[2025-02-08T13:22:45.041+0000] {processor.py:161} INFO - Started process (PID=1666) to work on /home/airflow/.local/lib/python3.8/site-packages/airflow/example_dags/tutorial_taskflow_api.py
[2025-02-08T13:22:45.043+0000] {processor.py:830} INFO - Processing file /home/airflow/.local/lib/python3.8/site-packages/airflow/example_dags/tutorial_taskflow_api.py for tasks to queue
[2025-02-08T13:22:45.048+0000] {logging_mixin.py:188} INFO - [2025-02-08T13:22:45.047+0000] {dagbag.py:538} INFO - Filling up the DagBag from /home/airflow/.local/lib/python3.8/site-packages/airflow/example_dags/tutorial_taskflow_api.py
[2025-02-08T13:22:45.126+0000] {processor.py:840} INFO - DAG(s) 'tutorial_taskflow_api' retrieved from /home/airflow/.local/lib/python3.8/site-packages/airflow/example_dags/tutorial_taskflow_api.py
[2025-02-08T13:22:45.382+0000] {logging_mixin.py:188} INFO - [2025-02-08T13:22:45.378+0000] {dag.py:3036} INFO - Sync 1 DAGs
[2025-02-08T13:22:45.455+0000] {logging_mixin.py:188} INFO - [2025-02-08T13:22:45.455+0000] {dag.py:3823} INFO - Setting next_dagrun for tutorial_taskflow_api to None, run_after=None
[2025-02-08T13:22:45.527+0000] {processor.py:183} INFO - Processing /home/airflow/.local/lib/python3.8/site-packages/airflow/example_dags/tutorial_taskflow_api.py took 0.494 seconds
[2025-02-08T13:23:15.720+0000] {processor.py:161} INFO - Started process (PID=1731) to work on /home/airflow/.local/lib/python3.8/site-packages/airflow/example_dags/tutorial_taskflow_api.py
[2025-02-08T13:23:15.722+0000] {processor.py:830} INFO - Processing file /home/airflow/.local/lib/python3.8/site-packages/airflow/example_dags/tutorial_taskflow_api.py for tasks to queue
[2025-02-08T13:23:15.725+0000] {logging_mixin.py:188} INFO - [2025-02-08T13:23:15.725+0000] {dagbag.py:538} INFO - Filling up the DagBag from /home/airflow/.local/lib/python3.8/site-packages/airflow/example_dags/tutorial_taskflow_api.py
[2025-02-08T13:23:15.744+0000] {processor.py:840} INFO - DAG(s) 'tutorial_taskflow_api' retrieved from /home/airflow/.local/lib/python3.8/site-packages/airflow/example_dags/tutorial_taskflow_api.py
[2025-02-08T13:23:15.785+0000] {logging_mixin.py:188} INFO - [2025-02-08T13:23:15.784+0000] {dag.py:3036} INFO - Sync 1 DAGs
[2025-02-08T13:23:15.814+0000] {logging_mixin.py:188} INFO - [2025-02-08T13:23:15.813+0000] {dag.py:3823} INFO - Setting next_dagrun for tutorial_taskflow_api to None, run_after=None
[2025-02-08T13:23:15.852+0000] {processor.py:183} INFO - Processing /home/airflow/.local/lib/python3.8/site-packages/airflow/example_dags/tutorial_taskflow_api.py took 0.139 seconds
[2025-02-08T13:23:46.401+0000] {processor.py:161} INFO - Started process (PID=1796) to work on /home/airflow/.local/lib/python3.8/site-packages/airflow/example_dags/tutorial_taskflow_api.py
[2025-02-08T13:23:46.402+0000] {processor.py:830} INFO - Processing file /home/airflow/.local/lib/python3.8/site-packages/airflow/example_dags/tutorial_taskflow_api.py for tasks to queue
[2025-02-08T13:23:46.406+0000] {logging_mixin.py:188} INFO - [2025-02-08T13:23:46.406+0000] {dagbag.py:538} INFO - Filling up the DagBag from /home/airflow/.local/lib/python3.8/site-packages/airflow/example_dags/tutorial_taskflow_api.py
[2025-02-08T13:23:46.422+0000] {processor.py:840} INFO - DAG(s) 'tutorial_taskflow_api' retrieved from /home/airflow/.local/lib/python3.8/site-packages/airflow/example_dags/tutorial_taskflow_api.py
[2025-02-08T13:23:46.489+0000] {logging_mixin.py:188} INFO - [2025-02-08T13:23:46.488+0000] {dag.py:3036} INFO - Sync 1 DAGs
[2025-02-08T13:23:46.533+0000] {logging_mixin.py:188} INFO - [2025-02-08T13:23:46.533+0000] {dag.py:3823} INFO - Setting next_dagrun for tutorial_taskflow_api to None, run_after=None
[2025-02-08T13:23:46.617+0000] {processor.py:183} INFO - Processing /home/airflow/.local/lib/python3.8/site-packages/airflow/example_dags/tutorial_taskflow_api.py took 0.233 seconds
[2025-02-08T13:24:17.568+0000] {processor.py:161} INFO - Started process (PID=1860) to work on /home/airflow/.local/lib/python3.8/site-packages/airflow/example_dags/tutorial_taskflow_api.py
[2025-02-08T13:24:17.570+0000] {processor.py:830} INFO - Processing file /home/airflow/.local/lib/python3.8/site-packages/airflow/example_dags/tutorial_taskflow_api.py for tasks to queue
[2025-02-08T13:24:17.578+0000] {logging_mixin.py:188} INFO - [2025-02-08T13:24:17.577+0000] {dagbag.py:538} INFO - Filling up the DagBag from /home/airflow/.local/lib/python3.8/site-packages/airflow/example_dags/tutorial_taskflow_api.py
[2025-02-08T13:24:17.590+0000] {processor.py:840} INFO - DAG(s) 'tutorial_taskflow_api' retrieved from /home/airflow/.local/lib/python3.8/site-packages/airflow/example_dags/tutorial_taskflow_api.py
[2025-02-08T13:24:17.641+0000] {logging_mixin.py:188} INFO - [2025-02-08T13:24:17.641+0000] {dag.py:3036} INFO - Sync 1 DAGs
[2025-02-08T13:24:17.678+0000] {logging_mixin.py:188} INFO - [2025-02-08T13:24:17.677+0000] {dag.py:3823} INFO - Setting next_dagrun for tutorial_taskflow_api to None, run_after=None
[2025-02-08T13:24:17.751+0000] {processor.py:183} INFO - Processing /home/airflow/.local/lib/python3.8/site-packages/airflow/example_dags/tutorial_taskflow_api.py took 0.193 seconds
[2025-02-08T13:24:48.400+0000] {processor.py:161} INFO - Started process (PID=1925) to work on /home/airflow/.local/lib/python3.8/site-packages/airflow/example_dags/tutorial_taskflow_api.py
[2025-02-08T13:24:48.403+0000] {processor.py:830} INFO - Processing file /home/airflow/.local/lib/python3.8/site-packages/airflow/example_dags/tutorial_taskflow_api.py for tasks to queue
[2025-02-08T13:24:48.408+0000] {logging_mixin.py:188} INFO - [2025-02-08T13:24:48.407+0000] {dagbag.py:538} INFO - Filling up the DagBag from /home/airflow/.local/lib/python3.8/site-packages/airflow/example_dags/tutorial_taskflow_api.py
[2025-02-08T13:24:48.456+0000] {processor.py:840} INFO - DAG(s) 'tutorial_taskflow_api' retrieved from /home/airflow/.local/lib/python3.8/site-packages/airflow/example_dags/tutorial_taskflow_api.py
[2025-02-08T13:24:48.576+0000] {logging_mixin.py:188} INFO - [2025-02-08T13:24:48.575+0000] {dag.py:3036} INFO - Sync 1 DAGs
[2025-02-08T13:24:48.610+0000] {logging_mixin.py:188} INFO - [2025-02-08T13:24:48.610+0000] {dag.py:3823} INFO - Setting next_dagrun for tutorial_taskflow_api to None, run_after=None
[2025-02-08T13:24:48.654+0000] {processor.py:183} INFO - Processing /home/airflow/.local/lib/python3.8/site-packages/airflow/example_dags/tutorial_taskflow_api.py took 0.262 seconds
[2025-02-08T13:25:19.341+0000] {processor.py:161} INFO - Started process (PID=1982) to work on /home/airflow/.local/lib/python3.8/site-packages/airflow/example_dags/tutorial_taskflow_api.py
[2025-02-08T13:25:19.346+0000] {processor.py:830} INFO - Processing file /home/airflow/.local/lib/python3.8/site-packages/airflow/example_dags/tutorial_taskflow_api.py for tasks to queue
[2025-02-08T13:25:19.355+0000] {logging_mixin.py:188} INFO - [2025-02-08T13:25:19.355+0000] {dagbag.py:538} INFO - Filling up the DagBag from /home/airflow/.local/lib/python3.8/site-packages/airflow/example_dags/tutorial_taskflow_api.py
[2025-02-08T13:25:19.381+0000] {processor.py:840} INFO - DAG(s) 'tutorial_taskflow_api' retrieved from /home/airflow/.local/lib/python3.8/site-packages/airflow/example_dags/tutorial_taskflow_api.py
[2025-02-08T13:25:19.538+0000] {logging_mixin.py:188} INFO - [2025-02-08T13:25:19.538+0000] {dag.py:3036} INFO - Sync 1 DAGs
[2025-02-08T13:25:19.640+0000] {logging_mixin.py:188} INFO - [2025-02-08T13:25:19.639+0000] {dag.py:3823} INFO - Setting next_dagrun for tutorial_taskflow_api to None, run_after=None
[2025-02-08T13:25:19.760+0000] {processor.py:183} INFO - Processing /home/airflow/.local/lib/python3.8/site-packages/airflow/example_dags/tutorial_taskflow_api.py took 0.425 seconds
[2025-02-08T13:25:50.801+0000] {processor.py:161} INFO - Started process (PID=2048) to work on /home/airflow/.local/lib/python3.8/site-packages/airflow/example_dags/tutorial_taskflow_api.py
[2025-02-08T13:25:50.804+0000] {processor.py:830} INFO - Processing file /home/airflow/.local/lib/python3.8/site-packages/airflow/example_dags/tutorial_taskflow_api.py for tasks to queue
[2025-02-08T13:25:50.807+0000] {logging_mixin.py:188} INFO - [2025-02-08T13:25:50.807+0000] {dagbag.py:538} INFO - Filling up the DagBag from /home/airflow/.local/lib/python3.8/site-packages/airflow/example_dags/tutorial_taskflow_api.py
[2025-02-08T13:25:50.821+0000] {processor.py:840} INFO - DAG(s) 'tutorial_taskflow_api' retrieved from /home/airflow/.local/lib/python3.8/site-packages/airflow/example_dags/tutorial_taskflow_api.py
[2025-02-08T13:25:50.856+0000] {logging_mixin.py:188} INFO - [2025-02-08T13:25:50.856+0000] {dag.py:3036} INFO - Sync 1 DAGs
[2025-02-08T13:25:50.882+0000] {logging_mixin.py:188} INFO - [2025-02-08T13:25:50.881+0000] {dag.py:3823} INFO - Setting next_dagrun for tutorial_taskflow_api to None, run_after=None
[2025-02-08T13:25:50.913+0000] {processor.py:183} INFO - Processing /home/airflow/.local/lib/python3.8/site-packages/airflow/example_dags/tutorial_taskflow_api.py took 0.118 seconds
[2025-02-08T13:26:21.800+0000] {processor.py:161} INFO - Started process (PID=2112) to work on /home/airflow/.local/lib/python3.8/site-packages/airflow/example_dags/tutorial_taskflow_api.py
[2025-02-08T13:26:21.803+0000] {processor.py:830} INFO - Processing file /home/airflow/.local/lib/python3.8/site-packages/airflow/example_dags/tutorial_taskflow_api.py for tasks to queue
[2025-02-08T13:26:21.806+0000] {logging_mixin.py:188} INFO - [2025-02-08T13:26:21.806+0000] {dagbag.py:538} INFO - Filling up the DagBag from /home/airflow/.local/lib/python3.8/site-packages/airflow/example_dags/tutorial_taskflow_api.py
[2025-02-08T13:26:21.828+0000] {processor.py:840} INFO - DAG(s) 'tutorial_taskflow_api' retrieved from /home/airflow/.local/lib/python3.8/site-packages/airflow/example_dags/tutorial_taskflow_api.py
[2025-02-08T13:26:22.169+0000] {logging_mixin.py:188} INFO - [2025-02-08T13:26:22.168+0000] {dag.py:3036} INFO - Sync 1 DAGs
[2025-02-08T13:26:22.198+0000] {logging_mixin.py:188} INFO - [2025-02-08T13:26:22.198+0000] {dag.py:3823} INFO - Setting next_dagrun for tutorial_taskflow_api to None, run_after=None
[2025-02-08T13:26:22.246+0000] {processor.py:183} INFO - Processing /home/airflow/.local/lib/python3.8/site-packages/airflow/example_dags/tutorial_taskflow_api.py took 0.453 seconds
[2025-02-08T13:26:52.779+0000] {processor.py:161} INFO - Started process (PID=2169) to work on /home/airflow/.local/lib/python3.8/site-packages/airflow/example_dags/tutorial_taskflow_api.py
[2025-02-08T13:26:52.781+0000] {processor.py:830} INFO - Processing file /home/airflow/.local/lib/python3.8/site-packages/airflow/example_dags/tutorial_taskflow_api.py for tasks to queue
[2025-02-08T13:26:52.787+0000] {logging_mixin.py:188} INFO - [2025-02-08T13:26:52.786+0000] {dagbag.py:538} INFO - Filling up the DagBag from /home/airflow/.local/lib/python3.8/site-packages/airflow/example_dags/tutorial_taskflow_api.py
[2025-02-08T13:26:52.809+0000] {processor.py:840} INFO - DAG(s) 'tutorial_taskflow_api' retrieved from /home/airflow/.local/lib/python3.8/site-packages/airflow/example_dags/tutorial_taskflow_api.py
[2025-02-08T13:26:52.888+0000] {logging_mixin.py:188} INFO - [2025-02-08T13:26:52.887+0000] {dag.py:3036} INFO - Sync 1 DAGs
[2025-02-08T13:26:52.931+0000] {logging_mixin.py:188} INFO - [2025-02-08T13:26:52.931+0000] {dag.py:3823} INFO - Setting next_dagrun for tutorial_taskflow_api to None, run_after=None
[2025-02-08T13:26:52.977+0000] {processor.py:183} INFO - Processing /home/airflow/.local/lib/python3.8/site-packages/airflow/example_dags/tutorial_taskflow_api.py took 0.209 seconds
[2025-02-08T13:27:23.358+0000] {processor.py:161} INFO - Started process (PID=2234) to work on /home/airflow/.local/lib/python3.8/site-packages/airflow/example_dags/tutorial_taskflow_api.py
[2025-02-08T13:27:23.360+0000] {processor.py:830} INFO - Processing file /home/airflow/.local/lib/python3.8/site-packages/airflow/example_dags/tutorial_taskflow_api.py for tasks to queue
[2025-02-08T13:27:23.363+0000] {logging_mixin.py:188} INFO - [2025-02-08T13:27:23.363+0000] {dagbag.py:538} INFO - Filling up the DagBag from /home/airflow/.local/lib/python3.8/site-packages/airflow/example_dags/tutorial_taskflow_api.py
[2025-02-08T13:27:23.382+0000] {processor.py:840} INFO - DAG(s) 'tutorial_taskflow_api' retrieved from /home/airflow/.local/lib/python3.8/site-packages/airflow/example_dags/tutorial_taskflow_api.py
[2025-02-08T13:27:23.426+0000] {logging_mixin.py:188} INFO - [2025-02-08T13:27:23.426+0000] {dag.py:3036} INFO - Sync 1 DAGs
[2025-02-08T13:27:23.451+0000] {logging_mixin.py:188} INFO - [2025-02-08T13:27:23.450+0000] {dag.py:3823} INFO - Setting next_dagrun for tutorial_taskflow_api to None, run_after=None
[2025-02-08T13:27:23.496+0000] {processor.py:183} INFO - Processing /home/airflow/.local/lib/python3.8/site-packages/airflow/example_dags/tutorial_taskflow_api.py took 0.146 seconds
[2025-02-08T13:27:53.941+0000] {processor.py:161} INFO - Started process (PID=2299) to work on /home/airflow/.local/lib/python3.8/site-packages/airflow/example_dags/tutorial_taskflow_api.py
[2025-02-08T13:27:53.943+0000] {processor.py:830} INFO - Processing file /home/airflow/.local/lib/python3.8/site-packages/airflow/example_dags/tutorial_taskflow_api.py for tasks to queue
[2025-02-08T13:27:53.947+0000] {logging_mixin.py:188} INFO - [2025-02-08T13:27:53.946+0000] {dagbag.py:538} INFO - Filling up the DagBag from /home/airflow/.local/lib/python3.8/site-packages/airflow/example_dags/tutorial_taskflow_api.py
[2025-02-08T13:27:53.958+0000] {processor.py:840} INFO - DAG(s) 'tutorial_taskflow_api' retrieved from /home/airflow/.local/lib/python3.8/site-packages/airflow/example_dags/tutorial_taskflow_api.py
[2025-02-08T13:27:54.008+0000] {logging_mixin.py:188} INFO - [2025-02-08T13:27:54.007+0000] {dag.py:3036} INFO - Sync 1 DAGs
[2025-02-08T13:27:54.034+0000] {logging_mixin.py:188} INFO - [2025-02-08T13:27:54.033+0000] {dag.py:3823} INFO - Setting next_dagrun for tutorial_taskflow_api to None, run_after=None
[2025-02-08T13:27:54.088+0000] {processor.py:183} INFO - Processing /home/airflow/.local/lib/python3.8/site-packages/airflow/example_dags/tutorial_taskflow_api.py took 0.157 seconds
[2025-02-08T13:28:24.817+0000] {processor.py:161} INFO - Started process (PID=2363) to work on /home/airflow/.local/lib/python3.8/site-packages/airflow/example_dags/tutorial_taskflow_api.py
[2025-02-08T13:28:24.818+0000] {processor.py:830} INFO - Processing file /home/airflow/.local/lib/python3.8/site-packages/airflow/example_dags/tutorial_taskflow_api.py for tasks to queue
[2025-02-08T13:28:24.826+0000] {logging_mixin.py:188} INFO - [2025-02-08T13:28:24.823+0000] {dagbag.py:538} INFO - Filling up the DagBag from /home/airflow/.local/lib/python3.8/site-packages/airflow/example_dags/tutorial_taskflow_api.py
[2025-02-08T13:28:24.841+0000] {processor.py:840} INFO - DAG(s) 'tutorial_taskflow_api' retrieved from /home/airflow/.local/lib/python3.8/site-packages/airflow/example_dags/tutorial_taskflow_api.py
[2025-02-08T13:28:24.881+0000] {logging_mixin.py:188} INFO - [2025-02-08T13:28:24.881+0000] {dag.py:3036} INFO - Sync 1 DAGs
[2025-02-08T13:28:24.911+0000] {logging_mixin.py:188} INFO - [2025-02-08T13:28:24.910+0000] {dag.py:3823} INFO - Setting next_dagrun for tutorial_taskflow_api to None, run_after=None
[2025-02-08T13:28:24.945+0000] {processor.py:183} INFO - Processing /home/airflow/.local/lib/python3.8/site-packages/airflow/example_dags/tutorial_taskflow_api.py took 0.134 seconds
[2025-02-08T13:28:55.920+0000] {processor.py:161} INFO - Started process (PID=2427) to work on /home/airflow/.local/lib/python3.8/site-packages/airflow/example_dags/tutorial_taskflow_api.py
[2025-02-08T13:28:55.926+0000] {processor.py:830} INFO - Processing file /home/airflow/.local/lib/python3.8/site-packages/airflow/example_dags/tutorial_taskflow_api.py for tasks to queue
[2025-02-08T13:28:55.934+0000] {logging_mixin.py:188} INFO - [2025-02-08T13:28:55.933+0000] {dagbag.py:538} INFO - Filling up the DagBag from /home/airflow/.local/lib/python3.8/site-packages/airflow/example_dags/tutorial_taskflow_api.py
[2025-02-08T13:28:55.965+0000] {processor.py:840} INFO - DAG(s) 'tutorial_taskflow_api' retrieved from /home/airflow/.local/lib/python3.8/site-packages/airflow/example_dags/tutorial_taskflow_api.py
[2025-02-08T13:28:56.012+0000] {logging_mixin.py:188} INFO - [2025-02-08T13:28:56.012+0000] {dag.py:3036} INFO - Sync 1 DAGs
[2025-02-08T13:28:56.078+0000] {logging_mixin.py:188} INFO - [2025-02-08T13:28:56.078+0000] {dag.py:3823} INFO - Setting next_dagrun for tutorial_taskflow_api to None, run_after=None
[2025-02-08T13:28:56.140+0000] {processor.py:183} INFO - Processing /home/airflow/.local/lib/python3.8/site-packages/airflow/example_dags/tutorial_taskflow_api.py took 0.231 seconds
[2025-02-08T13:29:26.810+0000] {processor.py:161} INFO - Started process (PID=2492) to work on /home/airflow/.local/lib/python3.8/site-packages/airflow/example_dags/tutorial_taskflow_api.py
[2025-02-08T13:29:26.819+0000] {processor.py:830} INFO - Processing file /home/airflow/.local/lib/python3.8/site-packages/airflow/example_dags/tutorial_taskflow_api.py for tasks to queue
[2025-02-08T13:29:26.823+0000] {logging_mixin.py:188} INFO - [2025-02-08T13:29:26.823+0000] {dagbag.py:538} INFO - Filling up the DagBag from /home/airflow/.local/lib/python3.8/site-packages/airflow/example_dags/tutorial_taskflow_api.py
[2025-02-08T13:29:26.839+0000] {processor.py:840} INFO - DAG(s) 'tutorial_taskflow_api' retrieved from /home/airflow/.local/lib/python3.8/site-packages/airflow/example_dags/tutorial_taskflow_api.py
[2025-02-08T13:29:26.906+0000] {logging_mixin.py:188} INFO - [2025-02-08T13:29:26.906+0000] {dag.py:3036} INFO - Sync 1 DAGs
[2025-02-08T13:29:26.962+0000] {logging_mixin.py:188} INFO - [2025-02-08T13:29:26.962+0000] {dag.py:3823} INFO - Setting next_dagrun for tutorial_taskflow_api to None, run_after=None
[2025-02-08T13:29:27.019+0000] {processor.py:183} INFO - Processing /home/airflow/.local/lib/python3.8/site-packages/airflow/example_dags/tutorial_taskflow_api.py took 0.216 seconds
[2025-02-08T13:29:57.708+0000] {processor.py:161} INFO - Started process (PID=2556) to work on /home/airflow/.local/lib/python3.8/site-packages/airflow/example_dags/tutorial_taskflow_api.py
[2025-02-08T13:29:57.711+0000] {processor.py:830} INFO - Processing file /home/airflow/.local/lib/python3.8/site-packages/airflow/example_dags/tutorial_taskflow_api.py for tasks to queue
[2025-02-08T13:29:57.716+0000] {logging_mixin.py:188} INFO - [2025-02-08T13:29:57.716+0000] {dagbag.py:538} INFO - Filling up the DagBag from /home/airflow/.local/lib/python3.8/site-packages/airflow/example_dags/tutorial_taskflow_api.py
[2025-02-08T13:29:57.736+0000] {processor.py:840} INFO - DAG(s) 'tutorial_taskflow_api' retrieved from /home/airflow/.local/lib/python3.8/site-packages/airflow/example_dags/tutorial_taskflow_api.py
[2025-02-08T13:29:57.789+0000] {logging_mixin.py:188} INFO - [2025-02-08T13:29:57.789+0000] {dag.py:3036} INFO - Sync 1 DAGs
[2025-02-08T13:29:57.819+0000] {logging_mixin.py:188} INFO - [2025-02-08T13:29:57.818+0000] {dag.py:3823} INFO - Setting next_dagrun for tutorial_taskflow_api to None, run_after=None
[2025-02-08T13:29:57.879+0000] {processor.py:183} INFO - Processing /home/airflow/.local/lib/python3.8/site-packages/airflow/example_dags/tutorial_taskflow_api.py took 0.178 seconds
[2025-02-08T13:30:27.957+0000] {processor.py:161} INFO - Started process (PID=2614) to work on /home/airflow/.local/lib/python3.8/site-packages/airflow/example_dags/tutorial_taskflow_api.py
[2025-02-08T13:30:27.958+0000] {processor.py:830} INFO - Processing file /home/airflow/.local/lib/python3.8/site-packages/airflow/example_dags/tutorial_taskflow_api.py for tasks to queue
[2025-02-08T13:30:27.967+0000] {logging_mixin.py:188} INFO - [2025-02-08T13:30:27.965+0000] {dagbag.py:538} INFO - Filling up the DagBag from /home/airflow/.local/lib/python3.8/site-packages/airflow/example_dags/tutorial_taskflow_api.py
[2025-02-08T13:30:27.978+0000] {processor.py:840} INFO - DAG(s) 'tutorial_taskflow_api' retrieved from /home/airflow/.local/lib/python3.8/site-packages/airflow/example_dags/tutorial_taskflow_api.py
[2025-02-08T13:30:28.026+0000] {logging_mixin.py:188} INFO - [2025-02-08T13:30:28.025+0000] {dag.py:3036} INFO - Sync 1 DAGs
[2025-02-08T13:30:28.052+0000] {logging_mixin.py:188} INFO - [2025-02-08T13:30:28.052+0000] {dag.py:3823} INFO - Setting next_dagrun for tutorial_taskflow_api to None, run_after=None
[2025-02-08T13:30:28.099+0000] {processor.py:183} INFO - Processing /home/airflow/.local/lib/python3.8/site-packages/airflow/example_dags/tutorial_taskflow_api.py took 0.148 seconds
[2025-02-08T13:30:58.854+0000] {processor.py:161} INFO - Started process (PID=2678) to work on /home/airflow/.local/lib/python3.8/site-packages/airflow/example_dags/tutorial_taskflow_api.py
[2025-02-08T13:30:58.856+0000] {processor.py:830} INFO - Processing file /home/airflow/.local/lib/python3.8/site-packages/airflow/example_dags/tutorial_taskflow_api.py for tasks to queue
[2025-02-08T13:30:58.868+0000] {logging_mixin.py:188} INFO - [2025-02-08T13:30:58.868+0000] {dagbag.py:538} INFO - Filling up the DagBag from /home/airflow/.local/lib/python3.8/site-packages/airflow/example_dags/tutorial_taskflow_api.py
[2025-02-08T13:30:58.889+0000] {processor.py:840} INFO - DAG(s) 'tutorial_taskflow_api' retrieved from /home/airflow/.local/lib/python3.8/site-packages/airflow/example_dags/tutorial_taskflow_api.py
[2025-02-08T13:30:58.999+0000] {logging_mixin.py:188} INFO - [2025-02-08T13:30:58.997+0000] {dag.py:3036} INFO - Sync 1 DAGs
[2025-02-08T13:30:59.033+0000] {logging_mixin.py:188} INFO - [2025-02-08T13:30:59.032+0000] {dag.py:3823} INFO - Setting next_dagrun for tutorial_taskflow_api to None, run_after=None
[2025-02-08T13:30:59.124+0000] {processor.py:183} INFO - Processing /home/airflow/.local/lib/python3.8/site-packages/airflow/example_dags/tutorial_taskflow_api.py took 0.290 seconds
[2025-02-08T13:31:29.581+0000] {processor.py:161} INFO - Started process (PID=2744) to work on /home/airflow/.local/lib/python3.8/site-packages/airflow/example_dags/tutorial_taskflow_api.py
[2025-02-08T13:31:29.585+0000] {processor.py:830} INFO - Processing file /home/airflow/.local/lib/python3.8/site-packages/airflow/example_dags/tutorial_taskflow_api.py for tasks to queue
[2025-02-08T13:31:29.597+0000] {logging_mixin.py:188} INFO - [2025-02-08T13:31:29.597+0000] {dagbag.py:538} INFO - Filling up the DagBag from /home/airflow/.local/lib/python3.8/site-packages/airflow/example_dags/tutorial_taskflow_api.py
[2025-02-08T13:31:29.636+0000] {processor.py:840} INFO - DAG(s) 'tutorial_taskflow_api' retrieved from /home/airflow/.local/lib/python3.8/site-packages/airflow/example_dags/tutorial_taskflow_api.py
[2025-02-08T13:31:29.721+0000] {logging_mixin.py:188} INFO - [2025-02-08T13:31:29.721+0000] {dag.py:3036} INFO - Sync 1 DAGs
[2025-02-08T13:31:29.767+0000] {logging_mixin.py:188} INFO - [2025-02-08T13:31:29.767+0000] {dag.py:3823} INFO - Setting next_dagrun for tutorial_taskflow_api to None, run_after=None
[2025-02-08T13:31:29.865+0000] {processor.py:183} INFO - Processing /home/airflow/.local/lib/python3.8/site-packages/airflow/example_dags/tutorial_taskflow_api.py took 0.294 seconds
[2025-02-08T13:32:00.364+0000] {processor.py:161} INFO - Started process (PID=2807) to work on /home/airflow/.local/lib/python3.8/site-packages/airflow/example_dags/tutorial_taskflow_api.py
[2025-02-08T13:32:00.369+0000] {processor.py:830} INFO - Processing file /home/airflow/.local/lib/python3.8/site-packages/airflow/example_dags/tutorial_taskflow_api.py for tasks to queue
[2025-02-08T13:32:00.383+0000] {logging_mixin.py:188} INFO - [2025-02-08T13:32:00.383+0000] {dagbag.py:538} INFO - Filling up the DagBag from /home/airflow/.local/lib/python3.8/site-packages/airflow/example_dags/tutorial_taskflow_api.py
[2025-02-08T13:32:00.412+0000] {processor.py:840} INFO - DAG(s) 'tutorial_taskflow_api' retrieved from /home/airflow/.local/lib/python3.8/site-packages/airflow/example_dags/tutorial_taskflow_api.py
[2025-02-08T13:32:00.510+0000] {logging_mixin.py:188} INFO - [2025-02-08T13:32:00.504+0000] {dag.py:3036} INFO - Sync 1 DAGs
[2025-02-08T13:32:00.595+0000] {logging_mixin.py:188} INFO - [2025-02-08T13:32:00.595+0000] {dag.py:3823} INFO - Setting next_dagrun for tutorial_taskflow_api to None, run_after=None
[2025-02-08T13:32:00.767+0000] {processor.py:183} INFO - Processing /home/airflow/.local/lib/python3.8/site-packages/airflow/example_dags/tutorial_taskflow_api.py took 0.432 seconds
[2025-02-08T13:32:31.065+0000] {processor.py:161} INFO - Started process (PID=2865) to work on /home/airflow/.local/lib/python3.8/site-packages/airflow/example_dags/tutorial_taskflow_api.py
[2025-02-08T13:32:31.067+0000] {processor.py:830} INFO - Processing file /home/airflow/.local/lib/python3.8/site-packages/airflow/example_dags/tutorial_taskflow_api.py for tasks to queue
[2025-02-08T13:32:31.070+0000] {logging_mixin.py:188} INFO - [2025-02-08T13:32:31.069+0000] {dagbag.py:538} INFO - Filling up the DagBag from /home/airflow/.local/lib/python3.8/site-packages/airflow/example_dags/tutorial_taskflow_api.py
[2025-02-08T13:32:31.087+0000] {processor.py:840} INFO - DAG(s) 'tutorial_taskflow_api' retrieved from /home/airflow/.local/lib/python3.8/site-packages/airflow/example_dags/tutorial_taskflow_api.py
[2025-02-08T13:32:31.133+0000] {logging_mixin.py:188} INFO - [2025-02-08T13:32:31.133+0000] {dag.py:3036} INFO - Sync 1 DAGs
[2025-02-08T13:32:31.161+0000] {logging_mixin.py:188} INFO - [2025-02-08T13:32:31.161+0000] {dag.py:3823} INFO - Setting next_dagrun for tutorial_taskflow_api to None, run_after=None
[2025-02-08T13:32:31.204+0000] {processor.py:183} INFO - Processing /home/airflow/.local/lib/python3.8/site-packages/airflow/example_dags/tutorial_taskflow_api.py took 0.144 seconds
[2025-02-08T13:33:02.215+0000] {processor.py:161} INFO - Started process (PID=2928) to work on /home/airflow/.local/lib/python3.8/site-packages/airflow/example_dags/tutorial_taskflow_api.py
[2025-02-08T13:33:02.218+0000] {processor.py:830} INFO - Processing file /home/airflow/.local/lib/python3.8/site-packages/airflow/example_dags/tutorial_taskflow_api.py for tasks to queue
[2025-02-08T13:33:02.223+0000] {logging_mixin.py:188} INFO - [2025-02-08T13:33:02.223+0000] {dagbag.py:538} INFO - Filling up the DagBag from /home/airflow/.local/lib/python3.8/site-packages/airflow/example_dags/tutorial_taskflow_api.py
[2025-02-08T13:33:02.260+0000] {processor.py:840} INFO - DAG(s) 'tutorial_taskflow_api' retrieved from /home/airflow/.local/lib/python3.8/site-packages/airflow/example_dags/tutorial_taskflow_api.py
[2025-02-08T13:33:02.323+0000] {logging_mixin.py:188} INFO - [2025-02-08T13:33:02.323+0000] {dag.py:3036} INFO - Sync 1 DAGs
[2025-02-08T13:33:02.361+0000] {logging_mixin.py:188} INFO - [2025-02-08T13:33:02.361+0000] {dag.py:3823} INFO - Setting next_dagrun for tutorial_taskflow_api to None, run_after=None
[2025-02-08T13:33:02.448+0000] {processor.py:183} INFO - Processing /home/airflow/.local/lib/python3.8/site-packages/airflow/example_dags/tutorial_taskflow_api.py took 0.242 seconds
[2025-02-08T13:33:33.186+0000] {processor.py:161} INFO - Started process (PID=2992) to work on /home/airflow/.local/lib/python3.8/site-packages/airflow/example_dags/tutorial_taskflow_api.py
[2025-02-08T13:33:33.188+0000] {processor.py:830} INFO - Processing file /home/airflow/.local/lib/python3.8/site-packages/airflow/example_dags/tutorial_taskflow_api.py for tasks to queue
[2025-02-08T13:33:33.206+0000] {logging_mixin.py:188} INFO - [2025-02-08T13:33:33.205+0000] {dagbag.py:538} INFO - Filling up the DagBag from /home/airflow/.local/lib/python3.8/site-packages/airflow/example_dags/tutorial_taskflow_api.py
[2025-02-08T13:33:33.222+0000] {processor.py:840} INFO - DAG(s) 'tutorial_taskflow_api' retrieved from /home/airflow/.local/lib/python3.8/site-packages/airflow/example_dags/tutorial_taskflow_api.py
[2025-02-08T13:33:33.282+0000] {logging_mixin.py:188} INFO - [2025-02-08T13:33:33.281+0000] {dag.py:3036} INFO - Sync 1 DAGs
[2025-02-08T13:33:33.320+0000] {logging_mixin.py:188} INFO - [2025-02-08T13:33:33.320+0000] {dag.py:3823} INFO - Setting next_dagrun for tutorial_taskflow_api to None, run_after=None
[2025-02-08T13:33:33.402+0000] {processor.py:183} INFO - Processing /home/airflow/.local/lib/python3.8/site-packages/airflow/example_dags/tutorial_taskflow_api.py took 0.223 seconds
[2025-02-08T13:34:04.019+0000] {processor.py:161} INFO - Started process (PID=3057) to work on /home/airflow/.local/lib/python3.8/site-packages/airflow/example_dags/tutorial_taskflow_api.py
[2025-02-08T13:34:04.020+0000] {processor.py:830} INFO - Processing file /home/airflow/.local/lib/python3.8/site-packages/airflow/example_dags/tutorial_taskflow_api.py for tasks to queue
[2025-02-08T13:34:04.030+0000] {logging_mixin.py:188} INFO - [2025-02-08T13:34:04.028+0000] {dagbag.py:538} INFO - Filling up the DagBag from /home/airflow/.local/lib/python3.8/site-packages/airflow/example_dags/tutorial_taskflow_api.py
[2025-02-08T13:34:04.061+0000] {processor.py:840} INFO - DAG(s) 'tutorial_taskflow_api' retrieved from /home/airflow/.local/lib/python3.8/site-packages/airflow/example_dags/tutorial_taskflow_api.py
[2025-02-08T13:34:04.121+0000] {logging_mixin.py:188} INFO - [2025-02-08T13:34:04.120+0000] {dag.py:3036} INFO - Sync 1 DAGs
[2025-02-08T13:34:04.166+0000] {logging_mixin.py:188} INFO - [2025-02-08T13:34:04.165+0000] {dag.py:3823} INFO - Setting next_dagrun for tutorial_taskflow_api to None, run_after=None
[2025-02-08T13:34:04.246+0000] {processor.py:183} INFO - Processing /home/airflow/.local/lib/python3.8/site-packages/airflow/example_dags/tutorial_taskflow_api.py took 0.235 seconds
[2025-02-08T13:34:34.933+0000] {processor.py:161} INFO - Started process (PID=3122) to work on /home/airflow/.local/lib/python3.8/site-packages/airflow/example_dags/tutorial_taskflow_api.py
[2025-02-08T13:34:34.936+0000] {processor.py:830} INFO - Processing file /home/airflow/.local/lib/python3.8/site-packages/airflow/example_dags/tutorial_taskflow_api.py for tasks to queue
[2025-02-08T13:34:34.939+0000] {logging_mixin.py:188} INFO - [2025-02-08T13:34:34.939+0000] {dagbag.py:538} INFO - Filling up the DagBag from /home/airflow/.local/lib/python3.8/site-packages/airflow/example_dags/tutorial_taskflow_api.py
[2025-02-08T13:34:34.966+0000] {processor.py:840} INFO - DAG(s) 'tutorial_taskflow_api' retrieved from /home/airflow/.local/lib/python3.8/site-packages/airflow/example_dags/tutorial_taskflow_api.py
[2025-02-08T13:34:35.050+0000] {logging_mixin.py:188} INFO - [2025-02-08T13:34:35.050+0000] {dag.py:3036} INFO - Sync 1 DAGs
[2025-02-08T13:34:35.140+0000] {logging_mixin.py:188} INFO - [2025-02-08T13:34:35.139+0000] {dag.py:3823} INFO - Setting next_dagrun for tutorial_taskflow_api to None, run_after=None
[2025-02-08T13:34:35.235+0000] {processor.py:183} INFO - Processing /home/airflow/.local/lib/python3.8/site-packages/airflow/example_dags/tutorial_taskflow_api.py took 0.316 seconds
[2025-02-08T13:35:30.316+0000] {processor.py:161} INFO - Started process (PID=3192) to work on /home/airflow/.local/lib/python3.8/site-packages/airflow/example_dags/tutorial_taskflow_api.py
[2025-02-08T13:35:30.322+0000] {processor.py:830} INFO - Processing file /home/airflow/.local/lib/python3.8/site-packages/airflow/example_dags/tutorial_taskflow_api.py for tasks to queue
[2025-02-08T13:35:30.339+0000] {logging_mixin.py:188} INFO - [2025-02-08T13:35:30.338+0000] {dagbag.py:538} INFO - Filling up the DagBag from /home/airflow/.local/lib/python3.8/site-packages/airflow/example_dags/tutorial_taskflow_api.py
[2025-02-08T13:35:30.372+0000] {processor.py:840} INFO - DAG(s) 'tutorial_taskflow_api' retrieved from /home/airflow/.local/lib/python3.8/site-packages/airflow/example_dags/tutorial_taskflow_api.py
[2025-02-08T13:35:30.962+0000] {logging_mixin.py:188} INFO - [2025-02-08T13:35:30.958+0000] {dag.py:3036} INFO - Sync 1 DAGs
[2025-02-08T13:35:31.109+0000] {logging_mixin.py:188} INFO - [2025-02-08T13:35:31.106+0000] {dag.py:3823} INFO - Setting next_dagrun for tutorial_taskflow_api to None, run_after=None
[2025-02-08T13:35:31.398+0000] {processor.py:183} INFO - Processing /home/airflow/.local/lib/python3.8/site-packages/airflow/example_dags/tutorial_taskflow_api.py took 1.216 seconds
[2025-02-08T13:36:01.802+0000] {processor.py:161} INFO - Started process (PID=3257) to work on /home/airflow/.local/lib/python3.8/site-packages/airflow/example_dags/tutorial_taskflow_api.py
[2025-02-08T13:36:01.805+0000] {processor.py:830} INFO - Processing file /home/airflow/.local/lib/python3.8/site-packages/airflow/example_dags/tutorial_taskflow_api.py for tasks to queue
[2025-02-08T13:36:01.809+0000] {logging_mixin.py:188} INFO - [2025-02-08T13:36:01.808+0000] {dagbag.py:538} INFO - Filling up the DagBag from /home/airflow/.local/lib/python3.8/site-packages/airflow/example_dags/tutorial_taskflow_api.py
[2025-02-08T13:36:01.832+0000] {processor.py:840} INFO - DAG(s) 'tutorial_taskflow_api' retrieved from /home/airflow/.local/lib/python3.8/site-packages/airflow/example_dags/tutorial_taskflow_api.py
[2025-02-08T13:36:01.927+0000] {logging_mixin.py:188} INFO - [2025-02-08T13:36:01.926+0000] {dag.py:3036} INFO - Sync 1 DAGs
[2025-02-08T13:36:02.030+0000] {logging_mixin.py:188} INFO - [2025-02-08T13:36:02.030+0000] {dag.py:3823} INFO - Setting next_dagrun for tutorial_taskflow_api to None, run_after=None
[2025-02-08T13:36:02.462+0000] {processor.py:183} INFO - Processing /home/airflow/.local/lib/python3.8/site-packages/airflow/example_dags/tutorial_taskflow_api.py took 0.668 seconds
[2025-02-08T13:36:32.631+0000] {processor.py:161} INFO - Started process (PID=3314) to work on /home/airflow/.local/lib/python3.8/site-packages/airflow/example_dags/tutorial_taskflow_api.py
[2025-02-08T13:36:32.632+0000] {processor.py:830} INFO - Processing file /home/airflow/.local/lib/python3.8/site-packages/airflow/example_dags/tutorial_taskflow_api.py for tasks to queue
[2025-02-08T13:36:32.636+0000] {logging_mixin.py:188} INFO - [2025-02-08T13:36:32.636+0000] {dagbag.py:538} INFO - Filling up the DagBag from /home/airflow/.local/lib/python3.8/site-packages/airflow/example_dags/tutorial_taskflow_api.py
[2025-02-08T13:36:32.663+0000] {processor.py:840} INFO - DAG(s) 'tutorial_taskflow_api' retrieved from /home/airflow/.local/lib/python3.8/site-packages/airflow/example_dags/tutorial_taskflow_api.py
[2025-02-08T13:36:32.722+0000] {logging_mixin.py:188} INFO - [2025-02-08T13:36:32.721+0000] {dag.py:3036} INFO - Sync 1 DAGs
[2025-02-08T13:36:32.763+0000] {logging_mixin.py:188} INFO - [2025-02-08T13:36:32.762+0000] {dag.py:3823} INFO - Setting next_dagrun for tutorial_taskflow_api to None, run_after=None
[2025-02-08T13:36:32.820+0000] {processor.py:183} INFO - Processing /home/airflow/.local/lib/python3.8/site-packages/airflow/example_dags/tutorial_taskflow_api.py took 0.198 seconds
[2025-02-08T13:37:03.410+0000] {processor.py:161} INFO - Started process (PID=3379) to work on /home/airflow/.local/lib/python3.8/site-packages/airflow/example_dags/tutorial_taskflow_api.py
[2025-02-08T13:37:03.412+0000] {processor.py:830} INFO - Processing file /home/airflow/.local/lib/python3.8/site-packages/airflow/example_dags/tutorial_taskflow_api.py for tasks to queue
[2025-02-08T13:37:03.415+0000] {logging_mixin.py:188} INFO - [2025-02-08T13:37:03.415+0000] {dagbag.py:538} INFO - Filling up the DagBag from /home/airflow/.local/lib/python3.8/site-packages/airflow/example_dags/tutorial_taskflow_api.py
[2025-02-08T13:37:03.428+0000] {processor.py:840} INFO - DAG(s) 'tutorial_taskflow_api' retrieved from /home/airflow/.local/lib/python3.8/site-packages/airflow/example_dags/tutorial_taskflow_api.py
[2025-02-08T13:37:03.503+0000] {logging_mixin.py:188} INFO - [2025-02-08T13:37:03.502+0000] {dag.py:3036} INFO - Sync 1 DAGs
[2025-02-08T13:37:03.556+0000] {logging_mixin.py:188} INFO - [2025-02-08T13:37:03.556+0000] {dag.py:3823} INFO - Setting next_dagrun for tutorial_taskflow_api to None, run_after=None
[2025-02-08T13:37:03.621+0000] {processor.py:183} INFO - Processing /home/airflow/.local/lib/python3.8/site-packages/airflow/example_dags/tutorial_taskflow_api.py took 0.229 seconds
[2025-02-08T13:37:33.810+0000] {processor.py:161} INFO - Started process (PID=3443) to work on /home/airflow/.local/lib/python3.8/site-packages/airflow/example_dags/tutorial_taskflow_api.py
[2025-02-08T13:37:33.812+0000] {processor.py:830} INFO - Processing file /home/airflow/.local/lib/python3.8/site-packages/airflow/example_dags/tutorial_taskflow_api.py for tasks to queue
[2025-02-08T13:37:33.817+0000] {logging_mixin.py:188} INFO - [2025-02-08T13:37:33.816+0000] {dagbag.py:538} INFO - Filling up the DagBag from /home/airflow/.local/lib/python3.8/site-packages/airflow/example_dags/tutorial_taskflow_api.py
[2025-02-08T13:37:33.843+0000] {processor.py:840} INFO - DAG(s) 'tutorial_taskflow_api' retrieved from /home/airflow/.local/lib/python3.8/site-packages/airflow/example_dags/tutorial_taskflow_api.py
[2025-02-08T13:37:33.879+0000] {logging_mixin.py:188} INFO - [2025-02-08T13:37:33.878+0000] {dag.py:3036} INFO - Sync 1 DAGs
[2025-02-08T13:37:33.921+0000] {logging_mixin.py:188} INFO - [2025-02-08T13:37:33.920+0000] {dag.py:3823} INFO - Setting next_dagrun for tutorial_taskflow_api to None, run_after=None
[2025-02-08T13:37:33.984+0000] {processor.py:183} INFO - Processing /home/airflow/.local/lib/python3.8/site-packages/airflow/example_dags/tutorial_taskflow_api.py took 0.190 seconds
[2025-02-08T13:38:04.529+0000] {processor.py:161} INFO - Started process (PID=3508) to work on /home/airflow/.local/lib/python3.8/site-packages/airflow/example_dags/tutorial_taskflow_api.py
[2025-02-08T13:38:04.532+0000] {processor.py:830} INFO - Processing file /home/airflow/.local/lib/python3.8/site-packages/airflow/example_dags/tutorial_taskflow_api.py for tasks to queue
[2025-02-08T13:38:04.539+0000] {logging_mixin.py:188} INFO - [2025-02-08T13:38:04.537+0000] {dagbag.py:538} INFO - Filling up the DagBag from /home/airflow/.local/lib/python3.8/site-packages/airflow/example_dags/tutorial_taskflow_api.py
[2025-02-08T13:38:04.571+0000] {processor.py:840} INFO - DAG(s) 'tutorial_taskflow_api' retrieved from /home/airflow/.local/lib/python3.8/site-packages/airflow/example_dags/tutorial_taskflow_api.py
[2025-02-08T13:38:04.623+0000] {logging_mixin.py:188} INFO - [2025-02-08T13:38:04.623+0000] {dag.py:3036} INFO - Sync 1 DAGs
[2025-02-08T13:38:04.653+0000] {logging_mixin.py:188} INFO - [2025-02-08T13:38:04.653+0000] {dag.py:3823} INFO - Setting next_dagrun for tutorial_taskflow_api to None, run_after=None
[2025-02-08T13:38:04.716+0000] {processor.py:183} INFO - Processing /home/airflow/.local/lib/python3.8/site-packages/airflow/example_dags/tutorial_taskflow_api.py took 0.212 seconds
[2025-02-08T13:38:34.994+0000] {processor.py:161} INFO - Started process (PID=3573) to work on /home/airflow/.local/lib/python3.8/site-packages/airflow/example_dags/tutorial_taskflow_api.py
[2025-02-08T13:38:34.998+0000] {processor.py:830} INFO - Processing file /home/airflow/.local/lib/python3.8/site-packages/airflow/example_dags/tutorial_taskflow_api.py for tasks to queue
[2025-02-08T13:38:35.001+0000] {logging_mixin.py:188} INFO - [2025-02-08T13:38:35.001+0000] {dagbag.py:538} INFO - Filling up the DagBag from /home/airflow/.local/lib/python3.8/site-packages/airflow/example_dags/tutorial_taskflow_api.py
[2025-02-08T13:38:35.035+0000] {processor.py:840} INFO - DAG(s) 'tutorial_taskflow_api' retrieved from /home/airflow/.local/lib/python3.8/site-packages/airflow/example_dags/tutorial_taskflow_api.py
[2025-02-08T13:38:35.112+0000] {logging_mixin.py:188} INFO - [2025-02-08T13:38:35.111+0000] {dag.py:3036} INFO - Sync 1 DAGs
[2025-02-08T13:38:35.163+0000] {logging_mixin.py:188} INFO - [2025-02-08T13:38:35.163+0000] {dag.py:3823} INFO - Setting next_dagrun for tutorial_taskflow_api to None, run_after=None
[2025-02-08T13:38:35.234+0000] {processor.py:183} INFO - Processing /home/airflow/.local/lib/python3.8/site-packages/airflow/example_dags/tutorial_taskflow_api.py took 0.262 seconds
[2025-02-08T13:39:05.451+0000] {processor.py:161} INFO - Started process (PID=3630) to work on /home/airflow/.local/lib/python3.8/site-packages/airflow/example_dags/tutorial_taskflow_api.py
[2025-02-08T13:39:05.453+0000] {processor.py:830} INFO - Processing file /home/airflow/.local/lib/python3.8/site-packages/airflow/example_dags/tutorial_taskflow_api.py for tasks to queue
[2025-02-08T13:39:05.457+0000] {logging_mixin.py:188} INFO - [2025-02-08T13:39:05.457+0000] {dagbag.py:538} INFO - Filling up the DagBag from /home/airflow/.local/lib/python3.8/site-packages/airflow/example_dags/tutorial_taskflow_api.py
[2025-02-08T13:39:05.468+0000] {processor.py:840} INFO - DAG(s) 'tutorial_taskflow_api' retrieved from /home/airflow/.local/lib/python3.8/site-packages/airflow/example_dags/tutorial_taskflow_api.py
[2025-02-08T13:39:05.537+0000] {logging_mixin.py:188} INFO - [2025-02-08T13:39:05.537+0000] {dag.py:3036} INFO - Sync 1 DAGs
[2025-02-08T13:39:05.574+0000] {logging_mixin.py:188} INFO - [2025-02-08T13:39:05.571+0000] {dag.py:3823} INFO - Setting next_dagrun for tutorial_taskflow_api to None, run_after=None
[2025-02-08T13:39:05.634+0000] {processor.py:183} INFO - Processing /home/airflow/.local/lib/python3.8/site-packages/airflow/example_dags/tutorial_taskflow_api.py took 0.191 seconds
[2025-02-08T13:39:36.417+0000] {processor.py:161} INFO - Started process (PID=3695) to work on /home/airflow/.local/lib/python3.8/site-packages/airflow/example_dags/tutorial_taskflow_api.py
[2025-02-08T13:39:36.419+0000] {processor.py:830} INFO - Processing file /home/airflow/.local/lib/python3.8/site-packages/airflow/example_dags/tutorial_taskflow_api.py for tasks to queue
[2025-02-08T13:39:36.428+0000] {logging_mixin.py:188} INFO - [2025-02-08T13:39:36.426+0000] {dagbag.py:538} INFO - Filling up the DagBag from /home/airflow/.local/lib/python3.8/site-packages/airflow/example_dags/tutorial_taskflow_api.py
[2025-02-08T13:39:36.457+0000] {processor.py:840} INFO - DAG(s) 'tutorial_taskflow_api' retrieved from /home/airflow/.local/lib/python3.8/site-packages/airflow/example_dags/tutorial_taskflow_api.py
[2025-02-08T13:39:36.533+0000] {logging_mixin.py:188} INFO - [2025-02-08T13:39:36.532+0000] {dag.py:3036} INFO - Sync 1 DAGs
[2025-02-08T13:39:36.596+0000] {logging_mixin.py:188} INFO - [2025-02-08T13:39:36.595+0000] {dag.py:3823} INFO - Setting next_dagrun for tutorial_taskflow_api to None, run_after=None
[2025-02-08T13:39:36.672+0000] {processor.py:183} INFO - Processing /home/airflow/.local/lib/python3.8/site-packages/airflow/example_dags/tutorial_taskflow_api.py took 0.281 seconds
[2025-02-08T13:40:07.212+0000] {processor.py:161} INFO - Started process (PID=3761) to work on /home/airflow/.local/lib/python3.8/site-packages/airflow/example_dags/tutorial_taskflow_api.py
[2025-02-08T13:40:07.214+0000] {processor.py:830} INFO - Processing file /home/airflow/.local/lib/python3.8/site-packages/airflow/example_dags/tutorial_taskflow_api.py for tasks to queue
[2025-02-08T13:40:07.218+0000] {logging_mixin.py:188} INFO - [2025-02-08T13:40:07.218+0000] {dagbag.py:538} INFO - Filling up the DagBag from /home/airflow/.local/lib/python3.8/site-packages/airflow/example_dags/tutorial_taskflow_api.py
[2025-02-08T13:40:07.233+0000] {processor.py:840} INFO - DAG(s) 'tutorial_taskflow_api' retrieved from /home/airflow/.local/lib/python3.8/site-packages/airflow/example_dags/tutorial_taskflow_api.py
[2025-02-08T13:40:07.313+0000] {logging_mixin.py:188} INFO - [2025-02-08T13:40:07.302+0000] {dag.py:3036} INFO - Sync 1 DAGs
[2025-02-08T13:40:07.351+0000] {logging_mixin.py:188} INFO - [2025-02-08T13:40:07.351+0000] {dag.py:3823} INFO - Setting next_dagrun for tutorial_taskflow_api to None, run_after=None
[2025-02-08T13:40:07.428+0000] {processor.py:183} INFO - Processing /home/airflow/.local/lib/python3.8/site-packages/airflow/example_dags/tutorial_taskflow_api.py took 0.224 seconds
[2025-02-08T13:40:41.441+0000] {processor.py:161} INFO - Started process (PID=3826) to work on /home/airflow/.local/lib/python3.8/site-packages/airflow/example_dags/tutorial_taskflow_api.py
[2025-02-08T13:40:41.446+0000] {processor.py:830} INFO - Processing file /home/airflow/.local/lib/python3.8/site-packages/airflow/example_dags/tutorial_taskflow_api.py for tasks to queue
[2025-02-08T13:40:41.475+0000] {logging_mixin.py:188} INFO - [2025-02-08T13:40:41.474+0000] {dagbag.py:538} INFO - Filling up the DagBag from /home/airflow/.local/lib/python3.8/site-packages/airflow/example_dags/tutorial_taskflow_api.py
[2025-02-08T13:40:41.634+0000] {processor.py:840} INFO - DAG(s) 'tutorial_taskflow_api' retrieved from /home/airflow/.local/lib/python3.8/site-packages/airflow/example_dags/tutorial_taskflow_api.py
[2025-02-08T13:40:42.112+0000] {logging_mixin.py:188} INFO - [2025-02-08T13:40:42.111+0000] {dag.py:3036} INFO - Sync 1 DAGs
[2025-02-08T13:40:42.333+0000] {logging_mixin.py:188} INFO - [2025-02-08T13:40:42.333+0000] {dag.py:3823} INFO - Setting next_dagrun for tutorial_taskflow_api to None, run_after=None
[2025-02-08T13:40:42.703+0000] {processor.py:183} INFO - Processing /home/airflow/.local/lib/python3.8/site-packages/airflow/example_dags/tutorial_taskflow_api.py took 1.396 seconds
[2025-02-08T13:42:04.210+0000] {processor.py:161} INFO - Started process (PID=3914) to work on /home/airflow/.local/lib/python3.8/site-packages/airflow/example_dags/tutorial_taskflow_api.py
[2025-02-08T13:42:04.241+0000] {processor.py:830} INFO - Processing file /home/airflow/.local/lib/python3.8/site-packages/airflow/example_dags/tutorial_taskflow_api.py for tasks to queue
[2025-02-08T13:42:04.262+0000] {logging_mixin.py:188} INFO - [2025-02-08T13:42:04.255+0000] {dagbag.py:538} INFO - Filling up the DagBag from /home/airflow/.local/lib/python3.8/site-packages/airflow/example_dags/tutorial_taskflow_api.py
[2025-02-08T13:42:04.701+0000] {processor.py:840} INFO - DAG(s) 'tutorial_taskflow_api' retrieved from /home/airflow/.local/lib/python3.8/site-packages/airflow/example_dags/tutorial_taskflow_api.py
[2025-02-08T13:42:05.042+0000] {logging_mixin.py:188} INFO - [2025-02-08T13:42:05.041+0000] {dag.py:3036} INFO - Sync 1 DAGs
[2025-02-08T13:42:05.235+0000] {logging_mixin.py:188} INFO - [2025-02-08T13:42:05.235+0000] {dag.py:3823} INFO - Setting next_dagrun for tutorial_taskflow_api to None, run_after=None
[2025-02-08T13:42:05.404+0000] {processor.py:183} INFO - Processing /home/airflow/.local/lib/python3.8/site-packages/airflow/example_dags/tutorial_taskflow_api.py took 1.229 seconds
[2025-02-08T13:43:01.414+0000] {processor.py:161} INFO - Started process (PID=3973) to work on /home/airflow/.local/lib/python3.8/site-packages/airflow/example_dags/tutorial_taskflow_api.py
[2025-02-08T13:43:01.440+0000] {processor.py:830} INFO - Processing file /home/airflow/.local/lib/python3.8/site-packages/airflow/example_dags/tutorial_taskflow_api.py for tasks to queue
[2025-02-08T13:43:01.459+0000] {logging_mixin.py:188} INFO - [2025-02-08T13:43:01.452+0000] {dagbag.py:538} INFO - Filling up the DagBag from /home/airflow/.local/lib/python3.8/site-packages/airflow/example_dags/tutorial_taskflow_api.py
[2025-02-08T13:43:01.495+0000] {processor.py:840} INFO - DAG(s) 'tutorial_taskflow_api' retrieved from /home/airflow/.local/lib/python3.8/site-packages/airflow/example_dags/tutorial_taskflow_api.py
[2025-02-08T13:43:01.660+0000] {logging_mixin.py:188} INFO - [2025-02-08T13:43:01.660+0000] {dag.py:3036} INFO - Sync 1 DAGs
[2025-02-08T13:43:01.759+0000] {logging_mixin.py:188} INFO - [2025-02-08T13:43:01.758+0000] {dag.py:3823} INFO - Setting next_dagrun for tutorial_taskflow_api to None, run_after=None
[2025-02-08T13:43:01.957+0000] {processor.py:183} INFO - Processing /home/airflow/.local/lib/python3.8/site-packages/airflow/example_dags/tutorial_taskflow_api.py took 0.565 seconds
[2025-02-08T13:43:32.715+0000] {processor.py:161} INFO - Started process (PID=4029) to work on /home/airflow/.local/lib/python3.8/site-packages/airflow/example_dags/tutorial_taskflow_api.py
[2025-02-08T13:43:32.718+0000] {processor.py:830} INFO - Processing file /home/airflow/.local/lib/python3.8/site-packages/airflow/example_dags/tutorial_taskflow_api.py for tasks to queue
[2025-02-08T13:43:32.723+0000] {logging_mixin.py:188} INFO - [2025-02-08T13:43:32.722+0000] {dagbag.py:538} INFO - Filling up the DagBag from /home/airflow/.local/lib/python3.8/site-packages/airflow/example_dags/tutorial_taskflow_api.py
[2025-02-08T13:43:32.737+0000] {processor.py:840} INFO - DAG(s) 'tutorial_taskflow_api' retrieved from /home/airflow/.local/lib/python3.8/site-packages/airflow/example_dags/tutorial_taskflow_api.py
[2025-02-08T13:43:32.801+0000] {logging_mixin.py:188} INFO - [2025-02-08T13:43:32.800+0000] {dag.py:3036} INFO - Sync 1 DAGs
[2025-02-08T13:43:32.839+0000] {logging_mixin.py:188} INFO - [2025-02-08T13:43:32.838+0000] {dag.py:3823} INFO - Setting next_dagrun for tutorial_taskflow_api to None, run_after=None
[2025-02-08T13:43:33.133+0000] {processor.py:183} INFO - Processing /home/airflow/.local/lib/python3.8/site-packages/airflow/example_dags/tutorial_taskflow_api.py took 0.430 seconds
[2025-02-08T13:44:03.667+0000] {processor.py:161} INFO - Started process (PID=4093) to work on /home/airflow/.local/lib/python3.8/site-packages/airflow/example_dags/tutorial_taskflow_api.py
[2025-02-08T13:44:03.670+0000] {processor.py:830} INFO - Processing file /home/airflow/.local/lib/python3.8/site-packages/airflow/example_dags/tutorial_taskflow_api.py for tasks to queue
[2025-02-08T13:44:03.726+0000] {logging_mixin.py:188} INFO - [2025-02-08T13:44:03.725+0000] {dagbag.py:538} INFO - Filling up the DagBag from /home/airflow/.local/lib/python3.8/site-packages/airflow/example_dags/tutorial_taskflow_api.py
[2025-02-08T13:44:03.930+0000] {processor.py:840} INFO - DAG(s) 'tutorial_taskflow_api' retrieved from /home/airflow/.local/lib/python3.8/site-packages/airflow/example_dags/tutorial_taskflow_api.py
[2025-02-08T13:44:04.458+0000] {logging_mixin.py:188} INFO - [2025-02-08T13:44:04.458+0000] {dag.py:3036} INFO - Sync 1 DAGs
[2025-02-08T13:44:04.556+0000] {logging_mixin.py:188} INFO - [2025-02-08T13:44:04.556+0000] {dag.py:3823} INFO - Setting next_dagrun for tutorial_taskflow_api to None, run_after=None
[2025-02-08T13:44:04.755+0000] {processor.py:183} INFO - Processing /home/airflow/.local/lib/python3.8/site-packages/airflow/example_dags/tutorial_taskflow_api.py took 1.100 seconds
[2025-02-08T13:44:42.572+0000] {processor.py:161} INFO - Started process (PID=4158) to work on /home/airflow/.local/lib/python3.8/site-packages/airflow/example_dags/tutorial_taskflow_api.py
[2025-02-08T13:44:42.584+0000] {processor.py:830} INFO - Processing file /home/airflow/.local/lib/python3.8/site-packages/airflow/example_dags/tutorial_taskflow_api.py for tasks to queue
[2025-02-08T13:44:42.596+0000] {logging_mixin.py:188} INFO - [2025-02-08T13:44:42.595+0000] {dagbag.py:538} INFO - Filling up the DagBag from /home/airflow/.local/lib/python3.8/site-packages/airflow/example_dags/tutorial_taskflow_api.py
[2025-02-08T13:44:42.653+0000] {processor.py:840} INFO - DAG(s) 'tutorial_taskflow_api' retrieved from /home/airflow/.local/lib/python3.8/site-packages/airflow/example_dags/tutorial_taskflow_api.py
[2025-02-08T13:44:42.810+0000] {logging_mixin.py:188} INFO - [2025-02-08T13:44:42.809+0000] {dag.py:3036} INFO - Sync 1 DAGs
[2025-02-08T13:44:42.895+0000] {logging_mixin.py:188} INFO - [2025-02-08T13:44:42.892+0000] {dag.py:3823} INFO - Setting next_dagrun for tutorial_taskflow_api to None, run_after=None
[2025-02-08T13:44:43.068+0000] {processor.py:183} INFO - Processing /home/airflow/.local/lib/python3.8/site-packages/airflow/example_dags/tutorial_taskflow_api.py took 0.506 seconds
[2025-02-08T13:45:13.707+0000] {processor.py:161} INFO - Started process (PID=4215) to work on /home/airflow/.local/lib/python3.8/site-packages/airflow/example_dags/tutorial_taskflow_api.py
[2025-02-08T13:45:13.736+0000] {processor.py:830} INFO - Processing file /home/airflow/.local/lib/python3.8/site-packages/airflow/example_dags/tutorial_taskflow_api.py for tasks to queue
[2025-02-08T13:45:13.765+0000] {logging_mixin.py:188} INFO - [2025-02-08T13:45:13.764+0000] {dagbag.py:538} INFO - Filling up the DagBag from /home/airflow/.local/lib/python3.8/site-packages/airflow/example_dags/tutorial_taskflow_api.py
[2025-02-08T13:45:13.830+0000] {processor.py:840} INFO - DAG(s) 'tutorial_taskflow_api' retrieved from /home/airflow/.local/lib/python3.8/site-packages/airflow/example_dags/tutorial_taskflow_api.py
[2025-02-08T13:45:13.964+0000] {logging_mixin.py:188} INFO - [2025-02-08T13:45:13.963+0000] {dag.py:3036} INFO - Sync 1 DAGs
[2025-02-08T13:45:14.113+0000] {logging_mixin.py:188} INFO - [2025-02-08T13:45:14.111+0000] {dag.py:3823} INFO - Setting next_dagrun for tutorial_taskflow_api to None, run_after=None
[2025-02-08T13:45:14.563+0000] {processor.py:183} INFO - Processing /home/airflow/.local/lib/python3.8/site-packages/airflow/example_dags/tutorial_taskflow_api.py took 0.873 seconds
[2025-02-08T13:45:44.746+0000] {processor.py:161} INFO - Started process (PID=4279) to work on /home/airflow/.local/lib/python3.8/site-packages/airflow/example_dags/tutorial_taskflow_api.py
[2025-02-08T13:45:44.750+0000] {processor.py:830} INFO - Processing file /home/airflow/.local/lib/python3.8/site-packages/airflow/example_dags/tutorial_taskflow_api.py for tasks to queue
[2025-02-08T13:45:44.756+0000] {logging_mixin.py:188} INFO - [2025-02-08T13:45:44.756+0000] {dagbag.py:538} INFO - Filling up the DagBag from /home/airflow/.local/lib/python3.8/site-packages/airflow/example_dags/tutorial_taskflow_api.py
[2025-02-08T13:45:44.779+0000] {processor.py:840} INFO - DAG(s) 'tutorial_taskflow_api' retrieved from /home/airflow/.local/lib/python3.8/site-packages/airflow/example_dags/tutorial_taskflow_api.py
[2025-02-08T13:45:44.847+0000] {logging_mixin.py:188} INFO - [2025-02-08T13:45:44.846+0000] {dag.py:3036} INFO - Sync 1 DAGs
[2025-02-08T13:45:44.887+0000] {logging_mixin.py:188} INFO - [2025-02-08T13:45:44.886+0000] {dag.py:3823} INFO - Setting next_dagrun for tutorial_taskflow_api to None, run_after=None
[2025-02-08T13:45:44.927+0000] {processor.py:183} INFO - Processing /home/airflow/.local/lib/python3.8/site-packages/airflow/example_dags/tutorial_taskflow_api.py took 0.195 seconds
[2025-02-08T13:46:22.060+0000] {processor.py:161} INFO - Started process (PID=4344) to work on /home/airflow/.local/lib/python3.8/site-packages/airflow/example_dags/tutorial_taskflow_api.py
[2025-02-08T13:46:22.120+0000] {processor.py:830} INFO - Processing file /home/airflow/.local/lib/python3.8/site-packages/airflow/example_dags/tutorial_taskflow_api.py for tasks to queue
[2025-02-08T13:46:22.156+0000] {logging_mixin.py:188} INFO - [2025-02-08T13:46:22.148+0000] {dagbag.py:538} INFO - Filling up the DagBag from /home/airflow/.local/lib/python3.8/site-packages/airflow/example_dags/tutorial_taskflow_api.py
[2025-02-08T13:46:22.260+0000] {processor.py:840} INFO - DAG(s) 'tutorial_taskflow_api' retrieved from /home/airflow/.local/lib/python3.8/site-packages/airflow/example_dags/tutorial_taskflow_api.py
[2025-02-08T13:46:22.558+0000] {logging_mixin.py:188} INFO - [2025-02-08T13:46:22.557+0000] {dag.py:3036} INFO - Sync 1 DAGs
[2025-02-08T13:46:22.756+0000] {logging_mixin.py:188} INFO - [2025-02-08T13:46:22.755+0000] {dag.py:3823} INFO - Setting next_dagrun for tutorial_taskflow_api to None, run_after=None
[2025-02-08T13:46:23.012+0000] {processor.py:183} INFO - Processing /home/airflow/.local/lib/python3.8/site-packages/airflow/example_dags/tutorial_taskflow_api.py took 0.989 seconds
[2025-02-08T13:47:06.725+0000] {processor.py:161} INFO - Started process (PID=4405) to work on /home/airflow/.local/lib/python3.8/site-packages/airflow/example_dags/tutorial_taskflow_api.py
[2025-02-08T13:47:06.790+0000] {processor.py:830} INFO - Processing file /home/airflow/.local/lib/python3.8/site-packages/airflow/example_dags/tutorial_taskflow_api.py for tasks to queue
[2025-02-08T13:47:06.795+0000] {logging_mixin.py:188} INFO - [2025-02-08T13:47:06.794+0000] {dagbag.py:538} INFO - Filling up the DagBag from /home/airflow/.local/lib/python3.8/site-packages/airflow/example_dags/tutorial_taskflow_api.py
[2025-02-08T13:47:06.945+0000] {processor.py:840} INFO - DAG(s) 'tutorial_taskflow_api' retrieved from /home/airflow/.local/lib/python3.8/site-packages/airflow/example_dags/tutorial_taskflow_api.py
[2025-02-08T13:47:07.483+0000] {logging_mixin.py:188} INFO - [2025-02-08T13:47:07.482+0000] {dag.py:3036} INFO - Sync 1 DAGs
[2025-02-08T13:47:07.928+0000] {logging_mixin.py:188} INFO - [2025-02-08T13:47:07.927+0000] {dag.py:3823} INFO - Setting next_dagrun for tutorial_taskflow_api to None, run_after=None
[2025-02-08T13:47:08.350+0000] {processor.py:183} INFO - Processing /home/airflow/.local/lib/python3.8/site-packages/airflow/example_dags/tutorial_taskflow_api.py took 1.689 seconds
[2025-02-08T13:47:47.483+0000] {processor.py:161} INFO - Started process (PID=4470) to work on /home/airflow/.local/lib/python3.8/site-packages/airflow/example_dags/tutorial_taskflow_api.py
[2025-02-08T13:47:47.491+0000] {processor.py:830} INFO - Processing file /home/airflow/.local/lib/python3.8/site-packages/airflow/example_dags/tutorial_taskflow_api.py for tasks to queue
[2025-02-08T13:47:47.519+0000] {logging_mixin.py:188} INFO - [2025-02-08T13:47:47.518+0000] {dagbag.py:538} INFO - Filling up the DagBag from /home/airflow/.local/lib/python3.8/site-packages/airflow/example_dags/tutorial_taskflow_api.py
[2025-02-08T13:47:47.584+0000] {processor.py:840} INFO - DAG(s) 'tutorial_taskflow_api' retrieved from /home/airflow/.local/lib/python3.8/site-packages/airflow/example_dags/tutorial_taskflow_api.py
[2025-02-08T13:47:48.369+0000] {logging_mixin.py:188} INFO - [2025-02-08T13:47:48.368+0000] {dag.py:3036} INFO - Sync 1 DAGs
[2025-02-08T13:47:48.629+0000] {logging_mixin.py:188} INFO - [2025-02-08T13:47:48.628+0000] {dag.py:3823} INFO - Setting next_dagrun for tutorial_taskflow_api to None, run_after=None
[2025-02-08T13:47:48.930+0000] {processor.py:183} INFO - Processing /home/airflow/.local/lib/python3.8/site-packages/airflow/example_dags/tutorial_taskflow_api.py took 1.781 seconds
[2025-02-08T13:48:19.478+0000] {processor.py:161} INFO - Started process (PID=4532) to work on /home/airflow/.local/lib/python3.8/site-packages/airflow/example_dags/tutorial_taskflow_api.py
[2025-02-08T13:48:19.488+0000] {processor.py:830} INFO - Processing file /home/airflow/.local/lib/python3.8/site-packages/airflow/example_dags/tutorial_taskflow_api.py for tasks to queue
[2025-02-08T13:48:19.498+0000] {logging_mixin.py:188} INFO - [2025-02-08T13:48:19.495+0000] {dagbag.py:538} INFO - Filling up the DagBag from /home/airflow/.local/lib/python3.8/site-packages/airflow/example_dags/tutorial_taskflow_api.py
[2025-02-08T13:48:19.521+0000] {processor.py:840} INFO - DAG(s) 'tutorial_taskflow_api' retrieved from /home/airflow/.local/lib/python3.8/site-packages/airflow/example_dags/tutorial_taskflow_api.py
[2025-02-08T13:48:19.614+0000] {logging_mixin.py:188} INFO - [2025-02-08T13:48:19.613+0000] {dag.py:3036} INFO - Sync 1 DAGs
[2025-02-08T13:48:19.661+0000] {logging_mixin.py:188} INFO - [2025-02-08T13:48:19.661+0000] {dag.py:3823} INFO - Setting next_dagrun for tutorial_taskflow_api to None, run_after=None
[2025-02-08T13:48:19.762+0000] {processor.py:183} INFO - Processing /home/airflow/.local/lib/python3.8/site-packages/airflow/example_dags/tutorial_taskflow_api.py took 0.307 seconds
[2025-02-08T13:48:49.920+0000] {processor.py:161} INFO - Started process (PID=4590) to work on /home/airflow/.local/lib/python3.8/site-packages/airflow/example_dags/tutorial_taskflow_api.py
[2025-02-08T13:48:49.924+0000] {processor.py:830} INFO - Processing file /home/airflow/.local/lib/python3.8/site-packages/airflow/example_dags/tutorial_taskflow_api.py for tasks to queue
[2025-02-08T13:48:49.938+0000] {logging_mixin.py:188} INFO - [2025-02-08T13:48:49.937+0000] {dagbag.py:538} INFO - Filling up the DagBag from /home/airflow/.local/lib/python3.8/site-packages/airflow/example_dags/tutorial_taskflow_api.py
[2025-02-08T13:48:49.959+0000] {processor.py:840} INFO - DAG(s) 'tutorial_taskflow_api' retrieved from /home/airflow/.local/lib/python3.8/site-packages/airflow/example_dags/tutorial_taskflow_api.py
[2025-02-08T13:48:50.010+0000] {logging_mixin.py:188} INFO - [2025-02-08T13:48:50.010+0000] {dag.py:3036} INFO - Sync 1 DAGs
[2025-02-08T13:48:50.058+0000] {logging_mixin.py:188} INFO - [2025-02-08T13:48:50.058+0000] {dag.py:3823} INFO - Setting next_dagrun for tutorial_taskflow_api to None, run_after=None
[2025-02-08T13:48:50.113+0000] {processor.py:183} INFO - Processing /home/airflow/.local/lib/python3.8/site-packages/airflow/example_dags/tutorial_taskflow_api.py took 0.204 seconds
