[2025-02-08T13:00:54.343+0000] {processor.py:161} INFO - Started process (PID=151) to work on /home/airflow/.local/lib/python3.8/site-packages/airflow/example_dags/tutorial.py
[2025-02-08T13:00:54.349+0000] {processor.py:830} INFO - Processing file /home/airflow/.local/lib/python3.8/site-packages/airflow/example_dags/tutorial.py for tasks to queue
[2025-02-08T13:00:54.353+0000] {logging_mixin.py:188} INFO - [2025-02-08T13:00:54.353+0000] {dagbag.py:538} INFO - Filling up the DagBag from /home/airflow/.local/lib/python3.8/site-packages/airflow/example_dags/tutorial.py
[2025-02-08T13:00:54.369+0000] {processor.py:840} INFO - DAG(s) 'tutorial' retrieved from /home/airflow/.local/lib/python3.8/site-packages/airflow/example_dags/tutorial.py
[2025-02-08T13:00:54.695+0000] {logging_mixin.py:188} INFO - [2025-02-08T13:00:54.694+0000] {dag.py:3036} INFO - Sync 1 DAGs
[2025-02-08T13:00:54.759+0000] {logging_mixin.py:188} INFO - [2025-02-08T13:00:54.759+0000] {dag.py:3823} INFO - Setting next_dagrun for tutorial to 2025-02-07 00:00:00+00:00, run_after=2025-02-08 00:00:00+00:00
[2025-02-08T13:00:54.812+0000] {processor.py:183} INFO - Processing /home/airflow/.local/lib/python3.8/site-packages/airflow/example_dags/tutorial.py took 0.479 seconds
[2025-02-08T13:01:25.632+0000] {processor.py:161} INFO - Started process (PID=216) to work on /home/airflow/.local/lib/python3.8/site-packages/airflow/example_dags/tutorial.py
[2025-02-08T13:01:25.635+0000] {processor.py:830} INFO - Processing file /home/airflow/.local/lib/python3.8/site-packages/airflow/example_dags/tutorial.py for tasks to queue
[2025-02-08T13:01:25.638+0000] {logging_mixin.py:188} INFO - [2025-02-08T13:01:25.637+0000] {dagbag.py:538} INFO - Filling up the DagBag from /home/airflow/.local/lib/python3.8/site-packages/airflow/example_dags/tutorial.py
[2025-02-08T13:01:25.647+0000] {processor.py:840} INFO - DAG(s) 'tutorial' retrieved from /home/airflow/.local/lib/python3.8/site-packages/airflow/example_dags/tutorial.py
[2025-02-08T13:01:25.696+0000] {logging_mixin.py:188} INFO - [2025-02-08T13:01:25.696+0000] {dag.py:3036} INFO - Sync 1 DAGs
[2025-02-08T13:01:25.738+0000] {logging_mixin.py:188} INFO - [2025-02-08T13:01:25.737+0000] {dag.py:3823} INFO - Setting next_dagrun for tutorial to 2025-02-07 00:00:00+00:00, run_after=2025-02-08 00:00:00+00:00
[2025-02-08T13:01:25.778+0000] {processor.py:183} INFO - Processing /home/airflow/.local/lib/python3.8/site-packages/airflow/example_dags/tutorial.py took 0.164 seconds
[2025-02-08T13:01:56.361+0000] {processor.py:161} INFO - Started process (PID=281) to work on /home/airflow/.local/lib/python3.8/site-packages/airflow/example_dags/tutorial.py
[2025-02-08T13:01:56.364+0000] {processor.py:830} INFO - Processing file /home/airflow/.local/lib/python3.8/site-packages/airflow/example_dags/tutorial.py for tasks to queue
[2025-02-08T13:01:56.367+0000] {logging_mixin.py:188} INFO - [2025-02-08T13:01:56.366+0000] {dagbag.py:538} INFO - Filling up the DagBag from /home/airflow/.local/lib/python3.8/site-packages/airflow/example_dags/tutorial.py
[2025-02-08T13:01:56.374+0000] {processor.py:840} INFO - DAG(s) 'tutorial' retrieved from /home/airflow/.local/lib/python3.8/site-packages/airflow/example_dags/tutorial.py
[2025-02-08T13:01:56.414+0000] {logging_mixin.py:188} INFO - [2025-02-08T13:01:56.414+0000] {dag.py:3036} INFO - Sync 1 DAGs
[2025-02-08T13:01:56.444+0000] {logging_mixin.py:188} INFO - [2025-02-08T13:01:56.444+0000] {dag.py:3823} INFO - Setting next_dagrun for tutorial to 2025-02-07 00:00:00+00:00, run_after=2025-02-08 00:00:00+00:00
[2025-02-08T13:01:56.477+0000] {processor.py:183} INFO - Processing /home/airflow/.local/lib/python3.8/site-packages/airflow/example_dags/tutorial.py took 0.122 seconds
[2025-02-08T13:02:27.235+0000] {processor.py:161} INFO - Started process (PID=345) to work on /home/airflow/.local/lib/python3.8/site-packages/airflow/example_dags/tutorial.py
[2025-02-08T13:02:27.237+0000] {processor.py:830} INFO - Processing file /home/airflow/.local/lib/python3.8/site-packages/airflow/example_dags/tutorial.py for tasks to queue
[2025-02-08T13:02:27.240+0000] {logging_mixin.py:188} INFO - [2025-02-08T13:02:27.239+0000] {dagbag.py:538} INFO - Filling up the DagBag from /home/airflow/.local/lib/python3.8/site-packages/airflow/example_dags/tutorial.py
[2025-02-08T13:02:27.247+0000] {processor.py:840} INFO - DAG(s) 'tutorial' retrieved from /home/airflow/.local/lib/python3.8/site-packages/airflow/example_dags/tutorial.py
[2025-02-08T13:02:27.278+0000] {logging_mixin.py:188} INFO - [2025-02-08T13:02:27.278+0000] {dag.py:3036} INFO - Sync 1 DAGs
[2025-02-08T13:02:27.311+0000] {logging_mixin.py:188} INFO - [2025-02-08T13:02:27.311+0000] {dag.py:3823} INFO - Setting next_dagrun for tutorial to 2025-02-07 00:00:00+00:00, run_after=2025-02-08 00:00:00+00:00
[2025-02-08T13:02:27.348+0000] {processor.py:183} INFO - Processing /home/airflow/.local/lib/python3.8/site-packages/airflow/example_dags/tutorial.py took 0.119 seconds
[2025-02-08T13:02:58.135+0000] {processor.py:161} INFO - Started process (PID=410) to work on /home/airflow/.local/lib/python3.8/site-packages/airflow/example_dags/tutorial.py
[2025-02-08T13:02:58.137+0000] {processor.py:830} INFO - Processing file /home/airflow/.local/lib/python3.8/site-packages/airflow/example_dags/tutorial.py for tasks to queue
[2025-02-08T13:02:58.140+0000] {logging_mixin.py:188} INFO - [2025-02-08T13:02:58.140+0000] {dagbag.py:538} INFO - Filling up the DagBag from /home/airflow/.local/lib/python3.8/site-packages/airflow/example_dags/tutorial.py
[2025-02-08T13:02:58.148+0000] {processor.py:840} INFO - DAG(s) 'tutorial' retrieved from /home/airflow/.local/lib/python3.8/site-packages/airflow/example_dags/tutorial.py
[2025-02-08T13:02:58.183+0000] {logging_mixin.py:188} INFO - [2025-02-08T13:02:58.183+0000] {dag.py:3036} INFO - Sync 1 DAGs
[2025-02-08T13:02:58.220+0000] {logging_mixin.py:188} INFO - [2025-02-08T13:02:58.220+0000] {dag.py:3823} INFO - Setting next_dagrun for tutorial to 2025-02-07 00:00:00+00:00, run_after=2025-02-08 00:00:00+00:00
[2025-02-08T13:02:58.250+0000] {processor.py:183} INFO - Processing /home/airflow/.local/lib/python3.8/site-packages/airflow/example_dags/tutorial.py took 0.120 seconds
[2025-02-08T13:03:29.045+0000] {processor.py:161} INFO - Started process (PID=481) to work on /home/airflow/.local/lib/python3.8/site-packages/airflow/example_dags/tutorial.py
[2025-02-08T13:03:29.051+0000] {processor.py:830} INFO - Processing file /home/airflow/.local/lib/python3.8/site-packages/airflow/example_dags/tutorial.py for tasks to queue
[2025-02-08T13:03:29.060+0000] {logging_mixin.py:188} INFO - [2025-02-08T13:03:29.060+0000] {dagbag.py:538} INFO - Filling up the DagBag from /home/airflow/.local/lib/python3.8/site-packages/airflow/example_dags/tutorial.py
[2025-02-08T13:03:29.091+0000] {processor.py:840} INFO - DAG(s) 'tutorial' retrieved from /home/airflow/.local/lib/python3.8/site-packages/airflow/example_dags/tutorial.py
[2025-02-08T13:03:29.164+0000] {logging_mixin.py:188} INFO - [2025-02-08T13:03:29.164+0000] {dag.py:3036} INFO - Sync 1 DAGs
[2025-02-08T13:03:29.253+0000] {logging_mixin.py:188} INFO - [2025-02-08T13:03:29.252+0000] {dag.py:3823} INFO - Setting next_dagrun for tutorial to 2025-02-07 00:00:00+00:00, run_after=2025-02-08 00:00:00+00:00
[2025-02-08T13:03:29.333+0000] {processor.py:183} INFO - Processing /home/airflow/.local/lib/python3.8/site-packages/airflow/example_dags/tutorial.py took 0.295 seconds
[2025-02-08T13:14:00.148+0000] {processor.py:161} INFO - Started process (PID=550) to work on /home/airflow/.local/lib/python3.8/site-packages/airflow/example_dags/tutorial.py
[2025-02-08T13:14:00.150+0000] {processor.py:830} INFO - Processing file /home/airflow/.local/lib/python3.8/site-packages/airflow/example_dags/tutorial.py for tasks to queue
[2025-02-08T13:14:00.153+0000] {logging_mixin.py:188} INFO - [2025-02-08T13:14:00.153+0000] {dagbag.py:538} INFO - Filling up the DagBag from /home/airflow/.local/lib/python3.8/site-packages/airflow/example_dags/tutorial.py
[2025-02-08T13:14:00.164+0000] {processor.py:840} INFO - DAG(s) 'tutorial' retrieved from /home/airflow/.local/lib/python3.8/site-packages/airflow/example_dags/tutorial.py
[2025-02-08T13:14:00.211+0000] {logging_mixin.py:188} INFO - [2025-02-08T13:14:00.210+0000] {dag.py:3036} INFO - Sync 1 DAGs
[2025-02-08T13:14:00.265+0000] {logging_mixin.py:188} INFO - [2025-02-08T13:14:00.264+0000] {dag.py:3823} INFO - Setting next_dagrun for tutorial to 2025-02-07 00:00:00+00:00, run_after=2025-02-08 00:00:00+00:00
[2025-02-08T13:14:00.351+0000] {processor.py:183} INFO - Processing /home/airflow/.local/lib/python3.8/site-packages/airflow/example_dags/tutorial.py took 0.208 seconds
[2025-02-08T13:14:30.451+0000] {processor.py:161} INFO - Started process (PID=615) to work on /home/airflow/.local/lib/python3.8/site-packages/airflow/example_dags/tutorial.py
[2025-02-08T13:14:30.454+0000] {processor.py:830} INFO - Processing file /home/airflow/.local/lib/python3.8/site-packages/airflow/example_dags/tutorial.py for tasks to queue
[2025-02-08T13:14:30.459+0000] {logging_mixin.py:188} INFO - [2025-02-08T13:14:30.458+0000] {dagbag.py:538} INFO - Filling up the DagBag from /home/airflow/.local/lib/python3.8/site-packages/airflow/example_dags/tutorial.py
[2025-02-08T13:14:30.480+0000] {processor.py:840} INFO - DAG(s) 'tutorial' retrieved from /home/airflow/.local/lib/python3.8/site-packages/airflow/example_dags/tutorial.py
[2025-02-08T13:14:30.531+0000] {logging_mixin.py:188} INFO - [2025-02-08T13:14:30.531+0000] {dag.py:3036} INFO - Sync 1 DAGs
[2025-02-08T13:14:30.575+0000] {logging_mixin.py:188} INFO - [2025-02-08T13:14:30.575+0000] {dag.py:3823} INFO - Setting next_dagrun for tutorial to 2025-02-07 00:00:00+00:00, run_after=2025-02-08 00:00:00+00:00
[2025-02-08T13:14:30.600+0000] {processor.py:183} INFO - Processing /home/airflow/.local/lib/python3.8/site-packages/airflow/example_dags/tutorial.py took 0.158 seconds
[2025-02-08T13:15:01.315+0000] {processor.py:161} INFO - Started process (PID=680) to work on /home/airflow/.local/lib/python3.8/site-packages/airflow/example_dags/tutorial.py
[2025-02-08T13:15:01.318+0000] {processor.py:830} INFO - Processing file /home/airflow/.local/lib/python3.8/site-packages/airflow/example_dags/tutorial.py for tasks to queue
[2025-02-08T13:15:01.322+0000] {logging_mixin.py:188} INFO - [2025-02-08T13:15:01.321+0000] {dagbag.py:538} INFO - Filling up the DagBag from /home/airflow/.local/lib/python3.8/site-packages/airflow/example_dags/tutorial.py
[2025-02-08T13:15:01.333+0000] {processor.py:840} INFO - DAG(s) 'tutorial' retrieved from /home/airflow/.local/lib/python3.8/site-packages/airflow/example_dags/tutorial.py
[2025-02-08T13:15:01.376+0000] {logging_mixin.py:188} INFO - [2025-02-08T13:15:01.376+0000] {dag.py:3036} INFO - Sync 1 DAGs
[2025-02-08T13:15:01.428+0000] {logging_mixin.py:188} INFO - [2025-02-08T13:15:01.428+0000] {dag.py:3823} INFO - Setting next_dagrun for tutorial to 2025-02-07 00:00:00+00:00, run_after=2025-02-08 00:00:00+00:00
[2025-02-08T13:15:01.471+0000] {processor.py:183} INFO - Processing /home/airflow/.local/lib/python3.8/site-packages/airflow/example_dags/tutorial.py took 0.162 seconds
[2025-02-08T13:15:33.434+0000] {processor.py:161} INFO - Started process (PID=745) to work on /home/airflow/.local/lib/python3.8/site-packages/airflow/example_dags/tutorial.py
[2025-02-08T13:15:33.437+0000] {processor.py:830} INFO - Processing file /home/airflow/.local/lib/python3.8/site-packages/airflow/example_dags/tutorial.py for tasks to queue
[2025-02-08T13:15:33.441+0000] {logging_mixin.py:188} INFO - [2025-02-08T13:15:33.441+0000] {dagbag.py:538} INFO - Filling up the DagBag from /home/airflow/.local/lib/python3.8/site-packages/airflow/example_dags/tutorial.py
[2025-02-08T13:15:33.453+0000] {processor.py:840} INFO - DAG(s) 'tutorial' retrieved from /home/airflow/.local/lib/python3.8/site-packages/airflow/example_dags/tutorial.py
[2025-02-08T13:15:33.496+0000] {logging_mixin.py:188} INFO - [2025-02-08T13:15:33.496+0000] {dag.py:3036} INFO - Sync 1 DAGs
[2025-02-08T13:15:33.540+0000] {logging_mixin.py:188} INFO - [2025-02-08T13:15:33.539+0000] {dag.py:3823} INFO - Setting next_dagrun for tutorial to 2025-02-07 00:00:00+00:00, run_after=2025-02-08 00:00:00+00:00
[2025-02-08T13:15:33.584+0000] {processor.py:183} INFO - Processing /home/airflow/.local/lib/python3.8/site-packages/airflow/example_dags/tutorial.py took 0.156 seconds
[2025-02-08T13:16:04.475+0000] {processor.py:161} INFO - Started process (PID=816) to work on /home/airflow/.local/lib/python3.8/site-packages/airflow/example_dags/tutorial.py
[2025-02-08T13:16:04.477+0000] {processor.py:830} INFO - Processing file /home/airflow/.local/lib/python3.8/site-packages/airflow/example_dags/tutorial.py for tasks to queue
[2025-02-08T13:16:04.482+0000] {logging_mixin.py:188} INFO - [2025-02-08T13:16:04.480+0000] {dagbag.py:538} INFO - Filling up the DagBag from /home/airflow/.local/lib/python3.8/site-packages/airflow/example_dags/tutorial.py
[2025-02-08T13:16:04.492+0000] {processor.py:840} INFO - DAG(s) 'tutorial' retrieved from /home/airflow/.local/lib/python3.8/site-packages/airflow/example_dags/tutorial.py
[2025-02-08T13:16:04.525+0000] {logging_mixin.py:188} INFO - [2025-02-08T13:16:04.524+0000] {dag.py:3036} INFO - Sync 1 DAGs
[2025-02-08T13:16:04.567+0000] {logging_mixin.py:188} INFO - [2025-02-08T13:16:04.566+0000] {dag.py:3823} INFO - Setting next_dagrun for tutorial to 2025-02-07 00:00:00+00:00, run_after=2025-02-08 00:00:00+00:00
[2025-02-08T13:16:04.599+0000] {processor.py:183} INFO - Processing /home/airflow/.local/lib/python3.8/site-packages/airflow/example_dags/tutorial.py took 0.130 seconds
[2025-02-08T13:16:35.506+0000] {processor.py:161} INFO - Started process (PID=882) to work on /home/airflow/.local/lib/python3.8/site-packages/airflow/example_dags/tutorial.py
[2025-02-08T13:16:35.510+0000] {processor.py:830} INFO - Processing file /home/airflow/.local/lib/python3.8/site-packages/airflow/example_dags/tutorial.py for tasks to queue
[2025-02-08T13:16:35.513+0000] {logging_mixin.py:188} INFO - [2025-02-08T13:16:35.513+0000] {dagbag.py:538} INFO - Filling up the DagBag from /home/airflow/.local/lib/python3.8/site-packages/airflow/example_dags/tutorial.py
[2025-02-08T13:16:35.525+0000] {processor.py:840} INFO - DAG(s) 'tutorial' retrieved from /home/airflow/.local/lib/python3.8/site-packages/airflow/example_dags/tutorial.py
[2025-02-08T13:16:35.561+0000] {logging_mixin.py:188} INFO - [2025-02-08T13:16:35.561+0000] {dag.py:3036} INFO - Sync 1 DAGs
[2025-02-08T13:16:35.597+0000] {logging_mixin.py:188} INFO - [2025-02-08T13:16:35.597+0000] {dag.py:3823} INFO - Setting next_dagrun for tutorial to 2025-02-07 00:00:00+00:00, run_after=2025-02-08 00:00:00+00:00
[2025-02-08T13:16:35.626+0000] {processor.py:183} INFO - Processing /home/airflow/.local/lib/python3.8/site-packages/airflow/example_dags/tutorial.py took 0.125 seconds
[2025-02-08T13:17:05.845+0000] {processor.py:161} INFO - Started process (PID=946) to work on /home/airflow/.local/lib/python3.8/site-packages/airflow/example_dags/tutorial.py
[2025-02-08T13:17:05.848+0000] {processor.py:830} INFO - Processing file /home/airflow/.local/lib/python3.8/site-packages/airflow/example_dags/tutorial.py for tasks to queue
[2025-02-08T13:17:05.854+0000] {logging_mixin.py:188} INFO - [2025-02-08T13:17:05.853+0000] {dagbag.py:538} INFO - Filling up the DagBag from /home/airflow/.local/lib/python3.8/site-packages/airflow/example_dags/tutorial.py
[2025-02-08T13:17:05.864+0000] {processor.py:840} INFO - DAG(s) 'tutorial' retrieved from /home/airflow/.local/lib/python3.8/site-packages/airflow/example_dags/tutorial.py
[2025-02-08T13:17:05.909+0000] {logging_mixin.py:188} INFO - [2025-02-08T13:17:05.909+0000] {dag.py:3036} INFO - Sync 1 DAGs
[2025-02-08T13:17:05.953+0000] {logging_mixin.py:188} INFO - [2025-02-08T13:17:05.952+0000] {dag.py:3823} INFO - Setting next_dagrun for tutorial to 2025-02-07 00:00:00+00:00, run_after=2025-02-08 00:00:00+00:00
[2025-02-08T13:17:05.991+0000] {processor.py:183} INFO - Processing /home/airflow/.local/lib/python3.8/site-packages/airflow/example_dags/tutorial.py took 0.152 seconds
[2025-02-08T13:17:36.845+0000] {processor.py:161} INFO - Started process (PID=1011) to work on /home/airflow/.local/lib/python3.8/site-packages/airflow/example_dags/tutorial.py
[2025-02-08T13:17:36.848+0000] {processor.py:830} INFO - Processing file /home/airflow/.local/lib/python3.8/site-packages/airflow/example_dags/tutorial.py for tasks to queue
[2025-02-08T13:17:36.852+0000] {logging_mixin.py:188} INFO - [2025-02-08T13:17:36.852+0000] {dagbag.py:538} INFO - Filling up the DagBag from /home/airflow/.local/lib/python3.8/site-packages/airflow/example_dags/tutorial.py
[2025-02-08T13:17:36.861+0000] {processor.py:840} INFO - DAG(s) 'tutorial' retrieved from /home/airflow/.local/lib/python3.8/site-packages/airflow/example_dags/tutorial.py
[2025-02-08T13:17:36.943+0000] {logging_mixin.py:188} INFO - [2025-02-08T13:17:36.928+0000] {dag.py:3036} INFO - Sync 1 DAGs
[2025-02-08T13:17:37.072+0000] {logging_mixin.py:188} INFO - [2025-02-08T13:17:37.072+0000] {dag.py:3823} INFO - Setting next_dagrun for tutorial to 2025-02-07 00:00:00+00:00, run_after=2025-02-08 00:00:00+00:00
[2025-02-08T13:17:37.109+0000] {processor.py:183} INFO - Processing /home/airflow/.local/lib/python3.8/site-packages/airflow/example_dags/tutorial.py took 0.269 seconds
[2025-02-08T13:18:07.911+0000] {processor.py:161} INFO - Started process (PID=1075) to work on /home/airflow/.local/lib/python3.8/site-packages/airflow/example_dags/tutorial.py
[2025-02-08T13:18:07.912+0000] {processor.py:830} INFO - Processing file /home/airflow/.local/lib/python3.8/site-packages/airflow/example_dags/tutorial.py for tasks to queue
[2025-02-08T13:18:07.915+0000] {logging_mixin.py:188} INFO - [2025-02-08T13:18:07.915+0000] {dagbag.py:538} INFO - Filling up the DagBag from /home/airflow/.local/lib/python3.8/site-packages/airflow/example_dags/tutorial.py
[2025-02-08T13:18:07.926+0000] {processor.py:840} INFO - DAG(s) 'tutorial' retrieved from /home/airflow/.local/lib/python3.8/site-packages/airflow/example_dags/tutorial.py
[2025-02-08T13:18:07.953+0000] {logging_mixin.py:188} INFO - [2025-02-08T13:18:07.953+0000] {dag.py:3036} INFO - Sync 1 DAGs
[2025-02-08T13:18:07.985+0000] {logging_mixin.py:188} INFO - [2025-02-08T13:18:07.985+0000] {dag.py:3823} INFO - Setting next_dagrun for tutorial to 2025-02-07 00:00:00+00:00, run_after=2025-02-08 00:00:00+00:00
[2025-02-08T13:18:08.013+0000] {processor.py:183} INFO - Processing /home/airflow/.local/lib/python3.8/site-packages/airflow/example_dags/tutorial.py took 0.108 seconds
[2025-02-08T13:18:38.447+0000] {processor.py:161} INFO - Started process (PID=1139) to work on /home/airflow/.local/lib/python3.8/site-packages/airflow/example_dags/tutorial.py
[2025-02-08T13:18:38.449+0000] {processor.py:830} INFO - Processing file /home/airflow/.local/lib/python3.8/site-packages/airflow/example_dags/tutorial.py for tasks to queue
[2025-02-08T13:18:38.451+0000] {logging_mixin.py:188} INFO - [2025-02-08T13:18:38.451+0000] {dagbag.py:538} INFO - Filling up the DagBag from /home/airflow/.local/lib/python3.8/site-packages/airflow/example_dags/tutorial.py
[2025-02-08T13:18:38.468+0000] {processor.py:840} INFO - DAG(s) 'tutorial' retrieved from /home/airflow/.local/lib/python3.8/site-packages/airflow/example_dags/tutorial.py
[2025-02-08T13:18:38.514+0000] {logging_mixin.py:188} INFO - [2025-02-08T13:18:38.514+0000] {dag.py:3036} INFO - Sync 1 DAGs
[2025-02-08T13:18:38.559+0000] {logging_mixin.py:188} INFO - [2025-02-08T13:18:38.556+0000] {dag.py:3823} INFO - Setting next_dagrun for tutorial to 2025-02-07 00:00:00+00:00, run_after=2025-02-08 00:00:00+00:00
[2025-02-08T13:18:38.599+0000] {processor.py:183} INFO - Processing /home/airflow/.local/lib/python3.8/site-packages/airflow/example_dags/tutorial.py took 0.163 seconds
[2025-02-08T13:19:09.998+0000] {processor.py:161} INFO - Started process (PID=1212) to work on /home/airflow/.local/lib/python3.8/site-packages/airflow/example_dags/tutorial.py
[2025-02-08T13:19:10.002+0000] {processor.py:830} INFO - Processing file /home/airflow/.local/lib/python3.8/site-packages/airflow/example_dags/tutorial.py for tasks to queue
[2025-02-08T13:19:10.017+0000] {logging_mixin.py:188} INFO - [2025-02-08T13:19:10.017+0000] {dagbag.py:538} INFO - Filling up the DagBag from /home/airflow/.local/lib/python3.8/site-packages/airflow/example_dags/tutorial.py
[2025-02-08T13:19:10.040+0000] {processor.py:840} INFO - DAG(s) 'tutorial' retrieved from /home/airflow/.local/lib/python3.8/site-packages/airflow/example_dags/tutorial.py
[2025-02-08T13:19:10.122+0000] {logging_mixin.py:188} INFO - [2025-02-08T13:19:10.122+0000] {dag.py:3036} INFO - Sync 1 DAGs
[2025-02-08T13:19:10.199+0000] {logging_mixin.py:188} INFO - [2025-02-08T13:19:10.199+0000] {dag.py:3823} INFO - Setting next_dagrun for tutorial to 2025-02-07 00:00:00+00:00, run_after=2025-02-08 00:00:00+00:00
[2025-02-08T13:19:10.269+0000] {processor.py:183} INFO - Processing /home/airflow/.local/lib/python3.8/site-packages/airflow/example_dags/tutorial.py took 0.292 seconds
[2025-02-08T13:19:42.689+0000] {processor.py:161} INFO - Started process (PID=1277) to work on /home/airflow/.local/lib/python3.8/site-packages/airflow/example_dags/tutorial.py
[2025-02-08T13:19:42.693+0000] {processor.py:830} INFO - Processing file /home/airflow/.local/lib/python3.8/site-packages/airflow/example_dags/tutorial.py for tasks to queue
[2025-02-08T13:19:42.696+0000] {logging_mixin.py:188} INFO - [2025-02-08T13:19:42.696+0000] {dagbag.py:538} INFO - Filling up the DagBag from /home/airflow/.local/lib/python3.8/site-packages/airflow/example_dags/tutorial.py
[2025-02-08T13:19:42.712+0000] {processor.py:840} INFO - DAG(s) 'tutorial' retrieved from /home/airflow/.local/lib/python3.8/site-packages/airflow/example_dags/tutorial.py
[2025-02-08T13:19:42.806+0000] {logging_mixin.py:188} INFO - [2025-02-08T13:19:42.806+0000] {dag.py:3036} INFO - Sync 1 DAGs
[2025-02-08T13:19:42.845+0000] {logging_mixin.py:188} INFO - [2025-02-08T13:19:42.844+0000] {dag.py:3823} INFO - Setting next_dagrun for tutorial to 2025-02-07 00:00:00+00:00, run_after=2025-02-08 00:00:00+00:00
[2025-02-08T13:19:42.889+0000] {processor.py:183} INFO - Processing /home/airflow/.local/lib/python3.8/site-packages/airflow/example_dags/tutorial.py took 0.205 seconds
[2025-02-08T13:20:13.089+0000] {processor.py:161} INFO - Started process (PID=1341) to work on /home/airflow/.local/lib/python3.8/site-packages/airflow/example_dags/tutorial.py
[2025-02-08T13:20:13.090+0000] {processor.py:830} INFO - Processing file /home/airflow/.local/lib/python3.8/site-packages/airflow/example_dags/tutorial.py for tasks to queue
[2025-02-08T13:20:13.093+0000] {logging_mixin.py:188} INFO - [2025-02-08T13:20:13.092+0000] {dagbag.py:538} INFO - Filling up the DagBag from /home/airflow/.local/lib/python3.8/site-packages/airflow/example_dags/tutorial.py
[2025-02-08T13:20:13.103+0000] {processor.py:840} INFO - DAG(s) 'tutorial' retrieved from /home/airflow/.local/lib/python3.8/site-packages/airflow/example_dags/tutorial.py
[2025-02-08T13:20:13.143+0000] {logging_mixin.py:188} INFO - [2025-02-08T13:20:13.143+0000] {dag.py:3036} INFO - Sync 1 DAGs
[2025-02-08T13:20:13.173+0000] {logging_mixin.py:188} INFO - [2025-02-08T13:20:13.173+0000] {dag.py:3823} INFO - Setting next_dagrun for tutorial to 2025-02-07 00:00:00+00:00, run_after=2025-02-08 00:00:00+00:00
[2025-02-08T13:20:13.200+0000] {processor.py:183} INFO - Processing /home/airflow/.local/lib/python3.8/site-packages/airflow/example_dags/tutorial.py took 0.116 seconds
[2025-02-08T13:20:43.372+0000] {processor.py:161} INFO - Started process (PID=1414) to work on /home/airflow/.local/lib/python3.8/site-packages/airflow/example_dags/tutorial.py
[2025-02-08T13:20:43.374+0000] {processor.py:830} INFO - Processing file /home/airflow/.local/lib/python3.8/site-packages/airflow/example_dags/tutorial.py for tasks to queue
[2025-02-08T13:20:43.378+0000] {logging_mixin.py:188} INFO - [2025-02-08T13:20:43.377+0000] {dagbag.py:538} INFO - Filling up the DagBag from /home/airflow/.local/lib/python3.8/site-packages/airflow/example_dags/tutorial.py
[2025-02-08T13:20:43.385+0000] {processor.py:840} INFO - DAG(s) 'tutorial' retrieved from /home/airflow/.local/lib/python3.8/site-packages/airflow/example_dags/tutorial.py
[2025-02-08T13:20:43.412+0000] {logging_mixin.py:188} INFO - [2025-02-08T13:20:43.412+0000] {dag.py:3036} INFO - Sync 1 DAGs
[2025-02-08T13:20:43.440+0000] {logging_mixin.py:188} INFO - [2025-02-08T13:20:43.440+0000] {dag.py:3823} INFO - Setting next_dagrun for tutorial to 2025-02-07 00:00:00+00:00, run_after=2025-02-08 00:00:00+00:00
[2025-02-08T13:20:43.466+0000] {processor.py:183} INFO - Processing /home/airflow/.local/lib/python3.8/site-packages/airflow/example_dags/tutorial.py took 0.098 seconds
[2025-02-08T13:21:13.745+0000] {processor.py:161} INFO - Started process (PID=1478) to work on /home/airflow/.local/lib/python3.8/site-packages/airflow/example_dags/tutorial.py
[2025-02-08T13:21:13.750+0000] {processor.py:830} INFO - Processing file /home/airflow/.local/lib/python3.8/site-packages/airflow/example_dags/tutorial.py for tasks to queue
[2025-02-08T13:21:13.754+0000] {logging_mixin.py:188} INFO - [2025-02-08T13:21:13.754+0000] {dagbag.py:538} INFO - Filling up the DagBag from /home/airflow/.local/lib/python3.8/site-packages/airflow/example_dags/tutorial.py
[2025-02-08T13:21:13.765+0000] {processor.py:840} INFO - DAG(s) 'tutorial' retrieved from /home/airflow/.local/lib/python3.8/site-packages/airflow/example_dags/tutorial.py
[2025-02-08T13:21:13.804+0000] {logging_mixin.py:188} INFO - [2025-02-08T13:21:13.803+0000] {dag.py:3036} INFO - Sync 1 DAGs
[2025-02-08T13:21:13.841+0000] {logging_mixin.py:188} INFO - [2025-02-08T13:21:13.841+0000] {dag.py:3823} INFO - Setting next_dagrun for tutorial to 2025-02-07 00:00:00+00:00, run_after=2025-02-08 00:00:00+00:00
[2025-02-08T13:21:13.870+0000] {processor.py:183} INFO - Processing /home/airflow/.local/lib/python3.8/site-packages/airflow/example_dags/tutorial.py took 0.130 seconds
[2025-02-08T13:21:45.061+0000] {processor.py:161} INFO - Started process (PID=1544) to work on /home/airflow/.local/lib/python3.8/site-packages/airflow/example_dags/tutorial.py
[2025-02-08T13:21:45.065+0000] {processor.py:830} INFO - Processing file /home/airflow/.local/lib/python3.8/site-packages/airflow/example_dags/tutorial.py for tasks to queue
[2025-02-08T13:21:45.074+0000] {logging_mixin.py:188} INFO - [2025-02-08T13:21:45.073+0000] {dagbag.py:538} INFO - Filling up the DagBag from /home/airflow/.local/lib/python3.8/site-packages/airflow/example_dags/tutorial.py
[2025-02-08T13:21:45.094+0000] {processor.py:840} INFO - DAG(s) 'tutorial' retrieved from /home/airflow/.local/lib/python3.8/site-packages/airflow/example_dags/tutorial.py
[2025-02-08T13:21:45.139+0000] {logging_mixin.py:188} INFO - [2025-02-08T13:21:45.139+0000] {dag.py:3036} INFO - Sync 1 DAGs
[2025-02-08T13:21:45.236+0000] {logging_mixin.py:188} INFO - [2025-02-08T13:21:45.236+0000] {dag.py:3823} INFO - Setting next_dagrun for tutorial to 2025-02-07 00:00:00+00:00, run_after=2025-02-08 00:00:00+00:00
[2025-02-08T13:21:45.295+0000] {processor.py:183} INFO - Processing /home/airflow/.local/lib/python3.8/site-packages/airflow/example_dags/tutorial.py took 0.240 seconds
[2025-02-08T13:22:15.865+0000] {processor.py:161} INFO - Started process (PID=1609) to work on /home/airflow/.local/lib/python3.8/site-packages/airflow/example_dags/tutorial.py
[2025-02-08T13:22:15.866+0000] {processor.py:830} INFO - Processing file /home/airflow/.local/lib/python3.8/site-packages/airflow/example_dags/tutorial.py for tasks to queue
[2025-02-08T13:22:15.873+0000] {logging_mixin.py:188} INFO - [2025-02-08T13:22:15.873+0000] {dagbag.py:538} INFO - Filling up the DagBag from /home/airflow/.local/lib/python3.8/site-packages/airflow/example_dags/tutorial.py
[2025-02-08T13:22:15.889+0000] {processor.py:840} INFO - DAG(s) 'tutorial' retrieved from /home/airflow/.local/lib/python3.8/site-packages/airflow/example_dags/tutorial.py
[2025-02-08T13:22:15.931+0000] {logging_mixin.py:188} INFO - [2025-02-08T13:22:15.931+0000] {dag.py:3036} INFO - Sync 1 DAGs
[2025-02-08T13:22:15.975+0000] {logging_mixin.py:188} INFO - [2025-02-08T13:22:15.975+0000] {dag.py:3823} INFO - Setting next_dagrun for tutorial to 2025-02-07 00:00:00+00:00, run_after=2025-02-08 00:00:00+00:00
[2025-02-08T13:22:16.013+0000] {processor.py:183} INFO - Processing /home/airflow/.local/lib/python3.8/site-packages/airflow/example_dags/tutorial.py took 0.154 seconds
[2025-02-08T13:22:47.340+0000] {processor.py:161} INFO - Started process (PID=1674) to work on /home/airflow/.local/lib/python3.8/site-packages/airflow/example_dags/tutorial.py
[2025-02-08T13:22:47.344+0000] {processor.py:830} INFO - Processing file /home/airflow/.local/lib/python3.8/site-packages/airflow/example_dags/tutorial.py for tasks to queue
[2025-02-08T13:22:47.347+0000] {logging_mixin.py:188} INFO - [2025-02-08T13:22:47.347+0000] {dagbag.py:538} INFO - Filling up the DagBag from /home/airflow/.local/lib/python3.8/site-packages/airflow/example_dags/tutorial.py
[2025-02-08T13:22:47.360+0000] {processor.py:840} INFO - DAG(s) 'tutorial' retrieved from /home/airflow/.local/lib/python3.8/site-packages/airflow/example_dags/tutorial.py
[2025-02-08T13:22:47.422+0000] {logging_mixin.py:188} INFO - [2025-02-08T13:22:47.422+0000] {dag.py:3036} INFO - Sync 1 DAGs
[2025-02-08T13:22:47.474+0000] {logging_mixin.py:188} INFO - [2025-02-08T13:22:47.473+0000] {dag.py:3823} INFO - Setting next_dagrun for tutorial to 2025-02-07 00:00:00+00:00, run_after=2025-02-08 00:00:00+00:00
[2025-02-08T13:22:47.515+0000] {processor.py:183} INFO - Processing /home/airflow/.local/lib/python3.8/site-packages/airflow/example_dags/tutorial.py took 0.182 seconds
[2025-02-08T13:23:18.005+0000] {processor.py:161} INFO - Started process (PID=1739) to work on /home/airflow/.local/lib/python3.8/site-packages/airflow/example_dags/tutorial.py
[2025-02-08T13:23:18.006+0000] {processor.py:830} INFO - Processing file /home/airflow/.local/lib/python3.8/site-packages/airflow/example_dags/tutorial.py for tasks to queue
[2025-02-08T13:23:18.010+0000] {logging_mixin.py:188} INFO - [2025-02-08T13:23:18.009+0000] {dagbag.py:538} INFO - Filling up the DagBag from /home/airflow/.local/lib/python3.8/site-packages/airflow/example_dags/tutorial.py
[2025-02-08T13:23:18.024+0000] {processor.py:840} INFO - DAG(s) 'tutorial' retrieved from /home/airflow/.local/lib/python3.8/site-packages/airflow/example_dags/tutorial.py
[2025-02-08T13:23:18.066+0000] {logging_mixin.py:188} INFO - [2025-02-08T13:23:18.066+0000] {dag.py:3036} INFO - Sync 1 DAGs
[2025-02-08T13:23:18.119+0000] {logging_mixin.py:188} INFO - [2025-02-08T13:23:18.119+0000] {dag.py:3823} INFO - Setting next_dagrun for tutorial to 2025-02-07 00:00:00+00:00, run_after=2025-02-08 00:00:00+00:00
[2025-02-08T13:23:18.158+0000] {processor.py:183} INFO - Processing /home/airflow/.local/lib/python3.8/site-packages/airflow/example_dags/tutorial.py took 0.159 seconds
[2025-02-08T13:23:48.805+0000] {processor.py:161} INFO - Started process (PID=1804) to work on /home/airflow/.local/lib/python3.8/site-packages/airflow/example_dags/tutorial.py
[2025-02-08T13:23:48.809+0000] {processor.py:830} INFO - Processing file /home/airflow/.local/lib/python3.8/site-packages/airflow/example_dags/tutorial.py for tasks to queue
[2025-02-08T13:23:48.813+0000] {logging_mixin.py:188} INFO - [2025-02-08T13:23:48.812+0000] {dagbag.py:538} INFO - Filling up the DagBag from /home/airflow/.local/lib/python3.8/site-packages/airflow/example_dags/tutorial.py
[2025-02-08T13:23:48.830+0000] {processor.py:840} INFO - DAG(s) 'tutorial' retrieved from /home/airflow/.local/lib/python3.8/site-packages/airflow/example_dags/tutorial.py
[2025-02-08T13:23:48.931+0000] {logging_mixin.py:188} INFO - [2025-02-08T13:23:48.931+0000] {dag.py:3036} INFO - Sync 1 DAGs
[2025-02-08T13:23:48.989+0000] {logging_mixin.py:188} INFO - [2025-02-08T13:23:48.986+0000] {dag.py:3823} INFO - Setting next_dagrun for tutorial to 2025-02-07 00:00:00+00:00, run_after=2025-02-08 00:00:00+00:00
[2025-02-08T13:23:49.053+0000] {processor.py:183} INFO - Processing /home/airflow/.local/lib/python3.8/site-packages/airflow/example_dags/tutorial.py took 0.255 seconds
[2025-02-08T13:24:19.444+0000] {processor.py:161} INFO - Started process (PID=1869) to work on /home/airflow/.local/lib/python3.8/site-packages/airflow/example_dags/tutorial.py
[2025-02-08T13:24:19.447+0000] {processor.py:830} INFO - Processing file /home/airflow/.local/lib/python3.8/site-packages/airflow/example_dags/tutorial.py for tasks to queue
[2025-02-08T13:24:19.453+0000] {logging_mixin.py:188} INFO - [2025-02-08T13:24:19.453+0000] {dagbag.py:538} INFO - Filling up the DagBag from /home/airflow/.local/lib/python3.8/site-packages/airflow/example_dags/tutorial.py
[2025-02-08T13:24:19.466+0000] {processor.py:840} INFO - DAG(s) 'tutorial' retrieved from /home/airflow/.local/lib/python3.8/site-packages/airflow/example_dags/tutorial.py
[2025-02-08T13:24:19.514+0000] {logging_mixin.py:188} INFO - [2025-02-08T13:24:19.513+0000] {dag.py:3036} INFO - Sync 1 DAGs
[2025-02-08T13:24:19.574+0000] {logging_mixin.py:188} INFO - [2025-02-08T13:24:19.574+0000] {dag.py:3823} INFO - Setting next_dagrun for tutorial to 2025-02-07 00:00:00+00:00, run_after=2025-02-08 00:00:00+00:00
[2025-02-08T13:24:19.619+0000] {processor.py:183} INFO - Processing /home/airflow/.local/lib/python3.8/site-packages/airflow/example_dags/tutorial.py took 0.184 seconds
[2025-02-08T13:24:50.789+0000] {processor.py:161} INFO - Started process (PID=1934) to work on /home/airflow/.local/lib/python3.8/site-packages/airflow/example_dags/tutorial.py
[2025-02-08T13:24:50.792+0000] {processor.py:830} INFO - Processing file /home/airflow/.local/lib/python3.8/site-packages/airflow/example_dags/tutorial.py for tasks to queue
[2025-02-08T13:24:50.795+0000] {logging_mixin.py:188} INFO - [2025-02-08T13:24:50.795+0000] {dagbag.py:538} INFO - Filling up the DagBag from /home/airflow/.local/lib/python3.8/site-packages/airflow/example_dags/tutorial.py
[2025-02-08T13:24:50.812+0000] {processor.py:840} INFO - DAG(s) 'tutorial' retrieved from /home/airflow/.local/lib/python3.8/site-packages/airflow/example_dags/tutorial.py
[2025-02-08T13:24:50.865+0000] {logging_mixin.py:188} INFO - [2025-02-08T13:24:50.865+0000] {dag.py:3036} INFO - Sync 1 DAGs
[2025-02-08T13:24:50.935+0000] {logging_mixin.py:188} INFO - [2025-02-08T13:24:50.934+0000] {dag.py:3823} INFO - Setting next_dagrun for tutorial to 2025-02-07 00:00:00+00:00, run_after=2025-02-08 00:00:00+00:00
[2025-02-08T13:24:50.974+0000] {processor.py:183} INFO - Processing /home/airflow/.local/lib/python3.8/site-packages/airflow/example_dags/tutorial.py took 0.191 seconds
[2025-02-08T13:25:22.026+0000] {processor.py:161} INFO - Started process (PID=1991) to work on /home/airflow/.local/lib/python3.8/site-packages/airflow/example_dags/tutorial.py
[2025-02-08T13:25:22.028+0000] {processor.py:830} INFO - Processing file /home/airflow/.local/lib/python3.8/site-packages/airflow/example_dags/tutorial.py for tasks to queue
[2025-02-08T13:25:22.057+0000] {logging_mixin.py:188} INFO - [2025-02-08T13:25:22.056+0000] {dagbag.py:538} INFO - Filling up the DagBag from /home/airflow/.local/lib/python3.8/site-packages/airflow/example_dags/tutorial.py
[2025-02-08T13:25:22.174+0000] {processor.py:840} INFO - DAG(s) 'tutorial' retrieved from /home/airflow/.local/lib/python3.8/site-packages/airflow/example_dags/tutorial.py
[2025-02-08T13:25:22.320+0000] {logging_mixin.py:188} INFO - [2025-02-08T13:25:22.320+0000] {dag.py:3036} INFO - Sync 1 DAGs
[2025-02-08T13:25:22.441+0000] {logging_mixin.py:188} INFO - [2025-02-08T13:25:22.441+0000] {dag.py:3823} INFO - Setting next_dagrun for tutorial to 2025-02-07 00:00:00+00:00, run_after=2025-02-08 00:00:00+00:00
[2025-02-08T13:25:22.506+0000] {processor.py:183} INFO - Processing /home/airflow/.local/lib/python3.8/site-packages/airflow/example_dags/tutorial.py took 0.498 seconds
[2025-02-08T13:25:54.102+0000] {processor.py:161} INFO - Started process (PID=2056) to work on /home/airflow/.local/lib/python3.8/site-packages/airflow/example_dags/tutorial.py
[2025-02-08T13:25:54.105+0000] {processor.py:830} INFO - Processing file /home/airflow/.local/lib/python3.8/site-packages/airflow/example_dags/tutorial.py for tasks to queue
[2025-02-08T13:25:54.110+0000] {logging_mixin.py:188} INFO - [2025-02-08T13:25:54.109+0000] {dagbag.py:538} INFO - Filling up the DagBag from /home/airflow/.local/lib/python3.8/site-packages/airflow/example_dags/tutorial.py
[2025-02-08T13:25:54.126+0000] {processor.py:840} INFO - DAG(s) 'tutorial' retrieved from /home/airflow/.local/lib/python3.8/site-packages/airflow/example_dags/tutorial.py
[2025-02-08T13:25:54.188+0000] {logging_mixin.py:188} INFO - [2025-02-08T13:25:54.187+0000] {dag.py:3036} INFO - Sync 1 DAGs
[2025-02-08T13:25:54.255+0000] {logging_mixin.py:188} INFO - [2025-02-08T13:25:54.254+0000] {dag.py:3823} INFO - Setting next_dagrun for tutorial to 2025-02-07 00:00:00+00:00, run_after=2025-02-08 00:00:00+00:00
[2025-02-08T13:25:54.326+0000] {processor.py:183} INFO - Processing /home/airflow/.local/lib/python3.8/site-packages/airflow/example_dags/tutorial.py took 0.232 seconds
[2025-02-08T13:26:25.887+0000] {processor.py:161} INFO - Started process (PID=2120) to work on /home/airflow/.local/lib/python3.8/site-packages/airflow/example_dags/tutorial.py
[2025-02-08T13:26:25.897+0000] {processor.py:830} INFO - Processing file /home/airflow/.local/lib/python3.8/site-packages/airflow/example_dags/tutorial.py for tasks to queue
[2025-02-08T13:26:25.968+0000] {logging_mixin.py:188} INFO - [2025-02-08T13:26:25.967+0000] {dagbag.py:538} INFO - Filling up the DagBag from /home/airflow/.local/lib/python3.8/site-packages/airflow/example_dags/tutorial.py
[2025-02-08T13:26:25.989+0000] {processor.py:840} INFO - DAG(s) 'tutorial' retrieved from /home/airflow/.local/lib/python3.8/site-packages/airflow/example_dags/tutorial.py
[2025-02-08T13:26:26.035+0000] {logging_mixin.py:188} INFO - [2025-02-08T13:26:26.034+0000] {dag.py:3036} INFO - Sync 1 DAGs
[2025-02-08T13:26:26.132+0000] {logging_mixin.py:188} INFO - [2025-02-08T13:26:26.131+0000] {dag.py:3823} INFO - Setting next_dagrun for tutorial to 2025-02-07 00:00:00+00:00, run_after=2025-02-08 00:00:00+00:00
[2025-02-08T13:26:26.318+0000] {processor.py:183} INFO - Processing /home/airflow/.local/lib/python3.8/site-packages/airflow/example_dags/tutorial.py took 0.447 seconds
[2025-02-08T13:26:58.353+0000] {processor.py:161} INFO - Started process (PID=2185) to work on /home/airflow/.local/lib/python3.8/site-packages/airflow/example_dags/tutorial.py
[2025-02-08T13:26:58.355+0000] {processor.py:830} INFO - Processing file /home/airflow/.local/lib/python3.8/site-packages/airflow/example_dags/tutorial.py for tasks to queue
[2025-02-08T13:26:58.374+0000] {logging_mixin.py:188} INFO - [2025-02-08T13:26:58.360+0000] {dagbag.py:538} INFO - Filling up the DagBag from /home/airflow/.local/lib/python3.8/site-packages/airflow/example_dags/tutorial.py
[2025-02-08T13:26:58.392+0000] {processor.py:840} INFO - DAG(s) 'tutorial' retrieved from /home/airflow/.local/lib/python3.8/site-packages/airflow/example_dags/tutorial.py
[2025-02-08T13:26:58.483+0000] {logging_mixin.py:188} INFO - [2025-02-08T13:26:58.482+0000] {dag.py:3036} INFO - Sync 1 DAGs
[2025-02-08T13:26:58.592+0000] {logging_mixin.py:188} INFO - [2025-02-08T13:26:58.591+0000] {dag.py:3823} INFO - Setting next_dagrun for tutorial to 2025-02-07 00:00:00+00:00, run_after=2025-02-08 00:00:00+00:00
[2025-02-08T13:26:58.668+0000] {processor.py:183} INFO - Processing /home/airflow/.local/lib/python3.8/site-packages/airflow/example_dags/tutorial.py took 0.322 seconds
[2025-02-08T13:27:28.859+0000] {processor.py:161} INFO - Started process (PID=2250) to work on /home/airflow/.local/lib/python3.8/site-packages/airflow/example_dags/tutorial.py
[2025-02-08T13:27:28.862+0000] {processor.py:830} INFO - Processing file /home/airflow/.local/lib/python3.8/site-packages/airflow/example_dags/tutorial.py for tasks to queue
[2025-02-08T13:27:28.868+0000] {logging_mixin.py:188} INFO - [2025-02-08T13:27:28.868+0000] {dagbag.py:538} INFO - Filling up the DagBag from /home/airflow/.local/lib/python3.8/site-packages/airflow/example_dags/tutorial.py
[2025-02-08T13:27:28.881+0000] {processor.py:840} INFO - DAG(s) 'tutorial' retrieved from /home/airflow/.local/lib/python3.8/site-packages/airflow/example_dags/tutorial.py
[2025-02-08T13:27:28.952+0000] {logging_mixin.py:188} INFO - [2025-02-08T13:27:28.952+0000] {dag.py:3036} INFO - Sync 1 DAGs
[2025-02-08T13:27:29.019+0000] {logging_mixin.py:188} INFO - [2025-02-08T13:27:29.019+0000] {dag.py:3823} INFO - Setting next_dagrun for tutorial to 2025-02-07 00:00:00+00:00, run_after=2025-02-08 00:00:00+00:00
[2025-02-08T13:27:29.072+0000] {processor.py:183} INFO - Processing /home/airflow/.local/lib/python3.8/site-packages/airflow/example_dags/tutorial.py took 0.221 seconds
[2025-02-08T13:27:59.329+0000] {processor.py:161} INFO - Started process (PID=2313) to work on /home/airflow/.local/lib/python3.8/site-packages/airflow/example_dags/tutorial.py
[2025-02-08T13:27:59.330+0000] {processor.py:830} INFO - Processing file /home/airflow/.local/lib/python3.8/site-packages/airflow/example_dags/tutorial.py for tasks to queue
[2025-02-08T13:27:59.334+0000] {logging_mixin.py:188} INFO - [2025-02-08T13:27:59.333+0000] {dagbag.py:538} INFO - Filling up the DagBag from /home/airflow/.local/lib/python3.8/site-packages/airflow/example_dags/tutorial.py
[2025-02-08T13:27:59.344+0000] {processor.py:840} INFO - DAG(s) 'tutorial' retrieved from /home/airflow/.local/lib/python3.8/site-packages/airflow/example_dags/tutorial.py
[2025-02-08T13:27:59.409+0000] {logging_mixin.py:188} INFO - [2025-02-08T13:27:59.408+0000] {dag.py:3036} INFO - Sync 1 DAGs
[2025-02-08T13:27:59.493+0000] {logging_mixin.py:188} INFO - [2025-02-08T13:27:59.493+0000] {dag.py:3823} INFO - Setting next_dagrun for tutorial to 2025-02-07 00:00:00+00:00, run_after=2025-02-08 00:00:00+00:00
[2025-02-08T13:27:59.584+0000] {processor.py:183} INFO - Processing /home/airflow/.local/lib/python3.8/site-packages/airflow/example_dags/tutorial.py took 0.262 seconds
[2025-02-08T13:28:29.634+0000] {processor.py:161} INFO - Started process (PID=2371) to work on /home/airflow/.local/lib/python3.8/site-packages/airflow/example_dags/tutorial.py
[2025-02-08T13:28:29.636+0000] {processor.py:830} INFO - Processing file /home/airflow/.local/lib/python3.8/site-packages/airflow/example_dags/tutorial.py for tasks to queue
[2025-02-08T13:28:29.638+0000] {logging_mixin.py:188} INFO - [2025-02-08T13:28:29.638+0000] {dagbag.py:538} INFO - Filling up the DagBag from /home/airflow/.local/lib/python3.8/site-packages/airflow/example_dags/tutorial.py
[2025-02-08T13:28:29.647+0000] {processor.py:840} INFO - DAG(s) 'tutorial' retrieved from /home/airflow/.local/lib/python3.8/site-packages/airflow/example_dags/tutorial.py
[2025-02-08T13:28:29.676+0000] {logging_mixin.py:188} INFO - [2025-02-08T13:28:29.676+0000] {dag.py:3036} INFO - Sync 1 DAGs
[2025-02-08T13:28:29.704+0000] {logging_mixin.py:188} INFO - [2025-02-08T13:28:29.703+0000] {dag.py:3823} INFO - Setting next_dagrun for tutorial to 2025-02-07 00:00:00+00:00, run_after=2025-02-08 00:00:00+00:00
[2025-02-08T13:28:29.734+0000] {processor.py:183} INFO - Processing /home/airflow/.local/lib/python3.8/site-packages/airflow/example_dags/tutorial.py took 0.104 seconds
[2025-02-08T13:29:00.094+0000] {processor.py:161} INFO - Started process (PID=2435) to work on /home/airflow/.local/lib/python3.8/site-packages/airflow/example_dags/tutorial.py
[2025-02-08T13:29:00.095+0000] {processor.py:830} INFO - Processing file /home/airflow/.local/lib/python3.8/site-packages/airflow/example_dags/tutorial.py for tasks to queue
[2025-02-08T13:29:00.098+0000] {logging_mixin.py:188} INFO - [2025-02-08T13:29:00.098+0000] {dagbag.py:538} INFO - Filling up the DagBag from /home/airflow/.local/lib/python3.8/site-packages/airflow/example_dags/tutorial.py
[2025-02-08T13:29:00.106+0000] {processor.py:840} INFO - DAG(s) 'tutorial' retrieved from /home/airflow/.local/lib/python3.8/site-packages/airflow/example_dags/tutorial.py
[2025-02-08T13:29:00.135+0000] {logging_mixin.py:188} INFO - [2025-02-08T13:29:00.134+0000] {dag.py:3036} INFO - Sync 1 DAGs
[2025-02-08T13:29:00.166+0000] {logging_mixin.py:188} INFO - [2025-02-08T13:29:00.166+0000] {dag.py:3823} INFO - Setting next_dagrun for tutorial to 2025-02-07 00:00:00+00:00, run_after=2025-02-08 00:00:00+00:00
[2025-02-08T13:29:00.205+0000] {processor.py:183} INFO - Processing /home/airflow/.local/lib/python3.8/site-packages/airflow/example_dags/tutorial.py took 0.119 seconds
[2025-02-08T13:29:31.015+0000] {processor.py:161} INFO - Started process (PID=2500) to work on /home/airflow/.local/lib/python3.8/site-packages/airflow/example_dags/tutorial.py
[2025-02-08T13:29:31.018+0000] {processor.py:830} INFO - Processing file /home/airflow/.local/lib/python3.8/site-packages/airflow/example_dags/tutorial.py for tasks to queue
[2025-02-08T13:29:31.022+0000] {logging_mixin.py:188} INFO - [2025-02-08T13:29:31.021+0000] {dagbag.py:538} INFO - Filling up the DagBag from /home/airflow/.local/lib/python3.8/site-packages/airflow/example_dags/tutorial.py
[2025-02-08T13:29:31.034+0000] {processor.py:840} INFO - DAG(s) 'tutorial' retrieved from /home/airflow/.local/lib/python3.8/site-packages/airflow/example_dags/tutorial.py
[2025-02-08T13:29:31.116+0000] {logging_mixin.py:188} INFO - [2025-02-08T13:29:31.115+0000] {dag.py:3036} INFO - Sync 1 DAGs
[2025-02-08T13:29:31.175+0000] {logging_mixin.py:188} INFO - [2025-02-08T13:29:31.175+0000] {dag.py:3823} INFO - Setting next_dagrun for tutorial to 2025-02-07 00:00:00+00:00, run_after=2025-02-08 00:00:00+00:00
[2025-02-08T13:29:31.277+0000] {processor.py:183} INFO - Processing /home/airflow/.local/lib/python3.8/site-packages/airflow/example_dags/tutorial.py took 0.278 seconds
[2025-02-08T13:30:02.424+0000] {processor.py:161} INFO - Started process (PID=2565) to work on /home/airflow/.local/lib/python3.8/site-packages/airflow/example_dags/tutorial.py
[2025-02-08T13:30:02.431+0000] {processor.py:830} INFO - Processing file /home/airflow/.local/lib/python3.8/site-packages/airflow/example_dags/tutorial.py for tasks to queue
[2025-02-08T13:30:02.438+0000] {logging_mixin.py:188} INFO - [2025-02-08T13:30:02.436+0000] {dagbag.py:538} INFO - Filling up the DagBag from /home/airflow/.local/lib/python3.8/site-packages/airflow/example_dags/tutorial.py
[2025-02-08T13:30:02.483+0000] {processor.py:840} INFO - DAG(s) 'tutorial' retrieved from /home/airflow/.local/lib/python3.8/site-packages/airflow/example_dags/tutorial.py
[2025-02-08T13:30:02.612+0000] {logging_mixin.py:188} INFO - [2025-02-08T13:30:02.611+0000] {dag.py:3036} INFO - Sync 1 DAGs
[2025-02-08T13:30:02.783+0000] {logging_mixin.py:188} INFO - [2025-02-08T13:30:02.783+0000] {dag.py:3823} INFO - Setting next_dagrun for tutorial to 2025-02-07 00:00:00+00:00, run_after=2025-02-08 00:00:00+00:00
[2025-02-08T13:30:02.994+0000] {processor.py:183} INFO - Processing /home/airflow/.local/lib/python3.8/site-packages/airflow/example_dags/tutorial.py took 0.580 seconds
[2025-02-08T13:30:34.220+0000] {processor.py:161} INFO - Started process (PID=2628) to work on /home/airflow/.local/lib/python3.8/site-packages/airflow/example_dags/tutorial.py
[2025-02-08T13:30:34.242+0000] {processor.py:830} INFO - Processing file /home/airflow/.local/lib/python3.8/site-packages/airflow/example_dags/tutorial.py for tasks to queue
[2025-02-08T13:30:34.263+0000] {logging_mixin.py:188} INFO - [2025-02-08T13:30:34.262+0000] {dagbag.py:538} INFO - Filling up the DagBag from /home/airflow/.local/lib/python3.8/site-packages/airflow/example_dags/tutorial.py
[2025-02-08T13:30:34.301+0000] {processor.py:840} INFO - DAG(s) 'tutorial' retrieved from /home/airflow/.local/lib/python3.8/site-packages/airflow/example_dags/tutorial.py
[2025-02-08T13:30:34.700+0000] {logging_mixin.py:188} INFO - [2025-02-08T13:30:34.699+0000] {dag.py:3036} INFO - Sync 1 DAGs
[2025-02-08T13:30:34.840+0000] {logging_mixin.py:188} INFO - [2025-02-08T13:30:34.840+0000] {dag.py:3823} INFO - Setting next_dagrun for tutorial to 2025-02-07 00:00:00+00:00, run_after=2025-02-08 00:00:00+00:00
[2025-02-08T13:30:34.929+0000] {processor.py:183} INFO - Processing /home/airflow/.local/lib/python3.8/site-packages/airflow/example_dags/tutorial.py took 0.728 seconds
[2025-02-08T13:31:05.061+0000] {processor.py:161} INFO - Started process (PID=2686) to work on /home/airflow/.local/lib/python3.8/site-packages/airflow/example_dags/tutorial.py
[2025-02-08T13:31:05.063+0000] {processor.py:830} INFO - Processing file /home/airflow/.local/lib/python3.8/site-packages/airflow/example_dags/tutorial.py for tasks to queue
[2025-02-08T13:31:05.065+0000] {logging_mixin.py:188} INFO - [2025-02-08T13:31:05.065+0000] {dagbag.py:538} INFO - Filling up the DagBag from /home/airflow/.local/lib/python3.8/site-packages/airflow/example_dags/tutorial.py
[2025-02-08T13:31:05.074+0000] {processor.py:840} INFO - DAG(s) 'tutorial' retrieved from /home/airflow/.local/lib/python3.8/site-packages/airflow/example_dags/tutorial.py
[2025-02-08T13:31:05.111+0000] {logging_mixin.py:188} INFO - [2025-02-08T13:31:05.111+0000] {dag.py:3036} INFO - Sync 1 DAGs
[2025-02-08T13:31:05.146+0000] {logging_mixin.py:188} INFO - [2025-02-08T13:31:05.146+0000] {dag.py:3823} INFO - Setting next_dagrun for tutorial to 2025-02-07 00:00:00+00:00, run_after=2025-02-08 00:00:00+00:00
[2025-02-08T13:31:05.209+0000] {processor.py:183} INFO - Processing /home/airflow/.local/lib/python3.8/site-packages/airflow/example_dags/tutorial.py took 0.153 seconds
[2025-02-08T13:31:35.801+0000] {processor.py:161} INFO - Started process (PID=2752) to work on /home/airflow/.local/lib/python3.8/site-packages/airflow/example_dags/tutorial.py
[2025-02-08T13:31:35.802+0000] {processor.py:830} INFO - Processing file /home/airflow/.local/lib/python3.8/site-packages/airflow/example_dags/tutorial.py for tasks to queue
[2025-02-08T13:31:35.812+0000] {logging_mixin.py:188} INFO - [2025-02-08T13:31:35.811+0000] {dagbag.py:538} INFO - Filling up the DagBag from /home/airflow/.local/lib/python3.8/site-packages/airflow/example_dags/tutorial.py
[2025-02-08T13:31:35.827+0000] {processor.py:840} INFO - DAG(s) 'tutorial' retrieved from /home/airflow/.local/lib/python3.8/site-packages/airflow/example_dags/tutorial.py
[2025-02-08T13:31:35.887+0000] {logging_mixin.py:188} INFO - [2025-02-08T13:31:35.886+0000] {dag.py:3036} INFO - Sync 1 DAGs
[2025-02-08T13:31:35.951+0000] {logging_mixin.py:188} INFO - [2025-02-08T13:31:35.950+0000] {dag.py:3823} INFO - Setting next_dagrun for tutorial to 2025-02-07 00:00:00+00:00, run_after=2025-02-08 00:00:00+00:00
[2025-02-08T13:31:36.012+0000] {processor.py:183} INFO - Processing /home/airflow/.local/lib/python3.8/site-packages/airflow/example_dags/tutorial.py took 0.216 seconds
[2025-02-08T13:32:06.781+0000] {processor.py:161} INFO - Started process (PID=2816) to work on /home/airflow/.local/lib/python3.8/site-packages/airflow/example_dags/tutorial.py
[2025-02-08T13:32:06.783+0000] {processor.py:830} INFO - Processing file /home/airflow/.local/lib/python3.8/site-packages/airflow/example_dags/tutorial.py for tasks to queue
[2025-02-08T13:32:06.787+0000] {logging_mixin.py:188} INFO - [2025-02-08T13:32:06.786+0000] {dagbag.py:538} INFO - Filling up the DagBag from /home/airflow/.local/lib/python3.8/site-packages/airflow/example_dags/tutorial.py
[2025-02-08T13:32:06.804+0000] {processor.py:840} INFO - DAG(s) 'tutorial' retrieved from /home/airflow/.local/lib/python3.8/site-packages/airflow/example_dags/tutorial.py
[2025-02-08T13:32:06.857+0000] {logging_mixin.py:188} INFO - [2025-02-08T13:32:06.856+0000] {dag.py:3036} INFO - Sync 1 DAGs
[2025-02-08T13:32:06.931+0000] {logging_mixin.py:188} INFO - [2025-02-08T13:32:06.929+0000] {dag.py:3823} INFO - Setting next_dagrun for tutorial to 2025-02-07 00:00:00+00:00, run_after=2025-02-08 00:00:00+00:00
[2025-02-08T13:32:06.986+0000] {processor.py:183} INFO - Processing /home/airflow/.local/lib/python3.8/site-packages/airflow/example_dags/tutorial.py took 0.217 seconds
[2025-02-08T13:32:37.102+0000] {processor.py:161} INFO - Started process (PID=2880) to work on /home/airflow/.local/lib/python3.8/site-packages/airflow/example_dags/tutorial.py
[2025-02-08T13:32:37.105+0000] {processor.py:830} INFO - Processing file /home/airflow/.local/lib/python3.8/site-packages/airflow/example_dags/tutorial.py for tasks to queue
[2025-02-08T13:32:37.112+0000] {logging_mixin.py:188} INFO - [2025-02-08T13:32:37.112+0000] {dagbag.py:538} INFO - Filling up the DagBag from /home/airflow/.local/lib/python3.8/site-packages/airflow/example_dags/tutorial.py
[2025-02-08T13:32:37.126+0000] {processor.py:840} INFO - DAG(s) 'tutorial' retrieved from /home/airflow/.local/lib/python3.8/site-packages/airflow/example_dags/tutorial.py
[2025-02-08T13:32:37.208+0000] {logging_mixin.py:188} INFO - [2025-02-08T13:32:37.207+0000] {dag.py:3036} INFO - Sync 1 DAGs
[2025-02-08T13:32:37.286+0000] {logging_mixin.py:188} INFO - [2025-02-08T13:32:37.286+0000] {dag.py:3823} INFO - Setting next_dagrun for tutorial to 2025-02-07 00:00:00+00:00, run_after=2025-02-08 00:00:00+00:00
[2025-02-08T13:32:37.352+0000] {processor.py:183} INFO - Processing /home/airflow/.local/lib/python3.8/site-packages/airflow/example_dags/tutorial.py took 0.264 seconds
[2025-02-08T13:33:07.563+0000] {processor.py:161} INFO - Started process (PID=2943) to work on /home/airflow/.local/lib/python3.8/site-packages/airflow/example_dags/tutorial.py
[2025-02-08T13:33:07.575+0000] {processor.py:830} INFO - Processing file /home/airflow/.local/lib/python3.8/site-packages/airflow/example_dags/tutorial.py for tasks to queue
[2025-02-08T13:33:07.585+0000] {logging_mixin.py:188} INFO - [2025-02-08T13:33:07.584+0000] {dagbag.py:538} INFO - Filling up the DagBag from /home/airflow/.local/lib/python3.8/site-packages/airflow/example_dags/tutorial.py
[2025-02-08T13:33:07.605+0000] {processor.py:840} INFO - DAG(s) 'tutorial' retrieved from /home/airflow/.local/lib/python3.8/site-packages/airflow/example_dags/tutorial.py
[2025-02-08T13:33:07.675+0000] {logging_mixin.py:188} INFO - [2025-02-08T13:33:07.675+0000] {dag.py:3036} INFO - Sync 1 DAGs
[2025-02-08T13:33:07.743+0000] {logging_mixin.py:188} INFO - [2025-02-08T13:33:07.743+0000] {dag.py:3823} INFO - Setting next_dagrun for tutorial to 2025-02-07 00:00:00+00:00, run_after=2025-02-08 00:00:00+00:00
[2025-02-08T13:33:07.807+0000] {processor.py:183} INFO - Processing /home/airflow/.local/lib/python3.8/site-packages/airflow/example_dags/tutorial.py took 0.262 seconds
[2025-02-08T13:33:38.550+0000] {processor.py:161} INFO - Started process (PID=3008) to work on /home/airflow/.local/lib/python3.8/site-packages/airflow/example_dags/tutorial.py
[2025-02-08T13:33:38.553+0000] {processor.py:830} INFO - Processing file /home/airflow/.local/lib/python3.8/site-packages/airflow/example_dags/tutorial.py for tasks to queue
[2025-02-08T13:33:38.561+0000] {logging_mixin.py:188} INFO - [2025-02-08T13:33:38.560+0000] {dagbag.py:538} INFO - Filling up the DagBag from /home/airflow/.local/lib/python3.8/site-packages/airflow/example_dags/tutorial.py
[2025-02-08T13:33:38.569+0000] {processor.py:840} INFO - DAG(s) 'tutorial' retrieved from /home/airflow/.local/lib/python3.8/site-packages/airflow/example_dags/tutorial.py
[2025-02-08T13:33:38.609+0000] {logging_mixin.py:188} INFO - [2025-02-08T13:33:38.608+0000] {dag.py:3036} INFO - Sync 1 DAGs
[2025-02-08T13:33:38.661+0000] {logging_mixin.py:188} INFO - [2025-02-08T13:33:38.661+0000] {dag.py:3823} INFO - Setting next_dagrun for tutorial to 2025-02-07 00:00:00+00:00, run_after=2025-02-08 00:00:00+00:00
[2025-02-08T13:33:38.935+0000] {processor.py:183} INFO - Processing /home/airflow/.local/lib/python3.8/site-packages/airflow/example_dags/tutorial.py took 0.394 seconds
[2025-02-08T13:34:09.214+0000] {processor.py:161} INFO - Started process (PID=3065) to work on /home/airflow/.local/lib/python3.8/site-packages/airflow/example_dags/tutorial.py
[2025-02-08T13:34:09.216+0000] {processor.py:830} INFO - Processing file /home/airflow/.local/lib/python3.8/site-packages/airflow/example_dags/tutorial.py for tasks to queue
[2025-02-08T13:34:09.220+0000] {logging_mixin.py:188} INFO - [2025-02-08T13:34:09.219+0000] {dagbag.py:538} INFO - Filling up the DagBag from /home/airflow/.local/lib/python3.8/site-packages/airflow/example_dags/tutorial.py
[2025-02-08T13:34:09.229+0000] {processor.py:840} INFO - DAG(s) 'tutorial' retrieved from /home/airflow/.local/lib/python3.8/site-packages/airflow/example_dags/tutorial.py
[2025-02-08T13:34:09.266+0000] {logging_mixin.py:188} INFO - [2025-02-08T13:34:09.266+0000] {dag.py:3036} INFO - Sync 1 DAGs
[2025-02-08T13:34:09.305+0000] {logging_mixin.py:188} INFO - [2025-02-08T13:34:09.305+0000] {dag.py:3823} INFO - Setting next_dagrun for tutorial to 2025-02-07 00:00:00+00:00, run_after=2025-02-08 00:00:00+00:00
[2025-02-08T13:34:09.347+0000] {processor.py:183} INFO - Processing /home/airflow/.local/lib/python3.8/site-packages/airflow/example_dags/tutorial.py took 0.140 seconds
[2025-02-08T13:34:40.655+0000] {processor.py:161} INFO - Started process (PID=3137) to work on /home/airflow/.local/lib/python3.8/site-packages/airflow/example_dags/tutorial.py
[2025-02-08T13:34:40.664+0000] {processor.py:830} INFO - Processing file /home/airflow/.local/lib/python3.8/site-packages/airflow/example_dags/tutorial.py for tasks to queue
[2025-02-08T13:34:40.673+0000] {logging_mixin.py:188} INFO - [2025-02-08T13:34:40.672+0000] {dagbag.py:538} INFO - Filling up the DagBag from /home/airflow/.local/lib/python3.8/site-packages/airflow/example_dags/tutorial.py
[2025-02-08T13:34:40.727+0000] {processor.py:840} INFO - DAG(s) 'tutorial' retrieved from /home/airflow/.local/lib/python3.8/site-packages/airflow/example_dags/tutorial.py
[2025-02-08T13:34:40.799+0000] {logging_mixin.py:188} INFO - [2025-02-08T13:34:40.798+0000] {dag.py:3036} INFO - Sync 1 DAGs
[2025-02-08T13:34:40.867+0000] {logging_mixin.py:188} INFO - [2025-02-08T13:34:40.867+0000] {dag.py:3823} INFO - Setting next_dagrun for tutorial to 2025-02-07 00:00:00+00:00, run_after=2025-02-08 00:00:00+00:00
[2025-02-08T13:34:40.915+0000] {processor.py:183} INFO - Processing /home/airflow/.local/lib/python3.8/site-packages/airflow/example_dags/tutorial.py took 0.284 seconds
[2025-02-08T13:35:34.300+0000] {processor.py:161} INFO - Started process (PID=3200) to work on /home/airflow/.local/lib/python3.8/site-packages/airflow/example_dags/tutorial.py
[2025-02-08T13:35:34.302+0000] {processor.py:830} INFO - Processing file /home/airflow/.local/lib/python3.8/site-packages/airflow/example_dags/tutorial.py for tasks to queue
[2025-02-08T13:35:34.320+0000] {logging_mixin.py:188} INFO - [2025-02-08T13:35:34.308+0000] {dagbag.py:538} INFO - Filling up the DagBag from /home/airflow/.local/lib/python3.8/site-packages/airflow/example_dags/tutorial.py
[2025-02-08T13:35:34.353+0000] {processor.py:840} INFO - DAG(s) 'tutorial' retrieved from /home/airflow/.local/lib/python3.8/site-packages/airflow/example_dags/tutorial.py
[2025-02-08T13:35:34.469+0000] {logging_mixin.py:188} INFO - [2025-02-08T13:35:34.469+0000] {dag.py:3036} INFO - Sync 1 DAGs
[2025-02-08T13:35:34.640+0000] {logging_mixin.py:188} INFO - [2025-02-08T13:35:34.640+0000] {dag.py:3823} INFO - Setting next_dagrun for tutorial to 2025-02-07 00:00:00+00:00, run_after=2025-02-08 00:00:00+00:00
[2025-02-08T13:35:34.796+0000] {processor.py:183} INFO - Processing /home/airflow/.local/lib/python3.8/site-packages/airflow/example_dags/tutorial.py took 0.523 seconds
[2025-02-08T13:36:07.313+0000] {processor.py:161} INFO - Started process (PID=3267) to work on /home/airflow/.local/lib/python3.8/site-packages/airflow/example_dags/tutorial.py
[2025-02-08T13:36:07.315+0000] {processor.py:830} INFO - Processing file /home/airflow/.local/lib/python3.8/site-packages/airflow/example_dags/tutorial.py for tasks to queue
[2025-02-08T13:36:07.318+0000] {logging_mixin.py:188} INFO - [2025-02-08T13:36:07.318+0000] {dagbag.py:538} INFO - Filling up the DagBag from /home/airflow/.local/lib/python3.8/site-packages/airflow/example_dags/tutorial.py
[2025-02-08T13:36:07.331+0000] {processor.py:840} INFO - DAG(s) 'tutorial' retrieved from /home/airflow/.local/lib/python3.8/site-packages/airflow/example_dags/tutorial.py
[2025-02-08T13:36:07.419+0000] {logging_mixin.py:188} INFO - [2025-02-08T13:36:07.418+0000] {dag.py:3036} INFO - Sync 1 DAGs
[2025-02-08T13:36:07.817+0000] {logging_mixin.py:188} INFO - [2025-02-08T13:36:07.816+0000] {dag.py:3823} INFO - Setting next_dagrun for tutorial to 2025-02-07 00:00:00+00:00, run_after=2025-02-08 00:00:00+00:00
[2025-02-08T13:36:07.890+0000] {processor.py:183} INFO - Processing /home/airflow/.local/lib/python3.8/site-packages/airflow/example_dags/tutorial.py took 0.588 seconds
[2025-02-08T13:36:38.168+0000] {processor.py:161} INFO - Started process (PID=3332) to work on /home/airflow/.local/lib/python3.8/site-packages/airflow/example_dags/tutorial.py
[2025-02-08T13:36:38.170+0000] {processor.py:830} INFO - Processing file /home/airflow/.local/lib/python3.8/site-packages/airflow/example_dags/tutorial.py for tasks to queue
[2025-02-08T13:36:38.173+0000] {logging_mixin.py:188} INFO - [2025-02-08T13:36:38.173+0000] {dagbag.py:538} INFO - Filling up the DagBag from /home/airflow/.local/lib/python3.8/site-packages/airflow/example_dags/tutorial.py
[2025-02-08T13:36:38.195+0000] {processor.py:840} INFO - DAG(s) 'tutorial' retrieved from /home/airflow/.local/lib/python3.8/site-packages/airflow/example_dags/tutorial.py
[2025-02-08T13:36:38.269+0000] {logging_mixin.py:188} INFO - [2025-02-08T13:36:38.269+0000] {dag.py:3036} INFO - Sync 1 DAGs
[2025-02-08T13:36:38.355+0000] {logging_mixin.py:188} INFO - [2025-02-08T13:36:38.355+0000] {dag.py:3823} INFO - Setting next_dagrun for tutorial to 2025-02-07 00:00:00+00:00, run_after=2025-02-08 00:00:00+00:00
[2025-02-08T13:36:38.837+0000] {processor.py:183} INFO - Processing /home/airflow/.local/lib/python3.8/site-packages/airflow/example_dags/tutorial.py took 0.685 seconds
[2025-02-08T13:37:09.206+0000] {processor.py:161} INFO - Started process (PID=3396) to work on /home/airflow/.local/lib/python3.8/site-packages/airflow/example_dags/tutorial.py
[2025-02-08T13:37:09.212+0000] {processor.py:830} INFO - Processing file /home/airflow/.local/lib/python3.8/site-packages/airflow/example_dags/tutorial.py for tasks to queue
[2025-02-08T13:37:09.218+0000] {logging_mixin.py:188} INFO - [2025-02-08T13:37:09.217+0000] {dagbag.py:538} INFO - Filling up the DagBag from /home/airflow/.local/lib/python3.8/site-packages/airflow/example_dags/tutorial.py
[2025-02-08T13:37:09.238+0000] {processor.py:840} INFO - DAG(s) 'tutorial' retrieved from /home/airflow/.local/lib/python3.8/site-packages/airflow/example_dags/tutorial.py
[2025-02-08T13:37:09.336+0000] {logging_mixin.py:188} INFO - [2025-02-08T13:37:09.335+0000] {dag.py:3036} INFO - Sync 1 DAGs
[2025-02-08T13:37:09.419+0000] {logging_mixin.py:188} INFO - [2025-02-08T13:37:09.418+0000] {dag.py:3823} INFO - Setting next_dagrun for tutorial to 2025-02-07 00:00:00+00:00, run_after=2025-02-08 00:00:00+00:00
[2025-02-08T13:37:09.504+0000] {processor.py:183} INFO - Processing /home/airflow/.local/lib/python3.8/site-packages/airflow/example_dags/tutorial.py took 0.304 seconds
[2025-02-08T13:37:39.779+0000] {processor.py:161} INFO - Started process (PID=3453) to work on /home/airflow/.local/lib/python3.8/site-packages/airflow/example_dags/tutorial.py
[2025-02-08T13:37:39.783+0000] {processor.py:830} INFO - Processing file /home/airflow/.local/lib/python3.8/site-packages/airflow/example_dags/tutorial.py for tasks to queue
[2025-02-08T13:37:39.790+0000] {logging_mixin.py:188} INFO - [2025-02-08T13:37:39.790+0000] {dagbag.py:538} INFO - Filling up the DagBag from /home/airflow/.local/lib/python3.8/site-packages/airflow/example_dags/tutorial.py
[2025-02-08T13:37:39.804+0000] {processor.py:840} INFO - DAG(s) 'tutorial' retrieved from /home/airflow/.local/lib/python3.8/site-packages/airflow/example_dags/tutorial.py
[2025-02-08T13:37:39.868+0000] {logging_mixin.py:188} INFO - [2025-02-08T13:37:39.868+0000] {dag.py:3036} INFO - Sync 1 DAGs
[2025-02-08T13:37:39.937+0000] {logging_mixin.py:188} INFO - [2025-02-08T13:37:39.936+0000] {dag.py:3823} INFO - Setting next_dagrun for tutorial to 2025-02-07 00:00:00+00:00, run_after=2025-02-08 00:00:00+00:00
[2025-02-08T13:37:40.035+0000] {processor.py:183} INFO - Processing /home/airflow/.local/lib/python3.8/site-packages/airflow/example_dags/tutorial.py took 0.267 seconds
[2025-02-08T13:38:10.257+0000] {processor.py:161} INFO - Started process (PID=3518) to work on /home/airflow/.local/lib/python3.8/site-packages/airflow/example_dags/tutorial.py
[2025-02-08T13:38:10.261+0000] {processor.py:830} INFO - Processing file /home/airflow/.local/lib/python3.8/site-packages/airflow/example_dags/tutorial.py for tasks to queue
[2025-02-08T13:38:10.266+0000] {logging_mixin.py:188} INFO - [2025-02-08T13:38:10.265+0000] {dagbag.py:538} INFO - Filling up the DagBag from /home/airflow/.local/lib/python3.8/site-packages/airflow/example_dags/tutorial.py
[2025-02-08T13:38:10.289+0000] {processor.py:840} INFO - DAG(s) 'tutorial' retrieved from /home/airflow/.local/lib/python3.8/site-packages/airflow/example_dags/tutorial.py
[2025-02-08T13:38:10.361+0000] {logging_mixin.py:188} INFO - [2025-02-08T13:38:10.358+0000] {dag.py:3036} INFO - Sync 1 DAGs
[2025-02-08T13:38:10.457+0000] {logging_mixin.py:188} INFO - [2025-02-08T13:38:10.457+0000] {dag.py:3823} INFO - Setting next_dagrun for tutorial to 2025-02-07 00:00:00+00:00, run_after=2025-02-08 00:00:00+00:00
[2025-02-08T13:38:10.552+0000] {processor.py:183} INFO - Processing /home/airflow/.local/lib/python3.8/site-packages/airflow/example_dags/tutorial.py took 0.306 seconds
[2025-02-08T13:38:41.223+0000] {processor.py:161} INFO - Started process (PID=3583) to work on /home/airflow/.local/lib/python3.8/site-packages/airflow/example_dags/tutorial.py
[2025-02-08T13:38:41.229+0000] {processor.py:830} INFO - Processing file /home/airflow/.local/lib/python3.8/site-packages/airflow/example_dags/tutorial.py for tasks to queue
[2025-02-08T13:38:41.239+0000] {logging_mixin.py:188} INFO - [2025-02-08T13:38:41.239+0000] {dagbag.py:538} INFO - Filling up the DagBag from /home/airflow/.local/lib/python3.8/site-packages/airflow/example_dags/tutorial.py
[2025-02-08T13:38:41.263+0000] {processor.py:840} INFO - DAG(s) 'tutorial' retrieved from /home/airflow/.local/lib/python3.8/site-packages/airflow/example_dags/tutorial.py
[2025-02-08T13:38:41.327+0000] {logging_mixin.py:188} INFO - [2025-02-08T13:38:41.325+0000] {dag.py:3036} INFO - Sync 1 DAGs
[2025-02-08T13:38:41.423+0000] {logging_mixin.py:188} INFO - [2025-02-08T13:38:41.423+0000] {dag.py:3823} INFO - Setting next_dagrun for tutorial to 2025-02-07 00:00:00+00:00, run_after=2025-02-08 00:00:00+00:00
[2025-02-08T13:38:41.539+0000] {processor.py:183} INFO - Processing /home/airflow/.local/lib/python3.8/site-packages/airflow/example_dags/tutorial.py took 0.322 seconds
[2025-02-08T13:39:11.918+0000] {processor.py:161} INFO - Started process (PID=3648) to work on /home/airflow/.local/lib/python3.8/site-packages/airflow/example_dags/tutorial.py
[2025-02-08T13:39:11.919+0000] {processor.py:830} INFO - Processing file /home/airflow/.local/lib/python3.8/site-packages/airflow/example_dags/tutorial.py for tasks to queue
[2025-02-08T13:39:11.944+0000] {logging_mixin.py:188} INFO - [2025-02-08T13:39:11.926+0000] {dagbag.py:538} INFO - Filling up the DagBag from /home/airflow/.local/lib/python3.8/site-packages/airflow/example_dags/tutorial.py
[2025-02-08T13:39:11.965+0000] {processor.py:840} INFO - DAG(s) 'tutorial' retrieved from /home/airflow/.local/lib/python3.8/site-packages/airflow/example_dags/tutorial.py
[2025-02-08T13:39:12.047+0000] {logging_mixin.py:188} INFO - [2025-02-08T13:39:12.046+0000] {dag.py:3036} INFO - Sync 1 DAGs
[2025-02-08T13:39:12.138+0000] {logging_mixin.py:188} INFO - [2025-02-08T13:39:12.138+0000] {dag.py:3823} INFO - Setting next_dagrun for tutorial to 2025-02-07 00:00:00+00:00, run_after=2025-02-08 00:00:00+00:00
[2025-02-08T13:39:12.215+0000] {processor.py:183} INFO - Processing /home/airflow/.local/lib/python3.8/site-packages/airflow/example_dags/tutorial.py took 0.304 seconds
[2025-02-08T13:39:43.082+0000] {processor.py:161} INFO - Started process (PID=3714) to work on /home/airflow/.local/lib/python3.8/site-packages/airflow/example_dags/tutorial.py
[2025-02-08T13:39:43.085+0000] {processor.py:830} INFO - Processing file /home/airflow/.local/lib/python3.8/site-packages/airflow/example_dags/tutorial.py for tasks to queue
[2025-02-08T13:39:43.097+0000] {logging_mixin.py:188} INFO - [2025-02-08T13:39:43.096+0000] {dagbag.py:538} INFO - Filling up the DagBag from /home/airflow/.local/lib/python3.8/site-packages/airflow/example_dags/tutorial.py
[2025-02-08T13:39:43.122+0000] {processor.py:840} INFO - DAG(s) 'tutorial' retrieved from /home/airflow/.local/lib/python3.8/site-packages/airflow/example_dags/tutorial.py
[2025-02-08T13:39:43.204+0000] {logging_mixin.py:188} INFO - [2025-02-08T13:39:43.204+0000] {dag.py:3036} INFO - Sync 1 DAGs
[2025-02-08T13:39:43.315+0000] {logging_mixin.py:188} INFO - [2025-02-08T13:39:43.315+0000] {dag.py:3823} INFO - Setting next_dagrun for tutorial to 2025-02-07 00:00:00+00:00, run_after=2025-02-08 00:00:00+00:00
[2025-02-08T13:39:43.405+0000] {processor.py:183} INFO - Processing /home/airflow/.local/lib/python3.8/site-packages/airflow/example_dags/tutorial.py took 0.331 seconds
[2025-02-08T13:40:14.184+0000] {processor.py:161} INFO - Started process (PID=3778) to work on /home/airflow/.local/lib/python3.8/site-packages/airflow/example_dags/tutorial.py
[2025-02-08T13:40:14.187+0000] {processor.py:830} INFO - Processing file /home/airflow/.local/lib/python3.8/site-packages/airflow/example_dags/tutorial.py for tasks to queue
[2025-02-08T13:40:14.193+0000] {logging_mixin.py:188} INFO - [2025-02-08T13:40:14.191+0000] {dagbag.py:538} INFO - Filling up the DagBag from /home/airflow/.local/lib/python3.8/site-packages/airflow/example_dags/tutorial.py
[2025-02-08T13:40:14.213+0000] {processor.py:840} INFO - DAG(s) 'tutorial' retrieved from /home/airflow/.local/lib/python3.8/site-packages/airflow/example_dags/tutorial.py
[2025-02-08T13:40:14.282+0000] {logging_mixin.py:188} INFO - [2025-02-08T13:40:14.281+0000] {dag.py:3036} INFO - Sync 1 DAGs
[2025-02-08T13:40:14.375+0000] {logging_mixin.py:188} INFO - [2025-02-08T13:40:14.374+0000] {dag.py:3823} INFO - Setting next_dagrun for tutorial to 2025-02-07 00:00:00+00:00, run_after=2025-02-08 00:00:00+00:00
[2025-02-08T13:40:14.445+0000] {processor.py:183} INFO - Processing /home/airflow/.local/lib/python3.8/site-packages/airflow/example_dags/tutorial.py took 0.272 seconds
[2025-02-08T13:40:47.952+0000] {processor.py:161} INFO - Started process (PID=3836) to work on /home/airflow/.local/lib/python3.8/site-packages/airflow/example_dags/tutorial.py
[2025-02-08T13:40:47.956+0000] {processor.py:830} INFO - Processing file /home/airflow/.local/lib/python3.8/site-packages/airflow/example_dags/tutorial.py for tasks to queue
[2025-02-08T13:40:47.964+0000] {logging_mixin.py:188} INFO - [2025-02-08T13:40:47.964+0000] {dagbag.py:538} INFO - Filling up the DagBag from /home/airflow/.local/lib/python3.8/site-packages/airflow/example_dags/tutorial.py
[2025-02-08T13:40:48.022+0000] {processor.py:840} INFO - DAG(s) 'tutorial' retrieved from /home/airflow/.local/lib/python3.8/site-packages/airflow/example_dags/tutorial.py
[2025-02-08T13:40:48.217+0000] {logging_mixin.py:188} INFO - [2025-02-08T13:40:48.216+0000] {dag.py:3036} INFO - Sync 1 DAGs
[2025-02-08T13:40:48.553+0000] {logging_mixin.py:188} INFO - [2025-02-08T13:40:48.552+0000] {dag.py:3823} INFO - Setting next_dagrun for tutorial to 2025-02-07 00:00:00+00:00, run_after=2025-02-08 00:00:00+00:00
[2025-02-08T13:40:48.817+0000] {processor.py:183} INFO - Processing /home/airflow/.local/lib/python3.8/site-packages/airflow/example_dags/tutorial.py took 0.901 seconds
[2025-02-08T13:42:18.537+0000] {processor.py:161} INFO - Started process (PID=3930) to work on /home/airflow/.local/lib/python3.8/site-packages/airflow/example_dags/tutorial.py
[2025-02-08T13:42:18.542+0000] {processor.py:830} INFO - Processing file /home/airflow/.local/lib/python3.8/site-packages/airflow/example_dags/tutorial.py for tasks to queue
[2025-02-08T13:42:18.604+0000] {logging_mixin.py:188} INFO - [2025-02-08T13:42:18.603+0000] {dagbag.py:538} INFO - Filling up the DagBag from /home/airflow/.local/lib/python3.8/site-packages/airflow/example_dags/tutorial.py
[2025-02-08T13:42:18.682+0000] {processor.py:840} INFO - DAG(s) 'tutorial' retrieved from /home/airflow/.local/lib/python3.8/site-packages/airflow/example_dags/tutorial.py
[2025-02-08T13:42:19.472+0000] {logging_mixin.py:188} INFO - [2025-02-08T13:42:19.471+0000] {dag.py:3036} INFO - Sync 1 DAGs
[2025-02-08T13:42:20.411+0000] {logging_mixin.py:188} INFO - [2025-02-08T13:42:20.411+0000] {dag.py:3823} INFO - Setting next_dagrun for tutorial to 2025-02-07 00:00:00+00:00, run_after=2025-02-08 00:00:00+00:00
[2025-02-08T13:42:21.026+0000] {processor.py:183} INFO - Processing /home/airflow/.local/lib/python3.8/site-packages/airflow/example_dags/tutorial.py took 2.685 seconds
[2025-02-08T13:43:19.755+0000] {processor.py:161} INFO - Started process (PID=4010) to work on /home/airflow/.local/lib/python3.8/site-packages/airflow/example_dags/tutorial.py
[2025-02-08T13:43:19.758+0000] {processor.py:830} INFO - Processing file /home/airflow/.local/lib/python3.8/site-packages/airflow/example_dags/tutorial.py for tasks to queue
[2025-02-08T13:43:19.764+0000] {logging_mixin.py:188} INFO - [2025-02-08T13:43:19.763+0000] {dagbag.py:538} INFO - Filling up the DagBag from /home/airflow/.local/lib/python3.8/site-packages/airflow/example_dags/tutorial.py
[2025-02-08T13:43:19.788+0000] {processor.py:840} INFO - DAG(s) 'tutorial' retrieved from /home/airflow/.local/lib/python3.8/site-packages/airflow/example_dags/tutorial.py
[2025-02-08T13:43:19.888+0000] {logging_mixin.py:188} INFO - [2025-02-08T13:43:19.888+0000] {dag.py:3036} INFO - Sync 1 DAGs
[2025-02-08T13:43:19.977+0000] {logging_mixin.py:188} INFO - [2025-02-08T13:43:19.977+0000] {dag.py:3823} INFO - Setting next_dagrun for tutorial to 2025-02-07 00:00:00+00:00, run_after=2025-02-08 00:00:00+00:00
[2025-02-08T13:43:20.047+0000] {processor.py:183} INFO - Processing /home/airflow/.local/lib/python3.8/site-packages/airflow/example_dags/tutorial.py took 0.300 seconds
[2025-02-08T13:43:51.690+0000] {processor.py:161} INFO - Started process (PID=4066) to work on /home/airflow/.local/lib/python3.8/site-packages/airflow/example_dags/tutorial.py
[2025-02-08T13:43:51.693+0000] {processor.py:830} INFO - Processing file /home/airflow/.local/lib/python3.8/site-packages/airflow/example_dags/tutorial.py for tasks to queue
[2025-02-08T13:43:51.699+0000] {logging_mixin.py:188} INFO - [2025-02-08T13:43:51.698+0000] {dagbag.py:538} INFO - Filling up the DagBag from /home/airflow/.local/lib/python3.8/site-packages/airflow/example_dags/tutorial.py
[2025-02-08T13:43:51.727+0000] {processor.py:840} INFO - DAG(s) 'tutorial' retrieved from /home/airflow/.local/lib/python3.8/site-packages/airflow/example_dags/tutorial.py
[2025-02-08T13:43:51.845+0000] {logging_mixin.py:188} INFO - [2025-02-08T13:43:51.844+0000] {dag.py:3036} INFO - Sync 1 DAGs
[2025-02-08T13:43:51.984+0000] {logging_mixin.py:188} INFO - [2025-02-08T13:43:51.983+0000] {dag.py:3823} INFO - Setting next_dagrun for tutorial to 2025-02-07 00:00:00+00:00, run_after=2025-02-08 00:00:00+00:00
[2025-02-08T13:43:52.189+0000] {processor.py:183} INFO - Processing /home/airflow/.local/lib/python3.8/site-packages/airflow/example_dags/tutorial.py took 0.508 seconds
[2025-02-08T13:44:26.376+0000] {processor.py:161} INFO - Started process (PID=4129) to work on /home/airflow/.local/lib/python3.8/site-packages/airflow/example_dags/tutorial.py
[2025-02-08T13:44:26.379+0000] {processor.py:830} INFO - Processing file /home/airflow/.local/lib/python3.8/site-packages/airflow/example_dags/tutorial.py for tasks to queue
[2025-02-08T13:44:26.411+0000] {logging_mixin.py:188} INFO - [2025-02-08T13:44:26.382+0000] {dagbag.py:538} INFO - Filling up the DagBag from /home/airflow/.local/lib/python3.8/site-packages/airflow/example_dags/tutorial.py
[2025-02-08T13:44:26.442+0000] {processor.py:840} INFO - DAG(s) 'tutorial' retrieved from /home/airflow/.local/lib/python3.8/site-packages/airflow/example_dags/tutorial.py
[2025-02-08T13:44:26.543+0000] {logging_mixin.py:188} INFO - [2025-02-08T13:44:26.542+0000] {dag.py:3036} INFO - Sync 1 DAGs
[2025-02-08T13:44:26.989+0000] {logging_mixin.py:188} INFO - [2025-02-08T13:44:26.988+0000] {dag.py:3823} INFO - Setting next_dagrun for tutorial to 2025-02-07 00:00:00+00:00, run_after=2025-02-08 00:00:00+00:00
[2025-02-08T13:44:27.296+0000] {processor.py:183} INFO - Processing /home/airflow/.local/lib/python3.8/site-packages/airflow/example_dags/tutorial.py took 0.929 seconds
[2025-02-08T13:44:57.894+0000] {processor.py:161} INFO - Started process (PID=4194) to work on /home/airflow/.local/lib/python3.8/site-packages/airflow/example_dags/tutorial.py
[2025-02-08T13:44:58.021+0000] {processor.py:830} INFO - Processing file /home/airflow/.local/lib/python3.8/site-packages/airflow/example_dags/tutorial.py for tasks to queue
[2025-02-08T13:44:58.037+0000] {logging_mixin.py:188} INFO - [2025-02-08T13:44:58.037+0000] {dagbag.py:538} INFO - Filling up the DagBag from /home/airflow/.local/lib/python3.8/site-packages/airflow/example_dags/tutorial.py
[2025-02-08T13:44:58.067+0000] {processor.py:840} INFO - DAG(s) 'tutorial' retrieved from /home/airflow/.local/lib/python3.8/site-packages/airflow/example_dags/tutorial.py
[2025-02-08T13:44:58.333+0000] {logging_mixin.py:188} INFO - [2025-02-08T13:44:58.333+0000] {dag.py:3036} INFO - Sync 1 DAGs
[2025-02-08T13:44:58.616+0000] {logging_mixin.py:188} INFO - [2025-02-08T13:44:58.616+0000] {dag.py:3823} INFO - Setting next_dagrun for tutorial to 2025-02-07 00:00:00+00:00, run_after=2025-02-08 00:00:00+00:00
[2025-02-08T13:44:58.733+0000] {processor.py:183} INFO - Processing /home/airflow/.local/lib/python3.8/site-packages/airflow/example_dags/tutorial.py took 0.860 seconds
[2025-02-08T13:45:29.681+0000] {processor.py:161} INFO - Started process (PID=4251) to work on /home/airflow/.local/lib/python3.8/site-packages/airflow/example_dags/tutorial.py
[2025-02-08T13:45:29.683+0000] {processor.py:830} INFO - Processing file /home/airflow/.local/lib/python3.8/site-packages/airflow/example_dags/tutorial.py for tasks to queue
[2025-02-08T13:45:29.687+0000] {logging_mixin.py:188} INFO - [2025-02-08T13:45:29.686+0000] {dagbag.py:538} INFO - Filling up the DagBag from /home/airflow/.local/lib/python3.8/site-packages/airflow/example_dags/tutorial.py
[2025-02-08T13:45:29.705+0000] {processor.py:840} INFO - DAG(s) 'tutorial' retrieved from /home/airflow/.local/lib/python3.8/site-packages/airflow/example_dags/tutorial.py
[2025-02-08T13:45:29.759+0000] {logging_mixin.py:188} INFO - [2025-02-08T13:45:29.759+0000] {dag.py:3036} INFO - Sync 1 DAGs
[2025-02-08T13:45:29.848+0000] {logging_mixin.py:188} INFO - [2025-02-08T13:45:29.847+0000] {dag.py:3823} INFO - Setting next_dagrun for tutorial to 2025-02-07 00:00:00+00:00, run_after=2025-02-08 00:00:00+00:00
[2025-02-08T13:45:29.914+0000] {processor.py:183} INFO - Processing /home/airflow/.local/lib/python3.8/site-packages/airflow/example_dags/tutorial.py took 0.241 seconds
[2025-02-08T13:46:06.203+0000] {processor.py:161} INFO - Started process (PID=4315) to work on /home/airflow/.local/lib/python3.8/site-packages/airflow/example_dags/tutorial.py
[2025-02-08T13:46:06.208+0000] {processor.py:830} INFO - Processing file /home/airflow/.local/lib/python3.8/site-packages/airflow/example_dags/tutorial.py for tasks to queue
[2025-02-08T13:46:06.228+0000] {logging_mixin.py:188} INFO - [2025-02-08T13:46:06.227+0000] {dagbag.py:538} INFO - Filling up the DagBag from /home/airflow/.local/lib/python3.8/site-packages/airflow/example_dags/tutorial.py
[2025-02-08T13:46:06.328+0000] {processor.py:840} INFO - DAG(s) 'tutorial' retrieved from /home/airflow/.local/lib/python3.8/site-packages/airflow/example_dags/tutorial.py
[2025-02-08T13:46:06.560+0000] {logging_mixin.py:188} INFO - [2025-02-08T13:46:06.559+0000] {dag.py:3036} INFO - Sync 1 DAGs
[2025-02-08T13:46:06.769+0000] {logging_mixin.py:188} INFO - [2025-02-08T13:46:06.768+0000] {dag.py:3823} INFO - Setting next_dagrun for tutorial to 2025-02-07 00:00:00+00:00, run_after=2025-02-08 00:00:00+00:00
[2025-02-08T13:46:06.988+0000] {processor.py:183} INFO - Processing /home/airflow/.local/lib/python3.8/site-packages/airflow/example_dags/tutorial.py took 0.800 seconds
[2025-02-08T13:46:52.666+0000] {processor.py:161} INFO - Started process (PID=4385) to work on /home/airflow/.local/lib/python3.8/site-packages/airflow/example_dags/tutorial.py
[2025-02-08T13:46:52.668+0000] {processor.py:830} INFO - Processing file /home/airflow/.local/lib/python3.8/site-packages/airflow/example_dags/tutorial.py for tasks to queue
[2025-02-08T13:46:52.702+0000] {logging_mixin.py:188} INFO - [2025-02-08T13:46:52.702+0000] {dagbag.py:538} INFO - Filling up the DagBag from /home/airflow/.local/lib/python3.8/site-packages/airflow/example_dags/tutorial.py
[2025-02-08T13:46:52.768+0000] {processor.py:840} INFO - DAG(s) 'tutorial' retrieved from /home/airflow/.local/lib/python3.8/site-packages/airflow/example_dags/tutorial.py
[2025-02-08T13:46:53.285+0000] {logging_mixin.py:188} INFO - [2025-02-08T13:46:53.284+0000] {dag.py:3036} INFO - Sync 1 DAGs
[2025-02-08T13:46:53.819+0000] {logging_mixin.py:188} INFO - [2025-02-08T13:46:53.801+0000] {dag.py:3823} INFO - Setting next_dagrun for tutorial to 2025-02-07 00:00:00+00:00, run_after=2025-02-08 00:00:00+00:00
[2025-02-08T13:46:54.148+0000] {processor.py:183} INFO - Processing /home/airflow/.local/lib/python3.8/site-packages/airflow/example_dags/tutorial.py took 1.519 seconds
[2025-02-08T13:47:44.779+0000] {processor.py:161} INFO - Started process (PID=4464) to work on /home/airflow/.local/lib/python3.8/site-packages/airflow/example_dags/tutorial.py
[2025-02-08T13:47:44.785+0000] {processor.py:830} INFO - Processing file /home/airflow/.local/lib/python3.8/site-packages/airflow/example_dags/tutorial.py for tasks to queue
[2025-02-08T13:47:44.796+0000] {logging_mixin.py:188} INFO - [2025-02-08T13:47:44.795+0000] {dagbag.py:538} INFO - Filling up the DagBag from /home/airflow/.local/lib/python3.8/site-packages/airflow/example_dags/tutorial.py
[2025-02-08T13:47:44.823+0000] {processor.py:840} INFO - DAG(s) 'tutorial' retrieved from /home/airflow/.local/lib/python3.8/site-packages/airflow/example_dags/tutorial.py
[2025-02-08T13:47:44.911+0000] {logging_mixin.py:188} INFO - [2025-02-08T13:47:44.911+0000] {dag.py:3036} INFO - Sync 1 DAGs
[2025-02-08T13:47:45.019+0000] {logging_mixin.py:188} INFO - [2025-02-08T13:47:45.019+0000] {dag.py:3823} INFO - Setting next_dagrun for tutorial to 2025-02-07 00:00:00+00:00, run_after=2025-02-08 00:00:00+00:00
[2025-02-08T13:47:45.100+0000] {processor.py:183} INFO - Processing /home/airflow/.local/lib/python3.8/site-packages/airflow/example_dags/tutorial.py took 0.330 seconds
[2025-02-08T13:48:15.775+0000] {processor.py:161} INFO - Started process (PID=4527) to work on /home/airflow/.local/lib/python3.8/site-packages/airflow/example_dags/tutorial.py
[2025-02-08T13:48:15.787+0000] {processor.py:830} INFO - Processing file /home/airflow/.local/lib/python3.8/site-packages/airflow/example_dags/tutorial.py for tasks to queue
[2025-02-08T13:48:15.792+0000] {logging_mixin.py:188} INFO - [2025-02-08T13:48:15.791+0000] {dagbag.py:538} INFO - Filling up the DagBag from /home/airflow/.local/lib/python3.8/site-packages/airflow/example_dags/tutorial.py
[2025-02-08T13:48:15.821+0000] {processor.py:840} INFO - DAG(s) 'tutorial' retrieved from /home/airflow/.local/lib/python3.8/site-packages/airflow/example_dags/tutorial.py
[2025-02-08T13:48:15.924+0000] {logging_mixin.py:188} INFO - [2025-02-08T13:48:15.924+0000] {dag.py:3036} INFO - Sync 1 DAGs
[2025-02-08T13:48:16.042+0000] {logging_mixin.py:188} INFO - [2025-02-08T13:48:16.041+0000] {dag.py:3823} INFO - Setting next_dagrun for tutorial to 2025-02-07 00:00:00+00:00, run_after=2025-02-08 00:00:00+00:00
[2025-02-08T13:48:16.121+0000] {processor.py:183} INFO - Processing /home/airflow/.local/lib/python3.8/site-packages/airflow/example_dags/tutorial.py took 0.359 seconds
[2025-02-08T13:48:46.961+0000] {processor.py:161} INFO - Started process (PID=4586) to work on /home/airflow/.local/lib/python3.8/site-packages/airflow/example_dags/tutorial.py
[2025-02-08T13:48:46.963+0000] {processor.py:830} INFO - Processing file /home/airflow/.local/lib/python3.8/site-packages/airflow/example_dags/tutorial.py for tasks to queue
[2025-02-08T13:48:46.971+0000] {logging_mixin.py:188} INFO - [2025-02-08T13:48:46.970+0000] {dagbag.py:538} INFO - Filling up the DagBag from /home/airflow/.local/lib/python3.8/site-packages/airflow/example_dags/tutorial.py
[2025-02-08T13:48:46.994+0000] {processor.py:840} INFO - DAG(s) 'tutorial' retrieved from /home/airflow/.local/lib/python3.8/site-packages/airflow/example_dags/tutorial.py
[2025-02-08T13:48:47.059+0000] {logging_mixin.py:188} INFO - [2025-02-08T13:48:47.057+0000] {dag.py:3036} INFO - Sync 1 DAGs
[2025-02-08T13:48:47.113+0000] {logging_mixin.py:188} INFO - [2025-02-08T13:48:47.112+0000] {dag.py:3823} INFO - Setting next_dagrun for tutorial to 2025-02-07 00:00:00+00:00, run_after=2025-02-08 00:00:00+00:00
[2025-02-08T13:48:47.216+0000] {processor.py:183} INFO - Processing /home/airflow/.local/lib/python3.8/site-packages/airflow/example_dags/tutorial.py took 0.272 seconds
[2025-02-08T13:49:17.344+0000] {processor.py:161} INFO - Started process (PID=4651) to work on /home/airflow/.local/lib/python3.8/site-packages/airflow/example_dags/tutorial.py
[2025-02-08T13:49:17.346+0000] {processor.py:830} INFO - Processing file /home/airflow/.local/lib/python3.8/site-packages/airflow/example_dags/tutorial.py for tasks to queue
[2025-02-08T13:49:17.350+0000] {logging_mixin.py:188} INFO - [2025-02-08T13:49:17.349+0000] {dagbag.py:538} INFO - Filling up the DagBag from /home/airflow/.local/lib/python3.8/site-packages/airflow/example_dags/tutorial.py
[2025-02-08T13:49:17.364+0000] {processor.py:840} INFO - DAG(s) 'tutorial' retrieved from /home/airflow/.local/lib/python3.8/site-packages/airflow/example_dags/tutorial.py
[2025-02-08T13:49:17.417+0000] {logging_mixin.py:188} INFO - [2025-02-08T13:49:17.417+0000] {dag.py:3036} INFO - Sync 1 DAGs
[2025-02-08T13:49:17.473+0000] {logging_mixin.py:188} INFO - [2025-02-08T13:49:17.472+0000] {dag.py:3823} INFO - Setting next_dagrun for tutorial to 2025-02-07 00:00:00+00:00, run_after=2025-02-08 00:00:00+00:00
[2025-02-08T13:49:17.516+0000] {processor.py:183} INFO - Processing /home/airflow/.local/lib/python3.8/site-packages/airflow/example_dags/tutorial.py took 0.182 seconds
