[2025-02-08T13:00:38.546+0000] {processor.py:161} INFO - Started process (PID=122) to work on /home/airflow/.local/lib/python3.8/site-packages/airflow/example_dags/tutorial_objectstorage.py
[2025-02-08T13:00:38.557+0000] {processor.py:830} INFO - Processing file /home/airflow/.local/lib/python3.8/site-packages/airflow/example_dags/tutorial_objectstorage.py for tasks to queue
[2025-02-08T13:00:38.573+0000] {logging_mixin.py:188} INFO - [2025-02-08T13:00:38.571+0000] {dagbag.py:538} INFO - Filling up the DagBag from /home/airflow/.local/lib/python3.8/site-packages/airflow/example_dags/tutorial_objectstorage.py
[2025-02-08T13:00:38.713+0000] {processor.py:840} INFO - DAG(s) 'tutorial_objectstorage' retrieved from /home/airflow/.local/lib/python3.8/site-packages/airflow/example_dags/tutorial_objectstorage.py
[2025-02-08T13:00:39.904+0000] {logging_mixin.py:188} INFO - [2025-02-08T13:00:39.904+0000] {dag.py:3036} INFO - Sync 1 DAGs
[2025-02-08T13:00:39.973+0000] {logging_mixin.py:188} INFO - [2025-02-08T13:00:39.968+0000] {dag.py:3823} INFO - Setting next_dagrun for tutorial_objectstorage to None, run_after=None
[2025-02-08T13:00:40.237+0000] {processor.py:183} INFO - Processing /home/airflow/.local/lib/python3.8/site-packages/airflow/example_dags/tutorial_objectstorage.py took 1.709 seconds
[2025-02-08T13:01:10.736+0000] {processor.py:161} INFO - Started process (PID=179) to work on /home/airflow/.local/lib/python3.8/site-packages/airflow/example_dags/tutorial_objectstorage.py
[2025-02-08T13:01:10.739+0000] {processor.py:830} INFO - Processing file /home/airflow/.local/lib/python3.8/site-packages/airflow/example_dags/tutorial_objectstorage.py for tasks to queue
[2025-02-08T13:01:10.742+0000] {logging_mixin.py:188} INFO - [2025-02-08T13:01:10.741+0000] {dagbag.py:538} INFO - Filling up the DagBag from /home/airflow/.local/lib/python3.8/site-packages/airflow/example_dags/tutorial_objectstorage.py
[2025-02-08T13:01:10.751+0000] {processor.py:840} INFO - DAG(s) 'tutorial_objectstorage' retrieved from /home/airflow/.local/lib/python3.8/site-packages/airflow/example_dags/tutorial_objectstorage.py
[2025-02-08T13:01:10.777+0000] {logging_mixin.py:188} INFO - [2025-02-08T13:01:10.777+0000] {dag.py:3036} INFO - Sync 1 DAGs
[2025-02-08T13:01:10.793+0000] {logging_mixin.py:188} INFO - [2025-02-08T13:01:10.793+0000] {dag.py:3823} INFO - Setting next_dagrun for tutorial_objectstorage to None, run_after=None
[2025-02-08T13:01:10.819+0000] {processor.py:183} INFO - Processing /home/airflow/.local/lib/python3.8/site-packages/airflow/example_dags/tutorial_objectstorage.py took 0.088 seconds
[2025-02-08T13:01:41.031+0000] {processor.py:161} INFO - Started process (PID=252) to work on /home/airflow/.local/lib/python3.8/site-packages/airflow/example_dags/tutorial_objectstorage.py
[2025-02-08T13:01:41.039+0000] {processor.py:830} INFO - Processing file /home/airflow/.local/lib/python3.8/site-packages/airflow/example_dags/tutorial_objectstorage.py for tasks to queue
[2025-02-08T13:01:41.043+0000] {logging_mixin.py:188} INFO - [2025-02-08T13:01:41.042+0000] {dagbag.py:538} INFO - Filling up the DagBag from /home/airflow/.local/lib/python3.8/site-packages/airflow/example_dags/tutorial_objectstorage.py
[2025-02-08T13:01:41.056+0000] {processor.py:840} INFO - DAG(s) 'tutorial_objectstorage' retrieved from /home/airflow/.local/lib/python3.8/site-packages/airflow/example_dags/tutorial_objectstorage.py
[2025-02-08T13:01:41.094+0000] {logging_mixin.py:188} INFO - [2025-02-08T13:01:41.094+0000] {dag.py:3036} INFO - Sync 1 DAGs
[2025-02-08T13:01:41.116+0000] {logging_mixin.py:188} INFO - [2025-02-08T13:01:41.116+0000] {dag.py:3823} INFO - Setting next_dagrun for tutorial_objectstorage to None, run_after=None
[2025-02-08T13:01:41.145+0000] {processor.py:183} INFO - Processing /home/airflow/.local/lib/python3.8/site-packages/airflow/example_dags/tutorial_objectstorage.py took 0.122 seconds
[2025-02-08T13:02:11.293+0000] {processor.py:161} INFO - Started process (PID=316) to work on /home/airflow/.local/lib/python3.8/site-packages/airflow/example_dags/tutorial_objectstorage.py
[2025-02-08T13:02:11.294+0000] {processor.py:830} INFO - Processing file /home/airflow/.local/lib/python3.8/site-packages/airflow/example_dags/tutorial_objectstorage.py for tasks to queue
[2025-02-08T13:02:11.297+0000] {logging_mixin.py:188} INFO - [2025-02-08T13:02:11.296+0000] {dagbag.py:538} INFO - Filling up the DagBag from /home/airflow/.local/lib/python3.8/site-packages/airflow/example_dags/tutorial_objectstorage.py
[2025-02-08T13:02:11.306+0000] {processor.py:840} INFO - DAG(s) 'tutorial_objectstorage' retrieved from /home/airflow/.local/lib/python3.8/site-packages/airflow/example_dags/tutorial_objectstorage.py
[2025-02-08T13:02:11.331+0000] {logging_mixin.py:188} INFO - [2025-02-08T13:02:11.331+0000] {dag.py:3036} INFO - Sync 1 DAGs
[2025-02-08T13:02:11.347+0000] {logging_mixin.py:188} INFO - [2025-02-08T13:02:11.346+0000] {dag.py:3823} INFO - Setting next_dagrun for tutorial_objectstorage to None, run_after=None
[2025-02-08T13:02:11.373+0000] {processor.py:183} INFO - Processing /home/airflow/.local/lib/python3.8/site-packages/airflow/example_dags/tutorial_objectstorage.py took 0.085 seconds
[2025-02-08T13:02:41.609+0000] {processor.py:161} INFO - Started process (PID=381) to work on /home/airflow/.local/lib/python3.8/site-packages/airflow/example_dags/tutorial_objectstorage.py
[2025-02-08T13:02:41.610+0000] {processor.py:830} INFO - Processing file /home/airflow/.local/lib/python3.8/site-packages/airflow/example_dags/tutorial_objectstorage.py for tasks to queue
[2025-02-08T13:02:41.612+0000] {logging_mixin.py:188} INFO - [2025-02-08T13:02:41.612+0000] {dagbag.py:538} INFO - Filling up the DagBag from /home/airflow/.local/lib/python3.8/site-packages/airflow/example_dags/tutorial_objectstorage.py
[2025-02-08T13:02:41.621+0000] {processor.py:840} INFO - DAG(s) 'tutorial_objectstorage' retrieved from /home/airflow/.local/lib/python3.8/site-packages/airflow/example_dags/tutorial_objectstorage.py
[2025-02-08T13:02:41.645+0000] {logging_mixin.py:188} INFO - [2025-02-08T13:02:41.645+0000] {dag.py:3036} INFO - Sync 1 DAGs
[2025-02-08T13:02:41.661+0000] {logging_mixin.py:188} INFO - [2025-02-08T13:02:41.660+0000] {dag.py:3823} INFO - Setting next_dagrun for tutorial_objectstorage to None, run_after=None
[2025-02-08T13:02:41.688+0000] {processor.py:183} INFO - Processing /home/airflow/.local/lib/python3.8/site-packages/airflow/example_dags/tutorial_objectstorage.py took 0.084 seconds
[2025-02-08T13:03:11.918+0000] {processor.py:161} INFO - Started process (PID=446) to work on /home/airflow/.local/lib/python3.8/site-packages/airflow/example_dags/tutorial_objectstorage.py
[2025-02-08T13:03:11.921+0000] {processor.py:830} INFO - Processing file /home/airflow/.local/lib/python3.8/site-packages/airflow/example_dags/tutorial_objectstorage.py for tasks to queue
[2025-02-08T13:03:11.924+0000] {logging_mixin.py:188} INFO - [2025-02-08T13:03:11.924+0000] {dagbag.py:538} INFO - Filling up the DagBag from /home/airflow/.local/lib/python3.8/site-packages/airflow/example_dags/tutorial_objectstorage.py
[2025-02-08T13:03:11.933+0000] {processor.py:840} INFO - DAG(s) 'tutorial_objectstorage' retrieved from /home/airflow/.local/lib/python3.8/site-packages/airflow/example_dags/tutorial_objectstorage.py
[2025-02-08T13:03:11.958+0000] {logging_mixin.py:188} INFO - [2025-02-08T13:03:11.957+0000] {dag.py:3036} INFO - Sync 1 DAGs
[2025-02-08T13:03:11.972+0000] {logging_mixin.py:188} INFO - [2025-02-08T13:03:11.972+0000] {dag.py:3823} INFO - Setting next_dagrun for tutorial_objectstorage to None, run_after=None
[2025-02-08T13:03:11.998+0000] {processor.py:183} INFO - Processing /home/airflow/.local/lib/python3.8/site-packages/airflow/example_dags/tutorial_objectstorage.py took 0.085 seconds
[2025-02-08T13:03:42.158+0000] {processor.py:161} INFO - Started process (PID=510) to work on /home/airflow/.local/lib/python3.8/site-packages/airflow/example_dags/tutorial_objectstorage.py
[2025-02-08T13:03:42.162+0000] {processor.py:830} INFO - Processing file /home/airflow/.local/lib/python3.8/site-packages/airflow/example_dags/tutorial_objectstorage.py for tasks to queue
[2025-02-08T13:03:42.166+0000] {logging_mixin.py:188} INFO - [2025-02-08T13:03:42.165+0000] {dagbag.py:538} INFO - Filling up the DagBag from /home/airflow/.local/lib/python3.8/site-packages/airflow/example_dags/tutorial_objectstorage.py
[2025-02-08T13:03:42.183+0000] {processor.py:840} INFO - DAG(s) 'tutorial_objectstorage' retrieved from /home/airflow/.local/lib/python3.8/site-packages/airflow/example_dags/tutorial_objectstorage.py
[2025-02-08T13:03:42.230+0000] {logging_mixin.py:188} INFO - [2025-02-08T13:03:42.229+0000] {dag.py:3036} INFO - Sync 1 DAGs
[2025-02-08T13:03:42.256+0000] {logging_mixin.py:188} INFO - [2025-02-08T13:03:42.255+0000] {dag.py:3823} INFO - Setting next_dagrun for tutorial_objectstorage to None, run_after=None
[2025-02-08T13:03:42.310+0000] {processor.py:183} INFO - Processing /home/airflow/.local/lib/python3.8/site-packages/airflow/example_dags/tutorial_objectstorage.py took 0.171 seconds
[2025-02-08T13:13:56.539+0000] {processor.py:161} INFO - Started process (PID=530) to work on /home/airflow/.local/lib/python3.8/site-packages/airflow/example_dags/tutorial_objectstorage.py
[2025-02-08T13:13:56.541+0000] {processor.py:830} INFO - Processing file /home/airflow/.local/lib/python3.8/site-packages/airflow/example_dags/tutorial_objectstorage.py for tasks to queue
[2025-02-08T13:13:56.545+0000] {logging_mixin.py:188} INFO - [2025-02-08T13:13:56.545+0000] {dagbag.py:538} INFO - Filling up the DagBag from /home/airflow/.local/lib/python3.8/site-packages/airflow/example_dags/tutorial_objectstorage.py
[2025-02-08T13:13:56.558+0000] {processor.py:840} INFO - DAG(s) 'tutorial_objectstorage' retrieved from /home/airflow/.local/lib/python3.8/site-packages/airflow/example_dags/tutorial_objectstorage.py
[2025-02-08T13:13:56.602+0000] {logging_mixin.py:188} INFO - [2025-02-08T13:13:56.602+0000] {dag.py:3036} INFO - Sync 1 DAGs
[2025-02-08T13:13:56.634+0000] {logging_mixin.py:188} INFO - [2025-02-08T13:13:56.634+0000] {dag.py:3823} INFO - Setting next_dagrun for tutorial_objectstorage to None, run_after=None
[2025-02-08T13:13:56.689+0000] {processor.py:183} INFO - Processing /home/airflow/.local/lib/python3.8/site-packages/airflow/example_dags/tutorial_objectstorage.py took 0.157 seconds
[2025-02-08T13:14:27.154+0000] {processor.py:161} INFO - Started process (PID=595) to work on /home/airflow/.local/lib/python3.8/site-packages/airflow/example_dags/tutorial_objectstorage.py
[2025-02-08T13:14:27.157+0000] {processor.py:830} INFO - Processing file /home/airflow/.local/lib/python3.8/site-packages/airflow/example_dags/tutorial_objectstorage.py for tasks to queue
[2025-02-08T13:14:27.161+0000] {logging_mixin.py:188} INFO - [2025-02-08T13:14:27.161+0000] {dagbag.py:538} INFO - Filling up the DagBag from /home/airflow/.local/lib/python3.8/site-packages/airflow/example_dags/tutorial_objectstorage.py
[2025-02-08T13:14:27.172+0000] {processor.py:840} INFO - DAG(s) 'tutorial_objectstorage' retrieved from /home/airflow/.local/lib/python3.8/site-packages/airflow/example_dags/tutorial_objectstorage.py
[2025-02-08T13:14:27.209+0000] {logging_mixin.py:188} INFO - [2025-02-08T13:14:27.209+0000] {dag.py:3036} INFO - Sync 1 DAGs
[2025-02-08T13:14:27.233+0000] {logging_mixin.py:188} INFO - [2025-02-08T13:14:27.233+0000] {dag.py:3823} INFO - Setting next_dagrun for tutorial_objectstorage to None, run_after=None
[2025-02-08T13:14:27.275+0000] {processor.py:183} INFO - Processing /home/airflow/.local/lib/python3.8/site-packages/airflow/example_dags/tutorial_objectstorage.py took 0.125 seconds
[2025-02-08T13:14:57.920+0000] {processor.py:161} INFO - Started process (PID=660) to work on /home/airflow/.local/lib/python3.8/site-packages/airflow/example_dags/tutorial_objectstorage.py
[2025-02-08T13:14:57.922+0000] {processor.py:830} INFO - Processing file /home/airflow/.local/lib/python3.8/site-packages/airflow/example_dags/tutorial_objectstorage.py for tasks to queue
[2025-02-08T13:14:57.928+0000] {logging_mixin.py:188} INFO - [2025-02-08T13:14:57.927+0000] {dagbag.py:538} INFO - Filling up the DagBag from /home/airflow/.local/lib/python3.8/site-packages/airflow/example_dags/tutorial_objectstorage.py
[2025-02-08T13:14:57.969+0000] {processor.py:840} INFO - DAG(s) 'tutorial_objectstorage' retrieved from /home/airflow/.local/lib/python3.8/site-packages/airflow/example_dags/tutorial_objectstorage.py
[2025-02-08T13:14:58.054+0000] {logging_mixin.py:188} INFO - [2025-02-08T13:14:58.053+0000] {dag.py:3036} INFO - Sync 1 DAGs
[2025-02-08T13:14:58.103+0000] {logging_mixin.py:188} INFO - [2025-02-08T13:14:58.102+0000] {dag.py:3823} INFO - Setting next_dagrun for tutorial_objectstorage to None, run_after=None
[2025-02-08T13:14:58.147+0000] {processor.py:183} INFO - Processing /home/airflow/.local/lib/python3.8/site-packages/airflow/example_dags/tutorial_objectstorage.py took 0.233 seconds
[2025-02-08T13:15:29.102+0000] {processor.py:161} INFO - Started process (PID=725) to work on /home/airflow/.local/lib/python3.8/site-packages/airflow/example_dags/tutorial_objectstorage.py
[2025-02-08T13:15:29.106+0000] {processor.py:830} INFO - Processing file /home/airflow/.local/lib/python3.8/site-packages/airflow/example_dags/tutorial_objectstorage.py for tasks to queue
[2025-02-08T13:15:29.111+0000] {logging_mixin.py:188} INFO - [2025-02-08T13:15:29.111+0000] {dagbag.py:538} INFO - Filling up the DagBag from /home/airflow/.local/lib/python3.8/site-packages/airflow/example_dags/tutorial_objectstorage.py
[2025-02-08T13:15:29.125+0000] {processor.py:840} INFO - DAG(s) 'tutorial_objectstorage' retrieved from /home/airflow/.local/lib/python3.8/site-packages/airflow/example_dags/tutorial_objectstorage.py
[2025-02-08T13:15:29.164+0000] {logging_mixin.py:188} INFO - [2025-02-08T13:15:29.163+0000] {dag.py:3036} INFO - Sync 1 DAGs
[2025-02-08T13:15:29.191+0000] {logging_mixin.py:188} INFO - [2025-02-08T13:15:29.190+0000] {dag.py:3823} INFO - Setting next_dagrun for tutorial_objectstorage to None, run_after=None
[2025-02-08T13:15:29.248+0000] {processor.py:183} INFO - Processing /home/airflow/.local/lib/python3.8/site-packages/airflow/example_dags/tutorial_objectstorage.py took 0.162 seconds
[2025-02-08T13:15:59.789+0000] {processor.py:161} INFO - Started process (PID=790) to work on /home/airflow/.local/lib/python3.8/site-packages/airflow/example_dags/tutorial_objectstorage.py
[2025-02-08T13:15:59.791+0000] {processor.py:830} INFO - Processing file /home/airflow/.local/lib/python3.8/site-packages/airflow/example_dags/tutorial_objectstorage.py for tasks to queue
[2025-02-08T13:15:59.797+0000] {logging_mixin.py:188} INFO - [2025-02-08T13:15:59.796+0000] {dagbag.py:538} INFO - Filling up the DagBag from /home/airflow/.local/lib/python3.8/site-packages/airflow/example_dags/tutorial_objectstorage.py
[2025-02-08T13:15:59.808+0000] {processor.py:840} INFO - DAG(s) 'tutorial_objectstorage' retrieved from /home/airflow/.local/lib/python3.8/site-packages/airflow/example_dags/tutorial_objectstorage.py
[2025-02-08T13:15:59.846+0000] {logging_mixin.py:188} INFO - [2025-02-08T13:15:59.846+0000] {dag.py:3036} INFO - Sync 1 DAGs
[2025-02-08T13:15:59.874+0000] {logging_mixin.py:188} INFO - [2025-02-08T13:15:59.873+0000] {dag.py:3823} INFO - Setting next_dagrun for tutorial_objectstorage to None, run_after=None
[2025-02-08T13:15:59.933+0000] {processor.py:183} INFO - Processing /home/airflow/.local/lib/python3.8/site-packages/airflow/example_dags/tutorial_objectstorage.py took 0.155 seconds
[2025-02-08T13:16:30.551+0000] {processor.py:161} INFO - Started process (PID=854) to work on /home/airflow/.local/lib/python3.8/site-packages/airflow/example_dags/tutorial_objectstorage.py
[2025-02-08T13:16:30.553+0000] {processor.py:830} INFO - Processing file /home/airflow/.local/lib/python3.8/site-packages/airflow/example_dags/tutorial_objectstorage.py for tasks to queue
[2025-02-08T13:16:30.557+0000] {logging_mixin.py:188} INFO - [2025-02-08T13:16:30.556+0000] {dagbag.py:538} INFO - Filling up the DagBag from /home/airflow/.local/lib/python3.8/site-packages/airflow/example_dags/tutorial_objectstorage.py
[2025-02-08T13:16:30.569+0000] {processor.py:840} INFO - DAG(s) 'tutorial_objectstorage' retrieved from /home/airflow/.local/lib/python3.8/site-packages/airflow/example_dags/tutorial_objectstorage.py
[2025-02-08T13:16:30.607+0000] {logging_mixin.py:188} INFO - [2025-02-08T13:16:30.607+0000] {dag.py:3036} INFO - Sync 1 DAGs
[2025-02-08T13:16:30.630+0000] {logging_mixin.py:188} INFO - [2025-02-08T13:16:30.630+0000] {dag.py:3823} INFO - Setting next_dagrun for tutorial_objectstorage to None, run_after=None
[2025-02-08T13:16:30.670+0000] {processor.py:183} INFO - Processing /home/airflow/.local/lib/python3.8/site-packages/airflow/example_dags/tutorial_objectstorage.py took 0.129 seconds
[2025-02-08T13:17:00.765+0000] {processor.py:161} INFO - Started process (PID=919) to work on /home/airflow/.local/lib/python3.8/site-packages/airflow/example_dags/tutorial_objectstorage.py
[2025-02-08T13:17:00.766+0000] {processor.py:830} INFO - Processing file /home/airflow/.local/lib/python3.8/site-packages/airflow/example_dags/tutorial_objectstorage.py for tasks to queue
[2025-02-08T13:17:00.769+0000] {logging_mixin.py:188} INFO - [2025-02-08T13:17:00.768+0000] {dagbag.py:538} INFO - Filling up the DagBag from /home/airflow/.local/lib/python3.8/site-packages/airflow/example_dags/tutorial_objectstorage.py
[2025-02-08T13:17:00.779+0000] {processor.py:840} INFO - DAG(s) 'tutorial_objectstorage' retrieved from /home/airflow/.local/lib/python3.8/site-packages/airflow/example_dags/tutorial_objectstorage.py
[2025-02-08T13:17:00.804+0000] {logging_mixin.py:188} INFO - [2025-02-08T13:17:00.804+0000] {dag.py:3036} INFO - Sync 1 DAGs
[2025-02-08T13:17:00.830+0000] {logging_mixin.py:188} INFO - [2025-02-08T13:17:00.830+0000] {dag.py:3823} INFO - Setting next_dagrun for tutorial_objectstorage to None, run_after=None
[2025-02-08T13:17:00.857+0000] {processor.py:183} INFO - Processing /home/airflow/.local/lib/python3.8/site-packages/airflow/example_dags/tutorial_objectstorage.py took 0.097 seconds
[2025-02-08T13:17:31.124+0000] {processor.py:161} INFO - Started process (PID=983) to work on /home/airflow/.local/lib/python3.8/site-packages/airflow/example_dags/tutorial_objectstorage.py
[2025-02-08T13:17:31.126+0000] {processor.py:830} INFO - Processing file /home/airflow/.local/lib/python3.8/site-packages/airflow/example_dags/tutorial_objectstorage.py for tasks to queue
[2025-02-08T13:17:31.129+0000] {logging_mixin.py:188} INFO - [2025-02-08T13:17:31.129+0000] {dagbag.py:538} INFO - Filling up the DagBag from /home/airflow/.local/lib/python3.8/site-packages/airflow/example_dags/tutorial_objectstorage.py
[2025-02-08T13:17:31.156+0000] {processor.py:840} INFO - DAG(s) 'tutorial_objectstorage' retrieved from /home/airflow/.local/lib/python3.8/site-packages/airflow/example_dags/tutorial_objectstorage.py
[2025-02-08T13:17:31.191+0000] {logging_mixin.py:188} INFO - [2025-02-08T13:17:31.191+0000] {dag.py:3036} INFO - Sync 1 DAGs
[2025-02-08T13:17:31.212+0000] {logging_mixin.py:188} INFO - [2025-02-08T13:17:31.212+0000] {dag.py:3823} INFO - Setting next_dagrun for tutorial_objectstorage to None, run_after=None
[2025-02-08T13:17:31.242+0000] {processor.py:183} INFO - Processing /home/airflow/.local/lib/python3.8/site-packages/airflow/example_dags/tutorial_objectstorage.py took 0.124 seconds
[2025-02-08T13:18:01.565+0000] {processor.py:161} INFO - Started process (PID=1055) to work on /home/airflow/.local/lib/python3.8/site-packages/airflow/example_dags/tutorial_objectstorage.py
[2025-02-08T13:18:01.569+0000] {processor.py:830} INFO - Processing file /home/airflow/.local/lib/python3.8/site-packages/airflow/example_dags/tutorial_objectstorage.py for tasks to queue
[2025-02-08T13:18:01.573+0000] {logging_mixin.py:188} INFO - [2025-02-08T13:18:01.573+0000] {dagbag.py:538} INFO - Filling up the DagBag from /home/airflow/.local/lib/python3.8/site-packages/airflow/example_dags/tutorial_objectstorage.py
[2025-02-08T13:18:01.588+0000] {processor.py:840} INFO - DAG(s) 'tutorial_objectstorage' retrieved from /home/airflow/.local/lib/python3.8/site-packages/airflow/example_dags/tutorial_objectstorage.py
[2025-02-08T13:18:01.631+0000] {logging_mixin.py:188} INFO - [2025-02-08T13:18:01.631+0000] {dag.py:3036} INFO - Sync 1 DAGs
[2025-02-08T13:18:01.651+0000] {logging_mixin.py:188} INFO - [2025-02-08T13:18:01.651+0000] {dag.py:3823} INFO - Setting next_dagrun for tutorial_objectstorage to None, run_after=None
[2025-02-08T13:18:01.678+0000] {processor.py:183} INFO - Processing /home/airflow/.local/lib/python3.8/site-packages/airflow/example_dags/tutorial_objectstorage.py took 0.120 seconds
[2025-02-08T13:18:31.782+0000] {processor.py:161} INFO - Started process (PID=1119) to work on /home/airflow/.local/lib/python3.8/site-packages/airflow/example_dags/tutorial_objectstorage.py
[2025-02-08T13:18:31.783+0000] {processor.py:830} INFO - Processing file /home/airflow/.local/lib/python3.8/site-packages/airflow/example_dags/tutorial_objectstorage.py for tasks to queue
[2025-02-08T13:18:31.788+0000] {logging_mixin.py:188} INFO - [2025-02-08T13:18:31.787+0000] {dagbag.py:538} INFO - Filling up the DagBag from /home/airflow/.local/lib/python3.8/site-packages/airflow/example_dags/tutorial_objectstorage.py
[2025-02-08T13:18:31.801+0000] {processor.py:840} INFO - DAG(s) 'tutorial_objectstorage' retrieved from /home/airflow/.local/lib/python3.8/site-packages/airflow/example_dags/tutorial_objectstorage.py
[2025-02-08T13:18:31.837+0000] {logging_mixin.py:188} INFO - [2025-02-08T13:18:31.836+0000] {dag.py:3036} INFO - Sync 1 DAGs
[2025-02-08T13:18:31.857+0000] {logging_mixin.py:188} INFO - [2025-02-08T13:18:31.856+0000] {dag.py:3823} INFO - Setting next_dagrun for tutorial_objectstorage to None, run_after=None
[2025-02-08T13:18:31.881+0000] {processor.py:183} INFO - Processing /home/airflow/.local/lib/python3.8/site-packages/airflow/example_dags/tutorial_objectstorage.py took 0.105 seconds
[2025-02-08T13:19:02.579+0000] {processor.py:161} INFO - Started process (PID=1184) to work on /home/airflow/.local/lib/python3.8/site-packages/airflow/example_dags/tutorial_objectstorage.py
[2025-02-08T13:19:02.581+0000] {processor.py:830} INFO - Processing file /home/airflow/.local/lib/python3.8/site-packages/airflow/example_dags/tutorial_objectstorage.py for tasks to queue
[2025-02-08T13:19:02.585+0000] {logging_mixin.py:188} INFO - [2025-02-08T13:19:02.584+0000] {dagbag.py:538} INFO - Filling up the DagBag from /home/airflow/.local/lib/python3.8/site-packages/airflow/example_dags/tutorial_objectstorage.py
[2025-02-08T13:19:02.596+0000] {processor.py:840} INFO - DAG(s) 'tutorial_objectstorage' retrieved from /home/airflow/.local/lib/python3.8/site-packages/airflow/example_dags/tutorial_objectstorage.py
[2025-02-08T13:19:02.628+0000] {logging_mixin.py:188} INFO - [2025-02-08T13:19:02.627+0000] {dag.py:3036} INFO - Sync 1 DAGs
[2025-02-08T13:19:02.647+0000] {logging_mixin.py:188} INFO - [2025-02-08T13:19:02.646+0000] {dag.py:3823} INFO - Setting next_dagrun for tutorial_objectstorage to None, run_after=None
[2025-02-08T13:19:02.672+0000] {processor.py:183} INFO - Processing /home/airflow/.local/lib/python3.8/site-packages/airflow/example_dags/tutorial_objectstorage.py took 0.099 seconds
[2025-02-08T13:19:33.094+0000] {processor.py:161} INFO - Started process (PID=1249) to work on /home/airflow/.local/lib/python3.8/site-packages/airflow/example_dags/tutorial_objectstorage.py
[2025-02-08T13:19:33.096+0000] {processor.py:830} INFO - Processing file /home/airflow/.local/lib/python3.8/site-packages/airflow/example_dags/tutorial_objectstorage.py for tasks to queue
[2025-02-08T13:19:33.099+0000] {logging_mixin.py:188} INFO - [2025-02-08T13:19:33.098+0000] {dagbag.py:538} INFO - Filling up the DagBag from /home/airflow/.local/lib/python3.8/site-packages/airflow/example_dags/tutorial_objectstorage.py
[2025-02-08T13:19:33.108+0000] {processor.py:840} INFO - DAG(s) 'tutorial_objectstorage' retrieved from /home/airflow/.local/lib/python3.8/site-packages/airflow/example_dags/tutorial_objectstorage.py
[2025-02-08T13:19:33.135+0000] {logging_mixin.py:188} INFO - [2025-02-08T13:19:33.135+0000] {dag.py:3036} INFO - Sync 1 DAGs
[2025-02-08T13:19:33.151+0000] {logging_mixin.py:188} INFO - [2025-02-08T13:19:33.151+0000] {dag.py:3823} INFO - Setting next_dagrun for tutorial_objectstorage to None, run_after=None
[2025-02-08T13:19:33.178+0000] {processor.py:183} INFO - Processing /home/airflow/.local/lib/python3.8/site-packages/airflow/example_dags/tutorial_objectstorage.py took 0.089 seconds
[2025-02-08T13:20:03.383+0000] {processor.py:161} INFO - Started process (PID=1320) to work on /home/airflow/.local/lib/python3.8/site-packages/airflow/example_dags/tutorial_objectstorage.py
[2025-02-08T13:20:03.384+0000] {processor.py:830} INFO - Processing file /home/airflow/.local/lib/python3.8/site-packages/airflow/example_dags/tutorial_objectstorage.py for tasks to queue
[2025-02-08T13:20:03.387+0000] {logging_mixin.py:188} INFO - [2025-02-08T13:20:03.387+0000] {dagbag.py:538} INFO - Filling up the DagBag from /home/airflow/.local/lib/python3.8/site-packages/airflow/example_dags/tutorial_objectstorage.py
[2025-02-08T13:20:03.398+0000] {processor.py:840} INFO - DAG(s) 'tutorial_objectstorage' retrieved from /home/airflow/.local/lib/python3.8/site-packages/airflow/example_dags/tutorial_objectstorage.py
[2025-02-08T13:20:03.427+0000] {logging_mixin.py:188} INFO - [2025-02-08T13:20:03.427+0000] {dag.py:3036} INFO - Sync 1 DAGs
[2025-02-08T13:20:03.443+0000] {logging_mixin.py:188} INFO - [2025-02-08T13:20:03.443+0000] {dag.py:3823} INFO - Setting next_dagrun for tutorial_objectstorage to None, run_after=None
[2025-02-08T13:20:03.468+0000] {processor.py:183} INFO - Processing /home/airflow/.local/lib/python3.8/site-packages/airflow/example_dags/tutorial_objectstorage.py took 0.090 seconds
[2025-02-08T13:20:33.735+0000] {processor.py:161} INFO - Started process (PID=1386) to work on /home/airflow/.local/lib/python3.8/site-packages/airflow/example_dags/tutorial_objectstorage.py
[2025-02-08T13:20:33.736+0000] {processor.py:830} INFO - Processing file /home/airflow/.local/lib/python3.8/site-packages/airflow/example_dags/tutorial_objectstorage.py for tasks to queue
[2025-02-08T13:20:33.738+0000] {logging_mixin.py:188} INFO - [2025-02-08T13:20:33.738+0000] {dagbag.py:538} INFO - Filling up the DagBag from /home/airflow/.local/lib/python3.8/site-packages/airflow/example_dags/tutorial_objectstorage.py
[2025-02-08T13:20:33.747+0000] {processor.py:840} INFO - DAG(s) 'tutorial_objectstorage' retrieved from /home/airflow/.local/lib/python3.8/site-packages/airflow/example_dags/tutorial_objectstorage.py
[2025-02-08T13:20:33.773+0000] {logging_mixin.py:188} INFO - [2025-02-08T13:20:33.773+0000] {dag.py:3036} INFO - Sync 1 DAGs
[2025-02-08T13:20:33.789+0000] {logging_mixin.py:188} INFO - [2025-02-08T13:20:33.789+0000] {dag.py:3823} INFO - Setting next_dagrun for tutorial_objectstorage to None, run_after=None
[2025-02-08T13:20:33.816+0000] {processor.py:183} INFO - Processing /home/airflow/.local/lib/python3.8/site-packages/airflow/example_dags/tutorial_objectstorage.py took 0.086 seconds
[2025-02-08T13:21:03.896+0000] {processor.py:161} INFO - Started process (PID=1451) to work on /home/airflow/.local/lib/python3.8/site-packages/airflow/example_dags/tutorial_objectstorage.py
[2025-02-08T13:21:03.897+0000] {processor.py:830} INFO - Processing file /home/airflow/.local/lib/python3.8/site-packages/airflow/example_dags/tutorial_objectstorage.py for tasks to queue
[2025-02-08T13:21:03.899+0000] {logging_mixin.py:188} INFO - [2025-02-08T13:21:03.899+0000] {dagbag.py:538} INFO - Filling up the DagBag from /home/airflow/.local/lib/python3.8/site-packages/airflow/example_dags/tutorial_objectstorage.py
[2025-02-08T13:21:03.909+0000] {processor.py:840} INFO - DAG(s) 'tutorial_objectstorage' retrieved from /home/airflow/.local/lib/python3.8/site-packages/airflow/example_dags/tutorial_objectstorage.py
[2025-02-08T13:21:03.933+0000] {logging_mixin.py:188} INFO - [2025-02-08T13:21:03.933+0000] {dag.py:3036} INFO - Sync 1 DAGs
[2025-02-08T13:21:03.948+0000] {logging_mixin.py:188} INFO - [2025-02-08T13:21:03.948+0000] {dag.py:3823} INFO - Setting next_dagrun for tutorial_objectstorage to None, run_after=None
[2025-02-08T13:21:03.972+0000] {processor.py:183} INFO - Processing /home/airflow/.local/lib/python3.8/site-packages/airflow/example_dags/tutorial_objectstorage.py took 0.081 seconds
[2025-02-08T13:21:34.191+0000] {processor.py:161} INFO - Started process (PID=1516) to work on /home/airflow/.local/lib/python3.8/site-packages/airflow/example_dags/tutorial_objectstorage.py
[2025-02-08T13:21:34.193+0000] {processor.py:830} INFO - Processing file /home/airflow/.local/lib/python3.8/site-packages/airflow/example_dags/tutorial_objectstorage.py for tasks to queue
[2025-02-08T13:21:34.197+0000] {logging_mixin.py:188} INFO - [2025-02-08T13:21:34.197+0000] {dagbag.py:538} INFO - Filling up the DagBag from /home/airflow/.local/lib/python3.8/site-packages/airflow/example_dags/tutorial_objectstorage.py
[2025-02-08T13:21:34.208+0000] {processor.py:840} INFO - DAG(s) 'tutorial_objectstorage' retrieved from /home/airflow/.local/lib/python3.8/site-packages/airflow/example_dags/tutorial_objectstorage.py
[2025-02-08T13:21:34.235+0000] {logging_mixin.py:188} INFO - [2025-02-08T13:21:34.234+0000] {dag.py:3036} INFO - Sync 1 DAGs
[2025-02-08T13:21:34.250+0000] {logging_mixin.py:188} INFO - [2025-02-08T13:21:34.250+0000] {dag.py:3823} INFO - Setting next_dagrun for tutorial_objectstorage to None, run_after=None
[2025-02-08T13:21:34.275+0000] {processor.py:183} INFO - Processing /home/airflow/.local/lib/python3.8/site-packages/airflow/example_dags/tutorial_objectstorage.py took 0.088 seconds
[2025-02-08T13:22:04.616+0000] {processor.py:161} INFO - Started process (PID=1581) to work on /home/airflow/.local/lib/python3.8/site-packages/airflow/example_dags/tutorial_objectstorage.py
[2025-02-08T13:22:04.619+0000] {processor.py:830} INFO - Processing file /home/airflow/.local/lib/python3.8/site-packages/airflow/example_dags/tutorial_objectstorage.py for tasks to queue
[2025-02-08T13:22:04.626+0000] {logging_mixin.py:188} INFO - [2025-02-08T13:22:04.625+0000] {dagbag.py:538} INFO - Filling up the DagBag from /home/airflow/.local/lib/python3.8/site-packages/airflow/example_dags/tutorial_objectstorage.py
[2025-02-08T13:22:04.643+0000] {processor.py:840} INFO - DAG(s) 'tutorial_objectstorage' retrieved from /home/airflow/.local/lib/python3.8/site-packages/airflow/example_dags/tutorial_objectstorage.py
[2025-02-08T13:22:04.694+0000] {logging_mixin.py:188} INFO - [2025-02-08T13:22:04.693+0000] {dag.py:3036} INFO - Sync 1 DAGs
[2025-02-08T13:22:04.719+0000] {logging_mixin.py:188} INFO - [2025-02-08T13:22:04.718+0000] {dag.py:3823} INFO - Setting next_dagrun for tutorial_objectstorage to None, run_after=None
[2025-02-08T13:22:04.833+0000] {processor.py:183} INFO - Processing /home/airflow/.local/lib/python3.8/site-packages/airflow/example_dags/tutorial_objectstorage.py took 0.223 seconds
[2025-02-08T13:22:35.221+0000] {processor.py:161} INFO - Started process (PID=1646) to work on /home/airflow/.local/lib/python3.8/site-packages/airflow/example_dags/tutorial_objectstorage.py
[2025-02-08T13:22:35.222+0000] {processor.py:830} INFO - Processing file /home/airflow/.local/lib/python3.8/site-packages/airflow/example_dags/tutorial_objectstorage.py for tasks to queue
[2025-02-08T13:22:35.228+0000] {logging_mixin.py:188} INFO - [2025-02-08T13:22:35.228+0000] {dagbag.py:538} INFO - Filling up the DagBag from /home/airflow/.local/lib/python3.8/site-packages/airflow/example_dags/tutorial_objectstorage.py
[2025-02-08T13:22:35.246+0000] {processor.py:840} INFO - DAG(s) 'tutorial_objectstorage' retrieved from /home/airflow/.local/lib/python3.8/site-packages/airflow/example_dags/tutorial_objectstorage.py
[2025-02-08T13:22:35.284+0000] {logging_mixin.py:188} INFO - [2025-02-08T13:22:35.284+0000] {dag.py:3036} INFO - Sync 1 DAGs
[2025-02-08T13:22:35.303+0000] {logging_mixin.py:188} INFO - [2025-02-08T13:22:35.303+0000] {dag.py:3823} INFO - Setting next_dagrun for tutorial_objectstorage to None, run_after=None
[2025-02-08T13:22:35.336+0000] {processor.py:183} INFO - Processing /home/airflow/.local/lib/python3.8/site-packages/airflow/example_dags/tutorial_objectstorage.py took 0.126 seconds
[2025-02-08T13:23:06.664+0000] {processor.py:161} INFO - Started process (PID=1711) to work on /home/airflow/.local/lib/python3.8/site-packages/airflow/example_dags/tutorial_objectstorage.py
[2025-02-08T13:23:06.668+0000] {processor.py:830} INFO - Processing file /home/airflow/.local/lib/python3.8/site-packages/airflow/example_dags/tutorial_objectstorage.py for tasks to queue
[2025-02-08T13:23:06.673+0000] {logging_mixin.py:188} INFO - [2025-02-08T13:23:06.672+0000] {dagbag.py:538} INFO - Filling up the DagBag from /home/airflow/.local/lib/python3.8/site-packages/airflow/example_dags/tutorial_objectstorage.py
[2025-02-08T13:23:06.690+0000] {processor.py:840} INFO - DAG(s) 'tutorial_objectstorage' retrieved from /home/airflow/.local/lib/python3.8/site-packages/airflow/example_dags/tutorial_objectstorage.py
[2025-02-08T13:23:06.747+0000] {logging_mixin.py:188} INFO - [2025-02-08T13:23:06.747+0000] {dag.py:3036} INFO - Sync 1 DAGs
[2025-02-08T13:23:06.772+0000] {logging_mixin.py:188} INFO - [2025-02-08T13:23:06.772+0000] {dag.py:3823} INFO - Setting next_dagrun for tutorial_objectstorage to None, run_after=None
[2025-02-08T13:23:06.816+0000] {processor.py:183} INFO - Processing /home/airflow/.local/lib/python3.8/site-packages/airflow/example_dags/tutorial_objectstorage.py took 0.158 seconds
[2025-02-08T13:23:37.464+0000] {processor.py:161} INFO - Started process (PID=1776) to work on /home/airflow/.local/lib/python3.8/site-packages/airflow/example_dags/tutorial_objectstorage.py
[2025-02-08T13:23:37.466+0000] {processor.py:830} INFO - Processing file /home/airflow/.local/lib/python3.8/site-packages/airflow/example_dags/tutorial_objectstorage.py for tasks to queue
[2025-02-08T13:23:37.470+0000] {logging_mixin.py:188} INFO - [2025-02-08T13:23:37.469+0000] {dagbag.py:538} INFO - Filling up the DagBag from /home/airflow/.local/lib/python3.8/site-packages/airflow/example_dags/tutorial_objectstorage.py
[2025-02-08T13:23:37.482+0000] {processor.py:840} INFO - DAG(s) 'tutorial_objectstorage' retrieved from /home/airflow/.local/lib/python3.8/site-packages/airflow/example_dags/tutorial_objectstorage.py
[2025-02-08T13:23:37.521+0000] {logging_mixin.py:188} INFO - [2025-02-08T13:23:37.520+0000] {dag.py:3036} INFO - Sync 1 DAGs
[2025-02-08T13:23:37.556+0000] {logging_mixin.py:188} INFO - [2025-02-08T13:23:37.555+0000] {dag.py:3823} INFO - Setting next_dagrun for tutorial_objectstorage to None, run_after=None
[2025-02-08T13:23:37.629+0000] {processor.py:183} INFO - Processing /home/airflow/.local/lib/python3.8/site-packages/airflow/example_dags/tutorial_objectstorage.py took 0.172 seconds
[2025-02-08T13:24:08.459+0000] {processor.py:161} INFO - Started process (PID=1841) to work on /home/airflow/.local/lib/python3.8/site-packages/airflow/example_dags/tutorial_objectstorage.py
[2025-02-08T13:24:08.460+0000] {processor.py:830} INFO - Processing file /home/airflow/.local/lib/python3.8/site-packages/airflow/example_dags/tutorial_objectstorage.py for tasks to queue
[2025-02-08T13:24:08.462+0000] {logging_mixin.py:188} INFO - [2025-02-08T13:24:08.462+0000] {dagbag.py:538} INFO - Filling up the DagBag from /home/airflow/.local/lib/python3.8/site-packages/airflow/example_dags/tutorial_objectstorage.py
[2025-02-08T13:24:08.471+0000] {processor.py:840} INFO - DAG(s) 'tutorial_objectstorage' retrieved from /home/airflow/.local/lib/python3.8/site-packages/airflow/example_dags/tutorial_objectstorage.py
[2025-02-08T13:24:08.497+0000] {logging_mixin.py:188} INFO - [2025-02-08T13:24:08.496+0000] {dag.py:3036} INFO - Sync 1 DAGs
[2025-02-08T13:24:08.512+0000] {logging_mixin.py:188} INFO - [2025-02-08T13:24:08.512+0000] {dag.py:3823} INFO - Setting next_dagrun for tutorial_objectstorage to None, run_after=None
[2025-02-08T13:24:08.538+0000] {processor.py:183} INFO - Processing /home/airflow/.local/lib/python3.8/site-packages/airflow/example_dags/tutorial_objectstorage.py took 0.084 seconds
[2025-02-08T13:24:38.862+0000] {processor.py:161} INFO - Started process (PID=1906) to work on /home/airflow/.local/lib/python3.8/site-packages/airflow/example_dags/tutorial_objectstorage.py
[2025-02-08T13:24:38.864+0000] {processor.py:830} INFO - Processing file /home/airflow/.local/lib/python3.8/site-packages/airflow/example_dags/tutorial_objectstorage.py for tasks to queue
[2025-02-08T13:24:38.867+0000] {logging_mixin.py:188} INFO - [2025-02-08T13:24:38.866+0000] {dagbag.py:538} INFO - Filling up the DagBag from /home/airflow/.local/lib/python3.8/site-packages/airflow/example_dags/tutorial_objectstorage.py
[2025-02-08T13:24:38.879+0000] {processor.py:840} INFO - DAG(s) 'tutorial_objectstorage' retrieved from /home/airflow/.local/lib/python3.8/site-packages/airflow/example_dags/tutorial_objectstorage.py
[2025-02-08T13:24:38.908+0000] {logging_mixin.py:188} INFO - [2025-02-08T13:24:38.907+0000] {dag.py:3036} INFO - Sync 1 DAGs
[2025-02-08T13:24:38.929+0000] {logging_mixin.py:188} INFO - [2025-02-08T13:24:38.929+0000] {dag.py:3823} INFO - Setting next_dagrun for tutorial_objectstorage to None, run_after=None
[2025-02-08T13:24:38.968+0000] {processor.py:183} INFO - Processing /home/airflow/.local/lib/python3.8/site-packages/airflow/example_dags/tutorial_objectstorage.py took 0.110 seconds
[2025-02-08T13:25:11.815+0000] {processor.py:161} INFO - Started process (PID=1971) to work on /home/airflow/.local/lib/python3.8/site-packages/airflow/example_dags/tutorial_objectstorage.py
[2025-02-08T13:25:11.820+0000] {processor.py:830} INFO - Processing file /home/airflow/.local/lib/python3.8/site-packages/airflow/example_dags/tutorial_objectstorage.py for tasks to queue
[2025-02-08T13:25:11.826+0000] {logging_mixin.py:188} INFO - [2025-02-08T13:25:11.825+0000] {dagbag.py:538} INFO - Filling up the DagBag from /home/airflow/.local/lib/python3.8/site-packages/airflow/example_dags/tutorial_objectstorage.py
[2025-02-08T13:25:11.852+0000] {processor.py:840} INFO - DAG(s) 'tutorial_objectstorage' retrieved from /home/airflow/.local/lib/python3.8/site-packages/airflow/example_dags/tutorial_objectstorage.py
[2025-02-08T13:25:11.999+0000] {logging_mixin.py:188} INFO - [2025-02-08T13:25:11.999+0000] {dag.py:3036} INFO - Sync 1 DAGs
[2025-02-08T13:25:12.072+0000] {logging_mixin.py:188} INFO - [2025-02-08T13:25:12.072+0000] {dag.py:3823} INFO - Setting next_dagrun for tutorial_objectstorage to None, run_after=None
[2025-02-08T13:25:12.188+0000] {processor.py:183} INFO - Processing /home/airflow/.local/lib/python3.8/site-packages/airflow/example_dags/tutorial_objectstorage.py took 0.398 seconds
[2025-02-08T13:25:42.547+0000] {processor.py:161} INFO - Started process (PID=2028) to work on /home/airflow/.local/lib/python3.8/site-packages/airflow/example_dags/tutorial_objectstorage.py
[2025-02-08T13:25:42.549+0000] {processor.py:830} INFO - Processing file /home/airflow/.local/lib/python3.8/site-packages/airflow/example_dags/tutorial_objectstorage.py for tasks to queue
[2025-02-08T13:25:42.552+0000] {logging_mixin.py:188} INFO - [2025-02-08T13:25:42.551+0000] {dagbag.py:538} INFO - Filling up the DagBag from /home/airflow/.local/lib/python3.8/site-packages/airflow/example_dags/tutorial_objectstorage.py
[2025-02-08T13:25:42.562+0000] {processor.py:840} INFO - DAG(s) 'tutorial_objectstorage' retrieved from /home/airflow/.local/lib/python3.8/site-packages/airflow/example_dags/tutorial_objectstorage.py
[2025-02-08T13:25:42.606+0000] {logging_mixin.py:188} INFO - [2025-02-08T13:25:42.605+0000] {dag.py:3036} INFO - Sync 1 DAGs
[2025-02-08T13:25:42.623+0000] {logging_mixin.py:188} INFO - [2025-02-08T13:25:42.622+0000] {dag.py:3823} INFO - Setting next_dagrun for tutorial_objectstorage to None, run_after=None
[2025-02-08T13:25:42.662+0000] {processor.py:183} INFO - Processing /home/airflow/.local/lib/python3.8/site-packages/airflow/example_dags/tutorial_objectstorage.py took 0.119 seconds
[2025-02-08T13:26:12.998+0000] {processor.py:161} INFO - Started process (PID=2093) to work on /home/airflow/.local/lib/python3.8/site-packages/airflow/example_dags/tutorial_objectstorage.py
[2025-02-08T13:26:13.001+0000] {processor.py:830} INFO - Processing file /home/airflow/.local/lib/python3.8/site-packages/airflow/example_dags/tutorial_objectstorage.py for tasks to queue
[2025-02-08T13:26:13.012+0000] {logging_mixin.py:188} INFO - [2025-02-08T13:26:13.011+0000] {dagbag.py:538} INFO - Filling up the DagBag from /home/airflow/.local/lib/python3.8/site-packages/airflow/example_dags/tutorial_objectstorage.py
[2025-02-08T13:26:13.133+0000] {processor.py:840} INFO - DAG(s) 'tutorial_objectstorage' retrieved from /home/airflow/.local/lib/python3.8/site-packages/airflow/example_dags/tutorial_objectstorage.py
[2025-02-08T13:26:13.171+0000] {logging_mixin.py:188} INFO - [2025-02-08T13:26:13.170+0000] {dag.py:3036} INFO - Sync 1 DAGs
[2025-02-08T13:26:13.193+0000] {logging_mixin.py:188} INFO - [2025-02-08T13:26:13.193+0000] {dag.py:3823} INFO - Setting next_dagrun for tutorial_objectstorage to None, run_after=None
[2025-02-08T13:26:13.265+0000] {processor.py:183} INFO - Processing /home/airflow/.local/lib/python3.8/site-packages/airflow/example_dags/tutorial_objectstorage.py took 0.277 seconds
[2025-02-08T13:26:43.753+0000] {processor.py:161} INFO - Started process (PID=2157) to work on /home/airflow/.local/lib/python3.8/site-packages/airflow/example_dags/tutorial_objectstorage.py
[2025-02-08T13:26:43.756+0000] {processor.py:830} INFO - Processing file /home/airflow/.local/lib/python3.8/site-packages/airflow/example_dags/tutorial_objectstorage.py for tasks to queue
[2025-02-08T13:26:43.759+0000] {logging_mixin.py:188} INFO - [2025-02-08T13:26:43.759+0000] {dagbag.py:538} INFO - Filling up the DagBag from /home/airflow/.local/lib/python3.8/site-packages/airflow/example_dags/tutorial_objectstorage.py
[2025-02-08T13:26:43.780+0000] {processor.py:840} INFO - DAG(s) 'tutorial_objectstorage' retrieved from /home/airflow/.local/lib/python3.8/site-packages/airflow/example_dags/tutorial_objectstorage.py
[2025-02-08T13:26:43.848+0000] {logging_mixin.py:188} INFO - [2025-02-08T13:26:43.848+0000] {dag.py:3036} INFO - Sync 1 DAGs
[2025-02-08T13:26:43.883+0000] {logging_mixin.py:188} INFO - [2025-02-08T13:26:43.882+0000] {dag.py:3823} INFO - Setting next_dagrun for tutorial_objectstorage to None, run_after=None
[2025-02-08T13:26:43.940+0000] {processor.py:183} INFO - Processing /home/airflow/.local/lib/python3.8/site-packages/airflow/example_dags/tutorial_objectstorage.py took 0.193 seconds
[2025-02-08T13:27:14.511+0000] {processor.py:161} INFO - Started process (PID=2222) to work on /home/airflow/.local/lib/python3.8/site-packages/airflow/example_dags/tutorial_objectstorage.py
[2025-02-08T13:27:14.514+0000] {processor.py:830} INFO - Processing file /home/airflow/.local/lib/python3.8/site-packages/airflow/example_dags/tutorial_objectstorage.py for tasks to queue
[2025-02-08T13:27:14.521+0000] {logging_mixin.py:188} INFO - [2025-02-08T13:27:14.521+0000] {dagbag.py:538} INFO - Filling up the DagBag from /home/airflow/.local/lib/python3.8/site-packages/airflow/example_dags/tutorial_objectstorage.py
[2025-02-08T13:27:14.540+0000] {processor.py:840} INFO - DAG(s) 'tutorial_objectstorage' retrieved from /home/airflow/.local/lib/python3.8/site-packages/airflow/example_dags/tutorial_objectstorage.py
[2025-02-08T13:27:14.585+0000] {logging_mixin.py:188} INFO - [2025-02-08T13:27:14.585+0000] {dag.py:3036} INFO - Sync 1 DAGs
[2025-02-08T13:27:14.629+0000] {logging_mixin.py:188} INFO - [2025-02-08T13:27:14.629+0000] {dag.py:3823} INFO - Setting next_dagrun for tutorial_objectstorage to None, run_after=None
[2025-02-08T13:27:14.682+0000] {processor.py:183} INFO - Processing /home/airflow/.local/lib/python3.8/site-packages/airflow/example_dags/tutorial_objectstorage.py took 0.177 seconds
[2025-02-08T13:27:45.437+0000] {processor.py:161} INFO - Started process (PID=2287) to work on /home/airflow/.local/lib/python3.8/site-packages/airflow/example_dags/tutorial_objectstorage.py
[2025-02-08T13:27:45.439+0000] {processor.py:830} INFO - Processing file /home/airflow/.local/lib/python3.8/site-packages/airflow/example_dags/tutorial_objectstorage.py for tasks to queue
[2025-02-08T13:27:45.444+0000] {logging_mixin.py:188} INFO - [2025-02-08T13:27:45.443+0000] {dagbag.py:538} INFO - Filling up the DagBag from /home/airflow/.local/lib/python3.8/site-packages/airflow/example_dags/tutorial_objectstorage.py
[2025-02-08T13:27:45.457+0000] {processor.py:840} INFO - DAG(s) 'tutorial_objectstorage' retrieved from /home/airflow/.local/lib/python3.8/site-packages/airflow/example_dags/tutorial_objectstorage.py
[2025-02-08T13:27:45.504+0000] {logging_mixin.py:188} INFO - [2025-02-08T13:27:45.504+0000] {dag.py:3036} INFO - Sync 1 DAGs
[2025-02-08T13:27:45.525+0000] {logging_mixin.py:188} INFO - [2025-02-08T13:27:45.524+0000] {dag.py:3823} INFO - Setting next_dagrun for tutorial_objectstorage to None, run_after=None
[2025-02-08T13:27:45.569+0000] {processor.py:183} INFO - Processing /home/airflow/.local/lib/python3.8/site-packages/airflow/example_dags/tutorial_objectstorage.py took 0.140 seconds
[2025-02-08T13:28:16.111+0000] {processor.py:161} INFO - Started process (PID=2351) to work on /home/airflow/.local/lib/python3.8/site-packages/airflow/example_dags/tutorial_objectstorage.py
[2025-02-08T13:28:16.127+0000] {processor.py:830} INFO - Processing file /home/airflow/.local/lib/python3.8/site-packages/airflow/example_dags/tutorial_objectstorage.py for tasks to queue
[2025-02-08T13:28:16.131+0000] {logging_mixin.py:188} INFO - [2025-02-08T13:28:16.131+0000] {dagbag.py:538} INFO - Filling up the DagBag from /home/airflow/.local/lib/python3.8/site-packages/airflow/example_dags/tutorial_objectstorage.py
[2025-02-08T13:28:16.150+0000] {processor.py:840} INFO - DAG(s) 'tutorial_objectstorage' retrieved from /home/airflow/.local/lib/python3.8/site-packages/airflow/example_dags/tutorial_objectstorage.py
[2025-02-08T13:28:16.217+0000] {logging_mixin.py:188} INFO - [2025-02-08T13:28:16.215+0000] {dag.py:3036} INFO - Sync 1 DAGs
[2025-02-08T13:28:16.261+0000] {logging_mixin.py:188} INFO - [2025-02-08T13:28:16.261+0000] {dag.py:3823} INFO - Setting next_dagrun for tutorial_objectstorage to None, run_after=None
[2025-02-08T13:28:16.333+0000] {processor.py:183} INFO - Processing /home/airflow/.local/lib/python3.8/site-packages/airflow/example_dags/tutorial_objectstorage.py took 0.230 seconds
[2025-02-08T13:28:46.586+0000] {processor.py:161} INFO - Started process (PID=2407) to work on /home/airflow/.local/lib/python3.8/site-packages/airflow/example_dags/tutorial_objectstorage.py
[2025-02-08T13:28:46.587+0000] {processor.py:830} INFO - Processing file /home/airflow/.local/lib/python3.8/site-packages/airflow/example_dags/tutorial_objectstorage.py for tasks to queue
[2025-02-08T13:28:46.590+0000] {logging_mixin.py:188} INFO - [2025-02-08T13:28:46.590+0000] {dagbag.py:538} INFO - Filling up the DagBag from /home/airflow/.local/lib/python3.8/site-packages/airflow/example_dags/tutorial_objectstorage.py
[2025-02-08T13:28:46.599+0000] {processor.py:840} INFO - DAG(s) 'tutorial_objectstorage' retrieved from /home/airflow/.local/lib/python3.8/site-packages/airflow/example_dags/tutorial_objectstorage.py
[2025-02-08T13:28:46.629+0000] {logging_mixin.py:188} INFO - [2025-02-08T13:28:46.629+0000] {dag.py:3036} INFO - Sync 1 DAGs
[2025-02-08T13:28:46.649+0000] {logging_mixin.py:188} INFO - [2025-02-08T13:28:46.649+0000] {dag.py:3823} INFO - Setting next_dagrun for tutorial_objectstorage to None, run_after=None
[2025-02-08T13:28:46.682+0000] {processor.py:183} INFO - Processing /home/airflow/.local/lib/python3.8/site-packages/airflow/example_dags/tutorial_objectstorage.py took 0.102 seconds
[2025-02-08T13:29:16.856+0000] {processor.py:161} INFO - Started process (PID=2471) to work on /home/airflow/.local/lib/python3.8/site-packages/airflow/example_dags/tutorial_objectstorage.py
[2025-02-08T13:29:16.858+0000] {processor.py:830} INFO - Processing file /home/airflow/.local/lib/python3.8/site-packages/airflow/example_dags/tutorial_objectstorage.py for tasks to queue
[2025-02-08T13:29:16.861+0000] {logging_mixin.py:188} INFO - [2025-02-08T13:29:16.861+0000] {dagbag.py:538} INFO - Filling up the DagBag from /home/airflow/.local/lib/python3.8/site-packages/airflow/example_dags/tutorial_objectstorage.py
[2025-02-08T13:29:16.871+0000] {processor.py:840} INFO - DAG(s) 'tutorial_objectstorage' retrieved from /home/airflow/.local/lib/python3.8/site-packages/airflow/example_dags/tutorial_objectstorage.py
[2025-02-08T13:29:16.899+0000] {logging_mixin.py:188} INFO - [2025-02-08T13:29:16.898+0000] {dag.py:3036} INFO - Sync 1 DAGs
[2025-02-08T13:29:16.923+0000] {logging_mixin.py:188} INFO - [2025-02-08T13:29:16.922+0000] {dag.py:3823} INFO - Setting next_dagrun for tutorial_objectstorage to None, run_after=None
[2025-02-08T13:29:16.958+0000] {processor.py:183} INFO - Processing /home/airflow/.local/lib/python3.8/site-packages/airflow/example_dags/tutorial_objectstorage.py took 0.106 seconds
[2025-02-08T13:29:47.965+0000] {processor.py:161} INFO - Started process (PID=2535) to work on /home/airflow/.local/lib/python3.8/site-packages/airflow/example_dags/tutorial_objectstorage.py
[2025-02-08T13:29:47.966+0000] {processor.py:830} INFO - Processing file /home/airflow/.local/lib/python3.8/site-packages/airflow/example_dags/tutorial_objectstorage.py for tasks to queue
[2025-02-08T13:29:47.981+0000] {logging_mixin.py:188} INFO - [2025-02-08T13:29:47.980+0000] {dagbag.py:538} INFO - Filling up the DagBag from /home/airflow/.local/lib/python3.8/site-packages/airflow/example_dags/tutorial_objectstorage.py
[2025-02-08T13:29:48.013+0000] {processor.py:840} INFO - DAG(s) 'tutorial_objectstorage' retrieved from /home/airflow/.local/lib/python3.8/site-packages/airflow/example_dags/tutorial_objectstorage.py
[2025-02-08T13:29:48.083+0000] {logging_mixin.py:188} INFO - [2025-02-08T13:29:48.083+0000] {dag.py:3036} INFO - Sync 1 DAGs
[2025-02-08T13:29:48.134+0000] {logging_mixin.py:188} INFO - [2025-02-08T13:29:48.134+0000] {dag.py:3823} INFO - Setting next_dagrun for tutorial_objectstorage to None, run_after=None
[2025-02-08T13:29:48.220+0000] {processor.py:183} INFO - Processing /home/airflow/.local/lib/python3.8/site-packages/airflow/example_dags/tutorial_objectstorage.py took 0.266 seconds
[2025-02-08T13:30:18.806+0000] {processor.py:161} INFO - Started process (PID=2600) to work on /home/airflow/.local/lib/python3.8/site-packages/airflow/example_dags/tutorial_objectstorage.py
[2025-02-08T13:30:18.809+0000] {processor.py:830} INFO - Processing file /home/airflow/.local/lib/python3.8/site-packages/airflow/example_dags/tutorial_objectstorage.py for tasks to queue
[2025-02-08T13:30:18.812+0000] {logging_mixin.py:188} INFO - [2025-02-08T13:30:18.812+0000] {dagbag.py:538} INFO - Filling up the DagBag from /home/airflow/.local/lib/python3.8/site-packages/airflow/example_dags/tutorial_objectstorage.py
[2025-02-08T13:30:18.847+0000] {processor.py:840} INFO - DAG(s) 'tutorial_objectstorage' retrieved from /home/airflow/.local/lib/python3.8/site-packages/airflow/example_dags/tutorial_objectstorage.py
[2025-02-08T13:30:18.915+0000] {logging_mixin.py:188} INFO - [2025-02-08T13:30:18.915+0000] {dag.py:3036} INFO - Sync 1 DAGs
[2025-02-08T13:30:18.976+0000] {logging_mixin.py:188} INFO - [2025-02-08T13:30:18.975+0000] {dag.py:3823} INFO - Setting next_dagrun for tutorial_objectstorage to None, run_after=None
[2025-02-08T13:30:19.036+0000] {processor.py:183} INFO - Processing /home/airflow/.local/lib/python3.8/site-packages/airflow/example_dags/tutorial_objectstorage.py took 0.245 seconds
[2025-02-08T13:30:49.580+0000] {processor.py:161} INFO - Started process (PID=2656) to work on /home/airflow/.local/lib/python3.8/site-packages/airflow/example_dags/tutorial_objectstorage.py
[2025-02-08T13:30:49.581+0000] {processor.py:830} INFO - Processing file /home/airflow/.local/lib/python3.8/site-packages/airflow/example_dags/tutorial_objectstorage.py for tasks to queue
[2025-02-08T13:30:49.586+0000] {logging_mixin.py:188} INFO - [2025-02-08T13:30:49.585+0000] {dagbag.py:538} INFO - Filling up the DagBag from /home/airflow/.local/lib/python3.8/site-packages/airflow/example_dags/tutorial_objectstorage.py
[2025-02-08T13:30:49.597+0000] {processor.py:840} INFO - DAG(s) 'tutorial_objectstorage' retrieved from /home/airflow/.local/lib/python3.8/site-packages/airflow/example_dags/tutorial_objectstorage.py
[2025-02-08T13:30:49.642+0000] {logging_mixin.py:188} INFO - [2025-02-08T13:30:49.641+0000] {dag.py:3036} INFO - Sync 1 DAGs
[2025-02-08T13:30:49.680+0000] {logging_mixin.py:188} INFO - [2025-02-08T13:30:49.679+0000] {dag.py:3823} INFO - Setting next_dagrun for tutorial_objectstorage to None, run_after=None
[2025-02-08T13:30:49.761+0000] {processor.py:183} INFO - Processing /home/airflow/.local/lib/python3.8/site-packages/airflow/example_dags/tutorial_objectstorage.py took 0.186 seconds
[2025-02-08T13:31:20.610+0000] {processor.py:161} INFO - Started process (PID=2722) to work on /home/airflow/.local/lib/python3.8/site-packages/airflow/example_dags/tutorial_objectstorage.py
[2025-02-08T13:31:20.612+0000] {processor.py:830} INFO - Processing file /home/airflow/.local/lib/python3.8/site-packages/airflow/example_dags/tutorial_objectstorage.py for tasks to queue
[2025-02-08T13:31:20.616+0000] {logging_mixin.py:188} INFO - [2025-02-08T13:31:20.616+0000] {dagbag.py:538} INFO - Filling up the DagBag from /home/airflow/.local/lib/python3.8/site-packages/airflow/example_dags/tutorial_objectstorage.py
[2025-02-08T13:31:20.627+0000] {processor.py:840} INFO - DAG(s) 'tutorial_objectstorage' retrieved from /home/airflow/.local/lib/python3.8/site-packages/airflow/example_dags/tutorial_objectstorage.py
[2025-02-08T13:31:20.655+0000] {logging_mixin.py:188} INFO - [2025-02-08T13:31:20.655+0000] {dag.py:3036} INFO - Sync 1 DAGs
[2025-02-08T13:31:20.672+0000] {logging_mixin.py:188} INFO - [2025-02-08T13:31:20.671+0000] {dag.py:3823} INFO - Setting next_dagrun for tutorial_objectstorage to None, run_after=None
[2025-02-08T13:31:20.702+0000] {processor.py:183} INFO - Processing /home/airflow/.local/lib/python3.8/site-packages/airflow/example_dags/tutorial_objectstorage.py took 0.098 seconds
[2025-02-08T13:31:51.216+0000] {processor.py:161} INFO - Started process (PID=2787) to work on /home/airflow/.local/lib/python3.8/site-packages/airflow/example_dags/tutorial_objectstorage.py
[2025-02-08T13:31:51.217+0000] {processor.py:830} INFO - Processing file /home/airflow/.local/lib/python3.8/site-packages/airflow/example_dags/tutorial_objectstorage.py for tasks to queue
[2025-02-08T13:31:51.221+0000] {logging_mixin.py:188} INFO - [2025-02-08T13:31:51.220+0000] {dagbag.py:538} INFO - Filling up the DagBag from /home/airflow/.local/lib/python3.8/site-packages/airflow/example_dags/tutorial_objectstorage.py
[2025-02-08T13:31:51.232+0000] {processor.py:840} INFO - DAG(s) 'tutorial_objectstorage' retrieved from /home/airflow/.local/lib/python3.8/site-packages/airflow/example_dags/tutorial_objectstorage.py
[2025-02-08T13:31:51.276+0000] {logging_mixin.py:188} INFO - [2025-02-08T13:31:51.276+0000] {dag.py:3036} INFO - Sync 1 DAGs
[2025-02-08T13:31:51.299+0000] {logging_mixin.py:188} INFO - [2025-02-08T13:31:51.299+0000] {dag.py:3823} INFO - Setting next_dagrun for tutorial_objectstorage to None, run_after=None
[2025-02-08T13:31:51.365+0000] {processor.py:183} INFO - Processing /home/airflow/.local/lib/python3.8/site-packages/airflow/example_dags/tutorial_objectstorage.py took 0.154 seconds
[2025-02-08T13:32:22.023+0000] {processor.py:161} INFO - Started process (PID=2851) to work on /home/airflow/.local/lib/python3.8/site-packages/airflow/example_dags/tutorial_objectstorage.py
[2025-02-08T13:32:22.028+0000] {processor.py:830} INFO - Processing file /home/airflow/.local/lib/python3.8/site-packages/airflow/example_dags/tutorial_objectstorage.py for tasks to queue
[2025-02-08T13:32:22.034+0000] {logging_mixin.py:188} INFO - [2025-02-08T13:32:22.032+0000] {dagbag.py:538} INFO - Filling up the DagBag from /home/airflow/.local/lib/python3.8/site-packages/airflow/example_dags/tutorial_objectstorage.py
[2025-02-08T13:32:22.052+0000] {processor.py:840} INFO - DAG(s) 'tutorial_objectstorage' retrieved from /home/airflow/.local/lib/python3.8/site-packages/airflow/example_dags/tutorial_objectstorage.py
[2025-02-08T13:32:22.102+0000] {logging_mixin.py:188} INFO - [2025-02-08T13:32:22.101+0000] {dag.py:3036} INFO - Sync 1 DAGs
[2025-02-08T13:32:22.127+0000] {logging_mixin.py:188} INFO - [2025-02-08T13:32:22.126+0000] {dag.py:3823} INFO - Setting next_dagrun for tutorial_objectstorage to None, run_after=None
[2025-02-08T13:32:22.182+0000] {processor.py:183} INFO - Processing /home/airflow/.local/lib/python3.8/site-packages/airflow/example_dags/tutorial_objectstorage.py took 0.165 seconds
[2025-02-08T13:32:52.343+0000] {processor.py:161} INFO - Started process (PID=2914) to work on /home/airflow/.local/lib/python3.8/site-packages/airflow/example_dags/tutorial_objectstorage.py
[2025-02-08T13:32:52.345+0000] {processor.py:830} INFO - Processing file /home/airflow/.local/lib/python3.8/site-packages/airflow/example_dags/tutorial_objectstorage.py for tasks to queue
[2025-02-08T13:32:52.347+0000] {logging_mixin.py:188} INFO - [2025-02-08T13:32:52.347+0000] {dagbag.py:538} INFO - Filling up the DagBag from /home/airflow/.local/lib/python3.8/site-packages/airflow/example_dags/tutorial_objectstorage.py
[2025-02-08T13:32:52.361+0000] {processor.py:840} INFO - DAG(s) 'tutorial_objectstorage' retrieved from /home/airflow/.local/lib/python3.8/site-packages/airflow/example_dags/tutorial_objectstorage.py
[2025-02-08T13:32:52.408+0000] {logging_mixin.py:188} INFO - [2025-02-08T13:32:52.405+0000] {dag.py:3036} INFO - Sync 1 DAGs
[2025-02-08T13:32:52.443+0000] {logging_mixin.py:188} INFO - [2025-02-08T13:32:52.442+0000] {dag.py:3823} INFO - Setting next_dagrun for tutorial_objectstorage to None, run_after=None
[2025-02-08T13:32:52.482+0000] {processor.py:183} INFO - Processing /home/airflow/.local/lib/python3.8/site-packages/airflow/example_dags/tutorial_objectstorage.py took 0.147 seconds
[2025-02-08T13:33:23.174+0000] {processor.py:161} INFO - Started process (PID=2978) to work on /home/airflow/.local/lib/python3.8/site-packages/airflow/example_dags/tutorial_objectstorage.py
[2025-02-08T13:33:23.177+0000] {processor.py:830} INFO - Processing file /home/airflow/.local/lib/python3.8/site-packages/airflow/example_dags/tutorial_objectstorage.py for tasks to queue
[2025-02-08T13:33:23.183+0000] {logging_mixin.py:188} INFO - [2025-02-08T13:33:23.180+0000] {dagbag.py:538} INFO - Filling up the DagBag from /home/airflow/.local/lib/python3.8/site-packages/airflow/example_dags/tutorial_objectstorage.py
[2025-02-08T13:33:23.205+0000] {processor.py:840} INFO - DAG(s) 'tutorial_objectstorage' retrieved from /home/airflow/.local/lib/python3.8/site-packages/airflow/example_dags/tutorial_objectstorage.py
[2025-02-08T13:33:23.277+0000] {logging_mixin.py:188} INFO - [2025-02-08T13:33:23.277+0000] {dag.py:3036} INFO - Sync 1 DAGs
[2025-02-08T13:33:23.313+0000] {logging_mixin.py:188} INFO - [2025-02-08T13:33:23.313+0000] {dag.py:3823} INFO - Setting next_dagrun for tutorial_objectstorage to None, run_after=None
[2025-02-08T13:33:23.373+0000] {processor.py:183} INFO - Processing /home/airflow/.local/lib/python3.8/site-packages/airflow/example_dags/tutorial_objectstorage.py took 0.207 seconds
[2025-02-08T13:33:54.110+0000] {processor.py:161} INFO - Started process (PID=3042) to work on /home/airflow/.local/lib/python3.8/site-packages/airflow/example_dags/tutorial_objectstorage.py
[2025-02-08T13:33:54.112+0000] {processor.py:830} INFO - Processing file /home/airflow/.local/lib/python3.8/site-packages/airflow/example_dags/tutorial_objectstorage.py for tasks to queue
[2025-02-08T13:33:54.117+0000] {logging_mixin.py:188} INFO - [2025-02-08T13:33:54.117+0000] {dagbag.py:538} INFO - Filling up the DagBag from /home/airflow/.local/lib/python3.8/site-packages/airflow/example_dags/tutorial_objectstorage.py
[2025-02-08T13:33:54.134+0000] {processor.py:840} INFO - DAG(s) 'tutorial_objectstorage' retrieved from /home/airflow/.local/lib/python3.8/site-packages/airflow/example_dags/tutorial_objectstorage.py
[2025-02-08T13:33:54.189+0000] {logging_mixin.py:188} INFO - [2025-02-08T13:33:54.187+0000] {dag.py:3036} INFO - Sync 1 DAGs
[2025-02-08T13:33:54.215+0000] {logging_mixin.py:188} INFO - [2025-02-08T13:33:54.214+0000] {dag.py:3823} INFO - Setting next_dagrun for tutorial_objectstorage to None, run_after=None
[2025-02-08T13:33:54.296+0000] {processor.py:183} INFO - Processing /home/airflow/.local/lib/python3.8/site-packages/airflow/example_dags/tutorial_objectstorage.py took 0.193 seconds
[2025-02-08T13:34:24.922+0000] {processor.py:161} INFO - Started process (PID=3100) to work on /home/airflow/.local/lib/python3.8/site-packages/airflow/example_dags/tutorial_objectstorage.py
[2025-02-08T13:34:24.930+0000] {processor.py:830} INFO - Processing file /home/airflow/.local/lib/python3.8/site-packages/airflow/example_dags/tutorial_objectstorage.py for tasks to queue
[2025-02-08T13:34:24.936+0000] {logging_mixin.py:188} INFO - [2025-02-08T13:34:24.935+0000] {dagbag.py:538} INFO - Filling up the DagBag from /home/airflow/.local/lib/python3.8/site-packages/airflow/example_dags/tutorial_objectstorage.py
[2025-02-08T13:34:24.964+0000] {processor.py:840} INFO - DAG(s) 'tutorial_objectstorage' retrieved from /home/airflow/.local/lib/python3.8/site-packages/airflow/example_dags/tutorial_objectstorage.py
[2025-02-08T13:34:25.019+0000] {logging_mixin.py:188} INFO - [2025-02-08T13:34:25.019+0000] {dag.py:3036} INFO - Sync 1 DAGs
[2025-02-08T13:34:25.052+0000] {logging_mixin.py:188} INFO - [2025-02-08T13:34:25.051+0000] {dag.py:3823} INFO - Setting next_dagrun for tutorial_objectstorage to None, run_after=None
[2025-02-08T13:34:25.103+0000] {processor.py:183} INFO - Processing /home/airflow/.local/lib/python3.8/site-packages/airflow/example_dags/tutorial_objectstorage.py took 0.189 seconds
[2025-02-08T13:35:07.002+0000] {processor.py:161} INFO - Started process (PID=3171) to work on /home/airflow/.local/lib/python3.8/site-packages/airflow/example_dags/tutorial_objectstorage.py
[2025-02-08T13:35:07.067+0000] {processor.py:830} INFO - Processing file /home/airflow/.local/lib/python3.8/site-packages/airflow/example_dags/tutorial_objectstorage.py for tasks to queue
[2025-02-08T13:35:07.099+0000] {logging_mixin.py:188} INFO - [2025-02-08T13:35:07.098+0000] {dagbag.py:538} INFO - Filling up the DagBag from /home/airflow/.local/lib/python3.8/site-packages/airflow/example_dags/tutorial_objectstorage.py
[2025-02-08T13:35:07.259+0000] {processor.py:840} INFO - DAG(s) 'tutorial_objectstorage' retrieved from /home/airflow/.local/lib/python3.8/site-packages/airflow/example_dags/tutorial_objectstorage.py
[2025-02-08T13:35:08.631+0000] {logging_mixin.py:188} INFO - [2025-02-08T13:35:08.631+0000] {dag.py:3036} INFO - Sync 1 DAGs
[2025-02-08T13:35:08.788+0000] {logging_mixin.py:188} INFO - [2025-02-08T13:35:08.787+0000] {dag.py:3823} INFO - Setting next_dagrun for tutorial_objectstorage to None, run_after=None
[2025-02-08T13:35:10.697+0000] {processor.py:183} INFO - Processing /home/airflow/.local/lib/python3.8/site-packages/airflow/example_dags/tutorial_objectstorage.py took 3.735 seconds
[2025-02-08T13:35:42.413+0000] {processor.py:161} INFO - Started process (PID=3234) to work on /home/airflow/.local/lib/python3.8/site-packages/airflow/example_dags/tutorial_objectstorage.py
[2025-02-08T13:35:42.417+0000] {processor.py:830} INFO - Processing file /home/airflow/.local/lib/python3.8/site-packages/airflow/example_dags/tutorial_objectstorage.py for tasks to queue
[2025-02-08T13:35:42.438+0000] {logging_mixin.py:188} INFO - [2025-02-08T13:35:42.437+0000] {dagbag.py:538} INFO - Filling up the DagBag from /home/airflow/.local/lib/python3.8/site-packages/airflow/example_dags/tutorial_objectstorage.py
[2025-02-08T13:35:42.482+0000] {processor.py:840} INFO - DAG(s) 'tutorial_objectstorage' retrieved from /home/airflow/.local/lib/python3.8/site-packages/airflow/example_dags/tutorial_objectstorage.py
[2025-02-08T13:35:42.563+0000] {logging_mixin.py:188} INFO - [2025-02-08T13:35:42.562+0000] {dag.py:3036} INFO - Sync 1 DAGs
[2025-02-08T13:35:42.610+0000] {logging_mixin.py:188} INFO - [2025-02-08T13:35:42.607+0000] {dag.py:3823} INFO - Setting next_dagrun for tutorial_objectstorage to None, run_after=None
[2025-02-08T13:35:42.717+0000] {processor.py:183} INFO - Processing /home/airflow/.local/lib/python3.8/site-packages/airflow/example_dags/tutorial_objectstorage.py took 0.322 seconds
[2025-02-08T13:36:14.971+0000] {processor.py:161} INFO - Started process (PID=3291) to work on /home/airflow/.local/lib/python3.8/site-packages/airflow/example_dags/tutorial_objectstorage.py
[2025-02-08T13:36:14.979+0000] {processor.py:830} INFO - Processing file /home/airflow/.local/lib/python3.8/site-packages/airflow/example_dags/tutorial_objectstorage.py for tasks to queue
[2025-02-08T13:36:14.987+0000] {logging_mixin.py:188} INFO - [2025-02-08T13:36:14.986+0000] {dagbag.py:538} INFO - Filling up the DagBag from /home/airflow/.local/lib/python3.8/site-packages/airflow/example_dags/tutorial_objectstorage.py
[2025-02-08T13:36:15.013+0000] {processor.py:840} INFO - DAG(s) 'tutorial_objectstorage' retrieved from /home/airflow/.local/lib/python3.8/site-packages/airflow/example_dags/tutorial_objectstorage.py
[2025-02-08T13:36:15.131+0000] {logging_mixin.py:188} INFO - [2025-02-08T13:36:15.131+0000] {dag.py:3036} INFO - Sync 1 DAGs
[2025-02-08T13:36:15.178+0000] {logging_mixin.py:188} INFO - [2025-02-08T13:36:15.177+0000] {dag.py:3823} INFO - Setting next_dagrun for tutorial_objectstorage to None, run_after=None
[2025-02-08T13:36:15.263+0000] {processor.py:183} INFO - Processing /home/airflow/.local/lib/python3.8/site-packages/airflow/example_dags/tutorial_objectstorage.py took 0.308 seconds
[2025-02-08T13:36:46.029+0000] {processor.py:161} INFO - Started process (PID=3350) to work on /home/airflow/.local/lib/python3.8/site-packages/airflow/example_dags/tutorial_objectstorage.py
[2025-02-08T13:36:46.032+0000] {processor.py:830} INFO - Processing file /home/airflow/.local/lib/python3.8/site-packages/airflow/example_dags/tutorial_objectstorage.py for tasks to queue
[2025-02-08T13:36:46.037+0000] {logging_mixin.py:188} INFO - [2025-02-08T13:36:46.037+0000] {dagbag.py:538} INFO - Filling up the DagBag from /home/airflow/.local/lib/python3.8/site-packages/airflow/example_dags/tutorial_objectstorage.py
[2025-02-08T13:36:46.064+0000] {processor.py:840} INFO - DAG(s) 'tutorial_objectstorage' retrieved from /home/airflow/.local/lib/python3.8/site-packages/airflow/example_dags/tutorial_objectstorage.py
[2025-02-08T13:36:46.538+0000] {logging_mixin.py:188} INFO - [2025-02-08T13:36:46.538+0000] {dag.py:3036} INFO - Sync 1 DAGs
[2025-02-08T13:36:46.579+0000] {logging_mixin.py:188} INFO - [2025-02-08T13:36:46.573+0000] {dag.py:3823} INFO - Setting next_dagrun for tutorial_objectstorage to None, run_after=None
[2025-02-08T13:36:46.655+0000] {processor.py:183} INFO - Processing /home/airflow/.local/lib/python3.8/site-packages/airflow/example_dags/tutorial_objectstorage.py took 0.635 seconds
[2025-02-08T13:37:16.872+0000] {processor.py:161} INFO - Started process (PID=3414) to work on /home/airflow/.local/lib/python3.8/site-packages/airflow/example_dags/tutorial_objectstorage.py
[2025-02-08T13:37:16.880+0000] {processor.py:830} INFO - Processing file /home/airflow/.local/lib/python3.8/site-packages/airflow/example_dags/tutorial_objectstorage.py for tasks to queue
[2025-02-08T13:37:16.885+0000] {logging_mixin.py:188} INFO - [2025-02-08T13:37:16.884+0000] {dagbag.py:538} INFO - Filling up the DagBag from /home/airflow/.local/lib/python3.8/site-packages/airflow/example_dags/tutorial_objectstorage.py
[2025-02-08T13:37:16.904+0000] {processor.py:840} INFO - DAG(s) 'tutorial_objectstorage' retrieved from /home/airflow/.local/lib/python3.8/site-packages/airflow/example_dags/tutorial_objectstorage.py
[2025-02-08T13:37:17.013+0000] {logging_mixin.py:188} INFO - [2025-02-08T13:37:17.012+0000] {dag.py:3036} INFO - Sync 1 DAGs
[2025-02-08T13:37:17.069+0000] {logging_mixin.py:188} INFO - [2025-02-08T13:37:17.067+0000] {dag.py:3823} INFO - Setting next_dagrun for tutorial_objectstorage to None, run_after=None
[2025-02-08T13:37:17.160+0000] {processor.py:183} INFO - Processing /home/airflow/.local/lib/python3.8/site-packages/airflow/example_dags/tutorial_objectstorage.py took 0.302 seconds
[2025-02-08T13:37:47.753+0000] {processor.py:161} INFO - Started process (PID=3478) to work on /home/airflow/.local/lib/python3.8/site-packages/airflow/example_dags/tutorial_objectstorage.py
[2025-02-08T13:37:47.755+0000] {processor.py:830} INFO - Processing file /home/airflow/.local/lib/python3.8/site-packages/airflow/example_dags/tutorial_objectstorage.py for tasks to queue
[2025-02-08T13:37:47.769+0000] {logging_mixin.py:188} INFO - [2025-02-08T13:37:47.768+0000] {dagbag.py:538} INFO - Filling up the DagBag from /home/airflow/.local/lib/python3.8/site-packages/airflow/example_dags/tutorial_objectstorage.py
[2025-02-08T13:37:47.802+0000] {processor.py:840} INFO - DAG(s) 'tutorial_objectstorage' retrieved from /home/airflow/.local/lib/python3.8/site-packages/airflow/example_dags/tutorial_objectstorage.py
[2025-02-08T13:37:47.879+0000] {logging_mixin.py:188} INFO - [2025-02-08T13:37:47.879+0000] {dag.py:3036} INFO - Sync 1 DAGs
[2025-02-08T13:37:47.921+0000] {logging_mixin.py:188} INFO - [2025-02-08T13:37:47.920+0000] {dag.py:3823} INFO - Setting next_dagrun for tutorial_objectstorage to None, run_after=None
[2025-02-08T13:37:47.999+0000] {processor.py:183} INFO - Processing /home/airflow/.local/lib/python3.8/site-packages/airflow/example_dags/tutorial_objectstorage.py took 0.252 seconds
[2025-02-08T13:38:18.182+0000] {processor.py:161} INFO - Started process (PID=3540) to work on /home/airflow/.local/lib/python3.8/site-packages/airflow/example_dags/tutorial_objectstorage.py
[2025-02-08T13:38:18.184+0000] {processor.py:830} INFO - Processing file /home/airflow/.local/lib/python3.8/site-packages/airflow/example_dags/tutorial_objectstorage.py for tasks to queue
[2025-02-08T13:38:18.190+0000] {logging_mixin.py:188} INFO - [2025-02-08T13:38:18.189+0000] {dagbag.py:538} INFO - Filling up the DagBag from /home/airflow/.local/lib/python3.8/site-packages/airflow/example_dags/tutorial_objectstorage.py
[2025-02-08T13:38:18.211+0000] {processor.py:840} INFO - DAG(s) 'tutorial_objectstorage' retrieved from /home/airflow/.local/lib/python3.8/site-packages/airflow/example_dags/tutorial_objectstorage.py
[2025-02-08T13:38:18.282+0000] {logging_mixin.py:188} INFO - [2025-02-08T13:38:18.282+0000] {dag.py:3036} INFO - Sync 1 DAGs
[2025-02-08T13:38:18.320+0000] {logging_mixin.py:188} INFO - [2025-02-08T13:38:18.319+0000] {dag.py:3823} INFO - Setting next_dagrun for tutorial_objectstorage to None, run_after=None
[2025-02-08T13:38:18.377+0000] {processor.py:183} INFO - Processing /home/airflow/.local/lib/python3.8/site-packages/airflow/example_dags/tutorial_objectstorage.py took 0.206 seconds
[2025-02-08T13:38:48.737+0000] {processor.py:161} INFO - Started process (PID=3604) to work on /home/airflow/.local/lib/python3.8/site-packages/airflow/example_dags/tutorial_objectstorage.py
[2025-02-08T13:38:48.740+0000] {processor.py:830} INFO - Processing file /home/airflow/.local/lib/python3.8/site-packages/airflow/example_dags/tutorial_objectstorage.py for tasks to queue
[2025-02-08T13:38:48.754+0000] {logging_mixin.py:188} INFO - [2025-02-08T13:38:48.754+0000] {dagbag.py:538} INFO - Filling up the DagBag from /home/airflow/.local/lib/python3.8/site-packages/airflow/example_dags/tutorial_objectstorage.py
[2025-02-08T13:38:48.779+0000] {processor.py:840} INFO - DAG(s) 'tutorial_objectstorage' retrieved from /home/airflow/.local/lib/python3.8/site-packages/airflow/example_dags/tutorial_objectstorage.py
[2025-02-08T13:38:48.839+0000] {logging_mixin.py:188} INFO - [2025-02-08T13:38:48.839+0000] {dag.py:3036} INFO - Sync 1 DAGs
[2025-02-08T13:38:48.896+0000] {logging_mixin.py:188} INFO - [2025-02-08T13:38:48.895+0000] {dag.py:3823} INFO - Setting next_dagrun for tutorial_objectstorage to None, run_after=None
[2025-02-08T13:38:48.988+0000] {processor.py:183} INFO - Processing /home/airflow/.local/lib/python3.8/site-packages/airflow/example_dags/tutorial_objectstorage.py took 0.257 seconds
[2025-02-08T13:39:19.586+0000] {processor.py:161} INFO - Started process (PID=3662) to work on /home/airflow/.local/lib/python3.8/site-packages/airflow/example_dags/tutorial_objectstorage.py
[2025-02-08T13:39:19.590+0000] {processor.py:830} INFO - Processing file /home/airflow/.local/lib/python3.8/site-packages/airflow/example_dags/tutorial_objectstorage.py for tasks to queue
[2025-02-08T13:39:19.598+0000] {logging_mixin.py:188} INFO - [2025-02-08T13:39:19.597+0000] {dagbag.py:538} INFO - Filling up the DagBag from /home/airflow/.local/lib/python3.8/site-packages/airflow/example_dags/tutorial_objectstorage.py
[2025-02-08T13:39:19.617+0000] {processor.py:840} INFO - DAG(s) 'tutorial_objectstorage' retrieved from /home/airflow/.local/lib/python3.8/site-packages/airflow/example_dags/tutorial_objectstorage.py
[2025-02-08T13:39:19.682+0000] {logging_mixin.py:188} INFO - [2025-02-08T13:39:19.682+0000] {dag.py:3036} INFO - Sync 1 DAGs
[2025-02-08T13:39:19.731+0000] {logging_mixin.py:188} INFO - [2025-02-08T13:39:19.731+0000] {dag.py:3823} INFO - Setting next_dagrun for tutorial_objectstorage to None, run_after=None
[2025-02-08T13:39:19.847+0000] {processor.py:183} INFO - Processing /home/airflow/.local/lib/python3.8/site-packages/airflow/example_dags/tutorial_objectstorage.py took 0.276 seconds
[2025-02-08T13:39:50.395+0000] {processor.py:161} INFO - Started process (PID=3728) to work on /home/airflow/.local/lib/python3.8/site-packages/airflow/example_dags/tutorial_objectstorage.py
[2025-02-08T13:39:50.400+0000] {processor.py:830} INFO - Processing file /home/airflow/.local/lib/python3.8/site-packages/airflow/example_dags/tutorial_objectstorage.py for tasks to queue
[2025-02-08T13:39:50.405+0000] {logging_mixin.py:188} INFO - [2025-02-08T13:39:50.405+0000] {dagbag.py:538} INFO - Filling up the DagBag from /home/airflow/.local/lib/python3.8/site-packages/airflow/example_dags/tutorial_objectstorage.py
[2025-02-08T13:39:50.461+0000] {processor.py:840} INFO - DAG(s) 'tutorial_objectstorage' retrieved from /home/airflow/.local/lib/python3.8/site-packages/airflow/example_dags/tutorial_objectstorage.py
[2025-02-08T13:39:50.552+0000] {logging_mixin.py:188} INFO - [2025-02-08T13:39:50.551+0000] {dag.py:3036} INFO - Sync 1 DAGs
[2025-02-08T13:39:50.651+0000] {logging_mixin.py:188} INFO - [2025-02-08T13:39:50.651+0000] {dag.py:3823} INFO - Setting next_dagrun for tutorial_objectstorage to None, run_after=None
[2025-02-08T13:39:50.781+0000] {processor.py:183} INFO - Processing /home/airflow/.local/lib/python3.8/site-packages/airflow/example_dags/tutorial_objectstorage.py took 0.396 seconds
[2025-02-08T13:40:21.070+0000] {processor.py:161} INFO - Started process (PID=3793) to work on /home/airflow/.local/lib/python3.8/site-packages/airflow/example_dags/tutorial_objectstorage.py
[2025-02-08T13:40:21.083+0000] {processor.py:830} INFO - Processing file /home/airflow/.local/lib/python3.8/site-packages/airflow/example_dags/tutorial_objectstorage.py for tasks to queue
[2025-02-08T13:40:21.088+0000] {logging_mixin.py:188} INFO - [2025-02-08T13:40:21.087+0000] {dagbag.py:538} INFO - Filling up the DagBag from /home/airflow/.local/lib/python3.8/site-packages/airflow/example_dags/tutorial_objectstorage.py
[2025-02-08T13:40:21.111+0000] {processor.py:840} INFO - DAG(s) 'tutorial_objectstorage' retrieved from /home/airflow/.local/lib/python3.8/site-packages/airflow/example_dags/tutorial_objectstorage.py
[2025-02-08T13:40:21.151+0000] {logging_mixin.py:188} INFO - [2025-02-08T13:40:21.151+0000] {dag.py:3036} INFO - Sync 1 DAGs
[2025-02-08T13:40:21.179+0000] {logging_mixin.py:188} INFO - [2025-02-08T13:40:21.178+0000] {dag.py:3823} INFO - Setting next_dagrun for tutorial_objectstorage to None, run_after=None
[2025-02-08T13:40:21.253+0000] {processor.py:183} INFO - Processing /home/airflow/.local/lib/python3.8/site-packages/airflow/example_dags/tutorial_objectstorage.py took 0.195 seconds
[2025-02-08T13:41:13.534+0000] {processor.py:161} INFO - Started process (PID=3863) to work on /home/airflow/.local/lib/python3.8/site-packages/airflow/example_dags/tutorial_objectstorage.py
[2025-02-08T13:41:13.586+0000] {processor.py:830} INFO - Processing file /home/airflow/.local/lib/python3.8/site-packages/airflow/example_dags/tutorial_objectstorage.py for tasks to queue
[2025-02-08T13:41:13.686+0000] {logging_mixin.py:188} INFO - [2025-02-08T13:41:13.685+0000] {dagbag.py:538} INFO - Filling up the DagBag from /home/airflow/.local/lib/python3.8/site-packages/airflow/example_dags/tutorial_objectstorage.py
[2025-02-08T13:41:14.187+0000] {processor.py:840} INFO - DAG(s) 'tutorial_objectstorage' retrieved from /home/airflow/.local/lib/python3.8/site-packages/airflow/example_dags/tutorial_objectstorage.py
[2025-02-08T13:41:15.864+0000] {logging_mixin.py:188} INFO - [2025-02-08T13:41:15.863+0000] {dag.py:3036} INFO - Sync 1 DAGs
[2025-02-08T13:41:16.411+0000] {logging_mixin.py:188} INFO - [2025-02-08T13:41:16.411+0000] {dag.py:3823} INFO - Setting next_dagrun for tutorial_objectstorage to None, run_after=None
[2025-02-08T13:41:17.581+0000] {processor.py:183} INFO - Processing /home/airflow/.local/lib/python3.8/site-packages/airflow/example_dags/tutorial_objectstorage.py took 4.256 seconds
[2025-02-08T13:42:43.387+0000] {processor.py:161} INFO - Started process (PID=3952) to work on /home/airflow/.local/lib/python3.8/site-packages/airflow/example_dags/tutorial_objectstorage.py
[2025-02-08T13:42:43.403+0000] {processor.py:830} INFO - Processing file /home/airflow/.local/lib/python3.8/site-packages/airflow/example_dags/tutorial_objectstorage.py for tasks to queue
[2025-02-08T13:42:43.414+0000] {logging_mixin.py:188} INFO - [2025-02-08T13:42:43.413+0000] {dagbag.py:538} INFO - Filling up the DagBag from /home/airflow/.local/lib/python3.8/site-packages/airflow/example_dags/tutorial_objectstorage.py
[2025-02-08T13:42:43.464+0000] {processor.py:840} INFO - DAG(s) 'tutorial_objectstorage' retrieved from /home/airflow/.local/lib/python3.8/site-packages/airflow/example_dags/tutorial_objectstorage.py
[2025-02-08T13:42:43.582+0000] {logging_mixin.py:188} INFO - [2025-02-08T13:42:43.582+0000] {dag.py:3036} INFO - Sync 1 DAGs
[2025-02-08T13:42:43.673+0000] {logging_mixin.py:188} INFO - [2025-02-08T13:42:43.672+0000] {dag.py:3823} INFO - Setting next_dagrun for tutorial_objectstorage to None, run_after=None
[2025-02-08T13:42:43.855+0000] {processor.py:183} INFO - Processing /home/airflow/.local/lib/python3.8/site-packages/airflow/example_dags/tutorial_objectstorage.py took 0.501 seconds
[2025-02-08T13:43:17.666+0000] {processor.py:161} INFO - Started process (PID=4001) to work on /home/airflow/.local/lib/python3.8/site-packages/airflow/example_dags/tutorial_objectstorage.py
[2025-02-08T13:43:17.668+0000] {processor.py:830} INFO - Processing file /home/airflow/.local/lib/python3.8/site-packages/airflow/example_dags/tutorial_objectstorage.py for tasks to queue
[2025-02-08T13:43:17.679+0000] {logging_mixin.py:188} INFO - [2025-02-08T13:43:17.679+0000] {dagbag.py:538} INFO - Filling up the DagBag from /home/airflow/.local/lib/python3.8/site-packages/airflow/example_dags/tutorial_objectstorage.py
[2025-02-08T13:43:17.700+0000] {processor.py:840} INFO - DAG(s) 'tutorial_objectstorage' retrieved from /home/airflow/.local/lib/python3.8/site-packages/airflow/example_dags/tutorial_objectstorage.py
[2025-02-08T13:43:17.826+0000] {logging_mixin.py:188} INFO - [2025-02-08T13:43:17.826+0000] {dag.py:3036} INFO - Sync 1 DAGs
[2025-02-08T13:43:17.879+0000] {logging_mixin.py:188} INFO - [2025-02-08T13:43:17.878+0000] {dag.py:3823} INFO - Setting next_dagrun for tutorial_objectstorage to None, run_after=None
[2025-02-08T13:43:17.947+0000] {processor.py:183} INFO - Processing /home/airflow/.local/lib/python3.8/site-packages/airflow/example_dags/tutorial_objectstorage.py took 0.289 seconds
[2025-02-08T13:43:49.666+0000] {processor.py:161} INFO - Started process (PID=4058) to work on /home/airflow/.local/lib/python3.8/site-packages/airflow/example_dags/tutorial_objectstorage.py
[2025-02-08T13:43:49.668+0000] {processor.py:830} INFO - Processing file /home/airflow/.local/lib/python3.8/site-packages/airflow/example_dags/tutorial_objectstorage.py for tasks to queue
[2025-02-08T13:43:49.681+0000] {logging_mixin.py:188} INFO - [2025-02-08T13:43:49.681+0000] {dagbag.py:538} INFO - Filling up the DagBag from /home/airflow/.local/lib/python3.8/site-packages/airflow/example_dags/tutorial_objectstorage.py
[2025-02-08T13:43:49.721+0000] {processor.py:840} INFO - DAG(s) 'tutorial_objectstorage' retrieved from /home/airflow/.local/lib/python3.8/site-packages/airflow/example_dags/tutorial_objectstorage.py
[2025-02-08T13:43:50.065+0000] {logging_mixin.py:188} INFO - [2025-02-08T13:43:50.064+0000] {dag.py:3036} INFO - Sync 1 DAGs
[2025-02-08T13:43:50.174+0000] {logging_mixin.py:188} INFO - [2025-02-08T13:43:50.174+0000] {dag.py:3823} INFO - Setting next_dagrun for tutorial_objectstorage to None, run_after=None
[2025-02-08T13:43:50.329+0000] {processor.py:183} INFO - Processing /home/airflow/.local/lib/python3.8/site-packages/airflow/example_dags/tutorial_objectstorage.py took 0.671 seconds
[2025-02-08T13:44:22.652+0000] {processor.py:161} INFO - Started process (PID=4121) to work on /home/airflow/.local/lib/python3.8/site-packages/airflow/example_dags/tutorial_objectstorage.py
[2025-02-08T13:44:22.656+0000] {processor.py:830} INFO - Processing file /home/airflow/.local/lib/python3.8/site-packages/airflow/example_dags/tutorial_objectstorage.py for tasks to queue
[2025-02-08T13:44:22.669+0000] {logging_mixin.py:188} INFO - [2025-02-08T13:44:22.667+0000] {dagbag.py:538} INFO - Filling up the DagBag from /home/airflow/.local/lib/python3.8/site-packages/airflow/example_dags/tutorial_objectstorage.py
[2025-02-08T13:44:22.718+0000] {processor.py:840} INFO - DAG(s) 'tutorial_objectstorage' retrieved from /home/airflow/.local/lib/python3.8/site-packages/airflow/example_dags/tutorial_objectstorage.py
[2025-02-08T13:44:22.912+0000] {logging_mixin.py:188} INFO - [2025-02-08T13:44:22.912+0000] {dag.py:3036} INFO - Sync 1 DAGs
[2025-02-08T13:44:23.013+0000] {logging_mixin.py:188} INFO - [2025-02-08T13:44:23.012+0000] {dag.py:3823} INFO - Setting next_dagrun for tutorial_objectstorage to None, run_after=None
[2025-02-08T13:44:23.080+0000] {processor.py:183} INFO - Processing /home/airflow/.local/lib/python3.8/site-packages/airflow/example_dags/tutorial_objectstorage.py took 0.444 seconds
[2025-02-08T13:44:53.928+0000] {processor.py:161} INFO - Started process (PID=4178) to work on /home/airflow/.local/lib/python3.8/site-packages/airflow/example_dags/tutorial_objectstorage.py
[2025-02-08T13:44:53.929+0000] {processor.py:830} INFO - Processing file /home/airflow/.local/lib/python3.8/site-packages/airflow/example_dags/tutorial_objectstorage.py for tasks to queue
[2025-02-08T13:44:53.932+0000] {logging_mixin.py:188} INFO - [2025-02-08T13:44:53.932+0000] {dagbag.py:538} INFO - Filling up the DagBag from /home/airflow/.local/lib/python3.8/site-packages/airflow/example_dags/tutorial_objectstorage.py
[2025-02-08T13:44:53.948+0000] {processor.py:840} INFO - DAG(s) 'tutorial_objectstorage' retrieved from /home/airflow/.local/lib/python3.8/site-packages/airflow/example_dags/tutorial_objectstorage.py
[2025-02-08T13:44:53.988+0000] {logging_mixin.py:188} INFO - [2025-02-08T13:44:53.987+0000] {dag.py:3036} INFO - Sync 1 DAGs
[2025-02-08T13:44:54.017+0000] {logging_mixin.py:188} INFO - [2025-02-08T13:44:54.017+0000] {dag.py:3823} INFO - Setting next_dagrun for tutorial_objectstorage to None, run_after=None
[2025-02-08T13:44:54.054+0000] {processor.py:183} INFO - Processing /home/airflow/.local/lib/python3.8/site-packages/airflow/example_dags/tutorial_objectstorage.py took 0.135 seconds
[2025-02-08T13:45:24.460+0000] {processor.py:161} INFO - Started process (PID=4241) to work on /home/airflow/.local/lib/python3.8/site-packages/airflow/example_dags/tutorial_objectstorage.py
[2025-02-08T13:45:24.465+0000] {processor.py:830} INFO - Processing file /home/airflow/.local/lib/python3.8/site-packages/airflow/example_dags/tutorial_objectstorage.py for tasks to queue
[2025-02-08T13:45:24.468+0000] {logging_mixin.py:188} INFO - [2025-02-08T13:45:24.468+0000] {dagbag.py:538} INFO - Filling up the DagBag from /home/airflow/.local/lib/python3.8/site-packages/airflow/example_dags/tutorial_objectstorage.py
[2025-02-08T13:45:24.511+0000] {processor.py:840} INFO - DAG(s) 'tutorial_objectstorage' retrieved from /home/airflow/.local/lib/python3.8/site-packages/airflow/example_dags/tutorial_objectstorage.py
[2025-02-08T13:45:24.597+0000] {logging_mixin.py:188} INFO - [2025-02-08T13:45:24.597+0000] {dag.py:3036} INFO - Sync 1 DAGs
[2025-02-08T13:45:24.640+0000] {logging_mixin.py:188} INFO - [2025-02-08T13:45:24.640+0000] {dag.py:3823} INFO - Setting next_dagrun for tutorial_objectstorage to None, run_after=None
[2025-02-08T13:45:24.758+0000] {processor.py:183} INFO - Processing /home/airflow/.local/lib/python3.8/site-packages/airflow/example_dags/tutorial_objectstorage.py took 0.318 seconds
[2025-02-08T13:45:58.081+0000] {processor.py:161} INFO - Started process (PID=4304) to work on /home/airflow/.local/lib/python3.8/site-packages/airflow/example_dags/tutorial_objectstorage.py
[2025-02-08T13:45:58.105+0000] {processor.py:830} INFO - Processing file /home/airflow/.local/lib/python3.8/site-packages/airflow/example_dags/tutorial_objectstorage.py for tasks to queue
[2025-02-08T13:45:58.116+0000] {logging_mixin.py:188} INFO - [2025-02-08T13:45:58.114+0000] {dagbag.py:538} INFO - Filling up the DagBag from /home/airflow/.local/lib/python3.8/site-packages/airflow/example_dags/tutorial_objectstorage.py
[2025-02-08T13:45:58.270+0000] {processor.py:840} INFO - DAG(s) 'tutorial_objectstorage' retrieved from /home/airflow/.local/lib/python3.8/site-packages/airflow/example_dags/tutorial_objectstorage.py
[2025-02-08T13:45:58.545+0000] {logging_mixin.py:188} INFO - [2025-02-08T13:45:58.543+0000] {dag.py:3036} INFO - Sync 1 DAGs
[2025-02-08T13:45:58.793+0000] {logging_mixin.py:188} INFO - [2025-02-08T13:45:58.792+0000] {dag.py:3823} INFO - Setting next_dagrun for tutorial_objectstorage to None, run_after=None
[2025-02-08T13:45:59.056+0000] {processor.py:183} INFO - Processing /home/airflow/.local/lib/python3.8/site-packages/airflow/example_dags/tutorial_objectstorage.py took 1.046 seconds
[2025-02-08T13:46:38.003+0000] {processor.py:161} INFO - Started process (PID=4369) to work on /home/airflow/.local/lib/python3.8/site-packages/airflow/example_dags/tutorial_objectstorage.py
[2025-02-08T13:46:38.046+0000] {processor.py:830} INFO - Processing file /home/airflow/.local/lib/python3.8/site-packages/airflow/example_dags/tutorial_objectstorage.py for tasks to queue
[2025-02-08T13:46:38.065+0000] {logging_mixin.py:188} INFO - [2025-02-08T13:46:38.064+0000] {dagbag.py:538} INFO - Filling up the DagBag from /home/airflow/.local/lib/python3.8/site-packages/airflow/example_dags/tutorial_objectstorage.py
[2025-02-08T13:46:38.136+0000] {processor.py:840} INFO - DAG(s) 'tutorial_objectstorage' retrieved from /home/airflow/.local/lib/python3.8/site-packages/airflow/example_dags/tutorial_objectstorage.py
[2025-02-08T13:46:38.607+0000] {logging_mixin.py:188} INFO - [2025-02-08T13:46:38.598+0000] {dag.py:3036} INFO - Sync 1 DAGs
[2025-02-08T13:46:39.221+0000] {logging_mixin.py:188} INFO - [2025-02-08T13:46:39.221+0000] {dag.py:3823} INFO - Setting next_dagrun for tutorial_objectstorage to None, run_after=None
[2025-02-08T13:46:39.539+0000] {processor.py:183} INFO - Processing /home/airflow/.local/lib/python3.8/site-packages/airflow/example_dags/tutorial_objectstorage.py took 1.607 seconds
[2025-02-08T13:47:22.402+0000] {processor.py:161} INFO - Started process (PID=4424) to work on /home/airflow/.local/lib/python3.8/site-packages/airflow/example_dags/tutorial_objectstorage.py
[2025-02-08T13:47:22.408+0000] {processor.py:830} INFO - Processing file /home/airflow/.local/lib/python3.8/site-packages/airflow/example_dags/tutorial_objectstorage.py for tasks to queue
[2025-02-08T13:47:22.425+0000] {logging_mixin.py:188} INFO - [2025-02-08T13:47:22.425+0000] {dagbag.py:538} INFO - Filling up the DagBag from /home/airflow/.local/lib/python3.8/site-packages/airflow/example_dags/tutorial_objectstorage.py
[2025-02-08T13:47:22.533+0000] {processor.py:840} INFO - DAG(s) 'tutorial_objectstorage' retrieved from /home/airflow/.local/lib/python3.8/site-packages/airflow/example_dags/tutorial_objectstorage.py
[2025-02-08T13:47:22.671+0000] {logging_mixin.py:188} INFO - [2025-02-08T13:47:22.670+0000] {dag.py:3036} INFO - Sync 1 DAGs
[2025-02-08T13:47:22.876+0000] {logging_mixin.py:188} INFO - [2025-02-08T13:47:22.856+0000] {dag.py:3823} INFO - Setting next_dagrun for tutorial_objectstorage to None, run_after=None
[2025-02-08T13:47:23.087+0000] {processor.py:183} INFO - Processing /home/airflow/.local/lib/python3.8/site-packages/airflow/example_dags/tutorial_objectstorage.py took 0.730 seconds
[2025-02-08T13:47:53.420+0000] {processor.py:161} INFO - Started process (PID=4481) to work on /home/airflow/.local/lib/python3.8/site-packages/airflow/example_dags/tutorial_objectstorage.py
[2025-02-08T13:47:53.423+0000] {processor.py:830} INFO - Processing file /home/airflow/.local/lib/python3.8/site-packages/airflow/example_dags/tutorial_objectstorage.py for tasks to queue
[2025-02-08T13:47:53.455+0000] {logging_mixin.py:188} INFO - [2025-02-08T13:47:53.453+0000] {dagbag.py:538} INFO - Filling up the DagBag from /home/airflow/.local/lib/python3.8/site-packages/airflow/example_dags/tutorial_objectstorage.py
[2025-02-08T13:47:53.489+0000] {processor.py:840} INFO - DAG(s) 'tutorial_objectstorage' retrieved from /home/airflow/.local/lib/python3.8/site-packages/airflow/example_dags/tutorial_objectstorage.py
[2025-02-08T13:47:53.664+0000] {logging_mixin.py:188} INFO - [2025-02-08T13:47:53.659+0000] {dag.py:3036} INFO - Sync 1 DAGs
[2025-02-08T13:47:53.802+0000] {logging_mixin.py:188} INFO - [2025-02-08T13:47:53.801+0000] {dag.py:3823} INFO - Setting next_dagrun for tutorial_objectstorage to None, run_after=None
[2025-02-08T13:47:53.913+0000] {processor.py:183} INFO - Processing /home/airflow/.local/lib/python3.8/site-packages/airflow/example_dags/tutorial_objectstorage.py took 0.502 seconds
[2025-02-08T13:48:24.441+0000] {processor.py:161} INFO - Started process (PID=4545) to work on /home/airflow/.local/lib/python3.8/site-packages/airflow/example_dags/tutorial_objectstorage.py
[2025-02-08T13:48:24.444+0000] {processor.py:830} INFO - Processing file /home/airflow/.local/lib/python3.8/site-packages/airflow/example_dags/tutorial_objectstorage.py for tasks to queue
[2025-02-08T13:48:24.463+0000] {logging_mixin.py:188} INFO - [2025-02-08T13:48:24.462+0000] {dagbag.py:538} INFO - Filling up the DagBag from /home/airflow/.local/lib/python3.8/site-packages/airflow/example_dags/tutorial_objectstorage.py
[2025-02-08T13:48:24.571+0000] {processor.py:840} INFO - DAG(s) 'tutorial_objectstorage' retrieved from /home/airflow/.local/lib/python3.8/site-packages/airflow/example_dags/tutorial_objectstorage.py
[2025-02-08T13:48:24.670+0000] {logging_mixin.py:188} INFO - [2025-02-08T13:48:24.669+0000] {dag.py:3036} INFO - Sync 1 DAGs
[2025-02-08T13:48:24.776+0000] {logging_mixin.py:188} INFO - [2025-02-08T13:48:24.776+0000] {dag.py:3823} INFO - Setting next_dagrun for tutorial_objectstorage to None, run_after=None
[2025-02-08T13:48:24.914+0000] {processor.py:183} INFO - Processing /home/airflow/.local/lib/python3.8/site-packages/airflow/example_dags/tutorial_objectstorage.py took 0.502 seconds
[2025-02-08T13:48:55.878+0000] {processor.py:161} INFO - Started process (PID=4610) to work on /home/airflow/.local/lib/python3.8/site-packages/airflow/example_dags/tutorial_objectstorage.py
[2025-02-08T13:48:55.883+0000] {processor.py:830} INFO - Processing file /home/airflow/.local/lib/python3.8/site-packages/airflow/example_dags/tutorial_objectstorage.py for tasks to queue
[2025-02-08T13:48:55.892+0000] {logging_mixin.py:188} INFO - [2025-02-08T13:48:55.892+0000] {dagbag.py:538} INFO - Filling up the DagBag from /home/airflow/.local/lib/python3.8/site-packages/airflow/example_dags/tutorial_objectstorage.py
[2025-02-08T13:48:55.936+0000] {processor.py:840} INFO - DAG(s) 'tutorial_objectstorage' retrieved from /home/airflow/.local/lib/python3.8/site-packages/airflow/example_dags/tutorial_objectstorage.py
[2025-02-08T13:48:56.032+0000] {logging_mixin.py:188} INFO - [2025-02-08T13:48:56.026+0000] {dag.py:3036} INFO - Sync 1 DAGs
[2025-02-08T13:48:56.093+0000] {logging_mixin.py:188} INFO - [2025-02-08T13:48:56.093+0000] {dag.py:3823} INFO - Setting next_dagrun for tutorial_objectstorage to None, run_after=None
[2025-02-08T13:48:56.194+0000] {processor.py:183} INFO - Processing /home/airflow/.local/lib/python3.8/site-packages/airflow/example_dags/tutorial_objectstorage.py took 0.341 seconds
