[2025-02-20T13:46:06.020+0000] {processor.py:161} INFO - Started process (PID=120) to work on /home/airflow/.local/lib/python3.8/site-packages/airflow/example_dags/example_short_circuit_decorator.py
[2025-02-20T13:46:06.022+0000] {processor.py:830} INFO - Processing file /home/airflow/.local/lib/python3.8/site-packages/airflow/example_dags/example_short_circuit_decorator.py for tasks to queue
[2025-02-20T13:46:06.025+0000] {logging_mixin.py:188} INFO - [2025-02-20T13:46:06.025+0000] {dagbag.py:538} INFO - Filling up the DagBag from /home/airflow/.local/lib/python3.8/site-packages/airflow/example_dags/example_short_circuit_decorator.py
[2025-02-20T13:46:06.037+0000] {processor.py:840} INFO - DAG(s) 'example_short_circuit_decorator' retrieved from /home/airflow/.local/lib/python3.8/site-packages/airflow/example_dags/example_short_circuit_decorator.py
[2025-02-20T13:46:06.097+0000] {logging_mixin.py:188} INFO - [2025-02-20T13:46:06.096+0000] {dag.py:3036} INFO - Sync 1 DAGs
[2025-02-20T13:46:06.142+0000] {logging_mixin.py:188} INFO - [2025-02-20T13:46:06.142+0000] {dag.py:3823} INFO - Setting next_dagrun for example_short_circuit_decorator to 2025-02-19 00:00:00+00:00, run_after=2025-02-20 00:00:00+00:00
[2025-02-20T13:46:06.181+0000] {processor.py:183} INFO - Processing /home/airflow/.local/lib/python3.8/site-packages/airflow/example_dags/example_short_circuit_decorator.py took 0.167 seconds
[2025-02-20T13:46:37.307+0000] {processor.py:161} INFO - Started process (PID=185) to work on /home/airflow/.local/lib/python3.8/site-packages/airflow/example_dags/example_short_circuit_decorator.py
[2025-02-20T13:46:37.310+0000] {processor.py:830} INFO - Processing file /home/airflow/.local/lib/python3.8/site-packages/airflow/example_dags/example_short_circuit_decorator.py for tasks to queue
[2025-02-20T13:46:37.315+0000] {logging_mixin.py:188} INFO - [2025-02-20T13:46:37.314+0000] {dagbag.py:538} INFO - Filling up the DagBag from /home/airflow/.local/lib/python3.8/site-packages/airflow/example_dags/example_short_circuit_decorator.py
[2025-02-20T13:46:37.330+0000] {processor.py:840} INFO - DAG(s) 'example_short_circuit_decorator' retrieved from /home/airflow/.local/lib/python3.8/site-packages/airflow/example_dags/example_short_circuit_decorator.py
[2025-02-20T13:46:37.369+0000] {logging_mixin.py:188} INFO - [2025-02-20T13:46:37.369+0000] {dag.py:3036} INFO - Sync 1 DAGs
[2025-02-20T13:46:37.410+0000] {logging_mixin.py:188} INFO - [2025-02-20T13:46:37.409+0000] {dag.py:3823} INFO - Setting next_dagrun for example_short_circuit_decorator to 2025-02-19 00:00:00+00:00, run_after=2025-02-20 00:00:00+00:00
[2025-02-20T13:46:37.466+0000] {processor.py:183} INFO - Processing /home/airflow/.local/lib/python3.8/site-packages/airflow/example_dags/example_short_circuit_decorator.py took 0.163 seconds
[2025-02-20T13:47:07.793+0000] {processor.py:161} INFO - Started process (PID=250) to work on /home/airflow/.local/lib/python3.8/site-packages/airflow/example_dags/example_short_circuit_decorator.py
[2025-02-20T13:47:07.795+0000] {processor.py:830} INFO - Processing file /home/airflow/.local/lib/python3.8/site-packages/airflow/example_dags/example_short_circuit_decorator.py for tasks to queue
[2025-02-20T13:47:07.797+0000] {logging_mixin.py:188} INFO - [2025-02-20T13:47:07.797+0000] {dagbag.py:538} INFO - Filling up the DagBag from /home/airflow/.local/lib/python3.8/site-packages/airflow/example_dags/example_short_circuit_decorator.py
[2025-02-20T13:47:07.813+0000] {processor.py:840} INFO - DAG(s) 'example_short_circuit_decorator' retrieved from /home/airflow/.local/lib/python3.8/site-packages/airflow/example_dags/example_short_circuit_decorator.py
[2025-02-20T13:47:07.851+0000] {logging_mixin.py:188} INFO - [2025-02-20T13:47:07.851+0000] {dag.py:3036} INFO - Sync 1 DAGs
[2025-02-20T13:47:07.892+0000] {logging_mixin.py:188} INFO - [2025-02-20T13:47:07.892+0000] {dag.py:3823} INFO - Setting next_dagrun for example_short_circuit_decorator to 2025-02-19 00:00:00+00:00, run_after=2025-02-20 00:00:00+00:00
[2025-02-20T13:47:07.923+0000] {processor.py:183} INFO - Processing /home/airflow/.local/lib/python3.8/site-packages/airflow/example_dags/example_short_circuit_decorator.py took 0.136 seconds
[2025-02-20T13:47:39.610+0000] {processor.py:161} INFO - Started process (PID=316) to work on /home/airflow/.local/lib/python3.8/site-packages/airflow/example_dags/example_short_circuit_decorator.py
[2025-02-20T13:47:39.618+0000] {processor.py:830} INFO - Processing file /home/airflow/.local/lib/python3.8/site-packages/airflow/example_dags/example_short_circuit_decorator.py for tasks to queue
[2025-02-20T13:47:39.627+0000] {logging_mixin.py:188} INFO - [2025-02-20T13:47:39.625+0000] {dagbag.py:538} INFO - Filling up the DagBag from /home/airflow/.local/lib/python3.8/site-packages/airflow/example_dags/example_short_circuit_decorator.py
[2025-02-20T13:47:39.662+0000] {processor.py:840} INFO - DAG(s) 'example_short_circuit_decorator' retrieved from /home/airflow/.local/lib/python3.8/site-packages/airflow/example_dags/example_short_circuit_decorator.py
[2025-02-20T13:47:39.708+0000] {logging_mixin.py:188} INFO - [2025-02-20T13:47:39.707+0000] {dag.py:3036} INFO - Sync 1 DAGs
[2025-02-20T13:47:39.767+0000] {logging_mixin.py:188} INFO - [2025-02-20T13:47:39.767+0000] {dag.py:3823} INFO - Setting next_dagrun for example_short_circuit_decorator to 2025-02-19 00:00:00+00:00, run_after=2025-02-20 00:00:00+00:00
[2025-02-20T13:47:39.869+0000] {processor.py:183} INFO - Processing /home/airflow/.local/lib/python3.8/site-packages/airflow/example_dags/example_short_circuit_decorator.py took 0.273 seconds
[2025-02-20T13:48:09.966+0000] {processor.py:161} INFO - Started process (PID=380) to work on /home/airflow/.local/lib/python3.8/site-packages/airflow/example_dags/example_short_circuit_decorator.py
[2025-02-20T13:48:09.967+0000] {processor.py:830} INFO - Processing file /home/airflow/.local/lib/python3.8/site-packages/airflow/example_dags/example_short_circuit_decorator.py for tasks to queue
[2025-02-20T13:48:09.970+0000] {logging_mixin.py:188} INFO - [2025-02-20T13:48:09.969+0000] {dagbag.py:538} INFO - Filling up the DagBag from /home/airflow/.local/lib/python3.8/site-packages/airflow/example_dags/example_short_circuit_decorator.py
[2025-02-20T13:48:09.981+0000] {processor.py:840} INFO - DAG(s) 'example_short_circuit_decorator' retrieved from /home/airflow/.local/lib/python3.8/site-packages/airflow/example_dags/example_short_circuit_decorator.py
[2025-02-20T13:48:10.012+0000] {logging_mixin.py:188} INFO - [2025-02-20T13:48:10.012+0000] {dag.py:3036} INFO - Sync 1 DAGs
[2025-02-20T13:48:10.039+0000] {logging_mixin.py:188} INFO - [2025-02-20T13:48:10.039+0000] {dag.py:3823} INFO - Setting next_dagrun for example_short_circuit_decorator to 2025-02-19 00:00:00+00:00, run_after=2025-02-20 00:00:00+00:00
[2025-02-20T13:48:10.064+0000] {processor.py:183} INFO - Processing /home/airflow/.local/lib/python3.8/site-packages/airflow/example_dags/example_short_circuit_decorator.py took 0.102 seconds
[2025-02-20T13:48:40.755+0000] {processor.py:161} INFO - Started process (PID=444) to work on /home/airflow/.local/lib/python3.8/site-packages/airflow/example_dags/example_short_circuit_decorator.py
[2025-02-20T13:48:40.756+0000] {processor.py:830} INFO - Processing file /home/airflow/.local/lib/python3.8/site-packages/airflow/example_dags/example_short_circuit_decorator.py for tasks to queue
[2025-02-20T13:48:40.759+0000] {logging_mixin.py:188} INFO - [2025-02-20T13:48:40.759+0000] {dagbag.py:538} INFO - Filling up the DagBag from /home/airflow/.local/lib/python3.8/site-packages/airflow/example_dags/example_short_circuit_decorator.py
[2025-02-20T13:48:40.778+0000] {processor.py:840} INFO - DAG(s) 'example_short_circuit_decorator' retrieved from /home/airflow/.local/lib/python3.8/site-packages/airflow/example_dags/example_short_circuit_decorator.py
[2025-02-20T13:48:40.817+0000] {logging_mixin.py:188} INFO - [2025-02-20T13:48:40.817+0000] {dag.py:3036} INFO - Sync 1 DAGs
[2025-02-20T13:48:40.858+0000] {logging_mixin.py:188} INFO - [2025-02-20T13:48:40.858+0000] {dag.py:3823} INFO - Setting next_dagrun for example_short_circuit_decorator to 2025-02-19 00:00:00+00:00, run_after=2025-02-20 00:00:00+00:00
[2025-02-20T13:48:40.892+0000] {processor.py:183} INFO - Processing /home/airflow/.local/lib/python3.8/site-packages/airflow/example_dags/example_short_circuit_decorator.py took 0.142 seconds
[2025-02-20T13:49:12.117+0000] {processor.py:161} INFO - Started process (PID=509) to work on /home/airflow/.local/lib/python3.8/site-packages/airflow/example_dags/example_short_circuit_decorator.py
[2025-02-20T13:49:12.134+0000] {processor.py:830} INFO - Processing file /home/airflow/.local/lib/python3.8/site-packages/airflow/example_dags/example_short_circuit_decorator.py for tasks to queue
[2025-02-20T13:49:12.145+0000] {logging_mixin.py:188} INFO - [2025-02-20T13:49:12.144+0000] {dagbag.py:538} INFO - Filling up the DagBag from /home/airflow/.local/lib/python3.8/site-packages/airflow/example_dags/example_short_circuit_decorator.py
[2025-02-20T13:49:12.178+0000] {processor.py:840} INFO - DAG(s) 'example_short_circuit_decorator' retrieved from /home/airflow/.local/lib/python3.8/site-packages/airflow/example_dags/example_short_circuit_decorator.py
[2025-02-20T13:49:12.351+0000] {logging_mixin.py:188} INFO - [2025-02-20T13:49:12.351+0000] {dag.py:3036} INFO - Sync 1 DAGs
[2025-02-20T13:49:12.430+0000] {logging_mixin.py:188} INFO - [2025-02-20T13:49:12.430+0000] {dag.py:3823} INFO - Setting next_dagrun for example_short_circuit_decorator to 2025-02-19 00:00:00+00:00, run_after=2025-02-20 00:00:00+00:00
[2025-02-20T13:49:12.467+0000] {processor.py:183} INFO - Processing /home/airflow/.local/lib/python3.8/site-packages/airflow/example_dags/example_short_circuit_decorator.py took 0.359 seconds
[2025-02-20T13:49:44.253+0000] {processor.py:161} INFO - Started process (PID=575) to work on /home/airflow/.local/lib/python3.8/site-packages/airflow/example_dags/example_short_circuit_decorator.py
[2025-02-20T13:49:44.258+0000] {processor.py:830} INFO - Processing file /home/airflow/.local/lib/python3.8/site-packages/airflow/example_dags/example_short_circuit_decorator.py for tasks to queue
[2025-02-20T13:49:44.262+0000] {logging_mixin.py:188} INFO - [2025-02-20T13:49:44.261+0000] {dagbag.py:538} INFO - Filling up the DagBag from /home/airflow/.local/lib/python3.8/site-packages/airflow/example_dags/example_short_circuit_decorator.py
[2025-02-20T13:49:44.288+0000] {processor.py:840} INFO - DAG(s) 'example_short_circuit_decorator' retrieved from /home/airflow/.local/lib/python3.8/site-packages/airflow/example_dags/example_short_circuit_decorator.py
[2025-02-20T13:49:44.344+0000] {logging_mixin.py:188} INFO - [2025-02-20T13:49:44.343+0000] {dag.py:3036} INFO - Sync 1 DAGs
[2025-02-20T13:49:44.517+0000] {logging_mixin.py:188} INFO - [2025-02-20T13:49:44.516+0000] {dag.py:3823} INFO - Setting next_dagrun for example_short_circuit_decorator to 2025-02-19 00:00:00+00:00, run_after=2025-02-20 00:00:00+00:00
[2025-02-20T13:49:44.558+0000] {processor.py:183} INFO - Processing /home/airflow/.local/lib/python3.8/site-packages/airflow/example_dags/example_short_circuit_decorator.py took 0.312 seconds
[2025-02-20T13:50:14.898+0000] {processor.py:161} INFO - Started process (PID=640) to work on /home/airflow/.local/lib/python3.8/site-packages/airflow/example_dags/example_short_circuit_decorator.py
[2025-02-20T13:50:14.900+0000] {processor.py:830} INFO - Processing file /home/airflow/.local/lib/python3.8/site-packages/airflow/example_dags/example_short_circuit_decorator.py for tasks to queue
[2025-02-20T13:50:14.906+0000] {logging_mixin.py:188} INFO - [2025-02-20T13:50:14.905+0000] {dagbag.py:538} INFO - Filling up the DagBag from /home/airflow/.local/lib/python3.8/site-packages/airflow/example_dags/example_short_circuit_decorator.py
[2025-02-20T13:50:14.921+0000] {processor.py:840} INFO - DAG(s) 'example_short_circuit_decorator' retrieved from /home/airflow/.local/lib/python3.8/site-packages/airflow/example_dags/example_short_circuit_decorator.py
[2025-02-20T13:50:14.971+0000] {logging_mixin.py:188} INFO - [2025-02-20T13:50:14.971+0000] {dag.py:3036} INFO - Sync 1 DAGs
[2025-02-20T13:50:15.020+0000] {logging_mixin.py:188} INFO - [2025-02-20T13:50:15.020+0000] {dag.py:3823} INFO - Setting next_dagrun for example_short_circuit_decorator to 2025-02-19 00:00:00+00:00, run_after=2025-02-20 00:00:00+00:00
[2025-02-20T13:50:15.062+0000] {processor.py:183} INFO - Processing /home/airflow/.local/lib/python3.8/site-packages/airflow/example_dags/example_short_circuit_decorator.py took 0.169 seconds
[2025-02-20T13:50:45.579+0000] {processor.py:161} INFO - Started process (PID=705) to work on /home/airflow/.local/lib/python3.8/site-packages/airflow/example_dags/example_short_circuit_decorator.py
[2025-02-20T13:50:45.581+0000] {processor.py:830} INFO - Processing file /home/airflow/.local/lib/python3.8/site-packages/airflow/example_dags/example_short_circuit_decorator.py for tasks to queue
[2025-02-20T13:50:45.583+0000] {logging_mixin.py:188} INFO - [2025-02-20T13:50:45.583+0000] {dagbag.py:538} INFO - Filling up the DagBag from /home/airflow/.local/lib/python3.8/site-packages/airflow/example_dags/example_short_circuit_decorator.py
[2025-02-20T13:50:45.604+0000] {processor.py:840} INFO - DAG(s) 'example_short_circuit_decorator' retrieved from /home/airflow/.local/lib/python3.8/site-packages/airflow/example_dags/example_short_circuit_decorator.py
[2025-02-20T13:50:45.646+0000] {logging_mixin.py:188} INFO - [2025-02-20T13:50:45.645+0000] {dag.py:3036} INFO - Sync 1 DAGs
[2025-02-20T13:50:45.686+0000] {logging_mixin.py:188} INFO - [2025-02-20T13:50:45.686+0000] {dag.py:3823} INFO - Setting next_dagrun for example_short_circuit_decorator to 2025-02-19 00:00:00+00:00, run_after=2025-02-20 00:00:00+00:00
[2025-02-20T13:50:45.717+0000] {processor.py:183} INFO - Processing /home/airflow/.local/lib/python3.8/site-packages/airflow/example_dags/example_short_circuit_decorator.py took 0.142 seconds
[2025-02-20T13:51:16.895+0000] {processor.py:161} INFO - Started process (PID=769) to work on /home/airflow/.local/lib/python3.8/site-packages/airflow/example_dags/example_short_circuit_decorator.py
[2025-02-20T13:51:16.896+0000] {processor.py:830} INFO - Processing file /home/airflow/.local/lib/python3.8/site-packages/airflow/example_dags/example_short_circuit_decorator.py for tasks to queue
[2025-02-20T13:51:16.900+0000] {logging_mixin.py:188} INFO - [2025-02-20T13:51:16.900+0000] {dagbag.py:538} INFO - Filling up the DagBag from /home/airflow/.local/lib/python3.8/site-packages/airflow/example_dags/example_short_circuit_decorator.py
[2025-02-20T13:51:16.922+0000] {processor.py:840} INFO - DAG(s) 'example_short_circuit_decorator' retrieved from /home/airflow/.local/lib/python3.8/site-packages/airflow/example_dags/example_short_circuit_decorator.py
[2025-02-20T13:51:16.965+0000] {logging_mixin.py:188} INFO - [2025-02-20T13:51:16.964+0000] {dag.py:3036} INFO - Sync 1 DAGs
[2025-02-20T13:51:17.010+0000] {logging_mixin.py:188} INFO - [2025-02-20T13:51:17.006+0000] {dag.py:3823} INFO - Setting next_dagrun for example_short_circuit_decorator to 2025-02-19 00:00:00+00:00, run_after=2025-02-20 00:00:00+00:00
[2025-02-20T13:51:17.054+0000] {processor.py:183} INFO - Processing /home/airflow/.local/lib/python3.8/site-packages/airflow/example_dags/example_short_circuit_decorator.py took 0.167 seconds
[2025-02-20T13:51:47.151+0000] {processor.py:161} INFO - Started process (PID=834) to work on /home/airflow/.local/lib/python3.8/site-packages/airflow/example_dags/example_short_circuit_decorator.py
[2025-02-20T13:51:47.153+0000] {processor.py:830} INFO - Processing file /home/airflow/.local/lib/python3.8/site-packages/airflow/example_dags/example_short_circuit_decorator.py for tasks to queue
[2025-02-20T13:51:47.157+0000] {logging_mixin.py:188} INFO - [2025-02-20T13:51:47.156+0000] {dagbag.py:538} INFO - Filling up the DagBag from /home/airflow/.local/lib/python3.8/site-packages/airflow/example_dags/example_short_circuit_decorator.py
[2025-02-20T13:51:47.171+0000] {processor.py:840} INFO - DAG(s) 'example_short_circuit_decorator' retrieved from /home/airflow/.local/lib/python3.8/site-packages/airflow/example_dags/example_short_circuit_decorator.py
[2025-02-20T13:51:47.212+0000] {logging_mixin.py:188} INFO - [2025-02-20T13:51:47.212+0000] {dag.py:3036} INFO - Sync 1 DAGs
[2025-02-20T13:51:47.247+0000] {logging_mixin.py:188} INFO - [2025-02-20T13:51:47.247+0000] {dag.py:3823} INFO - Setting next_dagrun for example_short_circuit_decorator to 2025-02-19 00:00:00+00:00, run_after=2025-02-20 00:00:00+00:00
[2025-02-20T13:51:47.276+0000] {processor.py:183} INFO - Processing /home/airflow/.local/lib/python3.8/site-packages/airflow/example_dags/example_short_circuit_decorator.py took 0.132 seconds
[2025-02-20T13:52:17.487+0000] {processor.py:161} INFO - Started process (PID=898) to work on /home/airflow/.local/lib/python3.8/site-packages/airflow/example_dags/example_short_circuit_decorator.py
[2025-02-20T13:52:17.488+0000] {processor.py:830} INFO - Processing file /home/airflow/.local/lib/python3.8/site-packages/airflow/example_dags/example_short_circuit_decorator.py for tasks to queue
[2025-02-20T13:52:17.492+0000] {logging_mixin.py:188} INFO - [2025-02-20T13:52:17.492+0000] {dagbag.py:538} INFO - Filling up the DagBag from /home/airflow/.local/lib/python3.8/site-packages/airflow/example_dags/example_short_circuit_decorator.py
[2025-02-20T13:52:17.512+0000] {processor.py:840} INFO - DAG(s) 'example_short_circuit_decorator' retrieved from /home/airflow/.local/lib/python3.8/site-packages/airflow/example_dags/example_short_circuit_decorator.py
[2025-02-20T13:52:17.562+0000] {logging_mixin.py:188} INFO - [2025-02-20T13:52:17.562+0000] {dag.py:3036} INFO - Sync 1 DAGs
[2025-02-20T13:52:17.609+0000] {logging_mixin.py:188} INFO - [2025-02-20T13:52:17.609+0000] {dag.py:3823} INFO - Setting next_dagrun for example_short_circuit_decorator to 2025-02-19 00:00:00+00:00, run_after=2025-02-20 00:00:00+00:00
[2025-02-20T13:52:17.653+0000] {processor.py:183} INFO - Processing /home/airflow/.local/lib/python3.8/site-packages/airflow/example_dags/example_short_circuit_decorator.py took 0.174 seconds
[2025-02-20T13:52:48.152+0000] {processor.py:161} INFO - Started process (PID=962) to work on /home/airflow/.local/lib/python3.8/site-packages/airflow/example_dags/example_short_circuit_decorator.py
[2025-02-20T13:52:48.154+0000] {processor.py:830} INFO - Processing file /home/airflow/.local/lib/python3.8/site-packages/airflow/example_dags/example_short_circuit_decorator.py for tasks to queue
[2025-02-20T13:52:48.161+0000] {logging_mixin.py:188} INFO - [2025-02-20T13:52:48.159+0000] {dagbag.py:538} INFO - Filling up the DagBag from /home/airflow/.local/lib/python3.8/site-packages/airflow/example_dags/example_short_circuit_decorator.py
[2025-02-20T13:52:48.211+0000] {processor.py:840} INFO - DAG(s) 'example_short_circuit_decorator' retrieved from /home/airflow/.local/lib/python3.8/site-packages/airflow/example_dags/example_short_circuit_decorator.py
[2025-02-20T13:52:48.279+0000] {logging_mixin.py:188} INFO - [2025-02-20T13:52:48.279+0000] {dag.py:3036} INFO - Sync 1 DAGs
[2025-02-20T13:52:48.355+0000] {logging_mixin.py:188} INFO - [2025-02-20T13:52:48.355+0000] {dag.py:3823} INFO - Setting next_dagrun for example_short_circuit_decorator to 2025-02-19 00:00:00+00:00, run_after=2025-02-20 00:00:00+00:00
[2025-02-20T13:52:48.416+0000] {processor.py:183} INFO - Processing /home/airflow/.local/lib/python3.8/site-packages/airflow/example_dags/example_short_circuit_decorator.py took 0.276 seconds
[2025-02-20T13:53:19.180+0000] {processor.py:161} INFO - Started process (PID=1027) to work on /home/airflow/.local/lib/python3.8/site-packages/airflow/example_dags/example_short_circuit_decorator.py
[2025-02-20T13:53:19.182+0000] {processor.py:830} INFO - Processing file /home/airflow/.local/lib/python3.8/site-packages/airflow/example_dags/example_short_circuit_decorator.py for tasks to queue
[2025-02-20T13:53:19.186+0000] {logging_mixin.py:188} INFO - [2025-02-20T13:53:19.185+0000] {dagbag.py:538} INFO - Filling up the DagBag from /home/airflow/.local/lib/python3.8/site-packages/airflow/example_dags/example_short_circuit_decorator.py
[2025-02-20T13:53:19.201+0000] {processor.py:840} INFO - DAG(s) 'example_short_circuit_decorator' retrieved from /home/airflow/.local/lib/python3.8/site-packages/airflow/example_dags/example_short_circuit_decorator.py
[2025-02-20T13:53:19.238+0000] {logging_mixin.py:188} INFO - [2025-02-20T13:53:19.238+0000] {dag.py:3036} INFO - Sync 1 DAGs
[2025-02-20T13:53:19.278+0000] {logging_mixin.py:188} INFO - [2025-02-20T13:53:19.278+0000] {dag.py:3823} INFO - Setting next_dagrun for example_short_circuit_decorator to 2025-02-19 00:00:00+00:00, run_after=2025-02-20 00:00:00+00:00
[2025-02-20T13:53:19.310+0000] {processor.py:183} INFO - Processing /home/airflow/.local/lib/python3.8/site-packages/airflow/example_dags/example_short_circuit_decorator.py took 0.136 seconds
[2025-02-20T13:53:50.043+0000] {processor.py:161} INFO - Started process (PID=1092) to work on /home/airflow/.local/lib/python3.8/site-packages/airflow/example_dags/example_short_circuit_decorator.py
[2025-02-20T13:53:50.045+0000] {processor.py:830} INFO - Processing file /home/airflow/.local/lib/python3.8/site-packages/airflow/example_dags/example_short_circuit_decorator.py for tasks to queue
[2025-02-20T13:53:50.048+0000] {logging_mixin.py:188} INFO - [2025-02-20T13:53:50.048+0000] {dagbag.py:538} INFO - Filling up the DagBag from /home/airflow/.local/lib/python3.8/site-packages/airflow/example_dags/example_short_circuit_decorator.py
[2025-02-20T13:53:50.081+0000] {processor.py:840} INFO - DAG(s) 'example_short_circuit_decorator' retrieved from /home/airflow/.local/lib/python3.8/site-packages/airflow/example_dags/example_short_circuit_decorator.py
[2025-02-20T13:53:50.157+0000] {logging_mixin.py:188} INFO - [2025-02-20T13:53:50.157+0000] {dag.py:3036} INFO - Sync 1 DAGs
[2025-02-20T13:53:50.239+0000] {logging_mixin.py:188} INFO - [2025-02-20T13:53:50.237+0000] {dag.py:3823} INFO - Setting next_dagrun for example_short_circuit_decorator to 2025-02-19 00:00:00+00:00, run_after=2025-02-20 00:00:00+00:00
[2025-02-20T13:53:50.275+0000] {processor.py:183} INFO - Processing /home/airflow/.local/lib/python3.8/site-packages/airflow/example_dags/example_short_circuit_decorator.py took 0.238 seconds
[2025-02-20T13:54:20.367+0000] {processor.py:161} INFO - Started process (PID=1164) to work on /home/airflow/.local/lib/python3.8/site-packages/airflow/example_dags/example_short_circuit_decorator.py
[2025-02-20T13:54:20.369+0000] {processor.py:830} INFO - Processing file /home/airflow/.local/lib/python3.8/site-packages/airflow/example_dags/example_short_circuit_decorator.py for tasks to queue
[2025-02-20T13:54:20.371+0000] {logging_mixin.py:188} INFO - [2025-02-20T13:54:20.371+0000] {dagbag.py:538} INFO - Filling up the DagBag from /home/airflow/.local/lib/python3.8/site-packages/airflow/example_dags/example_short_circuit_decorator.py
[2025-02-20T13:54:20.387+0000] {processor.py:840} INFO - DAG(s) 'example_short_circuit_decorator' retrieved from /home/airflow/.local/lib/python3.8/site-packages/airflow/example_dags/example_short_circuit_decorator.py
[2025-02-20T13:54:20.429+0000] {logging_mixin.py:188} INFO - [2025-02-20T13:54:20.429+0000] {dag.py:3036} INFO - Sync 1 DAGs
[2025-02-20T13:54:20.464+0000] {logging_mixin.py:188} INFO - [2025-02-20T13:54:20.464+0000] {dag.py:3823} INFO - Setting next_dagrun for example_short_circuit_decorator to 2025-02-19 00:00:00+00:00, run_after=2025-02-20 00:00:00+00:00
[2025-02-20T13:54:20.493+0000] {processor.py:183} INFO - Processing /home/airflow/.local/lib/python3.8/site-packages/airflow/example_dags/example_short_circuit_decorator.py took 0.131 seconds
[2025-02-20T13:54:50.881+0000] {processor.py:161} INFO - Started process (PID=1230) to work on /home/airflow/.local/lib/python3.8/site-packages/airflow/example_dags/example_short_circuit_decorator.py
[2025-02-20T13:54:50.883+0000] {processor.py:830} INFO - Processing file /home/airflow/.local/lib/python3.8/site-packages/airflow/example_dags/example_short_circuit_decorator.py for tasks to queue
[2025-02-20T13:54:50.886+0000] {logging_mixin.py:188} INFO - [2025-02-20T13:54:50.885+0000] {dagbag.py:538} INFO - Filling up the DagBag from /home/airflow/.local/lib/python3.8/site-packages/airflow/example_dags/example_short_circuit_decorator.py
[2025-02-20T13:54:50.902+0000] {processor.py:840} INFO - DAG(s) 'example_short_circuit_decorator' retrieved from /home/airflow/.local/lib/python3.8/site-packages/airflow/example_dags/example_short_circuit_decorator.py
[2025-02-20T13:54:50.942+0000] {logging_mixin.py:188} INFO - [2025-02-20T13:54:50.942+0000] {dag.py:3036} INFO - Sync 1 DAGs
[2025-02-20T13:54:50.979+0000] {logging_mixin.py:188} INFO - [2025-02-20T13:54:50.979+0000] {dag.py:3823} INFO - Setting next_dagrun for example_short_circuit_decorator to 2025-02-19 00:00:00+00:00, run_after=2025-02-20 00:00:00+00:00
[2025-02-20T13:54:51.007+0000] {processor.py:183} INFO - Processing /home/airflow/.local/lib/python3.8/site-packages/airflow/example_dags/example_short_circuit_decorator.py took 0.130 seconds
[2025-02-20T13:55:21.567+0000] {processor.py:161} INFO - Started process (PID=1295) to work on /home/airflow/.local/lib/python3.8/site-packages/airflow/example_dags/example_short_circuit_decorator.py
[2025-02-20T13:55:21.569+0000] {processor.py:830} INFO - Processing file /home/airflow/.local/lib/python3.8/site-packages/airflow/example_dags/example_short_circuit_decorator.py for tasks to queue
[2025-02-20T13:55:21.571+0000] {logging_mixin.py:188} INFO - [2025-02-20T13:55:21.570+0000] {dagbag.py:538} INFO - Filling up the DagBag from /home/airflow/.local/lib/python3.8/site-packages/airflow/example_dags/example_short_circuit_decorator.py
[2025-02-20T13:55:21.594+0000] {processor.py:840} INFO - DAG(s) 'example_short_circuit_decorator' retrieved from /home/airflow/.local/lib/python3.8/site-packages/airflow/example_dags/example_short_circuit_decorator.py
[2025-02-20T13:55:21.639+0000] {logging_mixin.py:188} INFO - [2025-02-20T13:55:21.639+0000] {dag.py:3036} INFO - Sync 1 DAGs
[2025-02-20T13:55:21.690+0000] {logging_mixin.py:188} INFO - [2025-02-20T13:55:21.690+0000] {dag.py:3823} INFO - Setting next_dagrun for example_short_circuit_decorator to 2025-02-19 00:00:00+00:00, run_after=2025-02-20 00:00:00+00:00
[2025-02-20T13:55:21.733+0000] {processor.py:183} INFO - Processing /home/airflow/.local/lib/python3.8/site-packages/airflow/example_dags/example_short_circuit_decorator.py took 0.170 seconds
[2025-02-20T13:55:51.881+0000] {processor.py:161} INFO - Started process (PID=1360) to work on /home/airflow/.local/lib/python3.8/site-packages/airflow/example_dags/example_short_circuit_decorator.py
[2025-02-20T13:55:51.882+0000] {processor.py:830} INFO - Processing file /home/airflow/.local/lib/python3.8/site-packages/airflow/example_dags/example_short_circuit_decorator.py for tasks to queue
[2025-02-20T13:55:51.885+0000] {logging_mixin.py:188} INFO - [2025-02-20T13:55:51.884+0000] {dagbag.py:538} INFO - Filling up the DagBag from /home/airflow/.local/lib/python3.8/site-packages/airflow/example_dags/example_short_circuit_decorator.py
[2025-02-20T13:55:51.901+0000] {processor.py:840} INFO - DAG(s) 'example_short_circuit_decorator' retrieved from /home/airflow/.local/lib/python3.8/site-packages/airflow/example_dags/example_short_circuit_decorator.py
[2025-02-20T13:55:51.934+0000] {logging_mixin.py:188} INFO - [2025-02-20T13:55:51.934+0000] {dag.py:3036} INFO - Sync 1 DAGs
[2025-02-20T13:55:51.961+0000] {logging_mixin.py:188} INFO - [2025-02-20T13:55:51.961+0000] {dag.py:3823} INFO - Setting next_dagrun for example_short_circuit_decorator to 2025-02-19 00:00:00+00:00, run_after=2025-02-20 00:00:00+00:00
[2025-02-20T13:55:51.986+0000] {processor.py:183} INFO - Processing /home/airflow/.local/lib/python3.8/site-packages/airflow/example_dags/example_short_circuit_decorator.py took 0.110 seconds
[2025-02-20T13:56:22.476+0000] {processor.py:161} INFO - Started process (PID=1425) to work on /home/airflow/.local/lib/python3.8/site-packages/airflow/example_dags/example_short_circuit_decorator.py
[2025-02-20T13:56:22.478+0000] {processor.py:830} INFO - Processing file /home/airflow/.local/lib/python3.8/site-packages/airflow/example_dags/example_short_circuit_decorator.py for tasks to queue
[2025-02-20T13:56:22.481+0000] {logging_mixin.py:188} INFO - [2025-02-20T13:56:22.480+0000] {dagbag.py:538} INFO - Filling up the DagBag from /home/airflow/.local/lib/python3.8/site-packages/airflow/example_dags/example_short_circuit_decorator.py
[2025-02-20T13:56:22.500+0000] {processor.py:840} INFO - DAG(s) 'example_short_circuit_decorator' retrieved from /home/airflow/.local/lib/python3.8/site-packages/airflow/example_dags/example_short_circuit_decorator.py
[2025-02-20T13:56:22.537+0000] {logging_mixin.py:188} INFO - [2025-02-20T13:56:22.537+0000] {dag.py:3036} INFO - Sync 1 DAGs
[2025-02-20T13:56:22.586+0000] {logging_mixin.py:188} INFO - [2025-02-20T13:56:22.586+0000] {dag.py:3823} INFO - Setting next_dagrun for example_short_circuit_decorator to 2025-02-19 00:00:00+00:00, run_after=2025-02-20 00:00:00+00:00
[2025-02-20T13:56:22.617+0000] {processor.py:183} INFO - Processing /home/airflow/.local/lib/python3.8/site-packages/airflow/example_dags/example_short_circuit_decorator.py took 0.145 seconds
[2025-02-20T13:56:52.940+0000] {processor.py:161} INFO - Started process (PID=1497) to work on /home/airflow/.local/lib/python3.8/site-packages/airflow/example_dags/example_short_circuit_decorator.py
[2025-02-20T13:56:52.941+0000] {processor.py:830} INFO - Processing file /home/airflow/.local/lib/python3.8/site-packages/airflow/example_dags/example_short_circuit_decorator.py for tasks to queue
[2025-02-20T13:56:52.948+0000] {logging_mixin.py:188} INFO - [2025-02-20T13:56:52.948+0000] {dagbag.py:538} INFO - Filling up the DagBag from /home/airflow/.local/lib/python3.8/site-packages/airflow/example_dags/example_short_circuit_decorator.py
[2025-02-20T13:56:52.967+0000] {processor.py:840} INFO - DAG(s) 'example_short_circuit_decorator' retrieved from /home/airflow/.local/lib/python3.8/site-packages/airflow/example_dags/example_short_circuit_decorator.py
[2025-02-20T13:56:53.009+0000] {logging_mixin.py:188} INFO - [2025-02-20T13:56:53.009+0000] {dag.py:3036} INFO - Sync 1 DAGs
[2025-02-20T13:56:53.049+0000] {logging_mixin.py:188} INFO - [2025-02-20T13:56:53.048+0000] {dag.py:3823} INFO - Setting next_dagrun for example_short_circuit_decorator to 2025-02-19 00:00:00+00:00, run_after=2025-02-20 00:00:00+00:00
[2025-02-20T13:56:53.078+0000] {processor.py:183} INFO - Processing /home/airflow/.local/lib/python3.8/site-packages/airflow/example_dags/example_short_circuit_decorator.py took 0.143 seconds
[2025-02-20T13:57:23.239+0000] {processor.py:161} INFO - Started process (PID=1555) to work on /home/airflow/.local/lib/python3.8/site-packages/airflow/example_dags/example_short_circuit_decorator.py
[2025-02-20T13:57:23.240+0000] {processor.py:830} INFO - Processing file /home/airflow/.local/lib/python3.8/site-packages/airflow/example_dags/example_short_circuit_decorator.py for tasks to queue
[2025-02-20T13:57:23.243+0000] {logging_mixin.py:188} INFO - [2025-02-20T13:57:23.242+0000] {dagbag.py:538} INFO - Filling up the DagBag from /home/airflow/.local/lib/python3.8/site-packages/airflow/example_dags/example_short_circuit_decorator.py
[2025-02-20T13:57:23.255+0000] {processor.py:840} INFO - DAG(s) 'example_short_circuit_decorator' retrieved from /home/airflow/.local/lib/python3.8/site-packages/airflow/example_dags/example_short_circuit_decorator.py
[2025-02-20T13:57:23.291+0000] {logging_mixin.py:188} INFO - [2025-02-20T13:57:23.290+0000] {dag.py:3036} INFO - Sync 1 DAGs
[2025-02-20T13:57:23.342+0000] {logging_mixin.py:188} INFO - [2025-02-20T13:57:23.342+0000] {dag.py:3823} INFO - Setting next_dagrun for example_short_circuit_decorator to 2025-02-19 00:00:00+00:00, run_after=2025-02-20 00:00:00+00:00
[2025-02-20T13:57:23.378+0000] {processor.py:183} INFO - Processing /home/airflow/.local/lib/python3.8/site-packages/airflow/example_dags/example_short_circuit_decorator.py took 0.145 seconds
[2025-02-20T13:57:53.508+0000] {processor.py:161} INFO - Started process (PID=1619) to work on /home/airflow/.local/lib/python3.8/site-packages/airflow/example_dags/example_short_circuit_decorator.py
[2025-02-20T13:57:53.510+0000] {processor.py:830} INFO - Processing file /home/airflow/.local/lib/python3.8/site-packages/airflow/example_dags/example_short_circuit_decorator.py for tasks to queue
[2025-02-20T13:57:53.516+0000] {logging_mixin.py:188} INFO - [2025-02-20T13:57:53.515+0000] {dagbag.py:538} INFO - Filling up the DagBag from /home/airflow/.local/lib/python3.8/site-packages/airflow/example_dags/example_short_circuit_decorator.py
[2025-02-20T13:57:53.532+0000] {processor.py:840} INFO - DAG(s) 'example_short_circuit_decorator' retrieved from /home/airflow/.local/lib/python3.8/site-packages/airflow/example_dags/example_short_circuit_decorator.py
[2025-02-20T13:57:53.583+0000] {logging_mixin.py:188} INFO - [2025-02-20T13:57:53.583+0000] {dag.py:3036} INFO - Sync 1 DAGs
[2025-02-20T13:57:53.629+0000] {logging_mixin.py:188} INFO - [2025-02-20T13:57:53.629+0000] {dag.py:3823} INFO - Setting next_dagrun for example_short_circuit_decorator to 2025-02-19 00:00:00+00:00, run_after=2025-02-20 00:00:00+00:00
[2025-02-20T13:57:53.667+0000] {processor.py:183} INFO - Processing /home/airflow/.local/lib/python3.8/site-packages/airflow/example_dags/example_short_circuit_decorator.py took 0.165 seconds
[2025-02-20T13:58:24.629+0000] {processor.py:161} INFO - Started process (PID=1691) to work on /home/airflow/.local/lib/python3.8/site-packages/airflow/example_dags/example_short_circuit_decorator.py
[2025-02-20T13:58:24.635+0000] {processor.py:830} INFO - Processing file /home/airflow/.local/lib/python3.8/site-packages/airflow/example_dags/example_short_circuit_decorator.py for tasks to queue
[2025-02-20T13:58:24.641+0000] {logging_mixin.py:188} INFO - [2025-02-20T13:58:24.641+0000] {dagbag.py:538} INFO - Filling up the DagBag from /home/airflow/.local/lib/python3.8/site-packages/airflow/example_dags/example_short_circuit_decorator.py
[2025-02-20T13:58:24.675+0000] {processor.py:840} INFO - DAG(s) 'example_short_circuit_decorator' retrieved from /home/airflow/.local/lib/python3.8/site-packages/airflow/example_dags/example_short_circuit_decorator.py
[2025-02-20T13:58:24.734+0000] {logging_mixin.py:188} INFO - [2025-02-20T13:58:24.734+0000] {dag.py:3036} INFO - Sync 1 DAGs
[2025-02-20T13:58:24.781+0000] {logging_mixin.py:188} INFO - [2025-02-20T13:58:24.781+0000] {dag.py:3823} INFO - Setting next_dagrun for example_short_circuit_decorator to 2025-02-19 00:00:00+00:00, run_after=2025-02-20 00:00:00+00:00
[2025-02-20T13:58:24.832+0000] {processor.py:183} INFO - Processing /home/airflow/.local/lib/python3.8/site-packages/airflow/example_dags/example_short_circuit_decorator.py took 0.208 seconds
[2025-02-20T13:58:55.577+0000] {processor.py:161} INFO - Started process (PID=1756) to work on /home/airflow/.local/lib/python3.8/site-packages/airflow/example_dags/example_short_circuit_decorator.py
[2025-02-20T13:58:55.581+0000] {processor.py:830} INFO - Processing file /home/airflow/.local/lib/python3.8/site-packages/airflow/example_dags/example_short_circuit_decorator.py for tasks to queue
[2025-02-20T13:58:55.585+0000] {logging_mixin.py:188} INFO - [2025-02-20T13:58:55.584+0000] {dagbag.py:538} INFO - Filling up the DagBag from /home/airflow/.local/lib/python3.8/site-packages/airflow/example_dags/example_short_circuit_decorator.py
[2025-02-20T13:58:55.616+0000] {processor.py:840} INFO - DAG(s) 'example_short_circuit_decorator' retrieved from /home/airflow/.local/lib/python3.8/site-packages/airflow/example_dags/example_short_circuit_decorator.py
[2025-02-20T13:58:55.673+0000] {logging_mixin.py:188} INFO - [2025-02-20T13:58:55.673+0000] {dag.py:3036} INFO - Sync 1 DAGs
[2025-02-20T13:58:55.731+0000] {logging_mixin.py:188} INFO - [2025-02-20T13:58:55.731+0000] {dag.py:3823} INFO - Setting next_dagrun for example_short_circuit_decorator to 2025-02-19 00:00:00+00:00, run_after=2025-02-20 00:00:00+00:00
[2025-02-20T13:58:55.780+0000] {processor.py:183} INFO - Processing /home/airflow/.local/lib/python3.8/site-packages/airflow/example_dags/example_short_circuit_decorator.py took 0.214 seconds
[2025-02-20T13:59:26.427+0000] {processor.py:161} INFO - Started process (PID=1820) to work on /home/airflow/.local/lib/python3.8/site-packages/airflow/example_dags/example_short_circuit_decorator.py
[2025-02-20T13:59:26.430+0000] {processor.py:830} INFO - Processing file /home/airflow/.local/lib/python3.8/site-packages/airflow/example_dags/example_short_circuit_decorator.py for tasks to queue
[2025-02-20T13:59:26.434+0000] {logging_mixin.py:188} INFO - [2025-02-20T13:59:26.433+0000] {dagbag.py:538} INFO - Filling up the DagBag from /home/airflow/.local/lib/python3.8/site-packages/airflow/example_dags/example_short_circuit_decorator.py
[2025-02-20T13:59:26.455+0000] {processor.py:840} INFO - DAG(s) 'example_short_circuit_decorator' retrieved from /home/airflow/.local/lib/python3.8/site-packages/airflow/example_dags/example_short_circuit_decorator.py
[2025-02-20T13:59:26.515+0000] {logging_mixin.py:188} INFO - [2025-02-20T13:59:26.515+0000] {dag.py:3036} INFO - Sync 1 DAGs
[2025-02-20T13:59:26.572+0000] {logging_mixin.py:188} INFO - [2025-02-20T13:59:26.572+0000] {dag.py:3823} INFO - Setting next_dagrun for example_short_circuit_decorator to 2025-02-19 00:00:00+00:00, run_after=2025-02-20 00:00:00+00:00
[2025-02-20T13:59:26.663+0000] {processor.py:183} INFO - Processing /home/airflow/.local/lib/python3.8/site-packages/airflow/example_dags/example_short_circuit_decorator.py took 0.242 seconds
[2025-02-20T13:59:57.442+0000] {processor.py:161} INFO - Started process (PID=1885) to work on /home/airflow/.local/lib/python3.8/site-packages/airflow/example_dags/example_short_circuit_decorator.py
[2025-02-20T13:59:57.444+0000] {processor.py:830} INFO - Processing file /home/airflow/.local/lib/python3.8/site-packages/airflow/example_dags/example_short_circuit_decorator.py for tasks to queue
[2025-02-20T13:59:57.448+0000] {logging_mixin.py:188} INFO - [2025-02-20T13:59:57.447+0000] {dagbag.py:538} INFO - Filling up the DagBag from /home/airflow/.local/lib/python3.8/site-packages/airflow/example_dags/example_short_circuit_decorator.py
[2025-02-20T13:59:57.470+0000] {processor.py:840} INFO - DAG(s) 'example_short_circuit_decorator' retrieved from /home/airflow/.local/lib/python3.8/site-packages/airflow/example_dags/example_short_circuit_decorator.py
[2025-02-20T13:59:57.517+0000] {logging_mixin.py:188} INFO - [2025-02-20T13:59:57.517+0000] {dag.py:3036} INFO - Sync 1 DAGs
[2025-02-20T13:59:57.560+0000] {logging_mixin.py:188} INFO - [2025-02-20T13:59:57.560+0000] {dag.py:3823} INFO - Setting next_dagrun for example_short_circuit_decorator to 2025-02-19 00:00:00+00:00, run_after=2025-02-20 00:00:00+00:00
[2025-02-20T13:59:57.597+0000] {processor.py:183} INFO - Processing /home/airflow/.local/lib/python3.8/site-packages/airflow/example_dags/example_short_circuit_decorator.py took 0.164 seconds
[2025-02-20T14:00:28.075+0000] {processor.py:161} INFO - Started process (PID=1950) to work on /home/airflow/.local/lib/python3.8/site-packages/airflow/example_dags/example_short_circuit_decorator.py
[2025-02-20T14:00:28.083+0000] {processor.py:830} INFO - Processing file /home/airflow/.local/lib/python3.8/site-packages/airflow/example_dags/example_short_circuit_decorator.py for tasks to queue
[2025-02-20T14:00:28.104+0000] {logging_mixin.py:188} INFO - [2025-02-20T14:00:28.101+0000] {dagbag.py:538} INFO - Filling up the DagBag from /home/airflow/.local/lib/python3.8/site-packages/airflow/example_dags/example_short_circuit_decorator.py
[2025-02-20T14:00:28.157+0000] {processor.py:840} INFO - DAG(s) 'example_short_circuit_decorator' retrieved from /home/airflow/.local/lib/python3.8/site-packages/airflow/example_dags/example_short_circuit_decorator.py
[2025-02-20T14:00:28.275+0000] {logging_mixin.py:188} INFO - [2025-02-20T14:00:28.273+0000] {dag.py:3036} INFO - Sync 1 DAGs
[2025-02-20T14:00:28.358+0000] {logging_mixin.py:188} INFO - [2025-02-20T14:00:28.356+0000] {dag.py:3823} INFO - Setting next_dagrun for example_short_circuit_decorator to 2025-02-19 00:00:00+00:00, run_after=2025-02-20 00:00:00+00:00
[2025-02-20T14:00:28.422+0000] {processor.py:183} INFO - Processing /home/airflow/.local/lib/python3.8/site-packages/airflow/example_dags/example_short_circuit_decorator.py took 0.360 seconds
[2025-02-20T14:00:58.754+0000] {processor.py:161} INFO - Started process (PID=2015) to work on /home/airflow/.local/lib/python3.8/site-packages/airflow/example_dags/example_short_circuit_decorator.py
[2025-02-20T14:00:58.765+0000] {processor.py:830} INFO - Processing file /home/airflow/.local/lib/python3.8/site-packages/airflow/example_dags/example_short_circuit_decorator.py for tasks to queue
[2025-02-20T14:00:58.778+0000] {logging_mixin.py:188} INFO - [2025-02-20T14:00:58.776+0000] {dagbag.py:538} INFO - Filling up the DagBag from /home/airflow/.local/lib/python3.8/site-packages/airflow/example_dags/example_short_circuit_decorator.py
[2025-02-20T14:00:58.814+0000] {processor.py:840} INFO - DAG(s) 'example_short_circuit_decorator' retrieved from /home/airflow/.local/lib/python3.8/site-packages/airflow/example_dags/example_short_circuit_decorator.py
[2025-02-20T14:00:58.892+0000] {logging_mixin.py:188} INFO - [2025-02-20T14:00:58.892+0000] {dag.py:3036} INFO - Sync 1 DAGs
[2025-02-20T14:00:58.927+0000] {logging_mixin.py:188} INFO - [2025-02-20T14:00:58.927+0000] {dag.py:3823} INFO - Setting next_dagrun for example_short_circuit_decorator to 2025-02-19 00:00:00+00:00, run_after=2025-02-20 00:00:00+00:00
[2025-02-20T14:00:58.963+0000] {processor.py:183} INFO - Processing /home/airflow/.local/lib/python3.8/site-packages/airflow/example_dags/example_short_circuit_decorator.py took 0.219 seconds
[2025-02-20T14:01:30.090+0000] {processor.py:161} INFO - Started process (PID=2080) to work on /home/airflow/.local/lib/python3.8/site-packages/airflow/example_dags/example_short_circuit_decorator.py
[2025-02-20T14:01:30.093+0000] {processor.py:830} INFO - Processing file /home/airflow/.local/lib/python3.8/site-packages/airflow/example_dags/example_short_circuit_decorator.py for tasks to queue
[2025-02-20T14:01:30.099+0000] {logging_mixin.py:188} INFO - [2025-02-20T14:01:30.099+0000] {dagbag.py:538} INFO - Filling up the DagBag from /home/airflow/.local/lib/python3.8/site-packages/airflow/example_dags/example_short_circuit_decorator.py
[2025-02-20T14:01:30.138+0000] {processor.py:840} INFO - DAG(s) 'example_short_circuit_decorator' retrieved from /home/airflow/.local/lib/python3.8/site-packages/airflow/example_dags/example_short_circuit_decorator.py
[2025-02-20T14:01:30.216+0000] {logging_mixin.py:188} INFO - [2025-02-20T14:01:30.215+0000] {dag.py:3036} INFO - Sync 1 DAGs
[2025-02-20T14:01:30.321+0000] {logging_mixin.py:188} INFO - [2025-02-20T14:01:30.320+0000] {dag.py:3823} INFO - Setting next_dagrun for example_short_circuit_decorator to 2025-02-19 00:00:00+00:00, run_after=2025-02-20 00:00:00+00:00
[2025-02-20T14:01:30.434+0000] {processor.py:183} INFO - Processing /home/airflow/.local/lib/python3.8/site-packages/airflow/example_dags/example_short_circuit_decorator.py took 0.351 seconds
[2025-02-20T14:02:00.686+0000] {processor.py:161} INFO - Started process (PID=2143) to work on /home/airflow/.local/lib/python3.8/site-packages/airflow/example_dags/example_short_circuit_decorator.py
[2025-02-20T14:02:00.688+0000] {processor.py:830} INFO - Processing file /home/airflow/.local/lib/python3.8/site-packages/airflow/example_dags/example_short_circuit_decorator.py for tasks to queue
[2025-02-20T14:02:00.692+0000] {logging_mixin.py:188} INFO - [2025-02-20T14:02:00.691+0000] {dagbag.py:538} INFO - Filling up the DagBag from /home/airflow/.local/lib/python3.8/site-packages/airflow/example_dags/example_short_circuit_decorator.py
[2025-02-20T14:02:00.712+0000] {processor.py:840} INFO - DAG(s) 'example_short_circuit_decorator' retrieved from /home/airflow/.local/lib/python3.8/site-packages/airflow/example_dags/example_short_circuit_decorator.py
[2025-02-20T14:02:00.751+0000] {logging_mixin.py:188} INFO - [2025-02-20T14:02:00.750+0000] {dag.py:3036} INFO - Sync 1 DAGs
[2025-02-20T14:02:00.854+0000] {logging_mixin.py:188} INFO - [2025-02-20T14:02:00.854+0000] {dag.py:3823} INFO - Setting next_dagrun for example_short_circuit_decorator to 2025-02-19 00:00:00+00:00, run_after=2025-02-20 00:00:00+00:00
[2025-02-20T14:02:00.919+0000] {processor.py:183} INFO - Processing /home/airflow/.local/lib/python3.8/site-packages/airflow/example_dags/example_short_circuit_decorator.py took 0.237 seconds
[2025-02-20T14:02:31.123+0000] {processor.py:161} INFO - Started process (PID=2208) to work on /home/airflow/.local/lib/python3.8/site-packages/airflow/example_dags/example_short_circuit_decorator.py
[2025-02-20T14:02:31.125+0000] {processor.py:830} INFO - Processing file /home/airflow/.local/lib/python3.8/site-packages/airflow/example_dags/example_short_circuit_decorator.py for tasks to queue
[2025-02-20T14:02:31.128+0000] {logging_mixin.py:188} INFO - [2025-02-20T14:02:31.128+0000] {dagbag.py:538} INFO - Filling up the DagBag from /home/airflow/.local/lib/python3.8/site-packages/airflow/example_dags/example_short_circuit_decorator.py
[2025-02-20T14:02:31.180+0000] {processor.py:840} INFO - DAG(s) 'example_short_circuit_decorator' retrieved from /home/airflow/.local/lib/python3.8/site-packages/airflow/example_dags/example_short_circuit_decorator.py
[2025-02-20T14:02:31.367+0000] {logging_mixin.py:188} INFO - [2025-02-20T14:02:31.366+0000] {dag.py:3036} INFO - Sync 1 DAGs
[2025-02-20T14:02:31.420+0000] {logging_mixin.py:188} INFO - [2025-02-20T14:02:31.419+0000] {dag.py:3823} INFO - Setting next_dagrun for example_short_circuit_decorator to 2025-02-19 00:00:00+00:00, run_after=2025-02-20 00:00:00+00:00
[2025-02-20T14:02:31.468+0000] {processor.py:183} INFO - Processing /home/airflow/.local/lib/python3.8/site-packages/airflow/example_dags/example_short_circuit_decorator.py took 0.351 seconds
[2025-02-20T14:03:01.993+0000] {processor.py:161} INFO - Started process (PID=2274) to work on /home/airflow/.local/lib/python3.8/site-packages/airflow/example_dags/example_short_circuit_decorator.py
[2025-02-20T14:03:01.997+0000] {processor.py:830} INFO - Processing file /home/airflow/.local/lib/python3.8/site-packages/airflow/example_dags/example_short_circuit_decorator.py for tasks to queue
[2025-02-20T14:03:02.001+0000] {logging_mixin.py:188} INFO - [2025-02-20T14:03:02.001+0000] {dagbag.py:538} INFO - Filling up the DagBag from /home/airflow/.local/lib/python3.8/site-packages/airflow/example_dags/example_short_circuit_decorator.py
[2025-02-20T14:03:02.038+0000] {processor.py:840} INFO - DAG(s) 'example_short_circuit_decorator' retrieved from /home/airflow/.local/lib/python3.8/site-packages/airflow/example_dags/example_short_circuit_decorator.py
[2025-02-20T14:03:02.132+0000] {logging_mixin.py:188} INFO - [2025-02-20T14:03:02.131+0000] {dag.py:3036} INFO - Sync 1 DAGs
[2025-02-20T14:03:02.209+0000] {logging_mixin.py:188} INFO - [2025-02-20T14:03:02.209+0000] {dag.py:3823} INFO - Setting next_dagrun for example_short_circuit_decorator to 2025-02-19 00:00:00+00:00, run_after=2025-02-20 00:00:00+00:00
[2025-02-20T14:03:02.313+0000] {processor.py:183} INFO - Processing /home/airflow/.local/lib/python3.8/site-packages/airflow/example_dags/example_short_circuit_decorator.py took 0.329 seconds
[2025-02-20T14:03:32.733+0000] {processor.py:161} INFO - Started process (PID=2339) to work on /home/airflow/.local/lib/python3.8/site-packages/airflow/example_dags/example_short_circuit_decorator.py
[2025-02-20T14:03:32.738+0000] {processor.py:830} INFO - Processing file /home/airflow/.local/lib/python3.8/site-packages/airflow/example_dags/example_short_circuit_decorator.py for tasks to queue
[2025-02-20T14:03:32.743+0000] {logging_mixin.py:188} INFO - [2025-02-20T14:03:32.743+0000] {dagbag.py:538} INFO - Filling up the DagBag from /home/airflow/.local/lib/python3.8/site-packages/airflow/example_dags/example_short_circuit_decorator.py
[2025-02-20T14:03:32.836+0000] {processor.py:840} INFO - DAG(s) 'example_short_circuit_decorator' retrieved from /home/airflow/.local/lib/python3.8/site-packages/airflow/example_dags/example_short_circuit_decorator.py
[2025-02-20T14:03:32.930+0000] {logging_mixin.py:188} INFO - [2025-02-20T14:03:32.930+0000] {dag.py:3036} INFO - Sync 1 DAGs
[2025-02-20T14:03:32.987+0000] {logging_mixin.py:188} INFO - [2025-02-20T14:03:32.986+0000] {dag.py:3823} INFO - Setting next_dagrun for example_short_circuit_decorator to 2025-02-19 00:00:00+00:00, run_after=2025-02-20 00:00:00+00:00
[2025-02-20T14:03:33.123+0000] {processor.py:183} INFO - Processing /home/airflow/.local/lib/python3.8/site-packages/airflow/example_dags/example_short_circuit_decorator.py took 0.397 seconds
[2025-02-20T14:04:03.407+0000] {processor.py:161} INFO - Started process (PID=2405) to work on /home/airflow/.local/lib/python3.8/site-packages/airflow/example_dags/example_short_circuit_decorator.py
[2025-02-20T14:04:03.409+0000] {processor.py:830} INFO - Processing file /home/airflow/.local/lib/python3.8/site-packages/airflow/example_dags/example_short_circuit_decorator.py for tasks to queue
[2025-02-20T14:04:03.416+0000] {logging_mixin.py:188} INFO - [2025-02-20T14:04:03.413+0000] {dagbag.py:538} INFO - Filling up the DagBag from /home/airflow/.local/lib/python3.8/site-packages/airflow/example_dags/example_short_circuit_decorator.py
[2025-02-20T14:04:03.446+0000] {processor.py:840} INFO - DAG(s) 'example_short_circuit_decorator' retrieved from /home/airflow/.local/lib/python3.8/site-packages/airflow/example_dags/example_short_circuit_decorator.py
[2025-02-20T14:04:03.500+0000] {logging_mixin.py:188} INFO - [2025-02-20T14:04:03.500+0000] {dag.py:3036} INFO - Sync 1 DAGs
[2025-02-20T14:04:03.550+0000] {logging_mixin.py:188} INFO - [2025-02-20T14:04:03.550+0000] {dag.py:3823} INFO - Setting next_dagrun for example_short_circuit_decorator to 2025-02-19 00:00:00+00:00, run_after=2025-02-20 00:00:00+00:00
[2025-02-20T14:04:03.607+0000] {processor.py:183} INFO - Processing /home/airflow/.local/lib/python3.8/site-packages/airflow/example_dags/example_short_circuit_decorator.py took 0.207 seconds
[2025-02-20T14:04:34.286+0000] {processor.py:161} INFO - Started process (PID=2470) to work on /home/airflow/.local/lib/python3.8/site-packages/airflow/example_dags/example_short_circuit_decorator.py
[2025-02-20T14:04:34.288+0000] {processor.py:830} INFO - Processing file /home/airflow/.local/lib/python3.8/site-packages/airflow/example_dags/example_short_circuit_decorator.py for tasks to queue
[2025-02-20T14:04:34.291+0000] {logging_mixin.py:188} INFO - [2025-02-20T14:04:34.290+0000] {dagbag.py:538} INFO - Filling up the DagBag from /home/airflow/.local/lib/python3.8/site-packages/airflow/example_dags/example_short_circuit_decorator.py
[2025-02-20T14:04:34.306+0000] {processor.py:840} INFO - DAG(s) 'example_short_circuit_decorator' retrieved from /home/airflow/.local/lib/python3.8/site-packages/airflow/example_dags/example_short_circuit_decorator.py
[2025-02-20T14:04:34.348+0000] {logging_mixin.py:188} INFO - [2025-02-20T14:04:34.347+0000] {dag.py:3036} INFO - Sync 1 DAGs
[2025-02-20T14:04:34.385+0000] {logging_mixin.py:188} INFO - [2025-02-20T14:04:34.384+0000] {dag.py:3823} INFO - Setting next_dagrun for example_short_circuit_decorator to 2025-02-19 00:00:00+00:00, run_after=2025-02-20 00:00:00+00:00
[2025-02-20T14:04:34.425+0000] {processor.py:183} INFO - Processing /home/airflow/.local/lib/python3.8/site-packages/airflow/example_dags/example_short_circuit_decorator.py took 0.143 seconds
[2025-02-20T14:05:04.631+0000] {processor.py:161} INFO - Started process (PID=2535) to work on /home/airflow/.local/lib/python3.8/site-packages/airflow/example_dags/example_short_circuit_decorator.py
[2025-02-20T14:05:04.633+0000] {processor.py:830} INFO - Processing file /home/airflow/.local/lib/python3.8/site-packages/airflow/example_dags/example_short_circuit_decorator.py for tasks to queue
[2025-02-20T14:05:04.638+0000] {logging_mixin.py:188} INFO - [2025-02-20T14:05:04.637+0000] {dagbag.py:538} INFO - Filling up the DagBag from /home/airflow/.local/lib/python3.8/site-packages/airflow/example_dags/example_short_circuit_decorator.py
[2025-02-20T14:05:04.656+0000] {processor.py:840} INFO - DAG(s) 'example_short_circuit_decorator' retrieved from /home/airflow/.local/lib/python3.8/site-packages/airflow/example_dags/example_short_circuit_decorator.py
[2025-02-20T14:05:04.718+0000] {logging_mixin.py:188} INFO - [2025-02-20T14:05:04.717+0000] {dag.py:3036} INFO - Sync 1 DAGs
[2025-02-20T14:05:04.776+0000] {logging_mixin.py:188} INFO - [2025-02-20T14:05:04.775+0000] {dag.py:3823} INFO - Setting next_dagrun for example_short_circuit_decorator to 2025-02-19 00:00:00+00:00, run_after=2025-02-20 00:00:00+00:00
[2025-02-20T14:05:04.851+0000] {processor.py:183} INFO - Processing /home/airflow/.local/lib/python3.8/site-packages/airflow/example_dags/example_short_circuit_decorator.py took 0.224 seconds
[2025-02-20T14:05:35.666+0000] {processor.py:161} INFO - Started process (PID=2600) to work on /home/airflow/.local/lib/python3.8/site-packages/airflow/example_dags/example_short_circuit_decorator.py
[2025-02-20T14:05:35.667+0000] {processor.py:830} INFO - Processing file /home/airflow/.local/lib/python3.8/site-packages/airflow/example_dags/example_short_circuit_decorator.py for tasks to queue
[2025-02-20T14:05:35.672+0000] {logging_mixin.py:188} INFO - [2025-02-20T14:05:35.671+0000] {dagbag.py:538} INFO - Filling up the DagBag from /home/airflow/.local/lib/python3.8/site-packages/airflow/example_dags/example_short_circuit_decorator.py
[2025-02-20T14:05:35.687+0000] {processor.py:840} INFO - DAG(s) 'example_short_circuit_decorator' retrieved from /home/airflow/.local/lib/python3.8/site-packages/airflow/example_dags/example_short_circuit_decorator.py
[2025-02-20T14:05:35.730+0000] {logging_mixin.py:188} INFO - [2025-02-20T14:05:35.729+0000] {dag.py:3036} INFO - Sync 1 DAGs
[2025-02-20T14:05:35.767+0000] {logging_mixin.py:188} INFO - [2025-02-20T14:05:35.766+0000] {dag.py:3823} INFO - Setting next_dagrun for example_short_circuit_decorator to 2025-02-19 00:00:00+00:00, run_after=2025-02-20 00:00:00+00:00
[2025-02-20T14:05:35.820+0000] {processor.py:183} INFO - Processing /home/airflow/.local/lib/python3.8/site-packages/airflow/example_dags/example_short_circuit_decorator.py took 0.159 seconds
[2025-02-20T14:06:06.552+0000] {processor.py:161} INFO - Started process (PID=2665) to work on /home/airflow/.local/lib/python3.8/site-packages/airflow/example_dags/example_short_circuit_decorator.py
[2025-02-20T14:06:06.554+0000] {processor.py:830} INFO - Processing file /home/airflow/.local/lib/python3.8/site-packages/airflow/example_dags/example_short_circuit_decorator.py for tasks to queue
[2025-02-20T14:06:06.557+0000] {logging_mixin.py:188} INFO - [2025-02-20T14:06:06.557+0000] {dagbag.py:538} INFO - Filling up the DagBag from /home/airflow/.local/lib/python3.8/site-packages/airflow/example_dags/example_short_circuit_decorator.py
[2025-02-20T14:06:06.587+0000] {processor.py:840} INFO - DAG(s) 'example_short_circuit_decorator' retrieved from /home/airflow/.local/lib/python3.8/site-packages/airflow/example_dags/example_short_circuit_decorator.py
[2025-02-20T14:06:06.686+0000] {logging_mixin.py:188} INFO - [2025-02-20T14:06:06.686+0000] {dag.py:3036} INFO - Sync 1 DAGs
[2025-02-20T14:06:06.798+0000] {logging_mixin.py:188} INFO - [2025-02-20T14:06:06.797+0000] {dag.py:3823} INFO - Setting next_dagrun for example_short_circuit_decorator to 2025-02-19 00:00:00+00:00, run_after=2025-02-20 00:00:00+00:00
[2025-02-20T14:06:07.063+0000] {processor.py:183} INFO - Processing /home/airflow/.local/lib/python3.8/site-packages/airflow/example_dags/example_short_circuit_decorator.py took 0.516 seconds
[2025-02-20T14:06:37.520+0000] {processor.py:161} INFO - Started process (PID=2730) to work on /home/airflow/.local/lib/python3.8/site-packages/airflow/example_dags/example_short_circuit_decorator.py
[2025-02-20T14:06:37.522+0000] {processor.py:830} INFO - Processing file /home/airflow/.local/lib/python3.8/site-packages/airflow/example_dags/example_short_circuit_decorator.py for tasks to queue
[2025-02-20T14:06:37.529+0000] {logging_mixin.py:188} INFO - [2025-02-20T14:06:37.526+0000] {dagbag.py:538} INFO - Filling up the DagBag from /home/airflow/.local/lib/python3.8/site-packages/airflow/example_dags/example_short_circuit_decorator.py
[2025-02-20T14:06:37.559+0000] {processor.py:840} INFO - DAG(s) 'example_short_circuit_decorator' retrieved from /home/airflow/.local/lib/python3.8/site-packages/airflow/example_dags/example_short_circuit_decorator.py
[2025-02-20T14:06:37.641+0000] {logging_mixin.py:188} INFO - [2025-02-20T14:06:37.640+0000] {dag.py:3036} INFO - Sync 1 DAGs
[2025-02-20T14:06:37.692+0000] {logging_mixin.py:188} INFO - [2025-02-20T14:06:37.691+0000] {dag.py:3823} INFO - Setting next_dagrun for example_short_circuit_decorator to 2025-02-19 00:00:00+00:00, run_after=2025-02-20 00:00:00+00:00
[2025-02-20T14:06:37.738+0000] {processor.py:183} INFO - Processing /home/airflow/.local/lib/python3.8/site-packages/airflow/example_dags/example_short_circuit_decorator.py took 0.223 seconds
[2025-02-20T14:07:08.338+0000] {processor.py:161} INFO - Started process (PID=2796) to work on /home/airflow/.local/lib/python3.8/site-packages/airflow/example_dags/example_short_circuit_decorator.py
[2025-02-20T14:07:08.344+0000] {processor.py:830} INFO - Processing file /home/airflow/.local/lib/python3.8/site-packages/airflow/example_dags/example_short_circuit_decorator.py for tasks to queue
[2025-02-20T14:07:08.347+0000] {logging_mixin.py:188} INFO - [2025-02-20T14:07:08.346+0000] {dagbag.py:538} INFO - Filling up the DagBag from /home/airflow/.local/lib/python3.8/site-packages/airflow/example_dags/example_short_circuit_decorator.py
[2025-02-20T14:07:08.383+0000] {processor.py:840} INFO - DAG(s) 'example_short_circuit_decorator' retrieved from /home/airflow/.local/lib/python3.8/site-packages/airflow/example_dags/example_short_circuit_decorator.py
[2025-02-20T14:07:08.493+0000] {logging_mixin.py:188} INFO - [2025-02-20T14:07:08.493+0000] {dag.py:3036} INFO - Sync 1 DAGs
[2025-02-20T14:07:08.603+0000] {logging_mixin.py:188} INFO - [2025-02-20T14:07:08.599+0000] {dag.py:3823} INFO - Setting next_dagrun for example_short_circuit_decorator to 2025-02-19 00:00:00+00:00, run_after=2025-02-20 00:00:00+00:00
[2025-02-20T14:07:08.684+0000] {processor.py:183} INFO - Processing /home/airflow/.local/lib/python3.8/site-packages/airflow/example_dags/example_short_circuit_decorator.py took 0.353 seconds
[2025-02-20T14:07:39.900+0000] {processor.py:161} INFO - Started process (PID=2861) to work on /home/airflow/.local/lib/python3.8/site-packages/airflow/example_dags/example_short_circuit_decorator.py
[2025-02-20T14:07:39.901+0000] {processor.py:830} INFO - Processing file /home/airflow/.local/lib/python3.8/site-packages/airflow/example_dags/example_short_circuit_decorator.py for tasks to queue
[2025-02-20T14:07:39.905+0000] {logging_mixin.py:188} INFO - [2025-02-20T14:07:39.904+0000] {dagbag.py:538} INFO - Filling up the DagBag from /home/airflow/.local/lib/python3.8/site-packages/airflow/example_dags/example_short_circuit_decorator.py
[2025-02-20T14:07:39.922+0000] {processor.py:840} INFO - DAG(s) 'example_short_circuit_decorator' retrieved from /home/airflow/.local/lib/python3.8/site-packages/airflow/example_dags/example_short_circuit_decorator.py
[2025-02-20T14:07:39.974+0000] {logging_mixin.py:188} INFO - [2025-02-20T14:07:39.973+0000] {dag.py:3036} INFO - Sync 1 DAGs
[2025-02-20T14:07:40.027+0000] {logging_mixin.py:188} INFO - [2025-02-20T14:07:40.027+0000] {dag.py:3823} INFO - Setting next_dagrun for example_short_circuit_decorator to 2025-02-19 00:00:00+00:00, run_after=2025-02-20 00:00:00+00:00
[2025-02-20T14:07:40.284+0000] {processor.py:183} INFO - Processing /home/airflow/.local/lib/python3.8/site-packages/airflow/example_dags/example_short_circuit_decorator.py took 0.391 seconds
[2025-02-20T14:08:10.844+0000] {processor.py:161} INFO - Started process (PID=2933) to work on /home/airflow/.local/lib/python3.8/site-packages/airflow/example_dags/example_short_circuit_decorator.py
[2025-02-20T14:08:10.847+0000] {processor.py:830} INFO - Processing file /home/airflow/.local/lib/python3.8/site-packages/airflow/example_dags/example_short_circuit_decorator.py for tasks to queue
[2025-02-20T14:08:10.851+0000] {logging_mixin.py:188} INFO - [2025-02-20T14:08:10.851+0000] {dagbag.py:538} INFO - Filling up the DagBag from /home/airflow/.local/lib/python3.8/site-packages/airflow/example_dags/example_short_circuit_decorator.py
[2025-02-20T14:08:10.876+0000] {processor.py:840} INFO - DAG(s) 'example_short_circuit_decorator' retrieved from /home/airflow/.local/lib/python3.8/site-packages/airflow/example_dags/example_short_circuit_decorator.py
[2025-02-20T14:08:10.925+0000] {logging_mixin.py:188} INFO - [2025-02-20T14:08:10.924+0000] {dag.py:3036} INFO - Sync 1 DAGs
[2025-02-20T14:08:10.973+0000] {logging_mixin.py:188} INFO - [2025-02-20T14:08:10.973+0000] {dag.py:3823} INFO - Setting next_dagrun for example_short_circuit_decorator to 2025-02-19 00:00:00+00:00, run_after=2025-02-20 00:00:00+00:00
[2025-02-20T14:08:11.234+0000] {processor.py:183} INFO - Processing /home/airflow/.local/lib/python3.8/site-packages/airflow/example_dags/example_short_circuit_decorator.py took 0.395 seconds
[2025-02-20T14:08:42.306+0000] {processor.py:161} INFO - Started process (PID=2997) to work on /home/airflow/.local/lib/python3.8/site-packages/airflow/example_dags/example_short_circuit_decorator.py
[2025-02-20T14:08:42.308+0000] {processor.py:830} INFO - Processing file /home/airflow/.local/lib/python3.8/site-packages/airflow/example_dags/example_short_circuit_decorator.py for tasks to queue
[2025-02-20T14:08:42.312+0000] {logging_mixin.py:188} INFO - [2025-02-20T14:08:42.311+0000] {dagbag.py:538} INFO - Filling up the DagBag from /home/airflow/.local/lib/python3.8/site-packages/airflow/example_dags/example_short_circuit_decorator.py
[2025-02-20T14:08:42.326+0000] {processor.py:840} INFO - DAG(s) 'example_short_circuit_decorator' retrieved from /home/airflow/.local/lib/python3.8/site-packages/airflow/example_dags/example_short_circuit_decorator.py
[2025-02-20T14:08:42.366+0000] {logging_mixin.py:188} INFO - [2025-02-20T14:08:42.365+0000] {dag.py:3036} INFO - Sync 1 DAGs
[2025-02-20T14:08:42.399+0000] {logging_mixin.py:188} INFO - [2025-02-20T14:08:42.399+0000] {dag.py:3823} INFO - Setting next_dagrun for example_short_circuit_decorator to 2025-02-19 00:00:00+00:00, run_after=2025-02-20 00:00:00+00:00
[2025-02-20T14:08:42.438+0000] {processor.py:183} INFO - Processing /home/airflow/.local/lib/python3.8/site-packages/airflow/example_dags/example_short_circuit_decorator.py took 0.138 seconds
[2025-02-20T14:09:12.772+0000] {processor.py:161} INFO - Started process (PID=3060) to work on /home/airflow/.local/lib/python3.8/site-packages/airflow/example_dags/example_short_circuit_decorator.py
[2025-02-20T14:09:12.774+0000] {processor.py:830} INFO - Processing file /home/airflow/.local/lib/python3.8/site-packages/airflow/example_dags/example_short_circuit_decorator.py for tasks to queue
[2025-02-20T14:09:12.779+0000] {logging_mixin.py:188} INFO - [2025-02-20T14:09:12.779+0000] {dagbag.py:538} INFO - Filling up the DagBag from /home/airflow/.local/lib/python3.8/site-packages/airflow/example_dags/example_short_circuit_decorator.py
[2025-02-20T14:09:12.798+0000] {processor.py:840} INFO - DAG(s) 'example_short_circuit_decorator' retrieved from /home/airflow/.local/lib/python3.8/site-packages/airflow/example_dags/example_short_circuit_decorator.py
[2025-02-20T14:09:12.856+0000] {logging_mixin.py:188} INFO - [2025-02-20T14:09:12.856+0000] {dag.py:3036} INFO - Sync 1 DAGs
[2025-02-20T14:09:12.903+0000] {logging_mixin.py:188} INFO - [2025-02-20T14:09:12.903+0000] {dag.py:3823} INFO - Setting next_dagrun for example_short_circuit_decorator to 2025-02-19 00:00:00+00:00, run_after=2025-02-20 00:00:00+00:00
[2025-02-20T14:09:12.950+0000] {processor.py:183} INFO - Processing /home/airflow/.local/lib/python3.8/site-packages/airflow/example_dags/example_short_circuit_decorator.py took 0.183 seconds
[2025-02-20T14:09:43.266+0000] {processor.py:161} INFO - Started process (PID=3125) to work on /home/airflow/.local/lib/python3.8/site-packages/airflow/example_dags/example_short_circuit_decorator.py
[2025-02-20T14:09:43.269+0000] {processor.py:830} INFO - Processing file /home/airflow/.local/lib/python3.8/site-packages/airflow/example_dags/example_short_circuit_decorator.py for tasks to queue
[2025-02-20T14:09:43.275+0000] {logging_mixin.py:188} INFO - [2025-02-20T14:09:43.274+0000] {dagbag.py:538} INFO - Filling up the DagBag from /home/airflow/.local/lib/python3.8/site-packages/airflow/example_dags/example_short_circuit_decorator.py
[2025-02-20T14:09:43.296+0000] {processor.py:840} INFO - DAG(s) 'example_short_circuit_decorator' retrieved from /home/airflow/.local/lib/python3.8/site-packages/airflow/example_dags/example_short_circuit_decorator.py
[2025-02-20T14:09:43.361+0000] {logging_mixin.py:188} INFO - [2025-02-20T14:09:43.360+0000] {dag.py:3036} INFO - Sync 1 DAGs
[2025-02-20T14:09:43.399+0000] {logging_mixin.py:188} INFO - [2025-02-20T14:09:43.399+0000] {dag.py:3823} INFO - Setting next_dagrun for example_short_circuit_decorator to 2025-02-19 00:00:00+00:00, run_after=2025-02-20 00:00:00+00:00
[2025-02-20T14:09:43.434+0000] {processor.py:183} INFO - Processing /home/airflow/.local/lib/python3.8/site-packages/airflow/example_dags/example_short_circuit_decorator.py took 0.175 seconds
[2025-02-20T14:10:16.063+0000] {processor.py:161} INFO - Started process (PID=3189) to work on /home/airflow/.local/lib/python3.8/site-packages/airflow/example_dags/example_short_circuit_decorator.py
[2025-02-20T14:10:16.066+0000] {processor.py:830} INFO - Processing file /home/airflow/.local/lib/python3.8/site-packages/airflow/example_dags/example_short_circuit_decorator.py for tasks to queue
[2025-02-20T14:10:16.070+0000] {logging_mixin.py:188} INFO - [2025-02-20T14:10:16.070+0000] {dagbag.py:538} INFO - Filling up the DagBag from /home/airflow/.local/lib/python3.8/site-packages/airflow/example_dags/example_short_circuit_decorator.py
[2025-02-20T14:10:16.090+0000] {processor.py:840} INFO - DAG(s) 'example_short_circuit_decorator' retrieved from /home/airflow/.local/lib/python3.8/site-packages/airflow/example_dags/example_short_circuit_decorator.py
[2025-02-20T14:10:16.144+0000] {logging_mixin.py:188} INFO - [2025-02-20T14:10:16.144+0000] {dag.py:3036} INFO - Sync 1 DAGs
[2025-02-20T14:10:16.192+0000] {logging_mixin.py:188} INFO - [2025-02-20T14:10:16.191+0000] {dag.py:3823} INFO - Setting next_dagrun for example_short_circuit_decorator to 2025-02-19 00:00:00+00:00, run_after=2025-02-20 00:00:00+00:00
[2025-02-20T14:10:16.233+0000] {processor.py:183} INFO - Processing /home/airflow/.local/lib/python3.8/site-packages/airflow/example_dags/example_short_circuit_decorator.py took 0.175 seconds
[2025-02-20T14:10:49.312+0000] {processor.py:161} INFO - Started process (PID=3255) to work on /home/airflow/.local/lib/python3.8/site-packages/airflow/example_dags/example_short_circuit_decorator.py
[2025-02-20T14:10:49.314+0000] {processor.py:830} INFO - Processing file /home/airflow/.local/lib/python3.8/site-packages/airflow/example_dags/example_short_circuit_decorator.py for tasks to queue
[2025-02-20T14:10:49.319+0000] {logging_mixin.py:188} INFO - [2025-02-20T14:10:49.318+0000] {dagbag.py:538} INFO - Filling up the DagBag from /home/airflow/.local/lib/python3.8/site-packages/airflow/example_dags/example_short_circuit_decorator.py
[2025-02-20T14:10:49.586+0000] {processor.py:840} INFO - DAG(s) 'example_short_circuit_decorator' retrieved from /home/airflow/.local/lib/python3.8/site-packages/airflow/example_dags/example_short_circuit_decorator.py
[2025-02-20T14:10:49.632+0000] {logging_mixin.py:188} INFO - [2025-02-20T14:10:49.631+0000] {dag.py:3036} INFO - Sync 1 DAGs
[2025-02-20T14:10:49.669+0000] {logging_mixin.py:188} INFO - [2025-02-20T14:10:49.669+0000] {dag.py:3823} INFO - Setting next_dagrun for example_short_circuit_decorator to 2025-02-19 00:00:00+00:00, run_after=2025-02-20 00:00:00+00:00
[2025-02-20T14:10:49.697+0000] {processor.py:183} INFO - Processing /home/airflow/.local/lib/python3.8/site-packages/airflow/example_dags/example_short_circuit_decorator.py took 0.393 seconds
[2025-02-20T14:11:20.179+0000] {processor.py:161} INFO - Started process (PID=3320) to work on /home/airflow/.local/lib/python3.8/site-packages/airflow/example_dags/example_short_circuit_decorator.py
[2025-02-20T14:11:20.181+0000] {processor.py:830} INFO - Processing file /home/airflow/.local/lib/python3.8/site-packages/airflow/example_dags/example_short_circuit_decorator.py for tasks to queue
[2025-02-20T14:11:20.185+0000] {logging_mixin.py:188} INFO - [2025-02-20T14:11:20.185+0000] {dagbag.py:538} INFO - Filling up the DagBag from /home/airflow/.local/lib/python3.8/site-packages/airflow/example_dags/example_short_circuit_decorator.py
[2025-02-20T14:11:20.201+0000] {processor.py:840} INFO - DAG(s) 'example_short_circuit_decorator' retrieved from /home/airflow/.local/lib/python3.8/site-packages/airflow/example_dags/example_short_circuit_decorator.py
[2025-02-20T14:11:20.242+0000] {logging_mixin.py:188} INFO - [2025-02-20T14:11:20.242+0000] {dag.py:3036} INFO - Sync 1 DAGs
[2025-02-20T14:11:20.276+0000] {logging_mixin.py:188} INFO - [2025-02-20T14:11:20.276+0000] {dag.py:3823} INFO - Setting next_dagrun for example_short_circuit_decorator to 2025-02-19 00:00:00+00:00, run_after=2025-02-20 00:00:00+00:00
[2025-02-20T14:11:20.307+0000] {processor.py:183} INFO - Processing /home/airflow/.local/lib/python3.8/site-packages/airflow/example_dags/example_short_circuit_decorator.py took 0.132 seconds
[2025-02-20T16:11:45.347+0000] {processor.py:161} INFO - Started process (PID=3386) to work on /home/airflow/.local/lib/python3.8/site-packages/airflow/example_dags/example_short_circuit_decorator.py
[2025-02-20T16:11:45.349+0000] {processor.py:830} INFO - Processing file /home/airflow/.local/lib/python3.8/site-packages/airflow/example_dags/example_short_circuit_decorator.py for tasks to queue
[2025-02-20T16:11:45.354+0000] {logging_mixin.py:188} INFO - [2025-02-20T16:11:45.353+0000] {dagbag.py:538} INFO - Filling up the DagBag from /home/airflow/.local/lib/python3.8/site-packages/airflow/example_dags/example_short_circuit_decorator.py
[2025-02-20T16:11:45.381+0000] {processor.py:840} INFO - DAG(s) 'example_short_circuit_decorator' retrieved from /home/airflow/.local/lib/python3.8/site-packages/airflow/example_dags/example_short_circuit_decorator.py
[2025-02-20T16:11:45.438+0000] {logging_mixin.py:188} INFO - [2025-02-20T16:11:45.437+0000] {dag.py:3036} INFO - Sync 1 DAGs
[2025-02-20T16:11:45.487+0000] {logging_mixin.py:188} INFO - [2025-02-20T16:11:45.487+0000] {dag.py:3823} INFO - Setting next_dagrun for example_short_circuit_decorator to 2025-02-19 00:00:00+00:00, run_after=2025-02-20 00:00:00+00:00
[2025-02-20T16:11:45.543+0000] {processor.py:183} INFO - Processing /home/airflow/.local/lib/python3.8/site-packages/airflow/example_dags/example_short_circuit_decorator.py took 0.201 seconds
[2025-02-20T18:12:26.802+0000] {processor.py:161} INFO - Started process (PID=3485) to work on /home/airflow/.local/lib/python3.8/site-packages/airflow/example_dags/example_short_circuit_decorator.py
[2025-02-20T18:12:26.884+0000] {processor.py:830} INFO - Processing file /home/airflow/.local/lib/python3.8/site-packages/airflow/example_dags/example_short_circuit_decorator.py for tasks to queue
[2025-02-20T18:12:27.354+0000] {logging_mixin.py:188} INFO - [2025-02-20T18:12:27.338+0000] {dagbag.py:538} INFO - Filling up the DagBag from /home/airflow/.local/lib/python3.8/site-packages/airflow/example_dags/example_short_circuit_decorator.py
[2025-02-20T18:12:27.828+0000] {processor.py:840} INFO - DAG(s) 'example_short_circuit_decorator' retrieved from /home/airflow/.local/lib/python3.8/site-packages/airflow/example_dags/example_short_circuit_decorator.py
[2025-02-20T18:12:28.083+0000] {logging_mixin.py:188} INFO - [2025-02-20T18:12:28.083+0000] {dag.py:3036} INFO - Sync 1 DAGs
[2025-02-20T18:12:28.224+0000] {logging_mixin.py:188} INFO - [2025-02-20T18:12:28.223+0000] {dag.py:3823} INFO - Setting next_dagrun for example_short_circuit_decorator to 2025-02-19 00:00:00+00:00, run_after=2025-02-20 00:00:00+00:00
[2025-02-20T18:12:28.484+0000] {processor.py:183} INFO - Processing /home/airflow/.local/lib/python3.8/site-packages/airflow/example_dags/example_short_circuit_decorator.py took 2.587 seconds
[2025-02-20T20:05:46.906+0000] {processor.py:161} INFO - Started process (PID=3605) to work on /home/airflow/.local/lib/python3.8/site-packages/airflow/example_dags/example_short_circuit_decorator.py
[2025-02-20T20:05:46.908+0000] {processor.py:830} INFO - Processing file /home/airflow/.local/lib/python3.8/site-packages/airflow/example_dags/example_short_circuit_decorator.py for tasks to queue
[2025-02-20T20:05:46.912+0000] {logging_mixin.py:188} INFO - [2025-02-20T20:05:46.911+0000] {dagbag.py:538} INFO - Filling up the DagBag from /home/airflow/.local/lib/python3.8/site-packages/airflow/example_dags/example_short_circuit_decorator.py
[2025-02-20T20:05:46.937+0000] {processor.py:840} INFO - DAG(s) 'example_short_circuit_decorator' retrieved from /home/airflow/.local/lib/python3.8/site-packages/airflow/example_dags/example_short_circuit_decorator.py
[2025-02-20T20:05:47.003+0000] {logging_mixin.py:188} INFO - [2025-02-20T20:05:47.002+0000] {dag.py:3036} INFO - Sync 1 DAGs
[2025-02-20T20:05:47.056+0000] {logging_mixin.py:188} INFO - [2025-02-20T20:05:47.056+0000] {dag.py:3823} INFO - Setting next_dagrun for example_short_circuit_decorator to 2025-02-19 00:00:00+00:00, run_after=2025-02-20 00:00:00+00:00
[2025-02-20T20:05:47.101+0000] {processor.py:183} INFO - Processing /home/airflow/.local/lib/python3.8/site-packages/airflow/example_dags/example_short_circuit_decorator.py took 0.200 seconds
[2025-02-20T20:19:12.462+0000] {processor.py:161} INFO - Started process (PID=3697) to work on /home/airflow/.local/lib/python3.8/site-packages/airflow/example_dags/example_short_circuit_decorator.py
[2025-02-20T20:19:12.466+0000] {processor.py:830} INFO - Processing file /home/airflow/.local/lib/python3.8/site-packages/airflow/example_dags/example_short_circuit_decorator.py for tasks to queue
[2025-02-20T20:19:12.472+0000] {logging_mixin.py:188} INFO - [2025-02-20T20:19:12.469+0000] {dagbag.py:538} INFO - Filling up the DagBag from /home/airflow/.local/lib/python3.8/site-packages/airflow/example_dags/example_short_circuit_decorator.py
[2025-02-20T20:19:12.513+0000] {processor.py:840} INFO - DAG(s) 'example_short_circuit_decorator' retrieved from /home/airflow/.local/lib/python3.8/site-packages/airflow/example_dags/example_short_circuit_decorator.py
[2025-02-20T20:19:12.613+0000] {logging_mixin.py:188} INFO - [2025-02-20T20:19:12.613+0000] {dag.py:3036} INFO - Sync 1 DAGs
[2025-02-20T20:19:12.700+0000] {logging_mixin.py:188} INFO - [2025-02-20T20:19:12.698+0000] {dag.py:3823} INFO - Setting next_dagrun for example_short_circuit_decorator to 2025-02-19 00:00:00+00:00, run_after=2025-02-20 00:00:00+00:00
[2025-02-20T20:19:12.795+0000] {processor.py:183} INFO - Processing /home/airflow/.local/lib/python3.8/site-packages/airflow/example_dags/example_short_circuit_decorator.py took 0.347 seconds
[2025-02-20T22:14:43.393+0000] {processor.py:161} INFO - Started process (PID=3795) to work on /home/airflow/.local/lib/python3.8/site-packages/airflow/example_dags/example_short_circuit_decorator.py
[2025-02-20T22:14:43.395+0000] {processor.py:830} INFO - Processing file /home/airflow/.local/lib/python3.8/site-packages/airflow/example_dags/example_short_circuit_decorator.py for tasks to queue
[2025-02-20T22:14:43.399+0000] {logging_mixin.py:188} INFO - [2025-02-20T22:14:43.398+0000] {dagbag.py:538} INFO - Filling up the DagBag from /home/airflow/.local/lib/python3.8/site-packages/airflow/example_dags/example_short_circuit_decorator.py
[2025-02-20T22:14:43.422+0000] {processor.py:840} INFO - DAG(s) 'example_short_circuit_decorator' retrieved from /home/airflow/.local/lib/python3.8/site-packages/airflow/example_dags/example_short_circuit_decorator.py
[2025-02-20T22:14:43.481+0000] {logging_mixin.py:188} INFO - [2025-02-20T22:14:43.481+0000] {dag.py:3036} INFO - Sync 1 DAGs
[2025-02-20T22:14:43.524+0000] {logging_mixin.py:188} INFO - [2025-02-20T22:14:43.523+0000] {dag.py:3823} INFO - Setting next_dagrun for example_short_circuit_decorator to 2025-02-19 00:00:00+00:00, run_after=2025-02-20 00:00:00+00:00
[2025-02-20T22:14:43.566+0000] {processor.py:183} INFO - Processing /home/airflow/.local/lib/python3.8/site-packages/airflow/example_dags/example_short_circuit_decorator.py took 0.184 seconds
