[2025-02-20T13:45:58.868+0000] {processor.py:161} INFO - Started process (PID=91) to work on /home/airflow/.local/lib/python3.8/site-packages/airflow/example_dags/example_sensor_decorator.py
[2025-02-20T13:45:58.870+0000] {processor.py:830} INFO - Processing file /home/airflow/.local/lib/python3.8/site-packages/airflow/example_dags/example_sensor_decorator.py for tasks to queue
[2025-02-20T13:45:58.877+0000] {logging_mixin.py:188} INFO - [2025-02-20T13:45:58.876+0000] {dagbag.py:538} INFO - Filling up the DagBag from /home/airflow/.local/lib/python3.8/site-packages/airflow/example_dags/example_sensor_decorator.py
[2025-02-20T13:45:58.980+0000] {processor.py:840} INFO - DAG(s) 'example_sensor_decorator' retrieved from /home/airflow/.local/lib/python3.8/site-packages/airflow/example_dags/example_sensor_decorator.py
[2025-02-20T13:45:59.420+0000] {logging_mixin.py:188} INFO - [2025-02-20T13:45:59.420+0000] {dag.py:3036} INFO - Sync 1 DAGs
[2025-02-20T13:45:59.486+0000] {logging_mixin.py:188} INFO - [2025-02-20T13:45:59.486+0000] {dag.py:3823} INFO - Setting next_dagrun for example_sensor_decorator to None, run_after=None
[2025-02-20T13:45:59.643+0000] {processor.py:183} INFO - Processing /home/airflow/.local/lib/python3.8/site-packages/airflow/example_dags/example_sensor_decorator.py took 0.790 seconds
[2025-02-20T13:46:29.687+0000] {processor.py:161} INFO - Started process (PID=156) to work on /home/airflow/.local/lib/python3.8/site-packages/airflow/example_dags/example_sensor_decorator.py
[2025-02-20T13:46:29.688+0000] {processor.py:830} INFO - Processing file /home/airflow/.local/lib/python3.8/site-packages/airflow/example_dags/example_sensor_decorator.py for tasks to queue
[2025-02-20T13:46:29.690+0000] {logging_mixin.py:188} INFO - [2025-02-20T13:46:29.690+0000] {dagbag.py:538} INFO - Filling up the DagBag from /home/airflow/.local/lib/python3.8/site-packages/airflow/example_dags/example_sensor_decorator.py
[2025-02-20T13:46:29.698+0000] {processor.py:840} INFO - DAG(s) 'example_sensor_decorator' retrieved from /home/airflow/.local/lib/python3.8/site-packages/airflow/example_dags/example_sensor_decorator.py
[2025-02-20T13:46:29.727+0000] {logging_mixin.py:188} INFO - [2025-02-20T13:46:29.727+0000] {dag.py:3036} INFO - Sync 1 DAGs
[2025-02-20T13:46:29.743+0000] {logging_mixin.py:188} INFO - [2025-02-20T13:46:29.742+0000] {dag.py:3823} INFO - Setting next_dagrun for example_sensor_decorator to None, run_after=None
[2025-02-20T13:46:29.768+0000] {processor.py:183} INFO - Processing /home/airflow/.local/lib/python3.8/site-packages/airflow/example_dags/example_sensor_decorator.py took 0.085 seconds
[2025-02-20T13:47:00.295+0000] {processor.py:161} INFO - Started process (PID=221) to work on /home/airflow/.local/lib/python3.8/site-packages/airflow/example_dags/example_sensor_decorator.py
[2025-02-20T13:47:00.297+0000] {processor.py:830} INFO - Processing file /home/airflow/.local/lib/python3.8/site-packages/airflow/example_dags/example_sensor_decorator.py for tasks to queue
[2025-02-20T13:47:00.301+0000] {logging_mixin.py:188} INFO - [2025-02-20T13:47:00.300+0000] {dagbag.py:538} INFO - Filling up the DagBag from /home/airflow/.local/lib/python3.8/site-packages/airflow/example_dags/example_sensor_decorator.py
[2025-02-20T13:47:00.311+0000] {processor.py:840} INFO - DAG(s) 'example_sensor_decorator' retrieved from /home/airflow/.local/lib/python3.8/site-packages/airflow/example_dags/example_sensor_decorator.py
[2025-02-20T13:47:00.352+0000] {logging_mixin.py:188} INFO - [2025-02-20T13:47:00.351+0000] {dag.py:3036} INFO - Sync 1 DAGs
[2025-02-20T13:47:00.372+0000] {logging_mixin.py:188} INFO - [2025-02-20T13:47:00.371+0000] {dag.py:3823} INFO - Setting next_dagrun for example_sensor_decorator to None, run_after=None
[2025-02-20T13:47:00.398+0000] {processor.py:183} INFO - Processing /home/airflow/.local/lib/python3.8/site-packages/airflow/example_dags/example_sensor_decorator.py took 0.110 seconds
[2025-02-20T13:47:31.193+0000] {processor.py:161} INFO - Started process (PID=287) to work on /home/airflow/.local/lib/python3.8/site-packages/airflow/example_dags/example_sensor_decorator.py
[2025-02-20T13:47:31.196+0000] {processor.py:830} INFO - Processing file /home/airflow/.local/lib/python3.8/site-packages/airflow/example_dags/example_sensor_decorator.py for tasks to queue
[2025-02-20T13:47:31.203+0000] {logging_mixin.py:188} INFO - [2025-02-20T13:47:31.200+0000] {dagbag.py:538} INFO - Filling up the DagBag from /home/airflow/.local/lib/python3.8/site-packages/airflow/example_dags/example_sensor_decorator.py
[2025-02-20T13:47:31.237+0000] {processor.py:840} INFO - DAG(s) 'example_sensor_decorator' retrieved from /home/airflow/.local/lib/python3.8/site-packages/airflow/example_dags/example_sensor_decorator.py
[2025-02-20T13:47:31.315+0000] {logging_mixin.py:188} INFO - [2025-02-20T13:47:31.314+0000] {dag.py:3036} INFO - Sync 1 DAGs
[2025-02-20T13:47:31.337+0000] {logging_mixin.py:188} INFO - [2025-02-20T13:47:31.337+0000] {dag.py:3823} INFO - Setting next_dagrun for example_sensor_decorator to None, run_after=None
[2025-02-20T13:47:31.367+0000] {processor.py:183} INFO - Processing /home/airflow/.local/lib/python3.8/site-packages/airflow/example_dags/example_sensor_decorator.py took 0.182 seconds
[2025-02-20T13:48:01.650+0000] {processor.py:161} INFO - Started process (PID=351) to work on /home/airflow/.local/lib/python3.8/site-packages/airflow/example_dags/example_sensor_decorator.py
[2025-02-20T13:48:01.652+0000] {processor.py:830} INFO - Processing file /home/airflow/.local/lib/python3.8/site-packages/airflow/example_dags/example_sensor_decorator.py for tasks to queue
[2025-02-20T13:48:01.659+0000] {logging_mixin.py:188} INFO - [2025-02-20T13:48:01.659+0000] {dagbag.py:538} INFO - Filling up the DagBag from /home/airflow/.local/lib/python3.8/site-packages/airflow/example_dags/example_sensor_decorator.py
[2025-02-20T13:48:01.676+0000] {processor.py:840} INFO - DAG(s) 'example_sensor_decorator' retrieved from /home/airflow/.local/lib/python3.8/site-packages/airflow/example_dags/example_sensor_decorator.py
[2025-02-20T13:48:01.733+0000] {logging_mixin.py:188} INFO - [2025-02-20T13:48:01.733+0000] {dag.py:3036} INFO - Sync 1 DAGs
[2025-02-20T13:48:01.758+0000] {logging_mixin.py:188} INFO - [2025-02-20T13:48:01.758+0000] {dag.py:3823} INFO - Setting next_dagrun for example_sensor_decorator to None, run_after=None
[2025-02-20T13:48:01.793+0000] {processor.py:183} INFO - Processing /home/airflow/.local/lib/python3.8/site-packages/airflow/example_dags/example_sensor_decorator.py took 0.149 seconds
[2025-02-20T13:48:32.620+0000] {processor.py:161} INFO - Started process (PID=415) to work on /home/airflow/.local/lib/python3.8/site-packages/airflow/example_dags/example_sensor_decorator.py
[2025-02-20T13:48:32.626+0000] {processor.py:830} INFO - Processing file /home/airflow/.local/lib/python3.8/site-packages/airflow/example_dags/example_sensor_decorator.py for tasks to queue
[2025-02-20T13:48:32.634+0000] {logging_mixin.py:188} INFO - [2025-02-20T13:48:32.634+0000] {dagbag.py:538} INFO - Filling up the DagBag from /home/airflow/.local/lib/python3.8/site-packages/airflow/example_dags/example_sensor_decorator.py
[2025-02-20T13:48:32.673+0000] {processor.py:840} INFO - DAG(s) 'example_sensor_decorator' retrieved from /home/airflow/.local/lib/python3.8/site-packages/airflow/example_dags/example_sensor_decorator.py
[2025-02-20T13:48:32.784+0000] {logging_mixin.py:188} INFO - [2025-02-20T13:48:32.783+0000] {dag.py:3036} INFO - Sync 1 DAGs
[2025-02-20T13:48:32.837+0000] {logging_mixin.py:188} INFO - [2025-02-20T13:48:32.836+0000] {dag.py:3823} INFO - Setting next_dagrun for example_sensor_decorator to None, run_after=None
[2025-02-20T13:48:32.880+0000] {processor.py:183} INFO - Processing /home/airflow/.local/lib/python3.8/site-packages/airflow/example_dags/example_sensor_decorator.py took 0.269 seconds
[2025-02-20T13:49:03.921+0000] {processor.py:161} INFO - Started process (PID=480) to work on /home/airflow/.local/lib/python3.8/site-packages/airflow/example_dags/example_sensor_decorator.py
[2025-02-20T13:49:03.925+0000] {processor.py:830} INFO - Processing file /home/airflow/.local/lib/python3.8/site-packages/airflow/example_dags/example_sensor_decorator.py for tasks to queue
[2025-02-20T13:49:03.931+0000] {logging_mixin.py:188} INFO - [2025-02-20T13:49:03.931+0000] {dagbag.py:538} INFO - Filling up the DagBag from /home/airflow/.local/lib/python3.8/site-packages/airflow/example_dags/example_sensor_decorator.py
[2025-02-20T13:49:03.944+0000] {processor.py:840} INFO - DAG(s) 'example_sensor_decorator' retrieved from /home/airflow/.local/lib/python3.8/site-packages/airflow/example_dags/example_sensor_decorator.py
[2025-02-20T13:49:04.017+0000] {logging_mixin.py:188} INFO - [2025-02-20T13:49:04.016+0000] {dag.py:3036} INFO - Sync 1 DAGs
[2025-02-20T13:49:04.081+0000] {logging_mixin.py:188} INFO - [2025-02-20T13:49:04.081+0000] {dag.py:3823} INFO - Setting next_dagrun for example_sensor_decorator to None, run_after=None
[2025-02-20T13:49:04.147+0000] {processor.py:183} INFO - Processing /home/airflow/.local/lib/python3.8/site-packages/airflow/example_dags/example_sensor_decorator.py took 0.235 seconds
[2025-02-20T13:49:34.262+0000] {processor.py:161} INFO - Started process (PID=536) to work on /home/airflow/.local/lib/python3.8/site-packages/airflow/example_dags/example_sensor_decorator.py
[2025-02-20T13:49:34.264+0000] {processor.py:830} INFO - Processing file /home/airflow/.local/lib/python3.8/site-packages/airflow/example_dags/example_sensor_decorator.py for tasks to queue
[2025-02-20T13:49:34.267+0000] {logging_mixin.py:188} INFO - [2025-02-20T13:49:34.267+0000] {dagbag.py:538} INFO - Filling up the DagBag from /home/airflow/.local/lib/python3.8/site-packages/airflow/example_dags/example_sensor_decorator.py
[2025-02-20T13:49:34.278+0000] {processor.py:840} INFO - DAG(s) 'example_sensor_decorator' retrieved from /home/airflow/.local/lib/python3.8/site-packages/airflow/example_dags/example_sensor_decorator.py
[2025-02-20T13:49:34.317+0000] {logging_mixin.py:188} INFO - [2025-02-20T13:49:34.316+0000] {dag.py:3036} INFO - Sync 1 DAGs
[2025-02-20T13:49:34.339+0000] {logging_mixin.py:188} INFO - [2025-02-20T13:49:34.338+0000] {dag.py:3823} INFO - Setting next_dagrun for example_sensor_decorator to None, run_after=None
[2025-02-20T13:49:34.448+0000] {processor.py:183} INFO - Processing /home/airflow/.local/lib/python3.8/site-packages/airflow/example_dags/example_sensor_decorator.py took 0.193 seconds
[2025-02-20T13:50:04.751+0000] {processor.py:161} INFO - Started process (PID=602) to work on /home/airflow/.local/lib/python3.8/site-packages/airflow/example_dags/example_sensor_decorator.py
[2025-02-20T13:50:04.755+0000] {processor.py:830} INFO - Processing file /home/airflow/.local/lib/python3.8/site-packages/airflow/example_dags/example_sensor_decorator.py for tasks to queue
[2025-02-20T13:50:04.763+0000] {logging_mixin.py:188} INFO - [2025-02-20T13:50:04.762+0000] {dagbag.py:538} INFO - Filling up the DagBag from /home/airflow/.local/lib/python3.8/site-packages/airflow/example_dags/example_sensor_decorator.py
[2025-02-20T13:50:04.771+0000] {processor.py:840} INFO - DAG(s) 'example_sensor_decorator' retrieved from /home/airflow/.local/lib/python3.8/site-packages/airflow/example_dags/example_sensor_decorator.py
[2025-02-20T13:50:04.802+0000] {logging_mixin.py:188} INFO - [2025-02-20T13:50:04.801+0000] {dag.py:3036} INFO - Sync 1 DAGs
[2025-02-20T13:50:04.820+0000] {logging_mixin.py:188} INFO - [2025-02-20T13:50:04.819+0000] {dag.py:3823} INFO - Setting next_dagrun for example_sensor_decorator to None, run_after=None
[2025-02-20T13:50:04.856+0000] {processor.py:183} INFO - Processing /home/airflow/.local/lib/python3.8/site-packages/airflow/example_dags/example_sensor_decorator.py took 0.109 seconds
[2025-02-20T13:50:35.572+0000] {processor.py:161} INFO - Started process (PID=668) to work on /home/airflow/.local/lib/python3.8/site-packages/airflow/example_dags/example_sensor_decorator.py
[2025-02-20T13:50:35.575+0000] {processor.py:830} INFO - Processing file /home/airflow/.local/lib/python3.8/site-packages/airflow/example_dags/example_sensor_decorator.py for tasks to queue
[2025-02-20T13:50:35.577+0000] {logging_mixin.py:188} INFO - [2025-02-20T13:50:35.576+0000] {dagbag.py:538} INFO - Filling up the DagBag from /home/airflow/.local/lib/python3.8/site-packages/airflow/example_dags/example_sensor_decorator.py
[2025-02-20T13:50:35.591+0000] {processor.py:840} INFO - DAG(s) 'example_sensor_decorator' retrieved from /home/airflow/.local/lib/python3.8/site-packages/airflow/example_dags/example_sensor_decorator.py
[2025-02-20T13:50:35.623+0000] {logging_mixin.py:188} INFO - [2025-02-20T13:50:35.623+0000] {dag.py:3036} INFO - Sync 1 DAGs
[2025-02-20T13:50:35.639+0000] {logging_mixin.py:188} INFO - [2025-02-20T13:50:35.639+0000] {dag.py:3823} INFO - Setting next_dagrun for example_sensor_decorator to None, run_after=None
[2025-02-20T13:50:35.696+0000] {processor.py:183} INFO - Processing /home/airflow/.local/lib/python3.8/site-packages/airflow/example_dags/example_sensor_decorator.py took 0.129 seconds
[2025-02-20T13:51:06.033+0000] {processor.py:161} INFO - Started process (PID=732) to work on /home/airflow/.local/lib/python3.8/site-packages/airflow/example_dags/example_sensor_decorator.py
[2025-02-20T13:51:06.034+0000] {processor.py:830} INFO - Processing file /home/airflow/.local/lib/python3.8/site-packages/airflow/example_dags/example_sensor_decorator.py for tasks to queue
[2025-02-20T13:51:06.037+0000] {logging_mixin.py:188} INFO - [2025-02-20T13:51:06.037+0000] {dagbag.py:538} INFO - Filling up the DagBag from /home/airflow/.local/lib/python3.8/site-packages/airflow/example_dags/example_sensor_decorator.py
[2025-02-20T13:51:06.049+0000] {processor.py:840} INFO - DAG(s) 'example_sensor_decorator' retrieved from /home/airflow/.local/lib/python3.8/site-packages/airflow/example_dags/example_sensor_decorator.py
[2025-02-20T13:51:06.079+0000] {logging_mixin.py:188} INFO - [2025-02-20T13:51:06.079+0000] {dag.py:3036} INFO - Sync 1 DAGs
[2025-02-20T13:51:06.099+0000] {logging_mixin.py:188} INFO - [2025-02-20T13:51:06.098+0000] {dag.py:3823} INFO - Setting next_dagrun for example_sensor_decorator to None, run_after=None
[2025-02-20T13:51:06.123+0000] {processor.py:183} INFO - Processing /home/airflow/.local/lib/python3.8/site-packages/airflow/example_dags/example_sensor_decorator.py took 0.096 seconds
[2025-02-20T13:51:36.616+0000] {processor.py:161} INFO - Started process (PID=797) to work on /home/airflow/.local/lib/python3.8/site-packages/airflow/example_dags/example_sensor_decorator.py
[2025-02-20T13:51:36.618+0000] {processor.py:830} INFO - Processing file /home/airflow/.local/lib/python3.8/site-packages/airflow/example_dags/example_sensor_decorator.py for tasks to queue
[2025-02-20T13:51:36.621+0000] {logging_mixin.py:188} INFO - [2025-02-20T13:51:36.620+0000] {dagbag.py:538} INFO - Filling up the DagBag from /home/airflow/.local/lib/python3.8/site-packages/airflow/example_dags/example_sensor_decorator.py
[2025-02-20T13:51:36.633+0000] {processor.py:840} INFO - DAG(s) 'example_sensor_decorator' retrieved from /home/airflow/.local/lib/python3.8/site-packages/airflow/example_dags/example_sensor_decorator.py
[2025-02-20T13:51:36.666+0000] {logging_mixin.py:188} INFO - [2025-02-20T13:51:36.666+0000] {dag.py:3036} INFO - Sync 1 DAGs
[2025-02-20T13:51:36.688+0000] {logging_mixin.py:188} INFO - [2025-02-20T13:51:36.688+0000] {dag.py:3823} INFO - Setting next_dagrun for example_sensor_decorator to None, run_after=None
[2025-02-20T13:51:36.716+0000] {processor.py:183} INFO - Processing /home/airflow/.local/lib/python3.8/site-packages/airflow/example_dags/example_sensor_decorator.py took 0.106 seconds
[2025-02-20T13:52:07.283+0000] {processor.py:161} INFO - Started process (PID=862) to work on /home/airflow/.local/lib/python3.8/site-packages/airflow/example_dags/example_sensor_decorator.py
[2025-02-20T13:52:07.284+0000] {processor.py:830} INFO - Processing file /home/airflow/.local/lib/python3.8/site-packages/airflow/example_dags/example_sensor_decorator.py for tasks to queue
[2025-02-20T13:52:07.286+0000] {logging_mixin.py:188} INFO - [2025-02-20T13:52:07.286+0000] {dagbag.py:538} INFO - Filling up the DagBag from /home/airflow/.local/lib/python3.8/site-packages/airflow/example_dags/example_sensor_decorator.py
[2025-02-20T13:52:07.299+0000] {processor.py:840} INFO - DAG(s) 'example_sensor_decorator' retrieved from /home/airflow/.local/lib/python3.8/site-packages/airflow/example_dags/example_sensor_decorator.py
[2025-02-20T13:52:07.331+0000] {logging_mixin.py:188} INFO - [2025-02-20T13:52:07.330+0000] {dag.py:3036} INFO - Sync 1 DAGs
[2025-02-20T13:52:07.350+0000] {logging_mixin.py:188} INFO - [2025-02-20T13:52:07.349+0000] {dag.py:3823} INFO - Setting next_dagrun for example_sensor_decorator to None, run_after=None
[2025-02-20T13:52:07.374+0000] {processor.py:183} INFO - Processing /home/airflow/.local/lib/python3.8/site-packages/airflow/example_dags/example_sensor_decorator.py took 0.097 seconds
[2025-02-20T13:52:37.598+0000] {processor.py:161} INFO - Started process (PID=926) to work on /home/airflow/.local/lib/python3.8/site-packages/airflow/example_dags/example_sensor_decorator.py
[2025-02-20T13:52:37.600+0000] {processor.py:830} INFO - Processing file /home/airflow/.local/lib/python3.8/site-packages/airflow/example_dags/example_sensor_decorator.py for tasks to queue
[2025-02-20T13:52:37.604+0000] {logging_mixin.py:188} INFO - [2025-02-20T13:52:37.603+0000] {dagbag.py:538} INFO - Filling up the DagBag from /home/airflow/.local/lib/python3.8/site-packages/airflow/example_dags/example_sensor_decorator.py
[2025-02-20T13:52:37.616+0000] {processor.py:840} INFO - DAG(s) 'example_sensor_decorator' retrieved from /home/airflow/.local/lib/python3.8/site-packages/airflow/example_dags/example_sensor_decorator.py
[2025-02-20T13:52:37.655+0000] {logging_mixin.py:188} INFO - [2025-02-20T13:52:37.655+0000] {dag.py:3036} INFO - Sync 1 DAGs
[2025-02-20T13:52:37.685+0000] {logging_mixin.py:188} INFO - [2025-02-20T13:52:37.682+0000] {dag.py:3823} INFO - Setting next_dagrun for example_sensor_decorator to None, run_after=None
[2025-02-20T13:52:37.737+0000] {processor.py:183} INFO - Processing /home/airflow/.local/lib/python3.8/site-packages/airflow/example_dags/example_sensor_decorator.py took 0.146 seconds
[2025-02-20T13:53:08.806+0000] {processor.py:161} INFO - Started process (PID=991) to work on /home/airflow/.local/lib/python3.8/site-packages/airflow/example_dags/example_sensor_decorator.py
[2025-02-20T13:53:08.809+0000] {processor.py:830} INFO - Processing file /home/airflow/.local/lib/python3.8/site-packages/airflow/example_dags/example_sensor_decorator.py for tasks to queue
[2025-02-20T13:53:08.813+0000] {logging_mixin.py:188} INFO - [2025-02-20T13:53:08.812+0000] {dagbag.py:538} INFO - Filling up the DagBag from /home/airflow/.local/lib/python3.8/site-packages/airflow/example_dags/example_sensor_decorator.py
[2025-02-20T13:53:08.829+0000] {processor.py:840} INFO - DAG(s) 'example_sensor_decorator' retrieved from /home/airflow/.local/lib/python3.8/site-packages/airflow/example_dags/example_sensor_decorator.py
[2025-02-20T13:53:08.916+0000] {logging_mixin.py:188} INFO - [2025-02-20T13:53:08.916+0000] {dag.py:3036} INFO - Sync 1 DAGs
[2025-02-20T13:53:09.016+0000] {logging_mixin.py:188} INFO - [2025-02-20T13:53:09.001+0000] {dag.py:3823} INFO - Setting next_dagrun for example_sensor_decorator to None, run_after=None
[2025-02-20T13:53:09.206+0000] {processor.py:183} INFO - Processing /home/airflow/.local/lib/python3.8/site-packages/airflow/example_dags/example_sensor_decorator.py took 0.408 seconds
[2025-02-20T13:53:39.495+0000] {processor.py:161} INFO - Started process (PID=1064) to work on /home/airflow/.local/lib/python3.8/site-packages/airflow/example_dags/example_sensor_decorator.py
[2025-02-20T13:53:39.497+0000] {processor.py:830} INFO - Processing file /home/airflow/.local/lib/python3.8/site-packages/airflow/example_dags/example_sensor_decorator.py for tasks to queue
[2025-02-20T13:53:39.500+0000] {logging_mixin.py:188} INFO - [2025-02-20T13:53:39.500+0000] {dagbag.py:538} INFO - Filling up the DagBag from /home/airflow/.local/lib/python3.8/site-packages/airflow/example_dags/example_sensor_decorator.py
[2025-02-20T13:53:39.511+0000] {processor.py:840} INFO - DAG(s) 'example_sensor_decorator' retrieved from /home/airflow/.local/lib/python3.8/site-packages/airflow/example_dags/example_sensor_decorator.py
[2025-02-20T13:53:39.535+0000] {logging_mixin.py:188} INFO - [2025-02-20T13:53:39.535+0000] {dag.py:3036} INFO - Sync 1 DAGs
[2025-02-20T13:53:39.555+0000] {logging_mixin.py:188} INFO - [2025-02-20T13:53:39.555+0000] {dag.py:3823} INFO - Setting next_dagrun for example_sensor_decorator to None, run_after=None
[2025-02-20T13:53:39.579+0000] {processor.py:183} INFO - Processing /home/airflow/.local/lib/python3.8/site-packages/airflow/example_dags/example_sensor_decorator.py took 0.089 seconds
[2025-02-20T13:54:09.951+0000] {processor.py:161} INFO - Started process (PID=1129) to work on /home/airflow/.local/lib/python3.8/site-packages/airflow/example_dags/example_sensor_decorator.py
[2025-02-20T13:54:09.953+0000] {processor.py:830} INFO - Processing file /home/airflow/.local/lib/python3.8/site-packages/airflow/example_dags/example_sensor_decorator.py for tasks to queue
[2025-02-20T13:54:09.958+0000] {logging_mixin.py:188} INFO - [2025-02-20T13:54:09.957+0000] {dagbag.py:538} INFO - Filling up the DagBag from /home/airflow/.local/lib/python3.8/site-packages/airflow/example_dags/example_sensor_decorator.py
[2025-02-20T13:54:09.969+0000] {processor.py:840} INFO - DAG(s) 'example_sensor_decorator' retrieved from /home/airflow/.local/lib/python3.8/site-packages/airflow/example_dags/example_sensor_decorator.py
[2025-02-20T13:54:10.009+0000] {logging_mixin.py:188} INFO - [2025-02-20T13:54:10.009+0000] {dag.py:3036} INFO - Sync 1 DAGs
[2025-02-20T13:54:10.031+0000] {logging_mixin.py:188} INFO - [2025-02-20T13:54:10.030+0000] {dag.py:3823} INFO - Setting next_dagrun for example_sensor_decorator to None, run_after=None
[2025-02-20T13:54:10.058+0000] {processor.py:183} INFO - Processing /home/airflow/.local/lib/python3.8/site-packages/airflow/example_dags/example_sensor_decorator.py took 0.114 seconds
[2025-02-20T13:54:40.198+0000] {processor.py:161} INFO - Started process (PID=1194) to work on /home/airflow/.local/lib/python3.8/site-packages/airflow/example_dags/example_sensor_decorator.py
[2025-02-20T13:54:40.200+0000] {processor.py:830} INFO - Processing file /home/airflow/.local/lib/python3.8/site-packages/airflow/example_dags/example_sensor_decorator.py for tasks to queue
[2025-02-20T13:54:40.202+0000] {logging_mixin.py:188} INFO - [2025-02-20T13:54:40.202+0000] {dagbag.py:538} INFO - Filling up the DagBag from /home/airflow/.local/lib/python3.8/site-packages/airflow/example_dags/example_sensor_decorator.py
[2025-02-20T13:54:40.210+0000] {processor.py:840} INFO - DAG(s) 'example_sensor_decorator' retrieved from /home/airflow/.local/lib/python3.8/site-packages/airflow/example_dags/example_sensor_decorator.py
[2025-02-20T13:54:40.236+0000] {logging_mixin.py:188} INFO - [2025-02-20T13:54:40.236+0000] {dag.py:3036} INFO - Sync 1 DAGs
[2025-02-20T13:54:40.251+0000] {logging_mixin.py:188} INFO - [2025-02-20T13:54:40.251+0000] {dag.py:3823} INFO - Setting next_dagrun for example_sensor_decorator to None, run_after=None
[2025-02-20T13:54:40.276+0000] {processor.py:183} INFO - Processing /home/airflow/.local/lib/python3.8/site-packages/airflow/example_dags/example_sensor_decorator.py took 0.083 seconds
[2025-02-20T13:55:10.522+0000] {processor.py:161} INFO - Started process (PID=1258) to work on /home/airflow/.local/lib/python3.8/site-packages/airflow/example_dags/example_sensor_decorator.py
[2025-02-20T13:55:10.523+0000] {processor.py:830} INFO - Processing file /home/airflow/.local/lib/python3.8/site-packages/airflow/example_dags/example_sensor_decorator.py for tasks to queue
[2025-02-20T13:55:10.526+0000] {logging_mixin.py:188} INFO - [2025-02-20T13:55:10.525+0000] {dagbag.py:538} INFO - Filling up the DagBag from /home/airflow/.local/lib/python3.8/site-packages/airflow/example_dags/example_sensor_decorator.py
[2025-02-20T13:55:10.536+0000] {processor.py:840} INFO - DAG(s) 'example_sensor_decorator' retrieved from /home/airflow/.local/lib/python3.8/site-packages/airflow/example_dags/example_sensor_decorator.py
[2025-02-20T13:55:10.568+0000] {logging_mixin.py:188} INFO - [2025-02-20T13:55:10.568+0000] {dag.py:3036} INFO - Sync 1 DAGs
[2025-02-20T13:55:10.588+0000] {logging_mixin.py:188} INFO - [2025-02-20T13:55:10.588+0000] {dag.py:3823} INFO - Setting next_dagrun for example_sensor_decorator to None, run_after=None
[2025-02-20T13:55:10.619+0000] {processor.py:183} INFO - Processing /home/airflow/.local/lib/python3.8/site-packages/airflow/example_dags/example_sensor_decorator.py took 0.103 seconds
[2025-02-20T13:55:41.562+0000] {processor.py:161} INFO - Started process (PID=1322) to work on /home/airflow/.local/lib/python3.8/site-packages/airflow/example_dags/example_sensor_decorator.py
[2025-02-20T13:55:41.564+0000] {processor.py:830} INFO - Processing file /home/airflow/.local/lib/python3.8/site-packages/airflow/example_dags/example_sensor_decorator.py for tasks to queue
[2025-02-20T13:55:41.567+0000] {logging_mixin.py:188} INFO - [2025-02-20T13:55:41.567+0000] {dagbag.py:538} INFO - Filling up the DagBag from /home/airflow/.local/lib/python3.8/site-packages/airflow/example_dags/example_sensor_decorator.py
[2025-02-20T13:55:41.580+0000] {processor.py:840} INFO - DAG(s) 'example_sensor_decorator' retrieved from /home/airflow/.local/lib/python3.8/site-packages/airflow/example_dags/example_sensor_decorator.py
[2025-02-20T13:55:41.621+0000] {logging_mixin.py:188} INFO - [2025-02-20T13:55:41.620+0000] {dag.py:3036} INFO - Sync 1 DAGs
[2025-02-20T13:55:41.683+0000] {logging_mixin.py:188} INFO - [2025-02-20T13:55:41.682+0000] {dag.py:3823} INFO - Setting next_dagrun for example_sensor_decorator to None, run_after=None
[2025-02-20T13:55:41.723+0000] {processor.py:183} INFO - Processing /home/airflow/.local/lib/python3.8/site-packages/airflow/example_dags/example_sensor_decorator.py took 0.170 seconds
[2025-02-20T13:56:11.940+0000] {processor.py:161} INFO - Started process (PID=1394) to work on /home/airflow/.local/lib/python3.8/site-packages/airflow/example_dags/example_sensor_decorator.py
[2025-02-20T13:56:11.942+0000] {processor.py:830} INFO - Processing file /home/airflow/.local/lib/python3.8/site-packages/airflow/example_dags/example_sensor_decorator.py for tasks to queue
[2025-02-20T13:56:11.945+0000] {logging_mixin.py:188} INFO - [2025-02-20T13:56:11.945+0000] {dagbag.py:538} INFO - Filling up the DagBag from /home/airflow/.local/lib/python3.8/site-packages/airflow/example_dags/example_sensor_decorator.py
[2025-02-20T13:56:11.956+0000] {processor.py:840} INFO - DAG(s) 'example_sensor_decorator' retrieved from /home/airflow/.local/lib/python3.8/site-packages/airflow/example_dags/example_sensor_decorator.py
[2025-02-20T13:56:11.982+0000] {logging_mixin.py:188} INFO - [2025-02-20T13:56:11.981+0000] {dag.py:3036} INFO - Sync 1 DAGs
[2025-02-20T13:56:11.999+0000] {logging_mixin.py:188} INFO - [2025-02-20T13:56:11.998+0000] {dag.py:3823} INFO - Setting next_dagrun for example_sensor_decorator to None, run_after=None
[2025-02-20T13:56:12.025+0000] {processor.py:183} INFO - Processing /home/airflow/.local/lib/python3.8/site-packages/airflow/example_dags/example_sensor_decorator.py took 0.093 seconds
[2025-02-20T13:56:42.197+0000] {processor.py:161} INFO - Started process (PID=1460) to work on /home/airflow/.local/lib/python3.8/site-packages/airflow/example_dags/example_sensor_decorator.py
[2025-02-20T13:56:42.199+0000] {processor.py:830} INFO - Processing file /home/airflow/.local/lib/python3.8/site-packages/airflow/example_dags/example_sensor_decorator.py for tasks to queue
[2025-02-20T13:56:42.203+0000] {logging_mixin.py:188} INFO - [2025-02-20T13:56:42.203+0000] {dagbag.py:538} INFO - Filling up the DagBag from /home/airflow/.local/lib/python3.8/site-packages/airflow/example_dags/example_sensor_decorator.py
[2025-02-20T13:56:42.214+0000] {processor.py:840} INFO - DAG(s) 'example_sensor_decorator' retrieved from /home/airflow/.local/lib/python3.8/site-packages/airflow/example_dags/example_sensor_decorator.py
[2025-02-20T13:56:42.248+0000] {logging_mixin.py:188} INFO - [2025-02-20T13:56:42.247+0000] {dag.py:3036} INFO - Sync 1 DAGs
[2025-02-20T13:56:42.267+0000] {logging_mixin.py:188} INFO - [2025-02-20T13:56:42.267+0000] {dag.py:3823} INFO - Setting next_dagrun for example_sensor_decorator to None, run_after=None
[2025-02-20T13:56:42.298+0000] {processor.py:183} INFO - Processing /home/airflow/.local/lib/python3.8/site-packages/airflow/example_dags/example_sensor_decorator.py took 0.112 seconds
[2025-02-20T13:57:12.969+0000] {processor.py:161} INFO - Started process (PID=1525) to work on /home/airflow/.local/lib/python3.8/site-packages/airflow/example_dags/example_sensor_decorator.py
[2025-02-20T13:57:12.972+0000] {processor.py:830} INFO - Processing file /home/airflow/.local/lib/python3.8/site-packages/airflow/example_dags/example_sensor_decorator.py for tasks to queue
[2025-02-20T13:57:12.979+0000] {logging_mixin.py:188} INFO - [2025-02-20T13:57:12.979+0000] {dagbag.py:538} INFO - Filling up the DagBag from /home/airflow/.local/lib/python3.8/site-packages/airflow/example_dags/example_sensor_decorator.py
[2025-02-20T13:57:12.997+0000] {processor.py:840} INFO - DAG(s) 'example_sensor_decorator' retrieved from /home/airflow/.local/lib/python3.8/site-packages/airflow/example_dags/example_sensor_decorator.py
[2025-02-20T13:57:13.044+0000] {logging_mixin.py:188} INFO - [2025-02-20T13:57:13.043+0000] {dag.py:3036} INFO - Sync 1 DAGs
[2025-02-20T13:57:13.100+0000] {logging_mixin.py:188} INFO - [2025-02-20T13:57:13.096+0000] {dag.py:3823} INFO - Setting next_dagrun for example_sensor_decorator to None, run_after=None
[2025-02-20T13:57:13.239+0000] {processor.py:183} INFO - Processing /home/airflow/.local/lib/python3.8/site-packages/airflow/example_dags/example_sensor_decorator.py took 0.275 seconds
[2025-02-20T13:57:43.583+0000] {processor.py:161} INFO - Started process (PID=1589) to work on /home/airflow/.local/lib/python3.8/site-packages/airflow/example_dags/example_sensor_decorator.py
[2025-02-20T13:57:43.585+0000] {processor.py:830} INFO - Processing file /home/airflow/.local/lib/python3.8/site-packages/airflow/example_dags/example_sensor_decorator.py for tasks to queue
[2025-02-20T13:57:43.589+0000] {logging_mixin.py:188} INFO - [2025-02-20T13:57:43.588+0000] {dagbag.py:538} INFO - Filling up the DagBag from /home/airflow/.local/lib/python3.8/site-packages/airflow/example_dags/example_sensor_decorator.py
[2025-02-20T13:57:43.606+0000] {processor.py:840} INFO - DAG(s) 'example_sensor_decorator' retrieved from /home/airflow/.local/lib/python3.8/site-packages/airflow/example_dags/example_sensor_decorator.py
[2025-02-20T13:57:43.655+0000] {logging_mixin.py:188} INFO - [2025-02-20T13:57:43.654+0000] {dag.py:3036} INFO - Sync 1 DAGs
[2025-02-20T13:57:43.688+0000] {logging_mixin.py:188} INFO - [2025-02-20T13:57:43.688+0000] {dag.py:3823} INFO - Setting next_dagrun for example_sensor_decorator to None, run_after=None
[2025-02-20T13:57:43.742+0000] {processor.py:183} INFO - Processing /home/airflow/.local/lib/python3.8/site-packages/airflow/example_dags/example_sensor_decorator.py took 0.168 seconds
[2025-02-20T13:58:14.382+0000] {processor.py:161} INFO - Started process (PID=1654) to work on /home/airflow/.local/lib/python3.8/site-packages/airflow/example_dags/example_sensor_decorator.py
[2025-02-20T13:58:14.384+0000] {processor.py:830} INFO - Processing file /home/airflow/.local/lib/python3.8/site-packages/airflow/example_dags/example_sensor_decorator.py for tasks to queue
[2025-02-20T13:58:14.388+0000] {logging_mixin.py:188} INFO - [2025-02-20T13:58:14.387+0000] {dagbag.py:538} INFO - Filling up the DagBag from /home/airflow/.local/lib/python3.8/site-packages/airflow/example_dags/example_sensor_decorator.py
[2025-02-20T13:58:14.398+0000] {processor.py:840} INFO - DAG(s) 'example_sensor_decorator' retrieved from /home/airflow/.local/lib/python3.8/site-packages/airflow/example_dags/example_sensor_decorator.py
[2025-02-20T13:58:14.428+0000] {logging_mixin.py:188} INFO - [2025-02-20T13:58:14.428+0000] {dag.py:3036} INFO - Sync 1 DAGs
[2025-02-20T13:58:14.442+0000] {logging_mixin.py:188} INFO - [2025-02-20T13:58:14.442+0000] {dag.py:3823} INFO - Setting next_dagrun for example_sensor_decorator to None, run_after=None
[2025-02-20T13:58:14.470+0000] {processor.py:183} INFO - Processing /home/airflow/.local/lib/python3.8/site-packages/airflow/example_dags/example_sensor_decorator.py took 0.093 seconds
[2025-02-20T13:58:45.049+0000] {processor.py:161} INFO - Started process (PID=1718) to work on /home/airflow/.local/lib/python3.8/site-packages/airflow/example_dags/example_sensor_decorator.py
[2025-02-20T13:58:45.052+0000] {processor.py:830} INFO - Processing file /home/airflow/.local/lib/python3.8/site-packages/airflow/example_dags/example_sensor_decorator.py for tasks to queue
[2025-02-20T13:58:45.057+0000] {logging_mixin.py:188} INFO - [2025-02-20T13:58:45.056+0000] {dagbag.py:538} INFO - Filling up the DagBag from /home/airflow/.local/lib/python3.8/site-packages/airflow/example_dags/example_sensor_decorator.py
[2025-02-20T13:58:45.071+0000] {processor.py:840} INFO - DAG(s) 'example_sensor_decorator' retrieved from /home/airflow/.local/lib/python3.8/site-packages/airflow/example_dags/example_sensor_decorator.py
[2025-02-20T13:58:45.107+0000] {logging_mixin.py:188} INFO - [2025-02-20T13:58:45.106+0000] {dag.py:3036} INFO - Sync 1 DAGs
[2025-02-20T13:58:45.127+0000] {logging_mixin.py:188} INFO - [2025-02-20T13:58:45.127+0000] {dag.py:3823} INFO - Setting next_dagrun for example_sensor_decorator to None, run_after=None
[2025-02-20T13:58:45.153+0000] {processor.py:183} INFO - Processing /home/airflow/.local/lib/python3.8/site-packages/airflow/example_dags/example_sensor_decorator.py took 0.108 seconds
[2025-02-20T13:59:15.497+0000] {processor.py:161} INFO - Started process (PID=1783) to work on /home/airflow/.local/lib/python3.8/site-packages/airflow/example_dags/example_sensor_decorator.py
[2025-02-20T13:59:15.499+0000] {processor.py:830} INFO - Processing file /home/airflow/.local/lib/python3.8/site-packages/airflow/example_dags/example_sensor_decorator.py for tasks to queue
[2025-02-20T13:59:15.503+0000] {logging_mixin.py:188} INFO - [2025-02-20T13:59:15.502+0000] {dagbag.py:538} INFO - Filling up the DagBag from /home/airflow/.local/lib/python3.8/site-packages/airflow/example_dags/example_sensor_decorator.py
[2025-02-20T13:59:15.516+0000] {processor.py:840} INFO - DAG(s) 'example_sensor_decorator' retrieved from /home/airflow/.local/lib/python3.8/site-packages/airflow/example_dags/example_sensor_decorator.py
[2025-02-20T13:59:15.549+0000] {logging_mixin.py:188} INFO - [2025-02-20T13:59:15.549+0000] {dag.py:3036} INFO - Sync 1 DAGs
[2025-02-20T13:59:15.568+0000] {logging_mixin.py:188} INFO - [2025-02-20T13:59:15.567+0000] {dag.py:3823} INFO - Setting next_dagrun for example_sensor_decorator to None, run_after=None
[2025-02-20T13:59:15.592+0000] {processor.py:183} INFO - Processing /home/airflow/.local/lib/python3.8/site-packages/airflow/example_dags/example_sensor_decorator.py took 0.100 seconds
[2025-02-20T13:59:46.076+0000] {processor.py:161} INFO - Started process (PID=1847) to work on /home/airflow/.local/lib/python3.8/site-packages/airflow/example_dags/example_sensor_decorator.py
[2025-02-20T13:59:46.078+0000] {processor.py:830} INFO - Processing file /home/airflow/.local/lib/python3.8/site-packages/airflow/example_dags/example_sensor_decorator.py for tasks to queue
[2025-02-20T13:59:46.082+0000] {logging_mixin.py:188} INFO - [2025-02-20T13:59:46.081+0000] {dagbag.py:538} INFO - Filling up the DagBag from /home/airflow/.local/lib/python3.8/site-packages/airflow/example_dags/example_sensor_decorator.py
[2025-02-20T13:59:46.093+0000] {processor.py:840} INFO - DAG(s) 'example_sensor_decorator' retrieved from /home/airflow/.local/lib/python3.8/site-packages/airflow/example_dags/example_sensor_decorator.py
[2025-02-20T13:59:46.128+0000] {logging_mixin.py:188} INFO - [2025-02-20T13:59:46.128+0000] {dag.py:3036} INFO - Sync 1 DAGs
[2025-02-20T13:59:46.145+0000] {logging_mixin.py:188} INFO - [2025-02-20T13:59:46.145+0000] {dag.py:3823} INFO - Setting next_dagrun for example_sensor_decorator to None, run_after=None
[2025-02-20T13:59:46.169+0000] {processor.py:183} INFO - Processing /home/airflow/.local/lib/python3.8/site-packages/airflow/example_dags/example_sensor_decorator.py took 0.097 seconds
[2025-02-20T14:00:16.825+0000] {processor.py:161} INFO - Started process (PID=1912) to work on /home/airflow/.local/lib/python3.8/site-packages/airflow/example_dags/example_sensor_decorator.py
[2025-02-20T14:00:16.827+0000] {processor.py:830} INFO - Processing file /home/airflow/.local/lib/python3.8/site-packages/airflow/example_dags/example_sensor_decorator.py for tasks to queue
[2025-02-20T14:00:16.830+0000] {logging_mixin.py:188} INFO - [2025-02-20T14:00:16.829+0000] {dagbag.py:538} INFO - Filling up the DagBag from /home/airflow/.local/lib/python3.8/site-packages/airflow/example_dags/example_sensor_decorator.py
[2025-02-20T14:00:16.839+0000] {processor.py:840} INFO - DAG(s) 'example_sensor_decorator' retrieved from /home/airflow/.local/lib/python3.8/site-packages/airflow/example_dags/example_sensor_decorator.py
[2025-02-20T14:00:16.872+0000] {logging_mixin.py:188} INFO - [2025-02-20T14:00:16.872+0000] {dag.py:3036} INFO - Sync 1 DAGs
[2025-02-20T14:00:16.888+0000] {logging_mixin.py:188} INFO - [2025-02-20T14:00:16.887+0000] {dag.py:3823} INFO - Setting next_dagrun for example_sensor_decorator to None, run_after=None
[2025-02-20T14:00:16.913+0000] {processor.py:183} INFO - Processing /home/airflow/.local/lib/python3.8/site-packages/airflow/example_dags/example_sensor_decorator.py took 0.092 seconds
[2025-02-20T14:00:47.355+0000] {processor.py:161} INFO - Started process (PID=1977) to work on /home/airflow/.local/lib/python3.8/site-packages/airflow/example_dags/example_sensor_decorator.py
[2025-02-20T14:00:47.359+0000] {processor.py:830} INFO - Processing file /home/airflow/.local/lib/python3.8/site-packages/airflow/example_dags/example_sensor_decorator.py for tasks to queue
[2025-02-20T14:00:47.362+0000] {logging_mixin.py:188} INFO - [2025-02-20T14:00:47.362+0000] {dagbag.py:538} INFO - Filling up the DagBag from /home/airflow/.local/lib/python3.8/site-packages/airflow/example_dags/example_sensor_decorator.py
[2025-02-20T14:00:47.375+0000] {processor.py:840} INFO - DAG(s) 'example_sensor_decorator' retrieved from /home/airflow/.local/lib/python3.8/site-packages/airflow/example_dags/example_sensor_decorator.py
[2025-02-20T14:00:47.424+0000] {logging_mixin.py:188} INFO - [2025-02-20T14:00:47.424+0000] {dag.py:3036} INFO - Sync 1 DAGs
[2025-02-20T14:00:47.441+0000] {logging_mixin.py:188} INFO - [2025-02-20T14:00:47.441+0000] {dag.py:3823} INFO - Setting next_dagrun for example_sensor_decorator to None, run_after=None
[2025-02-20T14:00:47.477+0000] {processor.py:183} INFO - Processing /home/airflow/.local/lib/python3.8/site-packages/airflow/example_dags/example_sensor_decorator.py took 0.127 seconds
[2025-02-20T14:01:18.176+0000] {processor.py:161} INFO - Started process (PID=2042) to work on /home/airflow/.local/lib/python3.8/site-packages/airflow/example_dags/example_sensor_decorator.py
[2025-02-20T14:01:18.180+0000] {processor.py:830} INFO - Processing file /home/airflow/.local/lib/python3.8/site-packages/airflow/example_dags/example_sensor_decorator.py for tasks to queue
[2025-02-20T14:01:18.183+0000] {logging_mixin.py:188} INFO - [2025-02-20T14:01:18.183+0000] {dagbag.py:538} INFO - Filling up the DagBag from /home/airflow/.local/lib/python3.8/site-packages/airflow/example_dags/example_sensor_decorator.py
[2025-02-20T14:01:18.203+0000] {processor.py:840} INFO - DAG(s) 'example_sensor_decorator' retrieved from /home/airflow/.local/lib/python3.8/site-packages/airflow/example_dags/example_sensor_decorator.py
[2025-02-20T14:01:18.265+0000] {logging_mixin.py:188} INFO - [2025-02-20T14:01:18.264+0000] {dag.py:3036} INFO - Sync 1 DAGs
[2025-02-20T14:01:18.290+0000] {logging_mixin.py:188} INFO - [2025-02-20T14:01:18.289+0000] {dag.py:3823} INFO - Setting next_dagrun for example_sensor_decorator to None, run_after=None
[2025-02-20T14:01:18.327+0000] {processor.py:183} INFO - Processing /home/airflow/.local/lib/python3.8/site-packages/airflow/example_dags/example_sensor_decorator.py took 0.159 seconds
[2025-02-20T14:01:49.095+0000] {processor.py:161} INFO - Started process (PID=2107) to work on /home/airflow/.local/lib/python3.8/site-packages/airflow/example_dags/example_sensor_decorator.py
[2025-02-20T14:01:49.097+0000] {processor.py:830} INFO - Processing file /home/airflow/.local/lib/python3.8/site-packages/airflow/example_dags/example_sensor_decorator.py for tasks to queue
[2025-02-20T14:01:49.102+0000] {logging_mixin.py:188} INFO - [2025-02-20T14:01:49.101+0000] {dagbag.py:538} INFO - Filling up the DagBag from /home/airflow/.local/lib/python3.8/site-packages/airflow/example_dags/example_sensor_decorator.py
[2025-02-20T14:01:49.122+0000] {processor.py:840} INFO - DAG(s) 'example_sensor_decorator' retrieved from /home/airflow/.local/lib/python3.8/site-packages/airflow/example_dags/example_sensor_decorator.py
[2025-02-20T14:01:49.170+0000] {logging_mixin.py:188} INFO - [2025-02-20T14:01:49.169+0000] {dag.py:3036} INFO - Sync 1 DAGs
[2025-02-20T14:01:49.205+0000] {logging_mixin.py:188} INFO - [2025-02-20T14:01:49.205+0000] {dag.py:3823} INFO - Setting next_dagrun for example_sensor_decorator to None, run_after=None
[2025-02-20T14:01:49.240+0000] {processor.py:183} INFO - Processing /home/airflow/.local/lib/python3.8/site-packages/airflow/example_dags/example_sensor_decorator.py took 0.151 seconds
[2025-02-20T14:02:20.128+0000] {processor.py:161} INFO - Started process (PID=2172) to work on /home/airflow/.local/lib/python3.8/site-packages/airflow/example_dags/example_sensor_decorator.py
[2025-02-20T14:02:20.132+0000] {processor.py:830} INFO - Processing file /home/airflow/.local/lib/python3.8/site-packages/airflow/example_dags/example_sensor_decorator.py for tasks to queue
[2025-02-20T14:02:20.137+0000] {logging_mixin.py:188} INFO - [2025-02-20T14:02:20.136+0000] {dagbag.py:538} INFO - Filling up the DagBag from /home/airflow/.local/lib/python3.8/site-packages/airflow/example_dags/example_sensor_decorator.py
[2025-02-20T14:02:20.150+0000] {processor.py:840} INFO - DAG(s) 'example_sensor_decorator' retrieved from /home/airflow/.local/lib/python3.8/site-packages/airflow/example_dags/example_sensor_decorator.py
[2025-02-20T14:02:20.197+0000] {logging_mixin.py:188} INFO - [2025-02-20T14:02:20.196+0000] {dag.py:3036} INFO - Sync 1 DAGs
[2025-02-20T14:02:20.220+0000] {logging_mixin.py:188} INFO - [2025-02-20T14:02:20.219+0000] {dag.py:3823} INFO - Setting next_dagrun for example_sensor_decorator to None, run_after=None
[2025-02-20T14:02:20.257+0000] {processor.py:183} INFO - Processing /home/airflow/.local/lib/python3.8/site-packages/airflow/example_dags/example_sensor_decorator.py took 0.135 seconds
[2025-02-20T14:02:52.050+0000] {processor.py:161} INFO - Started process (PID=2244) to work on /home/airflow/.local/lib/python3.8/site-packages/airflow/example_dags/example_sensor_decorator.py
[2025-02-20T14:02:52.053+0000] {processor.py:830} INFO - Processing file /home/airflow/.local/lib/python3.8/site-packages/airflow/example_dags/example_sensor_decorator.py for tasks to queue
[2025-02-20T14:02:52.083+0000] {logging_mixin.py:188} INFO - [2025-02-20T14:02:52.081+0000] {dagbag.py:538} INFO - Filling up the DagBag from /home/airflow/.local/lib/python3.8/site-packages/airflow/example_dags/example_sensor_decorator.py
[2025-02-20T14:02:52.111+0000] {processor.py:840} INFO - DAG(s) 'example_sensor_decorator' retrieved from /home/airflow/.local/lib/python3.8/site-packages/airflow/example_dags/example_sensor_decorator.py
[2025-02-20T14:02:52.206+0000] {logging_mixin.py:188} INFO - [2025-02-20T14:02:52.204+0000] {dag.py:3036} INFO - Sync 1 DAGs
[2025-02-20T14:02:52.256+0000] {logging_mixin.py:188} INFO - [2025-02-20T14:02:52.255+0000] {dag.py:3823} INFO - Setting next_dagrun for example_sensor_decorator to None, run_after=None
[2025-02-20T14:02:52.320+0000] {processor.py:183} INFO - Processing /home/airflow/.local/lib/python3.8/site-packages/airflow/example_dags/example_sensor_decorator.py took 0.278 seconds
[2025-02-20T14:03:23.222+0000] {processor.py:161} INFO - Started process (PID=2303) to work on /home/airflow/.local/lib/python3.8/site-packages/airflow/example_dags/example_sensor_decorator.py
[2025-02-20T14:03:23.224+0000] {processor.py:830} INFO - Processing file /home/airflow/.local/lib/python3.8/site-packages/airflow/example_dags/example_sensor_decorator.py for tasks to queue
[2025-02-20T14:03:23.227+0000] {logging_mixin.py:188} INFO - [2025-02-20T14:03:23.226+0000] {dagbag.py:538} INFO - Filling up the DagBag from /home/airflow/.local/lib/python3.8/site-packages/airflow/example_dags/example_sensor_decorator.py
[2025-02-20T14:03:23.234+0000] {processor.py:840} INFO - DAG(s) 'example_sensor_decorator' retrieved from /home/airflow/.local/lib/python3.8/site-packages/airflow/example_dags/example_sensor_decorator.py
[2025-02-20T14:03:23.262+0000] {logging_mixin.py:188} INFO - [2025-02-20T14:03:23.262+0000] {dag.py:3036} INFO - Sync 1 DAGs
[2025-02-20T14:03:23.277+0000] {logging_mixin.py:188} INFO - [2025-02-20T14:03:23.277+0000] {dag.py:3823} INFO - Setting next_dagrun for example_sensor_decorator to None, run_after=None
[2025-02-20T14:03:23.302+0000] {processor.py:183} INFO - Processing /home/airflow/.local/lib/python3.8/site-packages/airflow/example_dags/example_sensor_decorator.py took 0.085 seconds
[2025-02-20T14:03:54.059+0000] {processor.py:161} INFO - Started process (PID=2368) to work on /home/airflow/.local/lib/python3.8/site-packages/airflow/example_dags/example_sensor_decorator.py
[2025-02-20T14:03:54.060+0000] {processor.py:830} INFO - Processing file /home/airflow/.local/lib/python3.8/site-packages/airflow/example_dags/example_sensor_decorator.py for tasks to queue
[2025-02-20T14:03:54.063+0000] {logging_mixin.py:188} INFO - [2025-02-20T14:03:54.063+0000] {dagbag.py:538} INFO - Filling up the DagBag from /home/airflow/.local/lib/python3.8/site-packages/airflow/example_dags/example_sensor_decorator.py
[2025-02-20T14:03:54.077+0000] {processor.py:840} INFO - DAG(s) 'example_sensor_decorator' retrieved from /home/airflow/.local/lib/python3.8/site-packages/airflow/example_dags/example_sensor_decorator.py
[2025-02-20T14:03:54.109+0000] {logging_mixin.py:188} INFO - [2025-02-20T14:03:54.109+0000] {dag.py:3036} INFO - Sync 1 DAGs
[2025-02-20T14:03:54.126+0000] {logging_mixin.py:188} INFO - [2025-02-20T14:03:54.125+0000] {dag.py:3823} INFO - Setting next_dagrun for example_sensor_decorator to None, run_after=None
[2025-02-20T14:03:54.163+0000] {processor.py:183} INFO - Processing /home/airflow/.local/lib/python3.8/site-packages/airflow/example_dags/example_sensor_decorator.py took 0.112 seconds
[2025-02-20T14:04:25.027+0000] {processor.py:161} INFO - Started process (PID=2434) to work on /home/airflow/.local/lib/python3.8/site-packages/airflow/example_dags/example_sensor_decorator.py
[2025-02-20T14:04:25.028+0000] {processor.py:830} INFO - Processing file /home/airflow/.local/lib/python3.8/site-packages/airflow/example_dags/example_sensor_decorator.py for tasks to queue
[2025-02-20T14:04:25.030+0000] {logging_mixin.py:188} INFO - [2025-02-20T14:04:25.030+0000] {dagbag.py:538} INFO - Filling up the DagBag from /home/airflow/.local/lib/python3.8/site-packages/airflow/example_dags/example_sensor_decorator.py
[2025-02-20T14:04:25.044+0000] {processor.py:840} INFO - DAG(s) 'example_sensor_decorator' retrieved from /home/airflow/.local/lib/python3.8/site-packages/airflow/example_dags/example_sensor_decorator.py
[2025-02-20T14:04:25.080+0000] {logging_mixin.py:188} INFO - [2025-02-20T14:04:25.079+0000] {dag.py:3036} INFO - Sync 1 DAGs
[2025-02-20T14:04:25.104+0000] {logging_mixin.py:188} INFO - [2025-02-20T14:04:25.104+0000] {dag.py:3823} INFO - Setting next_dagrun for example_sensor_decorator to None, run_after=None
[2025-02-20T14:04:25.142+0000] {processor.py:183} INFO - Processing /home/airflow/.local/lib/python3.8/site-packages/airflow/example_dags/example_sensor_decorator.py took 0.121 seconds
[2025-02-20T14:04:55.424+0000] {processor.py:161} INFO - Started process (PID=2499) to work on /home/airflow/.local/lib/python3.8/site-packages/airflow/example_dags/example_sensor_decorator.py
[2025-02-20T14:04:55.429+0000] {processor.py:830} INFO - Processing file /home/airflow/.local/lib/python3.8/site-packages/airflow/example_dags/example_sensor_decorator.py for tasks to queue
[2025-02-20T14:04:55.433+0000] {logging_mixin.py:188} INFO - [2025-02-20T14:04:55.433+0000] {dagbag.py:538} INFO - Filling up the DagBag from /home/airflow/.local/lib/python3.8/site-packages/airflow/example_dags/example_sensor_decorator.py
[2025-02-20T14:04:55.453+0000] {processor.py:840} INFO - DAG(s) 'example_sensor_decorator' retrieved from /home/airflow/.local/lib/python3.8/site-packages/airflow/example_dags/example_sensor_decorator.py
[2025-02-20T14:04:55.507+0000] {logging_mixin.py:188} INFO - [2025-02-20T14:04:55.506+0000] {dag.py:3036} INFO - Sync 1 DAGs
[2025-02-20T14:04:55.526+0000] {logging_mixin.py:188} INFO - [2025-02-20T14:04:55.526+0000] {dag.py:3823} INFO - Setting next_dagrun for example_sensor_decorator to None, run_after=None
[2025-02-20T14:04:55.550+0000] {processor.py:183} INFO - Processing /home/airflow/.local/lib/python3.8/site-packages/airflow/example_dags/example_sensor_decorator.py took 0.147 seconds
[2025-02-20T14:05:26.556+0000] {processor.py:161} INFO - Started process (PID=2571) to work on /home/airflow/.local/lib/python3.8/site-packages/airflow/example_dags/example_sensor_decorator.py
[2025-02-20T14:05:26.558+0000] {processor.py:830} INFO - Processing file /home/airflow/.local/lib/python3.8/site-packages/airflow/example_dags/example_sensor_decorator.py for tasks to queue
[2025-02-20T14:05:26.562+0000] {logging_mixin.py:188} INFO - [2025-02-20T14:05:26.561+0000] {dagbag.py:538} INFO - Filling up the DagBag from /home/airflow/.local/lib/python3.8/site-packages/airflow/example_dags/example_sensor_decorator.py
[2025-02-20T14:05:26.572+0000] {processor.py:840} INFO - DAG(s) 'example_sensor_decorator' retrieved from /home/airflow/.local/lib/python3.8/site-packages/airflow/example_dags/example_sensor_decorator.py
[2025-02-20T14:05:26.618+0000] {logging_mixin.py:188} INFO - [2025-02-20T14:05:26.617+0000] {dag.py:3036} INFO - Sync 1 DAGs
[2025-02-20T14:05:26.636+0000] {logging_mixin.py:188} INFO - [2025-02-20T14:05:26.636+0000] {dag.py:3823} INFO - Setting next_dagrun for example_sensor_decorator to None, run_after=None
[2025-02-20T14:05:26.675+0000] {processor.py:183} INFO - Processing /home/airflow/.local/lib/python3.8/site-packages/airflow/example_dags/example_sensor_decorator.py took 0.126 seconds
[2025-02-20T14:05:57.792+0000] {processor.py:161} INFO - Started process (PID=2637) to work on /home/airflow/.local/lib/python3.8/site-packages/airflow/example_dags/example_sensor_decorator.py
[2025-02-20T14:05:57.796+0000] {processor.py:830} INFO - Processing file /home/airflow/.local/lib/python3.8/site-packages/airflow/example_dags/example_sensor_decorator.py for tasks to queue
[2025-02-20T14:05:57.802+0000] {logging_mixin.py:188} INFO - [2025-02-20T14:05:57.801+0000] {dagbag.py:538} INFO - Filling up the DagBag from /home/airflow/.local/lib/python3.8/site-packages/airflow/example_dags/example_sensor_decorator.py
[2025-02-20T14:05:57.815+0000] {processor.py:840} INFO - DAG(s) 'example_sensor_decorator' retrieved from /home/airflow/.local/lib/python3.8/site-packages/airflow/example_dags/example_sensor_decorator.py
[2025-02-20T14:05:57.901+0000] {logging_mixin.py:188} INFO - [2025-02-20T14:05:57.900+0000] {dag.py:3036} INFO - Sync 1 DAGs
[2025-02-20T14:05:57.965+0000] {logging_mixin.py:188} INFO - [2025-02-20T14:05:57.965+0000] {dag.py:3823} INFO - Setting next_dagrun for example_sensor_decorator to None, run_after=None
[2025-02-20T14:05:58.064+0000] {processor.py:183} INFO - Processing /home/airflow/.local/lib/python3.8/site-packages/airflow/example_dags/example_sensor_decorator.py took 0.278 seconds
[2025-02-20T14:06:28.272+0000] {processor.py:161} INFO - Started process (PID=2700) to work on /home/airflow/.local/lib/python3.8/site-packages/airflow/example_dags/example_sensor_decorator.py
[2025-02-20T14:06:28.280+0000] {processor.py:830} INFO - Processing file /home/airflow/.local/lib/python3.8/site-packages/airflow/example_dags/example_sensor_decorator.py for tasks to queue
[2025-02-20T14:06:28.286+0000] {logging_mixin.py:188} INFO - [2025-02-20T14:06:28.286+0000] {dagbag.py:538} INFO - Filling up the DagBag from /home/airflow/.local/lib/python3.8/site-packages/airflow/example_dags/example_sensor_decorator.py
[2025-02-20T14:06:28.322+0000] {processor.py:840} INFO - DAG(s) 'example_sensor_decorator' retrieved from /home/airflow/.local/lib/python3.8/site-packages/airflow/example_dags/example_sensor_decorator.py
[2025-02-20T14:06:28.406+0000] {logging_mixin.py:188} INFO - [2025-02-20T14:06:28.405+0000] {dag.py:3036} INFO - Sync 1 DAGs
[2025-02-20T14:06:28.465+0000] {logging_mixin.py:188} INFO - [2025-02-20T14:06:28.465+0000] {dag.py:3823} INFO - Setting next_dagrun for example_sensor_decorator to None, run_after=None
[2025-02-20T14:06:28.530+0000] {processor.py:183} INFO - Processing /home/airflow/.local/lib/python3.8/site-packages/airflow/example_dags/example_sensor_decorator.py took 0.273 seconds
[2025-02-20T14:06:58.929+0000] {processor.py:161} INFO - Started process (PID=2767) to work on /home/airflow/.local/lib/python3.8/site-packages/airflow/example_dags/example_sensor_decorator.py
[2025-02-20T14:06:58.931+0000] {processor.py:830} INFO - Processing file /home/airflow/.local/lib/python3.8/site-packages/airflow/example_dags/example_sensor_decorator.py for tasks to queue
[2025-02-20T14:06:58.935+0000] {logging_mixin.py:188} INFO - [2025-02-20T14:06:58.935+0000] {dagbag.py:538} INFO - Filling up the DagBag from /home/airflow/.local/lib/python3.8/site-packages/airflow/example_dags/example_sensor_decorator.py
[2025-02-20T14:06:58.950+0000] {processor.py:840} INFO - DAG(s) 'example_sensor_decorator' retrieved from /home/airflow/.local/lib/python3.8/site-packages/airflow/example_dags/example_sensor_decorator.py
[2025-02-20T14:06:58.994+0000] {logging_mixin.py:188} INFO - [2025-02-20T14:06:58.994+0000] {dag.py:3036} INFO - Sync 1 DAGs
[2025-02-20T14:06:59.023+0000] {logging_mixin.py:188} INFO - [2025-02-20T14:06:59.019+0000] {dag.py:3823} INFO - Setting next_dagrun for example_sensor_decorator to None, run_after=None
[2025-02-20T14:06:59.063+0000] {processor.py:183} INFO - Processing /home/airflow/.local/lib/python3.8/site-packages/airflow/example_dags/example_sensor_decorator.py took 0.139 seconds
[2025-02-20T14:07:30.322+0000] {processor.py:161} INFO - Started process (PID=2833) to work on /home/airflow/.local/lib/python3.8/site-packages/airflow/example_dags/example_sensor_decorator.py
[2025-02-20T14:07:30.327+0000] {processor.py:830} INFO - Processing file /home/airflow/.local/lib/python3.8/site-packages/airflow/example_dags/example_sensor_decorator.py for tasks to queue
[2025-02-20T14:07:30.330+0000] {logging_mixin.py:188} INFO - [2025-02-20T14:07:30.330+0000] {dagbag.py:538} INFO - Filling up the DagBag from /home/airflow/.local/lib/python3.8/site-packages/airflow/example_dags/example_sensor_decorator.py
[2025-02-20T14:07:30.347+0000] {processor.py:840} INFO - DAG(s) 'example_sensor_decorator' retrieved from /home/airflow/.local/lib/python3.8/site-packages/airflow/example_dags/example_sensor_decorator.py
[2025-02-20T14:07:30.403+0000] {logging_mixin.py:188} INFO - [2025-02-20T14:07:30.402+0000] {dag.py:3036} INFO - Sync 1 DAGs
[2025-02-20T14:07:30.443+0000] {logging_mixin.py:188} INFO - [2025-02-20T14:07:30.443+0000] {dag.py:3823} INFO - Setting next_dagrun for example_sensor_decorator to None, run_after=None
[2025-02-20T14:07:30.473+0000] {processor.py:183} INFO - Processing /home/airflow/.local/lib/python3.8/site-packages/airflow/example_dags/example_sensor_decorator.py took 0.158 seconds
[2025-02-20T14:08:00.951+0000] {processor.py:161} INFO - Started process (PID=2897) to work on /home/airflow/.local/lib/python3.8/site-packages/airflow/example_dags/example_sensor_decorator.py
[2025-02-20T14:08:00.952+0000] {processor.py:830} INFO - Processing file /home/airflow/.local/lib/python3.8/site-packages/airflow/example_dags/example_sensor_decorator.py for tasks to queue
[2025-02-20T14:08:00.958+0000] {logging_mixin.py:188} INFO - [2025-02-20T14:08:00.955+0000] {dagbag.py:538} INFO - Filling up the DagBag from /home/airflow/.local/lib/python3.8/site-packages/airflow/example_dags/example_sensor_decorator.py
[2025-02-20T14:08:00.974+0000] {processor.py:840} INFO - DAG(s) 'example_sensor_decorator' retrieved from /home/airflow/.local/lib/python3.8/site-packages/airflow/example_dags/example_sensor_decorator.py
[2025-02-20T14:08:01.013+0000] {logging_mixin.py:188} INFO - [2025-02-20T14:08:01.013+0000] {dag.py:3036} INFO - Sync 1 DAGs
[2025-02-20T14:08:01.032+0000] {logging_mixin.py:188} INFO - [2025-02-20T14:08:01.032+0000] {dag.py:3823} INFO - Setting next_dagrun for example_sensor_decorator to None, run_after=None
[2025-02-20T14:08:01.062+0000] {processor.py:183} INFO - Processing /home/airflow/.local/lib/python3.8/site-packages/airflow/example_dags/example_sensor_decorator.py took 0.116 seconds
[2025-02-20T14:08:31.842+0000] {processor.py:161} INFO - Started process (PID=2961) to work on /home/airflow/.local/lib/python3.8/site-packages/airflow/example_dags/example_sensor_decorator.py
[2025-02-20T14:08:31.844+0000] {processor.py:830} INFO - Processing file /home/airflow/.local/lib/python3.8/site-packages/airflow/example_dags/example_sensor_decorator.py for tasks to queue
[2025-02-20T14:08:31.851+0000] {logging_mixin.py:188} INFO - [2025-02-20T14:08:31.848+0000] {dagbag.py:538} INFO - Filling up the DagBag from /home/airflow/.local/lib/python3.8/site-packages/airflow/example_dags/example_sensor_decorator.py
[2025-02-20T14:08:31.865+0000] {processor.py:840} INFO - DAG(s) 'example_sensor_decorator' retrieved from /home/airflow/.local/lib/python3.8/site-packages/airflow/example_dags/example_sensor_decorator.py
[2025-02-20T14:08:31.897+0000] {logging_mixin.py:188} INFO - [2025-02-20T14:08:31.897+0000] {dag.py:3036} INFO - Sync 1 DAGs
[2025-02-20T14:08:31.914+0000] {logging_mixin.py:188} INFO - [2025-02-20T14:08:31.913+0000] {dag.py:3823} INFO - Setting next_dagrun for example_sensor_decorator to None, run_after=None
[2025-02-20T14:08:31.940+0000] {processor.py:183} INFO - Processing /home/airflow/.local/lib/python3.8/site-packages/airflow/example_dags/example_sensor_decorator.py took 0.103 seconds
[2025-02-20T14:09:03.994+0000] {processor.py:161} INFO - Started process (PID=3025) to work on /home/airflow/.local/lib/python3.8/site-packages/airflow/example_dags/example_sensor_decorator.py
[2025-02-20T14:09:03.996+0000] {processor.py:830} INFO - Processing file /home/airflow/.local/lib/python3.8/site-packages/airflow/example_dags/example_sensor_decorator.py for tasks to queue
[2025-02-20T14:09:04.001+0000] {logging_mixin.py:188} INFO - [2025-02-20T14:09:04.000+0000] {dagbag.py:538} INFO - Filling up the DagBag from /home/airflow/.local/lib/python3.8/site-packages/airflow/example_dags/example_sensor_decorator.py
[2025-02-20T14:09:04.014+0000] {processor.py:840} INFO - DAG(s) 'example_sensor_decorator' retrieved from /home/airflow/.local/lib/python3.8/site-packages/airflow/example_dags/example_sensor_decorator.py
[2025-02-20T14:09:04.096+0000] {logging_mixin.py:188} INFO - [2025-02-20T14:09:04.094+0000] {dag.py:3036} INFO - Sync 1 DAGs
[2025-02-20T14:09:04.135+0000] {logging_mixin.py:188} INFO - [2025-02-20T14:09:04.133+0000] {dag.py:3823} INFO - Setting next_dagrun for example_sensor_decorator to None, run_after=None
[2025-02-20T14:09:04.260+0000] {processor.py:183} INFO - Processing /home/airflow/.local/lib/python3.8/site-packages/airflow/example_dags/example_sensor_decorator.py took 0.272 seconds
[2025-02-20T14:09:34.901+0000] {processor.py:161} INFO - Started process (PID=3089) to work on /home/airflow/.local/lib/python3.8/site-packages/airflow/example_dags/example_sensor_decorator.py
[2025-02-20T14:09:34.905+0000] {processor.py:830} INFO - Processing file /home/airflow/.local/lib/python3.8/site-packages/airflow/example_dags/example_sensor_decorator.py for tasks to queue
[2025-02-20T14:09:34.915+0000] {logging_mixin.py:188} INFO - [2025-02-20T14:09:34.913+0000] {dagbag.py:538} INFO - Filling up the DagBag from /home/airflow/.local/lib/python3.8/site-packages/airflow/example_dags/example_sensor_decorator.py
[2025-02-20T14:09:34.953+0000] {processor.py:840} INFO - DAG(s) 'example_sensor_decorator' retrieved from /home/airflow/.local/lib/python3.8/site-packages/airflow/example_dags/example_sensor_decorator.py
[2025-02-20T14:09:35.024+0000] {logging_mixin.py:188} INFO - [2025-02-20T14:09:35.023+0000] {dag.py:3036} INFO - Sync 1 DAGs
[2025-02-20T14:09:35.256+0000] {logging_mixin.py:188} INFO - [2025-02-20T14:09:35.255+0000] {dag.py:3823} INFO - Setting next_dagrun for example_sensor_decorator to None, run_after=None
[2025-02-20T14:09:35.287+0000] {processor.py:183} INFO - Processing /home/airflow/.local/lib/python3.8/site-packages/airflow/example_dags/example_sensor_decorator.py took 0.397 seconds
[2025-02-20T14:10:05.390+0000] {processor.py:161} INFO - Started process (PID=3154) to work on /home/airflow/.local/lib/python3.8/site-packages/airflow/example_dags/example_sensor_decorator.py
[2025-02-20T14:10:05.392+0000] {processor.py:830} INFO - Processing file /home/airflow/.local/lib/python3.8/site-packages/airflow/example_dags/example_sensor_decorator.py for tasks to queue
[2025-02-20T14:10:05.396+0000] {logging_mixin.py:188} INFO - [2025-02-20T14:10:05.395+0000] {dagbag.py:538} INFO - Filling up the DagBag from /home/airflow/.local/lib/python3.8/site-packages/airflow/example_dags/example_sensor_decorator.py
[2025-02-20T14:10:05.412+0000] {processor.py:840} INFO - DAG(s) 'example_sensor_decorator' retrieved from /home/airflow/.local/lib/python3.8/site-packages/airflow/example_dags/example_sensor_decorator.py
[2025-02-20T14:10:05.454+0000] {logging_mixin.py:188} INFO - [2025-02-20T14:10:05.453+0000] {dag.py:3036} INFO - Sync 1 DAGs
[2025-02-20T14:10:05.487+0000] {logging_mixin.py:188} INFO - [2025-02-20T14:10:05.486+0000] {dag.py:3823} INFO - Setting next_dagrun for example_sensor_decorator to None, run_after=None
[2025-02-20T14:10:05.759+0000] {processor.py:183} INFO - Processing /home/airflow/.local/lib/python3.8/site-packages/airflow/example_dags/example_sensor_decorator.py took 0.375 seconds
[2025-02-20T14:10:35.868+0000] {processor.py:161} INFO - Started process (PID=3219) to work on /home/airflow/.local/lib/python3.8/site-packages/airflow/example_dags/example_sensor_decorator.py
[2025-02-20T14:10:35.869+0000] {processor.py:830} INFO - Processing file /home/airflow/.local/lib/python3.8/site-packages/airflow/example_dags/example_sensor_decorator.py for tasks to queue
[2025-02-20T14:10:35.874+0000] {logging_mixin.py:188} INFO - [2025-02-20T14:10:35.874+0000] {dagbag.py:538} INFO - Filling up the DagBag from /home/airflow/.local/lib/python3.8/site-packages/airflow/example_dags/example_sensor_decorator.py
[2025-02-20T14:10:35.884+0000] {processor.py:840} INFO - DAG(s) 'example_sensor_decorator' retrieved from /home/airflow/.local/lib/python3.8/site-packages/airflow/example_dags/example_sensor_decorator.py
[2025-02-20T14:10:35.915+0000] {logging_mixin.py:188} INFO - [2025-02-20T14:10:35.914+0000] {dag.py:3036} INFO - Sync 1 DAGs
[2025-02-20T14:10:35.947+0000] {logging_mixin.py:188} INFO - [2025-02-20T14:10:35.946+0000] {dag.py:3823} INFO - Setting next_dagrun for example_sensor_decorator to None, run_after=None
[2025-02-20T14:10:35.992+0000] {processor.py:183} INFO - Processing /home/airflow/.local/lib/python3.8/site-packages/airflow/example_dags/example_sensor_decorator.py took 0.128 seconds
[2025-02-20T14:11:07.362+0000] {processor.py:161} INFO - Started process (PID=3284) to work on /home/airflow/.local/lib/python3.8/site-packages/airflow/example_dags/example_sensor_decorator.py
[2025-02-20T14:11:07.365+0000] {processor.py:830} INFO - Processing file /home/airflow/.local/lib/python3.8/site-packages/airflow/example_dags/example_sensor_decorator.py for tasks to queue
[2025-02-20T14:11:07.373+0000] {logging_mixin.py:188} INFO - [2025-02-20T14:11:07.373+0000] {dagbag.py:538} INFO - Filling up the DagBag from /home/airflow/.local/lib/python3.8/site-packages/airflow/example_dags/example_sensor_decorator.py
[2025-02-20T14:11:07.401+0000] {processor.py:840} INFO - DAG(s) 'example_sensor_decorator' retrieved from /home/airflow/.local/lib/python3.8/site-packages/airflow/example_dags/example_sensor_decorator.py
[2025-02-20T14:11:07.678+0000] {logging_mixin.py:188} INFO - [2025-02-20T14:11:07.677+0000] {dag.py:3036} INFO - Sync 1 DAGs
[2025-02-20T14:11:07.727+0000] {logging_mixin.py:188} INFO - [2025-02-20T14:11:07.726+0000] {dag.py:3823} INFO - Setting next_dagrun for example_sensor_decorator to None, run_after=None
[2025-02-20T14:11:07.767+0000] {processor.py:183} INFO - Processing /home/airflow/.local/lib/python3.8/site-packages/airflow/example_dags/example_sensor_decorator.py took 0.415 seconds
[2025-02-20T16:11:28.120+0000] {processor.py:161} INFO - Started process (PID=3349) to work on /home/airflow/.local/lib/python3.8/site-packages/airflow/example_dags/example_sensor_decorator.py
[2025-02-20T16:11:28.123+0000] {processor.py:830} INFO - Processing file /home/airflow/.local/lib/python3.8/site-packages/airflow/example_dags/example_sensor_decorator.py for tasks to queue
[2025-02-20T16:11:28.129+0000] {logging_mixin.py:188} INFO - [2025-02-20T16:11:28.127+0000] {dagbag.py:538} INFO - Filling up the DagBag from /home/airflow/.local/lib/python3.8/site-packages/airflow/example_dags/example_sensor_decorator.py
[2025-02-20T16:11:28.141+0000] {processor.py:840} INFO - DAG(s) 'example_sensor_decorator' retrieved from /home/airflow/.local/lib/python3.8/site-packages/airflow/example_dags/example_sensor_decorator.py
[2025-02-20T16:11:28.198+0000] {logging_mixin.py:188} INFO - [2025-02-20T16:11:28.198+0000] {dag.py:3036} INFO - Sync 1 DAGs
[2025-02-20T16:11:28.236+0000] {logging_mixin.py:188} INFO - [2025-02-20T16:11:28.235+0000] {dag.py:3823} INFO - Setting next_dagrun for example_sensor_decorator to None, run_after=None
[2025-02-20T16:11:28.274+0000] {processor.py:183} INFO - Processing /home/airflow/.local/lib/python3.8/site-packages/airflow/example_dags/example_sensor_decorator.py took 0.163 seconds
[2025-02-20T16:11:58.702+0000] {processor.py:161} INFO - Started process (PID=3414) to work on /home/airflow/.local/lib/python3.8/site-packages/airflow/example_dags/example_sensor_decorator.py
[2025-02-20T16:11:58.704+0000] {processor.py:830} INFO - Processing file /home/airflow/.local/lib/python3.8/site-packages/airflow/example_dags/example_sensor_decorator.py for tasks to queue
[2025-02-20T16:11:58.707+0000] {logging_mixin.py:188} INFO - [2025-02-20T16:11:58.707+0000] {dagbag.py:538} INFO - Filling up the DagBag from /home/airflow/.local/lib/python3.8/site-packages/airflow/example_dags/example_sensor_decorator.py
[2025-02-20T16:11:58.718+0000] {processor.py:840} INFO - DAG(s) 'example_sensor_decorator' retrieved from /home/airflow/.local/lib/python3.8/site-packages/airflow/example_dags/example_sensor_decorator.py
[2025-02-20T16:11:58.748+0000] {logging_mixin.py:188} INFO - [2025-02-20T16:11:58.748+0000] {dag.py:3036} INFO - Sync 1 DAGs
[2025-02-20T16:11:58.764+0000] {logging_mixin.py:188} INFO - [2025-02-20T16:11:58.763+0000] {dag.py:3823} INFO - Setting next_dagrun for example_sensor_decorator to None, run_after=None
[2025-02-20T16:11:58.787+0000] {processor.py:183} INFO - Processing /home/airflow/.local/lib/python3.8/site-packages/airflow/example_dags/example_sensor_decorator.py took 0.090 seconds
[2025-02-20T18:12:12.085+0000] {processor.py:161} INFO - Started process (PID=3456) to work on /home/airflow/.local/lib/python3.8/site-packages/airflow/example_dags/example_sensor_decorator.py
[2025-02-20T18:12:12.086+0000] {processor.py:830} INFO - Processing file /home/airflow/.local/lib/python3.8/site-packages/airflow/example_dags/example_sensor_decorator.py for tasks to queue
[2025-02-20T18:12:12.111+0000] {logging_mixin.py:188} INFO - [2025-02-20T18:12:12.111+0000] {dagbag.py:538} INFO - Filling up the DagBag from /home/airflow/.local/lib/python3.8/site-packages/airflow/example_dags/example_sensor_decorator.py
[2025-02-20T18:12:12.138+0000] {processor.py:840} INFO - DAG(s) 'example_sensor_decorator' retrieved from /home/airflow/.local/lib/python3.8/site-packages/airflow/example_dags/example_sensor_decorator.py
[2025-02-20T18:12:12.201+0000] {logging_mixin.py:188} INFO - [2025-02-20T18:12:12.201+0000] {dag.py:3036} INFO - Sync 1 DAGs
[2025-02-20T18:12:12.228+0000] {logging_mixin.py:188} INFO - [2025-02-20T18:12:12.228+0000] {dag.py:3823} INFO - Setting next_dagrun for example_sensor_decorator to None, run_after=None
[2025-02-20T18:12:12.403+0000] {processor.py:183} INFO - Processing /home/airflow/.local/lib/python3.8/site-packages/airflow/example_dags/example_sensor_decorator.py took 0.324 seconds
[2025-02-20T18:12:42.610+0000] {processor.py:161} INFO - Started process (PID=3513) to work on /home/airflow/.local/lib/python3.8/site-packages/airflow/example_dags/example_sensor_decorator.py
[2025-02-20T18:12:42.612+0000] {processor.py:830} INFO - Processing file /home/airflow/.local/lib/python3.8/site-packages/airflow/example_dags/example_sensor_decorator.py for tasks to queue
[2025-02-20T18:12:42.615+0000] {logging_mixin.py:188} INFO - [2025-02-20T18:12:42.614+0000] {dagbag.py:538} INFO - Filling up the DagBag from /home/airflow/.local/lib/python3.8/site-packages/airflow/example_dags/example_sensor_decorator.py
[2025-02-20T18:12:42.623+0000] {processor.py:840} INFO - DAG(s) 'example_sensor_decorator' retrieved from /home/airflow/.local/lib/python3.8/site-packages/airflow/example_dags/example_sensor_decorator.py
[2025-02-20T18:12:42.653+0000] {logging_mixin.py:188} INFO - [2025-02-20T18:12:42.653+0000] {dag.py:3036} INFO - Sync 1 DAGs
[2025-02-20T18:12:42.670+0000] {logging_mixin.py:188} INFO - [2025-02-20T18:12:42.670+0000] {dag.py:3823} INFO - Setting next_dagrun for example_sensor_decorator to None, run_after=None
[2025-02-20T18:12:42.706+0000] {processor.py:183} INFO - Processing /home/airflow/.local/lib/python3.8/site-packages/airflow/example_dags/example_sensor_decorator.py took 0.100 seconds
[2025-02-20T20:05:30.994+0000] {processor.py:161} INFO - Started process (PID=3568) to work on /home/airflow/.local/lib/python3.8/site-packages/airflow/example_dags/example_sensor_decorator.py
[2025-02-20T20:05:30.996+0000] {processor.py:830} INFO - Processing file /home/airflow/.local/lib/python3.8/site-packages/airflow/example_dags/example_sensor_decorator.py for tasks to queue
[2025-02-20T20:05:31.003+0000] {logging_mixin.py:188} INFO - [2025-02-20T20:05:31.002+0000] {dagbag.py:538} INFO - Filling up the DagBag from /home/airflow/.local/lib/python3.8/site-packages/airflow/example_dags/example_sensor_decorator.py
[2025-02-20T20:05:31.023+0000] {processor.py:840} INFO - DAG(s) 'example_sensor_decorator' retrieved from /home/airflow/.local/lib/python3.8/site-packages/airflow/example_dags/example_sensor_decorator.py
[2025-02-20T20:05:31.196+0000] {logging_mixin.py:188} INFO - [2025-02-20T20:05:31.196+0000] {dag.py:3036} INFO - Sync 1 DAGs
[2025-02-20T20:05:31.226+0000] {logging_mixin.py:188} INFO - [2025-02-20T20:05:31.224+0000] {dag.py:3823} INFO - Setting next_dagrun for example_sensor_decorator to None, run_after=None
[2025-02-20T20:05:31.333+0000] {processor.py:183} INFO - Processing /home/airflow/.local/lib/python3.8/site-packages/airflow/example_dags/example_sensor_decorator.py took 0.350 seconds
[2025-02-20T20:06:02.078+0000] {processor.py:161} INFO - Started process (PID=3633) to work on /home/airflow/.local/lib/python3.8/site-packages/airflow/example_dags/example_sensor_decorator.py
[2025-02-20T20:06:02.081+0000] {processor.py:830} INFO - Processing file /home/airflow/.local/lib/python3.8/site-packages/airflow/example_dags/example_sensor_decorator.py for tasks to queue
[2025-02-20T20:06:02.085+0000] {logging_mixin.py:188} INFO - [2025-02-20T20:06:02.084+0000] {dagbag.py:538} INFO - Filling up the DagBag from /home/airflow/.local/lib/python3.8/site-packages/airflow/example_dags/example_sensor_decorator.py
[2025-02-20T20:06:02.101+0000] {processor.py:840} INFO - DAG(s) 'example_sensor_decorator' retrieved from /home/airflow/.local/lib/python3.8/site-packages/airflow/example_dags/example_sensor_decorator.py
[2025-02-20T20:06:02.136+0000] {logging_mixin.py:188} INFO - [2025-02-20T20:06:02.136+0000] {dag.py:3036} INFO - Sync 1 DAGs
[2025-02-20T20:06:02.172+0000] {logging_mixin.py:188} INFO - [2025-02-20T20:06:02.172+0000] {dag.py:3823} INFO - Setting next_dagrun for example_sensor_decorator to None, run_after=None
[2025-02-20T20:06:02.205+0000] {processor.py:183} INFO - Processing /home/airflow/.local/lib/python3.8/site-packages/airflow/example_dags/example_sensor_decorator.py took 0.134 seconds
[2025-02-20T20:18:55.698+0000] {processor.py:161} INFO - Started process (PID=3660) to work on /home/airflow/.local/lib/python3.8/site-packages/airflow/example_dags/example_sensor_decorator.py
[2025-02-20T20:18:55.700+0000] {processor.py:830} INFO - Processing file /home/airflow/.local/lib/python3.8/site-packages/airflow/example_dags/example_sensor_decorator.py for tasks to queue
[2025-02-20T20:18:55.706+0000] {logging_mixin.py:188} INFO - [2025-02-20T20:18:55.705+0000] {dagbag.py:538} INFO - Filling up the DagBag from /home/airflow/.local/lib/python3.8/site-packages/airflow/example_dags/example_sensor_decorator.py
[2025-02-20T20:18:55.720+0000] {processor.py:840} INFO - DAG(s) 'example_sensor_decorator' retrieved from /home/airflow/.local/lib/python3.8/site-packages/airflow/example_dags/example_sensor_decorator.py
[2025-02-20T20:18:55.796+0000] {logging_mixin.py:188} INFO - [2025-02-20T20:18:55.795+0000] {dag.py:3036} INFO - Sync 1 DAGs
[2025-02-20T20:18:55.820+0000] {logging_mixin.py:188} INFO - [2025-02-20T20:18:55.819+0000] {dag.py:3823} INFO - Setting next_dagrun for example_sensor_decorator to None, run_after=None
[2025-02-20T20:18:55.862+0000] {processor.py:183} INFO - Processing /home/airflow/.local/lib/python3.8/site-packages/airflow/example_dags/example_sensor_decorator.py took 0.170 seconds
[2025-02-20T20:19:26.365+0000] {processor.py:161} INFO - Started process (PID=3717) to work on /home/airflow/.local/lib/python3.8/site-packages/airflow/example_dags/example_sensor_decorator.py
[2025-02-20T20:19:26.369+0000] {processor.py:830} INFO - Processing file /home/airflow/.local/lib/python3.8/site-packages/airflow/example_dags/example_sensor_decorator.py for tasks to queue
[2025-02-20T20:19:26.374+0000] {logging_mixin.py:188} INFO - [2025-02-20T20:19:26.373+0000] {dagbag.py:538} INFO - Filling up the DagBag from /home/airflow/.local/lib/python3.8/site-packages/airflow/example_dags/example_sensor_decorator.py
[2025-02-20T20:19:26.390+0000] {processor.py:840} INFO - DAG(s) 'example_sensor_decorator' retrieved from /home/airflow/.local/lib/python3.8/site-packages/airflow/example_dags/example_sensor_decorator.py
[2025-02-20T20:19:26.427+0000] {logging_mixin.py:188} INFO - [2025-02-20T20:19:26.425+0000] {dag.py:3036} INFO - Sync 1 DAGs
[2025-02-20T20:19:26.463+0000] {logging_mixin.py:188} INFO - [2025-02-20T20:19:26.463+0000] {dag.py:3823} INFO - Setting next_dagrun for example_sensor_decorator to None, run_after=None
[2025-02-20T20:19:26.486+0000] {processor.py:183} INFO - Processing /home/airflow/.local/lib/python3.8/site-packages/airflow/example_dags/example_sensor_decorator.py took 0.127 seconds
[2025-02-20T22:14:22.668+0000] {processor.py:161} INFO - Started process (PID=3758) to work on /home/airflow/.local/lib/python3.8/site-packages/airflow/example_dags/example_sensor_decorator.py
[2025-02-20T22:14:22.688+0000] {processor.py:830} INFO - Processing file /home/airflow/.local/lib/python3.8/site-packages/airflow/example_dags/example_sensor_decorator.py for tasks to queue
[2025-02-20T22:14:22.703+0000] {logging_mixin.py:188} INFO - [2025-02-20T22:14:22.702+0000] {dagbag.py:538} INFO - Filling up the DagBag from /home/airflow/.local/lib/python3.8/site-packages/airflow/example_dags/example_sensor_decorator.py
[2025-02-20T22:14:22.759+0000] {processor.py:840} INFO - DAG(s) 'example_sensor_decorator' retrieved from /home/airflow/.local/lib/python3.8/site-packages/airflow/example_dags/example_sensor_decorator.py
[2025-02-20T22:14:22.907+0000] {logging_mixin.py:188} INFO - [2025-02-20T22:14:22.905+0000] {dag.py:3036} INFO - Sync 1 DAGs
[2025-02-20T22:14:22.932+0000] {logging_mixin.py:188} INFO - [2025-02-20T22:14:22.931+0000] {dag.py:3823} INFO - Setting next_dagrun for example_sensor_decorator to None, run_after=None
[2025-02-20T22:14:22.970+0000] {processor.py:183} INFO - Processing /home/airflow/.local/lib/python3.8/site-packages/airflow/example_dags/example_sensor_decorator.py took 0.314 seconds
