[2025-02-20T13:45:56.747+0000] {processor.py:161} INFO - Started process (PID=86) to work on /home/airflow/.local/lib/python3.8/site-packages/airflow/example_dags/example_task_group.py
[2025-02-20T13:45:56.749+0000] {processor.py:830} INFO - Processing file /home/airflow/.local/lib/python3.8/site-packages/airflow/example_dags/example_task_group.py for tasks to queue
[2025-02-20T13:45:56.756+0000] {logging_mixin.py:188} INFO - [2025-02-20T13:45:56.756+0000] {dagbag.py:538} INFO - Filling up the DagBag from /home/airflow/.local/lib/python3.8/site-packages/airflow/example_dags/example_task_group.py
[2025-02-20T13:45:56.894+0000] {processor.py:840} INFO - DAG(s) 'example_task_group' retrieved from /home/airflow/.local/lib/python3.8/site-packages/airflow/example_dags/example_task_group.py
[2025-02-20T13:45:57.178+0000] {logging_mixin.py:188} INFO - [2025-02-20T13:45:57.178+0000] {dag.py:3036} INFO - Sync 1 DAGs
[2025-02-20T13:45:57.315+0000] {logging_mixin.py:188} INFO - [2025-02-20T13:45:57.315+0000] {dag.py:3823} INFO - Setting next_dagrun for example_task_group to 2025-02-19 00:00:00+00:00, run_after=2025-02-20 00:00:00+00:00
[2025-02-20T13:45:57.408+0000] {processor.py:183} INFO - Processing /home/airflow/.local/lib/python3.8/site-packages/airflow/example_dags/example_task_group.py took 0.699 seconds
[2025-02-20T13:46:27.967+0000] {processor.py:161} INFO - Started process (PID=151) to work on /home/airflow/.local/lib/python3.8/site-packages/airflow/example_dags/example_task_group.py
[2025-02-20T13:46:27.971+0000] {processor.py:830} INFO - Processing file /home/airflow/.local/lib/python3.8/site-packages/airflow/example_dags/example_task_group.py for tasks to queue
[2025-02-20T13:46:27.980+0000] {logging_mixin.py:188} INFO - [2025-02-20T13:46:27.980+0000] {dagbag.py:538} INFO - Filling up the DagBag from /home/airflow/.local/lib/python3.8/site-packages/airflow/example_dags/example_task_group.py
[2025-02-20T13:46:28.013+0000] {processor.py:840} INFO - DAG(s) 'example_task_group' retrieved from /home/airflow/.local/lib/python3.8/site-packages/airflow/example_dags/example_task_group.py
[2025-02-20T13:46:28.086+0000] {logging_mixin.py:188} INFO - [2025-02-20T13:46:28.086+0000] {dag.py:3036} INFO - Sync 1 DAGs
[2025-02-20T13:46:28.131+0000] {logging_mixin.py:188} INFO - [2025-02-20T13:46:28.129+0000] {dag.py:3823} INFO - Setting next_dagrun for example_task_group to 2025-02-19 00:00:00+00:00, run_after=2025-02-20 00:00:00+00:00
[2025-02-20T13:46:28.196+0000] {processor.py:183} INFO - Processing /home/airflow/.local/lib/python3.8/site-packages/airflow/example_dags/example_task_group.py took 0.243 seconds
[2025-02-20T13:46:58.768+0000] {processor.py:161} INFO - Started process (PID=216) to work on /home/airflow/.local/lib/python3.8/site-packages/airflow/example_dags/example_task_group.py
[2025-02-20T13:46:58.769+0000] {processor.py:830} INFO - Processing file /home/airflow/.local/lib/python3.8/site-packages/airflow/example_dags/example_task_group.py for tasks to queue
[2025-02-20T13:46:58.772+0000] {logging_mixin.py:188} INFO - [2025-02-20T13:46:58.772+0000] {dagbag.py:538} INFO - Filling up the DagBag from /home/airflow/.local/lib/python3.8/site-packages/airflow/example_dags/example_task_group.py
[2025-02-20T13:46:58.784+0000] {processor.py:840} INFO - DAG(s) 'example_task_group' retrieved from /home/airflow/.local/lib/python3.8/site-packages/airflow/example_dags/example_task_group.py
[2025-02-20T13:46:58.828+0000] {logging_mixin.py:188} INFO - [2025-02-20T13:46:58.828+0000] {dag.py:3036} INFO - Sync 1 DAGs
[2025-02-20T13:46:58.871+0000] {logging_mixin.py:188} INFO - [2025-02-20T13:46:58.871+0000] {dag.py:3823} INFO - Setting next_dagrun for example_task_group to 2025-02-19 00:00:00+00:00, run_after=2025-02-20 00:00:00+00:00
[2025-02-20T13:46:58.912+0000] {processor.py:183} INFO - Processing /home/airflow/.local/lib/python3.8/site-packages/airflow/example_dags/example_task_group.py took 0.148 seconds
[2025-02-20T13:47:29.219+0000] {processor.py:161} INFO - Started process (PID=282) to work on /home/airflow/.local/lib/python3.8/site-packages/airflow/example_dags/example_task_group.py
[2025-02-20T13:47:29.224+0000] {processor.py:830} INFO - Processing file /home/airflow/.local/lib/python3.8/site-packages/airflow/example_dags/example_task_group.py for tasks to queue
[2025-02-20T13:47:29.232+0000] {logging_mixin.py:188} INFO - [2025-02-20T13:47:29.231+0000] {dagbag.py:538} INFO - Filling up the DagBag from /home/airflow/.local/lib/python3.8/site-packages/airflow/example_dags/example_task_group.py
[2025-02-20T13:47:29.254+0000] {processor.py:840} INFO - DAG(s) 'example_task_group' retrieved from /home/airflow/.local/lib/python3.8/site-packages/airflow/example_dags/example_task_group.py
[2025-02-20T13:47:29.322+0000] {logging_mixin.py:188} INFO - [2025-02-20T13:47:29.321+0000] {dag.py:3036} INFO - Sync 1 DAGs
[2025-02-20T13:47:29.393+0000] {logging_mixin.py:188} INFO - [2025-02-20T13:47:29.393+0000] {dag.py:3823} INFO - Setting next_dagrun for example_task_group to 2025-02-19 00:00:00+00:00, run_after=2025-02-20 00:00:00+00:00
[2025-02-20T13:47:29.447+0000] {processor.py:183} INFO - Processing /home/airflow/.local/lib/python3.8/site-packages/airflow/example_dags/example_task_group.py took 0.236 seconds
[2025-02-20T13:48:00.060+0000] {processor.py:161} INFO - Started process (PID=346) to work on /home/airflow/.local/lib/python3.8/site-packages/airflow/example_dags/example_task_group.py
[2025-02-20T13:48:00.064+0000] {processor.py:830} INFO - Processing file /home/airflow/.local/lib/python3.8/site-packages/airflow/example_dags/example_task_group.py for tasks to queue
[2025-02-20T13:48:00.072+0000] {logging_mixin.py:188} INFO - [2025-02-20T13:48:00.072+0000] {dagbag.py:538} INFO - Filling up the DagBag from /home/airflow/.local/lib/python3.8/site-packages/airflow/example_dags/example_task_group.py
[2025-02-20T13:48:00.093+0000] {processor.py:840} INFO - DAG(s) 'example_task_group' retrieved from /home/airflow/.local/lib/python3.8/site-packages/airflow/example_dags/example_task_group.py
[2025-02-20T13:48:00.188+0000] {logging_mixin.py:188} INFO - [2025-02-20T13:48:00.188+0000] {dag.py:3036} INFO - Sync 1 DAGs
[2025-02-20T13:48:00.245+0000] {logging_mixin.py:188} INFO - [2025-02-20T13:48:00.245+0000] {dag.py:3823} INFO - Setting next_dagrun for example_task_group to 2025-02-19 00:00:00+00:00, run_after=2025-02-20 00:00:00+00:00
[2025-02-20T13:48:00.303+0000] {processor.py:183} INFO - Processing /home/airflow/.local/lib/python3.8/site-packages/airflow/example_dags/example_task_group.py took 0.263 seconds
[2025-02-20T13:48:30.638+0000] {processor.py:161} INFO - Started process (PID=410) to work on /home/airflow/.local/lib/python3.8/site-packages/airflow/example_dags/example_task_group.py
[2025-02-20T13:48:30.643+0000] {processor.py:830} INFO - Processing file /home/airflow/.local/lib/python3.8/site-packages/airflow/example_dags/example_task_group.py for tasks to queue
[2025-02-20T13:48:30.647+0000] {logging_mixin.py:188} INFO - [2025-02-20T13:48:30.646+0000] {dagbag.py:538} INFO - Filling up the DagBag from /home/airflow/.local/lib/python3.8/site-packages/airflow/example_dags/example_task_group.py
[2025-02-20T13:48:30.667+0000] {processor.py:840} INFO - DAG(s) 'example_task_group' retrieved from /home/airflow/.local/lib/python3.8/site-packages/airflow/example_dags/example_task_group.py
[2025-02-20T13:48:30.735+0000] {logging_mixin.py:188} INFO - [2025-02-20T13:48:30.732+0000] {dag.py:3036} INFO - Sync 1 DAGs
[2025-02-20T13:48:30.827+0000] {logging_mixin.py:188} INFO - [2025-02-20T13:48:30.827+0000] {dag.py:3823} INFO - Setting next_dagrun for example_task_group to 2025-02-19 00:00:00+00:00, run_after=2025-02-20 00:00:00+00:00
[2025-02-20T13:48:30.877+0000] {processor.py:183} INFO - Processing /home/airflow/.local/lib/python3.8/site-packages/airflow/example_dags/example_task_group.py took 0.252 seconds
[2025-02-20T13:49:01.433+0000] {processor.py:161} INFO - Started process (PID=475) to work on /home/airflow/.local/lib/python3.8/site-packages/airflow/example_dags/example_task_group.py
[2025-02-20T13:49:01.436+0000] {processor.py:830} INFO - Processing file /home/airflow/.local/lib/python3.8/site-packages/airflow/example_dags/example_task_group.py for tasks to queue
[2025-02-20T13:49:01.440+0000] {logging_mixin.py:188} INFO - [2025-02-20T13:49:01.440+0000] {dagbag.py:538} INFO - Filling up the DagBag from /home/airflow/.local/lib/python3.8/site-packages/airflow/example_dags/example_task_group.py
[2025-02-20T13:49:01.458+0000] {processor.py:840} INFO - DAG(s) 'example_task_group' retrieved from /home/airflow/.local/lib/python3.8/site-packages/airflow/example_dags/example_task_group.py
[2025-02-20T13:49:01.521+0000] {logging_mixin.py:188} INFO - [2025-02-20T13:49:01.521+0000] {dag.py:3036} INFO - Sync 1 DAGs
[2025-02-20T13:49:01.569+0000] {logging_mixin.py:188} INFO - [2025-02-20T13:49:01.568+0000] {dag.py:3823} INFO - Setting next_dagrun for example_task_group to 2025-02-19 00:00:00+00:00, run_after=2025-02-20 00:00:00+00:00
[2025-02-20T13:49:01.618+0000] {processor.py:183} INFO - Processing /home/airflow/.local/lib/python3.8/site-packages/airflow/example_dags/example_task_group.py took 0.192 seconds
[2025-02-20T13:49:32.033+0000] {processor.py:161} INFO - Started process (PID=532) to work on /home/airflow/.local/lib/python3.8/site-packages/airflow/example_dags/example_task_group.py
[2025-02-20T13:49:32.037+0000] {processor.py:830} INFO - Processing file /home/airflow/.local/lib/python3.8/site-packages/airflow/example_dags/example_task_group.py for tasks to queue
[2025-02-20T13:49:32.041+0000] {logging_mixin.py:188} INFO - [2025-02-20T13:49:32.040+0000] {dagbag.py:538} INFO - Filling up the DagBag from /home/airflow/.local/lib/python3.8/site-packages/airflow/example_dags/example_task_group.py
[2025-02-20T13:49:32.083+0000] {processor.py:840} INFO - DAG(s) 'example_task_group' retrieved from /home/airflow/.local/lib/python3.8/site-packages/airflow/example_dags/example_task_group.py
[2025-02-20T13:49:32.215+0000] {logging_mixin.py:188} INFO - [2025-02-20T13:49:32.214+0000] {dag.py:3036} INFO - Sync 1 DAGs
[2025-02-20T13:49:32.366+0000] {logging_mixin.py:188} INFO - [2025-02-20T13:49:32.365+0000] {dag.py:3823} INFO - Setting next_dagrun for example_task_group to 2025-02-19 00:00:00+00:00, run_after=2025-02-20 00:00:00+00:00
[2025-02-20T13:49:32.447+0000] {processor.py:183} INFO - Processing /home/airflow/.local/lib/python3.8/site-packages/airflow/example_dags/example_task_group.py took 0.422 seconds
[2025-02-20T13:50:02.522+0000] {processor.py:161} INFO - Started process (PID=598) to work on /home/airflow/.local/lib/python3.8/site-packages/airflow/example_dags/example_task_group.py
[2025-02-20T13:50:02.524+0000] {processor.py:830} INFO - Processing file /home/airflow/.local/lib/python3.8/site-packages/airflow/example_dags/example_task_group.py for tasks to queue
[2025-02-20T13:50:02.526+0000] {logging_mixin.py:188} INFO - [2025-02-20T13:50:02.526+0000] {dagbag.py:538} INFO - Filling up the DagBag from /home/airflow/.local/lib/python3.8/site-packages/airflow/example_dags/example_task_group.py
[2025-02-20T13:50:02.539+0000] {processor.py:840} INFO - DAG(s) 'example_task_group' retrieved from /home/airflow/.local/lib/python3.8/site-packages/airflow/example_dags/example_task_group.py
[2025-02-20T13:50:02.570+0000] {logging_mixin.py:188} INFO - [2025-02-20T13:50:02.569+0000] {dag.py:3036} INFO - Sync 1 DAGs
[2025-02-20T13:50:02.597+0000] {logging_mixin.py:188} INFO - [2025-02-20T13:50:02.597+0000] {dag.py:3823} INFO - Setting next_dagrun for example_task_group to 2025-02-19 00:00:00+00:00, run_after=2025-02-20 00:00:00+00:00
[2025-02-20T13:50:02.624+0000] {processor.py:183} INFO - Processing /home/airflow/.local/lib/python3.8/site-packages/airflow/example_dags/example_task_group.py took 0.106 seconds
[2025-02-20T13:50:33.117+0000] {processor.py:161} INFO - Started process (PID=663) to work on /home/airflow/.local/lib/python3.8/site-packages/airflow/example_dags/example_task_group.py
[2025-02-20T13:50:33.122+0000] {processor.py:830} INFO - Processing file /home/airflow/.local/lib/python3.8/site-packages/airflow/example_dags/example_task_group.py for tasks to queue
[2025-02-20T13:50:33.135+0000] {logging_mixin.py:188} INFO - [2025-02-20T13:50:33.134+0000] {dagbag.py:538} INFO - Filling up the DagBag from /home/airflow/.local/lib/python3.8/site-packages/airflow/example_dags/example_task_group.py
[2025-02-20T13:50:33.151+0000] {processor.py:840} INFO - DAG(s) 'example_task_group' retrieved from /home/airflow/.local/lib/python3.8/site-packages/airflow/example_dags/example_task_group.py
[2025-02-20T13:50:33.249+0000] {logging_mixin.py:188} INFO - [2025-02-20T13:50:33.249+0000] {dag.py:3036} INFO - Sync 1 DAGs
[2025-02-20T13:50:33.280+0000] {logging_mixin.py:188} INFO - [2025-02-20T13:50:33.279+0000] {dag.py:3823} INFO - Setting next_dagrun for example_task_group to 2025-02-19 00:00:00+00:00, run_after=2025-02-20 00:00:00+00:00
[2025-02-20T13:50:33.308+0000] {processor.py:183} INFO - Processing /home/airflow/.local/lib/python3.8/site-packages/airflow/example_dags/example_task_group.py took 0.196 seconds
[2025-02-20T13:51:03.707+0000] {processor.py:161} INFO - Started process (PID=727) to work on /home/airflow/.local/lib/python3.8/site-packages/airflow/example_dags/example_task_group.py
[2025-02-20T13:51:03.708+0000] {processor.py:830} INFO - Processing file /home/airflow/.local/lib/python3.8/site-packages/airflow/example_dags/example_task_group.py for tasks to queue
[2025-02-20T13:51:03.711+0000] {logging_mixin.py:188} INFO - [2025-02-20T13:51:03.710+0000] {dagbag.py:538} INFO - Filling up the DagBag from /home/airflow/.local/lib/python3.8/site-packages/airflow/example_dags/example_task_group.py
[2025-02-20T13:51:03.720+0000] {processor.py:840} INFO - DAG(s) 'example_task_group' retrieved from /home/airflow/.local/lib/python3.8/site-packages/airflow/example_dags/example_task_group.py
[2025-02-20T13:51:03.754+0000] {logging_mixin.py:188} INFO - [2025-02-20T13:51:03.754+0000] {dag.py:3036} INFO - Sync 1 DAGs
[2025-02-20T13:51:03.781+0000] {logging_mixin.py:188} INFO - [2025-02-20T13:51:03.781+0000] {dag.py:3823} INFO - Setting next_dagrun for example_task_group to 2025-02-19 00:00:00+00:00, run_after=2025-02-20 00:00:00+00:00
[2025-02-20T13:51:03.813+0000] {processor.py:183} INFO - Processing /home/airflow/.local/lib/python3.8/site-packages/airflow/example_dags/example_task_group.py took 0.112 seconds
[2025-02-20T13:51:34.212+0000] {processor.py:161} INFO - Started process (PID=792) to work on /home/airflow/.local/lib/python3.8/site-packages/airflow/example_dags/example_task_group.py
[2025-02-20T13:51:34.214+0000] {processor.py:830} INFO - Processing file /home/airflow/.local/lib/python3.8/site-packages/airflow/example_dags/example_task_group.py for tasks to queue
[2025-02-20T13:51:34.217+0000] {logging_mixin.py:188} INFO - [2025-02-20T13:51:34.216+0000] {dagbag.py:538} INFO - Filling up the DagBag from /home/airflow/.local/lib/python3.8/site-packages/airflow/example_dags/example_task_group.py
[2025-02-20T13:51:34.231+0000] {processor.py:840} INFO - DAG(s) 'example_task_group' retrieved from /home/airflow/.local/lib/python3.8/site-packages/airflow/example_dags/example_task_group.py
[2025-02-20T13:51:34.276+0000] {logging_mixin.py:188} INFO - [2025-02-20T13:51:34.275+0000] {dag.py:3036} INFO - Sync 1 DAGs
[2025-02-20T13:51:34.315+0000] {logging_mixin.py:188} INFO - [2025-02-20T13:51:34.315+0000] {dag.py:3823} INFO - Setting next_dagrun for example_task_group to 2025-02-19 00:00:00+00:00, run_after=2025-02-20 00:00:00+00:00
[2025-02-20T13:51:34.344+0000] {processor.py:183} INFO - Processing /home/airflow/.local/lib/python3.8/site-packages/airflow/example_dags/example_task_group.py took 0.140 seconds
[2025-02-20T13:52:04.800+0000] {processor.py:161} INFO - Started process (PID=857) to work on /home/airflow/.local/lib/python3.8/site-packages/airflow/example_dags/example_task_group.py
[2025-02-20T13:52:04.802+0000] {processor.py:830} INFO - Processing file /home/airflow/.local/lib/python3.8/site-packages/airflow/example_dags/example_task_group.py for tasks to queue
[2025-02-20T13:52:04.807+0000] {logging_mixin.py:188} INFO - [2025-02-20T13:52:04.805+0000] {dagbag.py:538} INFO - Filling up the DagBag from /home/airflow/.local/lib/python3.8/site-packages/airflow/example_dags/example_task_group.py
[2025-02-20T13:52:04.830+0000] {processor.py:840} INFO - DAG(s) 'example_task_group' retrieved from /home/airflow/.local/lib/python3.8/site-packages/airflow/example_dags/example_task_group.py
[2025-02-20T13:52:04.904+0000] {logging_mixin.py:188} INFO - [2025-02-20T13:52:04.904+0000] {dag.py:3036} INFO - Sync 1 DAGs
[2025-02-20T13:52:04.977+0000] {logging_mixin.py:188} INFO - [2025-02-20T13:52:04.977+0000] {dag.py:3823} INFO - Setting next_dagrun for example_task_group to 2025-02-19 00:00:00+00:00, run_after=2025-02-20 00:00:00+00:00
[2025-02-20T13:52:05.030+0000] {processor.py:183} INFO - Processing /home/airflow/.local/lib/python3.8/site-packages/airflow/example_dags/example_task_group.py took 0.236 seconds
[2025-02-20T13:52:35.232+0000] {processor.py:161} INFO - Started process (PID=921) to work on /home/airflow/.local/lib/python3.8/site-packages/airflow/example_dags/example_task_group.py
[2025-02-20T13:52:35.233+0000] {processor.py:830} INFO - Processing file /home/airflow/.local/lib/python3.8/site-packages/airflow/example_dags/example_task_group.py for tasks to queue
[2025-02-20T13:52:35.237+0000] {logging_mixin.py:188} INFO - [2025-02-20T13:52:35.236+0000] {dagbag.py:538} INFO - Filling up the DagBag from /home/airflow/.local/lib/python3.8/site-packages/airflow/example_dags/example_task_group.py
[2025-02-20T13:52:35.251+0000] {processor.py:840} INFO - DAG(s) 'example_task_group' retrieved from /home/airflow/.local/lib/python3.8/site-packages/airflow/example_dags/example_task_group.py
[2025-02-20T13:52:35.295+0000] {logging_mixin.py:188} INFO - [2025-02-20T13:52:35.294+0000] {dag.py:3036} INFO - Sync 1 DAGs
[2025-02-20T13:52:35.336+0000] {logging_mixin.py:188} INFO - [2025-02-20T13:52:35.335+0000] {dag.py:3823} INFO - Setting next_dagrun for example_task_group to 2025-02-19 00:00:00+00:00, run_after=2025-02-20 00:00:00+00:00
[2025-02-20T13:52:35.372+0000] {processor.py:183} INFO - Processing /home/airflow/.local/lib/python3.8/site-packages/airflow/example_dags/example_task_group.py took 0.147 seconds
[2025-02-20T13:53:05.599+0000] {processor.py:161} INFO - Started process (PID=986) to work on /home/airflow/.local/lib/python3.8/site-packages/airflow/example_dags/example_task_group.py
[2025-02-20T13:53:05.600+0000] {processor.py:830} INFO - Processing file /home/airflow/.local/lib/python3.8/site-packages/airflow/example_dags/example_task_group.py for tasks to queue
[2025-02-20T13:53:05.603+0000] {logging_mixin.py:188} INFO - [2025-02-20T13:53:05.603+0000] {dagbag.py:538} INFO - Filling up the DagBag from /home/airflow/.local/lib/python3.8/site-packages/airflow/example_dags/example_task_group.py
[2025-02-20T13:53:05.616+0000] {processor.py:840} INFO - DAG(s) 'example_task_group' retrieved from /home/airflow/.local/lib/python3.8/site-packages/airflow/example_dags/example_task_group.py
[2025-02-20T13:53:05.664+0000] {logging_mixin.py:188} INFO - [2025-02-20T13:53:05.663+0000] {dag.py:3036} INFO - Sync 1 DAGs
[2025-02-20T13:53:05.697+0000] {logging_mixin.py:188} INFO - [2025-02-20T13:53:05.696+0000] {dag.py:3823} INFO - Setting next_dagrun for example_task_group to 2025-02-19 00:00:00+00:00, run_after=2025-02-20 00:00:00+00:00
[2025-02-20T13:53:05.721+0000] {processor.py:183} INFO - Processing /home/airflow/.local/lib/python3.8/site-packages/airflow/example_dags/example_task_group.py took 0.128 seconds
[2025-02-20T13:53:36.485+0000] {processor.py:161} INFO - Started process (PID=1049) to work on /home/airflow/.local/lib/python3.8/site-packages/airflow/example_dags/example_task_group.py
[2025-02-20T13:53:36.486+0000] {processor.py:830} INFO - Processing file /home/airflow/.local/lib/python3.8/site-packages/airflow/example_dags/example_task_group.py for tasks to queue
[2025-02-20T13:53:36.490+0000] {logging_mixin.py:188} INFO - [2025-02-20T13:53:36.490+0000] {dagbag.py:538} INFO - Filling up the DagBag from /home/airflow/.local/lib/python3.8/site-packages/airflow/example_dags/example_task_group.py
[2025-02-20T13:53:36.500+0000] {processor.py:840} INFO - DAG(s) 'example_task_group' retrieved from /home/airflow/.local/lib/python3.8/site-packages/airflow/example_dags/example_task_group.py
[2025-02-20T13:53:36.531+0000] {logging_mixin.py:188} INFO - [2025-02-20T13:53:36.530+0000] {dag.py:3036} INFO - Sync 1 DAGs
[2025-02-20T13:53:36.559+0000] {logging_mixin.py:188} INFO - [2025-02-20T13:53:36.559+0000] {dag.py:3823} INFO - Setting next_dagrun for example_task_group to 2025-02-19 00:00:00+00:00, run_after=2025-02-20 00:00:00+00:00
[2025-02-20T13:53:36.583+0000] {processor.py:183} INFO - Processing /home/airflow/.local/lib/python3.8/site-packages/airflow/example_dags/example_task_group.py took 0.102 seconds
[2025-02-20T13:54:07.549+0000] {processor.py:161} INFO - Started process (PID=1122) to work on /home/airflow/.local/lib/python3.8/site-packages/airflow/example_dags/example_task_group.py
[2025-02-20T13:54:07.551+0000] {processor.py:830} INFO - Processing file /home/airflow/.local/lib/python3.8/site-packages/airflow/example_dags/example_task_group.py for tasks to queue
[2025-02-20T13:54:07.554+0000] {logging_mixin.py:188} INFO - [2025-02-20T13:54:07.553+0000] {dagbag.py:538} INFO - Filling up the DagBag from /home/airflow/.local/lib/python3.8/site-packages/airflow/example_dags/example_task_group.py
[2025-02-20T13:54:07.566+0000] {processor.py:840} INFO - DAG(s) 'example_task_group' retrieved from /home/airflow/.local/lib/python3.8/site-packages/airflow/example_dags/example_task_group.py
[2025-02-20T13:54:07.607+0000] {logging_mixin.py:188} INFO - [2025-02-20T13:54:07.606+0000] {dag.py:3036} INFO - Sync 1 DAGs
[2025-02-20T13:54:07.649+0000] {logging_mixin.py:188} INFO - [2025-02-20T13:54:07.649+0000] {dag.py:3823} INFO - Setting next_dagrun for example_task_group to 2025-02-19 00:00:00+00:00, run_after=2025-02-20 00:00:00+00:00
[2025-02-20T13:54:07.681+0000] {processor.py:183} INFO - Processing /home/airflow/.local/lib/python3.8/site-packages/airflow/example_dags/example_task_group.py took 0.137 seconds
[2025-02-20T13:54:38.607+0000] {processor.py:161} INFO - Started process (PID=1187) to work on /home/airflow/.local/lib/python3.8/site-packages/airflow/example_dags/example_task_group.py
[2025-02-20T13:54:38.609+0000] {processor.py:830} INFO - Processing file /home/airflow/.local/lib/python3.8/site-packages/airflow/example_dags/example_task_group.py for tasks to queue
[2025-02-20T13:54:38.611+0000] {logging_mixin.py:188} INFO - [2025-02-20T13:54:38.611+0000] {dagbag.py:538} INFO - Filling up the DagBag from /home/airflow/.local/lib/python3.8/site-packages/airflow/example_dags/example_task_group.py
[2025-02-20T13:54:38.623+0000] {processor.py:840} INFO - DAG(s) 'example_task_group' retrieved from /home/airflow/.local/lib/python3.8/site-packages/airflow/example_dags/example_task_group.py
[2025-02-20T13:54:38.666+0000] {logging_mixin.py:188} INFO - [2025-02-20T13:54:38.666+0000] {dag.py:3036} INFO - Sync 1 DAGs
[2025-02-20T13:54:38.706+0000] {logging_mixin.py:188} INFO - [2025-02-20T13:54:38.705+0000] {dag.py:3823} INFO - Setting next_dagrun for example_task_group to 2025-02-19 00:00:00+00:00, run_after=2025-02-20 00:00:00+00:00
[2025-02-20T13:54:38.749+0000] {processor.py:183} INFO - Processing /home/airflow/.local/lib/python3.8/site-packages/airflow/example_dags/example_task_group.py took 0.148 seconds
[2025-02-20T13:55:08.994+0000] {processor.py:161} INFO - Started process (PID=1252) to work on /home/airflow/.local/lib/python3.8/site-packages/airflow/example_dags/example_task_group.py
[2025-02-20T13:55:08.996+0000] {processor.py:830} INFO - Processing file /home/airflow/.local/lib/python3.8/site-packages/airflow/example_dags/example_task_group.py for tasks to queue
[2025-02-20T13:55:08.999+0000] {logging_mixin.py:188} INFO - [2025-02-20T13:55:08.998+0000] {dagbag.py:538} INFO - Filling up the DagBag from /home/airflow/.local/lib/python3.8/site-packages/airflow/example_dags/example_task_group.py
[2025-02-20T13:55:09.012+0000] {processor.py:840} INFO - DAG(s) 'example_task_group' retrieved from /home/airflow/.local/lib/python3.8/site-packages/airflow/example_dags/example_task_group.py
[2025-02-20T13:55:09.056+0000] {logging_mixin.py:188} INFO - [2025-02-20T13:55:09.056+0000] {dag.py:3036} INFO - Sync 1 DAGs
[2025-02-20T13:55:09.092+0000] {logging_mixin.py:188} INFO - [2025-02-20T13:55:09.092+0000] {dag.py:3823} INFO - Setting next_dagrun for example_task_group to 2025-02-19 00:00:00+00:00, run_after=2025-02-20 00:00:00+00:00
[2025-02-20T13:55:09.124+0000] {processor.py:183} INFO - Processing /home/airflow/.local/lib/python3.8/site-packages/airflow/example_dags/example_task_group.py took 0.135 seconds
[2025-02-20T13:55:40.071+0000] {processor.py:161} INFO - Started process (PID=1317) to work on /home/airflow/.local/lib/python3.8/site-packages/airflow/example_dags/example_task_group.py
[2025-02-20T13:55:40.072+0000] {processor.py:830} INFO - Processing file /home/airflow/.local/lib/python3.8/site-packages/airflow/example_dags/example_task_group.py for tasks to queue
[2025-02-20T13:55:40.076+0000] {logging_mixin.py:188} INFO - [2025-02-20T13:55:40.075+0000] {dagbag.py:538} INFO - Filling up the DagBag from /home/airflow/.local/lib/python3.8/site-packages/airflow/example_dags/example_task_group.py
[2025-02-20T13:55:40.087+0000] {processor.py:840} INFO - DAG(s) 'example_task_group' retrieved from /home/airflow/.local/lib/python3.8/site-packages/airflow/example_dags/example_task_group.py
[2025-02-20T13:55:40.159+0000] {logging_mixin.py:188} INFO - [2025-02-20T13:55:40.158+0000] {dag.py:3036} INFO - Sync 1 DAGs
[2025-02-20T13:55:40.197+0000] {logging_mixin.py:188} INFO - [2025-02-20T13:55:40.196+0000] {dag.py:3823} INFO - Setting next_dagrun for example_task_group to 2025-02-19 00:00:00+00:00, run_after=2025-02-20 00:00:00+00:00
[2025-02-20T13:55:40.222+0000] {processor.py:183} INFO - Processing /home/airflow/.local/lib/python3.8/site-packages/airflow/example_dags/example_task_group.py took 0.156 seconds
[2025-02-20T13:56:10.357+0000] {processor.py:161} INFO - Started process (PID=1382) to work on /home/airflow/.local/lib/python3.8/site-packages/airflow/example_dags/example_task_group.py
[2025-02-20T13:56:10.359+0000] {processor.py:830} INFO - Processing file /home/airflow/.local/lib/python3.8/site-packages/airflow/example_dags/example_task_group.py for tasks to queue
[2025-02-20T13:56:10.362+0000] {logging_mixin.py:188} INFO - [2025-02-20T13:56:10.361+0000] {dagbag.py:538} INFO - Filling up the DagBag from /home/airflow/.local/lib/python3.8/site-packages/airflow/example_dags/example_task_group.py
[2025-02-20T13:56:10.370+0000] {processor.py:840} INFO - DAG(s) 'example_task_group' retrieved from /home/airflow/.local/lib/python3.8/site-packages/airflow/example_dags/example_task_group.py
[2025-02-20T13:56:10.397+0000] {logging_mixin.py:188} INFO - [2025-02-20T13:56:10.397+0000] {dag.py:3036} INFO - Sync 1 DAGs
[2025-02-20T13:56:10.426+0000] {logging_mixin.py:188} INFO - [2025-02-20T13:56:10.426+0000] {dag.py:3823} INFO - Setting next_dagrun for example_task_group to 2025-02-19 00:00:00+00:00, run_after=2025-02-20 00:00:00+00:00
[2025-02-20T13:56:10.453+0000] {processor.py:183} INFO - Processing /home/airflow/.local/lib/python3.8/site-packages/airflow/example_dags/example_task_group.py took 0.101 seconds
[2025-02-20T13:56:41.441+0000] {processor.py:161} INFO - Started process (PID=1455) to work on /home/airflow/.local/lib/python3.8/site-packages/airflow/example_dags/example_task_group.py
[2025-02-20T13:56:41.444+0000] {processor.py:830} INFO - Processing file /home/airflow/.local/lib/python3.8/site-packages/airflow/example_dags/example_task_group.py for tasks to queue
[2025-02-20T13:56:41.447+0000] {logging_mixin.py:188} INFO - [2025-02-20T13:56:41.447+0000] {dagbag.py:538} INFO - Filling up the DagBag from /home/airflow/.local/lib/python3.8/site-packages/airflow/example_dags/example_task_group.py
[2025-02-20T13:56:41.466+0000] {processor.py:840} INFO - DAG(s) 'example_task_group' retrieved from /home/airflow/.local/lib/python3.8/site-packages/airflow/example_dags/example_task_group.py
[2025-02-20T13:56:41.540+0000] {logging_mixin.py:188} INFO - [2025-02-20T13:56:41.540+0000] {dag.py:3036} INFO - Sync 1 DAGs
[2025-02-20T13:56:41.582+0000] {logging_mixin.py:188} INFO - [2025-02-20T13:56:41.582+0000] {dag.py:3823} INFO - Setting next_dagrun for example_task_group to 2025-02-19 00:00:00+00:00, run_after=2025-02-20 00:00:00+00:00
[2025-02-20T13:56:41.618+0000] {processor.py:183} INFO - Processing /home/airflow/.local/lib/python3.8/site-packages/airflow/example_dags/example_task_group.py took 0.183 seconds
[2025-02-20T13:57:11.984+0000] {processor.py:161} INFO - Started process (PID=1520) to work on /home/airflow/.local/lib/python3.8/site-packages/airflow/example_dags/example_task_group.py
[2025-02-20T13:57:11.986+0000] {processor.py:830} INFO - Processing file /home/airflow/.local/lib/python3.8/site-packages/airflow/example_dags/example_task_group.py for tasks to queue
[2025-02-20T13:57:11.991+0000] {logging_mixin.py:188} INFO - [2025-02-20T13:57:11.990+0000] {dagbag.py:538} INFO - Filling up the DagBag from /home/airflow/.local/lib/python3.8/site-packages/airflow/example_dags/example_task_group.py
[2025-02-20T13:57:12.006+0000] {processor.py:840} INFO - DAG(s) 'example_task_group' retrieved from /home/airflow/.local/lib/python3.8/site-packages/airflow/example_dags/example_task_group.py
[2025-02-20T13:57:12.057+0000] {logging_mixin.py:188} INFO - [2025-02-20T13:57:12.057+0000] {dag.py:3036} INFO - Sync 1 DAGs
[2025-02-20T13:57:12.193+0000] {logging_mixin.py:188} INFO - [2025-02-20T13:57:12.190+0000] {dag.py:3823} INFO - Setting next_dagrun for example_task_group to 2025-02-19 00:00:00+00:00, run_after=2025-02-20 00:00:00+00:00
[2025-02-20T13:57:12.335+0000] {processor.py:183} INFO - Processing /home/airflow/.local/lib/python3.8/site-packages/airflow/example_dags/example_task_group.py took 0.356 seconds
[2025-02-20T13:57:43.117+0000] {processor.py:161} INFO - Started process (PID=1584) to work on /home/airflow/.local/lib/python3.8/site-packages/airflow/example_dags/example_task_group.py
[2025-02-20T13:57:43.118+0000] {processor.py:830} INFO - Processing file /home/airflow/.local/lib/python3.8/site-packages/airflow/example_dags/example_task_group.py for tasks to queue
[2025-02-20T13:57:43.122+0000] {logging_mixin.py:188} INFO - [2025-02-20T13:57:43.121+0000] {dagbag.py:538} INFO - Filling up the DagBag from /home/airflow/.local/lib/python3.8/site-packages/airflow/example_dags/example_task_group.py
[2025-02-20T13:57:43.141+0000] {processor.py:840} INFO - DAG(s) 'example_task_group' retrieved from /home/airflow/.local/lib/python3.8/site-packages/airflow/example_dags/example_task_group.py
[2025-02-20T13:57:43.193+0000] {logging_mixin.py:188} INFO - [2025-02-20T13:57:43.193+0000] {dag.py:3036} INFO - Sync 1 DAGs
[2025-02-20T13:57:43.237+0000] {logging_mixin.py:188} INFO - [2025-02-20T13:57:43.236+0000] {dag.py:3823} INFO - Setting next_dagrun for example_task_group to 2025-02-19 00:00:00+00:00, run_after=2025-02-20 00:00:00+00:00
[2025-02-20T13:57:43.278+0000] {processor.py:183} INFO - Processing /home/airflow/.local/lib/python3.8/site-packages/airflow/example_dags/example_task_group.py took 0.167 seconds
[2025-02-20T13:58:13.969+0000] {processor.py:161} INFO - Started process (PID=1649) to work on /home/airflow/.local/lib/python3.8/site-packages/airflow/example_dags/example_task_group.py
[2025-02-20T13:58:13.970+0000] {processor.py:830} INFO - Processing file /home/airflow/.local/lib/python3.8/site-packages/airflow/example_dags/example_task_group.py for tasks to queue
[2025-02-20T13:58:13.975+0000] {logging_mixin.py:188} INFO - [2025-02-20T13:58:13.974+0000] {dagbag.py:538} INFO - Filling up the DagBag from /home/airflow/.local/lib/python3.8/site-packages/airflow/example_dags/example_task_group.py
[2025-02-20T13:58:13.990+0000] {processor.py:840} INFO - DAG(s) 'example_task_group' retrieved from /home/airflow/.local/lib/python3.8/site-packages/airflow/example_dags/example_task_group.py
[2025-02-20T13:58:14.035+0000] {logging_mixin.py:188} INFO - [2025-02-20T13:58:14.035+0000] {dag.py:3036} INFO - Sync 1 DAGs
[2025-02-20T13:58:14.075+0000] {logging_mixin.py:188} INFO - [2025-02-20T13:58:14.075+0000] {dag.py:3823} INFO - Setting next_dagrun for example_task_group to 2025-02-19 00:00:00+00:00, run_after=2025-02-20 00:00:00+00:00
[2025-02-20T13:58:14.118+0000] {processor.py:183} INFO - Processing /home/airflow/.local/lib/python3.8/site-packages/airflow/example_dags/example_task_group.py took 0.155 seconds
[2025-02-20T13:58:44.516+0000] {processor.py:161} INFO - Started process (PID=1713) to work on /home/airflow/.local/lib/python3.8/site-packages/airflow/example_dags/example_task_group.py
[2025-02-20T13:58:44.518+0000] {processor.py:830} INFO - Processing file /home/airflow/.local/lib/python3.8/site-packages/airflow/example_dags/example_task_group.py for tasks to queue
[2025-02-20T13:58:44.521+0000] {logging_mixin.py:188} INFO - [2025-02-20T13:58:44.520+0000] {dagbag.py:538} INFO - Filling up the DagBag from /home/airflow/.local/lib/python3.8/site-packages/airflow/example_dags/example_task_group.py
[2025-02-20T13:58:44.538+0000] {processor.py:840} INFO - DAG(s) 'example_task_group' retrieved from /home/airflow/.local/lib/python3.8/site-packages/airflow/example_dags/example_task_group.py
[2025-02-20T13:58:44.586+0000] {logging_mixin.py:188} INFO - [2025-02-20T13:58:44.586+0000] {dag.py:3036} INFO - Sync 1 DAGs
[2025-02-20T13:58:44.628+0000] {logging_mixin.py:188} INFO - [2025-02-20T13:58:44.628+0000] {dag.py:3823} INFO - Setting next_dagrun for example_task_group to 2025-02-19 00:00:00+00:00, run_after=2025-02-20 00:00:00+00:00
[2025-02-20T13:58:44.674+0000] {processor.py:183} INFO - Processing /home/airflow/.local/lib/python3.8/site-packages/airflow/example_dags/example_task_group.py took 0.166 seconds
[2025-02-20T13:59:15.041+0000] {processor.py:161} INFO - Started process (PID=1778) to work on /home/airflow/.local/lib/python3.8/site-packages/airflow/example_dags/example_task_group.py
[2025-02-20T13:59:15.043+0000] {processor.py:830} INFO - Processing file /home/airflow/.local/lib/python3.8/site-packages/airflow/example_dags/example_task_group.py for tasks to queue
[2025-02-20T13:59:15.046+0000] {logging_mixin.py:188} INFO - [2025-02-20T13:59:15.045+0000] {dagbag.py:538} INFO - Filling up the DagBag from /home/airflow/.local/lib/python3.8/site-packages/airflow/example_dags/example_task_group.py
[2025-02-20T13:59:15.059+0000] {processor.py:840} INFO - DAG(s) 'example_task_group' retrieved from /home/airflow/.local/lib/python3.8/site-packages/airflow/example_dags/example_task_group.py
[2025-02-20T13:59:15.100+0000] {logging_mixin.py:188} INFO - [2025-02-20T13:59:15.099+0000] {dag.py:3036} INFO - Sync 1 DAGs
[2025-02-20T13:59:15.136+0000] {logging_mixin.py:188} INFO - [2025-02-20T13:59:15.136+0000] {dag.py:3823} INFO - Setting next_dagrun for example_task_group to 2025-02-19 00:00:00+00:00, run_after=2025-02-20 00:00:00+00:00
[2025-02-20T13:59:15.175+0000] {processor.py:183} INFO - Processing /home/airflow/.local/lib/python3.8/site-packages/airflow/example_dags/example_task_group.py took 0.140 seconds
[2025-02-20T13:59:45.625+0000] {processor.py:161} INFO - Started process (PID=1842) to work on /home/airflow/.local/lib/python3.8/site-packages/airflow/example_dags/example_task_group.py
[2025-02-20T13:59:45.629+0000] {processor.py:830} INFO - Processing file /home/airflow/.local/lib/python3.8/site-packages/airflow/example_dags/example_task_group.py for tasks to queue
[2025-02-20T13:59:45.633+0000] {logging_mixin.py:188} INFO - [2025-02-20T13:59:45.632+0000] {dagbag.py:538} INFO - Filling up the DagBag from /home/airflow/.local/lib/python3.8/site-packages/airflow/example_dags/example_task_group.py
[2025-02-20T13:59:45.644+0000] {processor.py:840} INFO - DAG(s) 'example_task_group' retrieved from /home/airflow/.local/lib/python3.8/site-packages/airflow/example_dags/example_task_group.py
[2025-02-20T13:59:45.690+0000] {logging_mixin.py:188} INFO - [2025-02-20T13:59:45.690+0000] {dag.py:3036} INFO - Sync 1 DAGs
[2025-02-20T13:59:45.727+0000] {logging_mixin.py:188} INFO - [2025-02-20T13:59:45.727+0000] {dag.py:3823} INFO - Setting next_dagrun for example_task_group to 2025-02-19 00:00:00+00:00, run_after=2025-02-20 00:00:00+00:00
[2025-02-20T13:59:45.771+0000] {processor.py:183} INFO - Processing /home/airflow/.local/lib/python3.8/site-packages/airflow/example_dags/example_task_group.py took 0.153 seconds
[2025-02-20T14:00:16.381+0000] {processor.py:161} INFO - Started process (PID=1907) to work on /home/airflow/.local/lib/python3.8/site-packages/airflow/example_dags/example_task_group.py
[2025-02-20T14:00:16.383+0000] {processor.py:830} INFO - Processing file /home/airflow/.local/lib/python3.8/site-packages/airflow/example_dags/example_task_group.py for tasks to queue
[2025-02-20T14:00:16.385+0000] {logging_mixin.py:188} INFO - [2025-02-20T14:00:16.385+0000] {dagbag.py:538} INFO - Filling up the DagBag from /home/airflow/.local/lib/python3.8/site-packages/airflow/example_dags/example_task_group.py
[2025-02-20T14:00:16.396+0000] {processor.py:840} INFO - DAG(s) 'example_task_group' retrieved from /home/airflow/.local/lib/python3.8/site-packages/airflow/example_dags/example_task_group.py
[2025-02-20T14:00:16.435+0000] {logging_mixin.py:188} INFO - [2025-02-20T14:00:16.435+0000] {dag.py:3036} INFO - Sync 1 DAGs
[2025-02-20T14:00:16.472+0000] {logging_mixin.py:188} INFO - [2025-02-20T14:00:16.472+0000] {dag.py:3823} INFO - Setting next_dagrun for example_task_group to 2025-02-19 00:00:00+00:00, run_after=2025-02-20 00:00:00+00:00
[2025-02-20T14:00:16.511+0000] {processor.py:183} INFO - Processing /home/airflow/.local/lib/python3.8/site-packages/airflow/example_dags/example_task_group.py took 0.135 seconds
[2025-02-20T14:00:46.769+0000] {processor.py:161} INFO - Started process (PID=1972) to work on /home/airflow/.local/lib/python3.8/site-packages/airflow/example_dags/example_task_group.py
[2025-02-20T14:00:46.770+0000] {processor.py:830} INFO - Processing file /home/airflow/.local/lib/python3.8/site-packages/airflow/example_dags/example_task_group.py for tasks to queue
[2025-02-20T14:00:46.772+0000] {logging_mixin.py:188} INFO - [2025-02-20T14:00:46.772+0000] {dagbag.py:538} INFO - Filling up the DagBag from /home/airflow/.local/lib/python3.8/site-packages/airflow/example_dags/example_task_group.py
[2025-02-20T14:00:46.782+0000] {processor.py:840} INFO - DAG(s) 'example_task_group' retrieved from /home/airflow/.local/lib/python3.8/site-packages/airflow/example_dags/example_task_group.py
[2025-02-20T14:00:46.861+0000] {logging_mixin.py:188} INFO - [2025-02-20T14:00:46.860+0000] {dag.py:3036} INFO - Sync 1 DAGs
[2025-02-20T14:00:46.923+0000] {logging_mixin.py:188} INFO - [2025-02-20T14:00:46.923+0000] {dag.py:3823} INFO - Setting next_dagrun for example_task_group to 2025-02-19 00:00:00+00:00, run_after=2025-02-20 00:00:00+00:00
[2025-02-20T14:00:46.971+0000] {processor.py:183} INFO - Processing /home/airflow/.local/lib/python3.8/site-packages/airflow/example_dags/example_task_group.py took 0.207 seconds
[2025-02-20T14:01:17.563+0000] {processor.py:161} INFO - Started process (PID=2037) to work on /home/airflow/.local/lib/python3.8/site-packages/airflow/example_dags/example_task_group.py
[2025-02-20T14:01:17.564+0000] {processor.py:830} INFO - Processing file /home/airflow/.local/lib/python3.8/site-packages/airflow/example_dags/example_task_group.py for tasks to queue
[2025-02-20T14:01:17.568+0000] {logging_mixin.py:188} INFO - [2025-02-20T14:01:17.567+0000] {dagbag.py:538} INFO - Filling up the DagBag from /home/airflow/.local/lib/python3.8/site-packages/airflow/example_dags/example_task_group.py
[2025-02-20T14:01:17.581+0000] {processor.py:840} INFO - DAG(s) 'example_task_group' retrieved from /home/airflow/.local/lib/python3.8/site-packages/airflow/example_dags/example_task_group.py
[2025-02-20T14:01:17.628+0000] {logging_mixin.py:188} INFO - [2025-02-20T14:01:17.628+0000] {dag.py:3036} INFO - Sync 1 DAGs
[2025-02-20T14:01:17.663+0000] {logging_mixin.py:188} INFO - [2025-02-20T14:01:17.663+0000] {dag.py:3823} INFO - Setting next_dagrun for example_task_group to 2025-02-19 00:00:00+00:00, run_after=2025-02-20 00:00:00+00:00
[2025-02-20T14:01:17.713+0000] {processor.py:183} INFO - Processing /home/airflow/.local/lib/python3.8/site-packages/airflow/example_dags/example_task_group.py took 0.154 seconds
[2025-02-20T14:01:47.978+0000] {processor.py:161} INFO - Started process (PID=2102) to work on /home/airflow/.local/lib/python3.8/site-packages/airflow/example_dags/example_task_group.py
[2025-02-20T14:01:47.983+0000] {processor.py:830} INFO - Processing file /home/airflow/.local/lib/python3.8/site-packages/airflow/example_dags/example_task_group.py for tasks to queue
[2025-02-20T14:01:48.004+0000] {logging_mixin.py:188} INFO - [2025-02-20T14:01:48.003+0000] {dagbag.py:538} INFO - Filling up the DagBag from /home/airflow/.local/lib/python3.8/site-packages/airflow/example_dags/example_task_group.py
[2025-02-20T14:01:48.031+0000] {processor.py:840} INFO - DAG(s) 'example_task_group' retrieved from /home/airflow/.local/lib/python3.8/site-packages/airflow/example_dags/example_task_group.py
[2025-02-20T14:01:48.220+0000] {logging_mixin.py:188} INFO - [2025-02-20T14:01:48.219+0000] {dag.py:3036} INFO - Sync 1 DAGs
[2025-02-20T14:01:48.353+0000] {logging_mixin.py:188} INFO - [2025-02-20T14:01:48.353+0000] {dag.py:3823} INFO - Setting next_dagrun for example_task_group to 2025-02-19 00:00:00+00:00, run_after=2025-02-20 00:00:00+00:00
[2025-02-20T14:01:48.445+0000] {processor.py:183} INFO - Processing /home/airflow/.local/lib/python3.8/site-packages/airflow/example_dags/example_task_group.py took 0.478 seconds
[2025-02-20T14:02:19.356+0000] {processor.py:161} INFO - Started process (PID=2167) to work on /home/airflow/.local/lib/python3.8/site-packages/airflow/example_dags/example_task_group.py
[2025-02-20T14:02:19.360+0000] {processor.py:830} INFO - Processing file /home/airflow/.local/lib/python3.8/site-packages/airflow/example_dags/example_task_group.py for tasks to queue
[2025-02-20T14:02:19.364+0000] {logging_mixin.py:188} INFO - [2025-02-20T14:02:19.363+0000] {dagbag.py:538} INFO - Filling up the DagBag from /home/airflow/.local/lib/python3.8/site-packages/airflow/example_dags/example_task_group.py
[2025-02-20T14:02:19.381+0000] {processor.py:840} INFO - DAG(s) 'example_task_group' retrieved from /home/airflow/.local/lib/python3.8/site-packages/airflow/example_dags/example_task_group.py
[2025-02-20T14:02:19.441+0000] {logging_mixin.py:188} INFO - [2025-02-20T14:02:19.437+0000] {dag.py:3036} INFO - Sync 1 DAGs
[2025-02-20T14:02:19.486+0000] {logging_mixin.py:188} INFO - [2025-02-20T14:02:19.486+0000] {dag.py:3823} INFO - Setting next_dagrun for example_task_group to 2025-02-19 00:00:00+00:00, run_after=2025-02-20 00:00:00+00:00
[2025-02-20T14:02:19.563+0000] {processor.py:183} INFO - Processing /home/airflow/.local/lib/python3.8/site-packages/airflow/example_dags/example_task_group.py took 0.215 seconds
[2025-02-20T14:02:50.397+0000] {processor.py:161} INFO - Started process (PID=2232) to work on /home/airflow/.local/lib/python3.8/site-packages/airflow/example_dags/example_task_group.py
[2025-02-20T14:02:50.400+0000] {processor.py:830} INFO - Processing file /home/airflow/.local/lib/python3.8/site-packages/airflow/example_dags/example_task_group.py for tasks to queue
[2025-02-20T14:02:50.407+0000] {logging_mixin.py:188} INFO - [2025-02-20T14:02:50.404+0000] {dagbag.py:538} INFO - Filling up the DagBag from /home/airflow/.local/lib/python3.8/site-packages/airflow/example_dags/example_task_group.py
[2025-02-20T14:02:50.434+0000] {processor.py:840} INFO - DAG(s) 'example_task_group' retrieved from /home/airflow/.local/lib/python3.8/site-packages/airflow/example_dags/example_task_group.py
[2025-02-20T14:02:50.541+0000] {logging_mixin.py:188} INFO - [2025-02-20T14:02:50.540+0000] {dag.py:3036} INFO - Sync 1 DAGs
[2025-02-20T14:02:50.608+0000] {logging_mixin.py:188} INFO - [2025-02-20T14:02:50.607+0000] {dag.py:3823} INFO - Setting next_dagrun for example_task_group to 2025-02-19 00:00:00+00:00, run_after=2025-02-20 00:00:00+00:00
[2025-02-20T14:02:50.694+0000] {processor.py:183} INFO - Processing /home/airflow/.local/lib/python3.8/site-packages/airflow/example_dags/example_task_group.py took 0.306 seconds
[2025-02-20T14:03:20.918+0000] {processor.py:161} INFO - Started process (PID=2298) to work on /home/airflow/.local/lib/python3.8/site-packages/airflow/example_dags/example_task_group.py
[2025-02-20T14:03:20.921+0000] {processor.py:830} INFO - Processing file /home/airflow/.local/lib/python3.8/site-packages/airflow/example_dags/example_task_group.py for tasks to queue
[2025-02-20T14:03:20.923+0000] {logging_mixin.py:188} INFO - [2025-02-20T14:03:20.923+0000] {dagbag.py:538} INFO - Filling up the DagBag from /home/airflow/.local/lib/python3.8/site-packages/airflow/example_dags/example_task_group.py
[2025-02-20T14:03:20.937+0000] {processor.py:840} INFO - DAG(s) 'example_task_group' retrieved from /home/airflow/.local/lib/python3.8/site-packages/airflow/example_dags/example_task_group.py
[2025-02-20T14:03:20.977+0000] {logging_mixin.py:188} INFO - [2025-02-20T14:03:20.976+0000] {dag.py:3036} INFO - Sync 1 DAGs
[2025-02-20T14:03:21.015+0000] {logging_mixin.py:188} INFO - [2025-02-20T14:03:21.015+0000] {dag.py:3823} INFO - Setting next_dagrun for example_task_group to 2025-02-19 00:00:00+00:00, run_after=2025-02-20 00:00:00+00:00
[2025-02-20T14:03:21.189+0000] {processor.py:183} INFO - Processing /home/airflow/.local/lib/python3.8/site-packages/airflow/example_dags/example_task_group.py took 0.274 seconds
[2025-02-20T14:03:52.469+0000] {processor.py:161} INFO - Started process (PID=2364) to work on /home/airflow/.local/lib/python3.8/site-packages/airflow/example_dags/example_task_group.py
[2025-02-20T14:03:52.471+0000] {processor.py:830} INFO - Processing file /home/airflow/.local/lib/python3.8/site-packages/airflow/example_dags/example_task_group.py for tasks to queue
[2025-02-20T14:03:52.473+0000] {logging_mixin.py:188} INFO - [2025-02-20T14:03:52.473+0000] {dagbag.py:538} INFO - Filling up the DagBag from /home/airflow/.local/lib/python3.8/site-packages/airflow/example_dags/example_task_group.py
[2025-02-20T14:03:52.486+0000] {processor.py:840} INFO - DAG(s) 'example_task_group' retrieved from /home/airflow/.local/lib/python3.8/site-packages/airflow/example_dags/example_task_group.py
[2025-02-20T14:03:52.543+0000] {logging_mixin.py:188} INFO - [2025-02-20T14:03:52.543+0000] {dag.py:3036} INFO - Sync 1 DAGs
[2025-02-20T14:03:52.620+0000] {logging_mixin.py:188} INFO - [2025-02-20T14:03:52.619+0000] {dag.py:3823} INFO - Setting next_dagrun for example_task_group to 2025-02-19 00:00:00+00:00, run_after=2025-02-20 00:00:00+00:00
[2025-02-20T14:03:52.687+0000] {processor.py:183} INFO - Processing /home/airflow/.local/lib/python3.8/site-packages/airflow/example_dags/example_task_group.py took 0.223 seconds
[2025-02-20T14:04:22.748+0000] {processor.py:161} INFO - Started process (PID=2430) to work on /home/airflow/.local/lib/python3.8/site-packages/airflow/example_dags/example_task_group.py
[2025-02-20T14:04:22.749+0000] {processor.py:830} INFO - Processing file /home/airflow/.local/lib/python3.8/site-packages/airflow/example_dags/example_task_group.py for tasks to queue
[2025-02-20T14:04:22.751+0000] {logging_mixin.py:188} INFO - [2025-02-20T14:04:22.751+0000] {dagbag.py:538} INFO - Filling up the DagBag from /home/airflow/.local/lib/python3.8/site-packages/airflow/example_dags/example_task_group.py
[2025-02-20T14:04:22.763+0000] {processor.py:840} INFO - DAG(s) 'example_task_group' retrieved from /home/airflow/.local/lib/python3.8/site-packages/airflow/example_dags/example_task_group.py
[2025-02-20T14:04:22.804+0000] {logging_mixin.py:188} INFO - [2025-02-20T14:04:22.804+0000] {dag.py:3036} INFO - Sync 1 DAGs
[2025-02-20T14:04:22.837+0000] {logging_mixin.py:188} INFO - [2025-02-20T14:04:22.836+0000] {dag.py:3823} INFO - Setting next_dagrun for example_task_group to 2025-02-19 00:00:00+00:00, run_after=2025-02-20 00:00:00+00:00
[2025-02-20T14:04:22.877+0000] {processor.py:183} INFO - Processing /home/airflow/.local/lib/python3.8/site-packages/airflow/example_dags/example_task_group.py took 0.133 seconds
[2025-02-20T14:04:53.552+0000] {processor.py:161} INFO - Started process (PID=2495) to work on /home/airflow/.local/lib/python3.8/site-packages/airflow/example_dags/example_task_group.py
[2025-02-20T14:04:53.553+0000] {processor.py:830} INFO - Processing file /home/airflow/.local/lib/python3.8/site-packages/airflow/example_dags/example_task_group.py for tasks to queue
[2025-02-20T14:04:53.558+0000] {logging_mixin.py:188} INFO - [2025-02-20T14:04:53.558+0000] {dagbag.py:538} INFO - Filling up the DagBag from /home/airflow/.local/lib/python3.8/site-packages/airflow/example_dags/example_task_group.py
[2025-02-20T14:04:53.571+0000] {processor.py:840} INFO - DAG(s) 'example_task_group' retrieved from /home/airflow/.local/lib/python3.8/site-packages/airflow/example_dags/example_task_group.py
[2025-02-20T14:04:53.612+0000] {logging_mixin.py:188} INFO - [2025-02-20T14:04:53.612+0000] {dag.py:3036} INFO - Sync 1 DAGs
[2025-02-20T14:04:53.649+0000] {logging_mixin.py:188} INFO - [2025-02-20T14:04:53.648+0000] {dag.py:3823} INFO - Setting next_dagrun for example_task_group to 2025-02-19 00:00:00+00:00, run_after=2025-02-20 00:00:00+00:00
[2025-02-20T14:04:53.687+0000] {processor.py:183} INFO - Processing /home/airflow/.local/lib/python3.8/site-packages/airflow/example_dags/example_task_group.py took 0.141 seconds
[2025-02-20T14:05:24.106+0000] {processor.py:161} INFO - Started process (PID=2560) to work on /home/airflow/.local/lib/python3.8/site-packages/airflow/example_dags/example_task_group.py
[2025-02-20T14:05:24.107+0000] {processor.py:830} INFO - Processing file /home/airflow/.local/lib/python3.8/site-packages/airflow/example_dags/example_task_group.py for tasks to queue
[2025-02-20T14:05:24.109+0000] {logging_mixin.py:188} INFO - [2025-02-20T14:05:24.109+0000] {dagbag.py:538} INFO - Filling up the DagBag from /home/airflow/.local/lib/python3.8/site-packages/airflow/example_dags/example_task_group.py
[2025-02-20T14:05:24.120+0000] {processor.py:840} INFO - DAG(s) 'example_task_group' retrieved from /home/airflow/.local/lib/python3.8/site-packages/airflow/example_dags/example_task_group.py
[2025-02-20T14:05:24.165+0000] {logging_mixin.py:188} INFO - [2025-02-20T14:05:24.164+0000] {dag.py:3036} INFO - Sync 1 DAGs
[2025-02-20T14:05:24.212+0000] {logging_mixin.py:188} INFO - [2025-02-20T14:05:24.212+0000] {dag.py:3823} INFO - Setting next_dagrun for example_task_group to 2025-02-19 00:00:00+00:00, run_after=2025-02-20 00:00:00+00:00
[2025-02-20T14:05:24.256+0000] {processor.py:183} INFO - Processing /home/airflow/.local/lib/python3.8/site-packages/airflow/example_dags/example_task_group.py took 0.156 seconds
[2025-02-20T14:05:54.408+0000] {processor.py:161} INFO - Started process (PID=2625) to work on /home/airflow/.local/lib/python3.8/site-packages/airflow/example_dags/example_task_group.py
[2025-02-20T14:05:54.411+0000] {processor.py:830} INFO - Processing file /home/airflow/.local/lib/python3.8/site-packages/airflow/example_dags/example_task_group.py for tasks to queue
[2025-02-20T14:05:54.422+0000] {logging_mixin.py:188} INFO - [2025-02-20T14:05:54.421+0000] {dagbag.py:538} INFO - Filling up the DagBag from /home/airflow/.local/lib/python3.8/site-packages/airflow/example_dags/example_task_group.py
[2025-02-20T14:05:54.450+0000] {processor.py:840} INFO - DAG(s) 'example_task_group' retrieved from /home/airflow/.local/lib/python3.8/site-packages/airflow/example_dags/example_task_group.py
[2025-02-20T14:05:54.561+0000] {logging_mixin.py:188} INFO - [2025-02-20T14:05:54.560+0000] {dag.py:3036} INFO - Sync 1 DAGs
[2025-02-20T14:05:54.658+0000] {logging_mixin.py:188} INFO - [2025-02-20T14:05:54.655+0000] {dag.py:3823} INFO - Setting next_dagrun for example_task_group to 2025-02-19 00:00:00+00:00, run_after=2025-02-20 00:00:00+00:00
[2025-02-20T14:05:54.766+0000] {processor.py:183} INFO - Processing /home/airflow/.local/lib/python3.8/site-packages/airflow/example_dags/example_task_group.py took 0.371 seconds
[2025-02-20T14:06:25.051+0000] {processor.py:161} INFO - Started process (PID=2690) to work on /home/airflow/.local/lib/python3.8/site-packages/airflow/example_dags/example_task_group.py
[2025-02-20T14:06:25.052+0000] {processor.py:830} INFO - Processing file /home/airflow/.local/lib/python3.8/site-packages/airflow/example_dags/example_task_group.py for tasks to queue
[2025-02-20T14:06:25.055+0000] {logging_mixin.py:188} INFO - [2025-02-20T14:06:25.054+0000] {dagbag.py:538} INFO - Filling up the DagBag from /home/airflow/.local/lib/python3.8/site-packages/airflow/example_dags/example_task_group.py
[2025-02-20T14:06:25.064+0000] {processor.py:840} INFO - DAG(s) 'example_task_group' retrieved from /home/airflow/.local/lib/python3.8/site-packages/airflow/example_dags/example_task_group.py
[2025-02-20T14:06:25.094+0000] {logging_mixin.py:188} INFO - [2025-02-20T14:06:25.094+0000] {dag.py:3036} INFO - Sync 1 DAGs
[2025-02-20T14:06:25.127+0000] {logging_mixin.py:188} INFO - [2025-02-20T14:06:25.126+0000] {dag.py:3823} INFO - Setting next_dagrun for example_task_group to 2025-02-19 00:00:00+00:00, run_after=2025-02-20 00:00:00+00:00
[2025-02-20T14:06:25.161+0000] {processor.py:183} INFO - Processing /home/airflow/.local/lib/python3.8/site-packages/airflow/example_dags/example_task_group.py took 0.114 seconds
[2025-02-20T14:06:55.780+0000] {processor.py:161} INFO - Started process (PID=2756) to work on /home/airflow/.local/lib/python3.8/site-packages/airflow/example_dags/example_task_group.py
[2025-02-20T14:06:55.782+0000] {processor.py:830} INFO - Processing file /home/airflow/.local/lib/python3.8/site-packages/airflow/example_dags/example_task_group.py for tasks to queue
[2025-02-20T14:06:55.786+0000] {logging_mixin.py:188} INFO - [2025-02-20T14:06:55.786+0000] {dagbag.py:538} INFO - Filling up the DagBag from /home/airflow/.local/lib/python3.8/site-packages/airflow/example_dags/example_task_group.py
[2025-02-20T14:06:55.805+0000] {processor.py:840} INFO - DAG(s) 'example_task_group' retrieved from /home/airflow/.local/lib/python3.8/site-packages/airflow/example_dags/example_task_group.py
[2025-02-20T14:06:55.849+0000] {logging_mixin.py:188} INFO - [2025-02-20T14:06:55.848+0000] {dag.py:3036} INFO - Sync 1 DAGs
[2025-02-20T14:06:55.885+0000] {logging_mixin.py:188} INFO - [2025-02-20T14:06:55.882+0000] {dag.py:3823} INFO - Setting next_dagrun for example_task_group to 2025-02-19 00:00:00+00:00, run_after=2025-02-20 00:00:00+00:00
[2025-02-20T14:06:55.921+0000] {processor.py:183} INFO - Processing /home/airflow/.local/lib/python3.8/site-packages/airflow/example_dags/example_task_group.py took 0.146 seconds
[2025-02-20T14:07:26.757+0000] {processor.py:161} INFO - Started process (PID=2829) to work on /home/airflow/.local/lib/python3.8/site-packages/airflow/example_dags/example_task_group.py
[2025-02-20T14:07:26.759+0000] {processor.py:830} INFO - Processing file /home/airflow/.local/lib/python3.8/site-packages/airflow/example_dags/example_task_group.py for tasks to queue
[2025-02-20T14:07:26.762+0000] {logging_mixin.py:188} INFO - [2025-02-20T14:07:26.762+0000] {dagbag.py:538} INFO - Filling up the DagBag from /home/airflow/.local/lib/python3.8/site-packages/airflow/example_dags/example_task_group.py
[2025-02-20T14:07:26.782+0000] {processor.py:840} INFO - DAG(s) 'example_task_group' retrieved from /home/airflow/.local/lib/python3.8/site-packages/airflow/example_dags/example_task_group.py
[2025-02-20T14:07:26.854+0000] {logging_mixin.py:188} INFO - [2025-02-20T14:07:26.854+0000] {dag.py:3036} INFO - Sync 1 DAGs
[2025-02-20T14:07:26.904+0000] {logging_mixin.py:188} INFO - [2025-02-20T14:07:26.904+0000] {dag.py:3823} INFO - Setting next_dagrun for example_task_group to 2025-02-19 00:00:00+00:00, run_after=2025-02-20 00:00:00+00:00
[2025-02-20T14:07:26.947+0000] {processor.py:183} INFO - Processing /home/airflow/.local/lib/python3.8/site-packages/airflow/example_dags/example_task_group.py took 0.202 seconds
[2025-02-20T14:07:57.512+0000] {processor.py:161} INFO - Started process (PID=2893) to work on /home/airflow/.local/lib/python3.8/site-packages/airflow/example_dags/example_task_group.py
[2025-02-20T14:07:57.515+0000] {processor.py:830} INFO - Processing file /home/airflow/.local/lib/python3.8/site-packages/airflow/example_dags/example_task_group.py for tasks to queue
[2025-02-20T14:07:57.518+0000] {logging_mixin.py:188} INFO - [2025-02-20T14:07:57.517+0000] {dagbag.py:538} INFO - Filling up the DagBag from /home/airflow/.local/lib/python3.8/site-packages/airflow/example_dags/example_task_group.py
[2025-02-20T14:07:57.533+0000] {processor.py:840} INFO - DAG(s) 'example_task_group' retrieved from /home/airflow/.local/lib/python3.8/site-packages/airflow/example_dags/example_task_group.py
[2025-02-20T14:07:57.591+0000] {logging_mixin.py:188} INFO - [2025-02-20T14:07:57.590+0000] {dag.py:3036} INFO - Sync 1 DAGs
[2025-02-20T14:07:57.645+0000] {logging_mixin.py:188} INFO - [2025-02-20T14:07:57.645+0000] {dag.py:3823} INFO - Setting next_dagrun for example_task_group to 2025-02-19 00:00:00+00:00, run_after=2025-02-20 00:00:00+00:00
[2025-02-20T14:07:57.692+0000] {processor.py:183} INFO - Processing /home/airflow/.local/lib/python3.8/site-packages/airflow/example_dags/example_task_group.py took 0.185 seconds
[2025-02-20T14:08:28.568+0000] {processor.py:161} INFO - Started process (PID=2957) to work on /home/airflow/.local/lib/python3.8/site-packages/airflow/example_dags/example_task_group.py
[2025-02-20T14:08:28.570+0000] {processor.py:830} INFO - Processing file /home/airflow/.local/lib/python3.8/site-packages/airflow/example_dags/example_task_group.py for tasks to queue
[2025-02-20T14:08:28.574+0000] {logging_mixin.py:188} INFO - [2025-02-20T14:08:28.574+0000] {dagbag.py:538} INFO - Filling up the DagBag from /home/airflow/.local/lib/python3.8/site-packages/airflow/example_dags/example_task_group.py
[2025-02-20T14:08:28.594+0000] {processor.py:840} INFO - DAG(s) 'example_task_group' retrieved from /home/airflow/.local/lib/python3.8/site-packages/airflow/example_dags/example_task_group.py
[2025-02-20T14:08:28.658+0000] {logging_mixin.py:188} INFO - [2025-02-20T14:08:28.658+0000] {dag.py:3036} INFO - Sync 1 DAGs
[2025-02-20T14:08:28.695+0000] {logging_mixin.py:188} INFO - [2025-02-20T14:08:28.695+0000] {dag.py:3823} INFO - Setting next_dagrun for example_task_group to 2025-02-19 00:00:00+00:00, run_after=2025-02-20 00:00:00+00:00
[2025-02-20T14:08:28.738+0000] {processor.py:183} INFO - Processing /home/airflow/.local/lib/python3.8/site-packages/airflow/example_dags/example_task_group.py took 0.177 seconds
[2025-02-20T14:08:58.880+0000] {processor.py:161} INFO - Started process (PID=3021) to work on /home/airflow/.local/lib/python3.8/site-packages/airflow/example_dags/example_task_group.py
[2025-02-20T14:08:58.882+0000] {processor.py:830} INFO - Processing file /home/airflow/.local/lib/python3.8/site-packages/airflow/example_dags/example_task_group.py for tasks to queue
[2025-02-20T14:08:58.885+0000] {logging_mixin.py:188} INFO - [2025-02-20T14:08:58.884+0000] {dagbag.py:538} INFO - Filling up the DagBag from /home/airflow/.local/lib/python3.8/site-packages/airflow/example_dags/example_task_group.py
[2025-02-20T14:08:58.902+0000] {processor.py:840} INFO - DAG(s) 'example_task_group' retrieved from /home/airflow/.local/lib/python3.8/site-packages/airflow/example_dags/example_task_group.py
[2025-02-20T14:08:58.970+0000] {logging_mixin.py:188} INFO - [2025-02-20T14:08:58.969+0000] {dag.py:3036} INFO - Sync 1 DAGs
[2025-02-20T14:08:59.228+0000] {logging_mixin.py:188} INFO - [2025-02-20T14:08:59.227+0000] {dag.py:3823} INFO - Setting next_dagrun for example_task_group to 2025-02-19 00:00:00+00:00, run_after=2025-02-20 00:00:00+00:00
[2025-02-20T14:08:59.276+0000] {processor.py:183} INFO - Processing /home/airflow/.local/lib/python3.8/site-packages/airflow/example_dags/example_task_group.py took 0.407 seconds
[2025-02-20T14:09:29.391+0000] {processor.py:161} INFO - Started process (PID=3085) to work on /home/airflow/.local/lib/python3.8/site-packages/airflow/example_dags/example_task_group.py
[2025-02-20T14:09:29.393+0000] {processor.py:830} INFO - Processing file /home/airflow/.local/lib/python3.8/site-packages/airflow/example_dags/example_task_group.py for tasks to queue
[2025-02-20T14:09:29.397+0000] {logging_mixin.py:188} INFO - [2025-02-20T14:09:29.396+0000] {dagbag.py:538} INFO - Filling up the DagBag from /home/airflow/.local/lib/python3.8/site-packages/airflow/example_dags/example_task_group.py
[2025-02-20T14:09:29.411+0000] {processor.py:840} INFO - DAG(s) 'example_task_group' retrieved from /home/airflow/.local/lib/python3.8/site-packages/airflow/example_dags/example_task_group.py
[2025-02-20T14:09:29.453+0000] {logging_mixin.py:188} INFO - [2025-02-20T14:09:29.452+0000] {dag.py:3036} INFO - Sync 1 DAGs
[2025-02-20T14:09:29.742+0000] {logging_mixin.py:188} INFO - [2025-02-20T14:09:29.738+0000] {dag.py:3823} INFO - Setting next_dagrun for example_task_group to 2025-02-19 00:00:00+00:00, run_after=2025-02-20 00:00:00+00:00
[2025-02-20T14:09:29.794+0000] {processor.py:183} INFO - Processing /home/airflow/.local/lib/python3.8/site-packages/airflow/example_dags/example_task_group.py took 0.408 seconds
[2025-02-20T14:09:59.888+0000] {processor.py:161} INFO - Started process (PID=3150) to work on /home/airflow/.local/lib/python3.8/site-packages/airflow/example_dags/example_task_group.py
[2025-02-20T14:09:59.890+0000] {processor.py:830} INFO - Processing file /home/airflow/.local/lib/python3.8/site-packages/airflow/example_dags/example_task_group.py for tasks to queue
[2025-02-20T14:09:59.894+0000] {logging_mixin.py:188} INFO - [2025-02-20T14:09:59.893+0000] {dagbag.py:538} INFO - Filling up the DagBag from /home/airflow/.local/lib/python3.8/site-packages/airflow/example_dags/example_task_group.py
[2025-02-20T14:09:59.912+0000] {processor.py:840} INFO - DAG(s) 'example_task_group' retrieved from /home/airflow/.local/lib/python3.8/site-packages/airflow/example_dags/example_task_group.py
[2025-02-20T14:09:59.965+0000] {logging_mixin.py:188} INFO - [2025-02-20T14:09:59.965+0000] {dag.py:3036} INFO - Sync 1 DAGs
[2025-02-20T14:10:00.009+0000] {logging_mixin.py:188} INFO - [2025-02-20T14:10:00.009+0000] {dag.py:3823} INFO - Setting next_dagrun for example_task_group to 2025-02-19 00:00:00+00:00, run_after=2025-02-20 00:00:00+00:00
[2025-02-20T14:10:00.234+0000] {processor.py:183} INFO - Processing /home/airflow/.local/lib/python3.8/site-packages/airflow/example_dags/example_task_group.py took 0.353 seconds
[2025-02-20T14:10:31.065+0000] {processor.py:161} INFO - Started process (PID=3215) to work on /home/airflow/.local/lib/python3.8/site-packages/airflow/example_dags/example_task_group.py
[2025-02-20T14:10:31.067+0000] {processor.py:830} INFO - Processing file /home/airflow/.local/lib/python3.8/site-packages/airflow/example_dags/example_task_group.py for tasks to queue
[2025-02-20T14:10:31.072+0000] {logging_mixin.py:188} INFO - [2025-02-20T14:10:31.071+0000] {dagbag.py:538} INFO - Filling up the DagBag from /home/airflow/.local/lib/python3.8/site-packages/airflow/example_dags/example_task_group.py
[2025-02-20T14:10:31.087+0000] {processor.py:840} INFO - DAG(s) 'example_task_group' retrieved from /home/airflow/.local/lib/python3.8/site-packages/airflow/example_dags/example_task_group.py
[2025-02-20T14:10:31.135+0000] {logging_mixin.py:188} INFO - [2025-02-20T14:10:31.134+0000] {dag.py:3036} INFO - Sync 1 DAGs
[2025-02-20T14:10:31.179+0000] {logging_mixin.py:188} INFO - [2025-02-20T14:10:31.179+0000] {dag.py:3823} INFO - Setting next_dagrun for example_task_group to 2025-02-19 00:00:00+00:00, run_after=2025-02-20 00:00:00+00:00
[2025-02-20T14:10:31.403+0000] {processor.py:183} INFO - Processing /home/airflow/.local/lib/python3.8/site-packages/airflow/example_dags/example_task_group.py took 0.344 seconds
[2025-02-20T14:11:01.500+0000] {processor.py:161} INFO - Started process (PID=3280) to work on /home/airflow/.local/lib/python3.8/site-packages/airflow/example_dags/example_task_group.py
[2025-02-20T14:11:01.502+0000] {processor.py:830} INFO - Processing file /home/airflow/.local/lib/python3.8/site-packages/airflow/example_dags/example_task_group.py for tasks to queue
[2025-02-20T14:11:01.507+0000] {logging_mixin.py:188} INFO - [2025-02-20T14:11:01.507+0000] {dagbag.py:538} INFO - Filling up the DagBag from /home/airflow/.local/lib/python3.8/site-packages/airflow/example_dags/example_task_group.py
[2025-02-20T14:11:01.524+0000] {processor.py:840} INFO - DAG(s) 'example_task_group' retrieved from /home/airflow/.local/lib/python3.8/site-packages/airflow/example_dags/example_task_group.py
[2025-02-20T14:11:01.580+0000] {logging_mixin.py:188} INFO - [2025-02-20T14:11:01.579+0000] {dag.py:3036} INFO - Sync 1 DAGs
[2025-02-20T14:11:01.644+0000] {logging_mixin.py:188} INFO - [2025-02-20T14:11:01.643+0000] {dag.py:3823} INFO - Setting next_dagrun for example_task_group to 2025-02-19 00:00:00+00:00, run_after=2025-02-20 00:00:00+00:00
[2025-02-20T14:11:01.683+0000] {processor.py:183} INFO - Processing /home/airflow/.local/lib/python3.8/site-packages/airflow/example_dags/example_task_group.py took 0.189 seconds
[2025-02-20T16:11:27.052+0000] {processor.py:161} INFO - Started process (PID=3344) to work on /home/airflow/.local/lib/python3.8/site-packages/airflow/example_dags/example_task_group.py
[2025-02-20T16:11:27.064+0000] {processor.py:830} INFO - Processing file /home/airflow/.local/lib/python3.8/site-packages/airflow/example_dags/example_task_group.py for tasks to queue
[2025-02-20T16:11:27.071+0000] {logging_mixin.py:188} INFO - [2025-02-20T16:11:27.070+0000] {dagbag.py:538} INFO - Filling up the DagBag from /home/airflow/.local/lib/python3.8/site-packages/airflow/example_dags/example_task_group.py
[2025-02-20T16:11:27.089+0000] {processor.py:840} INFO - DAG(s) 'example_task_group' retrieved from /home/airflow/.local/lib/python3.8/site-packages/airflow/example_dags/example_task_group.py
[2025-02-20T16:11:27.214+0000] {logging_mixin.py:188} INFO - [2025-02-20T16:11:27.214+0000] {dag.py:3036} INFO - Sync 1 DAGs
[2025-02-20T16:11:27.300+0000] {logging_mixin.py:188} INFO - [2025-02-20T16:11:27.300+0000] {dag.py:3823} INFO - Setting next_dagrun for example_task_group to 2025-02-19 00:00:00+00:00, run_after=2025-02-20 00:00:00+00:00
[2025-02-20T16:11:27.392+0000] {processor.py:183} INFO - Processing /home/airflow/.local/lib/python3.8/site-packages/airflow/example_dags/example_task_group.py took 0.353 seconds
[2025-02-20T16:11:58.258+0000] {processor.py:161} INFO - Started process (PID=3409) to work on /home/airflow/.local/lib/python3.8/site-packages/airflow/example_dags/example_task_group.py
[2025-02-20T16:11:58.261+0000] {processor.py:830} INFO - Processing file /home/airflow/.local/lib/python3.8/site-packages/airflow/example_dags/example_task_group.py for tasks to queue
[2025-02-20T16:11:58.264+0000] {logging_mixin.py:188} INFO - [2025-02-20T16:11:58.264+0000] {dagbag.py:538} INFO - Filling up the DagBag from /home/airflow/.local/lib/python3.8/site-packages/airflow/example_dags/example_task_group.py
[2025-02-20T16:11:58.277+0000] {processor.py:840} INFO - DAG(s) 'example_task_group' retrieved from /home/airflow/.local/lib/python3.8/site-packages/airflow/example_dags/example_task_group.py
[2025-02-20T16:11:58.314+0000] {logging_mixin.py:188} INFO - [2025-02-20T16:11:58.314+0000] {dag.py:3036} INFO - Sync 1 DAGs
[2025-02-20T16:11:58.342+0000] {logging_mixin.py:188} INFO - [2025-02-20T16:11:58.342+0000] {dag.py:3823} INFO - Setting next_dagrun for example_task_group to 2025-02-19 00:00:00+00:00, run_after=2025-02-20 00:00:00+00:00
[2025-02-20T16:11:58.375+0000] {processor.py:183} INFO - Processing /home/airflow/.local/lib/python3.8/site-packages/airflow/example_dags/example_task_group.py took 0.122 seconds
[2025-02-20T18:12:10.046+0000] {processor.py:161} INFO - Started process (PID=3450) to work on /home/airflow/.local/lib/python3.8/site-packages/airflow/example_dags/example_task_group.py
[2025-02-20T18:12:10.451+0000] {processor.py:830} INFO - Processing file /home/airflow/.local/lib/python3.8/site-packages/airflow/example_dags/example_task_group.py for tasks to queue
[2025-02-20T18:12:10.521+0000] {logging_mixin.py:188} INFO - [2025-02-20T18:12:10.519+0000] {dagbag.py:538} INFO - Filling up the DagBag from /home/airflow/.local/lib/python3.8/site-packages/airflow/example_dags/example_task_group.py
[2025-02-20T18:12:10.632+0000] {processor.py:840} INFO - DAG(s) 'example_task_group' retrieved from /home/airflow/.local/lib/python3.8/site-packages/airflow/example_dags/example_task_group.py
[2025-02-20T18:12:10.967+0000] {logging_mixin.py:188} INFO - [2025-02-20T18:12:10.967+0000] {dag.py:3036} INFO - Sync 1 DAGs
[2025-02-20T18:12:11.291+0000] {logging_mixin.py:188} INFO - [2025-02-20T18:12:11.291+0000] {dag.py:3823} INFO - Setting next_dagrun for example_task_group to 2025-02-19 00:00:00+00:00, run_after=2025-02-20 00:00:00+00:00
[2025-02-20T18:12:11.338+0000] {processor.py:183} INFO - Processing /home/airflow/.local/lib/python3.8/site-packages/airflow/example_dags/example_task_group.py took 1.320 seconds
[2025-02-20T18:12:42.175+0000] {processor.py:161} INFO - Started process (PID=3508) to work on /home/airflow/.local/lib/python3.8/site-packages/airflow/example_dags/example_task_group.py
[2025-02-20T18:12:42.179+0000] {processor.py:830} INFO - Processing file /home/airflow/.local/lib/python3.8/site-packages/airflow/example_dags/example_task_group.py for tasks to queue
[2025-02-20T18:12:42.181+0000] {logging_mixin.py:188} INFO - [2025-02-20T18:12:42.181+0000] {dagbag.py:538} INFO - Filling up the DagBag from /home/airflow/.local/lib/python3.8/site-packages/airflow/example_dags/example_task_group.py
[2025-02-20T18:12:42.194+0000] {processor.py:840} INFO - DAG(s) 'example_task_group' retrieved from /home/airflow/.local/lib/python3.8/site-packages/airflow/example_dags/example_task_group.py
[2025-02-20T18:12:42.233+0000] {logging_mixin.py:188} INFO - [2025-02-20T18:12:42.233+0000] {dag.py:3036} INFO - Sync 1 DAGs
[2025-02-20T18:12:42.263+0000] {logging_mixin.py:188} INFO - [2025-02-20T18:12:42.263+0000] {dag.py:3823} INFO - Setting next_dagrun for example_task_group to 2025-02-19 00:00:00+00:00, run_after=2025-02-20 00:00:00+00:00
[2025-02-20T18:12:42.296+0000] {processor.py:183} INFO - Processing /home/airflow/.local/lib/python3.8/site-packages/airflow/example_dags/example_task_group.py took 0.126 seconds
[2025-02-20T20:05:29.464+0000] {processor.py:161} INFO - Started process (PID=3563) to work on /home/airflow/.local/lib/python3.8/site-packages/airflow/example_dags/example_task_group.py
[2025-02-20T20:05:29.466+0000] {processor.py:830} INFO - Processing file /home/airflow/.local/lib/python3.8/site-packages/airflow/example_dags/example_task_group.py for tasks to queue
[2025-02-20T20:05:29.470+0000] {logging_mixin.py:188} INFO - [2025-02-20T20:05:29.469+0000] {dagbag.py:538} INFO - Filling up the DagBag from /home/airflow/.local/lib/python3.8/site-packages/airflow/example_dags/example_task_group.py
[2025-02-20T20:05:29.487+0000] {processor.py:840} INFO - DAG(s) 'example_task_group' retrieved from /home/airflow/.local/lib/python3.8/site-packages/airflow/example_dags/example_task_group.py
[2025-02-20T20:05:29.569+0000] {logging_mixin.py:188} INFO - [2025-02-20T20:05:29.568+0000] {dag.py:3036} INFO - Sync 1 DAGs
[2025-02-20T20:05:29.635+0000] {logging_mixin.py:188} INFO - [2025-02-20T20:05:29.635+0000] {dag.py:3823} INFO - Setting next_dagrun for example_task_group to 2025-02-19 00:00:00+00:00, run_after=2025-02-20 00:00:00+00:00
[2025-02-20T20:05:29.774+0000] {processor.py:183} INFO - Processing /home/airflow/.local/lib/python3.8/site-packages/airflow/example_dags/example_task_group.py took 0.316 seconds
[2025-02-20T20:06:00.482+0000] {processor.py:161} INFO - Started process (PID=3621) to work on /home/airflow/.local/lib/python3.8/site-packages/airflow/example_dags/example_task_group.py
[2025-02-20T20:06:00.484+0000] {processor.py:830} INFO - Processing file /home/airflow/.local/lib/python3.8/site-packages/airflow/example_dags/example_task_group.py for tasks to queue
[2025-02-20T20:06:00.487+0000] {logging_mixin.py:188} INFO - [2025-02-20T20:06:00.487+0000] {dagbag.py:538} INFO - Filling up the DagBag from /home/airflow/.local/lib/python3.8/site-packages/airflow/example_dags/example_task_group.py
[2025-02-20T20:06:00.501+0000] {processor.py:840} INFO - DAG(s) 'example_task_group' retrieved from /home/airflow/.local/lib/python3.8/site-packages/airflow/example_dags/example_task_group.py
[2025-02-20T20:06:00.542+0000] {logging_mixin.py:188} INFO - [2025-02-20T20:06:00.542+0000] {dag.py:3036} INFO - Sync 1 DAGs
[2025-02-20T20:06:00.583+0000] {logging_mixin.py:188} INFO - [2025-02-20T20:06:00.583+0000] {dag.py:3823} INFO - Setting next_dagrun for example_task_group to 2025-02-19 00:00:00+00:00, run_after=2025-02-20 00:00:00+00:00
[2025-02-20T20:06:00.623+0000] {processor.py:183} INFO - Processing /home/airflow/.local/lib/python3.8/site-packages/airflow/example_dags/example_task_group.py took 0.147 seconds
[2025-02-20T20:18:54.225+0000] {processor.py:161} INFO - Started process (PID=3654) to work on /home/airflow/.local/lib/python3.8/site-packages/airflow/example_dags/example_task_group.py
[2025-02-20T20:18:54.240+0000] {processor.py:830} INFO - Processing file /home/airflow/.local/lib/python3.8/site-packages/airflow/example_dags/example_task_group.py for tasks to queue
[2025-02-20T20:18:54.252+0000] {logging_mixin.py:188} INFO - [2025-02-20T20:18:54.251+0000] {dagbag.py:538} INFO - Filling up the DagBag from /home/airflow/.local/lib/python3.8/site-packages/airflow/example_dags/example_task_group.py
[2025-02-20T20:18:54.333+0000] {processor.py:840} INFO - DAG(s) 'example_task_group' retrieved from /home/airflow/.local/lib/python3.8/site-packages/airflow/example_dags/example_task_group.py
[2025-02-20T20:18:54.916+0000] {logging_mixin.py:188} INFO - [2025-02-20T20:18:54.915+0000] {dag.py:3036} INFO - Sync 1 DAGs
[2025-02-20T20:18:55.012+0000] {logging_mixin.py:188} INFO - [2025-02-20T20:18:55.012+0000] {dag.py:3823} INFO - Setting next_dagrun for example_task_group to 2025-02-19 00:00:00+00:00, run_after=2025-02-20 00:00:00+00:00
[2025-02-20T20:18:55.105+0000] {processor.py:183} INFO - Processing /home/airflow/.local/lib/python3.8/site-packages/airflow/example_dags/example_task_group.py took 1.000 seconds
[2025-02-20T20:19:25.932+0000] {processor.py:161} INFO - Started process (PID=3712) to work on /home/airflow/.local/lib/python3.8/site-packages/airflow/example_dags/example_task_group.py
[2025-02-20T20:19:25.935+0000] {processor.py:830} INFO - Processing file /home/airflow/.local/lib/python3.8/site-packages/airflow/example_dags/example_task_group.py for tasks to queue
[2025-02-20T20:19:25.938+0000] {logging_mixin.py:188} INFO - [2025-02-20T20:19:25.938+0000] {dagbag.py:538} INFO - Filling up the DagBag from /home/airflow/.local/lib/python3.8/site-packages/airflow/example_dags/example_task_group.py
[2025-02-20T20:19:25.953+0000] {processor.py:840} INFO - DAG(s) 'example_task_group' retrieved from /home/airflow/.local/lib/python3.8/site-packages/airflow/example_dags/example_task_group.py
[2025-02-20T20:19:25.993+0000] {logging_mixin.py:188} INFO - [2025-02-20T20:19:25.992+0000] {dag.py:3036} INFO - Sync 1 DAGs
[2025-02-20T20:19:26.022+0000] {logging_mixin.py:188} INFO - [2025-02-20T20:19:26.022+0000] {dag.py:3823} INFO - Setting next_dagrun for example_task_group to 2025-02-19 00:00:00+00:00, run_after=2025-02-20 00:00:00+00:00
[2025-02-20T20:19:26.058+0000] {processor.py:183} INFO - Processing /home/airflow/.local/lib/python3.8/site-packages/airflow/example_dags/example_task_group.py took 0.131 seconds
[2025-02-20T22:14:20.258+0000] {processor.py:161} INFO - Started process (PID=3753) to work on /home/airflow/.local/lib/python3.8/site-packages/airflow/example_dags/example_task_group.py
[2025-02-20T22:14:20.262+0000] {processor.py:830} INFO - Processing file /home/airflow/.local/lib/python3.8/site-packages/airflow/example_dags/example_task_group.py for tasks to queue
[2025-02-20T22:14:20.276+0000] {logging_mixin.py:188} INFO - [2025-02-20T22:14:20.275+0000] {dagbag.py:538} INFO - Filling up the DagBag from /home/airflow/.local/lib/python3.8/site-packages/airflow/example_dags/example_task_group.py
[2025-02-20T22:14:20.342+0000] {processor.py:840} INFO - DAG(s) 'example_task_group' retrieved from /home/airflow/.local/lib/python3.8/site-packages/airflow/example_dags/example_task_group.py
[2025-02-20T22:14:20.499+0000] {logging_mixin.py:188} INFO - [2025-02-20T22:14:20.497+0000] {dag.py:3036} INFO - Sync 1 DAGs
[2025-02-20T22:14:20.697+0000] {logging_mixin.py:188} INFO - [2025-02-20T22:14:20.694+0000] {dag.py:3823} INFO - Setting next_dagrun for example_task_group to 2025-02-19 00:00:00+00:00, run_after=2025-02-20 00:00:00+00:00
[2025-02-20T22:14:20.801+0000] {processor.py:183} INFO - Processing /home/airflow/.local/lib/python3.8/site-packages/airflow/example_dags/example_task_group.py took 0.551 seconds
[2025-02-20T22:14:50.938+0000] {processor.py:161} INFO - Started process (PID=3810) to work on /home/airflow/.local/lib/python3.8/site-packages/airflow/example_dags/example_task_group.py
[2025-02-20T22:14:50.943+0000] {processor.py:830} INFO - Processing file /home/airflow/.local/lib/python3.8/site-packages/airflow/example_dags/example_task_group.py for tasks to queue
[2025-02-20T22:14:50.948+0000] {logging_mixin.py:188} INFO - [2025-02-20T22:14:50.948+0000] {dagbag.py:538} INFO - Filling up the DagBag from /home/airflow/.local/lib/python3.8/site-packages/airflow/example_dags/example_task_group.py
[2025-02-20T22:14:50.959+0000] {processor.py:840} INFO - DAG(s) 'example_task_group' retrieved from /home/airflow/.local/lib/python3.8/site-packages/airflow/example_dags/example_task_group.py
[2025-02-20T22:14:50.996+0000] {logging_mixin.py:188} INFO - [2025-02-20T22:14:50.996+0000] {dag.py:3036} INFO - Sync 1 DAGs
[2025-02-20T22:14:51.050+0000] {logging_mixin.py:188} INFO - [2025-02-20T22:14:51.050+0000] {dag.py:3823} INFO - Setting next_dagrun for example_task_group to 2025-02-19 00:00:00+00:00, run_after=2025-02-20 00:00:00+00:00
[2025-02-20T22:14:51.101+0000] {processor.py:183} INFO - Processing /home/airflow/.local/lib/python3.8/site-packages/airflow/example_dags/example_task_group.py took 0.170 seconds
