[2025-02-20T13:46:06.429+0000] {processor.py:161} INFO - Started process (PID=124) to work on /home/airflow/.local/lib/python3.8/site-packages/airflow/example_dags/example_bash_operator.py
[2025-02-20T13:46:06.431+0000] {processor.py:830} INFO - Processing file /home/airflow/.local/lib/python3.8/site-packages/airflow/example_dags/example_bash_operator.py for tasks to queue
[2025-02-20T13:46:06.436+0000] {logging_mixin.py:188} INFO - [2025-02-20T13:46:06.436+0000] {dagbag.py:538} INFO - Filling up the DagBag from /home/airflow/.local/lib/python3.8/site-packages/airflow/example_dags/example_bash_operator.py
[2025-02-20T13:46:06.476+0000] {processor.py:840} INFO - DAG(s) 'example_bash_operator' retrieved from /home/airflow/.local/lib/python3.8/site-packages/airflow/example_dags/example_bash_operator.py
[2025-02-20T13:46:06.528+0000] {logging_mixin.py:188} INFO - [2025-02-20T13:46:06.528+0000] {dag.py:3036} INFO - Sync 1 DAGs
[2025-02-20T13:46:06.579+0000] {logging_mixin.py:188} INFO - [2025-02-20T13:46:06.579+0000] {dag.py:3823} INFO - Setting next_dagrun for example_bash_operator to 2025-02-19 00:00:00+00:00, run_after=2025-02-20 00:00:00+00:00
[2025-02-20T13:46:06.626+0000] {processor.py:183} INFO - Processing /home/airflow/.local/lib/python3.8/site-packages/airflow/example_dags/example_bash_operator.py took 0.205 seconds
[2025-02-20T13:46:37.805+0000] {processor.py:161} INFO - Started process (PID=189) to work on /home/airflow/.local/lib/python3.8/site-packages/airflow/example_dags/example_bash_operator.py
[2025-02-20T13:46:37.807+0000] {processor.py:830} INFO - Processing file /home/airflow/.local/lib/python3.8/site-packages/airflow/example_dags/example_bash_operator.py for tasks to queue
[2025-02-20T13:46:37.810+0000] {logging_mixin.py:188} INFO - [2025-02-20T13:46:37.810+0000] {dagbag.py:538} INFO - Filling up the DagBag from /home/airflow/.local/lib/python3.8/site-packages/airflow/example_dags/example_bash_operator.py
[2025-02-20T13:46:37.827+0000] {processor.py:840} INFO - DAG(s) 'example_bash_operator' retrieved from /home/airflow/.local/lib/python3.8/site-packages/airflow/example_dags/example_bash_operator.py
[2025-02-20T13:46:37.916+0000] {logging_mixin.py:188} INFO - [2025-02-20T13:46:37.915+0000] {dag.py:3036} INFO - Sync 1 DAGs
[2025-02-20T13:46:37.991+0000] {logging_mixin.py:188} INFO - [2025-02-20T13:46:37.991+0000] {dag.py:3823} INFO - Setting next_dagrun for example_bash_operator to 2025-02-19 00:00:00+00:00, run_after=2025-02-20 00:00:00+00:00
[2025-02-20T13:46:38.037+0000] {processor.py:183} INFO - Processing /home/airflow/.local/lib/python3.8/site-packages/airflow/example_dags/example_bash_operator.py took 0.238 seconds
[2025-02-20T13:47:08.125+0000] {processor.py:161} INFO - Started process (PID=254) to work on /home/airflow/.local/lib/python3.8/site-packages/airflow/example_dags/example_bash_operator.py
[2025-02-20T13:47:08.127+0000] {processor.py:830} INFO - Processing file /home/airflow/.local/lib/python3.8/site-packages/airflow/example_dags/example_bash_operator.py for tasks to queue
[2025-02-20T13:47:08.131+0000] {logging_mixin.py:188} INFO - [2025-02-20T13:47:08.130+0000] {dagbag.py:538} INFO - Filling up the DagBag from /home/airflow/.local/lib/python3.8/site-packages/airflow/example_dags/example_bash_operator.py
[2025-02-20T13:47:08.163+0000] {processor.py:840} INFO - DAG(s) 'example_bash_operator' retrieved from /home/airflow/.local/lib/python3.8/site-packages/airflow/example_dags/example_bash_operator.py
[2025-02-20T13:47:08.233+0000] {logging_mixin.py:188} INFO - [2025-02-20T13:47:08.233+0000] {dag.py:3036} INFO - Sync 1 DAGs
[2025-02-20T13:47:08.320+0000] {logging_mixin.py:188} INFO - [2025-02-20T13:47:08.319+0000] {dag.py:3823} INFO - Setting next_dagrun for example_bash_operator to 2025-02-19 00:00:00+00:00, run_after=2025-02-20 00:00:00+00:00
[2025-02-20T13:47:08.406+0000] {processor.py:183} INFO - Processing /home/airflow/.local/lib/python3.8/site-packages/airflow/example_dags/example_bash_operator.py took 0.285 seconds
[2025-02-20T13:47:40.215+0000] {processor.py:161} INFO - Started process (PID=320) to work on /home/airflow/.local/lib/python3.8/site-packages/airflow/example_dags/example_bash_operator.py
[2025-02-20T13:47:40.217+0000] {processor.py:830} INFO - Processing file /home/airflow/.local/lib/python3.8/site-packages/airflow/example_dags/example_bash_operator.py for tasks to queue
[2025-02-20T13:47:40.220+0000] {logging_mixin.py:188} INFO - [2025-02-20T13:47:40.220+0000] {dagbag.py:538} INFO - Filling up the DagBag from /home/airflow/.local/lib/python3.8/site-packages/airflow/example_dags/example_bash_operator.py
[2025-02-20T13:47:40.266+0000] {processor.py:840} INFO - DAG(s) 'example_bash_operator' retrieved from /home/airflow/.local/lib/python3.8/site-packages/airflow/example_dags/example_bash_operator.py
[2025-02-20T13:47:40.507+0000] {logging_mixin.py:188} INFO - [2025-02-20T13:47:40.507+0000] {dag.py:3036} INFO - Sync 1 DAGs
[2025-02-20T13:47:40.567+0000] {logging_mixin.py:188} INFO - [2025-02-20T13:47:40.567+0000] {dag.py:3823} INFO - Setting next_dagrun for example_bash_operator to 2025-02-19 00:00:00+00:00, run_after=2025-02-20 00:00:00+00:00
[2025-02-20T13:47:40.640+0000] {processor.py:183} INFO - Processing /home/airflow/.local/lib/python3.8/site-packages/airflow/example_dags/example_bash_operator.py took 0.436 seconds
[2025-02-20T13:48:11.317+0000] {processor.py:161} INFO - Started process (PID=384) to work on /home/airflow/.local/lib/python3.8/site-packages/airflow/example_dags/example_bash_operator.py
[2025-02-20T13:48:11.320+0000] {processor.py:830} INFO - Processing file /home/airflow/.local/lib/python3.8/site-packages/airflow/example_dags/example_bash_operator.py for tasks to queue
[2025-02-20T13:48:11.323+0000] {logging_mixin.py:188} INFO - [2025-02-20T13:48:11.323+0000] {dagbag.py:538} INFO - Filling up the DagBag from /home/airflow/.local/lib/python3.8/site-packages/airflow/example_dags/example_bash_operator.py
[2025-02-20T13:48:11.342+0000] {processor.py:840} INFO - DAG(s) 'example_bash_operator' retrieved from /home/airflow/.local/lib/python3.8/site-packages/airflow/example_dags/example_bash_operator.py
[2025-02-20T13:48:11.392+0000] {logging_mixin.py:188} INFO - [2025-02-20T13:48:11.392+0000] {dag.py:3036} INFO - Sync 1 DAGs
[2025-02-20T13:48:11.447+0000] {logging_mixin.py:188} INFO - [2025-02-20T13:48:11.444+0000] {dag.py:3823} INFO - Setting next_dagrun for example_bash_operator to 2025-02-19 00:00:00+00:00, run_after=2025-02-20 00:00:00+00:00
[2025-02-20T13:48:11.477+0000] {processor.py:183} INFO - Processing /home/airflow/.local/lib/python3.8/site-packages/airflow/example_dags/example_bash_operator.py took 0.165 seconds
[2025-02-20T13:48:42.399+0000] {processor.py:161} INFO - Started process (PID=448) to work on /home/airflow/.local/lib/python3.8/site-packages/airflow/example_dags/example_bash_operator.py
[2025-02-20T13:48:42.402+0000] {processor.py:830} INFO - Processing file /home/airflow/.local/lib/python3.8/site-packages/airflow/example_dags/example_bash_operator.py for tasks to queue
[2025-02-20T13:48:42.408+0000] {logging_mixin.py:188} INFO - [2025-02-20T13:48:42.407+0000] {dagbag.py:538} INFO - Filling up the DagBag from /home/airflow/.local/lib/python3.8/site-packages/airflow/example_dags/example_bash_operator.py
[2025-02-20T13:48:42.778+0000] {processor.py:840} INFO - DAG(s) 'example_bash_operator' retrieved from /home/airflow/.local/lib/python3.8/site-packages/airflow/example_dags/example_bash_operator.py
[2025-02-20T13:48:43.055+0000] {logging_mixin.py:188} INFO - [2025-02-20T13:48:43.054+0000] {dag.py:3036} INFO - Sync 1 DAGs
[2025-02-20T13:48:43.273+0000] {logging_mixin.py:188} INFO - [2025-02-20T13:48:43.271+0000] {dag.py:3823} INFO - Setting next_dagrun for example_bash_operator to 2025-02-19 00:00:00+00:00, run_after=2025-02-20 00:00:00+00:00
[2025-02-20T13:48:43.345+0000] {processor.py:183} INFO - Processing /home/airflow/.local/lib/python3.8/site-packages/airflow/example_dags/example_bash_operator.py took 0.951 seconds
[2025-02-20T13:49:13.963+0000] {processor.py:161} INFO - Started process (PID=513) to work on /home/airflow/.local/lib/python3.8/site-packages/airflow/example_dags/example_bash_operator.py
[2025-02-20T13:49:13.966+0000] {processor.py:830} INFO - Processing file /home/airflow/.local/lib/python3.8/site-packages/airflow/example_dags/example_bash_operator.py for tasks to queue
[2025-02-20T13:49:13.969+0000] {logging_mixin.py:188} INFO - [2025-02-20T13:49:13.968+0000] {dagbag.py:538} INFO - Filling up the DagBag from /home/airflow/.local/lib/python3.8/site-packages/airflow/example_dags/example_bash_operator.py
[2025-02-20T13:49:14.000+0000] {processor.py:840} INFO - DAG(s) 'example_bash_operator' retrieved from /home/airflow/.local/lib/python3.8/site-packages/airflow/example_dags/example_bash_operator.py
[2025-02-20T13:49:14.198+0000] {logging_mixin.py:188} INFO - [2025-02-20T13:49:14.197+0000] {dag.py:3036} INFO - Sync 1 DAGs
[2025-02-20T13:49:14.266+0000] {logging_mixin.py:188} INFO - [2025-02-20T13:49:14.265+0000] {dag.py:3823} INFO - Setting next_dagrun for example_bash_operator to 2025-02-19 00:00:00+00:00, run_after=2025-02-20 00:00:00+00:00
[2025-02-20T13:49:14.328+0000] {processor.py:183} INFO - Processing /home/airflow/.local/lib/python3.8/site-packages/airflow/example_dags/example_bash_operator.py took 0.372 seconds
[2025-02-20T13:49:44.913+0000] {processor.py:161} INFO - Started process (PID=579) to work on /home/airflow/.local/lib/python3.8/site-packages/airflow/example_dags/example_bash_operator.py
[2025-02-20T13:49:44.916+0000] {processor.py:830} INFO - Processing file /home/airflow/.local/lib/python3.8/site-packages/airflow/example_dags/example_bash_operator.py for tasks to queue
[2025-02-20T13:49:44.922+0000] {logging_mixin.py:188} INFO - [2025-02-20T13:49:44.921+0000] {dagbag.py:538} INFO - Filling up the DagBag from /home/airflow/.local/lib/python3.8/site-packages/airflow/example_dags/example_bash_operator.py
[2025-02-20T13:49:44.968+0000] {processor.py:840} INFO - DAG(s) 'example_bash_operator' retrieved from /home/airflow/.local/lib/python3.8/site-packages/airflow/example_dags/example_bash_operator.py
[2025-02-20T13:49:45.064+0000] {logging_mixin.py:188} INFO - [2025-02-20T13:49:45.063+0000] {dag.py:3036} INFO - Sync 1 DAGs
[2025-02-20T13:49:45.123+0000] {logging_mixin.py:188} INFO - [2025-02-20T13:49:45.123+0000] {dag.py:3823} INFO - Setting next_dagrun for example_bash_operator to 2025-02-19 00:00:00+00:00, run_after=2025-02-20 00:00:00+00:00
[2025-02-20T13:49:45.186+0000] {processor.py:183} INFO - Processing /home/airflow/.local/lib/python3.8/site-packages/airflow/example_dags/example_bash_operator.py took 0.279 seconds
[2025-02-20T13:50:15.366+0000] {processor.py:161} INFO - Started process (PID=644) to work on /home/airflow/.local/lib/python3.8/site-packages/airflow/example_dags/example_bash_operator.py
[2025-02-20T13:50:15.370+0000] {processor.py:830} INFO - Processing file /home/airflow/.local/lib/python3.8/site-packages/airflow/example_dags/example_bash_operator.py for tasks to queue
[2025-02-20T13:50:15.373+0000] {logging_mixin.py:188} INFO - [2025-02-20T13:50:15.372+0000] {dagbag.py:538} INFO - Filling up the DagBag from /home/airflow/.local/lib/python3.8/site-packages/airflow/example_dags/example_bash_operator.py
[2025-02-20T13:50:15.396+0000] {processor.py:840} INFO - DAG(s) 'example_bash_operator' retrieved from /home/airflow/.local/lib/python3.8/site-packages/airflow/example_dags/example_bash_operator.py
[2025-02-20T13:50:15.458+0000] {logging_mixin.py:188} INFO - [2025-02-20T13:50:15.458+0000] {dag.py:3036} INFO - Sync 1 DAGs
[2025-02-20T13:50:15.503+0000] {logging_mixin.py:188} INFO - [2025-02-20T13:50:15.503+0000] {dag.py:3823} INFO - Setting next_dagrun for example_bash_operator to 2025-02-19 00:00:00+00:00, run_after=2025-02-20 00:00:00+00:00
[2025-02-20T13:50:15.536+0000] {processor.py:183} INFO - Processing /home/airflow/.local/lib/python3.8/site-packages/airflow/example_dags/example_bash_operator.py took 0.173 seconds
[2025-02-20T13:50:45.896+0000] {processor.py:161} INFO - Started process (PID=709) to work on /home/airflow/.local/lib/python3.8/site-packages/airflow/example_dags/example_bash_operator.py
[2025-02-20T13:50:45.897+0000] {processor.py:830} INFO - Processing file /home/airflow/.local/lib/python3.8/site-packages/airflow/example_dags/example_bash_operator.py for tasks to queue
[2025-02-20T13:50:45.903+0000] {logging_mixin.py:188} INFO - [2025-02-20T13:50:45.902+0000] {dagbag.py:538} INFO - Filling up the DagBag from /home/airflow/.local/lib/python3.8/site-packages/airflow/example_dags/example_bash_operator.py
[2025-02-20T13:50:45.933+0000] {processor.py:840} INFO - DAG(s) 'example_bash_operator' retrieved from /home/airflow/.local/lib/python3.8/site-packages/airflow/example_dags/example_bash_operator.py
[2025-02-20T13:50:46.000+0000] {logging_mixin.py:188} INFO - [2025-02-20T13:50:46.000+0000] {dag.py:3036} INFO - Sync 1 DAGs
[2025-02-20T13:50:46.033+0000] {logging_mixin.py:188} INFO - [2025-02-20T13:50:46.033+0000] {dag.py:3823} INFO - Setting next_dagrun for example_bash_operator to 2025-02-19 00:00:00+00:00, run_after=2025-02-20 00:00:00+00:00
[2025-02-20T13:50:46.063+0000] {processor.py:183} INFO - Processing /home/airflow/.local/lib/python3.8/site-packages/airflow/example_dags/example_bash_operator.py took 0.174 seconds
[2025-02-20T13:51:17.273+0000] {processor.py:161} INFO - Started process (PID=773) to work on /home/airflow/.local/lib/python3.8/site-packages/airflow/example_dags/example_bash_operator.py
[2025-02-20T13:51:17.275+0000] {processor.py:830} INFO - Processing file /home/airflow/.local/lib/python3.8/site-packages/airflow/example_dags/example_bash_operator.py for tasks to queue
[2025-02-20T13:51:17.278+0000] {logging_mixin.py:188} INFO - [2025-02-20T13:51:17.277+0000] {dagbag.py:538} INFO - Filling up the DagBag from /home/airflow/.local/lib/python3.8/site-packages/airflow/example_dags/example_bash_operator.py
[2025-02-20T13:51:17.300+0000] {processor.py:840} INFO - DAG(s) 'example_bash_operator' retrieved from /home/airflow/.local/lib/python3.8/site-packages/airflow/example_dags/example_bash_operator.py
[2025-02-20T13:51:17.350+0000] {logging_mixin.py:188} INFO - [2025-02-20T13:51:17.349+0000] {dag.py:3036} INFO - Sync 1 DAGs
[2025-02-20T13:51:17.384+0000] {logging_mixin.py:188} INFO - [2025-02-20T13:51:17.383+0000] {dag.py:3823} INFO - Setting next_dagrun for example_bash_operator to 2025-02-19 00:00:00+00:00, run_after=2025-02-20 00:00:00+00:00
[2025-02-20T13:51:17.412+0000] {processor.py:183} INFO - Processing /home/airflow/.local/lib/python3.8/site-packages/airflow/example_dags/example_bash_operator.py took 0.144 seconds
[2025-02-20T13:51:47.632+0000] {processor.py:161} INFO - Started process (PID=838) to work on /home/airflow/.local/lib/python3.8/site-packages/airflow/example_dags/example_bash_operator.py
[2025-02-20T13:51:47.635+0000] {processor.py:830} INFO - Processing file /home/airflow/.local/lib/python3.8/site-packages/airflow/example_dags/example_bash_operator.py for tasks to queue
[2025-02-20T13:51:47.640+0000] {logging_mixin.py:188} INFO - [2025-02-20T13:51:47.639+0000] {dagbag.py:538} INFO - Filling up the DagBag from /home/airflow/.local/lib/python3.8/site-packages/airflow/example_dags/example_bash_operator.py
[2025-02-20T13:51:47.666+0000] {processor.py:840} INFO - DAG(s) 'example_bash_operator' retrieved from /home/airflow/.local/lib/python3.8/site-packages/airflow/example_dags/example_bash_operator.py
[2025-02-20T13:51:47.730+0000] {logging_mixin.py:188} INFO - [2025-02-20T13:51:47.729+0000] {dag.py:3036} INFO - Sync 1 DAGs
[2025-02-20T13:51:47.796+0000] {logging_mixin.py:188} INFO - [2025-02-20T13:51:47.795+0000] {dag.py:3823} INFO - Setting next_dagrun for example_bash_operator to 2025-02-19 00:00:00+00:00, run_after=2025-02-20 00:00:00+00:00
[2025-02-20T13:51:47.954+0000] {processor.py:183} INFO - Processing /home/airflow/.local/lib/python3.8/site-packages/airflow/example_dags/example_bash_operator.py took 0.332 seconds
[2025-02-20T13:52:18.400+0000] {processor.py:161} INFO - Started process (PID=902) to work on /home/airflow/.local/lib/python3.8/site-packages/airflow/example_dags/example_bash_operator.py
[2025-02-20T13:52:18.402+0000] {processor.py:830} INFO - Processing file /home/airflow/.local/lib/python3.8/site-packages/airflow/example_dags/example_bash_operator.py for tasks to queue
[2025-02-20T13:52:18.411+0000] {logging_mixin.py:188} INFO - [2025-02-20T13:52:18.411+0000] {dagbag.py:538} INFO - Filling up the DagBag from /home/airflow/.local/lib/python3.8/site-packages/airflow/example_dags/example_bash_operator.py
[2025-02-20T13:52:18.453+0000] {processor.py:840} INFO - DAG(s) 'example_bash_operator' retrieved from /home/airflow/.local/lib/python3.8/site-packages/airflow/example_dags/example_bash_operator.py
[2025-02-20T13:52:18.597+0000] {logging_mixin.py:188} INFO - [2025-02-20T13:52:18.597+0000] {dag.py:3036} INFO - Sync 1 DAGs
[2025-02-20T13:52:18.681+0000] {logging_mixin.py:188} INFO - [2025-02-20T13:52:18.679+0000] {dag.py:3823} INFO - Setting next_dagrun for example_bash_operator to 2025-02-19 00:00:00+00:00, run_after=2025-02-20 00:00:00+00:00
[2025-02-20T13:52:18.767+0000] {processor.py:183} INFO - Processing /home/airflow/.local/lib/python3.8/site-packages/airflow/example_dags/example_bash_operator.py took 0.373 seconds
[2025-02-20T13:52:49.796+0000] {processor.py:161} INFO - Started process (PID=967) to work on /home/airflow/.local/lib/python3.8/site-packages/airflow/example_dags/example_bash_operator.py
[2025-02-20T13:52:49.798+0000] {processor.py:830} INFO - Processing file /home/airflow/.local/lib/python3.8/site-packages/airflow/example_dags/example_bash_operator.py for tasks to queue
[2025-02-20T13:52:49.805+0000] {logging_mixin.py:188} INFO - [2025-02-20T13:52:49.805+0000] {dagbag.py:538} INFO - Filling up the DagBag from /home/airflow/.local/lib/python3.8/site-packages/airflow/example_dags/example_bash_operator.py
[2025-02-20T13:52:49.843+0000] {processor.py:840} INFO - DAG(s) 'example_bash_operator' retrieved from /home/airflow/.local/lib/python3.8/site-packages/airflow/example_dags/example_bash_operator.py
[2025-02-20T13:52:49.928+0000] {logging_mixin.py:188} INFO - [2025-02-20T13:52:49.928+0000] {dag.py:3036} INFO - Sync 1 DAGs
[2025-02-20T13:52:50.010+0000] {logging_mixin.py:188} INFO - [2025-02-20T13:52:50.010+0000] {dag.py:3823} INFO - Setting next_dagrun for example_bash_operator to 2025-02-19 00:00:00+00:00, run_after=2025-02-20 00:00:00+00:00
[2025-02-20T13:52:50.048+0000] {processor.py:183} INFO - Processing /home/airflow/.local/lib/python3.8/site-packages/airflow/example_dags/example_bash_operator.py took 0.261 seconds
[2025-02-20T13:53:20.639+0000] {processor.py:161} INFO - Started process (PID=1032) to work on /home/airflow/.local/lib/python3.8/site-packages/airflow/example_dags/example_bash_operator.py
[2025-02-20T13:53:20.640+0000] {processor.py:830} INFO - Processing file /home/airflow/.local/lib/python3.8/site-packages/airflow/example_dags/example_bash_operator.py for tasks to queue
[2025-02-20T13:53:20.643+0000] {logging_mixin.py:188} INFO - [2025-02-20T13:53:20.643+0000] {dagbag.py:538} INFO - Filling up the DagBag from /home/airflow/.local/lib/python3.8/site-packages/airflow/example_dags/example_bash_operator.py
[2025-02-20T13:53:20.662+0000] {processor.py:840} INFO - DAG(s) 'example_bash_operator' retrieved from /home/airflow/.local/lib/python3.8/site-packages/airflow/example_dags/example_bash_operator.py
[2025-02-20T13:53:20.708+0000] {logging_mixin.py:188} INFO - [2025-02-20T13:53:20.708+0000] {dag.py:3036} INFO - Sync 1 DAGs
[2025-02-20T13:53:20.796+0000] {logging_mixin.py:188} INFO - [2025-02-20T13:53:20.796+0000] {dag.py:3823} INFO - Setting next_dagrun for example_bash_operator to 2025-02-19 00:00:00+00:00, run_after=2025-02-20 00:00:00+00:00
[2025-02-20T13:53:20.838+0000] {processor.py:183} INFO - Processing /home/airflow/.local/lib/python3.8/site-packages/airflow/example_dags/example_bash_operator.py took 0.204 seconds
[2025-02-20T13:53:51.689+0000] {processor.py:161} INFO - Started process (PID=1097) to work on /home/airflow/.local/lib/python3.8/site-packages/airflow/example_dags/example_bash_operator.py
[2025-02-20T13:53:51.691+0000] {processor.py:830} INFO - Processing file /home/airflow/.local/lib/python3.8/site-packages/airflow/example_dags/example_bash_operator.py for tasks to queue
[2025-02-20T13:53:51.694+0000] {logging_mixin.py:188} INFO - [2025-02-20T13:53:51.693+0000] {dagbag.py:538} INFO - Filling up the DagBag from /home/airflow/.local/lib/python3.8/site-packages/airflow/example_dags/example_bash_operator.py
[2025-02-20T13:53:51.716+0000] {processor.py:840} INFO - DAG(s) 'example_bash_operator' retrieved from /home/airflow/.local/lib/python3.8/site-packages/airflow/example_dags/example_bash_operator.py
[2025-02-20T13:53:51.768+0000] {logging_mixin.py:188} INFO - [2025-02-20T13:53:51.768+0000] {dag.py:3036} INFO - Sync 1 DAGs
[2025-02-20T13:53:51.811+0000] {logging_mixin.py:188} INFO - [2025-02-20T13:53:51.810+0000] {dag.py:3823} INFO - Setting next_dagrun for example_bash_operator to 2025-02-19 00:00:00+00:00, run_after=2025-02-20 00:00:00+00:00
[2025-02-20T13:53:51.840+0000] {processor.py:183} INFO - Processing /home/airflow/.local/lib/python3.8/site-packages/airflow/example_dags/example_bash_operator.py took 0.155 seconds
[2025-02-20T13:54:23.055+0000] {processor.py:161} INFO - Started process (PID=1170) to work on /home/airflow/.local/lib/python3.8/site-packages/airflow/example_dags/example_bash_operator.py
[2025-02-20T13:54:23.057+0000] {processor.py:830} INFO - Processing file /home/airflow/.local/lib/python3.8/site-packages/airflow/example_dags/example_bash_operator.py for tasks to queue
[2025-02-20T13:54:23.061+0000] {logging_mixin.py:188} INFO - [2025-02-20T13:54:23.060+0000] {dagbag.py:538} INFO - Filling up the DagBag from /home/airflow/.local/lib/python3.8/site-packages/airflow/example_dags/example_bash_operator.py
[2025-02-20T13:54:23.109+0000] {processor.py:840} INFO - DAG(s) 'example_bash_operator' retrieved from /home/airflow/.local/lib/python3.8/site-packages/airflow/example_dags/example_bash_operator.py
[2025-02-20T13:54:23.167+0000] {logging_mixin.py:188} INFO - [2025-02-20T13:54:23.167+0000] {dag.py:3036} INFO - Sync 1 DAGs
[2025-02-20T13:54:23.209+0000] {logging_mixin.py:188} INFO - [2025-02-20T13:54:23.208+0000] {dag.py:3823} INFO - Setting next_dagrun for example_bash_operator to 2025-02-19 00:00:00+00:00, run_after=2025-02-20 00:00:00+00:00
[2025-02-20T13:54:23.241+0000] {processor.py:183} INFO - Processing /home/airflow/.local/lib/python3.8/site-packages/airflow/example_dags/example_bash_operator.py took 0.194 seconds
[2025-02-20T13:54:54.195+0000] {processor.py:161} INFO - Started process (PID=1235) to work on /home/airflow/.local/lib/python3.8/site-packages/airflow/example_dags/example_bash_operator.py
[2025-02-20T13:54:54.196+0000] {processor.py:830} INFO - Processing file /home/airflow/.local/lib/python3.8/site-packages/airflow/example_dags/example_bash_operator.py for tasks to queue
[2025-02-20T13:54:54.200+0000] {logging_mixin.py:188} INFO - [2025-02-20T13:54:54.200+0000] {dagbag.py:538} INFO - Filling up the DagBag from /home/airflow/.local/lib/python3.8/site-packages/airflow/example_dags/example_bash_operator.py
[2025-02-20T13:54:54.224+0000] {processor.py:840} INFO - DAG(s) 'example_bash_operator' retrieved from /home/airflow/.local/lib/python3.8/site-packages/airflow/example_dags/example_bash_operator.py
[2025-02-20T13:54:54.287+0000] {logging_mixin.py:188} INFO - [2025-02-20T13:54:54.287+0000] {dag.py:3036} INFO - Sync 1 DAGs
[2025-02-20T13:54:54.345+0000] {logging_mixin.py:188} INFO - [2025-02-20T13:54:54.344+0000] {dag.py:3823} INFO - Setting next_dagrun for example_bash_operator to 2025-02-19 00:00:00+00:00, run_after=2025-02-20 00:00:00+00:00
[2025-02-20T13:54:54.416+0000] {processor.py:183} INFO - Processing /home/airflow/.local/lib/python3.8/site-packages/airflow/example_dags/example_bash_operator.py took 0.227 seconds
[2025-02-20T13:55:24.905+0000] {processor.py:161} INFO - Started process (PID=1299) to work on /home/airflow/.local/lib/python3.8/site-packages/airflow/example_dags/example_bash_operator.py
[2025-02-20T13:55:24.907+0000] {processor.py:830} INFO - Processing file /home/airflow/.local/lib/python3.8/site-packages/airflow/example_dags/example_bash_operator.py for tasks to queue
[2025-02-20T13:55:24.910+0000] {logging_mixin.py:188} INFO - [2025-02-20T13:55:24.909+0000] {dagbag.py:538} INFO - Filling up the DagBag from /home/airflow/.local/lib/python3.8/site-packages/airflow/example_dags/example_bash_operator.py
[2025-02-20T13:55:24.924+0000] {processor.py:840} INFO - DAG(s) 'example_bash_operator' retrieved from /home/airflow/.local/lib/python3.8/site-packages/airflow/example_dags/example_bash_operator.py
[2025-02-20T13:55:24.965+0000] {logging_mixin.py:188} INFO - [2025-02-20T13:55:24.964+0000] {dag.py:3036} INFO - Sync 1 DAGs
[2025-02-20T13:55:24.997+0000] {logging_mixin.py:188} INFO - [2025-02-20T13:55:24.997+0000] {dag.py:3823} INFO - Setting next_dagrun for example_bash_operator to 2025-02-19 00:00:00+00:00, run_after=2025-02-20 00:00:00+00:00
[2025-02-20T13:55:25.024+0000] {processor.py:183} INFO - Processing /home/airflow/.local/lib/python3.8/site-packages/airflow/example_dags/example_bash_operator.py took 0.124 seconds
[2025-02-20T13:55:55.149+0000] {processor.py:161} INFO - Started process (PID=1364) to work on /home/airflow/.local/lib/python3.8/site-packages/airflow/example_dags/example_bash_operator.py
[2025-02-20T13:55:55.151+0000] {processor.py:830} INFO - Processing file /home/airflow/.local/lib/python3.8/site-packages/airflow/example_dags/example_bash_operator.py for tasks to queue
[2025-02-20T13:55:55.154+0000] {logging_mixin.py:188} INFO - [2025-02-20T13:55:55.153+0000] {dagbag.py:538} INFO - Filling up the DagBag from /home/airflow/.local/lib/python3.8/site-packages/airflow/example_dags/example_bash_operator.py
[2025-02-20T13:55:55.169+0000] {processor.py:840} INFO - DAG(s) 'example_bash_operator' retrieved from /home/airflow/.local/lib/python3.8/site-packages/airflow/example_dags/example_bash_operator.py
[2025-02-20T13:55:55.221+0000] {logging_mixin.py:188} INFO - [2025-02-20T13:55:55.220+0000] {dag.py:3036} INFO - Sync 1 DAGs
[2025-02-20T13:55:55.261+0000] {logging_mixin.py:188} INFO - [2025-02-20T13:55:55.261+0000] {dag.py:3823} INFO - Setting next_dagrun for example_bash_operator to 2025-02-19 00:00:00+00:00, run_after=2025-02-20 00:00:00+00:00
[2025-02-20T13:55:55.295+0000] {processor.py:183} INFO - Processing /home/airflow/.local/lib/python3.8/site-packages/airflow/example_dags/example_bash_operator.py took 0.152 seconds
[2025-02-20T13:56:25.827+0000] {processor.py:161} INFO - Started process (PID=1437) to work on /home/airflow/.local/lib/python3.8/site-packages/airflow/example_dags/example_bash_operator.py
[2025-02-20T13:56:25.829+0000] {processor.py:830} INFO - Processing file /home/airflow/.local/lib/python3.8/site-packages/airflow/example_dags/example_bash_operator.py for tasks to queue
[2025-02-20T13:56:25.833+0000] {logging_mixin.py:188} INFO - [2025-02-20T13:56:25.832+0000] {dagbag.py:538} INFO - Filling up the DagBag from /home/airflow/.local/lib/python3.8/site-packages/airflow/example_dags/example_bash_operator.py
[2025-02-20T13:56:25.869+0000] {processor.py:840} INFO - DAG(s) 'example_bash_operator' retrieved from /home/airflow/.local/lib/python3.8/site-packages/airflow/example_dags/example_bash_operator.py
[2025-02-20T13:56:25.943+0000] {logging_mixin.py:188} INFO - [2025-02-20T13:56:25.942+0000] {dag.py:3036} INFO - Sync 1 DAGs
[2025-02-20T13:56:25.993+0000] {logging_mixin.py:188} INFO - [2025-02-20T13:56:25.993+0000] {dag.py:3823} INFO - Setting next_dagrun for example_bash_operator to 2025-02-19 00:00:00+00:00, run_after=2025-02-20 00:00:00+00:00
[2025-02-20T13:56:26.040+0000] {processor.py:183} INFO - Processing /home/airflow/.local/lib/python3.8/site-packages/airflow/example_dags/example_bash_operator.py took 0.222 seconds
[2025-02-20T13:56:56.281+0000] {processor.py:161} INFO - Started process (PID=1502) to work on /home/airflow/.local/lib/python3.8/site-packages/airflow/example_dags/example_bash_operator.py
[2025-02-20T13:56:56.282+0000] {processor.py:830} INFO - Processing file /home/airflow/.local/lib/python3.8/site-packages/airflow/example_dags/example_bash_operator.py for tasks to queue
[2025-02-20T13:56:56.285+0000] {logging_mixin.py:188} INFO - [2025-02-20T13:56:56.284+0000] {dagbag.py:538} INFO - Filling up the DagBag from /home/airflow/.local/lib/python3.8/site-packages/airflow/example_dags/example_bash_operator.py
[2025-02-20T13:56:56.311+0000] {processor.py:840} INFO - DAG(s) 'example_bash_operator' retrieved from /home/airflow/.local/lib/python3.8/site-packages/airflow/example_dags/example_bash_operator.py
[2025-02-20T13:56:56.377+0000] {logging_mixin.py:188} INFO - [2025-02-20T13:56:56.377+0000] {dag.py:3036} INFO - Sync 1 DAGs
[2025-02-20T13:56:56.432+0000] {logging_mixin.py:188} INFO - [2025-02-20T13:56:56.431+0000] {dag.py:3823} INFO - Setting next_dagrun for example_bash_operator to 2025-02-19 00:00:00+00:00, run_after=2025-02-20 00:00:00+00:00
[2025-02-20T13:56:56.477+0000] {processor.py:183} INFO - Processing /home/airflow/.local/lib/python3.8/site-packages/airflow/example_dags/example_bash_operator.py took 0.201 seconds
[2025-02-20T13:57:26.569+0000] {processor.py:161} INFO - Started process (PID=1567) to work on /home/airflow/.local/lib/python3.8/site-packages/airflow/example_dags/example_bash_operator.py
[2025-02-20T13:57:26.571+0000] {processor.py:830} INFO - Processing file /home/airflow/.local/lib/python3.8/site-packages/airflow/example_dags/example_bash_operator.py for tasks to queue
[2025-02-20T13:57:26.577+0000] {logging_mixin.py:188} INFO - [2025-02-20T13:57:26.575+0000] {dagbag.py:538} INFO - Filling up the DagBag from /home/airflow/.local/lib/python3.8/site-packages/airflow/example_dags/example_bash_operator.py
[2025-02-20T13:57:26.614+0000] {processor.py:840} INFO - DAG(s) 'example_bash_operator' retrieved from /home/airflow/.local/lib/python3.8/site-packages/airflow/example_dags/example_bash_operator.py
[2025-02-20T13:57:26.683+0000] {logging_mixin.py:188} INFO - [2025-02-20T13:57:26.683+0000] {dag.py:3036} INFO - Sync 1 DAGs
[2025-02-20T13:57:26.767+0000] {logging_mixin.py:188} INFO - [2025-02-20T13:57:26.766+0000] {dag.py:3823} INFO - Setting next_dagrun for example_bash_operator to 2025-02-19 00:00:00+00:00, run_after=2025-02-20 00:00:00+00:00
[2025-02-20T13:57:26.830+0000] {processor.py:183} INFO - Processing /home/airflow/.local/lib/python3.8/site-packages/airflow/example_dags/example_bash_operator.py took 0.267 seconds
[2025-02-20T13:57:56.913+0000] {processor.py:161} INFO - Started process (PID=1631) to work on /home/airflow/.local/lib/python3.8/site-packages/airflow/example_dags/example_bash_operator.py
[2025-02-20T13:57:56.920+0000] {processor.py:830} INFO - Processing file /home/airflow/.local/lib/python3.8/site-packages/airflow/example_dags/example_bash_operator.py for tasks to queue
[2025-02-20T13:57:56.925+0000] {logging_mixin.py:188} INFO - [2025-02-20T13:57:56.925+0000] {dagbag.py:538} INFO - Filling up the DagBag from /home/airflow/.local/lib/python3.8/site-packages/airflow/example_dags/example_bash_operator.py
[2025-02-20T13:57:56.961+0000] {processor.py:840} INFO - DAG(s) 'example_bash_operator' retrieved from /home/airflow/.local/lib/python3.8/site-packages/airflow/example_dags/example_bash_operator.py
[2025-02-20T13:57:57.035+0000] {logging_mixin.py:188} INFO - [2025-02-20T13:57:57.035+0000] {dag.py:3036} INFO - Sync 1 DAGs
[2025-02-20T13:57:57.116+0000] {logging_mixin.py:188} INFO - [2025-02-20T13:57:57.115+0000] {dag.py:3823} INFO - Setting next_dagrun for example_bash_operator to 2025-02-19 00:00:00+00:00, run_after=2025-02-20 00:00:00+00:00
[2025-02-20T13:57:57.157+0000] {processor.py:183} INFO - Processing /home/airflow/.local/lib/python3.8/site-packages/airflow/example_dags/example_bash_operator.py took 0.251 seconds
[2025-02-20T13:58:28.106+0000] {processor.py:161} INFO - Started process (PID=1695) to work on /home/airflow/.local/lib/python3.8/site-packages/airflow/example_dags/example_bash_operator.py
[2025-02-20T13:58:28.109+0000] {processor.py:830} INFO - Processing file /home/airflow/.local/lib/python3.8/site-packages/airflow/example_dags/example_bash_operator.py for tasks to queue
[2025-02-20T13:58:28.118+0000] {logging_mixin.py:188} INFO - [2025-02-20T13:58:28.117+0000] {dagbag.py:538} INFO - Filling up the DagBag from /home/airflow/.local/lib/python3.8/site-packages/airflow/example_dags/example_bash_operator.py
[2025-02-20T13:58:28.156+0000] {processor.py:840} INFO - DAG(s) 'example_bash_operator' retrieved from /home/airflow/.local/lib/python3.8/site-packages/airflow/example_dags/example_bash_operator.py
[2025-02-20T13:58:28.286+0000] {logging_mixin.py:188} INFO - [2025-02-20T13:58:28.286+0000] {dag.py:3036} INFO - Sync 1 DAGs
[2025-02-20T13:58:28.352+0000] {logging_mixin.py:188} INFO - [2025-02-20T13:58:28.351+0000] {dag.py:3823} INFO - Setting next_dagrun for example_bash_operator to 2025-02-19 00:00:00+00:00, run_after=2025-02-20 00:00:00+00:00
[2025-02-20T13:58:28.401+0000] {processor.py:183} INFO - Processing /home/airflow/.local/lib/python3.8/site-packages/airflow/example_dags/example_bash_operator.py took 0.300 seconds
[2025-02-20T13:58:59.013+0000] {processor.py:161} INFO - Started process (PID=1760) to work on /home/airflow/.local/lib/python3.8/site-packages/airflow/example_dags/example_bash_operator.py
[2025-02-20T13:58:59.014+0000] {processor.py:830} INFO - Processing file /home/airflow/.local/lib/python3.8/site-packages/airflow/example_dags/example_bash_operator.py for tasks to queue
[2025-02-20T13:58:59.016+0000] {logging_mixin.py:188} INFO - [2025-02-20T13:58:59.016+0000] {dagbag.py:538} INFO - Filling up the DagBag from /home/airflow/.local/lib/python3.8/site-packages/airflow/example_dags/example_bash_operator.py
[2025-02-20T13:58:59.036+0000] {processor.py:840} INFO - DAG(s) 'example_bash_operator' retrieved from /home/airflow/.local/lib/python3.8/site-packages/airflow/example_dags/example_bash_operator.py
[2025-02-20T13:58:59.094+0000] {logging_mixin.py:188} INFO - [2025-02-20T13:58:59.094+0000] {dag.py:3036} INFO - Sync 1 DAGs
[2025-02-20T13:58:59.130+0000] {logging_mixin.py:188} INFO - [2025-02-20T13:58:59.129+0000] {dag.py:3823} INFO - Setting next_dagrun for example_bash_operator to 2025-02-19 00:00:00+00:00, run_after=2025-02-20 00:00:00+00:00
[2025-02-20T13:58:59.201+0000] {processor.py:183} INFO - Processing /home/airflow/.local/lib/python3.8/site-packages/airflow/example_dags/example_bash_operator.py took 0.192 seconds
[2025-02-20T13:59:29.336+0000] {processor.py:161} INFO - Started process (PID=1823) to work on /home/airflow/.local/lib/python3.8/site-packages/airflow/example_dags/example_bash_operator.py
[2025-02-20T13:59:29.342+0000] {processor.py:830} INFO - Processing file /home/airflow/.local/lib/python3.8/site-packages/airflow/example_dags/example_bash_operator.py for tasks to queue
[2025-02-20T13:59:29.350+0000] {logging_mixin.py:188} INFO - [2025-02-20T13:59:29.349+0000] {dagbag.py:538} INFO - Filling up the DagBag from /home/airflow/.local/lib/python3.8/site-packages/airflow/example_dags/example_bash_operator.py
[2025-02-20T13:59:29.392+0000] {processor.py:840} INFO - DAG(s) 'example_bash_operator' retrieved from /home/airflow/.local/lib/python3.8/site-packages/airflow/example_dags/example_bash_operator.py
[2025-02-20T13:59:29.502+0000] {logging_mixin.py:188} INFO - [2025-02-20T13:59:29.502+0000] {dag.py:3036} INFO - Sync 1 DAGs
[2025-02-20T13:59:29.609+0000] {logging_mixin.py:188} INFO - [2025-02-20T13:59:29.609+0000] {dag.py:3823} INFO - Setting next_dagrun for example_bash_operator to 2025-02-19 00:00:00+00:00, run_after=2025-02-20 00:00:00+00:00
[2025-02-20T13:59:29.682+0000] {processor.py:183} INFO - Processing /home/airflow/.local/lib/python3.8/site-packages/airflow/example_dags/example_bash_operator.py took 0.353 seconds
[2025-02-20T14:00:00.298+0000] {processor.py:161} INFO - Started process (PID=1889) to work on /home/airflow/.local/lib/python3.8/site-packages/airflow/example_dags/example_bash_operator.py
[2025-02-20T14:00:00.299+0000] {processor.py:830} INFO - Processing file /home/airflow/.local/lib/python3.8/site-packages/airflow/example_dags/example_bash_operator.py for tasks to queue
[2025-02-20T14:00:00.303+0000] {logging_mixin.py:188} INFO - [2025-02-20T14:00:00.302+0000] {dagbag.py:538} INFO - Filling up the DagBag from /home/airflow/.local/lib/python3.8/site-packages/airflow/example_dags/example_bash_operator.py
[2025-02-20T14:00:00.323+0000] {processor.py:840} INFO - DAG(s) 'example_bash_operator' retrieved from /home/airflow/.local/lib/python3.8/site-packages/airflow/example_dags/example_bash_operator.py
[2025-02-20T14:00:00.438+0000] {logging_mixin.py:188} INFO - [2025-02-20T14:00:00.436+0000] {dag.py:3036} INFO - Sync 1 DAGs
[2025-02-20T14:00:00.488+0000] {logging_mixin.py:188} INFO - [2025-02-20T14:00:00.488+0000] {dag.py:3823} INFO - Setting next_dagrun for example_bash_operator to 2025-02-19 00:00:00+00:00, run_after=2025-02-20 00:00:00+00:00
[2025-02-20T14:00:00.525+0000] {processor.py:183} INFO - Processing /home/airflow/.local/lib/python3.8/site-packages/airflow/example_dags/example_bash_operator.py took 0.232 seconds
[2025-02-20T14:00:30.613+0000] {processor.py:161} INFO - Started process (PID=1954) to work on /home/airflow/.local/lib/python3.8/site-packages/airflow/example_dags/example_bash_operator.py
[2025-02-20T14:00:30.615+0000] {processor.py:830} INFO - Processing file /home/airflow/.local/lib/python3.8/site-packages/airflow/example_dags/example_bash_operator.py for tasks to queue
[2025-02-20T14:00:30.619+0000] {logging_mixin.py:188} INFO - [2025-02-20T14:00:30.619+0000] {dagbag.py:538} INFO - Filling up the DagBag from /home/airflow/.local/lib/python3.8/site-packages/airflow/example_dags/example_bash_operator.py
[2025-02-20T14:00:30.637+0000] {processor.py:840} INFO - DAG(s) 'example_bash_operator' retrieved from /home/airflow/.local/lib/python3.8/site-packages/airflow/example_dags/example_bash_operator.py
[2025-02-20T14:00:30.687+0000] {logging_mixin.py:188} INFO - [2025-02-20T14:00:30.687+0000] {dag.py:3036} INFO - Sync 1 DAGs
[2025-02-20T14:00:30.727+0000] {logging_mixin.py:188} INFO - [2025-02-20T14:00:30.726+0000] {dag.py:3823} INFO - Setting next_dagrun for example_bash_operator to 2025-02-19 00:00:00+00:00, run_after=2025-02-20 00:00:00+00:00
[2025-02-20T14:00:30.766+0000] {processor.py:183} INFO - Processing /home/airflow/.local/lib/python3.8/site-packages/airflow/example_dags/example_bash_operator.py took 0.158 seconds
[2025-02-20T14:01:01.025+0000] {processor.py:161} INFO - Started process (PID=2019) to work on /home/airflow/.local/lib/python3.8/site-packages/airflow/example_dags/example_bash_operator.py
[2025-02-20T14:01:01.026+0000] {processor.py:830} INFO - Processing file /home/airflow/.local/lib/python3.8/site-packages/airflow/example_dags/example_bash_operator.py for tasks to queue
[2025-02-20T14:01:01.028+0000] {logging_mixin.py:188} INFO - [2025-02-20T14:01:01.028+0000] {dagbag.py:538} INFO - Filling up the DagBag from /home/airflow/.local/lib/python3.8/site-packages/airflow/example_dags/example_bash_operator.py
[2025-02-20T14:01:01.049+0000] {processor.py:840} INFO - DAG(s) 'example_bash_operator' retrieved from /home/airflow/.local/lib/python3.8/site-packages/airflow/example_dags/example_bash_operator.py
[2025-02-20T14:01:01.093+0000] {logging_mixin.py:188} INFO - [2025-02-20T14:01:01.092+0000] {dag.py:3036} INFO - Sync 1 DAGs
[2025-02-20T14:01:01.132+0000] {logging_mixin.py:188} INFO - [2025-02-20T14:01:01.132+0000] {dag.py:3823} INFO - Setting next_dagrun for example_bash_operator to 2025-02-19 00:00:00+00:00, run_after=2025-02-20 00:00:00+00:00
[2025-02-20T14:01:01.170+0000] {processor.py:183} INFO - Processing /home/airflow/.local/lib/python3.8/site-packages/airflow/example_dags/example_bash_operator.py took 0.150 seconds
[2025-02-20T14:01:31.825+0000] {processor.py:161} INFO - Started process (PID=2084) to work on /home/airflow/.local/lib/python3.8/site-packages/airflow/example_dags/example_bash_operator.py
[2025-02-20T14:01:31.829+0000] {processor.py:830} INFO - Processing file /home/airflow/.local/lib/python3.8/site-packages/airflow/example_dags/example_bash_operator.py for tasks to queue
[2025-02-20T14:01:31.987+0000] {logging_mixin.py:188} INFO - [2025-02-20T14:01:31.986+0000] {dagbag.py:538} INFO - Filling up the DagBag from /home/airflow/.local/lib/python3.8/site-packages/airflow/example_dags/example_bash_operator.py
[2025-02-20T14:01:32.037+0000] {processor.py:840} INFO - DAG(s) 'example_bash_operator' retrieved from /home/airflow/.local/lib/python3.8/site-packages/airflow/example_dags/example_bash_operator.py
[2025-02-20T14:01:32.199+0000] {logging_mixin.py:188} INFO - [2025-02-20T14:01:32.197+0000] {dag.py:3036} INFO - Sync 1 DAGs
[2025-02-20T14:01:32.736+0000] {logging_mixin.py:188} INFO - [2025-02-20T14:01:32.735+0000] {dag.py:3823} INFO - Setting next_dagrun for example_bash_operator to 2025-02-19 00:00:00+00:00, run_after=2025-02-20 00:00:00+00:00
[2025-02-20T14:01:32.790+0000] {processor.py:183} INFO - Processing /home/airflow/.local/lib/python3.8/site-packages/airflow/example_dags/example_bash_operator.py took 0.974 seconds
[2025-02-20T14:02:03.028+0000] {processor.py:161} INFO - Started process (PID=2149) to work on /home/airflow/.local/lib/python3.8/site-packages/airflow/example_dags/example_bash_operator.py
[2025-02-20T14:02:03.031+0000] {processor.py:830} INFO - Processing file /home/airflow/.local/lib/python3.8/site-packages/airflow/example_dags/example_bash_operator.py for tasks to queue
[2025-02-20T14:02:03.035+0000] {logging_mixin.py:188} INFO - [2025-02-20T14:02:03.034+0000] {dagbag.py:538} INFO - Filling up the DagBag from /home/airflow/.local/lib/python3.8/site-packages/airflow/example_dags/example_bash_operator.py
[2025-02-20T14:02:03.063+0000] {processor.py:840} INFO - DAG(s) 'example_bash_operator' retrieved from /home/airflow/.local/lib/python3.8/site-packages/airflow/example_dags/example_bash_operator.py
[2025-02-20T14:02:03.185+0000] {logging_mixin.py:188} INFO - [2025-02-20T14:02:03.183+0000] {dag.py:3036} INFO - Sync 1 DAGs
[2025-02-20T14:02:03.252+0000] {logging_mixin.py:188} INFO - [2025-02-20T14:02:03.251+0000] {dag.py:3823} INFO - Setting next_dagrun for example_bash_operator to 2025-02-19 00:00:00+00:00, run_after=2025-02-20 00:00:00+00:00
[2025-02-20T14:02:03.358+0000] {processor.py:183} INFO - Processing /home/airflow/.local/lib/python3.8/site-packages/airflow/example_dags/example_bash_operator.py took 0.444 seconds
[2025-02-20T14:02:33.749+0000] {processor.py:161} INFO - Started process (PID=2214) to work on /home/airflow/.local/lib/python3.8/site-packages/airflow/example_dags/example_bash_operator.py
[2025-02-20T14:02:33.752+0000] {processor.py:830} INFO - Processing file /home/airflow/.local/lib/python3.8/site-packages/airflow/example_dags/example_bash_operator.py for tasks to queue
[2025-02-20T14:02:33.756+0000] {logging_mixin.py:188} INFO - [2025-02-20T14:02:33.755+0000] {dagbag.py:538} INFO - Filling up the DagBag from /home/airflow/.local/lib/python3.8/site-packages/airflow/example_dags/example_bash_operator.py
[2025-02-20T14:02:33.792+0000] {processor.py:840} INFO - DAG(s) 'example_bash_operator' retrieved from /home/airflow/.local/lib/python3.8/site-packages/airflow/example_dags/example_bash_operator.py
[2025-02-20T14:02:33.887+0000] {logging_mixin.py:188} INFO - [2025-02-20T14:02:33.887+0000] {dag.py:3036} INFO - Sync 1 DAGs
[2025-02-20T14:02:33.944+0000] {logging_mixin.py:188} INFO - [2025-02-20T14:02:33.943+0000] {dag.py:3823} INFO - Setting next_dagrun for example_bash_operator to 2025-02-19 00:00:00+00:00, run_after=2025-02-20 00:00:00+00:00
[2025-02-20T14:02:33.983+0000] {processor.py:183} INFO - Processing /home/airflow/.local/lib/python3.8/site-packages/airflow/example_dags/example_bash_operator.py took 0.240 seconds
[2025-02-20T14:03:04.529+0000] {processor.py:161} INFO - Started process (PID=2280) to work on /home/airflow/.local/lib/python3.8/site-packages/airflow/example_dags/example_bash_operator.py
[2025-02-20T14:03:04.532+0000] {processor.py:830} INFO - Processing file /home/airflow/.local/lib/python3.8/site-packages/airflow/example_dags/example_bash_operator.py for tasks to queue
[2025-02-20T14:03:04.539+0000] {logging_mixin.py:188} INFO - [2025-02-20T14:03:04.538+0000] {dagbag.py:538} INFO - Filling up the DagBag from /home/airflow/.local/lib/python3.8/site-packages/airflow/example_dags/example_bash_operator.py
[2025-02-20T14:03:04.583+0000] {processor.py:840} INFO - DAG(s) 'example_bash_operator' retrieved from /home/airflow/.local/lib/python3.8/site-packages/airflow/example_dags/example_bash_operator.py
[2025-02-20T14:03:04.701+0000] {logging_mixin.py:188} INFO - [2025-02-20T14:03:04.701+0000] {dag.py:3036} INFO - Sync 1 DAGs
[2025-02-20T14:03:04.751+0000] {logging_mixin.py:188} INFO - [2025-02-20T14:03:04.751+0000] {dag.py:3823} INFO - Setting next_dagrun for example_bash_operator to 2025-02-19 00:00:00+00:00, run_after=2025-02-20 00:00:00+00:00
[2025-02-20T14:03:04.814+0000] {processor.py:183} INFO - Processing /home/airflow/.local/lib/python3.8/site-packages/airflow/example_dags/example_bash_operator.py took 0.295 seconds
[2025-02-20T14:03:35.392+0000] {processor.py:161} INFO - Started process (PID=2343) to work on /home/airflow/.local/lib/python3.8/site-packages/airflow/example_dags/example_bash_operator.py
[2025-02-20T14:03:35.395+0000] {processor.py:830} INFO - Processing file /home/airflow/.local/lib/python3.8/site-packages/airflow/example_dags/example_bash_operator.py for tasks to queue
[2025-02-20T14:03:35.400+0000] {logging_mixin.py:188} INFO - [2025-02-20T14:03:35.400+0000] {dagbag.py:538} INFO - Filling up the DagBag from /home/airflow/.local/lib/python3.8/site-packages/airflow/example_dags/example_bash_operator.py
[2025-02-20T14:03:35.437+0000] {processor.py:840} INFO - DAG(s) 'example_bash_operator' retrieved from /home/airflow/.local/lib/python3.8/site-packages/airflow/example_dags/example_bash_operator.py
[2025-02-20T14:03:35.517+0000] {logging_mixin.py:188} INFO - [2025-02-20T14:03:35.517+0000] {dag.py:3036} INFO - Sync 1 DAGs
[2025-02-20T14:03:35.563+0000] {logging_mixin.py:188} INFO - [2025-02-20T14:03:35.563+0000] {dag.py:3823} INFO - Setting next_dagrun for example_bash_operator to 2025-02-19 00:00:00+00:00, run_after=2025-02-20 00:00:00+00:00
[2025-02-20T14:03:35.602+0000] {processor.py:183} INFO - Processing /home/airflow/.local/lib/python3.8/site-packages/airflow/example_dags/example_bash_operator.py took 0.217 seconds
[2025-02-20T14:04:05.790+0000] {processor.py:161} INFO - Started process (PID=2409) to work on /home/airflow/.local/lib/python3.8/site-packages/airflow/example_dags/example_bash_operator.py
[2025-02-20T14:04:05.792+0000] {processor.py:830} INFO - Processing file /home/airflow/.local/lib/python3.8/site-packages/airflow/example_dags/example_bash_operator.py for tasks to queue
[2025-02-20T14:04:05.796+0000] {logging_mixin.py:188} INFO - [2025-02-20T14:04:05.795+0000] {dagbag.py:538} INFO - Filling up the DagBag from /home/airflow/.local/lib/python3.8/site-packages/airflow/example_dags/example_bash_operator.py
[2025-02-20T14:04:05.816+0000] {processor.py:840} INFO - DAG(s) 'example_bash_operator' retrieved from /home/airflow/.local/lib/python3.8/site-packages/airflow/example_dags/example_bash_operator.py
[2025-02-20T14:04:05.863+0000] {logging_mixin.py:188} INFO - [2025-02-20T14:04:05.863+0000] {dag.py:3036} INFO - Sync 1 DAGs
[2025-02-20T14:04:05.910+0000] {logging_mixin.py:188} INFO - [2025-02-20T14:04:05.908+0000] {dag.py:3823} INFO - Setting next_dagrun for example_bash_operator to 2025-02-19 00:00:00+00:00, run_after=2025-02-20 00:00:00+00:00
[2025-02-20T14:04:05.944+0000] {processor.py:183} INFO - Processing /home/airflow/.local/lib/python3.8/site-packages/airflow/example_dags/example_bash_operator.py took 0.158 seconds
[2025-02-20T14:04:36.613+0000] {processor.py:161} INFO - Started process (PID=2474) to work on /home/airflow/.local/lib/python3.8/site-packages/airflow/example_dags/example_bash_operator.py
[2025-02-20T14:04:36.615+0000] {processor.py:830} INFO - Processing file /home/airflow/.local/lib/python3.8/site-packages/airflow/example_dags/example_bash_operator.py for tasks to queue
[2025-02-20T14:04:36.620+0000] {logging_mixin.py:188} INFO - [2025-02-20T14:04:36.620+0000] {dagbag.py:538} INFO - Filling up the DagBag from /home/airflow/.local/lib/python3.8/site-packages/airflow/example_dags/example_bash_operator.py
[2025-02-20T14:04:36.648+0000] {processor.py:840} INFO - DAG(s) 'example_bash_operator' retrieved from /home/airflow/.local/lib/python3.8/site-packages/airflow/example_dags/example_bash_operator.py
[2025-02-20T14:04:36.710+0000] {logging_mixin.py:188} INFO - [2025-02-20T14:04:36.706+0000] {dag.py:3036} INFO - Sync 1 DAGs
[2025-02-20T14:04:36.767+0000] {logging_mixin.py:188} INFO - [2025-02-20T14:04:36.766+0000] {dag.py:3823} INFO - Setting next_dagrun for example_bash_operator to 2025-02-19 00:00:00+00:00, run_after=2025-02-20 00:00:00+00:00
[2025-02-20T14:04:36.837+0000] {processor.py:183} INFO - Processing /home/airflow/.local/lib/python3.8/site-packages/airflow/example_dags/example_bash_operator.py took 0.229 seconds
[2025-02-20T14:05:07.056+0000] {processor.py:161} INFO - Started process (PID=2539) to work on /home/airflow/.local/lib/python3.8/site-packages/airflow/example_dags/example_bash_operator.py
[2025-02-20T14:05:07.057+0000] {processor.py:830} INFO - Processing file /home/airflow/.local/lib/python3.8/site-packages/airflow/example_dags/example_bash_operator.py for tasks to queue
[2025-02-20T14:05:07.060+0000] {logging_mixin.py:188} INFO - [2025-02-20T14:05:07.059+0000] {dagbag.py:538} INFO - Filling up the DagBag from /home/airflow/.local/lib/python3.8/site-packages/airflow/example_dags/example_bash_operator.py
[2025-02-20T14:05:07.080+0000] {processor.py:840} INFO - DAG(s) 'example_bash_operator' retrieved from /home/airflow/.local/lib/python3.8/site-packages/airflow/example_dags/example_bash_operator.py
[2025-02-20T14:05:07.132+0000] {logging_mixin.py:188} INFO - [2025-02-20T14:05:07.132+0000] {dag.py:3036} INFO - Sync 1 DAGs
[2025-02-20T14:05:07.177+0000] {logging_mixin.py:188} INFO - [2025-02-20T14:05:07.177+0000] {dag.py:3823} INFO - Setting next_dagrun for example_bash_operator to 2025-02-19 00:00:00+00:00, run_after=2025-02-20 00:00:00+00:00
[2025-02-20T14:05:07.213+0000] {processor.py:183} INFO - Processing /home/airflow/.local/lib/python3.8/site-packages/airflow/example_dags/example_bash_operator.py took 0.163 seconds
[2025-02-20T14:05:38.005+0000] {processor.py:161} INFO - Started process (PID=2604) to work on /home/airflow/.local/lib/python3.8/site-packages/airflow/example_dags/example_bash_operator.py
[2025-02-20T14:05:38.007+0000] {processor.py:830} INFO - Processing file /home/airflow/.local/lib/python3.8/site-packages/airflow/example_dags/example_bash_operator.py for tasks to queue
[2025-02-20T14:05:38.013+0000] {logging_mixin.py:188} INFO - [2025-02-20T14:05:38.012+0000] {dagbag.py:538} INFO - Filling up the DagBag from /home/airflow/.local/lib/python3.8/site-packages/airflow/example_dags/example_bash_operator.py
[2025-02-20T14:05:38.059+0000] {processor.py:840} INFO - DAG(s) 'example_bash_operator' retrieved from /home/airflow/.local/lib/python3.8/site-packages/airflow/example_dags/example_bash_operator.py
[2025-02-20T14:05:38.182+0000] {logging_mixin.py:188} INFO - [2025-02-20T14:05:38.181+0000] {dag.py:3036} INFO - Sync 1 DAGs
[2025-02-20T14:05:38.279+0000] {logging_mixin.py:188} INFO - [2025-02-20T14:05:38.276+0000] {dag.py:3823} INFO - Setting next_dagrun for example_bash_operator to 2025-02-19 00:00:00+00:00, run_after=2025-02-20 00:00:00+00:00
[2025-02-20T14:05:38.344+0000] {processor.py:183} INFO - Processing /home/airflow/.local/lib/python3.8/site-packages/airflow/example_dags/example_bash_operator.py took 0.346 seconds
[2025-02-20T14:06:08.558+0000] {processor.py:161} INFO - Started process (PID=2669) to work on /home/airflow/.local/lib/python3.8/site-packages/airflow/example_dags/example_bash_operator.py
[2025-02-20T14:06:08.561+0000] {processor.py:830} INFO - Processing file /home/airflow/.local/lib/python3.8/site-packages/airflow/example_dags/example_bash_operator.py for tasks to queue
[2025-02-20T14:06:08.566+0000] {logging_mixin.py:188} INFO - [2025-02-20T14:06:08.565+0000] {dagbag.py:538} INFO - Filling up the DagBag from /home/airflow/.local/lib/python3.8/site-packages/airflow/example_dags/example_bash_operator.py
[2025-02-20T14:06:08.637+0000] {processor.py:840} INFO - DAG(s) 'example_bash_operator' retrieved from /home/airflow/.local/lib/python3.8/site-packages/airflow/example_dags/example_bash_operator.py
[2025-02-20T14:06:08.693+0000] {logging_mixin.py:188} INFO - [2025-02-20T14:06:08.692+0000] {dag.py:3036} INFO - Sync 1 DAGs
[2025-02-20T14:06:08.737+0000] {logging_mixin.py:188} INFO - [2025-02-20T14:06:08.736+0000] {dag.py:3823} INFO - Setting next_dagrun for example_bash_operator to 2025-02-19 00:00:00+00:00, run_after=2025-02-20 00:00:00+00:00
[2025-02-20T14:06:08.777+0000] {processor.py:183} INFO - Processing /home/airflow/.local/lib/python3.8/site-packages/airflow/example_dags/example_bash_operator.py took 0.226 seconds
[2025-02-20T14:06:38.932+0000] {processor.py:161} INFO - Started process (PID=2734) to work on /home/airflow/.local/lib/python3.8/site-packages/airflow/example_dags/example_bash_operator.py
[2025-02-20T14:06:38.934+0000] {processor.py:830} INFO - Processing file /home/airflow/.local/lib/python3.8/site-packages/airflow/example_dags/example_bash_operator.py for tasks to queue
[2025-02-20T14:06:38.937+0000] {logging_mixin.py:188} INFO - [2025-02-20T14:06:38.936+0000] {dagbag.py:538} INFO - Filling up the DagBag from /home/airflow/.local/lib/python3.8/site-packages/airflow/example_dags/example_bash_operator.py
[2025-02-20T14:06:38.965+0000] {processor.py:840} INFO - DAG(s) 'example_bash_operator' retrieved from /home/airflow/.local/lib/python3.8/site-packages/airflow/example_dags/example_bash_operator.py
[2025-02-20T14:06:39.017+0000] {logging_mixin.py:188} INFO - [2025-02-20T14:06:39.017+0000] {dag.py:3036} INFO - Sync 1 DAGs
[2025-02-20T14:06:39.056+0000] {logging_mixin.py:188} INFO - [2025-02-20T14:06:39.056+0000] {dag.py:3823} INFO - Setting next_dagrun for example_bash_operator to 2025-02-19 00:00:00+00:00, run_after=2025-02-20 00:00:00+00:00
[2025-02-20T14:06:39.101+0000] {processor.py:183} INFO - Processing /home/airflow/.local/lib/python3.8/site-packages/airflow/example_dags/example_bash_operator.py took 0.174 seconds
[2025-02-20T14:07:09.287+0000] {processor.py:161} INFO - Started process (PID=2800) to work on /home/airflow/.local/lib/python3.8/site-packages/airflow/example_dags/example_bash_operator.py
[2025-02-20T14:07:09.289+0000] {processor.py:830} INFO - Processing file /home/airflow/.local/lib/python3.8/site-packages/airflow/example_dags/example_bash_operator.py for tasks to queue
[2025-02-20T14:07:09.294+0000] {logging_mixin.py:188} INFO - [2025-02-20T14:07:09.294+0000] {dagbag.py:538} INFO - Filling up the DagBag from /home/airflow/.local/lib/python3.8/site-packages/airflow/example_dags/example_bash_operator.py
[2025-02-20T14:07:09.327+0000] {processor.py:840} INFO - DAG(s) 'example_bash_operator' retrieved from /home/airflow/.local/lib/python3.8/site-packages/airflow/example_dags/example_bash_operator.py
[2025-02-20T14:07:09.485+0000] {logging_mixin.py:188} INFO - [2025-02-20T14:07:09.484+0000] {dag.py:3036} INFO - Sync 1 DAGs
[2025-02-20T14:07:09.560+0000] {logging_mixin.py:188} INFO - [2025-02-20T14:07:09.560+0000] {dag.py:3823} INFO - Setting next_dagrun for example_bash_operator to 2025-02-19 00:00:00+00:00, run_after=2025-02-20 00:00:00+00:00
[2025-02-20T14:07:09.599+0000] {processor.py:183} INFO - Processing /home/airflow/.local/lib/python3.8/site-packages/airflow/example_dags/example_bash_operator.py took 0.317 seconds
[2025-02-20T14:07:40.915+0000] {processor.py:161} INFO - Started process (PID=2872) to work on /home/airflow/.local/lib/python3.8/site-packages/airflow/example_dags/example_bash_operator.py
[2025-02-20T14:07:40.917+0000] {processor.py:830} INFO - Processing file /home/airflow/.local/lib/python3.8/site-packages/airflow/example_dags/example_bash_operator.py for tasks to queue
[2025-02-20T14:07:40.920+0000] {logging_mixin.py:188} INFO - [2025-02-20T14:07:40.920+0000] {dagbag.py:538} INFO - Filling up the DagBag from /home/airflow/.local/lib/python3.8/site-packages/airflow/example_dags/example_bash_operator.py
[2025-02-20T14:07:40.944+0000] {processor.py:840} INFO - DAG(s) 'example_bash_operator' retrieved from /home/airflow/.local/lib/python3.8/site-packages/airflow/example_dags/example_bash_operator.py
[2025-02-20T14:07:41.004+0000] {logging_mixin.py:188} INFO - [2025-02-20T14:07:41.004+0000] {dag.py:3036} INFO - Sync 1 DAGs
[2025-02-20T14:07:41.345+0000] {logging_mixin.py:188} INFO - [2025-02-20T14:07:41.345+0000] {dag.py:3823} INFO - Setting next_dagrun for example_bash_operator to 2025-02-19 00:00:00+00:00, run_after=2025-02-20 00:00:00+00:00
[2025-02-20T14:07:41.426+0000] {processor.py:183} INFO - Processing /home/airflow/.local/lib/python3.8/site-packages/airflow/example_dags/example_bash_operator.py took 0.516 seconds
[2025-02-20T14:08:11.854+0000] {processor.py:161} INFO - Started process (PID=2937) to work on /home/airflow/.local/lib/python3.8/site-packages/airflow/example_dags/example_bash_operator.py
[2025-02-20T14:08:11.856+0000] {processor.py:830} INFO - Processing file /home/airflow/.local/lib/python3.8/site-packages/airflow/example_dags/example_bash_operator.py for tasks to queue
[2025-02-20T14:08:11.859+0000] {logging_mixin.py:188} INFO - [2025-02-20T14:08:11.858+0000] {dagbag.py:538} INFO - Filling up the DagBag from /home/airflow/.local/lib/python3.8/site-packages/airflow/example_dags/example_bash_operator.py
[2025-02-20T14:08:11.885+0000] {processor.py:840} INFO - DAG(s) 'example_bash_operator' retrieved from /home/airflow/.local/lib/python3.8/site-packages/airflow/example_dags/example_bash_operator.py
[2025-02-20T14:08:11.947+0000] {logging_mixin.py:188} INFO - [2025-02-20T14:08:11.947+0000] {dag.py:3036} INFO - Sync 1 DAGs
[2025-02-20T14:08:11.993+0000] {logging_mixin.py:188} INFO - [2025-02-20T14:08:11.992+0000] {dag.py:3823} INFO - Setting next_dagrun for example_bash_operator to 2025-02-19 00:00:00+00:00, run_after=2025-02-20 00:00:00+00:00
[2025-02-20T14:08:12.394+0000] {processor.py:183} INFO - Processing /home/airflow/.local/lib/python3.8/site-packages/airflow/example_dags/example_bash_operator.py took 0.546 seconds
[2025-02-20T14:08:42.691+0000] {processor.py:161} INFO - Started process (PID=3001) to work on /home/airflow/.local/lib/python3.8/site-packages/airflow/example_dags/example_bash_operator.py
[2025-02-20T14:08:42.694+0000] {processor.py:830} INFO - Processing file /home/airflow/.local/lib/python3.8/site-packages/airflow/example_dags/example_bash_operator.py for tasks to queue
[2025-02-20T14:08:42.699+0000] {logging_mixin.py:188} INFO - [2025-02-20T14:08:42.698+0000] {dagbag.py:538} INFO - Filling up the DagBag from /home/airflow/.local/lib/python3.8/site-packages/airflow/example_dags/example_bash_operator.py
[2025-02-20T14:08:42.726+0000] {processor.py:840} INFO - DAG(s) 'example_bash_operator' retrieved from /home/airflow/.local/lib/python3.8/site-packages/airflow/example_dags/example_bash_operator.py
[2025-02-20T14:08:42.789+0000] {logging_mixin.py:188} INFO - [2025-02-20T14:08:42.789+0000] {dag.py:3036} INFO - Sync 1 DAGs
[2025-02-20T14:08:42.831+0000] {logging_mixin.py:188} INFO - [2025-02-20T14:08:42.830+0000] {dag.py:3823} INFO - Setting next_dagrun for example_bash_operator to 2025-02-19 00:00:00+00:00, run_after=2025-02-20 00:00:00+00:00
[2025-02-20T14:08:42.871+0000] {processor.py:183} INFO - Processing /home/airflow/.local/lib/python3.8/site-packages/airflow/example_dags/example_bash_operator.py took 0.186 seconds
[2025-02-20T14:09:13.469+0000] {processor.py:161} INFO - Started process (PID=3064) to work on /home/airflow/.local/lib/python3.8/site-packages/airflow/example_dags/example_bash_operator.py
[2025-02-20T14:09:13.470+0000] {processor.py:830} INFO - Processing file /home/airflow/.local/lib/python3.8/site-packages/airflow/example_dags/example_bash_operator.py for tasks to queue
[2025-02-20T14:09:13.476+0000] {logging_mixin.py:188} INFO - [2025-02-20T14:09:13.475+0000] {dagbag.py:538} INFO - Filling up the DagBag from /home/airflow/.local/lib/python3.8/site-packages/airflow/example_dags/example_bash_operator.py
[2025-02-20T14:09:13.517+0000] {processor.py:840} INFO - DAG(s) 'example_bash_operator' retrieved from /home/airflow/.local/lib/python3.8/site-packages/airflow/example_dags/example_bash_operator.py
[2025-02-20T14:09:13.587+0000] {logging_mixin.py:188} INFO - [2025-02-20T14:09:13.586+0000] {dag.py:3036} INFO - Sync 1 DAGs
[2025-02-20T14:09:13.637+0000] {logging_mixin.py:188} INFO - [2025-02-20T14:09:13.636+0000] {dag.py:3823} INFO - Setting next_dagrun for example_bash_operator to 2025-02-19 00:00:00+00:00, run_after=2025-02-20 00:00:00+00:00
[2025-02-20T14:09:13.670+0000] {processor.py:183} INFO - Processing /home/airflow/.local/lib/python3.8/site-packages/airflow/example_dags/example_bash_operator.py took 0.207 seconds
[2025-02-20T14:09:43.823+0000] {processor.py:161} INFO - Started process (PID=3129) to work on /home/airflow/.local/lib/python3.8/site-packages/airflow/example_dags/example_bash_operator.py
[2025-02-20T14:09:43.824+0000] {processor.py:830} INFO - Processing file /home/airflow/.local/lib/python3.8/site-packages/airflow/example_dags/example_bash_operator.py for tasks to queue
[2025-02-20T14:09:43.827+0000] {logging_mixin.py:188} INFO - [2025-02-20T14:09:43.827+0000] {dagbag.py:538} INFO - Filling up the DagBag from /home/airflow/.local/lib/python3.8/site-packages/airflow/example_dags/example_bash_operator.py
[2025-02-20T14:09:43.857+0000] {processor.py:840} INFO - DAG(s) 'example_bash_operator' retrieved from /home/airflow/.local/lib/python3.8/site-packages/airflow/example_dags/example_bash_operator.py
[2025-02-20T14:09:43.923+0000] {logging_mixin.py:188} INFO - [2025-02-20T14:09:43.923+0000] {dag.py:3036} INFO - Sync 1 DAGs
[2025-02-20T14:09:43.969+0000] {logging_mixin.py:188} INFO - [2025-02-20T14:09:43.969+0000] {dag.py:3823} INFO - Setting next_dagrun for example_bash_operator to 2025-02-19 00:00:00+00:00, run_after=2025-02-20 00:00:00+00:00
[2025-02-20T14:09:43.997+0000] {processor.py:183} INFO - Processing /home/airflow/.local/lib/python3.8/site-packages/airflow/example_dags/example_bash_operator.py took 0.179 seconds
[2025-02-20T14:10:16.481+0000] {processor.py:161} INFO - Started process (PID=3193) to work on /home/airflow/.local/lib/python3.8/site-packages/airflow/example_dags/example_bash_operator.py
[2025-02-20T14:10:16.484+0000] {processor.py:830} INFO - Processing file /home/airflow/.local/lib/python3.8/site-packages/airflow/example_dags/example_bash_operator.py for tasks to queue
[2025-02-20T14:10:16.492+0000] {logging_mixin.py:188} INFO - [2025-02-20T14:10:16.487+0000] {dagbag.py:538} INFO - Filling up the DagBag from /home/airflow/.local/lib/python3.8/site-packages/airflow/example_dags/example_bash_operator.py
[2025-02-20T14:10:16.519+0000] {processor.py:840} INFO - DAG(s) 'example_bash_operator' retrieved from /home/airflow/.local/lib/python3.8/site-packages/airflow/example_dags/example_bash_operator.py
[2025-02-20T14:10:16.599+0000] {logging_mixin.py:188} INFO - [2025-02-20T14:10:16.598+0000] {dag.py:3036} INFO - Sync 1 DAGs
[2025-02-20T14:10:16.663+0000] {logging_mixin.py:188} INFO - [2025-02-20T14:10:16.662+0000] {dag.py:3823} INFO - Setting next_dagrun for example_bash_operator to 2025-02-19 00:00:00+00:00, run_after=2025-02-20 00:00:00+00:00
[2025-02-20T14:10:16.710+0000] {processor.py:183} INFO - Processing /home/airflow/.local/lib/python3.8/site-packages/airflow/example_dags/example_bash_operator.py took 0.235 seconds
[2025-02-20T14:10:50.352+0000] {processor.py:161} INFO - Started process (PID=3259) to work on /home/airflow/.local/lib/python3.8/site-packages/airflow/example_dags/example_bash_operator.py
[2025-02-20T14:10:50.359+0000] {processor.py:830} INFO - Processing file /home/airflow/.local/lib/python3.8/site-packages/airflow/example_dags/example_bash_operator.py for tasks to queue
[2025-02-20T14:10:50.365+0000] {logging_mixin.py:188} INFO - [2025-02-20T14:10:50.363+0000] {dagbag.py:538} INFO - Filling up the DagBag from /home/airflow/.local/lib/python3.8/site-packages/airflow/example_dags/example_bash_operator.py
[2025-02-20T14:10:50.678+0000] {processor.py:840} INFO - DAG(s) 'example_bash_operator' retrieved from /home/airflow/.local/lib/python3.8/site-packages/airflow/example_dags/example_bash_operator.py
[2025-02-20T14:10:50.743+0000] {logging_mixin.py:188} INFO - [2025-02-20T14:10:50.742+0000] {dag.py:3036} INFO - Sync 1 DAGs
[2025-02-20T14:10:50.802+0000] {logging_mixin.py:188} INFO - [2025-02-20T14:10:50.802+0000] {dag.py:3823} INFO - Setting next_dagrun for example_bash_operator to 2025-02-19 00:00:00+00:00, run_after=2025-02-20 00:00:00+00:00
[2025-02-20T14:10:50.852+0000] {processor.py:183} INFO - Processing /home/airflow/.local/lib/python3.8/site-packages/airflow/example_dags/example_bash_operator.py took 0.507 seconds
[2025-02-20T14:11:21.465+0000] {processor.py:161} INFO - Started process (PID=3324) to work on /home/airflow/.local/lib/python3.8/site-packages/airflow/example_dags/example_bash_operator.py
[2025-02-20T14:11:21.469+0000] {processor.py:830} INFO - Processing file /home/airflow/.local/lib/python3.8/site-packages/airflow/example_dags/example_bash_operator.py for tasks to queue
[2025-02-20T14:11:21.484+0000] {logging_mixin.py:188} INFO - [2025-02-20T14:11:21.484+0000] {dagbag.py:538} INFO - Filling up the DagBag from /home/airflow/.local/lib/python3.8/site-packages/airflow/example_dags/example_bash_operator.py
[2025-02-20T14:11:21.527+0000] {processor.py:840} INFO - DAG(s) 'example_bash_operator' retrieved from /home/airflow/.local/lib/python3.8/site-packages/airflow/example_dags/example_bash_operator.py
[2025-02-20T14:11:21.606+0000] {logging_mixin.py:188} INFO - [2025-02-20T14:11:21.606+0000] {dag.py:3036} INFO - Sync 1 DAGs
[2025-02-20T14:11:21.647+0000] {logging_mixin.py:188} INFO - [2025-02-20T14:11:21.647+0000] {dag.py:3823} INFO - Setting next_dagrun for example_bash_operator to 2025-02-19 00:00:00+00:00, run_after=2025-02-20 00:00:00+00:00
[2025-02-20T14:11:21.683+0000] {processor.py:183} INFO - Processing /home/airflow/.local/lib/python3.8/site-packages/airflow/example_dags/example_bash_operator.py took 0.224 seconds
[2025-02-20T16:11:45.811+0000] {processor.py:161} INFO - Started process (PID=3390) to work on /home/airflow/.local/lib/python3.8/site-packages/airflow/example_dags/example_bash_operator.py
[2025-02-20T16:11:45.814+0000] {processor.py:830} INFO - Processing file /home/airflow/.local/lib/python3.8/site-packages/airflow/example_dags/example_bash_operator.py for tasks to queue
[2025-02-20T16:11:45.818+0000] {logging_mixin.py:188} INFO - [2025-02-20T16:11:45.817+0000] {dagbag.py:538} INFO - Filling up the DagBag from /home/airflow/.local/lib/python3.8/site-packages/airflow/example_dags/example_bash_operator.py
[2025-02-20T16:11:45.841+0000] {processor.py:840} INFO - DAG(s) 'example_bash_operator' retrieved from /home/airflow/.local/lib/python3.8/site-packages/airflow/example_dags/example_bash_operator.py
[2025-02-20T16:11:45.984+0000] {logging_mixin.py:188} INFO - [2025-02-20T16:11:45.984+0000] {dag.py:3036} INFO - Sync 1 DAGs
[2025-02-20T16:11:46.050+0000] {logging_mixin.py:188} INFO - [2025-02-20T16:11:46.049+0000] {dag.py:3823} INFO - Setting next_dagrun for example_bash_operator to 2025-02-19 00:00:00+00:00, run_after=2025-02-20 00:00:00+00:00
[2025-02-20T16:11:46.098+0000] {processor.py:183} INFO - Processing /home/airflow/.local/lib/python3.8/site-packages/airflow/example_dags/example_bash_operator.py took 0.295 seconds
[2025-02-20T18:12:29.135+0000] {processor.py:161} INFO - Started process (PID=3496) to work on /home/airflow/.local/lib/python3.8/site-packages/airflow/example_dags/example_bash_operator.py
[2025-02-20T18:12:29.138+0000] {processor.py:830} INFO - Processing file /home/airflow/.local/lib/python3.8/site-packages/airflow/example_dags/example_bash_operator.py for tasks to queue
[2025-02-20T18:12:29.146+0000] {logging_mixin.py:188} INFO - [2025-02-20T18:12:29.145+0000] {dagbag.py:538} INFO - Filling up the DagBag from /home/airflow/.local/lib/python3.8/site-packages/airflow/example_dags/example_bash_operator.py
[2025-02-20T18:12:29.225+0000] {processor.py:840} INFO - DAG(s) 'example_bash_operator' retrieved from /home/airflow/.local/lib/python3.8/site-packages/airflow/example_dags/example_bash_operator.py
[2025-02-20T18:12:29.387+0000] {logging_mixin.py:188} INFO - [2025-02-20T18:12:29.386+0000] {dag.py:3036} INFO - Sync 1 DAGs
[2025-02-20T18:12:29.461+0000] {logging_mixin.py:188} INFO - [2025-02-20T18:12:29.461+0000] {dag.py:3823} INFO - Setting next_dagrun for example_bash_operator to 2025-02-19 00:00:00+00:00, run_after=2025-02-20 00:00:00+00:00
[2025-02-20T18:12:29.533+0000] {processor.py:183} INFO - Processing /home/airflow/.local/lib/python3.8/site-packages/airflow/example_dags/example_bash_operator.py took 0.412 seconds
[2025-02-20T20:05:47.516+0000] {processor.py:161} INFO - Started process (PID=3610) to work on /home/airflow/.local/lib/python3.8/site-packages/airflow/example_dags/example_bash_operator.py
[2025-02-20T20:05:47.518+0000] {processor.py:830} INFO - Processing file /home/airflow/.local/lib/python3.8/site-packages/airflow/example_dags/example_bash_operator.py for tasks to queue
[2025-02-20T20:05:47.523+0000] {logging_mixin.py:188} INFO - [2025-02-20T20:05:47.523+0000] {dagbag.py:538} INFO - Filling up the DagBag from /home/airflow/.local/lib/python3.8/site-packages/airflow/example_dags/example_bash_operator.py
[2025-02-20T20:05:47.560+0000] {processor.py:840} INFO - DAG(s) 'example_bash_operator' retrieved from /home/airflow/.local/lib/python3.8/site-packages/airflow/example_dags/example_bash_operator.py
[2025-02-20T20:05:47.646+0000] {logging_mixin.py:188} INFO - [2025-02-20T20:05:47.645+0000] {dag.py:3036} INFO - Sync 1 DAGs
[2025-02-20T20:05:47.701+0000] {logging_mixin.py:188} INFO - [2025-02-20T20:05:47.700+0000] {dag.py:3823} INFO - Setting next_dagrun for example_bash_operator to 2025-02-19 00:00:00+00:00, run_after=2025-02-20 00:00:00+00:00
[2025-02-20T20:05:47.739+0000] {processor.py:183} INFO - Processing /home/airflow/.local/lib/python3.8/site-packages/airflow/example_dags/example_bash_operator.py took 0.230 seconds
[2025-02-20T20:19:13.090+0000] {processor.py:161} INFO - Started process (PID=3701) to work on /home/airflow/.local/lib/python3.8/site-packages/airflow/example_dags/example_bash_operator.py
[2025-02-20T20:19:13.092+0000] {processor.py:830} INFO - Processing file /home/airflow/.local/lib/python3.8/site-packages/airflow/example_dags/example_bash_operator.py for tasks to queue
[2025-02-20T20:19:13.096+0000] {logging_mixin.py:188} INFO - [2025-02-20T20:19:13.095+0000] {dagbag.py:538} INFO - Filling up the DagBag from /home/airflow/.local/lib/python3.8/site-packages/airflow/example_dags/example_bash_operator.py
[2025-02-20T20:19:13.175+0000] {processor.py:840} INFO - DAG(s) 'example_bash_operator' retrieved from /home/airflow/.local/lib/python3.8/site-packages/airflow/example_dags/example_bash_operator.py
[2025-02-20T20:19:13.359+0000] {logging_mixin.py:188} INFO - [2025-02-20T20:19:13.359+0000] {dag.py:3036} INFO - Sync 1 DAGs
[2025-02-20T20:19:13.629+0000] {logging_mixin.py:188} INFO - [2025-02-20T20:19:13.629+0000] {dag.py:3823} INFO - Setting next_dagrun for example_bash_operator to 2025-02-19 00:00:00+00:00, run_after=2025-02-20 00:00:00+00:00
[2025-02-20T20:19:13.759+0000] {processor.py:183} INFO - Processing /home/airflow/.local/lib/python3.8/site-packages/airflow/example_dags/example_bash_operator.py took 0.674 seconds
[2025-02-20T22:14:43.797+0000] {processor.py:161} INFO - Started process (PID=3799) to work on /home/airflow/.local/lib/python3.8/site-packages/airflow/example_dags/example_bash_operator.py
[2025-02-20T22:14:43.800+0000] {processor.py:830} INFO - Processing file /home/airflow/.local/lib/python3.8/site-packages/airflow/example_dags/example_bash_operator.py for tasks to queue
[2025-02-20T22:14:43.805+0000] {logging_mixin.py:188} INFO - [2025-02-20T22:14:43.804+0000] {dagbag.py:538} INFO - Filling up the DagBag from /home/airflow/.local/lib/python3.8/site-packages/airflow/example_dags/example_bash_operator.py
[2025-02-20T22:14:43.853+0000] {processor.py:840} INFO - DAG(s) 'example_bash_operator' retrieved from /home/airflow/.local/lib/python3.8/site-packages/airflow/example_dags/example_bash_operator.py
[2025-02-20T22:14:43.939+0000] {logging_mixin.py:188} INFO - [2025-02-20T22:14:43.938+0000] {dag.py:3036} INFO - Sync 1 DAGs
[2025-02-20T22:14:43.979+0000] {logging_mixin.py:188} INFO - [2025-02-20T22:14:43.978+0000] {dag.py:3823} INFO - Setting next_dagrun for example_bash_operator to 2025-02-19 00:00:00+00:00, run_after=2025-02-20 00:00:00+00:00
[2025-02-20T22:14:44.027+0000] {processor.py:183} INFO - Processing /home/airflow/.local/lib/python3.8/site-packages/airflow/example_dags/example_bash_operator.py took 0.241 seconds
