[2025-02-20T13:46:04.774+0000] {processor.py:161} INFO - Started process (PID=110) to work on /home/airflow/.local/lib/python3.8/site-packages/airflow/example_dags/example_task_group_decorator.py
[2025-02-20T13:46:04.777+0000] {processor.py:830} INFO - Processing file /home/airflow/.local/lib/python3.8/site-packages/airflow/example_dags/example_task_group_decorator.py for tasks to queue
[2025-02-20T13:46:04.781+0000] {logging_mixin.py:188} INFO - [2025-02-20T13:46:04.781+0000] {dagbag.py:538} INFO - Filling up the DagBag from /home/airflow/.local/lib/python3.8/site-packages/airflow/example_dags/example_task_group_decorator.py
[2025-02-20T13:46:04.806+0000] {processor.py:840} INFO - DAG(s) 'example_task_group_decorator' retrieved from /home/airflow/.local/lib/python3.8/site-packages/airflow/example_dags/example_task_group_decorator.py
[2025-02-20T13:46:04.875+0000] {logging_mixin.py:188} INFO - [2025-02-20T13:46:04.875+0000] {dag.py:3036} INFO - Sync 1 DAGs
[2025-02-20T13:46:04.923+0000] {logging_mixin.py:188} INFO - [2025-02-20T13:46:04.923+0000] {dag.py:3823} INFO - Setting next_dagrun for example_task_group_decorator to 2025-02-19 00:00:00+00:00, run_after=2025-02-20 00:00:00+00:00
[2025-02-20T13:46:04.952+0000] {processor.py:183} INFO - Processing /home/airflow/.local/lib/python3.8/site-packages/airflow/example_dags/example_task_group_decorator.py took 0.183 seconds
[2025-02-20T13:46:35.262+0000] {processor.py:161} INFO - Started process (PID=175) to work on /home/airflow/.local/lib/python3.8/site-packages/airflow/example_dags/example_task_group_decorator.py
[2025-02-20T13:46:35.265+0000] {processor.py:830} INFO - Processing file /home/airflow/.local/lib/python3.8/site-packages/airflow/example_dags/example_task_group_decorator.py for tasks to queue
[2025-02-20T13:46:35.267+0000] {logging_mixin.py:188} INFO - [2025-02-20T13:46:35.267+0000] {dagbag.py:538} INFO - Filling up the DagBag from /home/airflow/.local/lib/python3.8/site-packages/airflow/example_dags/example_task_group_decorator.py
[2025-02-20T13:46:35.302+0000] {processor.py:840} INFO - DAG(s) 'example_task_group_decorator' retrieved from /home/airflow/.local/lib/python3.8/site-packages/airflow/example_dags/example_task_group_decorator.py
[2025-02-20T13:46:35.351+0000] {logging_mixin.py:188} INFO - [2025-02-20T13:46:35.350+0000] {dag.py:3036} INFO - Sync 1 DAGs
[2025-02-20T13:46:35.382+0000] {logging_mixin.py:188} INFO - [2025-02-20T13:46:35.382+0000] {dag.py:3823} INFO - Setting next_dagrun for example_task_group_decorator to 2025-02-19 00:00:00+00:00, run_after=2025-02-20 00:00:00+00:00
[2025-02-20T13:46:35.419+0000] {processor.py:183} INFO - Processing /home/airflow/.local/lib/python3.8/site-packages/airflow/example_dags/example_task_group_decorator.py took 0.161 seconds
[2025-02-20T13:47:05.886+0000] {processor.py:161} INFO - Started process (PID=240) to work on /home/airflow/.local/lib/python3.8/site-packages/airflow/example_dags/example_task_group_decorator.py
[2025-02-20T13:47:05.888+0000] {processor.py:830} INFO - Processing file /home/airflow/.local/lib/python3.8/site-packages/airflow/example_dags/example_task_group_decorator.py for tasks to queue
[2025-02-20T13:47:05.892+0000] {logging_mixin.py:188} INFO - [2025-02-20T13:47:05.892+0000] {dagbag.py:538} INFO - Filling up the DagBag from /home/airflow/.local/lib/python3.8/site-packages/airflow/example_dags/example_task_group_decorator.py
[2025-02-20T13:47:05.923+0000] {processor.py:840} INFO - DAG(s) 'example_task_group_decorator' retrieved from /home/airflow/.local/lib/python3.8/site-packages/airflow/example_dags/example_task_group_decorator.py
[2025-02-20T13:47:05.967+0000] {logging_mixin.py:188} INFO - [2025-02-20T13:47:05.966+0000] {dag.py:3036} INFO - Sync 1 DAGs
[2025-02-20T13:47:06.002+0000] {logging_mixin.py:188} INFO - [2025-02-20T13:47:06.002+0000] {dag.py:3823} INFO - Setting next_dagrun for example_task_group_decorator to 2025-02-19 00:00:00+00:00, run_after=2025-02-20 00:00:00+00:00
[2025-02-20T13:47:06.031+0000] {processor.py:183} INFO - Processing /home/airflow/.local/lib/python3.8/site-packages/airflow/example_dags/example_task_group_decorator.py took 0.149 seconds
[2025-02-20T13:47:37.490+0000] {processor.py:161} INFO - Started process (PID=306) to work on /home/airflow/.local/lib/python3.8/site-packages/airflow/example_dags/example_task_group_decorator.py
[2025-02-20T13:47:37.492+0000] {processor.py:830} INFO - Processing file /home/airflow/.local/lib/python3.8/site-packages/airflow/example_dags/example_task_group_decorator.py for tasks to queue
[2025-02-20T13:47:37.496+0000] {logging_mixin.py:188} INFO - [2025-02-20T13:47:37.495+0000] {dagbag.py:538} INFO - Filling up the DagBag from /home/airflow/.local/lib/python3.8/site-packages/airflow/example_dags/example_task_group_decorator.py
[2025-02-20T13:47:37.520+0000] {processor.py:840} INFO - DAG(s) 'example_task_group_decorator' retrieved from /home/airflow/.local/lib/python3.8/site-packages/airflow/example_dags/example_task_group_decorator.py
[2025-02-20T13:47:37.584+0000] {logging_mixin.py:188} INFO - [2025-02-20T13:47:37.584+0000] {dag.py:3036} INFO - Sync 1 DAGs
[2025-02-20T13:47:37.661+0000] {logging_mixin.py:188} INFO - [2025-02-20T13:47:37.660+0000] {dag.py:3823} INFO - Setting next_dagrun for example_task_group_decorator to 2025-02-19 00:00:00+00:00, run_after=2025-02-20 00:00:00+00:00
[2025-02-20T13:47:37.712+0000] {processor.py:183} INFO - Processing /home/airflow/.local/lib/python3.8/site-packages/airflow/example_dags/example_task_group_decorator.py took 0.228 seconds
[2025-02-20T13:48:07.769+0000] {processor.py:161} INFO - Started process (PID=370) to work on /home/airflow/.local/lib/python3.8/site-packages/airflow/example_dags/example_task_group_decorator.py
[2025-02-20T13:48:07.771+0000] {processor.py:830} INFO - Processing file /home/airflow/.local/lib/python3.8/site-packages/airflow/example_dags/example_task_group_decorator.py for tasks to queue
[2025-02-20T13:48:07.776+0000] {logging_mixin.py:188} INFO - [2025-02-20T13:48:07.775+0000] {dagbag.py:538} INFO - Filling up the DagBag from /home/airflow/.local/lib/python3.8/site-packages/airflow/example_dags/example_task_group_decorator.py
[2025-02-20T13:48:07.802+0000] {processor.py:840} INFO - DAG(s) 'example_task_group_decorator' retrieved from /home/airflow/.local/lib/python3.8/site-packages/airflow/example_dags/example_task_group_decorator.py
[2025-02-20T13:48:07.857+0000] {logging_mixin.py:188} INFO - [2025-02-20T13:48:07.856+0000] {dag.py:3036} INFO - Sync 1 DAGs
[2025-02-20T13:48:07.894+0000] {logging_mixin.py:188} INFO - [2025-02-20T13:48:07.893+0000] {dag.py:3823} INFO - Setting next_dagrun for example_task_group_decorator to 2025-02-19 00:00:00+00:00, run_after=2025-02-20 00:00:00+00:00
[2025-02-20T13:48:07.920+0000] {processor.py:183} INFO - Processing /home/airflow/.local/lib/python3.8/site-packages/airflow/example_dags/example_task_group_decorator.py took 0.155 seconds
[2025-02-20T13:48:38.611+0000] {processor.py:161} INFO - Started process (PID=434) to work on /home/airflow/.local/lib/python3.8/site-packages/airflow/example_dags/example_task_group_decorator.py
[2025-02-20T13:48:38.616+0000] {processor.py:830} INFO - Processing file /home/airflow/.local/lib/python3.8/site-packages/airflow/example_dags/example_task_group_decorator.py for tasks to queue
[2025-02-20T13:48:38.626+0000] {logging_mixin.py:188} INFO - [2025-02-20T13:48:38.626+0000] {dagbag.py:538} INFO - Filling up the DagBag from /home/airflow/.local/lib/python3.8/site-packages/airflow/example_dags/example_task_group_decorator.py
[2025-02-20T13:48:38.656+0000] {processor.py:840} INFO - DAG(s) 'example_task_group_decorator' retrieved from /home/airflow/.local/lib/python3.8/site-packages/airflow/example_dags/example_task_group_decorator.py
[2025-02-20T13:48:38.739+0000] {logging_mixin.py:188} INFO - [2025-02-20T13:48:38.737+0000] {dag.py:3036} INFO - Sync 1 DAGs
[2025-02-20T13:48:38.787+0000] {logging_mixin.py:188} INFO - [2025-02-20T13:48:38.787+0000] {dag.py:3823} INFO - Setting next_dagrun for example_task_group_decorator to 2025-02-19 00:00:00+00:00, run_after=2025-02-20 00:00:00+00:00
[2025-02-20T13:48:38.832+0000] {processor.py:183} INFO - Processing /home/airflow/.local/lib/python3.8/site-packages/airflow/example_dags/example_task_group_decorator.py took 0.225 seconds
[2025-02-20T13:49:09.549+0000] {processor.py:161} INFO - Started process (PID=499) to work on /home/airflow/.local/lib/python3.8/site-packages/airflow/example_dags/example_task_group_decorator.py
[2025-02-20T13:49:09.552+0000] {processor.py:830} INFO - Processing file /home/airflow/.local/lib/python3.8/site-packages/airflow/example_dags/example_task_group_decorator.py for tasks to queue
[2025-02-20T13:49:09.555+0000] {logging_mixin.py:188} INFO - [2025-02-20T13:49:09.554+0000] {dagbag.py:538} INFO - Filling up the DagBag from /home/airflow/.local/lib/python3.8/site-packages/airflow/example_dags/example_task_group_decorator.py
[2025-02-20T13:49:09.595+0000] {processor.py:840} INFO - DAG(s) 'example_task_group_decorator' retrieved from /home/airflow/.local/lib/python3.8/site-packages/airflow/example_dags/example_task_group_decorator.py
[2025-02-20T13:49:09.671+0000] {logging_mixin.py:188} INFO - [2025-02-20T13:49:09.670+0000] {dag.py:3036} INFO - Sync 1 DAGs
[2025-02-20T13:49:09.724+0000] {logging_mixin.py:188} INFO - [2025-02-20T13:49:09.723+0000] {dag.py:3823} INFO - Setting next_dagrun for example_task_group_decorator to 2025-02-19 00:00:00+00:00, run_after=2025-02-20 00:00:00+00:00
[2025-02-20T13:49:09.800+0000] {processor.py:183} INFO - Processing /home/airflow/.local/lib/python3.8/site-packages/airflow/example_dags/example_task_group_decorator.py took 0.257 seconds
[2025-02-20T13:49:40.485+0000] {processor.py:161} INFO - Started process (PID=565) to work on /home/airflow/.local/lib/python3.8/site-packages/airflow/example_dags/example_task_group_decorator.py
[2025-02-20T13:49:40.488+0000] {processor.py:830} INFO - Processing file /home/airflow/.local/lib/python3.8/site-packages/airflow/example_dags/example_task_group_decorator.py for tasks to queue
[2025-02-20T13:49:40.493+0000] {logging_mixin.py:188} INFO - [2025-02-20T13:49:40.493+0000] {dagbag.py:538} INFO - Filling up the DagBag from /home/airflow/.local/lib/python3.8/site-packages/airflow/example_dags/example_task_group_decorator.py
[2025-02-20T13:49:40.532+0000] {processor.py:840} INFO - DAG(s) 'example_task_group_decorator' retrieved from /home/airflow/.local/lib/python3.8/site-packages/airflow/example_dags/example_task_group_decorator.py
[2025-02-20T13:49:40.613+0000] {logging_mixin.py:188} INFO - [2025-02-20T13:49:40.613+0000] {dag.py:3036} INFO - Sync 1 DAGs
[2025-02-20T13:49:40.683+0000] {logging_mixin.py:188} INFO - [2025-02-20T13:49:40.683+0000] {dag.py:3823} INFO - Setting next_dagrun for example_task_group_decorator to 2025-02-19 00:00:00+00:00, run_after=2025-02-20 00:00:00+00:00
[2025-02-20T13:49:40.760+0000] {processor.py:183} INFO - Processing /home/airflow/.local/lib/python3.8/site-packages/airflow/example_dags/example_task_group_decorator.py took 0.280 seconds
[2025-02-20T13:50:11.726+0000] {processor.py:161} INFO - Started process (PID=622) to work on /home/airflow/.local/lib/python3.8/site-packages/airflow/example_dags/example_task_group_decorator.py
[2025-02-20T13:50:11.729+0000] {processor.py:830} INFO - Processing file /home/airflow/.local/lib/python3.8/site-packages/airflow/example_dags/example_task_group_decorator.py for tasks to queue
[2025-02-20T13:50:11.732+0000] {logging_mixin.py:188} INFO - [2025-02-20T13:50:11.732+0000] {dagbag.py:538} INFO - Filling up the DagBag from /home/airflow/.local/lib/python3.8/site-packages/airflow/example_dags/example_task_group_decorator.py
[2025-02-20T13:50:11.762+0000] {processor.py:840} INFO - DAG(s) 'example_task_group_decorator' retrieved from /home/airflow/.local/lib/python3.8/site-packages/airflow/example_dags/example_task_group_decorator.py
[2025-02-20T13:50:11.810+0000] {logging_mixin.py:188} INFO - [2025-02-20T13:50:11.809+0000] {dag.py:3036} INFO - Sync 1 DAGs
[2025-02-20T13:50:11.856+0000] {logging_mixin.py:188} INFO - [2025-02-20T13:50:11.855+0000] {dag.py:3823} INFO - Setting next_dagrun for example_task_group_decorator to 2025-02-19 00:00:00+00:00, run_after=2025-02-20 00:00:00+00:00
[2025-02-20T13:50:11.889+0000] {processor.py:183} INFO - Processing /home/airflow/.local/lib/python3.8/site-packages/airflow/example_dags/example_task_group_decorator.py took 0.167 seconds
[2025-02-20T13:50:42.053+0000] {processor.py:161} INFO - Started process (PID=695) to work on /home/airflow/.local/lib/python3.8/site-packages/airflow/example_dags/example_task_group_decorator.py
[2025-02-20T13:50:42.055+0000] {processor.py:830} INFO - Processing file /home/airflow/.local/lib/python3.8/site-packages/airflow/example_dags/example_task_group_decorator.py for tasks to queue
[2025-02-20T13:50:42.062+0000] {logging_mixin.py:188} INFO - [2025-02-20T13:50:42.060+0000] {dagbag.py:538} INFO - Filling up the DagBag from /home/airflow/.local/lib/python3.8/site-packages/airflow/example_dags/example_task_group_decorator.py
[2025-02-20T13:50:42.105+0000] {processor.py:840} INFO - DAG(s) 'example_task_group_decorator' retrieved from /home/airflow/.local/lib/python3.8/site-packages/airflow/example_dags/example_task_group_decorator.py
[2025-02-20T13:50:42.165+0000] {logging_mixin.py:188} INFO - [2025-02-20T13:50:42.164+0000] {dag.py:3036} INFO - Sync 1 DAGs
[2025-02-20T13:50:42.305+0000] {logging_mixin.py:188} INFO - [2025-02-20T13:50:42.300+0000] {dag.py:3823} INFO - Setting next_dagrun for example_task_group_decorator to 2025-02-19 00:00:00+00:00, run_after=2025-02-20 00:00:00+00:00
[2025-02-20T13:50:42.388+0000] {processor.py:183} INFO - Processing /home/airflow/.local/lib/python3.8/site-packages/airflow/example_dags/example_task_group_decorator.py took 0.341 seconds
[2025-02-20T13:51:12.531+0000] {processor.py:161} INFO - Started process (PID=759) to work on /home/airflow/.local/lib/python3.8/site-packages/airflow/example_dags/example_task_group_decorator.py
[2025-02-20T13:51:12.532+0000] {processor.py:830} INFO - Processing file /home/airflow/.local/lib/python3.8/site-packages/airflow/example_dags/example_task_group_decorator.py for tasks to queue
[2025-02-20T13:51:12.535+0000] {logging_mixin.py:188} INFO - [2025-02-20T13:51:12.534+0000] {dagbag.py:538} INFO - Filling up the DagBag from /home/airflow/.local/lib/python3.8/site-packages/airflow/example_dags/example_task_group_decorator.py
[2025-02-20T13:51:12.563+0000] {processor.py:840} INFO - DAG(s) 'example_task_group_decorator' retrieved from /home/airflow/.local/lib/python3.8/site-packages/airflow/example_dags/example_task_group_decorator.py
[2025-02-20T13:51:12.621+0000] {logging_mixin.py:188} INFO - [2025-02-20T13:51:12.621+0000] {dag.py:3036} INFO - Sync 1 DAGs
[2025-02-20T13:51:12.663+0000] {logging_mixin.py:188} INFO - [2025-02-20T13:51:12.663+0000] {dag.py:3823} INFO - Setting next_dagrun for example_task_group_decorator to 2025-02-19 00:00:00+00:00, run_after=2025-02-20 00:00:00+00:00
[2025-02-20T13:51:12.704+0000] {processor.py:183} INFO - Processing /home/airflow/.local/lib/python3.8/site-packages/airflow/example_dags/example_task_group_decorator.py took 0.178 seconds
[2025-02-20T13:51:43.180+0000] {processor.py:161} INFO - Started process (PID=824) to work on /home/airflow/.local/lib/python3.8/site-packages/airflow/example_dags/example_task_group_decorator.py
[2025-02-20T13:51:43.182+0000] {processor.py:830} INFO - Processing file /home/airflow/.local/lib/python3.8/site-packages/airflow/example_dags/example_task_group_decorator.py for tasks to queue
[2025-02-20T13:51:43.186+0000] {logging_mixin.py:188} INFO - [2025-02-20T13:51:43.186+0000] {dagbag.py:538} INFO - Filling up the DagBag from /home/airflow/.local/lib/python3.8/site-packages/airflow/example_dags/example_task_group_decorator.py
[2025-02-20T13:51:43.213+0000] {processor.py:840} INFO - DAG(s) 'example_task_group_decorator' retrieved from /home/airflow/.local/lib/python3.8/site-packages/airflow/example_dags/example_task_group_decorator.py
[2025-02-20T13:51:43.263+0000] {logging_mixin.py:188} INFO - [2025-02-20T13:51:43.263+0000] {dag.py:3036} INFO - Sync 1 DAGs
[2025-02-20T13:51:43.300+0000] {logging_mixin.py:188} INFO - [2025-02-20T13:51:43.300+0000] {dag.py:3823} INFO - Setting next_dagrun for example_task_group_decorator to 2025-02-19 00:00:00+00:00, run_after=2025-02-20 00:00:00+00:00
[2025-02-20T13:51:43.336+0000] {processor.py:183} INFO - Processing /home/airflow/.local/lib/python3.8/site-packages/airflow/example_dags/example_task_group_decorator.py took 0.162 seconds
[2025-02-20T13:52:13.520+0000] {processor.py:161} INFO - Started process (PID=888) to work on /home/airflow/.local/lib/python3.8/site-packages/airflow/example_dags/example_task_group_decorator.py
[2025-02-20T13:52:13.521+0000] {processor.py:830} INFO - Processing file /home/airflow/.local/lib/python3.8/site-packages/airflow/example_dags/example_task_group_decorator.py for tasks to queue
[2025-02-20T13:52:13.524+0000] {logging_mixin.py:188} INFO - [2025-02-20T13:52:13.523+0000] {dagbag.py:538} INFO - Filling up the DagBag from /home/airflow/.local/lib/python3.8/site-packages/airflow/example_dags/example_task_group_decorator.py
[2025-02-20T13:52:13.544+0000] {processor.py:840} INFO - DAG(s) 'example_task_group_decorator' retrieved from /home/airflow/.local/lib/python3.8/site-packages/airflow/example_dags/example_task_group_decorator.py
[2025-02-20T13:52:13.586+0000] {logging_mixin.py:188} INFO - [2025-02-20T13:52:13.586+0000] {dag.py:3036} INFO - Sync 1 DAGs
[2025-02-20T13:52:13.615+0000] {logging_mixin.py:188} INFO - [2025-02-20T13:52:13.615+0000] {dag.py:3823} INFO - Setting next_dagrun for example_task_group_decorator to 2025-02-19 00:00:00+00:00, run_after=2025-02-20 00:00:00+00:00
[2025-02-20T13:52:13.646+0000] {processor.py:183} INFO - Processing /home/airflow/.local/lib/python3.8/site-packages/airflow/example_dags/example_task_group_decorator.py took 0.131 seconds
[2025-02-20T13:52:44.441+0000] {processor.py:161} INFO - Started process (PID=953) to work on /home/airflow/.local/lib/python3.8/site-packages/airflow/example_dags/example_task_group_decorator.py
[2025-02-20T13:52:44.443+0000] {processor.py:830} INFO - Processing file /home/airflow/.local/lib/python3.8/site-packages/airflow/example_dags/example_task_group_decorator.py for tasks to queue
[2025-02-20T13:52:44.449+0000] {logging_mixin.py:188} INFO - [2025-02-20T13:52:44.448+0000] {dagbag.py:538} INFO - Filling up the DagBag from /home/airflow/.local/lib/python3.8/site-packages/airflow/example_dags/example_task_group_decorator.py
[2025-02-20T13:52:44.480+0000] {processor.py:840} INFO - DAG(s) 'example_task_group_decorator' retrieved from /home/airflow/.local/lib/python3.8/site-packages/airflow/example_dags/example_task_group_decorator.py
[2025-02-20T13:52:44.533+0000] {logging_mixin.py:188} INFO - [2025-02-20T13:52:44.533+0000] {dag.py:3036} INFO - Sync 1 DAGs
[2025-02-20T13:52:44.572+0000] {logging_mixin.py:188} INFO - [2025-02-20T13:52:44.571+0000] {dag.py:3823} INFO - Setting next_dagrun for example_task_group_decorator to 2025-02-19 00:00:00+00:00, run_after=2025-02-20 00:00:00+00:00
[2025-02-20T13:52:44.619+0000] {processor.py:183} INFO - Processing /home/airflow/.local/lib/python3.8/site-packages/airflow/example_dags/example_task_group_decorator.py took 0.184 seconds
[2025-02-20T13:53:15.378+0000] {processor.py:161} INFO - Started process (PID=1018) to work on /home/airflow/.local/lib/python3.8/site-packages/airflow/example_dags/example_task_group_decorator.py
[2025-02-20T13:53:15.379+0000] {processor.py:830} INFO - Processing file /home/airflow/.local/lib/python3.8/site-packages/airflow/example_dags/example_task_group_decorator.py for tasks to queue
[2025-02-20T13:53:15.383+0000] {logging_mixin.py:188} INFO - [2025-02-20T13:53:15.382+0000] {dagbag.py:538} INFO - Filling up the DagBag from /home/airflow/.local/lib/python3.8/site-packages/airflow/example_dags/example_task_group_decorator.py
[2025-02-20T13:53:15.419+0000] {processor.py:840} INFO - DAG(s) 'example_task_group_decorator' retrieved from /home/airflow/.local/lib/python3.8/site-packages/airflow/example_dags/example_task_group_decorator.py
[2025-02-20T13:53:15.475+0000] {logging_mixin.py:188} INFO - [2025-02-20T13:53:15.474+0000] {dag.py:3036} INFO - Sync 1 DAGs
[2025-02-20T13:53:15.514+0000] {logging_mixin.py:188} INFO - [2025-02-20T13:53:15.514+0000] {dag.py:3823} INFO - Setting next_dagrun for example_task_group_decorator to 2025-02-19 00:00:00+00:00, run_after=2025-02-20 00:00:00+00:00
[2025-02-20T13:53:15.560+0000] {processor.py:183} INFO - Processing /home/airflow/.local/lib/python3.8/site-packages/airflow/example_dags/example_task_group_decorator.py took 0.192 seconds
[2025-02-20T13:53:46.051+0000] {processor.py:161} INFO - Started process (PID=1083) to work on /home/airflow/.local/lib/python3.8/site-packages/airflow/example_dags/example_task_group_decorator.py
[2025-02-20T13:53:46.053+0000] {processor.py:830} INFO - Processing file /home/airflow/.local/lib/python3.8/site-packages/airflow/example_dags/example_task_group_decorator.py for tasks to queue
[2025-02-20T13:53:46.057+0000] {logging_mixin.py:188} INFO - [2025-02-20T13:53:46.057+0000] {dagbag.py:538} INFO - Filling up the DagBag from /home/airflow/.local/lib/python3.8/site-packages/airflow/example_dags/example_task_group_decorator.py
[2025-02-20T13:53:46.087+0000] {processor.py:840} INFO - DAG(s) 'example_task_group_decorator' retrieved from /home/airflow/.local/lib/python3.8/site-packages/airflow/example_dags/example_task_group_decorator.py
[2025-02-20T13:53:46.139+0000] {logging_mixin.py:188} INFO - [2025-02-20T13:53:46.139+0000] {dag.py:3036} INFO - Sync 1 DAGs
[2025-02-20T13:53:46.185+0000] {logging_mixin.py:188} INFO - [2025-02-20T13:53:46.185+0000] {dag.py:3823} INFO - Setting next_dagrun for example_task_group_decorator to 2025-02-19 00:00:00+00:00, run_after=2025-02-20 00:00:00+00:00
[2025-02-20T13:53:46.219+0000] {processor.py:183} INFO - Processing /home/airflow/.local/lib/python3.8/site-packages/airflow/example_dags/example_task_group_decorator.py took 0.174 seconds
[2025-02-20T13:54:16.614+0000] {processor.py:161} INFO - Started process (PID=1148) to work on /home/airflow/.local/lib/python3.8/site-packages/airflow/example_dags/example_task_group_decorator.py
[2025-02-20T13:54:16.615+0000] {processor.py:830} INFO - Processing file /home/airflow/.local/lib/python3.8/site-packages/airflow/example_dags/example_task_group_decorator.py for tasks to queue
[2025-02-20T13:54:16.618+0000] {logging_mixin.py:188} INFO - [2025-02-20T13:54:16.618+0000] {dagbag.py:538} INFO - Filling up the DagBag from /home/airflow/.local/lib/python3.8/site-packages/airflow/example_dags/example_task_group_decorator.py
[2025-02-20T13:54:16.639+0000] {processor.py:840} INFO - DAG(s) 'example_task_group_decorator' retrieved from /home/airflow/.local/lib/python3.8/site-packages/airflow/example_dags/example_task_group_decorator.py
[2025-02-20T13:54:16.673+0000] {logging_mixin.py:188} INFO - [2025-02-20T13:54:16.673+0000] {dag.py:3036} INFO - Sync 1 DAGs
[2025-02-20T13:54:16.703+0000] {logging_mixin.py:188} INFO - [2025-02-20T13:54:16.702+0000] {dag.py:3823} INFO - Setting next_dagrun for example_task_group_decorator to 2025-02-19 00:00:00+00:00, run_after=2025-02-20 00:00:00+00:00
[2025-02-20T13:54:16.737+0000] {processor.py:183} INFO - Processing /home/airflow/.local/lib/python3.8/site-packages/airflow/example_dags/example_task_group_decorator.py took 0.127 seconds
[2025-02-20T13:54:47.574+0000] {processor.py:161} INFO - Started process (PID=1213) to work on /home/airflow/.local/lib/python3.8/site-packages/airflow/example_dags/example_task_group_decorator.py
[2025-02-20T13:54:47.576+0000] {processor.py:830} INFO - Processing file /home/airflow/.local/lib/python3.8/site-packages/airflow/example_dags/example_task_group_decorator.py for tasks to queue
[2025-02-20T13:54:47.578+0000] {logging_mixin.py:188} INFO - [2025-02-20T13:54:47.578+0000] {dagbag.py:538} INFO - Filling up the DagBag from /home/airflow/.local/lib/python3.8/site-packages/airflow/example_dags/example_task_group_decorator.py
[2025-02-20T13:54:47.601+0000] {processor.py:840} INFO - DAG(s) 'example_task_group_decorator' retrieved from /home/airflow/.local/lib/python3.8/site-packages/airflow/example_dags/example_task_group_decorator.py
[2025-02-20T13:54:47.642+0000] {logging_mixin.py:188} INFO - [2025-02-20T13:54:47.640+0000] {dag.py:3036} INFO - Sync 1 DAGs
[2025-02-20T13:54:47.686+0000] {logging_mixin.py:188} INFO - [2025-02-20T13:54:47.685+0000] {dag.py:3823} INFO - Setting next_dagrun for example_task_group_decorator to 2025-02-19 00:00:00+00:00, run_after=2025-02-20 00:00:00+00:00
[2025-02-20T13:54:47.754+0000] {processor.py:183} INFO - Processing /home/airflow/.local/lib/python3.8/site-packages/airflow/example_dags/example_task_group_decorator.py took 0.183 seconds
[2025-02-20T13:55:18.564+0000] {processor.py:161} INFO - Started process (PID=1286) to work on /home/airflow/.local/lib/python3.8/site-packages/airflow/example_dags/example_task_group_decorator.py
[2025-02-20T13:55:18.565+0000] {processor.py:830} INFO - Processing file /home/airflow/.local/lib/python3.8/site-packages/airflow/example_dags/example_task_group_decorator.py for tasks to queue
[2025-02-20T13:55:18.569+0000] {logging_mixin.py:188} INFO - [2025-02-20T13:55:18.569+0000] {dagbag.py:538} INFO - Filling up the DagBag from /home/airflow/.local/lib/python3.8/site-packages/airflow/example_dags/example_task_group_decorator.py
[2025-02-20T13:55:18.608+0000] {processor.py:840} INFO - DAG(s) 'example_task_group_decorator' retrieved from /home/airflow/.local/lib/python3.8/site-packages/airflow/example_dags/example_task_group_decorator.py
[2025-02-20T13:55:18.663+0000] {logging_mixin.py:188} INFO - [2025-02-20T13:55:18.661+0000] {dag.py:3036} INFO - Sync 1 DAGs
[2025-02-20T13:55:18.760+0000] {logging_mixin.py:188} INFO - [2025-02-20T13:55:18.760+0000] {dag.py:3823} INFO - Setting next_dagrun for example_task_group_decorator to 2025-02-19 00:00:00+00:00, run_after=2025-02-20 00:00:00+00:00
[2025-02-20T13:55:18.793+0000] {processor.py:183} INFO - Processing /home/airflow/.local/lib/python3.8/site-packages/airflow/example_dags/example_task_group_decorator.py took 0.236 seconds
[2025-02-20T13:55:49.050+0000] {processor.py:161} INFO - Started process (PID=1351) to work on /home/airflow/.local/lib/python3.8/site-packages/airflow/example_dags/example_task_group_decorator.py
[2025-02-20T13:55:49.052+0000] {processor.py:830} INFO - Processing file /home/airflow/.local/lib/python3.8/site-packages/airflow/example_dags/example_task_group_decorator.py for tasks to queue
[2025-02-20T13:55:49.055+0000] {logging_mixin.py:188} INFO - [2025-02-20T13:55:49.054+0000] {dagbag.py:538} INFO - Filling up the DagBag from /home/airflow/.local/lib/python3.8/site-packages/airflow/example_dags/example_task_group_decorator.py
[2025-02-20T13:55:49.088+0000] {processor.py:840} INFO - DAG(s) 'example_task_group_decorator' retrieved from /home/airflow/.local/lib/python3.8/site-packages/airflow/example_dags/example_task_group_decorator.py
[2025-02-20T13:55:49.129+0000] {logging_mixin.py:188} INFO - [2025-02-20T13:55:49.128+0000] {dag.py:3036} INFO - Sync 1 DAGs
[2025-02-20T13:55:49.168+0000] {logging_mixin.py:188} INFO - [2025-02-20T13:55:49.168+0000] {dag.py:3823} INFO - Setting next_dagrun for example_task_group_decorator to 2025-02-19 00:00:00+00:00, run_after=2025-02-20 00:00:00+00:00
[2025-02-20T13:55:49.204+0000] {processor.py:183} INFO - Processing /home/airflow/.local/lib/python3.8/site-packages/airflow/example_dags/example_task_group_decorator.py took 0.160 seconds
[2025-02-20T13:56:19.684+0000] {processor.py:161} INFO - Started process (PID=1416) to work on /home/airflow/.local/lib/python3.8/site-packages/airflow/example_dags/example_task_group_decorator.py
[2025-02-20T13:56:19.686+0000] {processor.py:830} INFO - Processing file /home/airflow/.local/lib/python3.8/site-packages/airflow/example_dags/example_task_group_decorator.py for tasks to queue
[2025-02-20T13:56:19.689+0000] {logging_mixin.py:188} INFO - [2025-02-20T13:56:19.688+0000] {dagbag.py:538} INFO - Filling up the DagBag from /home/airflow/.local/lib/python3.8/site-packages/airflow/example_dags/example_task_group_decorator.py
[2025-02-20T13:56:19.711+0000] {processor.py:840} INFO - DAG(s) 'example_task_group_decorator' retrieved from /home/airflow/.local/lib/python3.8/site-packages/airflow/example_dags/example_task_group_decorator.py
[2025-02-20T13:56:19.757+0000] {logging_mixin.py:188} INFO - [2025-02-20T13:56:19.757+0000] {dag.py:3036} INFO - Sync 1 DAGs
[2025-02-20T13:56:19.791+0000] {logging_mixin.py:188} INFO - [2025-02-20T13:56:19.791+0000] {dag.py:3823} INFO - Setting next_dagrun for example_task_group_decorator to 2025-02-19 00:00:00+00:00, run_after=2025-02-20 00:00:00+00:00
[2025-02-20T13:56:19.823+0000] {processor.py:183} INFO - Processing /home/airflow/.local/lib/python3.8/site-packages/airflow/example_dags/example_task_group_decorator.py took 0.144 seconds
[2025-02-20T13:56:50.002+0000] {processor.py:161} INFO - Started process (PID=1481) to work on /home/airflow/.local/lib/python3.8/site-packages/airflow/example_dags/example_task_group_decorator.py
[2025-02-20T13:56:50.005+0000] {processor.py:830} INFO - Processing file /home/airflow/.local/lib/python3.8/site-packages/airflow/example_dags/example_task_group_decorator.py for tasks to queue
[2025-02-20T13:56:50.009+0000] {logging_mixin.py:188} INFO - [2025-02-20T13:56:50.008+0000] {dagbag.py:538} INFO - Filling up the DagBag from /home/airflow/.local/lib/python3.8/site-packages/airflow/example_dags/example_task_group_decorator.py
[2025-02-20T13:56:50.048+0000] {processor.py:840} INFO - DAG(s) 'example_task_group_decorator' retrieved from /home/airflow/.local/lib/python3.8/site-packages/airflow/example_dags/example_task_group_decorator.py
[2025-02-20T13:56:50.091+0000] {logging_mixin.py:188} INFO - [2025-02-20T13:56:50.091+0000] {dag.py:3036} INFO - Sync 1 DAGs
[2025-02-20T13:56:50.136+0000] {logging_mixin.py:188} INFO - [2025-02-20T13:56:50.135+0000] {dag.py:3823} INFO - Setting next_dagrun for example_task_group_decorator to 2025-02-19 00:00:00+00:00, run_after=2025-02-20 00:00:00+00:00
[2025-02-20T13:56:50.176+0000] {processor.py:183} INFO - Processing /home/airflow/.local/lib/python3.8/site-packages/airflow/example_dags/example_task_group_decorator.py took 0.180 seconds
[2025-02-20T13:57:21.101+0000] {processor.py:161} INFO - Started process (PID=1546) to work on /home/airflow/.local/lib/python3.8/site-packages/airflow/example_dags/example_task_group_decorator.py
[2025-02-20T13:57:21.103+0000] {processor.py:830} INFO - Processing file /home/airflow/.local/lib/python3.8/site-packages/airflow/example_dags/example_task_group_decorator.py for tasks to queue
[2025-02-20T13:57:21.106+0000] {logging_mixin.py:188} INFO - [2025-02-20T13:57:21.105+0000] {dagbag.py:538} INFO - Filling up the DagBag from /home/airflow/.local/lib/python3.8/site-packages/airflow/example_dags/example_task_group_decorator.py
[2025-02-20T13:57:21.149+0000] {processor.py:840} INFO - DAG(s) 'example_task_group_decorator' retrieved from /home/airflow/.local/lib/python3.8/site-packages/airflow/example_dags/example_task_group_decorator.py
[2025-02-20T13:57:21.211+0000] {logging_mixin.py:188} INFO - [2025-02-20T13:57:21.210+0000] {dag.py:3036} INFO - Sync 1 DAGs
[2025-02-20T13:57:21.252+0000] {logging_mixin.py:188} INFO - [2025-02-20T13:57:21.251+0000] {dag.py:3823} INFO - Setting next_dagrun for example_task_group_decorator to 2025-02-19 00:00:00+00:00, run_after=2025-02-20 00:00:00+00:00
[2025-02-20T13:57:21.285+0000] {processor.py:183} INFO - Processing /home/airflow/.local/lib/python3.8/site-packages/airflow/example_dags/example_task_group_decorator.py took 0.191 seconds
[2025-02-20T13:57:51.567+0000] {processor.py:161} INFO - Started process (PID=1610) to work on /home/airflow/.local/lib/python3.8/site-packages/airflow/example_dags/example_task_group_decorator.py
[2025-02-20T13:57:51.570+0000] {processor.py:830} INFO - Processing file /home/airflow/.local/lib/python3.8/site-packages/airflow/example_dags/example_task_group_decorator.py for tasks to queue
[2025-02-20T13:57:51.574+0000] {logging_mixin.py:188} INFO - [2025-02-20T13:57:51.574+0000] {dagbag.py:538} INFO - Filling up the DagBag from /home/airflow/.local/lib/python3.8/site-packages/airflow/example_dags/example_task_group_decorator.py
[2025-02-20T13:57:51.600+0000] {processor.py:840} INFO - DAG(s) 'example_task_group_decorator' retrieved from /home/airflow/.local/lib/python3.8/site-packages/airflow/example_dags/example_task_group_decorator.py
[2025-02-20T13:57:51.640+0000] {logging_mixin.py:188} INFO - [2025-02-20T13:57:51.640+0000] {dag.py:3036} INFO - Sync 1 DAGs
[2025-02-20T13:57:51.671+0000] {logging_mixin.py:188} INFO - [2025-02-20T13:57:51.670+0000] {dag.py:3823} INFO - Setting next_dagrun for example_task_group_decorator to 2025-02-19 00:00:00+00:00, run_after=2025-02-20 00:00:00+00:00
[2025-02-20T13:57:51.706+0000] {processor.py:183} INFO - Processing /home/airflow/.local/lib/python3.8/site-packages/airflow/example_dags/example_task_group_decorator.py took 0.144 seconds
[2025-02-20T13:58:21.751+0000] {processor.py:161} INFO - Started process (PID=1675) to work on /home/airflow/.local/lib/python3.8/site-packages/airflow/example_dags/example_task_group_decorator.py
[2025-02-20T13:58:21.753+0000] {processor.py:830} INFO - Processing file /home/airflow/.local/lib/python3.8/site-packages/airflow/example_dags/example_task_group_decorator.py for tasks to queue
[2025-02-20T13:58:21.755+0000] {logging_mixin.py:188} INFO - [2025-02-20T13:58:21.755+0000] {dagbag.py:538} INFO - Filling up the DagBag from /home/airflow/.local/lib/python3.8/site-packages/airflow/example_dags/example_task_group_decorator.py
[2025-02-20T13:58:21.785+0000] {processor.py:840} INFO - DAG(s) 'example_task_group_decorator' retrieved from /home/airflow/.local/lib/python3.8/site-packages/airflow/example_dags/example_task_group_decorator.py
[2025-02-20T13:58:21.828+0000] {logging_mixin.py:188} INFO - [2025-02-20T13:58:21.828+0000] {dag.py:3036} INFO - Sync 1 DAGs
[2025-02-20T13:58:21.866+0000] {logging_mixin.py:188} INFO - [2025-02-20T13:58:21.866+0000] {dag.py:3823} INFO - Setting next_dagrun for example_task_group_decorator to 2025-02-19 00:00:00+00:00, run_after=2025-02-20 00:00:00+00:00
[2025-02-20T13:58:21.894+0000] {processor.py:183} INFO - Processing /home/airflow/.local/lib/python3.8/site-packages/airflow/example_dags/example_task_group_decorator.py took 0.148 seconds
[2025-02-20T13:58:52.142+0000] {processor.py:161} INFO - Started process (PID=1739) to work on /home/airflow/.local/lib/python3.8/site-packages/airflow/example_dags/example_task_group_decorator.py
[2025-02-20T13:58:52.145+0000] {processor.py:830} INFO - Processing file /home/airflow/.local/lib/python3.8/site-packages/airflow/example_dags/example_task_group_decorator.py for tasks to queue
[2025-02-20T13:58:52.149+0000] {logging_mixin.py:188} INFO - [2025-02-20T13:58:52.149+0000] {dagbag.py:538} INFO - Filling up the DagBag from /home/airflow/.local/lib/python3.8/site-packages/airflow/example_dags/example_task_group_decorator.py
[2025-02-20T13:58:52.179+0000] {processor.py:840} INFO - DAG(s) 'example_task_group_decorator' retrieved from /home/airflow/.local/lib/python3.8/site-packages/airflow/example_dags/example_task_group_decorator.py
[2025-02-20T13:58:52.234+0000] {logging_mixin.py:188} INFO - [2025-02-20T13:58:52.233+0000] {dag.py:3036} INFO - Sync 1 DAGs
[2025-02-20T13:58:52.273+0000] {logging_mixin.py:188} INFO - [2025-02-20T13:58:52.273+0000] {dag.py:3823} INFO - Setting next_dagrun for example_task_group_decorator to 2025-02-19 00:00:00+00:00, run_after=2025-02-20 00:00:00+00:00
[2025-02-20T13:58:52.331+0000] {processor.py:183} INFO - Processing /home/airflow/.local/lib/python3.8/site-packages/airflow/example_dags/example_task_group_decorator.py took 0.194 seconds
[2025-02-20T13:59:22.985+0000] {processor.py:161} INFO - Started process (PID=1804) to work on /home/airflow/.local/lib/python3.8/site-packages/airflow/example_dags/example_task_group_decorator.py
[2025-02-20T13:59:22.988+0000] {processor.py:830} INFO - Processing file /home/airflow/.local/lib/python3.8/site-packages/airflow/example_dags/example_task_group_decorator.py for tasks to queue
[2025-02-20T13:59:22.995+0000] {logging_mixin.py:188} INFO - [2025-02-20T13:59:22.992+0000] {dagbag.py:538} INFO - Filling up the DagBag from /home/airflow/.local/lib/python3.8/site-packages/airflow/example_dags/example_task_group_decorator.py
[2025-02-20T13:59:23.042+0000] {processor.py:840} INFO - DAG(s) 'example_task_group_decorator' retrieved from /home/airflow/.local/lib/python3.8/site-packages/airflow/example_dags/example_task_group_decorator.py
[2025-02-20T13:59:23.110+0000] {logging_mixin.py:188} INFO - [2025-02-20T13:59:23.109+0000] {dag.py:3036} INFO - Sync 1 DAGs
[2025-02-20T13:59:23.188+0000] {logging_mixin.py:188} INFO - [2025-02-20T13:59:23.188+0000] {dag.py:3823} INFO - Setting next_dagrun for example_task_group_decorator to 2025-02-19 00:00:00+00:00, run_after=2025-02-20 00:00:00+00:00
[2025-02-20T13:59:23.253+0000] {processor.py:183} INFO - Processing /home/airflow/.local/lib/python3.8/site-packages/airflow/example_dags/example_task_group_decorator.py took 0.276 seconds
[2025-02-20T13:59:54.730+0000] {processor.py:161} INFO - Started process (PID=1876) to work on /home/airflow/.local/lib/python3.8/site-packages/airflow/example_dags/example_task_group_decorator.py
[2025-02-20T13:59:54.734+0000] {processor.py:830} INFO - Processing file /home/airflow/.local/lib/python3.8/site-packages/airflow/example_dags/example_task_group_decorator.py for tasks to queue
[2025-02-20T13:59:54.741+0000] {logging_mixin.py:188} INFO - [2025-02-20T13:59:54.740+0000] {dagbag.py:538} INFO - Filling up the DagBag from /home/airflow/.local/lib/python3.8/site-packages/airflow/example_dags/example_task_group_decorator.py
[2025-02-20T13:59:54.887+0000] {processor.py:840} INFO - DAG(s) 'example_task_group_decorator' retrieved from /home/airflow/.local/lib/python3.8/site-packages/airflow/example_dags/example_task_group_decorator.py
[2025-02-20T13:59:54.985+0000] {logging_mixin.py:188} INFO - [2025-02-20T13:59:54.984+0000] {dag.py:3036} INFO - Sync 1 DAGs
[2025-02-20T13:59:55.042+0000] {logging_mixin.py:188} INFO - [2025-02-20T13:59:55.042+0000] {dag.py:3823} INFO - Setting next_dagrun for example_task_group_decorator to 2025-02-19 00:00:00+00:00, run_after=2025-02-20 00:00:00+00:00
[2025-02-20T13:59:55.118+0000] {processor.py:183} INFO - Processing /home/airflow/.local/lib/python3.8/site-packages/airflow/example_dags/example_task_group_decorator.py took 0.393 seconds
[2025-02-20T14:00:25.612+0000] {processor.py:161} INFO - Started process (PID=1941) to work on /home/airflow/.local/lib/python3.8/site-packages/airflow/example_dags/example_task_group_decorator.py
[2025-02-20T14:00:25.614+0000] {processor.py:830} INFO - Processing file /home/airflow/.local/lib/python3.8/site-packages/airflow/example_dags/example_task_group_decorator.py for tasks to queue
[2025-02-20T14:00:25.616+0000] {logging_mixin.py:188} INFO - [2025-02-20T14:00:25.616+0000] {dagbag.py:538} INFO - Filling up the DagBag from /home/airflow/.local/lib/python3.8/site-packages/airflow/example_dags/example_task_group_decorator.py
[2025-02-20T14:00:25.648+0000] {processor.py:840} INFO - DAG(s) 'example_task_group_decorator' retrieved from /home/airflow/.local/lib/python3.8/site-packages/airflow/example_dags/example_task_group_decorator.py
[2025-02-20T14:00:25.715+0000] {logging_mixin.py:188} INFO - [2025-02-20T14:00:25.715+0000] {dag.py:3036} INFO - Sync 1 DAGs
[2025-02-20T14:00:25.775+0000] {logging_mixin.py:188} INFO - [2025-02-20T14:00:25.775+0000] {dag.py:3823} INFO - Setting next_dagrun for example_task_group_decorator to 2025-02-19 00:00:00+00:00, run_after=2025-02-20 00:00:00+00:00
[2025-02-20T14:00:25.868+0000] {processor.py:183} INFO - Processing /home/airflow/.local/lib/python3.8/site-packages/airflow/example_dags/example_task_group_decorator.py took 0.262 seconds
[2025-02-20T14:00:56.786+0000] {processor.py:161} INFO - Started process (PID=2004) to work on /home/airflow/.local/lib/python3.8/site-packages/airflow/example_dags/example_task_group_decorator.py
[2025-02-20T14:00:56.787+0000] {processor.py:830} INFO - Processing file /home/airflow/.local/lib/python3.8/site-packages/airflow/example_dags/example_task_group_decorator.py for tasks to queue
[2025-02-20T14:00:56.793+0000] {logging_mixin.py:188} INFO - [2025-02-20T14:00:56.792+0000] {dagbag.py:538} INFO - Filling up the DagBag from /home/airflow/.local/lib/python3.8/site-packages/airflow/example_dags/example_task_group_decorator.py
[2025-02-20T14:00:56.822+0000] {processor.py:840} INFO - DAG(s) 'example_task_group_decorator' retrieved from /home/airflow/.local/lib/python3.8/site-packages/airflow/example_dags/example_task_group_decorator.py
[2025-02-20T14:00:56.866+0000] {logging_mixin.py:188} INFO - [2025-02-20T14:00:56.866+0000] {dag.py:3036} INFO - Sync 1 DAGs
[2025-02-20T14:00:56.907+0000] {logging_mixin.py:188} INFO - [2025-02-20T14:00:56.907+0000] {dag.py:3823} INFO - Setting next_dagrun for example_task_group_decorator to 2025-02-19 00:00:00+00:00, run_after=2025-02-20 00:00:00+00:00
[2025-02-20T14:00:56.945+0000] {processor.py:183} INFO - Processing /home/airflow/.local/lib/python3.8/site-packages/airflow/example_dags/example_task_group_decorator.py took 0.164 seconds
[2025-02-20T14:01:27.207+0000] {processor.py:161} INFO - Started process (PID=2069) to work on /home/airflow/.local/lib/python3.8/site-packages/airflow/example_dags/example_task_group_decorator.py
[2025-02-20T14:01:27.210+0000] {processor.py:830} INFO - Processing file /home/airflow/.local/lib/python3.8/site-packages/airflow/example_dags/example_task_group_decorator.py for tasks to queue
[2025-02-20T14:01:27.217+0000] {logging_mixin.py:188} INFO - [2025-02-20T14:01:27.217+0000] {dagbag.py:538} INFO - Filling up the DagBag from /home/airflow/.local/lib/python3.8/site-packages/airflow/example_dags/example_task_group_decorator.py
[2025-02-20T14:01:27.262+0000] {processor.py:840} INFO - DAG(s) 'example_task_group_decorator' retrieved from /home/airflow/.local/lib/python3.8/site-packages/airflow/example_dags/example_task_group_decorator.py
[2025-02-20T14:01:27.363+0000] {logging_mixin.py:188} INFO - [2025-02-20T14:01:27.362+0000] {dag.py:3036} INFO - Sync 1 DAGs
[2025-02-20T14:01:27.419+0000] {logging_mixin.py:188} INFO - [2025-02-20T14:01:27.419+0000] {dag.py:3823} INFO - Setting next_dagrun for example_task_group_decorator to 2025-02-19 00:00:00+00:00, run_after=2025-02-20 00:00:00+00:00
[2025-02-20T14:01:27.491+0000] {processor.py:183} INFO - Processing /home/airflow/.local/lib/python3.8/site-packages/airflow/example_dags/example_task_group_decorator.py took 0.289 seconds
[2025-02-20T14:01:57.662+0000] {processor.py:161} INFO - Started process (PID=2134) to work on /home/airflow/.local/lib/python3.8/site-packages/airflow/example_dags/example_task_group_decorator.py
[2025-02-20T14:01:57.663+0000] {processor.py:830} INFO - Processing file /home/airflow/.local/lib/python3.8/site-packages/airflow/example_dags/example_task_group_decorator.py for tasks to queue
[2025-02-20T14:01:57.666+0000] {logging_mixin.py:188} INFO - [2025-02-20T14:01:57.666+0000] {dagbag.py:538} INFO - Filling up the DagBag from /home/airflow/.local/lib/python3.8/site-packages/airflow/example_dags/example_task_group_decorator.py
[2025-02-20T14:01:57.694+0000] {processor.py:840} INFO - DAG(s) 'example_task_group_decorator' retrieved from /home/airflow/.local/lib/python3.8/site-packages/airflow/example_dags/example_task_group_decorator.py
[2025-02-20T14:01:57.749+0000] {logging_mixin.py:188} INFO - [2025-02-20T14:01:57.748+0000] {dag.py:3036} INFO - Sync 1 DAGs
[2025-02-20T14:01:57.787+0000] {logging_mixin.py:188} INFO - [2025-02-20T14:01:57.787+0000] {dag.py:3823} INFO - Setting next_dagrun for example_task_group_decorator to 2025-02-19 00:00:00+00:00, run_after=2025-02-20 00:00:00+00:00
[2025-02-20T14:01:57.829+0000] {processor.py:183} INFO - Processing /home/airflow/.local/lib/python3.8/site-packages/airflow/example_dags/example_task_group_decorator.py took 0.172 seconds
[2025-02-20T14:02:28.306+0000] {processor.py:161} INFO - Started process (PID=2199) to work on /home/airflow/.local/lib/python3.8/site-packages/airflow/example_dags/example_task_group_decorator.py
[2025-02-20T14:02:28.311+0000] {processor.py:830} INFO - Processing file /home/airflow/.local/lib/python3.8/site-packages/airflow/example_dags/example_task_group_decorator.py for tasks to queue
[2025-02-20T14:02:28.315+0000] {logging_mixin.py:188} INFO - [2025-02-20T14:02:28.314+0000] {dagbag.py:538} INFO - Filling up the DagBag from /home/airflow/.local/lib/python3.8/site-packages/airflow/example_dags/example_task_group_decorator.py
[2025-02-20T14:02:28.358+0000] {processor.py:840} INFO - DAG(s) 'example_task_group_decorator' retrieved from /home/airflow/.local/lib/python3.8/site-packages/airflow/example_dags/example_task_group_decorator.py
[2025-02-20T14:02:28.433+0000] {logging_mixin.py:188} INFO - [2025-02-20T14:02:28.433+0000] {dag.py:3036} INFO - Sync 1 DAGs
[2025-02-20T14:02:28.490+0000] {logging_mixin.py:188} INFO - [2025-02-20T14:02:28.490+0000] {dag.py:3823} INFO - Setting next_dagrun for example_task_group_decorator to 2025-02-19 00:00:00+00:00, run_after=2025-02-20 00:00:00+00:00
[2025-02-20T14:02:28.583+0000] {processor.py:183} INFO - Processing /home/airflow/.local/lib/python3.8/site-packages/airflow/example_dags/example_task_group_decorator.py took 0.288 seconds
[2025-02-20T14:02:58.893+0000] {processor.py:161} INFO - Started process (PID=2265) to work on /home/airflow/.local/lib/python3.8/site-packages/airflow/example_dags/example_task_group_decorator.py
[2025-02-20T14:02:58.899+0000] {processor.py:830} INFO - Processing file /home/airflow/.local/lib/python3.8/site-packages/airflow/example_dags/example_task_group_decorator.py for tasks to queue
[2025-02-20T14:02:58.915+0000] {logging_mixin.py:188} INFO - [2025-02-20T14:02:58.915+0000] {dagbag.py:538} INFO - Filling up the DagBag from /home/airflow/.local/lib/python3.8/site-packages/airflow/example_dags/example_task_group_decorator.py
[2025-02-20T14:02:58.976+0000] {processor.py:840} INFO - DAG(s) 'example_task_group_decorator' retrieved from /home/airflow/.local/lib/python3.8/site-packages/airflow/example_dags/example_task_group_decorator.py
[2025-02-20T14:02:59.119+0000] {logging_mixin.py:188} INFO - [2025-02-20T14:02:59.118+0000] {dag.py:3036} INFO - Sync 1 DAGs
[2025-02-20T14:02:59.409+0000] {logging_mixin.py:188} INFO - [2025-02-20T14:02:59.409+0000] {dag.py:3823} INFO - Setting next_dagrun for example_task_group_decorator to 2025-02-19 00:00:00+00:00, run_after=2025-02-20 00:00:00+00:00
[2025-02-20T14:02:59.598+0000] {processor.py:183} INFO - Processing /home/airflow/.local/lib/python3.8/site-packages/airflow/example_dags/example_task_group_decorator.py took 0.710 seconds
[2025-02-20T14:03:30.230+0000] {processor.py:161} INFO - Started process (PID=2330) to work on /home/airflow/.local/lib/python3.8/site-packages/airflow/example_dags/example_task_group_decorator.py
[2025-02-20T14:03:30.234+0000] {processor.py:830} INFO - Processing file /home/airflow/.local/lib/python3.8/site-packages/airflow/example_dags/example_task_group_decorator.py for tasks to queue
[2025-02-20T14:03:30.238+0000] {logging_mixin.py:188} INFO - [2025-02-20T14:03:30.237+0000] {dagbag.py:538} INFO - Filling up the DagBag from /home/airflow/.local/lib/python3.8/site-packages/airflow/example_dags/example_task_group_decorator.py
[2025-02-20T14:03:30.269+0000] {processor.py:840} INFO - DAG(s) 'example_task_group_decorator' retrieved from /home/airflow/.local/lib/python3.8/site-packages/airflow/example_dags/example_task_group_decorator.py
[2025-02-20T14:03:30.339+0000] {logging_mixin.py:188} INFO - [2025-02-20T14:03:30.339+0000] {dag.py:3036} INFO - Sync 1 DAGs
[2025-02-20T14:03:30.393+0000] {logging_mixin.py:188} INFO - [2025-02-20T14:03:30.392+0000] {dag.py:3823} INFO - Setting next_dagrun for example_task_group_decorator to 2025-02-19 00:00:00+00:00, run_after=2025-02-20 00:00:00+00:00
[2025-02-20T14:03:30.472+0000] {processor.py:183} INFO - Processing /home/airflow/.local/lib/python3.8/site-packages/airflow/example_dags/example_task_group_decorator.py took 0.247 seconds
[2025-02-20T14:04:00.856+0000] {processor.py:161} INFO - Started process (PID=2396) to work on /home/airflow/.local/lib/python3.8/site-packages/airflow/example_dags/example_task_group_decorator.py
[2025-02-20T14:04:00.861+0000] {processor.py:830} INFO - Processing file /home/airflow/.local/lib/python3.8/site-packages/airflow/example_dags/example_task_group_decorator.py for tasks to queue
[2025-02-20T14:04:00.866+0000] {logging_mixin.py:188} INFO - [2025-02-20T14:04:00.866+0000] {dagbag.py:538} INFO - Filling up the DagBag from /home/airflow/.local/lib/python3.8/site-packages/airflow/example_dags/example_task_group_decorator.py
[2025-02-20T14:04:00.900+0000] {processor.py:840} INFO - DAG(s) 'example_task_group_decorator' retrieved from /home/airflow/.local/lib/python3.8/site-packages/airflow/example_dags/example_task_group_decorator.py
[2025-02-20T14:04:00.970+0000] {logging_mixin.py:188} INFO - [2025-02-20T14:04:00.970+0000] {dag.py:3036} INFO - Sync 1 DAGs
[2025-02-20T14:04:01.151+0000] {logging_mixin.py:188} INFO - [2025-02-20T14:04:01.149+0000] {dag.py:3823} INFO - Setting next_dagrun for example_task_group_decorator to 2025-02-19 00:00:00+00:00, run_after=2025-02-20 00:00:00+00:00
[2025-02-20T14:04:01.285+0000] {processor.py:183} INFO - Processing /home/airflow/.local/lib/python3.8/site-packages/airflow/example_dags/example_task_group_decorator.py took 0.450 seconds
[2025-02-20T14:04:32.352+0000] {processor.py:161} INFO - Started process (PID=2461) to work on /home/airflow/.local/lib/python3.8/site-packages/airflow/example_dags/example_task_group_decorator.py
[2025-02-20T14:04:32.361+0000] {processor.py:830} INFO - Processing file /home/airflow/.local/lib/python3.8/site-packages/airflow/example_dags/example_task_group_decorator.py for tasks to queue
[2025-02-20T14:04:32.365+0000] {logging_mixin.py:188} INFO - [2025-02-20T14:04:32.364+0000] {dagbag.py:538} INFO - Filling up the DagBag from /home/airflow/.local/lib/python3.8/site-packages/airflow/example_dags/example_task_group_decorator.py
[2025-02-20T14:04:32.426+0000] {processor.py:840} INFO - DAG(s) 'example_task_group_decorator' retrieved from /home/airflow/.local/lib/python3.8/site-packages/airflow/example_dags/example_task_group_decorator.py
[2025-02-20T14:04:32.483+0000] {logging_mixin.py:188} INFO - [2025-02-20T14:04:32.483+0000] {dag.py:3036} INFO - Sync 1 DAGs
[2025-02-20T14:04:32.538+0000] {logging_mixin.py:188} INFO - [2025-02-20T14:04:32.537+0000] {dag.py:3823} INFO - Setting next_dagrun for example_task_group_decorator to 2025-02-19 00:00:00+00:00, run_after=2025-02-20 00:00:00+00:00
[2025-02-20T14:04:32.613+0000] {processor.py:183} INFO - Processing /home/airflow/.local/lib/python3.8/site-packages/airflow/example_dags/example_task_group_decorator.py took 0.273 seconds
[2025-02-20T14:05:02.884+0000] {processor.py:161} INFO - Started process (PID=2526) to work on /home/airflow/.local/lib/python3.8/site-packages/airflow/example_dags/example_task_group_decorator.py
[2025-02-20T14:05:02.886+0000] {processor.py:830} INFO - Processing file /home/airflow/.local/lib/python3.8/site-packages/airflow/example_dags/example_task_group_decorator.py for tasks to queue
[2025-02-20T14:05:02.893+0000] {logging_mixin.py:188} INFO - [2025-02-20T14:05:02.892+0000] {dagbag.py:538} INFO - Filling up the DagBag from /home/airflow/.local/lib/python3.8/site-packages/airflow/example_dags/example_task_group_decorator.py
[2025-02-20T14:05:02.921+0000] {processor.py:840} INFO - DAG(s) 'example_task_group_decorator' retrieved from /home/airflow/.local/lib/python3.8/site-packages/airflow/example_dags/example_task_group_decorator.py
[2025-02-20T14:05:02.976+0000] {logging_mixin.py:188} INFO - [2025-02-20T14:05:02.976+0000] {dag.py:3036} INFO - Sync 1 DAGs
[2025-02-20T14:05:03.022+0000] {logging_mixin.py:188} INFO - [2025-02-20T14:05:03.022+0000] {dag.py:3823} INFO - Setting next_dagrun for example_task_group_decorator to 2025-02-19 00:00:00+00:00, run_after=2025-02-20 00:00:00+00:00
[2025-02-20T14:05:03.074+0000] {processor.py:183} INFO - Processing /home/airflow/.local/lib/python3.8/site-packages/airflow/example_dags/example_task_group_decorator.py took 0.198 seconds
[2025-02-20T14:05:33.726+0000] {processor.py:161} INFO - Started process (PID=2591) to work on /home/airflow/.local/lib/python3.8/site-packages/airflow/example_dags/example_task_group_decorator.py
[2025-02-20T14:05:33.728+0000] {processor.py:830} INFO - Processing file /home/airflow/.local/lib/python3.8/site-packages/airflow/example_dags/example_task_group_decorator.py for tasks to queue
[2025-02-20T14:05:33.731+0000] {logging_mixin.py:188} INFO - [2025-02-20T14:05:33.730+0000] {dagbag.py:538} INFO - Filling up the DagBag from /home/airflow/.local/lib/python3.8/site-packages/airflow/example_dags/example_task_group_decorator.py
[2025-02-20T14:05:33.757+0000] {processor.py:840} INFO - DAG(s) 'example_task_group_decorator' retrieved from /home/airflow/.local/lib/python3.8/site-packages/airflow/example_dags/example_task_group_decorator.py
[2025-02-20T14:05:33.911+0000] {logging_mixin.py:188} INFO - [2025-02-20T14:05:33.911+0000] {dag.py:3036} INFO - Sync 1 DAGs
[2025-02-20T14:05:33.990+0000] {logging_mixin.py:188} INFO - [2025-02-20T14:05:33.990+0000] {dag.py:3823} INFO - Setting next_dagrun for example_task_group_decorator to 2025-02-19 00:00:00+00:00, run_after=2025-02-20 00:00:00+00:00
[2025-02-20T14:05:34.036+0000] {processor.py:183} INFO - Processing /home/airflow/.local/lib/python3.8/site-packages/airflow/example_dags/example_task_group_decorator.py took 0.314 seconds
[2025-02-20T14:06:04.679+0000] {processor.py:161} INFO - Started process (PID=2656) to work on /home/airflow/.local/lib/python3.8/site-packages/airflow/example_dags/example_task_group_decorator.py
[2025-02-20T14:06:04.681+0000] {processor.py:830} INFO - Processing file /home/airflow/.local/lib/python3.8/site-packages/airflow/example_dags/example_task_group_decorator.py for tasks to queue
[2025-02-20T14:06:04.683+0000] {logging_mixin.py:188} INFO - [2025-02-20T14:06:04.683+0000] {dagbag.py:538} INFO - Filling up the DagBag from /home/airflow/.local/lib/python3.8/site-packages/airflow/example_dags/example_task_group_decorator.py
[2025-02-20T14:06:04.717+0000] {processor.py:840} INFO - DAG(s) 'example_task_group_decorator' retrieved from /home/airflow/.local/lib/python3.8/site-packages/airflow/example_dags/example_task_group_decorator.py
[2025-02-20T14:06:04.775+0000] {logging_mixin.py:188} INFO - [2025-02-20T14:06:04.775+0000] {dag.py:3036} INFO - Sync 1 DAGs
[2025-02-20T14:06:04.819+0000] {logging_mixin.py:188} INFO - [2025-02-20T14:06:04.819+0000] {dag.py:3823} INFO - Setting next_dagrun for example_task_group_decorator to 2025-02-19 00:00:00+00:00, run_after=2025-02-20 00:00:00+00:00
[2025-02-20T14:06:04.863+0000] {processor.py:183} INFO - Processing /home/airflow/.local/lib/python3.8/site-packages/airflow/example_dags/example_task_group_decorator.py took 0.190 seconds
[2025-02-20T14:06:35.787+0000] {processor.py:161} INFO - Started process (PID=2721) to work on /home/airflow/.local/lib/python3.8/site-packages/airflow/example_dags/example_task_group_decorator.py
[2025-02-20T14:06:35.790+0000] {processor.py:830} INFO - Processing file /home/airflow/.local/lib/python3.8/site-packages/airflow/example_dags/example_task_group_decorator.py for tasks to queue
[2025-02-20T14:06:35.795+0000] {logging_mixin.py:188} INFO - [2025-02-20T14:06:35.794+0000] {dagbag.py:538} INFO - Filling up the DagBag from /home/airflow/.local/lib/python3.8/site-packages/airflow/example_dags/example_task_group_decorator.py
[2025-02-20T14:06:35.819+0000] {processor.py:840} INFO - DAG(s) 'example_task_group_decorator' retrieved from /home/airflow/.local/lib/python3.8/site-packages/airflow/example_dags/example_task_group_decorator.py
[2025-02-20T14:06:35.874+0000] {logging_mixin.py:188} INFO - [2025-02-20T14:06:35.874+0000] {dag.py:3036} INFO - Sync 1 DAGs
[2025-02-20T14:06:35.912+0000] {logging_mixin.py:188} INFO - [2025-02-20T14:06:35.912+0000] {dag.py:3823} INFO - Setting next_dagrun for example_task_group_decorator to 2025-02-19 00:00:00+00:00, run_after=2025-02-20 00:00:00+00:00
[2025-02-20T14:06:35.957+0000] {processor.py:183} INFO - Processing /home/airflow/.local/lib/python3.8/site-packages/airflow/example_dags/example_task_group_decorator.py took 0.174 seconds
[2025-02-20T14:07:06.449+0000] {processor.py:161} INFO - Started process (PID=2787) to work on /home/airflow/.local/lib/python3.8/site-packages/airflow/example_dags/example_task_group_decorator.py
[2025-02-20T14:07:06.451+0000] {processor.py:830} INFO - Processing file /home/airflow/.local/lib/python3.8/site-packages/airflow/example_dags/example_task_group_decorator.py for tasks to queue
[2025-02-20T14:07:06.460+0000] {logging_mixin.py:188} INFO - [2025-02-20T14:07:06.455+0000] {dagbag.py:538} INFO - Filling up the DagBag from /home/airflow/.local/lib/python3.8/site-packages/airflow/example_dags/example_task_group_decorator.py
[2025-02-20T14:07:06.494+0000] {processor.py:840} INFO - DAG(s) 'example_task_group_decorator' retrieved from /home/airflow/.local/lib/python3.8/site-packages/airflow/example_dags/example_task_group_decorator.py
[2025-02-20T14:07:06.539+0000] {logging_mixin.py:188} INFO - [2025-02-20T14:07:06.539+0000] {dag.py:3036} INFO - Sync 1 DAGs
[2025-02-20T14:07:06.580+0000] {logging_mixin.py:188} INFO - [2025-02-20T14:07:06.580+0000] {dag.py:3823} INFO - Setting next_dagrun for example_task_group_decorator to 2025-02-19 00:00:00+00:00, run_after=2025-02-20 00:00:00+00:00
[2025-02-20T14:07:06.798+0000] {processor.py:183} INFO - Processing /home/airflow/.local/lib/python3.8/site-packages/airflow/example_dags/example_task_group_decorator.py took 0.356 seconds
[2025-02-20T14:07:37.403+0000] {processor.py:161} INFO - Started process (PID=2853) to work on /home/airflow/.local/lib/python3.8/site-packages/airflow/example_dags/example_task_group_decorator.py
[2025-02-20T14:07:37.405+0000] {processor.py:830} INFO - Processing file /home/airflow/.local/lib/python3.8/site-packages/airflow/example_dags/example_task_group_decorator.py for tasks to queue
[2025-02-20T14:07:37.410+0000] {logging_mixin.py:188} INFO - [2025-02-20T14:07:37.409+0000] {dagbag.py:538} INFO - Filling up the DagBag from /home/airflow/.local/lib/python3.8/site-packages/airflow/example_dags/example_task_group_decorator.py
[2025-02-20T14:07:37.503+0000] {processor.py:840} INFO - DAG(s) 'example_task_group_decorator' retrieved from /home/airflow/.local/lib/python3.8/site-packages/airflow/example_dags/example_task_group_decorator.py
[2025-02-20T14:07:37.738+0000] {logging_mixin.py:188} INFO - [2025-02-20T14:07:37.735+0000] {dag.py:3036} INFO - Sync 1 DAGs
[2025-02-20T14:07:37.834+0000] {logging_mixin.py:188} INFO - [2025-02-20T14:07:37.833+0000] {dag.py:3823} INFO - Setting next_dagrun for example_task_group_decorator to 2025-02-19 00:00:00+00:00, run_after=2025-02-20 00:00:00+00:00
[2025-02-20T14:07:37.883+0000] {processor.py:183} INFO - Processing /home/airflow/.local/lib/python3.8/site-packages/airflow/example_dags/example_task_group_decorator.py took 0.486 seconds
[2025-02-20T14:08:08.629+0000] {processor.py:161} INFO - Started process (PID=2916) to work on /home/airflow/.local/lib/python3.8/site-packages/airflow/example_dags/example_task_group_decorator.py
[2025-02-20T14:08:08.631+0000] {processor.py:830} INFO - Processing file /home/airflow/.local/lib/python3.8/site-packages/airflow/example_dags/example_task_group_decorator.py for tasks to queue
[2025-02-20T14:08:08.640+0000] {logging_mixin.py:188} INFO - [2025-02-20T14:08:08.639+0000] {dagbag.py:538} INFO - Filling up the DagBag from /home/airflow/.local/lib/python3.8/site-packages/airflow/example_dags/example_task_group_decorator.py
[2025-02-20T14:08:08.723+0000] {processor.py:840} INFO - DAG(s) 'example_task_group_decorator' retrieved from /home/airflow/.local/lib/python3.8/site-packages/airflow/example_dags/example_task_group_decorator.py
[2025-02-20T14:08:08.807+0000] {logging_mixin.py:188} INFO - [2025-02-20T14:08:08.807+0000] {dag.py:3036} INFO - Sync 1 DAGs
[2025-02-20T14:08:08.847+0000] {logging_mixin.py:188} INFO - [2025-02-20T14:08:08.847+0000] {dag.py:3823} INFO - Setting next_dagrun for example_task_group_decorator to 2025-02-19 00:00:00+00:00, run_after=2025-02-20 00:00:00+00:00
[2025-02-20T14:08:08.888+0000] {processor.py:183} INFO - Processing /home/airflow/.local/lib/python3.8/site-packages/airflow/example_dags/example_task_group_decorator.py took 0.264 seconds
[2025-02-20T14:08:39.049+0000] {processor.py:161} INFO - Started process (PID=2987) to work on /home/airflow/.local/lib/python3.8/site-packages/airflow/example_dags/example_task_group_decorator.py
[2025-02-20T14:08:39.051+0000] {processor.py:830} INFO - Processing file /home/airflow/.local/lib/python3.8/site-packages/airflow/example_dags/example_task_group_decorator.py for tasks to queue
[2025-02-20T14:08:39.087+0000] {logging_mixin.py:188} INFO - [2025-02-20T14:08:39.086+0000] {dagbag.py:538} INFO - Filling up the DagBag from /home/airflow/.local/lib/python3.8/site-packages/airflow/example_dags/example_task_group_decorator.py
[2025-02-20T14:08:39.141+0000] {processor.py:840} INFO - DAG(s) 'example_task_group_decorator' retrieved from /home/airflow/.local/lib/python3.8/site-packages/airflow/example_dags/example_task_group_decorator.py
[2025-02-20T14:08:39.215+0000] {logging_mixin.py:188} INFO - [2025-02-20T14:08:39.214+0000] {dag.py:3036} INFO - Sync 1 DAGs
[2025-02-20T14:08:39.266+0000] {logging_mixin.py:188} INFO - [2025-02-20T14:08:39.265+0000] {dag.py:3823} INFO - Setting next_dagrun for example_task_group_decorator to 2025-02-19 00:00:00+00:00, run_after=2025-02-20 00:00:00+00:00
[2025-02-20T14:08:39.306+0000] {processor.py:183} INFO - Processing /home/airflow/.local/lib/python3.8/site-packages/airflow/example_dags/example_task_group_decorator.py took 0.264 seconds
[2025-02-20T14:09:10.021+0000] {processor.py:161} INFO - Started process (PID=3050) to work on /home/airflow/.local/lib/python3.8/site-packages/airflow/example_dags/example_task_group_decorator.py
[2025-02-20T14:09:10.035+0000] {processor.py:830} INFO - Processing file /home/airflow/.local/lib/python3.8/site-packages/airflow/example_dags/example_task_group_decorator.py for tasks to queue
[2025-02-20T14:09:10.082+0000] {logging_mixin.py:188} INFO - [2025-02-20T14:09:10.081+0000] {dagbag.py:538} INFO - Filling up the DagBag from /home/airflow/.local/lib/python3.8/site-packages/airflow/example_dags/example_task_group_decorator.py
[2025-02-20T14:09:10.369+0000] {processor.py:840} INFO - DAG(s) 'example_task_group_decorator' retrieved from /home/airflow/.local/lib/python3.8/site-packages/airflow/example_dags/example_task_group_decorator.py
[2025-02-20T14:09:10.508+0000] {logging_mixin.py:188} INFO - [2025-02-20T14:09:10.508+0000] {dag.py:3036} INFO - Sync 1 DAGs
[2025-02-20T14:09:10.682+0000] {logging_mixin.py:188} INFO - [2025-02-20T14:09:10.682+0000] {dag.py:3823} INFO - Setting next_dagrun for example_task_group_decorator to 2025-02-19 00:00:00+00:00, run_after=2025-02-20 00:00:00+00:00
[2025-02-20T14:09:10.728+0000] {processor.py:183} INFO - Processing /home/airflow/.local/lib/python3.8/site-packages/airflow/example_dags/example_task_group_decorator.py took 0.741 seconds
[2025-02-20T14:09:41.033+0000] {processor.py:161} INFO - Started process (PID=3115) to work on /home/airflow/.local/lib/python3.8/site-packages/airflow/example_dags/example_task_group_decorator.py
[2025-02-20T14:09:41.034+0000] {processor.py:830} INFO - Processing file /home/airflow/.local/lib/python3.8/site-packages/airflow/example_dags/example_task_group_decorator.py for tasks to queue
[2025-02-20T14:09:41.039+0000] {logging_mixin.py:188} INFO - [2025-02-20T14:09:41.038+0000] {dagbag.py:538} INFO - Filling up the DagBag from /home/airflow/.local/lib/python3.8/site-packages/airflow/example_dags/example_task_group_decorator.py
[2025-02-20T14:09:41.076+0000] {processor.py:840} INFO - DAG(s) 'example_task_group_decorator' retrieved from /home/airflow/.local/lib/python3.8/site-packages/airflow/example_dags/example_task_group_decorator.py
[2025-02-20T14:09:41.138+0000] {logging_mixin.py:188} INFO - [2025-02-20T14:09:41.137+0000] {dag.py:3036} INFO - Sync 1 DAGs
[2025-02-20T14:09:41.187+0000] {logging_mixin.py:188} INFO - [2025-02-20T14:09:41.186+0000] {dag.py:3823} INFO - Setting next_dagrun for example_task_group_decorator to 2025-02-19 00:00:00+00:00, run_after=2025-02-20 00:00:00+00:00
[2025-02-20T14:09:41.233+0000] {processor.py:183} INFO - Processing /home/airflow/.local/lib/python3.8/site-packages/airflow/example_dags/example_task_group_decorator.py took 0.205 seconds
[2025-02-20T14:10:14.511+0000] {processor.py:161} INFO - Started process (PID=3180) to work on /home/airflow/.local/lib/python3.8/site-packages/airflow/example_dags/example_task_group_decorator.py
[2025-02-20T14:10:14.513+0000] {processor.py:830} INFO - Processing file /home/airflow/.local/lib/python3.8/site-packages/airflow/example_dags/example_task_group_decorator.py for tasks to queue
[2025-02-20T14:10:14.518+0000] {logging_mixin.py:188} INFO - [2025-02-20T14:10:14.517+0000] {dagbag.py:538} INFO - Filling up the DagBag from /home/airflow/.local/lib/python3.8/site-packages/airflow/example_dags/example_task_group_decorator.py
[2025-02-20T14:10:14.560+0000] {processor.py:840} INFO - DAG(s) 'example_task_group_decorator' retrieved from /home/airflow/.local/lib/python3.8/site-packages/airflow/example_dags/example_task_group_decorator.py
[2025-02-20T14:10:14.983+0000] {logging_mixin.py:188} INFO - [2025-02-20T14:10:14.982+0000] {dag.py:3036} INFO - Sync 1 DAGs
[2025-02-20T14:10:15.039+0000] {logging_mixin.py:188} INFO - [2025-02-20T14:10:15.039+0000] {dag.py:3823} INFO - Setting next_dagrun for example_task_group_decorator to 2025-02-19 00:00:00+00:00, run_after=2025-02-20 00:00:00+00:00
[2025-02-20T14:10:15.078+0000] {processor.py:183} INFO - Processing /home/airflow/.local/lib/python3.8/site-packages/airflow/example_dags/example_task_group_decorator.py took 0.576 seconds
[2025-02-20T14:10:46.536+0000] {processor.py:161} INFO - Started process (PID=3246) to work on /home/airflow/.local/lib/python3.8/site-packages/airflow/example_dags/example_task_group_decorator.py
[2025-02-20T14:10:46.538+0000] {processor.py:830} INFO - Processing file /home/airflow/.local/lib/python3.8/site-packages/airflow/example_dags/example_task_group_decorator.py for tasks to queue
[2025-02-20T14:10:46.543+0000] {logging_mixin.py:188} INFO - [2025-02-20T14:10:46.542+0000] {dagbag.py:538} INFO - Filling up the DagBag from /home/airflow/.local/lib/python3.8/site-packages/airflow/example_dags/example_task_group_decorator.py
[2025-02-20T14:10:46.670+0000] {processor.py:840} INFO - DAG(s) 'example_task_group_decorator' retrieved from /home/airflow/.local/lib/python3.8/site-packages/airflow/example_dags/example_task_group_decorator.py
[2025-02-20T14:10:46.948+0000] {logging_mixin.py:188} INFO - [2025-02-20T14:10:46.948+0000] {dag.py:3036} INFO - Sync 1 DAGs
[2025-02-20T14:10:47.001+0000] {logging_mixin.py:188} INFO - [2025-02-20T14:10:47.001+0000] {dag.py:3823} INFO - Setting next_dagrun for example_task_group_decorator to 2025-02-19 00:00:00+00:00, run_after=2025-02-20 00:00:00+00:00
[2025-02-20T14:10:47.049+0000] {processor.py:183} INFO - Processing /home/airflow/.local/lib/python3.8/site-packages/airflow/example_dags/example_task_group_decorator.py took 0.521 seconds
[2025-02-20T14:11:17.556+0000] {processor.py:161} INFO - Started process (PID=3311) to work on /home/airflow/.local/lib/python3.8/site-packages/airflow/example_dags/example_task_group_decorator.py
[2025-02-20T14:11:17.557+0000] {processor.py:830} INFO - Processing file /home/airflow/.local/lib/python3.8/site-packages/airflow/example_dags/example_task_group_decorator.py for tasks to queue
[2025-02-20T14:11:17.560+0000] {logging_mixin.py:188} INFO - [2025-02-20T14:11:17.560+0000] {dagbag.py:538} INFO - Filling up the DagBag from /home/airflow/.local/lib/python3.8/site-packages/airflow/example_dags/example_task_group_decorator.py
[2025-02-20T14:11:17.580+0000] {processor.py:840} INFO - DAG(s) 'example_task_group_decorator' retrieved from /home/airflow/.local/lib/python3.8/site-packages/airflow/example_dags/example_task_group_decorator.py
[2025-02-20T14:11:17.613+0000] {logging_mixin.py:188} INFO - [2025-02-20T14:11:17.612+0000] {dag.py:3036} INFO - Sync 1 DAGs
[2025-02-20T14:11:17.641+0000] {logging_mixin.py:188} INFO - [2025-02-20T14:11:17.640+0000] {dag.py:3823} INFO - Setting next_dagrun for example_task_group_decorator to 2025-02-19 00:00:00+00:00, run_after=2025-02-20 00:00:00+00:00
[2025-02-20T14:11:17.667+0000] {processor.py:183} INFO - Processing /home/airflow/.local/lib/python3.8/site-packages/airflow/example_dags/example_task_group_decorator.py took 0.116 seconds
[2025-02-20T16:11:42.073+0000] {processor.py:161} INFO - Started process (PID=3375) to work on /home/airflow/.local/lib/python3.8/site-packages/airflow/example_dags/example_task_group_decorator.py
[2025-02-20T16:11:42.089+0000] {processor.py:830} INFO - Processing file /home/airflow/.local/lib/python3.8/site-packages/airflow/example_dags/example_task_group_decorator.py for tasks to queue
[2025-02-20T16:11:42.142+0000] {logging_mixin.py:188} INFO - [2025-02-20T16:11:42.141+0000] {dagbag.py:538} INFO - Filling up the DagBag from /home/airflow/.local/lib/python3.8/site-packages/airflow/example_dags/example_task_group_decorator.py
[2025-02-20T16:11:42.633+0000] {processor.py:840} INFO - DAG(s) 'example_task_group_decorator' retrieved from /home/airflow/.local/lib/python3.8/site-packages/airflow/example_dags/example_task_group_decorator.py
[2025-02-20T16:11:43.045+0000] {logging_mixin.py:188} INFO - [2025-02-20T16:11:43.045+0000] {dag.py:3036} INFO - Sync 1 DAGs
[2025-02-20T16:11:43.175+0000] {logging_mixin.py:188} INFO - [2025-02-20T16:11:43.174+0000] {dag.py:3823} INFO - Setting next_dagrun for example_task_group_decorator to 2025-02-19 00:00:00+00:00, run_after=2025-02-20 00:00:00+00:00
[2025-02-20T16:11:43.422+0000] {processor.py:183} INFO - Processing /home/airflow/.local/lib/python3.8/site-packages/airflow/example_dags/example_task_group_decorator.py took 1.604 seconds
[2025-02-20T18:12:16.120+0000] {processor.py:161} INFO - Started process (PID=3475) to work on /home/airflow/.local/lib/python3.8/site-packages/airflow/example_dags/example_task_group_decorator.py
[2025-02-20T18:12:16.122+0000] {processor.py:830} INFO - Processing file /home/airflow/.local/lib/python3.8/site-packages/airflow/example_dags/example_task_group_decorator.py for tasks to queue
[2025-02-20T18:12:16.130+0000] {logging_mixin.py:188} INFO - [2025-02-20T18:12:16.129+0000] {dagbag.py:538} INFO - Filling up the DagBag from /home/airflow/.local/lib/python3.8/site-packages/airflow/example_dags/example_task_group_decorator.py
[2025-02-20T18:12:16.165+0000] {processor.py:840} INFO - DAG(s) 'example_task_group_decorator' retrieved from /home/airflow/.local/lib/python3.8/site-packages/airflow/example_dags/example_task_group_decorator.py
[2025-02-20T18:12:16.213+0000] {logging_mixin.py:188} INFO - [2025-02-20T18:12:16.213+0000] {dag.py:3036} INFO - Sync 1 DAGs
[2025-02-20T18:12:16.255+0000] {logging_mixin.py:188} INFO - [2025-02-20T18:12:16.255+0000] {dag.py:3823} INFO - Setting next_dagrun for example_task_group_decorator to 2025-02-19 00:00:00+00:00, run_after=2025-02-20 00:00:00+00:00
[2025-02-20T18:12:16.316+0000] {processor.py:183} INFO - Processing /home/airflow/.local/lib/python3.8/site-packages/airflow/example_dags/example_task_group_decorator.py took 0.206 seconds
[2025-02-20T18:12:46.855+0000] {processor.py:161} INFO - Started process (PID=3540) to work on /home/airflow/.local/lib/python3.8/site-packages/airflow/example_dags/example_task_group_decorator.py
[2025-02-20T18:12:46.857+0000] {processor.py:830} INFO - Processing file /home/airflow/.local/lib/python3.8/site-packages/airflow/example_dags/example_task_group_decorator.py for tasks to queue
[2025-02-20T18:12:46.864+0000] {logging_mixin.py:188} INFO - [2025-02-20T18:12:46.860+0000] {dagbag.py:538} INFO - Filling up the DagBag from /home/airflow/.local/lib/python3.8/site-packages/airflow/example_dags/example_task_group_decorator.py
[2025-02-20T18:12:46.895+0000] {processor.py:840} INFO - DAG(s) 'example_task_group_decorator' retrieved from /home/airflow/.local/lib/python3.8/site-packages/airflow/example_dags/example_task_group_decorator.py
[2025-02-20T18:12:46.961+0000] {logging_mixin.py:188} INFO - [2025-02-20T18:12:46.961+0000] {dag.py:3036} INFO - Sync 1 DAGs
[2025-02-20T18:12:47.010+0000] {logging_mixin.py:188} INFO - [2025-02-20T18:12:47.010+0000] {dag.py:3823} INFO - Setting next_dagrun for example_task_group_decorator to 2025-02-19 00:00:00+00:00, run_after=2025-02-20 00:00:00+00:00
[2025-02-20T18:12:47.042+0000] {processor.py:183} INFO - Processing /home/airflow/.local/lib/python3.8/site-packages/airflow/example_dags/example_task_group_decorator.py took 0.196 seconds
[2025-02-20T20:05:45.419+0000] {processor.py:161} INFO - Started process (PID=3587) to work on /home/airflow/.local/lib/python3.8/site-packages/airflow/example_dags/example_task_group_decorator.py
[2025-02-20T20:05:45.421+0000] {processor.py:830} INFO - Processing file /home/airflow/.local/lib/python3.8/site-packages/airflow/example_dags/example_task_group_decorator.py for tasks to queue
[2025-02-20T20:05:45.425+0000] {logging_mixin.py:188} INFO - [2025-02-20T20:05:45.425+0000] {dagbag.py:538} INFO - Filling up the DagBag from /home/airflow/.local/lib/python3.8/site-packages/airflow/example_dags/example_task_group_decorator.py
[2025-02-20T20:05:45.457+0000] {processor.py:840} INFO - DAG(s) 'example_task_group_decorator' retrieved from /home/airflow/.local/lib/python3.8/site-packages/airflow/example_dags/example_task_group_decorator.py
[2025-02-20T20:05:45.521+0000] {logging_mixin.py:188} INFO - [2025-02-20T20:05:45.521+0000] {dag.py:3036} INFO - Sync 1 DAGs
[2025-02-20T20:05:45.583+0000] {logging_mixin.py:188} INFO - [2025-02-20T20:05:45.583+0000] {dag.py:3823} INFO - Setting next_dagrun for example_task_group_decorator to 2025-02-19 00:00:00+00:00, run_after=2025-02-20 00:00:00+00:00
[2025-02-20T20:05:45.637+0000] {processor.py:183} INFO - Processing /home/airflow/.local/lib/python3.8/site-packages/airflow/example_dags/example_task_group_decorator.py took 0.225 seconds
[2025-02-20T20:19:10.138+0000] {processor.py:161} INFO - Started process (PID=3685) to work on /home/airflow/.local/lib/python3.8/site-packages/airflow/example_dags/example_task_group_decorator.py
[2025-02-20T20:19:10.145+0000] {processor.py:830} INFO - Processing file /home/airflow/.local/lib/python3.8/site-packages/airflow/example_dags/example_task_group_decorator.py for tasks to queue
[2025-02-20T20:19:10.156+0000] {logging_mixin.py:188} INFO - [2025-02-20T20:19:10.155+0000] {dagbag.py:538} INFO - Filling up the DagBag from /home/airflow/.local/lib/python3.8/site-packages/airflow/example_dags/example_task_group_decorator.py
[2025-02-20T20:19:10.294+0000] {processor.py:840} INFO - DAG(s) 'example_task_group_decorator' retrieved from /home/airflow/.local/lib/python3.8/site-packages/airflow/example_dags/example_task_group_decorator.py
[2025-02-20T20:19:10.453+0000] {logging_mixin.py:188} INFO - [2025-02-20T20:19:10.452+0000] {dag.py:3036} INFO - Sync 1 DAGs
[2025-02-20T20:19:10.735+0000] {logging_mixin.py:188} INFO - [2025-02-20T20:19:10.735+0000] {dag.py:3823} INFO - Setting next_dagrun for example_task_group_decorator to 2025-02-19 00:00:00+00:00, run_after=2025-02-20 00:00:00+00:00
[2025-02-20T20:19:10.833+0000] {processor.py:183} INFO - Processing /home/airflow/.local/lib/python3.8/site-packages/airflow/example_dags/example_task_group_decorator.py took 0.844 seconds
[2025-02-20T22:14:40.980+0000] {processor.py:161} INFO - Started process (PID=3784) to work on /home/airflow/.local/lib/python3.8/site-packages/airflow/example_dags/example_task_group_decorator.py
[2025-02-20T22:14:40.991+0000] {processor.py:830} INFO - Processing file /home/airflow/.local/lib/python3.8/site-packages/airflow/example_dags/example_task_group_decorator.py for tasks to queue
[2025-02-20T22:14:41.009+0000] {logging_mixin.py:188} INFO - [2025-02-20T22:14:41.005+0000] {dagbag.py:538} INFO - Filling up the DagBag from /home/airflow/.local/lib/python3.8/site-packages/airflow/example_dags/example_task_group_decorator.py
[2025-02-20T22:14:41.080+0000] {processor.py:840} INFO - DAG(s) 'example_task_group_decorator' retrieved from /home/airflow/.local/lib/python3.8/site-packages/airflow/example_dags/example_task_group_decorator.py
[2025-02-20T22:14:41.158+0000] {logging_mixin.py:188} INFO - [2025-02-20T22:14:41.157+0000] {dag.py:3036} INFO - Sync 1 DAGs
[2025-02-20T22:14:41.219+0000] {logging_mixin.py:188} INFO - [2025-02-20T22:14:41.219+0000] {dag.py:3823} INFO - Setting next_dagrun for example_task_group_decorator to 2025-02-19 00:00:00+00:00, run_after=2025-02-20 00:00:00+00:00
[2025-02-20T22:14:41.328+0000] {processor.py:183} INFO - Processing /home/airflow/.local/lib/python3.8/site-packages/airflow/example_dags/example_task_group_decorator.py took 0.361 seconds
