[2025-02-20T13:46:01.667+0000] {processor.py:161} INFO - Started process (PID=100) to work on /home/airflow/.local/lib/python3.8/site-packages/airflow/example_dags/example_branch_operator.py
[2025-02-20T13:46:01.670+0000] {processor.py:830} INFO - Processing file /home/airflow/.local/lib/python3.8/site-packages/airflow/example_dags/example_branch_operator.py for tasks to queue
[2025-02-20T13:46:01.674+0000] {logging_mixin.py:188} INFO - [2025-02-20T13:46:01.672+0000] {dagbag.py:538} INFO - Filling up the DagBag from /home/airflow/.local/lib/python3.8/site-packages/airflow/example_dags/example_branch_operator.py
[2025-02-20T13:46:01.727+0000] {processor.py:840} INFO - DAG(s) 'example_branch_operator' retrieved from /home/airflow/.local/lib/python3.8/site-packages/airflow/example_dags/example_branch_operator.py
[2025-02-20T13:46:03.378+0000] {logging_mixin.py:188} INFO - [2025-02-20T13:46:03.348+0000] {dag.py:3036} INFO - Sync 1 DAGs
[2025-02-20T13:46:03.695+0000] {logging_mixin.py:188} INFO - [2025-02-20T13:46:03.694+0000] {dag.py:3823} INFO - Setting next_dagrun for example_branch_operator to 2025-02-19 00:00:00+00:00, run_after=2025-02-20 00:00:00+00:00
[2025-02-20T13:46:03.908+0000] {processor.py:183} INFO - Processing /home/airflow/.local/lib/python3.8/site-packages/airflow/example_dags/example_branch_operator.py took 2.247 seconds
[2025-02-20T13:46:34.458+0000] {processor.py:161} INFO - Started process (PID=167) to work on /home/airflow/.local/lib/python3.8/site-packages/airflow/example_dags/example_branch_operator.py
[2025-02-20T13:46:34.460+0000] {processor.py:830} INFO - Processing file /home/airflow/.local/lib/python3.8/site-packages/airflow/example_dags/example_branch_operator.py for tasks to queue
[2025-02-20T13:46:34.462+0000] {logging_mixin.py:188} INFO - [2025-02-20T13:46:34.462+0000] {dagbag.py:538} INFO - Filling up the DagBag from /home/airflow/.local/lib/python3.8/site-packages/airflow/example_dags/example_branch_operator.py
[2025-02-20T13:46:34.492+0000] {processor.py:840} INFO - DAG(s) 'example_branch_operator' retrieved from /home/airflow/.local/lib/python3.8/site-packages/airflow/example_dags/example_branch_operator.py
[2025-02-20T13:46:34.543+0000] {logging_mixin.py:188} INFO - [2025-02-20T13:46:34.542+0000] {dag.py:3036} INFO - Sync 1 DAGs
[2025-02-20T13:46:34.581+0000] {logging_mixin.py:188} INFO - [2025-02-20T13:46:34.581+0000] {dag.py:3823} INFO - Setting next_dagrun for example_branch_operator to 2025-02-19 00:00:00+00:00, run_after=2025-02-20 00:00:00+00:00
[2025-02-20T13:46:34.615+0000] {processor.py:183} INFO - Processing /home/airflow/.local/lib/python3.8/site-packages/airflow/example_dags/example_branch_operator.py took 0.161 seconds
[2025-02-20T13:47:05.145+0000] {processor.py:161} INFO - Started process (PID=232) to work on /home/airflow/.local/lib/python3.8/site-packages/airflow/example_dags/example_branch_operator.py
[2025-02-20T13:47:05.151+0000] {processor.py:830} INFO - Processing file /home/airflow/.local/lib/python3.8/site-packages/airflow/example_dags/example_branch_operator.py for tasks to queue
[2025-02-20T13:47:05.153+0000] {logging_mixin.py:188} INFO - [2025-02-20T13:47:05.153+0000] {dagbag.py:538} INFO - Filling up the DagBag from /home/airflow/.local/lib/python3.8/site-packages/airflow/example_dags/example_branch_operator.py
[2025-02-20T13:47:05.180+0000] {processor.py:840} INFO - DAG(s) 'example_branch_operator' retrieved from /home/airflow/.local/lib/python3.8/site-packages/airflow/example_dags/example_branch_operator.py
[2025-02-20T13:47:05.233+0000] {logging_mixin.py:188} INFO - [2025-02-20T13:47:05.233+0000] {dag.py:3036} INFO - Sync 1 DAGs
[2025-02-20T13:47:05.276+0000] {logging_mixin.py:188} INFO - [2025-02-20T13:47:05.275+0000] {dag.py:3823} INFO - Setting next_dagrun for example_branch_operator to 2025-02-19 00:00:00+00:00, run_after=2025-02-20 00:00:00+00:00
[2025-02-20T13:47:05.311+0000] {processor.py:183} INFO - Processing /home/airflow/.local/lib/python3.8/site-packages/airflow/example_dags/example_branch_operator.py took 0.172 seconds
[2025-02-20T13:47:35.351+0000] {processor.py:161} INFO - Started process (PID=298) to work on /home/airflow/.local/lib/python3.8/site-packages/airflow/example_dags/example_branch_operator.py
[2025-02-20T13:47:35.353+0000] {processor.py:830} INFO - Processing file /home/airflow/.local/lib/python3.8/site-packages/airflow/example_dags/example_branch_operator.py for tasks to queue
[2025-02-20T13:47:35.356+0000] {logging_mixin.py:188} INFO - [2025-02-20T13:47:35.355+0000] {dagbag.py:538} INFO - Filling up the DagBag from /home/airflow/.local/lib/python3.8/site-packages/airflow/example_dags/example_branch_operator.py
[2025-02-20T13:47:35.396+0000] {processor.py:840} INFO - DAG(s) 'example_branch_operator' retrieved from /home/airflow/.local/lib/python3.8/site-packages/airflow/example_dags/example_branch_operator.py
[2025-02-20T13:47:35.468+0000] {logging_mixin.py:188} INFO - [2025-02-20T13:47:35.468+0000] {dag.py:3036} INFO - Sync 1 DAGs
[2025-02-20T13:47:35.517+0000] {logging_mixin.py:188} INFO - [2025-02-20T13:47:35.516+0000] {dag.py:3823} INFO - Setting next_dagrun for example_branch_operator to 2025-02-19 00:00:00+00:00, run_after=2025-02-20 00:00:00+00:00
[2025-02-20T13:47:35.555+0000] {processor.py:183} INFO - Processing /home/airflow/.local/lib/python3.8/site-packages/airflow/example_dags/example_branch_operator.py took 0.211 seconds
[2025-02-20T13:48:05.907+0000] {processor.py:161} INFO - Started process (PID=362) to work on /home/airflow/.local/lib/python3.8/site-packages/airflow/example_dags/example_branch_operator.py
[2025-02-20T13:48:05.909+0000] {processor.py:830} INFO - Processing file /home/airflow/.local/lib/python3.8/site-packages/airflow/example_dags/example_branch_operator.py for tasks to queue
[2025-02-20T13:48:05.912+0000] {logging_mixin.py:188} INFO - [2025-02-20T13:48:05.911+0000] {dagbag.py:538} INFO - Filling up the DagBag from /home/airflow/.local/lib/python3.8/site-packages/airflow/example_dags/example_branch_operator.py
[2025-02-20T13:48:05.953+0000] {processor.py:840} INFO - DAG(s) 'example_branch_operator' retrieved from /home/airflow/.local/lib/python3.8/site-packages/airflow/example_dags/example_branch_operator.py
[2025-02-20T13:48:06.015+0000] {logging_mixin.py:188} INFO - [2025-02-20T13:48:06.015+0000] {dag.py:3036} INFO - Sync 1 DAGs
[2025-02-20T13:48:06.142+0000] {logging_mixin.py:188} INFO - [2025-02-20T13:48:06.142+0000] {dag.py:3823} INFO - Setting next_dagrun for example_branch_operator to 2025-02-19 00:00:00+00:00, run_after=2025-02-20 00:00:00+00:00
[2025-02-20T13:48:06.195+0000] {processor.py:183} INFO - Processing /home/airflow/.local/lib/python3.8/site-packages/airflow/example_dags/example_branch_operator.py took 0.293 seconds
[2025-02-20T13:48:36.935+0000] {processor.py:161} INFO - Started process (PID=426) to work on /home/airflow/.local/lib/python3.8/site-packages/airflow/example_dags/example_branch_operator.py
[2025-02-20T13:48:36.936+0000] {processor.py:830} INFO - Processing file /home/airflow/.local/lib/python3.8/site-packages/airflow/example_dags/example_branch_operator.py for tasks to queue
[2025-02-20T13:48:36.939+0000] {logging_mixin.py:188} INFO - [2025-02-20T13:48:36.938+0000] {dagbag.py:538} INFO - Filling up the DagBag from /home/airflow/.local/lib/python3.8/site-packages/airflow/example_dags/example_branch_operator.py
[2025-02-20T13:48:36.968+0000] {processor.py:840} INFO - DAG(s) 'example_branch_operator' retrieved from /home/airflow/.local/lib/python3.8/site-packages/airflow/example_dags/example_branch_operator.py
[2025-02-20T13:48:37.021+0000] {logging_mixin.py:188} INFO - [2025-02-20T13:48:37.020+0000] {dag.py:3036} INFO - Sync 1 DAGs
[2025-02-20T13:48:37.062+0000] {logging_mixin.py:188} INFO - [2025-02-20T13:48:37.061+0000] {dag.py:3823} INFO - Setting next_dagrun for example_branch_operator to 2025-02-19 00:00:00+00:00, run_after=2025-02-20 00:00:00+00:00
[2025-02-20T13:48:37.095+0000] {processor.py:183} INFO - Processing /home/airflow/.local/lib/python3.8/site-packages/airflow/example_dags/example_branch_operator.py took 0.165 seconds
[2025-02-20T13:49:07.577+0000] {processor.py:161} INFO - Started process (PID=491) to work on /home/airflow/.local/lib/python3.8/site-packages/airflow/example_dags/example_branch_operator.py
[2025-02-20T13:49:07.583+0000] {processor.py:830} INFO - Processing file /home/airflow/.local/lib/python3.8/site-packages/airflow/example_dags/example_branch_operator.py for tasks to queue
[2025-02-20T13:49:07.600+0000] {logging_mixin.py:188} INFO - [2025-02-20T13:49:07.600+0000] {dagbag.py:538} INFO - Filling up the DagBag from /home/airflow/.local/lib/python3.8/site-packages/airflow/example_dags/example_branch_operator.py
[2025-02-20T13:49:07.708+0000] {processor.py:840} INFO - DAG(s) 'example_branch_operator' retrieved from /home/airflow/.local/lib/python3.8/site-packages/airflow/example_dags/example_branch_operator.py
[2025-02-20T13:49:07.802+0000] {logging_mixin.py:188} INFO - [2025-02-20T13:49:07.801+0000] {dag.py:3036} INFO - Sync 1 DAGs
[2025-02-20T13:49:07.854+0000] {logging_mixin.py:188} INFO - [2025-02-20T13:49:07.853+0000] {dag.py:3823} INFO - Setting next_dagrun for example_branch_operator to 2025-02-19 00:00:00+00:00, run_after=2025-02-20 00:00:00+00:00
[2025-02-20T13:49:07.904+0000] {processor.py:183} INFO - Processing /home/airflow/.local/lib/python3.8/site-packages/airflow/example_dags/example_branch_operator.py took 0.334 seconds
[2025-02-20T13:49:38.290+0000] {processor.py:161} INFO - Started process (PID=557) to work on /home/airflow/.local/lib/python3.8/site-packages/airflow/example_dags/example_branch_operator.py
[2025-02-20T13:49:38.292+0000] {processor.py:830} INFO - Processing file /home/airflow/.local/lib/python3.8/site-packages/airflow/example_dags/example_branch_operator.py for tasks to queue
[2025-02-20T13:49:38.295+0000] {logging_mixin.py:188} INFO - [2025-02-20T13:49:38.294+0000] {dagbag.py:538} INFO - Filling up the DagBag from /home/airflow/.local/lib/python3.8/site-packages/airflow/example_dags/example_branch_operator.py
[2025-02-20T13:49:38.356+0000] {processor.py:840} INFO - DAG(s) 'example_branch_operator' retrieved from /home/airflow/.local/lib/python3.8/site-packages/airflow/example_dags/example_branch_operator.py
[2025-02-20T13:49:38.531+0000] {logging_mixin.py:188} INFO - [2025-02-20T13:49:38.531+0000] {dag.py:3036} INFO - Sync 1 DAGs
[2025-02-20T13:49:38.599+0000] {logging_mixin.py:188} INFO - [2025-02-20T13:49:38.599+0000] {dag.py:3823} INFO - Setting next_dagrun for example_branch_operator to 2025-02-19 00:00:00+00:00, run_after=2025-02-20 00:00:00+00:00
[2025-02-20T13:49:38.683+0000] {processor.py:183} INFO - Processing /home/airflow/.local/lib/python3.8/site-packages/airflow/example_dags/example_branch_operator.py took 0.407 seconds
[2025-02-20T13:50:09.102+0000] {processor.py:161} INFO - Started process (PID=614) to work on /home/airflow/.local/lib/python3.8/site-packages/airflow/example_dags/example_branch_operator.py
[2025-02-20T13:50:09.104+0000] {processor.py:830} INFO - Processing file /home/airflow/.local/lib/python3.8/site-packages/airflow/example_dags/example_branch_operator.py for tasks to queue
[2025-02-20T13:50:09.108+0000] {logging_mixin.py:188} INFO - [2025-02-20T13:50:09.107+0000] {dagbag.py:538} INFO - Filling up the DagBag from /home/airflow/.local/lib/python3.8/site-packages/airflow/example_dags/example_branch_operator.py
[2025-02-20T13:50:09.141+0000] {processor.py:840} INFO - DAG(s) 'example_branch_operator' retrieved from /home/airflow/.local/lib/python3.8/site-packages/airflow/example_dags/example_branch_operator.py
[2025-02-20T13:50:09.198+0000] {logging_mixin.py:188} INFO - [2025-02-20T13:50:09.197+0000] {dag.py:3036} INFO - Sync 1 DAGs
[2025-02-20T13:50:09.238+0000] {logging_mixin.py:188} INFO - [2025-02-20T13:50:09.237+0000] {dag.py:3823} INFO - Setting next_dagrun for example_branch_operator to 2025-02-19 00:00:00+00:00, run_after=2025-02-20 00:00:00+00:00
[2025-02-20T13:50:09.275+0000] {processor.py:183} INFO - Processing /home/airflow/.local/lib/python3.8/site-packages/airflow/example_dags/example_branch_operator.py took 0.180 seconds
[2025-02-20T13:50:39.821+0000] {processor.py:161} INFO - Started process (PID=684) to work on /home/airflow/.local/lib/python3.8/site-packages/airflow/example_dags/example_branch_operator.py
[2025-02-20T13:50:39.824+0000] {processor.py:830} INFO - Processing file /home/airflow/.local/lib/python3.8/site-packages/airflow/example_dags/example_branch_operator.py for tasks to queue
[2025-02-20T13:50:39.828+0000] {logging_mixin.py:188} INFO - [2025-02-20T13:50:39.828+0000] {dagbag.py:538} INFO - Filling up the DagBag from /home/airflow/.local/lib/python3.8/site-packages/airflow/example_dags/example_branch_operator.py
[2025-02-20T13:50:39.863+0000] {processor.py:840} INFO - DAG(s) 'example_branch_operator' retrieved from /home/airflow/.local/lib/python3.8/site-packages/airflow/example_dags/example_branch_operator.py
[2025-02-20T13:50:39.915+0000] {logging_mixin.py:188} INFO - [2025-02-20T13:50:39.914+0000] {dag.py:3036} INFO - Sync 1 DAGs
[2025-02-20T13:50:39.989+0000] {logging_mixin.py:188} INFO - [2025-02-20T13:50:39.985+0000] {dag.py:3823} INFO - Setting next_dagrun for example_branch_operator to 2025-02-19 00:00:00+00:00, run_after=2025-02-20 00:00:00+00:00
[2025-02-20T13:50:40.049+0000] {processor.py:183} INFO - Processing /home/airflow/.local/lib/python3.8/site-packages/airflow/example_dags/example_branch_operator.py took 0.236 seconds
[2025-02-20T13:51:10.170+0000] {processor.py:161} INFO - Started process (PID=749) to work on /home/airflow/.local/lib/python3.8/site-packages/airflow/example_dags/example_branch_operator.py
[2025-02-20T13:51:10.171+0000] {processor.py:830} INFO - Processing file /home/airflow/.local/lib/python3.8/site-packages/airflow/example_dags/example_branch_operator.py for tasks to queue
[2025-02-20T13:51:10.175+0000] {logging_mixin.py:188} INFO - [2025-02-20T13:51:10.175+0000] {dagbag.py:538} INFO - Filling up the DagBag from /home/airflow/.local/lib/python3.8/site-packages/airflow/example_dags/example_branch_operator.py
[2025-02-20T13:51:10.209+0000] {processor.py:840} INFO - DAG(s) 'example_branch_operator' retrieved from /home/airflow/.local/lib/python3.8/site-packages/airflow/example_dags/example_branch_operator.py
[2025-02-20T13:51:10.278+0000] {logging_mixin.py:188} INFO - [2025-02-20T13:51:10.278+0000] {dag.py:3036} INFO - Sync 1 DAGs
[2025-02-20T13:51:10.350+0000] {logging_mixin.py:188} INFO - [2025-02-20T13:51:10.349+0000] {dag.py:3823} INFO - Setting next_dagrun for example_branch_operator to 2025-02-19 00:00:00+00:00, run_after=2025-02-20 00:00:00+00:00
[2025-02-20T13:51:10.421+0000] {processor.py:183} INFO - Processing /home/airflow/.local/lib/python3.8/site-packages/airflow/example_dags/example_branch_operator.py took 0.259 seconds
[2025-02-20T13:51:40.932+0000] {processor.py:161} INFO - Started process (PID=814) to work on /home/airflow/.local/lib/python3.8/site-packages/airflow/example_dags/example_branch_operator.py
[2025-02-20T13:51:40.934+0000] {processor.py:830} INFO - Processing file /home/airflow/.local/lib/python3.8/site-packages/airflow/example_dags/example_branch_operator.py for tasks to queue
[2025-02-20T13:51:40.937+0000] {logging_mixin.py:188} INFO - [2025-02-20T13:51:40.937+0000] {dagbag.py:538} INFO - Filling up the DagBag from /home/airflow/.local/lib/python3.8/site-packages/airflow/example_dags/example_branch_operator.py
[2025-02-20T13:51:40.972+0000] {processor.py:840} INFO - DAG(s) 'example_branch_operator' retrieved from /home/airflow/.local/lib/python3.8/site-packages/airflow/example_dags/example_branch_operator.py
[2025-02-20T13:51:41.024+0000] {logging_mixin.py:188} INFO - [2025-02-20T13:51:41.024+0000] {dag.py:3036} INFO - Sync 1 DAGs
[2025-02-20T13:51:41.069+0000] {logging_mixin.py:188} INFO - [2025-02-20T13:51:41.068+0000] {dag.py:3823} INFO - Setting next_dagrun for example_branch_operator to 2025-02-19 00:00:00+00:00, run_after=2025-02-20 00:00:00+00:00
[2025-02-20T13:51:41.101+0000] {processor.py:183} INFO - Processing /home/airflow/.local/lib/python3.8/site-packages/airflow/example_dags/example_branch_operator.py took 0.180 seconds
[2025-02-20T13:52:11.437+0000] {processor.py:161} INFO - Started process (PID=878) to work on /home/airflow/.local/lib/python3.8/site-packages/airflow/example_dags/example_branch_operator.py
[2025-02-20T13:52:11.439+0000] {processor.py:830} INFO - Processing file /home/airflow/.local/lib/python3.8/site-packages/airflow/example_dags/example_branch_operator.py for tasks to queue
[2025-02-20T13:52:11.448+0000] {logging_mixin.py:188} INFO - [2025-02-20T13:52:11.448+0000] {dagbag.py:538} INFO - Filling up the DagBag from /home/airflow/.local/lib/python3.8/site-packages/airflow/example_dags/example_branch_operator.py
[2025-02-20T13:52:11.490+0000] {processor.py:840} INFO - DAG(s) 'example_branch_operator' retrieved from /home/airflow/.local/lib/python3.8/site-packages/airflow/example_dags/example_branch_operator.py
[2025-02-20T13:52:11.561+0000] {logging_mixin.py:188} INFO - [2025-02-20T13:52:11.561+0000] {dag.py:3036} INFO - Sync 1 DAGs
[2025-02-20T13:52:11.613+0000] {logging_mixin.py:188} INFO - [2025-02-20T13:52:11.613+0000] {dag.py:3823} INFO - Setting next_dagrun for example_branch_operator to 2025-02-19 00:00:00+00:00, run_after=2025-02-20 00:00:00+00:00
[2025-02-20T13:52:11.639+0000] {processor.py:183} INFO - Processing /home/airflow/.local/lib/python3.8/site-packages/airflow/example_dags/example_branch_operator.py took 0.208 seconds
[2025-02-20T13:52:42.026+0000] {processor.py:161} INFO - Started process (PID=943) to work on /home/airflow/.local/lib/python3.8/site-packages/airflow/example_dags/example_branch_operator.py
[2025-02-20T13:52:42.027+0000] {processor.py:830} INFO - Processing file /home/airflow/.local/lib/python3.8/site-packages/airflow/example_dags/example_branch_operator.py for tasks to queue
[2025-02-20T13:52:42.030+0000] {logging_mixin.py:188} INFO - [2025-02-20T13:52:42.030+0000] {dagbag.py:538} INFO - Filling up the DagBag from /home/airflow/.local/lib/python3.8/site-packages/airflow/example_dags/example_branch_operator.py
[2025-02-20T13:52:42.064+0000] {processor.py:840} INFO - DAG(s) 'example_branch_operator' retrieved from /home/airflow/.local/lib/python3.8/site-packages/airflow/example_dags/example_branch_operator.py
[2025-02-20T13:52:42.127+0000] {logging_mixin.py:188} INFO - [2025-02-20T13:52:42.126+0000] {dag.py:3036} INFO - Sync 1 DAGs
[2025-02-20T13:52:42.173+0000] {logging_mixin.py:188} INFO - [2025-02-20T13:52:42.173+0000] {dag.py:3823} INFO - Setting next_dagrun for example_branch_operator to 2025-02-19 00:00:00+00:00, run_after=2025-02-20 00:00:00+00:00
[2025-02-20T13:52:42.208+0000] {processor.py:183} INFO - Processing /home/airflow/.local/lib/python3.8/site-packages/airflow/example_dags/example_branch_operator.py took 0.188 seconds
[2025-02-20T13:53:13.380+0000] {processor.py:161} INFO - Started process (PID=1008) to work on /home/airflow/.local/lib/python3.8/site-packages/airflow/example_dags/example_branch_operator.py
[2025-02-20T13:53:13.381+0000] {processor.py:830} INFO - Processing file /home/airflow/.local/lib/python3.8/site-packages/airflow/example_dags/example_branch_operator.py for tasks to queue
[2025-02-20T13:53:13.384+0000] {logging_mixin.py:188} INFO - [2025-02-20T13:53:13.384+0000] {dagbag.py:538} INFO - Filling up the DagBag from /home/airflow/.local/lib/python3.8/site-packages/airflow/example_dags/example_branch_operator.py
[2025-02-20T13:53:13.423+0000] {processor.py:840} INFO - DAG(s) 'example_branch_operator' retrieved from /home/airflow/.local/lib/python3.8/site-packages/airflow/example_dags/example_branch_operator.py
[2025-02-20T13:53:13.484+0000] {logging_mixin.py:188} INFO - [2025-02-20T13:53:13.483+0000] {dag.py:3036} INFO - Sync 1 DAGs
[2025-02-20T13:53:13.529+0000] {logging_mixin.py:188} INFO - [2025-02-20T13:53:13.529+0000] {dag.py:3823} INFO - Setting next_dagrun for example_branch_operator to 2025-02-19 00:00:00+00:00, run_after=2025-02-20 00:00:00+00:00
[2025-02-20T13:53:13.563+0000] {processor.py:183} INFO - Processing /home/airflow/.local/lib/python3.8/site-packages/airflow/example_dags/example_branch_operator.py took 0.191 seconds
[2025-02-20T13:53:44.292+0000] {processor.py:161} INFO - Started process (PID=1073) to work on /home/airflow/.local/lib/python3.8/site-packages/airflow/example_dags/example_branch_operator.py
[2025-02-20T13:53:44.294+0000] {processor.py:830} INFO - Processing file /home/airflow/.local/lib/python3.8/site-packages/airflow/example_dags/example_branch_operator.py for tasks to queue
[2025-02-20T13:53:44.297+0000] {logging_mixin.py:188} INFO - [2025-02-20T13:53:44.296+0000] {dagbag.py:538} INFO - Filling up the DagBag from /home/airflow/.local/lib/python3.8/site-packages/airflow/example_dags/example_branch_operator.py
[2025-02-20T13:53:44.329+0000] {processor.py:840} INFO - DAG(s) 'example_branch_operator' retrieved from /home/airflow/.local/lib/python3.8/site-packages/airflow/example_dags/example_branch_operator.py
[2025-02-20T13:53:44.378+0000] {logging_mixin.py:188} INFO - [2025-02-20T13:53:44.378+0000] {dag.py:3036} INFO - Sync 1 DAGs
[2025-02-20T13:53:44.419+0000] {logging_mixin.py:188} INFO - [2025-02-20T13:53:44.419+0000] {dag.py:3823} INFO - Setting next_dagrun for example_branch_operator to 2025-02-19 00:00:00+00:00, run_after=2025-02-20 00:00:00+00:00
[2025-02-20T13:53:44.449+0000] {processor.py:183} INFO - Processing /home/airflow/.local/lib/python3.8/site-packages/airflow/example_dags/example_branch_operator.py took 0.162 seconds
[2025-02-20T13:54:14.727+0000] {processor.py:161} INFO - Started process (PID=1138) to work on /home/airflow/.local/lib/python3.8/site-packages/airflow/example_dags/example_branch_operator.py
[2025-02-20T13:54:14.728+0000] {processor.py:830} INFO - Processing file /home/airflow/.local/lib/python3.8/site-packages/airflow/example_dags/example_branch_operator.py for tasks to queue
[2025-02-20T13:54:14.732+0000] {logging_mixin.py:188} INFO - [2025-02-20T13:54:14.731+0000] {dagbag.py:538} INFO - Filling up the DagBag from /home/airflow/.local/lib/python3.8/site-packages/airflow/example_dags/example_branch_operator.py
[2025-02-20T13:54:14.764+0000] {processor.py:840} INFO - DAG(s) 'example_branch_operator' retrieved from /home/airflow/.local/lib/python3.8/site-packages/airflow/example_dags/example_branch_operator.py
[2025-02-20T13:54:14.823+0000] {logging_mixin.py:188} INFO - [2025-02-20T13:54:14.823+0000] {dag.py:3036} INFO - Sync 1 DAGs
[2025-02-20T13:54:14.876+0000] {logging_mixin.py:188} INFO - [2025-02-20T13:54:14.875+0000] {dag.py:3823} INFO - Setting next_dagrun for example_branch_operator to 2025-02-19 00:00:00+00:00, run_after=2025-02-20 00:00:00+00:00
[2025-02-20T13:54:14.912+0000] {processor.py:183} INFO - Processing /home/airflow/.local/lib/python3.8/site-packages/airflow/example_dags/example_branch_operator.py took 0.190 seconds
[2025-02-20T13:54:44.998+0000] {processor.py:161} INFO - Started process (PID=1203) to work on /home/airflow/.local/lib/python3.8/site-packages/airflow/example_dags/example_branch_operator.py
[2025-02-20T13:54:45.001+0000] {processor.py:830} INFO - Processing file /home/airflow/.local/lib/python3.8/site-packages/airflow/example_dags/example_branch_operator.py for tasks to queue
[2025-02-20T13:54:45.005+0000] {logging_mixin.py:188} INFO - [2025-02-20T13:54:45.004+0000] {dagbag.py:538} INFO - Filling up the DagBag from /home/airflow/.local/lib/python3.8/site-packages/airflow/example_dags/example_branch_operator.py
[2025-02-20T13:54:45.033+0000] {processor.py:840} INFO - DAG(s) 'example_branch_operator' retrieved from /home/airflow/.local/lib/python3.8/site-packages/airflow/example_dags/example_branch_operator.py
[2025-02-20T13:54:45.081+0000] {logging_mixin.py:188} INFO - [2025-02-20T13:54:45.081+0000] {dag.py:3036} INFO - Sync 1 DAGs
[2025-02-20T13:54:45.121+0000] {logging_mixin.py:188} INFO - [2025-02-20T13:54:45.121+0000] {dag.py:3823} INFO - Setting next_dagrun for example_branch_operator to 2025-02-19 00:00:00+00:00, run_after=2025-02-20 00:00:00+00:00
[2025-02-20T13:54:45.150+0000] {processor.py:183} INFO - Processing /home/airflow/.local/lib/python3.8/site-packages/airflow/example_dags/example_branch_operator.py took 0.160 seconds
[2025-02-20T13:55:15.544+0000] {processor.py:161} INFO - Started process (PID=1268) to work on /home/airflow/.local/lib/python3.8/site-packages/airflow/example_dags/example_branch_operator.py
[2025-02-20T13:55:15.545+0000] {processor.py:830} INFO - Processing file /home/airflow/.local/lib/python3.8/site-packages/airflow/example_dags/example_branch_operator.py for tasks to queue
[2025-02-20T13:55:15.548+0000] {logging_mixin.py:188} INFO - [2025-02-20T13:55:15.548+0000] {dagbag.py:538} INFO - Filling up the DagBag from /home/airflow/.local/lib/python3.8/site-packages/airflow/example_dags/example_branch_operator.py
[2025-02-20T13:55:15.576+0000] {processor.py:840} INFO - DAG(s) 'example_branch_operator' retrieved from /home/airflow/.local/lib/python3.8/site-packages/airflow/example_dags/example_branch_operator.py
[2025-02-20T13:55:15.649+0000] {logging_mixin.py:188} INFO - [2025-02-20T13:55:15.649+0000] {dag.py:3036} INFO - Sync 1 DAGs
[2025-02-20T13:55:15.695+0000] {logging_mixin.py:188} INFO - [2025-02-20T13:55:15.695+0000] {dag.py:3823} INFO - Setting next_dagrun for example_branch_operator to 2025-02-19 00:00:00+00:00, run_after=2025-02-20 00:00:00+00:00
[2025-02-20T13:55:15.734+0000] {processor.py:183} INFO - Processing /home/airflow/.local/lib/python3.8/site-packages/airflow/example_dags/example_branch_operator.py took 0.194 seconds
[2025-02-20T13:55:46.117+0000] {processor.py:161} INFO - Started process (PID=1341) to work on /home/airflow/.local/lib/python3.8/site-packages/airflow/example_dags/example_branch_operator.py
[2025-02-20T13:55:46.119+0000] {processor.py:830} INFO - Processing file /home/airflow/.local/lib/python3.8/site-packages/airflow/example_dags/example_branch_operator.py for tasks to queue
[2025-02-20T13:55:46.122+0000] {logging_mixin.py:188} INFO - [2025-02-20T13:55:46.121+0000] {dagbag.py:538} INFO - Filling up the DagBag from /home/airflow/.local/lib/python3.8/site-packages/airflow/example_dags/example_branch_operator.py
[2025-02-20T13:55:46.154+0000] {processor.py:840} INFO - DAG(s) 'example_branch_operator' retrieved from /home/airflow/.local/lib/python3.8/site-packages/airflow/example_dags/example_branch_operator.py
[2025-02-20T13:55:46.212+0000] {logging_mixin.py:188} INFO - [2025-02-20T13:55:46.211+0000] {dag.py:3036} INFO - Sync 1 DAGs
[2025-02-20T13:55:46.257+0000] {logging_mixin.py:188} INFO - [2025-02-20T13:55:46.257+0000] {dag.py:3823} INFO - Setting next_dagrun for example_branch_operator to 2025-02-19 00:00:00+00:00, run_after=2025-02-20 00:00:00+00:00
[2025-02-20T13:55:46.289+0000] {processor.py:183} INFO - Processing /home/airflow/.local/lib/python3.8/site-packages/airflow/example_dags/example_branch_operator.py took 0.179 seconds
[2025-02-20T13:56:16.815+0000] {processor.py:161} INFO - Started process (PID=1406) to work on /home/airflow/.local/lib/python3.8/site-packages/airflow/example_dags/example_branch_operator.py
[2025-02-20T13:56:16.816+0000] {processor.py:830} INFO - Processing file /home/airflow/.local/lib/python3.8/site-packages/airflow/example_dags/example_branch_operator.py for tasks to queue
[2025-02-20T13:56:16.820+0000] {logging_mixin.py:188} INFO - [2025-02-20T13:56:16.820+0000] {dagbag.py:538} INFO - Filling up the DagBag from /home/airflow/.local/lib/python3.8/site-packages/airflow/example_dags/example_branch_operator.py
[2025-02-20T13:56:16.862+0000] {processor.py:840} INFO - DAG(s) 'example_branch_operator' retrieved from /home/airflow/.local/lib/python3.8/site-packages/airflow/example_dags/example_branch_operator.py
[2025-02-20T13:56:16.931+0000] {logging_mixin.py:188} INFO - [2025-02-20T13:56:16.930+0000] {dag.py:3036} INFO - Sync 1 DAGs
[2025-02-20T13:56:16.984+0000] {logging_mixin.py:188} INFO - [2025-02-20T13:56:16.984+0000] {dag.py:3823} INFO - Setting next_dagrun for example_branch_operator to 2025-02-19 00:00:00+00:00, run_after=2025-02-20 00:00:00+00:00
[2025-02-20T13:56:17.037+0000] {processor.py:183} INFO - Processing /home/airflow/.local/lib/python3.8/site-packages/airflow/example_dags/example_branch_operator.py took 0.228 seconds
[2025-02-20T13:56:47.135+0000] {processor.py:161} INFO - Started process (PID=1472) to work on /home/airflow/.local/lib/python3.8/site-packages/airflow/example_dags/example_branch_operator.py
[2025-02-20T13:56:47.136+0000] {processor.py:830} INFO - Processing file /home/airflow/.local/lib/python3.8/site-packages/airflow/example_dags/example_branch_operator.py for tasks to queue
[2025-02-20T13:56:47.139+0000] {logging_mixin.py:188} INFO - [2025-02-20T13:56:47.138+0000] {dagbag.py:538} INFO - Filling up the DagBag from /home/airflow/.local/lib/python3.8/site-packages/airflow/example_dags/example_branch_operator.py
[2025-02-20T13:56:47.164+0000] {processor.py:840} INFO - DAG(s) 'example_branch_operator' retrieved from /home/airflow/.local/lib/python3.8/site-packages/airflow/example_dags/example_branch_operator.py
[2025-02-20T13:56:47.201+0000] {logging_mixin.py:188} INFO - [2025-02-20T13:56:47.201+0000] {dag.py:3036} INFO - Sync 1 DAGs
[2025-02-20T13:56:47.230+0000] {logging_mixin.py:188} INFO - [2025-02-20T13:56:47.230+0000] {dag.py:3823} INFO - Setting next_dagrun for example_branch_operator to 2025-02-19 00:00:00+00:00, run_after=2025-02-20 00:00:00+00:00
[2025-02-20T13:56:47.257+0000] {processor.py:183} INFO - Processing /home/airflow/.local/lib/python3.8/site-packages/airflow/example_dags/example_branch_operator.py took 0.128 seconds
[2025-02-20T13:57:17.569+0000] {processor.py:161} INFO - Started process (PID=1536) to work on /home/airflow/.local/lib/python3.8/site-packages/airflow/example_dags/example_branch_operator.py
[2025-02-20T13:57:17.577+0000] {processor.py:830} INFO - Processing file /home/airflow/.local/lib/python3.8/site-packages/airflow/example_dags/example_branch_operator.py for tasks to queue
[2025-02-20T13:57:17.582+0000] {logging_mixin.py:188} INFO - [2025-02-20T13:57:17.580+0000] {dagbag.py:538} INFO - Filling up the DagBag from /home/airflow/.local/lib/python3.8/site-packages/airflow/example_dags/example_branch_operator.py
[2025-02-20T13:57:17.671+0000] {processor.py:840} INFO - DAG(s) 'example_branch_operator' retrieved from /home/airflow/.local/lib/python3.8/site-packages/airflow/example_dags/example_branch_operator.py
[2025-02-20T13:57:17.793+0000] {logging_mixin.py:188} INFO - [2025-02-20T13:57:17.793+0000] {dag.py:3036} INFO - Sync 1 DAGs
[2025-02-20T13:57:17.930+0000] {logging_mixin.py:188} INFO - [2025-02-20T13:57:17.930+0000] {dag.py:3823} INFO - Setting next_dagrun for example_branch_operator to 2025-02-19 00:00:00+00:00, run_after=2025-02-20 00:00:00+00:00
[2025-02-20T13:57:18.070+0000] {processor.py:183} INFO - Processing /home/airflow/.local/lib/python3.8/site-packages/airflow/example_dags/example_branch_operator.py took 0.509 seconds
[2025-02-20T13:57:48.617+0000] {processor.py:161} INFO - Started process (PID=1600) to work on /home/airflow/.local/lib/python3.8/site-packages/airflow/example_dags/example_branch_operator.py
[2025-02-20T13:57:48.618+0000] {processor.py:830} INFO - Processing file /home/airflow/.local/lib/python3.8/site-packages/airflow/example_dags/example_branch_operator.py for tasks to queue
[2025-02-20T13:57:48.621+0000] {logging_mixin.py:188} INFO - [2025-02-20T13:57:48.620+0000] {dagbag.py:538} INFO - Filling up the DagBag from /home/airflow/.local/lib/python3.8/site-packages/airflow/example_dags/example_branch_operator.py
[2025-02-20T13:57:48.647+0000] {processor.py:840} INFO - DAG(s) 'example_branch_operator' retrieved from /home/airflow/.local/lib/python3.8/site-packages/airflow/example_dags/example_branch_operator.py
[2025-02-20T13:57:48.690+0000] {logging_mixin.py:188} INFO - [2025-02-20T13:57:48.689+0000] {dag.py:3036} INFO - Sync 1 DAGs
[2025-02-20T13:57:48.737+0000] {logging_mixin.py:188} INFO - [2025-02-20T13:57:48.736+0000] {dag.py:3823} INFO - Setting next_dagrun for example_branch_operator to 2025-02-19 00:00:00+00:00, run_after=2025-02-20 00:00:00+00:00
[2025-02-20T13:57:48.771+0000] {processor.py:183} INFO - Processing /home/airflow/.local/lib/python3.8/site-packages/airflow/example_dags/example_branch_operator.py took 0.158 seconds
[2025-02-20T13:58:18.892+0000] {processor.py:161} INFO - Started process (PID=1665) to work on /home/airflow/.local/lib/python3.8/site-packages/airflow/example_dags/example_branch_operator.py
[2025-02-20T13:58:18.894+0000] {processor.py:830} INFO - Processing file /home/airflow/.local/lib/python3.8/site-packages/airflow/example_dags/example_branch_operator.py for tasks to queue
[2025-02-20T13:58:18.896+0000] {logging_mixin.py:188} INFO - [2025-02-20T13:58:18.896+0000] {dagbag.py:538} INFO - Filling up the DagBag from /home/airflow/.local/lib/python3.8/site-packages/airflow/example_dags/example_branch_operator.py
[2025-02-20T13:58:18.921+0000] {processor.py:840} INFO - DAG(s) 'example_branch_operator' retrieved from /home/airflow/.local/lib/python3.8/site-packages/airflow/example_dags/example_branch_operator.py
[2025-02-20T13:58:18.955+0000] {logging_mixin.py:188} INFO - [2025-02-20T13:58:18.955+0000] {dag.py:3036} INFO - Sync 1 DAGs
[2025-02-20T13:58:18.982+0000] {logging_mixin.py:188} INFO - [2025-02-20T13:58:18.982+0000] {dag.py:3823} INFO - Setting next_dagrun for example_branch_operator to 2025-02-19 00:00:00+00:00, run_after=2025-02-20 00:00:00+00:00
[2025-02-20T13:58:19.006+0000] {processor.py:183} INFO - Processing /home/airflow/.local/lib/python3.8/site-packages/airflow/example_dags/example_branch_operator.py took 0.117 seconds
[2025-02-20T13:58:49.824+0000] {processor.py:161} INFO - Started process (PID=1727) to work on /home/airflow/.local/lib/python3.8/site-packages/airflow/example_dags/example_branch_operator.py
[2025-02-20T13:58:49.825+0000] {processor.py:830} INFO - Processing file /home/airflow/.local/lib/python3.8/site-packages/airflow/example_dags/example_branch_operator.py for tasks to queue
[2025-02-20T13:58:49.827+0000] {logging_mixin.py:188} INFO - [2025-02-20T13:58:49.827+0000] {dagbag.py:538} INFO - Filling up the DagBag from /home/airflow/.local/lib/python3.8/site-packages/airflow/example_dags/example_branch_operator.py
[2025-02-20T13:58:49.854+0000] {processor.py:840} INFO - DAG(s) 'example_branch_operator' retrieved from /home/airflow/.local/lib/python3.8/site-packages/airflow/example_dags/example_branch_operator.py
[2025-02-20T13:58:49.904+0000] {logging_mixin.py:188} INFO - [2025-02-20T13:58:49.904+0000] {dag.py:3036} INFO - Sync 1 DAGs
[2025-02-20T13:58:49.941+0000] {logging_mixin.py:188} INFO - [2025-02-20T13:58:49.941+0000] {dag.py:3823} INFO - Setting next_dagrun for example_branch_operator to 2025-02-19 00:00:00+00:00, run_after=2025-02-20 00:00:00+00:00
[2025-02-20T13:58:49.970+0000] {processor.py:183} INFO - Processing /home/airflow/.local/lib/python3.8/site-packages/airflow/example_dags/example_branch_operator.py took 0.151 seconds
[2025-02-20T13:59:20.362+0000] {processor.py:161} INFO - Started process (PID=1792) to work on /home/airflow/.local/lib/python3.8/site-packages/airflow/example_dags/example_branch_operator.py
[2025-02-20T13:59:20.364+0000] {processor.py:830} INFO - Processing file /home/airflow/.local/lib/python3.8/site-packages/airflow/example_dags/example_branch_operator.py for tasks to queue
[2025-02-20T13:59:20.366+0000] {logging_mixin.py:188} INFO - [2025-02-20T13:59:20.366+0000] {dagbag.py:538} INFO - Filling up the DagBag from /home/airflow/.local/lib/python3.8/site-packages/airflow/example_dags/example_branch_operator.py
[2025-02-20T13:59:20.400+0000] {processor.py:840} INFO - DAG(s) 'example_branch_operator' retrieved from /home/airflow/.local/lib/python3.8/site-packages/airflow/example_dags/example_branch_operator.py
[2025-02-20T13:59:20.454+0000] {logging_mixin.py:188} INFO - [2025-02-20T13:59:20.453+0000] {dag.py:3036} INFO - Sync 1 DAGs
[2025-02-20T13:59:20.496+0000] {logging_mixin.py:188} INFO - [2025-02-20T13:59:20.496+0000] {dag.py:3823} INFO - Setting next_dagrun for example_branch_operator to 2025-02-19 00:00:00+00:00, run_after=2025-02-20 00:00:00+00:00
[2025-02-20T13:59:20.532+0000] {processor.py:183} INFO - Processing /home/airflow/.local/lib/python3.8/site-packages/airflow/example_dags/example_branch_operator.py took 0.180 seconds
[2025-02-20T13:59:51.750+0000] {processor.py:161} INFO - Started process (PID=1856) to work on /home/airflow/.local/lib/python3.8/site-packages/airflow/example_dags/example_branch_operator.py
[2025-02-20T13:59:51.755+0000] {processor.py:830} INFO - Processing file /home/airflow/.local/lib/python3.8/site-packages/airflow/example_dags/example_branch_operator.py for tasks to queue
[2025-02-20T13:59:51.761+0000] {logging_mixin.py:188} INFO - [2025-02-20T13:59:51.760+0000] {dagbag.py:538} INFO - Filling up the DagBag from /home/airflow/.local/lib/python3.8/site-packages/airflow/example_dags/example_branch_operator.py
[2025-02-20T13:59:51.802+0000] {processor.py:840} INFO - DAG(s) 'example_branch_operator' retrieved from /home/airflow/.local/lib/python3.8/site-packages/airflow/example_dags/example_branch_operator.py
[2025-02-20T13:59:51.871+0000] {logging_mixin.py:188} INFO - [2025-02-20T13:59:51.870+0000] {dag.py:3036} INFO - Sync 1 DAGs
[2025-02-20T13:59:51.915+0000] {logging_mixin.py:188} INFO - [2025-02-20T13:59:51.914+0000] {dag.py:3823} INFO - Setting next_dagrun for example_branch_operator to 2025-02-19 00:00:00+00:00, run_after=2025-02-20 00:00:00+00:00
[2025-02-20T13:59:51.972+0000] {processor.py:183} INFO - Processing /home/airflow/.local/lib/python3.8/site-packages/airflow/example_dags/example_branch_operator.py took 0.231 seconds
[2025-02-20T14:00:22.031+0000] {processor.py:161} INFO - Started process (PID=1921) to work on /home/airflow/.local/lib/python3.8/site-packages/airflow/example_dags/example_branch_operator.py
[2025-02-20T14:00:22.033+0000] {processor.py:830} INFO - Processing file /home/airflow/.local/lib/python3.8/site-packages/airflow/example_dags/example_branch_operator.py for tasks to queue
[2025-02-20T14:00:22.036+0000] {logging_mixin.py:188} INFO - [2025-02-20T14:00:22.035+0000] {dagbag.py:538} INFO - Filling up the DagBag from /home/airflow/.local/lib/python3.8/site-packages/airflow/example_dags/example_branch_operator.py
[2025-02-20T14:00:22.064+0000] {processor.py:840} INFO - DAG(s) 'example_branch_operator' retrieved from /home/airflow/.local/lib/python3.8/site-packages/airflow/example_dags/example_branch_operator.py
[2025-02-20T14:00:22.111+0000] {logging_mixin.py:188} INFO - [2025-02-20T14:00:22.111+0000] {dag.py:3036} INFO - Sync 1 DAGs
[2025-02-20T14:00:22.143+0000] {logging_mixin.py:188} INFO - [2025-02-20T14:00:22.143+0000] {dag.py:3823} INFO - Setting next_dagrun for example_branch_operator to 2025-02-19 00:00:00+00:00, run_after=2025-02-20 00:00:00+00:00
[2025-02-20T14:00:22.172+0000] {processor.py:183} INFO - Processing /home/airflow/.local/lib/python3.8/site-packages/airflow/example_dags/example_branch_operator.py took 0.147 seconds
[2025-02-20T14:00:52.273+0000] {processor.py:161} INFO - Started process (PID=1986) to work on /home/airflow/.local/lib/python3.8/site-packages/airflow/example_dags/example_branch_operator.py
[2025-02-20T14:00:52.275+0000] {processor.py:830} INFO - Processing file /home/airflow/.local/lib/python3.8/site-packages/airflow/example_dags/example_branch_operator.py for tasks to queue
[2025-02-20T14:00:52.278+0000] {logging_mixin.py:188} INFO - [2025-02-20T14:00:52.278+0000] {dagbag.py:538} INFO - Filling up the DagBag from /home/airflow/.local/lib/python3.8/site-packages/airflow/example_dags/example_branch_operator.py
[2025-02-20T14:00:52.311+0000] {processor.py:840} INFO - DAG(s) 'example_branch_operator' retrieved from /home/airflow/.local/lib/python3.8/site-packages/airflow/example_dags/example_branch_operator.py
[2025-02-20T14:00:52.359+0000] {logging_mixin.py:188} INFO - [2025-02-20T14:00:52.359+0000] {dag.py:3036} INFO - Sync 1 DAGs
[2025-02-20T14:00:52.399+0000] {logging_mixin.py:188} INFO - [2025-02-20T14:00:52.399+0000] {dag.py:3823} INFO - Setting next_dagrun for example_branch_operator to 2025-02-19 00:00:00+00:00, run_after=2025-02-20 00:00:00+00:00
[2025-02-20T14:00:52.435+0000] {processor.py:183} INFO - Processing /home/airflow/.local/lib/python3.8/site-packages/airflow/example_dags/example_branch_operator.py took 0.166 seconds
[2025-02-20T14:01:23.593+0000] {processor.py:161} INFO - Started process (PID=2058) to work on /home/airflow/.local/lib/python3.8/site-packages/airflow/example_dags/example_branch_operator.py
[2025-02-20T14:01:23.596+0000] {processor.py:830} INFO - Processing file /home/airflow/.local/lib/python3.8/site-packages/airflow/example_dags/example_branch_operator.py for tasks to queue
[2025-02-20T14:01:23.600+0000] {logging_mixin.py:188} INFO - [2025-02-20T14:01:23.600+0000] {dagbag.py:538} INFO - Filling up the DagBag from /home/airflow/.local/lib/python3.8/site-packages/airflow/example_dags/example_branch_operator.py
[2025-02-20T14:01:23.650+0000] {processor.py:840} INFO - DAG(s) 'example_branch_operator' retrieved from /home/airflow/.local/lib/python3.8/site-packages/airflow/example_dags/example_branch_operator.py
[2025-02-20T14:01:23.748+0000] {logging_mixin.py:188} INFO - [2025-02-20T14:01:23.748+0000] {dag.py:3036} INFO - Sync 1 DAGs
[2025-02-20T14:01:23.801+0000] {logging_mixin.py:188} INFO - [2025-02-20T14:01:23.800+0000] {dag.py:3823} INFO - Setting next_dagrun for example_branch_operator to 2025-02-19 00:00:00+00:00, run_after=2025-02-20 00:00:00+00:00
[2025-02-20T14:01:23.892+0000] {processor.py:183} INFO - Processing /home/airflow/.local/lib/python3.8/site-packages/airflow/example_dags/example_branch_operator.py took 0.310 seconds
[2025-02-20T14:01:54.205+0000] {processor.py:161} INFO - Started process (PID=2116) to work on /home/airflow/.local/lib/python3.8/site-packages/airflow/example_dags/example_branch_operator.py
[2025-02-20T14:01:54.210+0000] {processor.py:830} INFO - Processing file /home/airflow/.local/lib/python3.8/site-packages/airflow/example_dags/example_branch_operator.py for tasks to queue
[2025-02-20T14:01:54.216+0000] {logging_mixin.py:188} INFO - [2025-02-20T14:01:54.215+0000] {dagbag.py:538} INFO - Filling up the DagBag from /home/airflow/.local/lib/python3.8/site-packages/airflow/example_dags/example_branch_operator.py
[2025-02-20T14:01:54.251+0000] {processor.py:840} INFO - DAG(s) 'example_branch_operator' retrieved from /home/airflow/.local/lib/python3.8/site-packages/airflow/example_dags/example_branch_operator.py
[2025-02-20T14:01:54.362+0000] {logging_mixin.py:188} INFO - [2025-02-20T14:01:54.362+0000] {dag.py:3036} INFO - Sync 1 DAGs
[2025-02-20T14:01:54.491+0000] {logging_mixin.py:188} INFO - [2025-02-20T14:01:54.488+0000] {dag.py:3823} INFO - Setting next_dagrun for example_branch_operator to 2025-02-19 00:00:00+00:00, run_after=2025-02-20 00:00:00+00:00
[2025-02-20T14:01:54.635+0000] {processor.py:183} INFO - Processing /home/airflow/.local/lib/python3.8/site-packages/airflow/example_dags/example_branch_operator.py took 0.439 seconds
[2025-02-20T14:02:25.327+0000] {processor.py:161} INFO - Started process (PID=2189) to work on /home/airflow/.local/lib/python3.8/site-packages/airflow/example_dags/example_branch_operator.py
[2025-02-20T14:02:25.329+0000] {processor.py:830} INFO - Processing file /home/airflow/.local/lib/python3.8/site-packages/airflow/example_dags/example_branch_operator.py for tasks to queue
[2025-02-20T14:02:25.333+0000] {logging_mixin.py:188} INFO - [2025-02-20T14:02:25.333+0000] {dagbag.py:538} INFO - Filling up the DagBag from /home/airflow/.local/lib/python3.8/site-packages/airflow/example_dags/example_branch_operator.py
[2025-02-20T14:02:25.371+0000] {processor.py:840} INFO - DAG(s) 'example_branch_operator' retrieved from /home/airflow/.local/lib/python3.8/site-packages/airflow/example_dags/example_branch_operator.py
[2025-02-20T14:02:25.425+0000] {logging_mixin.py:188} INFO - [2025-02-20T14:02:25.424+0000] {dag.py:3036} INFO - Sync 1 DAGs
[2025-02-20T14:02:25.472+0000] {logging_mixin.py:188} INFO - [2025-02-20T14:02:25.472+0000] {dag.py:3823} INFO - Setting next_dagrun for example_branch_operator to 2025-02-19 00:00:00+00:00, run_after=2025-02-20 00:00:00+00:00
[2025-02-20T14:02:25.518+0000] {processor.py:183} INFO - Processing /home/airflow/.local/lib/python3.8/site-packages/airflow/example_dags/example_branch_operator.py took 0.195 seconds
[2025-02-20T14:02:56.543+0000] {processor.py:161} INFO - Started process (PID=2255) to work on /home/airflow/.local/lib/python3.8/site-packages/airflow/example_dags/example_branch_operator.py
[2025-02-20T14:02:56.545+0000] {processor.py:830} INFO - Processing file /home/airflow/.local/lib/python3.8/site-packages/airflow/example_dags/example_branch_operator.py for tasks to queue
[2025-02-20T14:02:56.575+0000] {logging_mixin.py:188} INFO - [2025-02-20T14:02:56.572+0000] {dagbag.py:538} INFO - Filling up the DagBag from /home/airflow/.local/lib/python3.8/site-packages/airflow/example_dags/example_branch_operator.py
[2025-02-20T14:02:56.641+0000] {processor.py:840} INFO - DAG(s) 'example_branch_operator' retrieved from /home/airflow/.local/lib/python3.8/site-packages/airflow/example_dags/example_branch_operator.py
[2025-02-20T14:02:56.728+0000] {logging_mixin.py:188} INFO - [2025-02-20T14:02:56.727+0000] {dag.py:3036} INFO - Sync 1 DAGs
[2025-02-20T14:02:56.817+0000] {logging_mixin.py:188} INFO - [2025-02-20T14:02:56.812+0000] {dag.py:3823} INFO - Setting next_dagrun for example_branch_operator to 2025-02-19 00:00:00+00:00, run_after=2025-02-20 00:00:00+00:00
[2025-02-20T14:02:56.893+0000] {processor.py:183} INFO - Processing /home/airflow/.local/lib/python3.8/site-packages/airflow/example_dags/example_branch_operator.py took 0.358 seconds
[2025-02-20T14:03:28.117+0000] {processor.py:161} INFO - Started process (PID=2320) to work on /home/airflow/.local/lib/python3.8/site-packages/airflow/example_dags/example_branch_operator.py
[2025-02-20T14:03:28.121+0000] {processor.py:830} INFO - Processing file /home/airflow/.local/lib/python3.8/site-packages/airflow/example_dags/example_branch_operator.py for tasks to queue
[2025-02-20T14:03:28.128+0000] {logging_mixin.py:188} INFO - [2025-02-20T14:03:28.128+0000] {dagbag.py:538} INFO - Filling up the DagBag from /home/airflow/.local/lib/python3.8/site-packages/airflow/example_dags/example_branch_operator.py
[2025-02-20T14:03:28.178+0000] {processor.py:840} INFO - DAG(s) 'example_branch_operator' retrieved from /home/airflow/.local/lib/python3.8/site-packages/airflow/example_dags/example_branch_operator.py
[2025-02-20T14:03:28.249+0000] {logging_mixin.py:188} INFO - [2025-02-20T14:03:28.249+0000] {dag.py:3036} INFO - Sync 1 DAGs
[2025-02-20T14:03:28.296+0000] {logging_mixin.py:188} INFO - [2025-02-20T14:03:28.295+0000] {dag.py:3823} INFO - Setting next_dagrun for example_branch_operator to 2025-02-19 00:00:00+00:00, run_after=2025-02-20 00:00:00+00:00
[2025-02-20T14:03:28.326+0000] {processor.py:183} INFO - Processing /home/airflow/.local/lib/python3.8/site-packages/airflow/example_dags/example_branch_operator.py took 0.215 seconds
[2025-02-20T14:03:59.628+0000] {processor.py:161} INFO - Started process (PID=2386) to work on /home/airflow/.local/lib/python3.8/site-packages/airflow/example_dags/example_branch_operator.py
[2025-02-20T14:03:59.630+0000] {processor.py:830} INFO - Processing file /home/airflow/.local/lib/python3.8/site-packages/airflow/example_dags/example_branch_operator.py for tasks to queue
[2025-02-20T14:03:59.634+0000] {logging_mixin.py:188} INFO - [2025-02-20T14:03:59.633+0000] {dagbag.py:538} INFO - Filling up the DagBag from /home/airflow/.local/lib/python3.8/site-packages/airflow/example_dags/example_branch_operator.py
[2025-02-20T14:03:59.675+0000] {processor.py:840} INFO - DAG(s) 'example_branch_operator' retrieved from /home/airflow/.local/lib/python3.8/site-packages/airflow/example_dags/example_branch_operator.py
[2025-02-20T14:03:59.748+0000] {logging_mixin.py:188} INFO - [2025-02-20T14:03:59.747+0000] {dag.py:3036} INFO - Sync 1 DAGs
[2025-02-20T14:03:59.825+0000] {logging_mixin.py:188} INFO - [2025-02-20T14:03:59.825+0000] {dag.py:3823} INFO - Setting next_dagrun for example_branch_operator to 2025-02-19 00:00:00+00:00, run_after=2025-02-20 00:00:00+00:00
[2025-02-20T14:03:59.878+0000] {processor.py:183} INFO - Processing /home/airflow/.local/lib/python3.8/site-packages/airflow/example_dags/example_branch_operator.py took 0.260 seconds
[2025-02-20T14:04:30.078+0000] {processor.py:161} INFO - Started process (PID=2452) to work on /home/airflow/.local/lib/python3.8/site-packages/airflow/example_dags/example_branch_operator.py
[2025-02-20T14:04:30.079+0000] {processor.py:830} INFO - Processing file /home/airflow/.local/lib/python3.8/site-packages/airflow/example_dags/example_branch_operator.py for tasks to queue
[2025-02-20T14:04:30.083+0000] {logging_mixin.py:188} INFO - [2025-02-20T14:04:30.082+0000] {dagbag.py:538} INFO - Filling up the DagBag from /home/airflow/.local/lib/python3.8/site-packages/airflow/example_dags/example_branch_operator.py
[2025-02-20T14:04:30.116+0000] {processor.py:840} INFO - DAG(s) 'example_branch_operator' retrieved from /home/airflow/.local/lib/python3.8/site-packages/airflow/example_dags/example_branch_operator.py
[2025-02-20T14:04:30.166+0000] {logging_mixin.py:188} INFO - [2025-02-20T14:04:30.165+0000] {dag.py:3036} INFO - Sync 1 DAGs
[2025-02-20T14:04:30.203+0000] {logging_mixin.py:188} INFO - [2025-02-20T14:04:30.203+0000] {dag.py:3823} INFO - Setting next_dagrun for example_branch_operator to 2025-02-19 00:00:00+00:00, run_after=2025-02-20 00:00:00+00:00
[2025-02-20T14:04:30.234+0000] {processor.py:183} INFO - Processing /home/airflow/.local/lib/python3.8/site-packages/airflow/example_dags/example_branch_operator.py took 0.161 seconds
[2025-02-20T14:05:00.672+0000] {processor.py:161} INFO - Started process (PID=2517) to work on /home/airflow/.local/lib/python3.8/site-packages/airflow/example_dags/example_branch_operator.py
[2025-02-20T14:05:00.673+0000] {processor.py:830} INFO - Processing file /home/airflow/.local/lib/python3.8/site-packages/airflow/example_dags/example_branch_operator.py for tasks to queue
[2025-02-20T14:05:00.677+0000] {logging_mixin.py:188} INFO - [2025-02-20T14:05:00.676+0000] {dagbag.py:538} INFO - Filling up the DagBag from /home/airflow/.local/lib/python3.8/site-packages/airflow/example_dags/example_branch_operator.py
[2025-02-20T14:05:00.720+0000] {processor.py:840} INFO - DAG(s) 'example_branch_operator' retrieved from /home/airflow/.local/lib/python3.8/site-packages/airflow/example_dags/example_branch_operator.py
[2025-02-20T14:05:00.933+0000] {logging_mixin.py:188} INFO - [2025-02-20T14:05:00.933+0000] {dag.py:3036} INFO - Sync 1 DAGs
[2025-02-20T14:05:00.994+0000] {logging_mixin.py:188} INFO - [2025-02-20T14:05:00.993+0000] {dag.py:3823} INFO - Setting next_dagrun for example_branch_operator to 2025-02-19 00:00:00+00:00, run_after=2025-02-20 00:00:00+00:00
[2025-02-20T14:05:01.043+0000] {processor.py:183} INFO - Processing /home/airflow/.local/lib/python3.8/site-packages/airflow/example_dags/example_branch_operator.py took 0.376 seconds
[2025-02-20T14:05:31.713+0000] {processor.py:161} INFO - Started process (PID=2581) to work on /home/airflow/.local/lib/python3.8/site-packages/airflow/example_dags/example_branch_operator.py
[2025-02-20T14:05:31.715+0000] {processor.py:830} INFO - Processing file /home/airflow/.local/lib/python3.8/site-packages/airflow/example_dags/example_branch_operator.py for tasks to queue
[2025-02-20T14:05:31.717+0000] {logging_mixin.py:188} INFO - [2025-02-20T14:05:31.717+0000] {dagbag.py:538} INFO - Filling up the DagBag from /home/airflow/.local/lib/python3.8/site-packages/airflow/example_dags/example_branch_operator.py
[2025-02-20T14:05:31.749+0000] {processor.py:840} INFO - DAG(s) 'example_branch_operator' retrieved from /home/airflow/.local/lib/python3.8/site-packages/airflow/example_dags/example_branch_operator.py
[2025-02-20T14:05:31.811+0000] {logging_mixin.py:188} INFO - [2025-02-20T14:05:31.810+0000] {dag.py:3036} INFO - Sync 1 DAGs
[2025-02-20T14:05:31.852+0000] {logging_mixin.py:188} INFO - [2025-02-20T14:05:31.851+0000] {dag.py:3823} INFO - Setting next_dagrun for example_branch_operator to 2025-02-19 00:00:00+00:00, run_after=2025-02-20 00:00:00+00:00
[2025-02-20T14:05:31.887+0000] {processor.py:183} INFO - Processing /home/airflow/.local/lib/python3.8/site-packages/airflow/example_dags/example_branch_operator.py took 0.180 seconds
[2025-02-20T14:06:02.482+0000] {processor.py:161} INFO - Started process (PID=2646) to work on /home/airflow/.local/lib/python3.8/site-packages/airflow/example_dags/example_branch_operator.py
[2025-02-20T14:06:02.484+0000] {processor.py:830} INFO - Processing file /home/airflow/.local/lib/python3.8/site-packages/airflow/example_dags/example_branch_operator.py for tasks to queue
[2025-02-20T14:06:02.488+0000] {logging_mixin.py:188} INFO - [2025-02-20T14:06:02.487+0000] {dagbag.py:538} INFO - Filling up the DagBag from /home/airflow/.local/lib/python3.8/site-packages/airflow/example_dags/example_branch_operator.py
[2025-02-20T14:06:02.528+0000] {processor.py:840} INFO - DAG(s) 'example_branch_operator' retrieved from /home/airflow/.local/lib/python3.8/site-packages/airflow/example_dags/example_branch_operator.py
[2025-02-20T14:06:02.598+0000] {logging_mixin.py:188} INFO - [2025-02-20T14:06:02.597+0000] {dag.py:3036} INFO - Sync 1 DAGs
[2025-02-20T14:06:02.646+0000] {logging_mixin.py:188} INFO - [2025-02-20T14:06:02.645+0000] {dag.py:3823} INFO - Setting next_dagrun for example_branch_operator to 2025-02-19 00:00:00+00:00, run_after=2025-02-20 00:00:00+00:00
[2025-02-20T14:06:02.691+0000] {processor.py:183} INFO - Processing /home/airflow/.local/lib/python3.8/site-packages/airflow/example_dags/example_branch_operator.py took 0.213 seconds
[2025-02-20T14:06:32.796+0000] {processor.py:161} INFO - Started process (PID=2711) to work on /home/airflow/.local/lib/python3.8/site-packages/airflow/example_dags/example_branch_operator.py
[2025-02-20T14:06:32.797+0000] {processor.py:830} INFO - Processing file /home/airflow/.local/lib/python3.8/site-packages/airflow/example_dags/example_branch_operator.py for tasks to queue
[2025-02-20T14:06:32.800+0000] {logging_mixin.py:188} INFO - [2025-02-20T14:06:32.800+0000] {dagbag.py:538} INFO - Filling up the DagBag from /home/airflow/.local/lib/python3.8/site-packages/airflow/example_dags/example_branch_operator.py
[2025-02-20T14:06:32.826+0000] {processor.py:840} INFO - DAG(s) 'example_branch_operator' retrieved from /home/airflow/.local/lib/python3.8/site-packages/airflow/example_dags/example_branch_operator.py
[2025-02-20T14:06:32.892+0000] {logging_mixin.py:188} INFO - [2025-02-20T14:06:32.891+0000] {dag.py:3036} INFO - Sync 1 DAGs
[2025-02-20T14:06:32.936+0000] {logging_mixin.py:188} INFO - [2025-02-20T14:06:32.935+0000] {dag.py:3823} INFO - Setting next_dagrun for example_branch_operator to 2025-02-19 00:00:00+00:00, run_after=2025-02-20 00:00:00+00:00
[2025-02-20T14:06:32.981+0000] {processor.py:183} INFO - Processing /home/airflow/.local/lib/python3.8/site-packages/airflow/example_dags/example_branch_operator.py took 0.189 seconds
[2025-02-20T14:07:03.181+0000] {processor.py:161} INFO - Started process (PID=2777) to work on /home/airflow/.local/lib/python3.8/site-packages/airflow/example_dags/example_branch_operator.py
[2025-02-20T14:07:03.182+0000] {processor.py:830} INFO - Processing file /home/airflow/.local/lib/python3.8/site-packages/airflow/example_dags/example_branch_operator.py for tasks to queue
[2025-02-20T14:07:03.186+0000] {logging_mixin.py:188} INFO - [2025-02-20T14:07:03.186+0000] {dagbag.py:538} INFO - Filling up the DagBag from /home/airflow/.local/lib/python3.8/site-packages/airflow/example_dags/example_branch_operator.py
[2025-02-20T14:07:03.212+0000] {processor.py:840} INFO - DAG(s) 'example_branch_operator' retrieved from /home/airflow/.local/lib/python3.8/site-packages/airflow/example_dags/example_branch_operator.py
[2025-02-20T14:07:03.258+0000] {logging_mixin.py:188} INFO - [2025-02-20T14:07:03.258+0000] {dag.py:3036} INFO - Sync 1 DAGs
[2025-02-20T14:07:03.290+0000] {logging_mixin.py:188} INFO - [2025-02-20T14:07:03.290+0000] {dag.py:3823} INFO - Setting next_dagrun for example_branch_operator to 2025-02-19 00:00:00+00:00, run_after=2025-02-20 00:00:00+00:00
[2025-02-20T14:07:03.502+0000] {processor.py:183} INFO - Processing /home/airflow/.local/lib/python3.8/site-packages/airflow/example_dags/example_branch_operator.py took 0.325 seconds
[2025-02-20T14:07:34.151+0000] {processor.py:161} INFO - Started process (PID=2842) to work on /home/airflow/.local/lib/python3.8/site-packages/airflow/example_dags/example_branch_operator.py
[2025-02-20T14:07:34.152+0000] {processor.py:830} INFO - Processing file /home/airflow/.local/lib/python3.8/site-packages/airflow/example_dags/example_branch_operator.py for tasks to queue
[2025-02-20T14:07:34.157+0000] {logging_mixin.py:188} INFO - [2025-02-20T14:07:34.156+0000] {dagbag.py:538} INFO - Filling up the DagBag from /home/airflow/.local/lib/python3.8/site-packages/airflow/example_dags/example_branch_operator.py
[2025-02-20T14:07:34.185+0000] {processor.py:840} INFO - DAG(s) 'example_branch_operator' retrieved from /home/airflow/.local/lib/python3.8/site-packages/airflow/example_dags/example_branch_operator.py
[2025-02-20T14:07:34.231+0000] {logging_mixin.py:188} INFO - [2025-02-20T14:07:34.231+0000] {dag.py:3036} INFO - Sync 1 DAGs
[2025-02-20T14:07:34.263+0000] {logging_mixin.py:188} INFO - [2025-02-20T14:07:34.263+0000] {dag.py:3823} INFO - Setting next_dagrun for example_branch_operator to 2025-02-19 00:00:00+00:00, run_after=2025-02-20 00:00:00+00:00
[2025-02-20T14:07:34.297+0000] {processor.py:183} INFO - Processing /home/airflow/.local/lib/python3.8/site-packages/airflow/example_dags/example_branch_operator.py took 0.151 seconds
[2025-02-20T14:08:04.821+0000] {processor.py:161} INFO - Started process (PID=2906) to work on /home/airflow/.local/lib/python3.8/site-packages/airflow/example_dags/example_branch_operator.py
[2025-02-20T14:08:04.824+0000] {processor.py:830} INFO - Processing file /home/airflow/.local/lib/python3.8/site-packages/airflow/example_dags/example_branch_operator.py for tasks to queue
[2025-02-20T14:08:04.828+0000] {logging_mixin.py:188} INFO - [2025-02-20T14:08:04.827+0000] {dagbag.py:538} INFO - Filling up the DagBag from /home/airflow/.local/lib/python3.8/site-packages/airflow/example_dags/example_branch_operator.py
[2025-02-20T14:08:04.863+0000] {processor.py:840} INFO - DAG(s) 'example_branch_operator' retrieved from /home/airflow/.local/lib/python3.8/site-packages/airflow/example_dags/example_branch_operator.py
[2025-02-20T14:08:04.915+0000] {logging_mixin.py:188} INFO - [2025-02-20T14:08:04.914+0000] {dag.py:3036} INFO - Sync 1 DAGs
[2025-02-20T14:08:04.962+0000] {logging_mixin.py:188} INFO - [2025-02-20T14:08:04.962+0000] {dag.py:3823} INFO - Setting next_dagrun for example_branch_operator to 2025-02-19 00:00:00+00:00, run_after=2025-02-20 00:00:00+00:00
[2025-02-20T14:08:05.004+0000] {processor.py:183} INFO - Processing /home/airflow/.local/lib/python3.8/site-packages/airflow/example_dags/example_branch_operator.py took 0.188 seconds
[2025-02-20T14:08:35.659+0000] {processor.py:161} INFO - Started process (PID=2970) to work on /home/airflow/.local/lib/python3.8/site-packages/airflow/example_dags/example_branch_operator.py
[2025-02-20T14:08:35.662+0000] {processor.py:830} INFO - Processing file /home/airflow/.local/lib/python3.8/site-packages/airflow/example_dags/example_branch_operator.py for tasks to queue
[2025-02-20T14:08:35.666+0000] {logging_mixin.py:188} INFO - [2025-02-20T14:08:35.665+0000] {dagbag.py:538} INFO - Filling up the DagBag from /home/airflow/.local/lib/python3.8/site-packages/airflow/example_dags/example_branch_operator.py
[2025-02-20T14:08:35.707+0000] {processor.py:840} INFO - DAG(s) 'example_branch_operator' retrieved from /home/airflow/.local/lib/python3.8/site-packages/airflow/example_dags/example_branch_operator.py
[2025-02-20T14:08:35.761+0000] {logging_mixin.py:188} INFO - [2025-02-20T14:08:35.761+0000] {dag.py:3036} INFO - Sync 1 DAGs
[2025-02-20T14:08:35.814+0000] {logging_mixin.py:188} INFO - [2025-02-20T14:08:35.813+0000] {dag.py:3823} INFO - Setting next_dagrun for example_branch_operator to 2025-02-19 00:00:00+00:00, run_after=2025-02-20 00:00:00+00:00
[2025-02-20T14:08:35.855+0000] {processor.py:183} INFO - Processing /home/airflow/.local/lib/python3.8/site-packages/airflow/example_dags/example_branch_operator.py took 0.202 seconds
[2025-02-20T14:09:06.174+0000] {processor.py:161} INFO - Started process (PID=3034) to work on /home/airflow/.local/lib/python3.8/site-packages/airflow/example_dags/example_branch_operator.py
[2025-02-20T14:09:06.176+0000] {processor.py:830} INFO - Processing file /home/airflow/.local/lib/python3.8/site-packages/airflow/example_dags/example_branch_operator.py for tasks to queue
[2025-02-20T14:09:06.184+0000] {logging_mixin.py:188} INFO - [2025-02-20T14:09:06.183+0000] {dagbag.py:538} INFO - Filling up the DagBag from /home/airflow/.local/lib/python3.8/site-packages/airflow/example_dags/example_branch_operator.py
[2025-02-20T14:09:06.226+0000] {processor.py:840} INFO - DAG(s) 'example_branch_operator' retrieved from /home/airflow/.local/lib/python3.8/site-packages/airflow/example_dags/example_branch_operator.py
[2025-02-20T14:09:06.304+0000] {logging_mixin.py:188} INFO - [2025-02-20T14:09:06.304+0000] {dag.py:3036} INFO - Sync 1 DAGs
[2025-02-20T14:09:06.359+0000] {logging_mixin.py:188} INFO - [2025-02-20T14:09:06.358+0000] {dag.py:3823} INFO - Setting next_dagrun for example_branch_operator to 2025-02-19 00:00:00+00:00, run_after=2025-02-20 00:00:00+00:00
[2025-02-20T14:09:06.402+0000] {processor.py:183} INFO - Processing /home/airflow/.local/lib/python3.8/site-packages/airflow/example_dags/example_branch_operator.py took 0.237 seconds
[2025-02-20T14:09:39.608+0000] {processor.py:161} INFO - Started process (PID=3098) to work on /home/airflow/.local/lib/python3.8/site-packages/airflow/example_dags/example_branch_operator.py
[2025-02-20T14:09:39.610+0000] {processor.py:830} INFO - Processing file /home/airflow/.local/lib/python3.8/site-packages/airflow/example_dags/example_branch_operator.py for tasks to queue
[2025-02-20T14:09:39.613+0000] {logging_mixin.py:188} INFO - [2025-02-20T14:09:39.612+0000] {dagbag.py:538} INFO - Filling up the DagBag from /home/airflow/.local/lib/python3.8/site-packages/airflow/example_dags/example_branch_operator.py
[2025-02-20T14:09:39.637+0000] {processor.py:840} INFO - DAG(s) 'example_branch_operator' retrieved from /home/airflow/.local/lib/python3.8/site-packages/airflow/example_dags/example_branch_operator.py
[2025-02-20T14:09:39.696+0000] {logging_mixin.py:188} INFO - [2025-02-20T14:09:39.696+0000] {dag.py:3036} INFO - Sync 1 DAGs
[2025-02-20T14:09:39.737+0000] {logging_mixin.py:188} INFO - [2025-02-20T14:09:39.736+0000] {dag.py:3823} INFO - Setting next_dagrun for example_branch_operator to 2025-02-19 00:00:00+00:00, run_after=2025-02-20 00:00:00+00:00
[2025-02-20T14:09:39.767+0000] {processor.py:183} INFO - Processing /home/airflow/.local/lib/python3.8/site-packages/airflow/example_dags/example_branch_operator.py took 0.164 seconds
[2025-02-20T14:10:10.615+0000] {processor.py:161} INFO - Started process (PID=3169) to work on /home/airflow/.local/lib/python3.8/site-packages/airflow/example_dags/example_branch_operator.py
[2025-02-20T14:10:10.617+0000] {processor.py:830} INFO - Processing file /home/airflow/.local/lib/python3.8/site-packages/airflow/example_dags/example_branch_operator.py for tasks to queue
[2025-02-20T14:10:10.623+0000] {logging_mixin.py:188} INFO - [2025-02-20T14:10:10.622+0000] {dagbag.py:538} INFO - Filling up the DagBag from /home/airflow/.local/lib/python3.8/site-packages/airflow/example_dags/example_branch_operator.py
[2025-02-20T14:10:10.703+0000] {processor.py:840} INFO - DAG(s) 'example_branch_operator' retrieved from /home/airflow/.local/lib/python3.8/site-packages/airflow/example_dags/example_branch_operator.py
[2025-02-20T14:10:12.198+0000] {logging_mixin.py:188} INFO - [2025-02-20T14:10:12.197+0000] {dag.py:3036} INFO - Sync 1 DAGs
[2025-02-20T14:10:12.258+0000] {logging_mixin.py:188} INFO - [2025-02-20T14:10:12.257+0000] {dag.py:3823} INFO - Setting next_dagrun for example_branch_operator to 2025-02-19 00:00:00+00:00, run_after=2025-02-20 00:00:00+00:00
[2025-02-20T14:10:12.296+0000] {processor.py:183} INFO - Processing /home/airflow/.local/lib/python3.8/site-packages/airflow/example_dags/example_branch_operator.py took 1.688 seconds
[2025-02-20T14:10:42.399+0000] {processor.py:161} INFO - Started process (PID=3235) to work on /home/airflow/.local/lib/python3.8/site-packages/airflow/example_dags/example_branch_operator.py
[2025-02-20T14:10:42.401+0000] {processor.py:830} INFO - Processing file /home/airflow/.local/lib/python3.8/site-packages/airflow/example_dags/example_branch_operator.py for tasks to queue
[2025-02-20T14:10:42.406+0000] {logging_mixin.py:188} INFO - [2025-02-20T14:10:42.404+0000] {dagbag.py:538} INFO - Filling up the DagBag from /home/airflow/.local/lib/python3.8/site-packages/airflow/example_dags/example_branch_operator.py
[2025-02-20T14:10:42.444+0000] {processor.py:840} INFO - DAG(s) 'example_branch_operator' retrieved from /home/airflow/.local/lib/python3.8/site-packages/airflow/example_dags/example_branch_operator.py
[2025-02-20T14:10:42.703+0000] {logging_mixin.py:188} INFO - [2025-02-20T14:10:42.703+0000] {dag.py:3036} INFO - Sync 1 DAGs
[2025-02-20T14:10:42.762+0000] {logging_mixin.py:188} INFO - [2025-02-20T14:10:42.762+0000] {dag.py:3823} INFO - Setting next_dagrun for example_branch_operator to 2025-02-19 00:00:00+00:00, run_after=2025-02-20 00:00:00+00:00
[2025-02-20T14:10:42.811+0000] {processor.py:183} INFO - Processing /home/airflow/.local/lib/python3.8/site-packages/airflow/example_dags/example_branch_operator.py took 0.418 seconds
[2025-02-20T14:11:13.433+0000] {processor.py:161} INFO - Started process (PID=3300) to work on /home/airflow/.local/lib/python3.8/site-packages/airflow/example_dags/example_branch_operator.py
[2025-02-20T14:11:13.435+0000] {processor.py:830} INFO - Processing file /home/airflow/.local/lib/python3.8/site-packages/airflow/example_dags/example_branch_operator.py for tasks to queue
[2025-02-20T14:11:13.438+0000] {logging_mixin.py:188} INFO - [2025-02-20T14:11:13.438+0000] {dagbag.py:538} INFO - Filling up the DagBag from /home/airflow/.local/lib/python3.8/site-packages/airflow/example_dags/example_branch_operator.py
[2025-02-20T14:11:13.499+0000] {processor.py:840} INFO - DAG(s) 'example_branch_operator' retrieved from /home/airflow/.local/lib/python3.8/site-packages/airflow/example_dags/example_branch_operator.py
[2025-02-20T14:11:13.574+0000] {logging_mixin.py:188} INFO - [2025-02-20T14:11:13.574+0000] {dag.py:3036} INFO - Sync 1 DAGs
[2025-02-20T14:11:13.620+0000] {logging_mixin.py:188} INFO - [2025-02-20T14:11:13.619+0000] {dag.py:3823} INFO - Setting next_dagrun for example_branch_operator to 2025-02-19 00:00:00+00:00, run_after=2025-02-20 00:00:00+00:00
[2025-02-20T14:11:13.662+0000] {processor.py:183} INFO - Processing /home/airflow/.local/lib/python3.8/site-packages/airflow/example_dags/example_branch_operator.py took 0.235 seconds
[2025-02-20T16:11:29.862+0000] {processor.py:161} INFO - Started process (PID=3358) to work on /home/airflow/.local/lib/python3.8/site-packages/airflow/example_dags/example_branch_operator.py
[2025-02-20T16:11:29.868+0000] {processor.py:830} INFO - Processing file /home/airflow/.local/lib/python3.8/site-packages/airflow/example_dags/example_branch_operator.py for tasks to queue
[2025-02-20T16:11:29.874+0000] {logging_mixin.py:188} INFO - [2025-02-20T16:11:29.873+0000] {dagbag.py:538} INFO - Filling up the DagBag from /home/airflow/.local/lib/python3.8/site-packages/airflow/example_dags/example_branch_operator.py
[2025-02-20T16:11:29.974+0000] {processor.py:840} INFO - DAG(s) 'example_branch_operator' retrieved from /home/airflow/.local/lib/python3.8/site-packages/airflow/example_dags/example_branch_operator.py
[2025-02-20T16:11:30.100+0000] {logging_mixin.py:188} INFO - [2025-02-20T16:11:30.100+0000] {dag.py:3036} INFO - Sync 1 DAGs
[2025-02-20T16:11:30.164+0000] {logging_mixin.py:188} INFO - [2025-02-20T16:11:30.162+0000] {dag.py:3823} INFO - Setting next_dagrun for example_branch_operator to 2025-02-19 00:00:00+00:00, run_after=2025-02-20 00:00:00+00:00
[2025-02-20T16:11:30.235+0000] {processor.py:183} INFO - Processing /home/airflow/.local/lib/python3.8/site-packages/airflow/example_dags/example_branch_operator.py took 0.382 seconds
[2025-02-20T16:12:00.513+0000] {processor.py:161} INFO - Started process (PID=3423) to work on /home/airflow/.local/lib/python3.8/site-packages/airflow/example_dags/example_branch_operator.py
[2025-02-20T16:12:00.515+0000] {processor.py:830} INFO - Processing file /home/airflow/.local/lib/python3.8/site-packages/airflow/example_dags/example_branch_operator.py for tasks to queue
[2025-02-20T16:12:00.518+0000] {logging_mixin.py:188} INFO - [2025-02-20T16:12:00.517+0000] {dagbag.py:538} INFO - Filling up the DagBag from /home/airflow/.local/lib/python3.8/site-packages/airflow/example_dags/example_branch_operator.py
[2025-02-20T16:12:00.546+0000] {processor.py:840} INFO - DAG(s) 'example_branch_operator' retrieved from /home/airflow/.local/lib/python3.8/site-packages/airflow/example_dags/example_branch_operator.py
[2025-02-20T16:12:00.593+0000] {logging_mixin.py:188} INFO - [2025-02-20T16:12:00.593+0000] {dag.py:3036} INFO - Sync 1 DAGs
[2025-02-20T16:12:00.640+0000] {logging_mixin.py:188} INFO - [2025-02-20T16:12:00.640+0000] {dag.py:3823} INFO - Setting next_dagrun for example_branch_operator to 2025-02-19 00:00:00+00:00, run_after=2025-02-20 00:00:00+00:00
[2025-02-20T16:12:00.679+0000] {processor.py:183} INFO - Processing /home/airflow/.local/lib/python3.8/site-packages/airflow/example_dags/example_branch_operator.py took 0.171 seconds
[2025-02-20T18:12:14.481+0000] {processor.py:161} INFO - Started process (PID=3465) to work on /home/airflow/.local/lib/python3.8/site-packages/airflow/example_dags/example_branch_operator.py
[2025-02-20T18:12:14.485+0000] {processor.py:830} INFO - Processing file /home/airflow/.local/lib/python3.8/site-packages/airflow/example_dags/example_branch_operator.py for tasks to queue
[2025-02-20T18:12:14.490+0000] {logging_mixin.py:188} INFO - [2025-02-20T18:12:14.489+0000] {dagbag.py:538} INFO - Filling up the DagBag from /home/airflow/.local/lib/python3.8/site-packages/airflow/example_dags/example_branch_operator.py
[2025-02-20T18:12:14.531+0000] {processor.py:840} INFO - DAG(s) 'example_branch_operator' retrieved from /home/airflow/.local/lib/python3.8/site-packages/airflow/example_dags/example_branch_operator.py
[2025-02-20T18:12:14.634+0000] {logging_mixin.py:188} INFO - [2025-02-20T18:12:14.633+0000] {dag.py:3036} INFO - Sync 1 DAGs
[2025-02-20T18:12:14.870+0000] {logging_mixin.py:188} INFO - [2025-02-20T18:12:14.870+0000] {dag.py:3823} INFO - Setting next_dagrun for example_branch_operator to 2025-02-19 00:00:00+00:00, run_after=2025-02-20 00:00:00+00:00
[2025-02-20T18:12:14.925+0000] {processor.py:183} INFO - Processing /home/airflow/.local/lib/python3.8/site-packages/airflow/example_dags/example_branch_operator.py took 0.451 seconds
[2025-02-20T18:12:45.416+0000] {processor.py:161} INFO - Started process (PID=3530) to work on /home/airflow/.local/lib/python3.8/site-packages/airflow/example_dags/example_branch_operator.py
[2025-02-20T18:12:45.418+0000] {processor.py:830} INFO - Processing file /home/airflow/.local/lib/python3.8/site-packages/airflow/example_dags/example_branch_operator.py for tasks to queue
[2025-02-20T18:12:45.421+0000] {logging_mixin.py:188} INFO - [2025-02-20T18:12:45.420+0000] {dagbag.py:538} INFO - Filling up the DagBag from /home/airflow/.local/lib/python3.8/site-packages/airflow/example_dags/example_branch_operator.py
[2025-02-20T18:12:45.455+0000] {processor.py:840} INFO - DAG(s) 'example_branch_operator' retrieved from /home/airflow/.local/lib/python3.8/site-packages/airflow/example_dags/example_branch_operator.py
[2025-02-20T18:12:45.503+0000] {logging_mixin.py:188} INFO - [2025-02-20T18:12:45.502+0000] {dag.py:3036} INFO - Sync 1 DAGs
[2025-02-20T18:12:45.553+0000] {logging_mixin.py:188} INFO - [2025-02-20T18:12:45.552+0000] {dag.py:3823} INFO - Setting next_dagrun for example_branch_operator to 2025-02-19 00:00:00+00:00, run_after=2025-02-20 00:00:00+00:00
[2025-02-20T18:12:45.586+0000] {processor.py:183} INFO - Processing /home/airflow/.local/lib/python3.8/site-packages/airflow/example_dags/example_branch_operator.py took 0.175 seconds
[2025-02-20T20:05:40.128+0000] {processor.py:161} INFO - Started process (PID=3577) to work on /home/airflow/.local/lib/python3.8/site-packages/airflow/example_dags/example_branch_operator.py
[2025-02-20T20:05:40.175+0000] {processor.py:830} INFO - Processing file /home/airflow/.local/lib/python3.8/site-packages/airflow/example_dags/example_branch_operator.py for tasks to queue
[2025-02-20T20:05:40.267+0000] {logging_mixin.py:188} INFO - [2025-02-20T20:05:40.252+0000] {dagbag.py:538} INFO - Filling up the DagBag from /home/airflow/.local/lib/python3.8/site-packages/airflow/example_dags/example_branch_operator.py
[2025-02-20T20:05:41.080+0000] {processor.py:840} INFO - DAG(s) 'example_branch_operator' retrieved from /home/airflow/.local/lib/python3.8/site-packages/airflow/example_dags/example_branch_operator.py
[2025-02-20T20:05:43.001+0000] {logging_mixin.py:188} INFO - [2025-02-20T20:05:43.000+0000] {dag.py:3036} INFO - Sync 1 DAGs
[2025-02-20T20:05:43.393+0000] {logging_mixin.py:188} INFO - [2025-02-20T20:05:43.391+0000] {dag.py:3823} INFO - Setting next_dagrun for example_branch_operator to 2025-02-19 00:00:00+00:00, run_after=2025-02-20 00:00:00+00:00
[2025-02-20T20:05:43.852+0000] {processor.py:183} INFO - Processing /home/airflow/.local/lib/python3.8/site-packages/airflow/example_dags/example_branch_operator.py took 4.053 seconds
[2025-02-20T20:18:57.175+0000] {processor.py:161} INFO - Started process (PID=3669) to work on /home/airflow/.local/lib/python3.8/site-packages/airflow/example_dags/example_branch_operator.py
[2025-02-20T20:18:57.177+0000] {processor.py:830} INFO - Processing file /home/airflow/.local/lib/python3.8/site-packages/airflow/example_dags/example_branch_operator.py for tasks to queue
[2025-02-20T20:18:57.180+0000] {logging_mixin.py:188} INFO - [2025-02-20T20:18:57.180+0000] {dagbag.py:538} INFO - Filling up the DagBag from /home/airflow/.local/lib/python3.8/site-packages/airflow/example_dags/example_branch_operator.py
[2025-02-20T20:18:57.214+0000] {processor.py:840} INFO - DAG(s) 'example_branch_operator' retrieved from /home/airflow/.local/lib/python3.8/site-packages/airflow/example_dags/example_branch_operator.py
[2025-02-20T20:18:57.277+0000] {logging_mixin.py:188} INFO - [2025-02-20T20:18:57.276+0000] {dag.py:3036} INFO - Sync 1 DAGs
[2025-02-20T20:18:57.325+0000] {logging_mixin.py:188} INFO - [2025-02-20T20:18:57.324+0000] {dag.py:3823} INFO - Setting next_dagrun for example_branch_operator to 2025-02-19 00:00:00+00:00, run_after=2025-02-20 00:00:00+00:00
[2025-02-20T20:18:57.362+0000] {processor.py:183} INFO - Processing /home/airflow/.local/lib/python3.8/site-packages/airflow/example_dags/example_branch_operator.py took 0.194 seconds
[2025-02-20T20:19:27.994+0000] {processor.py:161} INFO - Started process (PID=3726) to work on /home/airflow/.local/lib/python3.8/site-packages/airflow/example_dags/example_branch_operator.py
[2025-02-20T20:19:27.996+0000] {processor.py:830} INFO - Processing file /home/airflow/.local/lib/python3.8/site-packages/airflow/example_dags/example_branch_operator.py for tasks to queue
[2025-02-20T20:19:28.000+0000] {logging_mixin.py:188} INFO - [2025-02-20T20:19:27.999+0000] {dagbag.py:538} INFO - Filling up the DagBag from /home/airflow/.local/lib/python3.8/site-packages/airflow/example_dags/example_branch_operator.py
[2025-02-20T20:19:28.035+0000] {processor.py:840} INFO - DAG(s) 'example_branch_operator' retrieved from /home/airflow/.local/lib/python3.8/site-packages/airflow/example_dags/example_branch_operator.py
[2025-02-20T20:19:28.090+0000] {logging_mixin.py:188} INFO - [2025-02-20T20:19:28.089+0000] {dag.py:3036} INFO - Sync 1 DAGs
[2025-02-20T20:19:28.128+0000] {logging_mixin.py:188} INFO - [2025-02-20T20:19:28.128+0000] {dag.py:3823} INFO - Setting next_dagrun for example_branch_operator to 2025-02-19 00:00:00+00:00, run_after=2025-02-20 00:00:00+00:00
[2025-02-20T20:19:28.162+0000] {processor.py:183} INFO - Processing /home/airflow/.local/lib/python3.8/site-packages/airflow/example_dags/example_branch_operator.py took 0.174 seconds
[2025-02-20T22:14:24.150+0000] {processor.py:161} INFO - Started process (PID=3767) to work on /home/airflow/.local/lib/python3.8/site-packages/airflow/example_dags/example_branch_operator.py
[2025-02-20T22:14:24.153+0000] {processor.py:830} INFO - Processing file /home/airflow/.local/lib/python3.8/site-packages/airflow/example_dags/example_branch_operator.py for tasks to queue
[2025-02-20T22:14:24.158+0000] {logging_mixin.py:188} INFO - [2025-02-20T22:14:24.157+0000] {dagbag.py:538} INFO - Filling up the DagBag from /home/airflow/.local/lib/python3.8/site-packages/airflow/example_dags/example_branch_operator.py
[2025-02-20T22:14:24.236+0000] {processor.py:840} INFO - DAG(s) 'example_branch_operator' retrieved from /home/airflow/.local/lib/python3.8/site-packages/airflow/example_dags/example_branch_operator.py
[2025-02-20T22:14:24.316+0000] {logging_mixin.py:188} INFO - [2025-02-20T22:14:24.315+0000] {dag.py:3036} INFO - Sync 1 DAGs
[2025-02-20T22:14:24.361+0000] {logging_mixin.py:188} INFO - [2025-02-20T22:14:24.360+0000] {dag.py:3823} INFO - Setting next_dagrun for example_branch_operator to 2025-02-19 00:00:00+00:00, run_after=2025-02-20 00:00:00+00:00
[2025-02-20T22:14:24.419+0000] {processor.py:183} INFO - Processing /home/airflow/.local/lib/python3.8/site-packages/airflow/example_dags/example_branch_operator.py took 0.274 seconds
