[2025-02-20T13:46:00.601+0000] {processor.py:161} INFO - Started process (PID=96) to work on /home/airflow/.local/lib/python3.8/site-packages/airflow/example_dags/example_xcomargs.py
[2025-02-20T13:46:00.606+0000] {processor.py:830} INFO - Processing file /home/airflow/.local/lib/python3.8/site-packages/airflow/example_dags/example_xcomargs.py for tasks to queue
[2025-02-20T13:46:00.618+0000] {logging_mixin.py:188} INFO - [2025-02-20T13:46:00.617+0000] {dagbag.py:538} INFO - Filling up the DagBag from /home/airflow/.local/lib/python3.8/site-packages/airflow/example_dags/example_xcomargs.py
[2025-02-20T13:46:00.686+0000] {processor.py:840} INFO - DAG(s) 'example_xcom_args', 'example_xcom_args_with_operators' retrieved from /home/airflow/.local/lib/python3.8/site-packages/airflow/example_dags/example_xcomargs.py
[2025-02-20T13:46:00.775+0000] {logging_mixin.py:188} INFO - [2025-02-20T13:46:00.775+0000] {dag.py:3036} INFO - Sync 2 DAGs
[2025-02-20T13:46:00.815+0000] {logging_mixin.py:188} INFO - [2025-02-20T13:46:00.814+0000] {dag.py:3823} INFO - Setting next_dagrun for example_xcom_args to None, run_after=None
[2025-02-20T13:46:00.840+0000] {logging_mixin.py:188} INFO - [2025-02-20T13:46:00.838+0000] {dag.py:3823} INFO - Setting next_dagrun for example_xcom_args_with_operators to None, run_after=None
[2025-02-20T13:46:00.916+0000] {processor.py:183} INFO - Processing /home/airflow/.local/lib/python3.8/site-packages/airflow/example_dags/example_xcomargs.py took 0.347 seconds
[2025-02-20T13:46:31.010+0000] {processor.py:161} INFO - Started process (PID=160) to work on /home/airflow/.local/lib/python3.8/site-packages/airflow/example_dags/example_xcomargs.py
[2025-02-20T13:46:31.013+0000] {processor.py:830} INFO - Processing file /home/airflow/.local/lib/python3.8/site-packages/airflow/example_dags/example_xcomargs.py for tasks to queue
[2025-02-20T13:46:31.015+0000] {logging_mixin.py:188} INFO - [2025-02-20T13:46:31.015+0000] {dagbag.py:538} INFO - Filling up the DagBag from /home/airflow/.local/lib/python3.8/site-packages/airflow/example_dags/example_xcomargs.py
[2025-02-20T13:46:31.027+0000] {processor.py:840} INFO - DAG(s) 'example_xcom_args_with_operators', 'example_xcom_args' retrieved from /home/airflow/.local/lib/python3.8/site-packages/airflow/example_dags/example_xcomargs.py
[2025-02-20T13:46:31.056+0000] {logging_mixin.py:188} INFO - [2025-02-20T13:46:31.055+0000] {dag.py:3036} INFO - Sync 2 DAGs
[2025-02-20T13:46:31.070+0000] {logging_mixin.py:188} INFO - [2025-02-20T13:46:31.069+0000] {dag.py:3823} INFO - Setting next_dagrun for example_xcom_args to None, run_after=None
[2025-02-20T13:46:31.075+0000] {logging_mixin.py:188} INFO - [2025-02-20T13:46:31.074+0000] {dag.py:3823} INFO - Setting next_dagrun for example_xcom_args_with_operators to None, run_after=None
[2025-02-20T13:46:31.094+0000] {processor.py:183} INFO - Processing /home/airflow/.local/lib/python3.8/site-packages/airflow/example_dags/example_xcomargs.py took 0.089 seconds
[2025-02-20T13:47:01.721+0000] {processor.py:161} INFO - Started process (PID=226) to work on /home/airflow/.local/lib/python3.8/site-packages/airflow/example_dags/example_xcomargs.py
[2025-02-20T13:47:01.724+0000] {processor.py:830} INFO - Processing file /home/airflow/.local/lib/python3.8/site-packages/airflow/example_dags/example_xcomargs.py for tasks to queue
[2025-02-20T13:47:01.728+0000] {logging_mixin.py:188} INFO - [2025-02-20T13:47:01.727+0000] {dagbag.py:538} INFO - Filling up the DagBag from /home/airflow/.local/lib/python3.8/site-packages/airflow/example_dags/example_xcomargs.py
[2025-02-20T13:47:01.754+0000] {processor.py:840} INFO - DAG(s) 'example_xcom_args', 'example_xcom_args_with_operators' retrieved from /home/airflow/.local/lib/python3.8/site-packages/airflow/example_dags/example_xcomargs.py
[2025-02-20T13:47:01.804+0000] {logging_mixin.py:188} INFO - [2025-02-20T13:47:01.803+0000] {dag.py:3036} INFO - Sync 2 DAGs
[2025-02-20T13:47:01.827+0000] {logging_mixin.py:188} INFO - [2025-02-20T13:47:01.827+0000] {dag.py:3823} INFO - Setting next_dagrun for example_xcom_args to None, run_after=None
[2025-02-20T13:47:01.835+0000] {logging_mixin.py:188} INFO - [2025-02-20T13:47:01.835+0000] {dag.py:3823} INFO - Setting next_dagrun for example_xcom_args_with_operators to None, run_after=None
[2025-02-20T13:47:01.940+0000] {processor.py:183} INFO - Processing /home/airflow/.local/lib/python3.8/site-packages/airflow/example_dags/example_xcomargs.py took 0.224 seconds
[2025-02-20T13:47:32.815+0000] {processor.py:161} INFO - Started process (PID=292) to work on /home/airflow/.local/lib/python3.8/site-packages/airflow/example_dags/example_xcomargs.py
[2025-02-20T13:47:32.816+0000] {processor.py:830} INFO - Processing file /home/airflow/.local/lib/python3.8/site-packages/airflow/example_dags/example_xcomargs.py for tasks to queue
[2025-02-20T13:47:32.819+0000] {logging_mixin.py:188} INFO - [2025-02-20T13:47:32.818+0000] {dagbag.py:538} INFO - Filling up the DagBag from /home/airflow/.local/lib/python3.8/site-packages/airflow/example_dags/example_xcomargs.py
[2025-02-20T13:47:32.834+0000] {processor.py:840} INFO - DAG(s) 'example_xcom_args_with_operators', 'example_xcom_args' retrieved from /home/airflow/.local/lib/python3.8/site-packages/airflow/example_dags/example_xcomargs.py
[2025-02-20T13:47:32.876+0000] {logging_mixin.py:188} INFO - [2025-02-20T13:47:32.876+0000] {dag.py:3036} INFO - Sync 2 DAGs
[2025-02-20T13:47:32.901+0000] {logging_mixin.py:188} INFO - [2025-02-20T13:47:32.900+0000] {dag.py:3823} INFO - Setting next_dagrun for example_xcom_args to None, run_after=None
[2025-02-20T13:47:32.906+0000] {logging_mixin.py:188} INFO - [2025-02-20T13:47:32.906+0000] {dag.py:3823} INFO - Setting next_dagrun for example_xcom_args_with_operators to None, run_after=None
[2025-02-20T13:47:32.927+0000] {processor.py:183} INFO - Processing /home/airflow/.local/lib/python3.8/site-packages/airflow/example_dags/example_xcomargs.py took 0.118 seconds
[2025-02-20T13:48:03.162+0000] {processor.py:161} INFO - Started process (PID=356) to work on /home/airflow/.local/lib/python3.8/site-packages/airflow/example_dags/example_xcomargs.py
[2025-02-20T13:48:03.163+0000] {processor.py:830} INFO - Processing file /home/airflow/.local/lib/python3.8/site-packages/airflow/example_dags/example_xcomargs.py for tasks to queue
[2025-02-20T13:48:03.166+0000] {logging_mixin.py:188} INFO - [2025-02-20T13:48:03.166+0000] {dagbag.py:538} INFO - Filling up the DagBag from /home/airflow/.local/lib/python3.8/site-packages/airflow/example_dags/example_xcomargs.py
[2025-02-20T13:48:03.180+0000] {processor.py:840} INFO - DAG(s) 'example_xcom_args_with_operators', 'example_xcom_args' retrieved from /home/airflow/.local/lib/python3.8/site-packages/airflow/example_dags/example_xcomargs.py
[2025-02-20T13:48:03.221+0000] {logging_mixin.py:188} INFO - [2025-02-20T13:48:03.221+0000] {dag.py:3036} INFO - Sync 2 DAGs
[2025-02-20T13:48:03.239+0000] {logging_mixin.py:188} INFO - [2025-02-20T13:48:03.238+0000] {dag.py:3823} INFO - Setting next_dagrun for example_xcom_args to None, run_after=None
[2025-02-20T13:48:03.244+0000] {logging_mixin.py:188} INFO - [2025-02-20T13:48:03.244+0000] {dag.py:3823} INFO - Setting next_dagrun for example_xcom_args_with_operators to None, run_after=None
[2025-02-20T13:48:03.266+0000] {processor.py:183} INFO - Processing /home/airflow/.local/lib/python3.8/site-packages/airflow/example_dags/example_xcomargs.py took 0.115 seconds
[2025-02-20T13:48:34.525+0000] {processor.py:161} INFO - Started process (PID=420) to work on /home/airflow/.local/lib/python3.8/site-packages/airflow/example_dags/example_xcomargs.py
[2025-02-20T13:48:34.527+0000] {processor.py:830} INFO - Processing file /home/airflow/.local/lib/python3.8/site-packages/airflow/example_dags/example_xcomargs.py for tasks to queue
[2025-02-20T13:48:34.531+0000] {logging_mixin.py:188} INFO - [2025-02-20T13:48:34.531+0000] {dagbag.py:538} INFO - Filling up the DagBag from /home/airflow/.local/lib/python3.8/site-packages/airflow/example_dags/example_xcomargs.py
[2025-02-20T13:48:34.554+0000] {processor.py:840} INFO - DAG(s) 'example_xcom_args_with_operators', 'example_xcom_args' retrieved from /home/airflow/.local/lib/python3.8/site-packages/airflow/example_dags/example_xcomargs.py
[2025-02-20T13:48:34.624+0000] {logging_mixin.py:188} INFO - [2025-02-20T13:48:34.623+0000] {dag.py:3036} INFO - Sync 2 DAGs
[2025-02-20T13:48:34.761+0000] {logging_mixin.py:188} INFO - [2025-02-20T13:48:34.761+0000] {dag.py:3823} INFO - Setting next_dagrun for example_xcom_args to None, run_after=None
[2025-02-20T13:48:34.791+0000] {logging_mixin.py:188} INFO - [2025-02-20T13:48:34.790+0000] {dag.py:3823} INFO - Setting next_dagrun for example_xcom_args_with_operators to None, run_after=None
[2025-02-20T13:48:34.874+0000] {processor.py:183} INFO - Processing /home/airflow/.local/lib/python3.8/site-packages/airflow/example_dags/example_xcomargs.py took 0.357 seconds
[2025-02-20T13:49:05.806+0000] {processor.py:161} INFO - Started process (PID=485) to work on /home/airflow/.local/lib/python3.8/site-packages/airflow/example_dags/example_xcomargs.py
[2025-02-20T13:49:05.807+0000] {processor.py:830} INFO - Processing file /home/airflow/.local/lib/python3.8/site-packages/airflow/example_dags/example_xcomargs.py for tasks to queue
[2025-02-20T13:49:05.810+0000] {logging_mixin.py:188} INFO - [2025-02-20T13:49:05.810+0000] {dagbag.py:538} INFO - Filling up the DagBag from /home/airflow/.local/lib/python3.8/site-packages/airflow/example_dags/example_xcomargs.py
[2025-02-20T13:49:05.828+0000] {processor.py:840} INFO - DAG(s) 'example_xcom_args_with_operators', 'example_xcom_args' retrieved from /home/airflow/.local/lib/python3.8/site-packages/airflow/example_dags/example_xcomargs.py
[2025-02-20T13:49:06.043+0000] {logging_mixin.py:188} INFO - [2025-02-20T13:49:06.042+0000] {dag.py:3036} INFO - Sync 2 DAGs
[2025-02-20T13:49:06.123+0000] {logging_mixin.py:188} INFO - [2025-02-20T13:49:06.122+0000] {dag.py:3823} INFO - Setting next_dagrun for example_xcom_args to None, run_after=None
[2025-02-20T13:49:06.133+0000] {logging_mixin.py:188} INFO - [2025-02-20T13:49:06.132+0000] {dag.py:3823} INFO - Setting next_dagrun for example_xcom_args_with_operators to None, run_after=None
[2025-02-20T13:49:06.180+0000] {processor.py:183} INFO - Processing /home/airflow/.local/lib/python3.8/site-packages/airflow/example_dags/example_xcomargs.py took 0.380 seconds
[2025-02-20T13:49:36.891+0000] {processor.py:161} INFO - Started process (PID=550) to work on /home/airflow/.local/lib/python3.8/site-packages/airflow/example_dags/example_xcomargs.py
[2025-02-20T13:49:36.901+0000] {processor.py:830} INFO - Processing file /home/airflow/.local/lib/python3.8/site-packages/airflow/example_dags/example_xcomargs.py for tasks to queue
[2025-02-20T13:49:36.905+0000] {logging_mixin.py:188} INFO - [2025-02-20T13:49:36.904+0000] {dagbag.py:538} INFO - Filling up the DagBag from /home/airflow/.local/lib/python3.8/site-packages/airflow/example_dags/example_xcomargs.py
[2025-02-20T13:49:36.928+0000] {processor.py:840} INFO - DAG(s) 'example_xcom_args_with_operators', 'example_xcom_args' retrieved from /home/airflow/.local/lib/python3.8/site-packages/airflow/example_dags/example_xcomargs.py
[2025-02-20T13:49:37.005+0000] {logging_mixin.py:188} INFO - [2025-02-20T13:49:37.005+0000] {dag.py:3036} INFO - Sync 2 DAGs
[2025-02-20T13:49:37.070+0000] {logging_mixin.py:188} INFO - [2025-02-20T13:49:37.070+0000] {dag.py:3823} INFO - Setting next_dagrun for example_xcom_args to None, run_after=None
[2025-02-20T13:49:37.078+0000] {logging_mixin.py:188} INFO - [2025-02-20T13:49:37.078+0000] {dag.py:3823} INFO - Setting next_dagrun for example_xcom_args_with_operators to None, run_after=None
[2025-02-20T13:49:37.122+0000] {processor.py:183} INFO - Processing /home/airflow/.local/lib/python3.8/site-packages/airflow/example_dags/example_xcomargs.py took 0.250 seconds
[2025-02-20T13:50:07.293+0000] {processor.py:161} INFO - Started process (PID=608) to work on /home/airflow/.local/lib/python3.8/site-packages/airflow/example_dags/example_xcomargs.py
[2025-02-20T13:50:07.296+0000] {processor.py:830} INFO - Processing file /home/airflow/.local/lib/python3.8/site-packages/airflow/example_dags/example_xcomargs.py for tasks to queue
[2025-02-20T13:50:07.299+0000] {logging_mixin.py:188} INFO - [2025-02-20T13:50:07.298+0000] {dagbag.py:538} INFO - Filling up the DagBag from /home/airflow/.local/lib/python3.8/site-packages/airflow/example_dags/example_xcomargs.py
[2025-02-20T13:50:07.313+0000] {processor.py:840} INFO - DAG(s) 'example_xcom_args_with_operators', 'example_xcom_args' retrieved from /home/airflow/.local/lib/python3.8/site-packages/airflow/example_dags/example_xcomargs.py
[2025-02-20T13:50:07.355+0000] {logging_mixin.py:188} INFO - [2025-02-20T13:50:07.355+0000] {dag.py:3036} INFO - Sync 2 DAGs
[2025-02-20T13:50:07.371+0000] {logging_mixin.py:188} INFO - [2025-02-20T13:50:07.371+0000] {dag.py:3823} INFO - Setting next_dagrun for example_xcom_args to None, run_after=None
[2025-02-20T13:50:07.375+0000] {logging_mixin.py:188} INFO - [2025-02-20T13:50:07.375+0000] {dag.py:3823} INFO - Setting next_dagrun for example_xcom_args_with_operators to None, run_after=None
[2025-02-20T13:50:07.396+0000] {processor.py:183} INFO - Processing /home/airflow/.local/lib/python3.8/site-packages/airflow/example_dags/example_xcomargs.py took 0.107 seconds
[2025-02-20T13:50:39.108+0000] {processor.py:161} INFO - Started process (PID=673) to work on /home/airflow/.local/lib/python3.8/site-packages/airflow/example_dags/example_xcomargs.py
[2025-02-20T13:50:39.110+0000] {processor.py:830} INFO - Processing file /home/airflow/.local/lib/python3.8/site-packages/airflow/example_dags/example_xcomargs.py for tasks to queue
[2025-02-20T13:50:39.122+0000] {logging_mixin.py:188} INFO - [2025-02-20T13:50:39.121+0000] {dagbag.py:538} INFO - Filling up the DagBag from /home/airflow/.local/lib/python3.8/site-packages/airflow/example_dags/example_xcomargs.py
[2025-02-20T13:50:39.177+0000] {processor.py:840} INFO - DAG(s) 'example_xcom_args_with_operators', 'example_xcom_args' retrieved from /home/airflow/.local/lib/python3.8/site-packages/airflow/example_dags/example_xcomargs.py
[2025-02-20T13:50:39.382+0000] {logging_mixin.py:188} INFO - [2025-02-20T13:50:39.381+0000] {dag.py:3036} INFO - Sync 2 DAGs
[2025-02-20T13:50:39.417+0000] {logging_mixin.py:188} INFO - [2025-02-20T13:50:39.417+0000] {dag.py:3823} INFO - Setting next_dagrun for example_xcom_args to None, run_after=None
[2025-02-20T13:50:39.424+0000] {logging_mixin.py:188} INFO - [2025-02-20T13:50:39.424+0000] {dag.py:3823} INFO - Setting next_dagrun for example_xcom_args_with_operators to None, run_after=None
[2025-02-20T13:50:39.461+0000] {processor.py:183} INFO - Processing /home/airflow/.local/lib/python3.8/site-packages/airflow/example_dags/example_xcomargs.py took 0.373 seconds
[2025-02-20T13:51:09.604+0000] {processor.py:161} INFO - Started process (PID=745) to work on /home/airflow/.local/lib/python3.8/site-packages/airflow/example_dags/example_xcomargs.py
[2025-02-20T13:51:09.606+0000] {processor.py:830} INFO - Processing file /home/airflow/.local/lib/python3.8/site-packages/airflow/example_dags/example_xcomargs.py for tasks to queue
[2025-02-20T13:51:09.609+0000] {logging_mixin.py:188} INFO - [2025-02-20T13:51:09.609+0000] {dagbag.py:538} INFO - Filling up the DagBag from /home/airflow/.local/lib/python3.8/site-packages/airflow/example_dags/example_xcomargs.py
[2025-02-20T13:51:09.627+0000] {processor.py:840} INFO - DAG(s) 'example_xcom_args', 'example_xcom_args_with_operators' retrieved from /home/airflow/.local/lib/python3.8/site-packages/airflow/example_dags/example_xcomargs.py
[2025-02-20T13:51:09.692+0000] {logging_mixin.py:188} INFO - [2025-02-20T13:51:09.691+0000] {dag.py:3036} INFO - Sync 2 DAGs
[2025-02-20T13:51:09.748+0000] {logging_mixin.py:188} INFO - [2025-02-20T13:51:09.748+0000] {dag.py:3823} INFO - Setting next_dagrun for example_xcom_args to None, run_after=None
[2025-02-20T13:51:09.780+0000] {logging_mixin.py:188} INFO - [2025-02-20T13:51:09.779+0000] {dag.py:3823} INFO - Setting next_dagrun for example_xcom_args_with_operators to None, run_after=None
[2025-02-20T13:51:09.853+0000] {processor.py:183} INFO - Processing /home/airflow/.local/lib/python3.8/site-packages/airflow/example_dags/example_xcomargs.py took 0.255 seconds
[2025-02-20T13:51:40.261+0000] {processor.py:161} INFO - Started process (PID=810) to work on /home/airflow/.local/lib/python3.8/site-packages/airflow/example_dags/example_xcomargs.py
[2025-02-20T13:51:40.264+0000] {processor.py:830} INFO - Processing file /home/airflow/.local/lib/python3.8/site-packages/airflow/example_dags/example_xcomargs.py for tasks to queue
[2025-02-20T13:51:40.269+0000] {logging_mixin.py:188} INFO - [2025-02-20T13:51:40.269+0000] {dagbag.py:538} INFO - Filling up the DagBag from /home/airflow/.local/lib/python3.8/site-packages/airflow/example_dags/example_xcomargs.py
[2025-02-20T13:51:40.282+0000] {processor.py:840} INFO - DAG(s) 'example_xcom_args', 'example_xcom_args_with_operators' retrieved from /home/airflow/.local/lib/python3.8/site-packages/airflow/example_dags/example_xcomargs.py
[2025-02-20T13:51:40.324+0000] {logging_mixin.py:188} INFO - [2025-02-20T13:51:40.323+0000] {dag.py:3036} INFO - Sync 2 DAGs
[2025-02-20T13:51:40.352+0000] {logging_mixin.py:188} INFO - [2025-02-20T13:51:40.351+0000] {dag.py:3823} INFO - Setting next_dagrun for example_xcom_args to None, run_after=None
[2025-02-20T13:51:40.361+0000] {logging_mixin.py:188} INFO - [2025-02-20T13:51:40.360+0000] {dag.py:3823} INFO - Setting next_dagrun for example_xcom_args_with_operators to None, run_after=None
[2025-02-20T13:51:40.513+0000] {processor.py:183} INFO - Processing /home/airflow/.local/lib/python3.8/site-packages/airflow/example_dags/example_xcomargs.py took 0.256 seconds
[2025-02-20T13:52:10.802+0000] {processor.py:161} INFO - Started process (PID=874) to work on /home/airflow/.local/lib/python3.8/site-packages/airflow/example_dags/example_xcomargs.py
[2025-02-20T13:52:10.804+0000] {processor.py:830} INFO - Processing file /home/airflow/.local/lib/python3.8/site-packages/airflow/example_dags/example_xcomargs.py for tasks to queue
[2025-02-20T13:52:10.811+0000] {logging_mixin.py:188} INFO - [2025-02-20T13:52:10.811+0000] {dagbag.py:538} INFO - Filling up the DagBag from /home/airflow/.local/lib/python3.8/site-packages/airflow/example_dags/example_xcomargs.py
[2025-02-20T13:52:10.831+0000] {processor.py:840} INFO - DAG(s) 'example_xcom_args', 'example_xcom_args_with_operators' retrieved from /home/airflow/.local/lib/python3.8/site-packages/airflow/example_dags/example_xcomargs.py
[2025-02-20T13:52:10.882+0000] {logging_mixin.py:188} INFO - [2025-02-20T13:52:10.882+0000] {dag.py:3036} INFO - Sync 2 DAGs
[2025-02-20T13:52:10.914+0000] {logging_mixin.py:188} INFO - [2025-02-20T13:52:10.913+0000] {dag.py:3823} INFO - Setting next_dagrun for example_xcom_args to None, run_after=None
[2025-02-20T13:52:10.922+0000] {logging_mixin.py:188} INFO - [2025-02-20T13:52:10.921+0000] {dag.py:3823} INFO - Setting next_dagrun for example_xcom_args_with_operators to None, run_after=None
[2025-02-20T13:52:11.005+0000] {processor.py:183} INFO - Processing /home/airflow/.local/lib/python3.8/site-packages/airflow/example_dags/example_xcomargs.py took 0.208 seconds
[2025-02-20T13:52:41.480+0000] {processor.py:161} INFO - Started process (PID=939) to work on /home/airflow/.local/lib/python3.8/site-packages/airflow/example_dags/example_xcomargs.py
[2025-02-20T13:52:41.482+0000] {processor.py:830} INFO - Processing file /home/airflow/.local/lib/python3.8/site-packages/airflow/example_dags/example_xcomargs.py for tasks to queue
[2025-02-20T13:52:41.485+0000] {logging_mixin.py:188} INFO - [2025-02-20T13:52:41.485+0000] {dagbag.py:538} INFO - Filling up the DagBag from /home/airflow/.local/lib/python3.8/site-packages/airflow/example_dags/example_xcomargs.py
[2025-02-20T13:52:41.496+0000] {processor.py:840} INFO - DAG(s) 'example_xcom_args', 'example_xcom_args_with_operators' retrieved from /home/airflow/.local/lib/python3.8/site-packages/airflow/example_dags/example_xcomargs.py
[2025-02-20T13:52:41.543+0000] {logging_mixin.py:188} INFO - [2025-02-20T13:52:41.542+0000] {dag.py:3036} INFO - Sync 2 DAGs
[2025-02-20T13:52:41.567+0000] {logging_mixin.py:188} INFO - [2025-02-20T13:52:41.567+0000] {dag.py:3823} INFO - Setting next_dagrun for example_xcom_args to None, run_after=None
[2025-02-20T13:52:41.580+0000] {logging_mixin.py:188} INFO - [2025-02-20T13:52:41.579+0000] {dag.py:3823} INFO - Setting next_dagrun for example_xcom_args_with_operators to None, run_after=None
[2025-02-20T13:52:41.618+0000] {processor.py:183} INFO - Processing /home/airflow/.local/lib/python3.8/site-packages/airflow/example_dags/example_xcomargs.py took 0.143 seconds
[2025-02-20T13:53:12.895+0000] {processor.py:161} INFO - Started process (PID=1004) to work on /home/airflow/.local/lib/python3.8/site-packages/airflow/example_dags/example_xcomargs.py
[2025-02-20T13:53:12.898+0000] {processor.py:830} INFO - Processing file /home/airflow/.local/lib/python3.8/site-packages/airflow/example_dags/example_xcomargs.py for tasks to queue
[2025-02-20T13:53:12.910+0000] {logging_mixin.py:188} INFO - [2025-02-20T13:53:12.904+0000] {dagbag.py:538} INFO - Filling up the DagBag from /home/airflow/.local/lib/python3.8/site-packages/airflow/example_dags/example_xcomargs.py
[2025-02-20T13:53:12.964+0000] {processor.py:840} INFO - DAG(s) 'example_xcom_args_with_operators', 'example_xcom_args' retrieved from /home/airflow/.local/lib/python3.8/site-packages/airflow/example_dags/example_xcomargs.py
[2025-02-20T13:53:13.020+0000] {logging_mixin.py:188} INFO - [2025-02-20T13:53:13.019+0000] {dag.py:3036} INFO - Sync 2 DAGs
[2025-02-20T13:53:13.052+0000] {logging_mixin.py:188} INFO - [2025-02-20T13:53:13.052+0000] {dag.py:3823} INFO - Setting next_dagrun for example_xcom_args to None, run_after=None
[2025-02-20T13:53:13.063+0000] {logging_mixin.py:188} INFO - [2025-02-20T13:53:13.062+0000] {dag.py:3823} INFO - Setting next_dagrun for example_xcom_args_with_operators to None, run_after=None
[2025-02-20T13:53:13.112+0000] {processor.py:183} INFO - Processing /home/airflow/.local/lib/python3.8/site-packages/airflow/example_dags/example_xcomargs.py took 0.231 seconds
[2025-02-20T13:53:43.909+0000] {processor.py:161} INFO - Started process (PID=1069) to work on /home/airflow/.local/lib/python3.8/site-packages/airflow/example_dags/example_xcomargs.py
[2025-02-20T13:53:43.910+0000] {processor.py:830} INFO - Processing file /home/airflow/.local/lib/python3.8/site-packages/airflow/example_dags/example_xcomargs.py for tasks to queue
[2025-02-20T13:53:43.913+0000] {logging_mixin.py:188} INFO - [2025-02-20T13:53:43.912+0000] {dagbag.py:538} INFO - Filling up the DagBag from /home/airflow/.local/lib/python3.8/site-packages/airflow/example_dags/example_xcomargs.py
[2025-02-20T13:53:43.926+0000] {processor.py:840} INFO - DAG(s) 'example_xcom_args_with_operators', 'example_xcom_args' retrieved from /home/airflow/.local/lib/python3.8/site-packages/airflow/example_dags/example_xcomargs.py
[2025-02-20T13:53:43.971+0000] {logging_mixin.py:188} INFO - [2025-02-20T13:53:43.970+0000] {dag.py:3036} INFO - Sync 2 DAGs
[2025-02-20T13:53:44.011+0000] {logging_mixin.py:188} INFO - [2025-02-20T13:53:44.011+0000] {dag.py:3823} INFO - Setting next_dagrun for example_xcom_args to None, run_after=None
[2025-02-20T13:53:44.017+0000] {logging_mixin.py:188} INFO - [2025-02-20T13:53:44.017+0000] {dag.py:3823} INFO - Setting next_dagrun for example_xcom_args_with_operators to None, run_after=None
[2025-02-20T13:53:44.056+0000] {processor.py:183} INFO - Processing /home/airflow/.local/lib/python3.8/site-packages/airflow/example_dags/example_xcomargs.py took 0.153 seconds
[2025-02-20T13:54:14.300+0000] {processor.py:161} INFO - Started process (PID=1134) to work on /home/airflow/.local/lib/python3.8/site-packages/airflow/example_dags/example_xcomargs.py
[2025-02-20T13:54:14.302+0000] {processor.py:830} INFO - Processing file /home/airflow/.local/lib/python3.8/site-packages/airflow/example_dags/example_xcomargs.py for tasks to queue
[2025-02-20T13:54:14.307+0000] {logging_mixin.py:188} INFO - [2025-02-20T13:54:14.307+0000] {dagbag.py:538} INFO - Filling up the DagBag from /home/airflow/.local/lib/python3.8/site-packages/airflow/example_dags/example_xcomargs.py
[2025-02-20T13:54:14.323+0000] {processor.py:840} INFO - DAG(s) 'example_xcom_args', 'example_xcom_args_with_operators' retrieved from /home/airflow/.local/lib/python3.8/site-packages/airflow/example_dags/example_xcomargs.py
[2025-02-20T13:54:14.393+0000] {logging_mixin.py:188} INFO - [2025-02-20T13:54:14.392+0000] {dag.py:3036} INFO - Sync 2 DAGs
[2025-02-20T13:54:14.420+0000] {logging_mixin.py:188} INFO - [2025-02-20T13:54:14.419+0000] {dag.py:3823} INFO - Setting next_dagrun for example_xcom_args to None, run_after=None
[2025-02-20T13:54:14.437+0000] {logging_mixin.py:188} INFO - [2025-02-20T13:54:14.437+0000] {dag.py:3823} INFO - Setting next_dagrun for example_xcom_args_with_operators to None, run_after=None
[2025-02-20T13:54:14.470+0000] {processor.py:183} INFO - Processing /home/airflow/.local/lib/python3.8/site-packages/airflow/example_dags/example_xcomargs.py took 0.175 seconds
[2025-02-20T13:54:44.582+0000] {processor.py:161} INFO - Started process (PID=1199) to work on /home/airflow/.local/lib/python3.8/site-packages/airflow/example_dags/example_xcomargs.py
[2025-02-20T13:54:44.584+0000] {processor.py:830} INFO - Processing file /home/airflow/.local/lib/python3.8/site-packages/airflow/example_dags/example_xcomargs.py for tasks to queue
[2025-02-20T13:54:44.586+0000] {logging_mixin.py:188} INFO - [2025-02-20T13:54:44.586+0000] {dagbag.py:538} INFO - Filling up the DagBag from /home/airflow/.local/lib/python3.8/site-packages/airflow/example_dags/example_xcomargs.py
[2025-02-20T13:54:44.598+0000] {processor.py:840} INFO - DAG(s) 'example_xcom_args_with_operators', 'example_xcom_args' retrieved from /home/airflow/.local/lib/python3.8/site-packages/airflow/example_dags/example_xcomargs.py
[2025-02-20T13:54:44.630+0000] {logging_mixin.py:188} INFO - [2025-02-20T13:54:44.629+0000] {dag.py:3036} INFO - Sync 2 DAGs
[2025-02-20T13:54:44.649+0000] {logging_mixin.py:188} INFO - [2025-02-20T13:54:44.649+0000] {dag.py:3823} INFO - Setting next_dagrun for example_xcom_args to None, run_after=None
[2025-02-20T13:54:44.654+0000] {logging_mixin.py:188} INFO - [2025-02-20T13:54:44.654+0000] {dag.py:3823} INFO - Setting next_dagrun for example_xcom_args_with_operators to None, run_after=None
[2025-02-20T13:54:44.679+0000] {processor.py:183} INFO - Processing /home/airflow/.local/lib/python3.8/site-packages/airflow/example_dags/example_xcomargs.py took 0.101 seconds
[2025-02-20T13:55:15.117+0000] {processor.py:161} INFO - Started process (PID=1264) to work on /home/airflow/.local/lib/python3.8/site-packages/airflow/example_dags/example_xcomargs.py
[2025-02-20T13:55:15.119+0000] {processor.py:830} INFO - Processing file /home/airflow/.local/lib/python3.8/site-packages/airflow/example_dags/example_xcomargs.py for tasks to queue
[2025-02-20T13:55:15.121+0000] {logging_mixin.py:188} INFO - [2025-02-20T13:55:15.121+0000] {dagbag.py:538} INFO - Filling up the DagBag from /home/airflow/.local/lib/python3.8/site-packages/airflow/example_dags/example_xcomargs.py
[2025-02-20T13:55:15.132+0000] {processor.py:840} INFO - DAG(s) 'example_xcom_args', 'example_xcom_args_with_operators' retrieved from /home/airflow/.local/lib/python3.8/site-packages/airflow/example_dags/example_xcomargs.py
[2025-02-20T13:55:15.168+0000] {logging_mixin.py:188} INFO - [2025-02-20T13:55:15.168+0000] {dag.py:3036} INFO - Sync 2 DAGs
[2025-02-20T13:55:15.192+0000] {logging_mixin.py:188} INFO - [2025-02-20T13:55:15.191+0000] {dag.py:3823} INFO - Setting next_dagrun for example_xcom_args to None, run_after=None
[2025-02-20T13:55:15.201+0000] {logging_mixin.py:188} INFO - [2025-02-20T13:55:15.200+0000] {dag.py:3823} INFO - Setting next_dagrun for example_xcom_args_with_operators to None, run_after=None
[2025-02-20T13:55:15.248+0000] {processor.py:183} INFO - Processing /home/airflow/.local/lib/python3.8/site-packages/airflow/example_dags/example_xcomargs.py took 0.135 seconds
[2025-02-20T13:55:45.752+0000] {processor.py:161} INFO - Started process (PID=1337) to work on /home/airflow/.local/lib/python3.8/site-packages/airflow/example_dags/example_xcomargs.py
[2025-02-20T13:55:45.753+0000] {processor.py:830} INFO - Processing file /home/airflow/.local/lib/python3.8/site-packages/airflow/example_dags/example_xcomargs.py for tasks to queue
[2025-02-20T13:55:45.755+0000] {logging_mixin.py:188} INFO - [2025-02-20T13:55:45.755+0000] {dagbag.py:538} INFO - Filling up the DagBag from /home/airflow/.local/lib/python3.8/site-packages/airflow/example_dags/example_xcomargs.py
[2025-02-20T13:55:45.769+0000] {processor.py:840} INFO - DAG(s) 'example_xcom_args_with_operators', 'example_xcom_args' retrieved from /home/airflow/.local/lib/python3.8/site-packages/airflow/example_dags/example_xcomargs.py
[2025-02-20T13:55:45.809+0000] {logging_mixin.py:188} INFO - [2025-02-20T13:55:45.808+0000] {dag.py:3036} INFO - Sync 2 DAGs
[2025-02-20T13:55:45.824+0000] {logging_mixin.py:188} INFO - [2025-02-20T13:55:45.824+0000] {dag.py:3823} INFO - Setting next_dagrun for example_xcom_args to None, run_after=None
[2025-02-20T13:55:45.831+0000] {logging_mixin.py:188} INFO - [2025-02-20T13:55:45.830+0000] {dag.py:3823} INFO - Setting next_dagrun for example_xcom_args_with_operators to None, run_after=None
[2025-02-20T13:55:45.857+0000] {processor.py:183} INFO - Processing /home/airflow/.local/lib/python3.8/site-packages/airflow/example_dags/example_xcomargs.py took 0.110 seconds
[2025-02-20T13:56:16.291+0000] {processor.py:161} INFO - Started process (PID=1402) to work on /home/airflow/.local/lib/python3.8/site-packages/airflow/example_dags/example_xcomargs.py
[2025-02-20T13:56:16.292+0000] {processor.py:830} INFO - Processing file /home/airflow/.local/lib/python3.8/site-packages/airflow/example_dags/example_xcomargs.py for tasks to queue
[2025-02-20T13:56:16.296+0000] {logging_mixin.py:188} INFO - [2025-02-20T13:56:16.296+0000] {dagbag.py:538} INFO - Filling up the DagBag from /home/airflow/.local/lib/python3.8/site-packages/airflow/example_dags/example_xcomargs.py
[2025-02-20T13:56:16.310+0000] {processor.py:840} INFO - DAG(s) 'example_xcom_args', 'example_xcom_args_with_operators' retrieved from /home/airflow/.local/lib/python3.8/site-packages/airflow/example_dags/example_xcomargs.py
[2025-02-20T13:56:16.356+0000] {logging_mixin.py:188} INFO - [2025-02-20T13:56:16.356+0000] {dag.py:3036} INFO - Sync 2 DAGs
[2025-02-20T13:56:16.380+0000] {logging_mixin.py:188} INFO - [2025-02-20T13:56:16.380+0000] {dag.py:3823} INFO - Setting next_dagrun for example_xcom_args to None, run_after=None
[2025-02-20T13:56:16.387+0000] {logging_mixin.py:188} INFO - [2025-02-20T13:56:16.387+0000] {dag.py:3823} INFO - Setting next_dagrun for example_xcom_args_with_operators to None, run_after=None
[2025-02-20T13:56:16.424+0000] {processor.py:183} INFO - Processing /home/airflow/.local/lib/python3.8/site-packages/airflow/example_dags/example_xcomargs.py took 0.138 seconds
[2025-02-20T13:56:46.567+0000] {processor.py:161} INFO - Started process (PID=1467) to work on /home/airflow/.local/lib/python3.8/site-packages/airflow/example_dags/example_xcomargs.py
[2025-02-20T13:56:46.569+0000] {processor.py:830} INFO - Processing file /home/airflow/.local/lib/python3.8/site-packages/airflow/example_dags/example_xcomargs.py for tasks to queue
[2025-02-20T13:56:46.573+0000] {logging_mixin.py:188} INFO - [2025-02-20T13:56:46.573+0000] {dagbag.py:538} INFO - Filling up the DagBag from /home/airflow/.local/lib/python3.8/site-packages/airflow/example_dags/example_xcomargs.py
[2025-02-20T13:56:46.586+0000] {processor.py:840} INFO - DAG(s) 'example_xcom_args_with_operators', 'example_xcom_args' retrieved from /home/airflow/.local/lib/python3.8/site-packages/airflow/example_dags/example_xcomargs.py
[2025-02-20T13:56:46.639+0000] {logging_mixin.py:188} INFO - [2025-02-20T13:56:46.639+0000] {dag.py:3036} INFO - Sync 2 DAGs
[2025-02-20T13:56:46.659+0000] {logging_mixin.py:188} INFO - [2025-02-20T13:56:46.659+0000] {dag.py:3823} INFO - Setting next_dagrun for example_xcom_args to None, run_after=None
[2025-02-20T13:56:46.665+0000] {logging_mixin.py:188} INFO - [2025-02-20T13:56:46.665+0000] {dag.py:3823} INFO - Setting next_dagrun for example_xcom_args_with_operators to None, run_after=None
[2025-02-20T13:56:46.712+0000] {processor.py:183} INFO - Processing /home/airflow/.local/lib/python3.8/site-packages/airflow/example_dags/example_xcomargs.py took 0.149 seconds
[2025-02-20T13:57:16.784+0000] {processor.py:161} INFO - Started process (PID=1532) to work on /home/airflow/.local/lib/python3.8/site-packages/airflow/example_dags/example_xcomargs.py
[2025-02-20T13:57:16.787+0000] {processor.py:830} INFO - Processing file /home/airflow/.local/lib/python3.8/site-packages/airflow/example_dags/example_xcomargs.py for tasks to queue
[2025-02-20T13:57:16.789+0000] {logging_mixin.py:188} INFO - [2025-02-20T13:57:16.789+0000] {dagbag.py:538} INFO - Filling up the DagBag from /home/airflow/.local/lib/python3.8/site-packages/airflow/example_dags/example_xcomargs.py
[2025-02-20T13:57:16.804+0000] {processor.py:840} INFO - DAG(s) 'example_xcom_args', 'example_xcom_args_with_operators' retrieved from /home/airflow/.local/lib/python3.8/site-packages/airflow/example_dags/example_xcomargs.py
[2025-02-20T13:57:16.863+0000] {logging_mixin.py:188} INFO - [2025-02-20T13:57:16.863+0000] {dag.py:3036} INFO - Sync 2 DAGs
[2025-02-20T13:57:16.892+0000] {logging_mixin.py:188} INFO - [2025-02-20T13:57:16.892+0000] {dag.py:3823} INFO - Setting next_dagrun for example_xcom_args to None, run_after=None
[2025-02-20T13:57:16.901+0000] {logging_mixin.py:188} INFO - [2025-02-20T13:57:16.900+0000] {dag.py:3823} INFO - Setting next_dagrun for example_xcom_args_with_operators to None, run_after=None
[2025-02-20T13:57:16.957+0000] {processor.py:183} INFO - Processing /home/airflow/.local/lib/python3.8/site-packages/airflow/example_dags/example_xcomargs.py took 0.179 seconds
[2025-02-20T13:57:47.217+0000] {processor.py:161} INFO - Started process (PID=1596) to work on /home/airflow/.local/lib/python3.8/site-packages/airflow/example_dags/example_xcomargs.py
[2025-02-20T13:57:47.218+0000] {processor.py:830} INFO - Processing file /home/airflow/.local/lib/python3.8/site-packages/airflow/example_dags/example_xcomargs.py for tasks to queue
[2025-02-20T13:57:47.221+0000] {logging_mixin.py:188} INFO - [2025-02-20T13:57:47.220+0000] {dagbag.py:538} INFO - Filling up the DagBag from /home/airflow/.local/lib/python3.8/site-packages/airflow/example_dags/example_xcomargs.py
[2025-02-20T13:57:47.231+0000] {processor.py:840} INFO - DAG(s) 'example_xcom_args_with_operators', 'example_xcom_args' retrieved from /home/airflow/.local/lib/python3.8/site-packages/airflow/example_dags/example_xcomargs.py
[2025-02-20T13:57:47.265+0000] {logging_mixin.py:188} INFO - [2025-02-20T13:57:47.265+0000] {dag.py:3036} INFO - Sync 2 DAGs
[2025-02-20T13:57:47.285+0000] {logging_mixin.py:188} INFO - [2025-02-20T13:57:47.284+0000] {dag.py:3823} INFO - Setting next_dagrun for example_xcom_args to None, run_after=None
[2025-02-20T13:57:47.291+0000] {logging_mixin.py:188} INFO - [2025-02-20T13:57:47.291+0000] {dag.py:3823} INFO - Setting next_dagrun for example_xcom_args_with_operators to None, run_after=None
[2025-02-20T13:57:47.318+0000] {processor.py:183} INFO - Processing /home/airflow/.local/lib/python3.8/site-packages/airflow/example_dags/example_xcomargs.py took 0.105 seconds
[2025-02-20T13:58:17.773+0000] {processor.py:161} INFO - Started process (PID=1659) to work on /home/airflow/.local/lib/python3.8/site-packages/airflow/example_dags/example_xcomargs.py
[2025-02-20T13:58:17.776+0000] {processor.py:830} INFO - Processing file /home/airflow/.local/lib/python3.8/site-packages/airflow/example_dags/example_xcomargs.py for tasks to queue
[2025-02-20T13:58:17.781+0000] {logging_mixin.py:188} INFO - [2025-02-20T13:58:17.780+0000] {dagbag.py:538} INFO - Filling up the DagBag from /home/airflow/.local/lib/python3.8/site-packages/airflow/example_dags/example_xcomargs.py
[2025-02-20T13:58:17.804+0000] {processor.py:840} INFO - DAG(s) 'example_xcom_args_with_operators', 'example_xcom_args' retrieved from /home/airflow/.local/lib/python3.8/site-packages/airflow/example_dags/example_xcomargs.py
[2025-02-20T13:58:17.868+0000] {logging_mixin.py:188} INFO - [2025-02-20T13:58:17.868+0000] {dag.py:3036} INFO - Sync 2 DAGs
[2025-02-20T13:58:17.894+0000] {logging_mixin.py:188} INFO - [2025-02-20T13:58:17.893+0000] {dag.py:3823} INFO - Setting next_dagrun for example_xcom_args to None, run_after=None
[2025-02-20T13:58:17.902+0000] {logging_mixin.py:188} INFO - [2025-02-20T13:58:17.902+0000] {dag.py:3823} INFO - Setting next_dagrun for example_xcom_args_with_operators to None, run_after=None
[2025-02-20T13:58:17.939+0000] {processor.py:183} INFO - Processing /home/airflow/.local/lib/python3.8/site-packages/airflow/example_dags/example_xcomargs.py took 0.171 seconds
[2025-02-20T13:58:49.458+0000] {processor.py:161} INFO - Started process (PID=1723) to work on /home/airflow/.local/lib/python3.8/site-packages/airflow/example_dags/example_xcomargs.py
[2025-02-20T13:58:49.460+0000] {processor.py:830} INFO - Processing file /home/airflow/.local/lib/python3.8/site-packages/airflow/example_dags/example_xcomargs.py for tasks to queue
[2025-02-20T13:58:49.463+0000] {logging_mixin.py:188} INFO - [2025-02-20T13:58:49.462+0000] {dagbag.py:538} INFO - Filling up the DagBag from /home/airflow/.local/lib/python3.8/site-packages/airflow/example_dags/example_xcomargs.py
[2025-02-20T13:58:49.479+0000] {processor.py:840} INFO - DAG(s) 'example_xcom_args', 'example_xcom_args_with_operators' retrieved from /home/airflow/.local/lib/python3.8/site-packages/airflow/example_dags/example_xcomargs.py
[2025-02-20T13:58:49.536+0000] {logging_mixin.py:188} INFO - [2025-02-20T13:58:49.536+0000] {dag.py:3036} INFO - Sync 2 DAGs
[2025-02-20T13:58:49.561+0000] {logging_mixin.py:188} INFO - [2025-02-20T13:58:49.561+0000] {dag.py:3823} INFO - Setting next_dagrun for example_xcom_args to None, run_after=None
[2025-02-20T13:58:49.570+0000] {logging_mixin.py:188} INFO - [2025-02-20T13:58:49.570+0000] {dag.py:3823} INFO - Setting next_dagrun for example_xcom_args_with_operators to None, run_after=None
[2025-02-20T13:58:49.600+0000] {processor.py:183} INFO - Processing /home/airflow/.local/lib/python3.8/site-packages/airflow/example_dags/example_xcomargs.py took 0.148 seconds
[2025-02-20T13:59:19.957+0000] {processor.py:161} INFO - Started process (PID=1788) to work on /home/airflow/.local/lib/python3.8/site-packages/airflow/example_dags/example_xcomargs.py
[2025-02-20T13:59:19.960+0000] {processor.py:830} INFO - Processing file /home/airflow/.local/lib/python3.8/site-packages/airflow/example_dags/example_xcomargs.py for tasks to queue
[2025-02-20T13:59:19.967+0000] {logging_mixin.py:188} INFO - [2025-02-20T13:59:19.964+0000] {dagbag.py:538} INFO - Filling up the DagBag from /home/airflow/.local/lib/python3.8/site-packages/airflow/example_dags/example_xcomargs.py
[2025-02-20T13:59:19.978+0000] {processor.py:840} INFO - DAG(s) 'example_xcom_args_with_operators', 'example_xcom_args' retrieved from /home/airflow/.local/lib/python3.8/site-packages/airflow/example_dags/example_xcomargs.py
[2025-02-20T13:59:20.021+0000] {logging_mixin.py:188} INFO - [2025-02-20T13:59:20.020+0000] {dag.py:3036} INFO - Sync 2 DAGs
[2025-02-20T13:59:20.040+0000] {logging_mixin.py:188} INFO - [2025-02-20T13:59:20.040+0000] {dag.py:3823} INFO - Setting next_dagrun for example_xcom_args to None, run_after=None
[2025-02-20T13:59:20.045+0000] {logging_mixin.py:188} INFO - [2025-02-20T13:59:20.044+0000] {dag.py:3823} INFO - Setting next_dagrun for example_xcom_args_with_operators to None, run_after=None
[2025-02-20T13:59:20.073+0000] {processor.py:183} INFO - Processing /home/airflow/.local/lib/python3.8/site-packages/airflow/example_dags/example_xcomargs.py took 0.121 seconds
[2025-02-20T13:59:51.128+0000] {processor.py:161} INFO - Started process (PID=1852) to work on /home/airflow/.local/lib/python3.8/site-packages/airflow/example_dags/example_xcomargs.py
[2025-02-20T13:59:51.133+0000] {processor.py:830} INFO - Processing file /home/airflow/.local/lib/python3.8/site-packages/airflow/example_dags/example_xcomargs.py for tasks to queue
[2025-02-20T13:59:51.137+0000] {logging_mixin.py:188} INFO - [2025-02-20T13:59:51.136+0000] {dagbag.py:538} INFO - Filling up the DagBag from /home/airflow/.local/lib/python3.8/site-packages/airflow/example_dags/example_xcomargs.py
[2025-02-20T13:59:51.168+0000] {processor.py:840} INFO - DAG(s) 'example_xcom_args', 'example_xcom_args_with_operators' retrieved from /home/airflow/.local/lib/python3.8/site-packages/airflow/example_dags/example_xcomargs.py
[2025-02-20T13:59:51.420+0000] {logging_mixin.py:188} INFO - [2025-02-20T13:59:51.419+0000] {dag.py:3036} INFO - Sync 2 DAGs
[2025-02-20T13:59:51.462+0000] {logging_mixin.py:188} INFO - [2025-02-20T13:59:51.459+0000] {dag.py:3823} INFO - Setting next_dagrun for example_xcom_args to None, run_after=None
[2025-02-20T13:59:51.475+0000] {logging_mixin.py:188} INFO - [2025-02-20T13:59:51.475+0000] {dag.py:3823} INFO - Setting next_dagrun for example_xcom_args_with_operators to None, run_after=None
[2025-02-20T13:59:51.515+0000] {processor.py:183} INFO - Processing /home/airflow/.local/lib/python3.8/site-packages/airflow/example_dags/example_xcomargs.py took 0.392 seconds
[2025-02-20T14:00:21.693+0000] {processor.py:161} INFO - Started process (PID=1917) to work on /home/airflow/.local/lib/python3.8/site-packages/airflow/example_dags/example_xcomargs.py
[2025-02-20T14:00:21.698+0000] {processor.py:830} INFO - Processing file /home/airflow/.local/lib/python3.8/site-packages/airflow/example_dags/example_xcomargs.py for tasks to queue
[2025-02-20T14:00:21.702+0000] {logging_mixin.py:188} INFO - [2025-02-20T14:00:21.701+0000] {dagbag.py:538} INFO - Filling up the DagBag from /home/airflow/.local/lib/python3.8/site-packages/airflow/example_dags/example_xcomargs.py
[2025-02-20T14:00:21.718+0000] {processor.py:840} INFO - DAG(s) 'example_xcom_args_with_operators', 'example_xcom_args' retrieved from /home/airflow/.local/lib/python3.8/site-packages/airflow/example_dags/example_xcomargs.py
[2025-02-20T14:00:21.761+0000] {logging_mixin.py:188} INFO - [2025-02-20T14:00:21.760+0000] {dag.py:3036} INFO - Sync 2 DAGs
[2025-02-20T14:00:21.791+0000] {logging_mixin.py:188} INFO - [2025-02-20T14:00:21.789+0000] {dag.py:3823} INFO - Setting next_dagrun for example_xcom_args to None, run_after=None
[2025-02-20T14:00:21.803+0000] {logging_mixin.py:188} INFO - [2025-02-20T14:00:21.803+0000] {dag.py:3823} INFO - Setting next_dagrun for example_xcom_args_with_operators to None, run_after=None
[2025-02-20T14:00:21.836+0000] {processor.py:183} INFO - Processing /home/airflow/.local/lib/python3.8/site-packages/airflow/example_dags/example_xcomargs.py took 0.152 seconds
[2025-02-20T14:00:51.877+0000] {processor.py:161} INFO - Started process (PID=1982) to work on /home/airflow/.local/lib/python3.8/site-packages/airflow/example_dags/example_xcomargs.py
[2025-02-20T14:00:51.878+0000] {processor.py:830} INFO - Processing file /home/airflow/.local/lib/python3.8/site-packages/airflow/example_dags/example_xcomargs.py for tasks to queue
[2025-02-20T14:00:51.883+0000] {logging_mixin.py:188} INFO - [2025-02-20T14:00:51.883+0000] {dagbag.py:538} INFO - Filling up the DagBag from /home/airflow/.local/lib/python3.8/site-packages/airflow/example_dags/example_xcomargs.py
[2025-02-20T14:00:51.897+0000] {processor.py:840} INFO - DAG(s) 'example_xcom_args_with_operators', 'example_xcom_args' retrieved from /home/airflow/.local/lib/python3.8/site-packages/airflow/example_dags/example_xcomargs.py
[2025-02-20T14:00:51.944+0000] {logging_mixin.py:188} INFO - [2025-02-20T14:00:51.944+0000] {dag.py:3036} INFO - Sync 2 DAGs
[2025-02-20T14:00:51.966+0000] {logging_mixin.py:188} INFO - [2025-02-20T14:00:51.966+0000] {dag.py:3823} INFO - Setting next_dagrun for example_xcom_args to None, run_after=None
[2025-02-20T14:00:51.971+0000] {logging_mixin.py:188} INFO - [2025-02-20T14:00:51.971+0000] {dag.py:3823} INFO - Setting next_dagrun for example_xcom_args_with_operators to None, run_after=None
[2025-02-20T14:00:52.016+0000] {processor.py:183} INFO - Processing /home/airflow/.local/lib/python3.8/site-packages/airflow/example_dags/example_xcomargs.py took 0.144 seconds
[2025-02-20T14:01:22.937+0000] {processor.py:161} INFO - Started process (PID=2047) to work on /home/airflow/.local/lib/python3.8/site-packages/airflow/example_dags/example_xcomargs.py
[2025-02-20T14:01:22.944+0000] {processor.py:830} INFO - Processing file /home/airflow/.local/lib/python3.8/site-packages/airflow/example_dags/example_xcomargs.py for tasks to queue
[2025-02-20T14:01:22.960+0000] {logging_mixin.py:188} INFO - [2025-02-20T14:01:22.959+0000] {dagbag.py:538} INFO - Filling up the DagBag from /home/airflow/.local/lib/python3.8/site-packages/airflow/example_dags/example_xcomargs.py
[2025-02-20T14:01:22.981+0000] {processor.py:840} INFO - DAG(s) 'example_xcom_args_with_operators', 'example_xcom_args' retrieved from /home/airflow/.local/lib/python3.8/site-packages/airflow/example_dags/example_xcomargs.py
[2025-02-20T14:01:23.064+0000] {logging_mixin.py:188} INFO - [2025-02-20T14:01:23.063+0000] {dag.py:3036} INFO - Sync 2 DAGs
[2025-02-20T14:01:23.140+0000] {logging_mixin.py:188} INFO - [2025-02-20T14:01:23.139+0000] {dag.py:3823} INFO - Setting next_dagrun for example_xcom_args to None, run_after=None
[2025-02-20T14:01:23.151+0000] {logging_mixin.py:188} INFO - [2025-02-20T14:01:23.150+0000] {dag.py:3823} INFO - Setting next_dagrun for example_xcom_args_with_operators to None, run_after=None
[2025-02-20T14:01:23.199+0000] {processor.py:183} INFO - Processing /home/airflow/.local/lib/python3.8/site-packages/airflow/example_dags/example_xcomargs.py took 0.286 seconds
[2025-02-20T14:01:53.602+0000] {processor.py:161} INFO - Started process (PID=2112) to work on /home/airflow/.local/lib/python3.8/site-packages/airflow/example_dags/example_xcomargs.py
[2025-02-20T14:01:53.606+0000] {processor.py:830} INFO - Processing file /home/airflow/.local/lib/python3.8/site-packages/airflow/example_dags/example_xcomargs.py for tasks to queue
[2025-02-20T14:01:53.609+0000] {logging_mixin.py:188} INFO - [2025-02-20T14:01:53.609+0000] {dagbag.py:538} INFO - Filling up the DagBag from /home/airflow/.local/lib/python3.8/site-packages/airflow/example_dags/example_xcomargs.py
[2025-02-20T14:01:53.622+0000] {processor.py:840} INFO - DAG(s) 'example_xcom_args', 'example_xcom_args_with_operators' retrieved from /home/airflow/.local/lib/python3.8/site-packages/airflow/example_dags/example_xcomargs.py
[2025-02-20T14:01:53.661+0000] {logging_mixin.py:188} INFO - [2025-02-20T14:01:53.661+0000] {dag.py:3036} INFO - Sync 2 DAGs
[2025-02-20T14:01:53.679+0000] {logging_mixin.py:188} INFO - [2025-02-20T14:01:53.679+0000] {dag.py:3823} INFO - Setting next_dagrun for example_xcom_args to None, run_after=None
[2025-02-20T14:01:53.686+0000] {logging_mixin.py:188} INFO - [2025-02-20T14:01:53.686+0000] {dag.py:3823} INFO - Setting next_dagrun for example_xcom_args_with_operators to None, run_after=None
[2025-02-20T14:01:53.715+0000] {processor.py:183} INFO - Processing /home/airflow/.local/lib/python3.8/site-packages/airflow/example_dags/example_xcomargs.py took 0.117 seconds
[2025-02-20T14:02:24.872+0000] {processor.py:161} INFO - Started process (PID=2184) to work on /home/airflow/.local/lib/python3.8/site-packages/airflow/example_dags/example_xcomargs.py
[2025-02-20T14:02:24.875+0000] {processor.py:830} INFO - Processing file /home/airflow/.local/lib/python3.8/site-packages/airflow/example_dags/example_xcomargs.py for tasks to queue
[2025-02-20T14:02:24.884+0000] {logging_mixin.py:188} INFO - [2025-02-20T14:02:24.881+0000] {dagbag.py:538} INFO - Filling up the DagBag from /home/airflow/.local/lib/python3.8/site-packages/airflow/example_dags/example_xcomargs.py
[2025-02-20T14:02:24.909+0000] {processor.py:840} INFO - DAG(s) 'example_xcom_args_with_operators', 'example_xcom_args' retrieved from /home/airflow/.local/lib/python3.8/site-packages/airflow/example_dags/example_xcomargs.py
[2025-02-20T14:02:25.025+0000] {logging_mixin.py:188} INFO - [2025-02-20T14:02:25.025+0000] {dag.py:3036} INFO - Sync 2 DAGs
[2025-02-20T14:02:25.069+0000] {logging_mixin.py:188} INFO - [2025-02-20T14:02:25.069+0000] {dag.py:3823} INFO - Setting next_dagrun for example_xcom_args to None, run_after=None
[2025-02-20T14:02:25.081+0000] {logging_mixin.py:188} INFO - [2025-02-20T14:02:25.081+0000] {dag.py:3823} INFO - Setting next_dagrun for example_xcom_args_with_operators to None, run_after=None
[2025-02-20T14:02:25.116+0000] {processor.py:183} INFO - Processing /home/airflow/.local/lib/python3.8/site-packages/airflow/example_dags/example_xcomargs.py took 0.252 seconds
[2025-02-20T14:02:55.909+0000] {processor.py:161} INFO - Started process (PID=2251) to work on /home/airflow/.local/lib/python3.8/site-packages/airflow/example_dags/example_xcomargs.py
[2025-02-20T14:02:55.911+0000] {processor.py:830} INFO - Processing file /home/airflow/.local/lib/python3.8/site-packages/airflow/example_dags/example_xcomargs.py for tasks to queue
[2025-02-20T14:02:55.917+0000] {logging_mixin.py:188} INFO - [2025-02-20T14:02:55.916+0000] {dagbag.py:538} INFO - Filling up the DagBag from /home/airflow/.local/lib/python3.8/site-packages/airflow/example_dags/example_xcomargs.py
[2025-02-20T14:02:55.940+0000] {processor.py:840} INFO - DAG(s) 'example_xcom_args_with_operators', 'example_xcom_args' retrieved from /home/airflow/.local/lib/python3.8/site-packages/airflow/example_dags/example_xcomargs.py
[2025-02-20T14:02:56.018+0000] {logging_mixin.py:188} INFO - [2025-02-20T14:02:56.018+0000] {dag.py:3036} INFO - Sync 2 DAGs
[2025-02-20T14:02:56.051+0000] {logging_mixin.py:188} INFO - [2025-02-20T14:02:56.050+0000] {dag.py:3823} INFO - Setting next_dagrun for example_xcom_args to None, run_after=None
[2025-02-20T14:02:56.057+0000] {logging_mixin.py:188} INFO - [2025-02-20T14:02:56.057+0000] {dag.py:3823} INFO - Setting next_dagrun for example_xcom_args_with_operators to None, run_after=None
[2025-02-20T14:02:56.105+0000] {processor.py:183} INFO - Processing /home/airflow/.local/lib/python3.8/site-packages/airflow/example_dags/example_xcomargs.py took 0.202 seconds
[2025-02-20T14:03:27.510+0000] {processor.py:161} INFO - Started process (PID=2315) to work on /home/airflow/.local/lib/python3.8/site-packages/airflow/example_dags/example_xcomargs.py
[2025-02-20T14:03:27.512+0000] {processor.py:830} INFO - Processing file /home/airflow/.local/lib/python3.8/site-packages/airflow/example_dags/example_xcomargs.py for tasks to queue
[2025-02-20T14:03:27.522+0000] {logging_mixin.py:188} INFO - [2025-02-20T14:03:27.519+0000] {dagbag.py:538} INFO - Filling up the DagBag from /home/airflow/.local/lib/python3.8/site-packages/airflow/example_dags/example_xcomargs.py
[2025-02-20T14:03:27.543+0000] {processor.py:840} INFO - DAG(s) 'example_xcom_args_with_operators', 'example_xcom_args' retrieved from /home/airflow/.local/lib/python3.8/site-packages/airflow/example_dags/example_xcomargs.py
[2025-02-20T14:03:27.601+0000] {logging_mixin.py:188} INFO - [2025-02-20T14:03:27.601+0000] {dag.py:3036} INFO - Sync 2 DAGs
[2025-02-20T14:03:27.627+0000] {logging_mixin.py:188} INFO - [2025-02-20T14:03:27.627+0000] {dag.py:3823} INFO - Setting next_dagrun for example_xcom_args to None, run_after=None
[2025-02-20T14:03:27.635+0000] {logging_mixin.py:188} INFO - [2025-02-20T14:03:27.635+0000] {dag.py:3823} INFO - Setting next_dagrun for example_xcom_args_with_operators to None, run_after=None
[2025-02-20T14:03:27.669+0000] {processor.py:183} INFO - Processing /home/airflow/.local/lib/python3.8/site-packages/airflow/example_dags/example_xcomargs.py took 0.168 seconds
[2025-02-20T14:03:58.640+0000] {processor.py:161} INFO - Started process (PID=2381) to work on /home/airflow/.local/lib/python3.8/site-packages/airflow/example_dags/example_xcomargs.py
[2025-02-20T14:03:58.641+0000] {processor.py:830} INFO - Processing file /home/airflow/.local/lib/python3.8/site-packages/airflow/example_dags/example_xcomargs.py for tasks to queue
[2025-02-20T14:03:58.645+0000] {logging_mixin.py:188} INFO - [2025-02-20T14:03:58.644+0000] {dagbag.py:538} INFO - Filling up the DagBag from /home/airflow/.local/lib/python3.8/site-packages/airflow/example_dags/example_xcomargs.py
[2025-02-20T14:03:58.675+0000] {processor.py:840} INFO - DAG(s) 'example_xcom_args', 'example_xcom_args_with_operators' retrieved from /home/airflow/.local/lib/python3.8/site-packages/airflow/example_dags/example_xcomargs.py
[2025-02-20T14:03:58.819+0000] {logging_mixin.py:188} INFO - [2025-02-20T14:03:58.819+0000] {dag.py:3036} INFO - Sync 2 DAGs
[2025-02-20T14:03:58.917+0000] {logging_mixin.py:188} INFO - [2025-02-20T14:03:58.914+0000] {dag.py:3823} INFO - Setting next_dagrun for example_xcom_args to None, run_after=None
[2025-02-20T14:03:58.932+0000] {logging_mixin.py:188} INFO - [2025-02-20T14:03:58.929+0000] {dag.py:3823} INFO - Setting next_dagrun for example_xcom_args_with_operators to None, run_after=None
[2025-02-20T14:03:58.991+0000] {processor.py:183} INFO - Processing /home/airflow/.local/lib/python3.8/site-packages/airflow/example_dags/example_xcomargs.py took 0.358 seconds
[2025-02-20T14:04:29.227+0000] {processor.py:161} INFO - Started process (PID=2447) to work on /home/airflow/.local/lib/python3.8/site-packages/airflow/example_dags/example_xcomargs.py
[2025-02-20T14:04:29.229+0000] {processor.py:830} INFO - Processing file /home/airflow/.local/lib/python3.8/site-packages/airflow/example_dags/example_xcomargs.py for tasks to queue
[2025-02-20T14:04:29.235+0000] {logging_mixin.py:188} INFO - [2025-02-20T14:04:29.232+0000] {dagbag.py:538} INFO - Filling up the DagBag from /home/airflow/.local/lib/python3.8/site-packages/airflow/example_dags/example_xcomargs.py
[2025-02-20T14:04:29.265+0000] {processor.py:840} INFO - DAG(s) 'example_xcom_args', 'example_xcom_args_with_operators' retrieved from /home/airflow/.local/lib/python3.8/site-packages/airflow/example_dags/example_xcomargs.py
[2025-02-20T14:04:29.315+0000] {logging_mixin.py:188} INFO - [2025-02-20T14:04:29.315+0000] {dag.py:3036} INFO - Sync 2 DAGs
[2025-02-20T14:04:29.341+0000] {logging_mixin.py:188} INFO - [2025-02-20T14:04:29.341+0000] {dag.py:3823} INFO - Setting next_dagrun for example_xcom_args to None, run_after=None
[2025-02-20T14:04:29.348+0000] {logging_mixin.py:188} INFO - [2025-02-20T14:04:29.348+0000] {dag.py:3823} INFO - Setting next_dagrun for example_xcom_args_with_operators to None, run_after=None
[2025-02-20T14:04:29.384+0000] {processor.py:183} INFO - Processing /home/airflow/.local/lib/python3.8/site-packages/airflow/example_dags/example_xcomargs.py took 0.165 seconds
[2025-02-20T14:04:59.992+0000] {processor.py:161} INFO - Started process (PID=2512) to work on /home/airflow/.local/lib/python3.8/site-packages/airflow/example_dags/example_xcomargs.py
[2025-02-20T14:04:59.993+0000] {processor.py:830} INFO - Processing file /home/airflow/.local/lib/python3.8/site-packages/airflow/example_dags/example_xcomargs.py for tasks to queue
[2025-02-20T14:04:59.998+0000] {logging_mixin.py:188} INFO - [2025-02-20T14:04:59.997+0000] {dagbag.py:538} INFO - Filling up the DagBag from /home/airflow/.local/lib/python3.8/site-packages/airflow/example_dags/example_xcomargs.py
[2025-02-20T14:05:00.016+0000] {processor.py:840} INFO - DAG(s) 'example_xcom_args_with_operators', 'example_xcom_args' retrieved from /home/airflow/.local/lib/python3.8/site-packages/airflow/example_dags/example_xcomargs.py
[2025-02-20T14:05:00.078+0000] {logging_mixin.py:188} INFO - [2025-02-20T14:05:00.077+0000] {dag.py:3036} INFO - Sync 2 DAGs
[2025-02-20T14:05:00.138+0000] {logging_mixin.py:188} INFO - [2025-02-20T14:05:00.138+0000] {dag.py:3823} INFO - Setting next_dagrun for example_xcom_args to None, run_after=None
[2025-02-20T14:05:00.146+0000] {logging_mixin.py:188} INFO - [2025-02-20T14:05:00.146+0000] {dag.py:3823} INFO - Setting next_dagrun for example_xcom_args_with_operators to None, run_after=None
[2025-02-20T14:05:00.184+0000] {processor.py:183} INFO - Processing /home/airflow/.local/lib/python3.8/site-packages/airflow/example_dags/example_xcomargs.py took 0.198 seconds
[2025-02-20T14:05:31.147+0000] {processor.py:161} INFO - Started process (PID=2577) to work on /home/airflow/.local/lib/python3.8/site-packages/airflow/example_dags/example_xcomargs.py
[2025-02-20T14:05:31.149+0000] {processor.py:830} INFO - Processing file /home/airflow/.local/lib/python3.8/site-packages/airflow/example_dags/example_xcomargs.py for tasks to queue
[2025-02-20T14:05:31.157+0000] {logging_mixin.py:188} INFO - [2025-02-20T14:05:31.156+0000] {dagbag.py:538} INFO - Filling up the DagBag from /home/airflow/.local/lib/python3.8/site-packages/airflow/example_dags/example_xcomargs.py
[2025-02-20T14:05:31.176+0000] {processor.py:840} INFO - DAG(s) 'example_xcom_args', 'example_xcom_args_with_operators' retrieved from /home/airflow/.local/lib/python3.8/site-packages/airflow/example_dags/example_xcomargs.py
[2025-02-20T14:05:31.294+0000] {logging_mixin.py:188} INFO - [2025-02-20T14:05:31.293+0000] {dag.py:3036} INFO - Sync 2 DAGs
[2025-02-20T14:05:31.453+0000] {logging_mixin.py:188} INFO - [2025-02-20T14:05:31.452+0000] {dag.py:3823} INFO - Setting next_dagrun for example_xcom_args to None, run_after=None
[2025-02-20T14:05:31.465+0000] {logging_mixin.py:188} INFO - [2025-02-20T14:05:31.465+0000] {dag.py:3823} INFO - Setting next_dagrun for example_xcom_args_with_operators to None, run_after=None
[2025-02-20T14:05:31.504+0000] {processor.py:183} INFO - Processing /home/airflow/.local/lib/python3.8/site-packages/airflow/example_dags/example_xcomargs.py took 0.362 seconds
[2025-02-20T14:06:01.993+0000] {processor.py:161} INFO - Started process (PID=2642) to work on /home/airflow/.local/lib/python3.8/site-packages/airflow/example_dags/example_xcomargs.py
[2025-02-20T14:06:01.995+0000] {processor.py:830} INFO - Processing file /home/airflow/.local/lib/python3.8/site-packages/airflow/example_dags/example_xcomargs.py for tasks to queue
[2025-02-20T14:06:01.998+0000] {logging_mixin.py:188} INFO - [2025-02-20T14:06:01.998+0000] {dagbag.py:538} INFO - Filling up the DagBag from /home/airflow/.local/lib/python3.8/site-packages/airflow/example_dags/example_xcomargs.py
[2025-02-20T14:06:02.014+0000] {processor.py:840} INFO - DAG(s) 'example_xcom_args', 'example_xcom_args_with_operators' retrieved from /home/airflow/.local/lib/python3.8/site-packages/airflow/example_dags/example_xcomargs.py
[2025-02-20T14:06:02.095+0000] {logging_mixin.py:188} INFO - [2025-02-20T14:06:02.094+0000] {dag.py:3036} INFO - Sync 2 DAGs
[2025-02-20T14:06:02.130+0000] {logging_mixin.py:188} INFO - [2025-02-20T14:06:02.128+0000] {dag.py:3823} INFO - Setting next_dagrun for example_xcom_args to None, run_after=None
[2025-02-20T14:06:02.149+0000] {logging_mixin.py:188} INFO - [2025-02-20T14:06:02.148+0000] {dag.py:3823} INFO - Setting next_dagrun for example_xcom_args_with_operators to None, run_after=None
[2025-02-20T14:06:02.187+0000] {processor.py:183} INFO - Processing /home/airflow/.local/lib/python3.8/site-packages/airflow/example_dags/example_xcomargs.py took 0.201 seconds
[2025-02-20T14:06:32.361+0000] {processor.py:161} INFO - Started process (PID=2707) to work on /home/airflow/.local/lib/python3.8/site-packages/airflow/example_dags/example_xcomargs.py
[2025-02-20T14:06:32.362+0000] {processor.py:830} INFO - Processing file /home/airflow/.local/lib/python3.8/site-packages/airflow/example_dags/example_xcomargs.py for tasks to queue
[2025-02-20T14:06:32.365+0000] {logging_mixin.py:188} INFO - [2025-02-20T14:06:32.365+0000] {dagbag.py:538} INFO - Filling up the DagBag from /home/airflow/.local/lib/python3.8/site-packages/airflow/example_dags/example_xcomargs.py
[2025-02-20T14:06:32.378+0000] {processor.py:840} INFO - DAG(s) 'example_xcom_args', 'example_xcom_args_with_operators' retrieved from /home/airflow/.local/lib/python3.8/site-packages/airflow/example_dags/example_xcomargs.py
[2025-02-20T14:06:32.411+0000] {logging_mixin.py:188} INFO - [2025-02-20T14:06:32.411+0000] {dag.py:3036} INFO - Sync 2 DAGs
[2025-02-20T14:06:32.429+0000] {logging_mixin.py:188} INFO - [2025-02-20T14:06:32.428+0000] {dag.py:3823} INFO - Setting next_dagrun for example_xcom_args to None, run_after=None
[2025-02-20T14:06:32.458+0000] {logging_mixin.py:188} INFO - [2025-02-20T14:06:32.458+0000] {dag.py:3823} INFO - Setting next_dagrun for example_xcom_args_with_operators to None, run_after=None
[2025-02-20T14:06:32.492+0000] {processor.py:183} INFO - Processing /home/airflow/.local/lib/python3.8/site-packages/airflow/example_dags/example_xcomargs.py took 0.137 seconds
[2025-02-20T14:07:02.810+0000] {processor.py:161} INFO - Started process (PID=2773) to work on /home/airflow/.local/lib/python3.8/site-packages/airflow/example_dags/example_xcomargs.py
[2025-02-20T14:07:02.813+0000] {processor.py:830} INFO - Processing file /home/airflow/.local/lib/python3.8/site-packages/airflow/example_dags/example_xcomargs.py for tasks to queue
[2025-02-20T14:07:02.816+0000] {logging_mixin.py:188} INFO - [2025-02-20T14:07:02.815+0000] {dagbag.py:538} INFO - Filling up the DagBag from /home/airflow/.local/lib/python3.8/site-packages/airflow/example_dags/example_xcomargs.py
[2025-02-20T14:07:02.830+0000] {processor.py:840} INFO - DAG(s) 'example_xcom_args_with_operators', 'example_xcom_args' retrieved from /home/airflow/.local/lib/python3.8/site-packages/airflow/example_dags/example_xcomargs.py
[2025-02-20T14:07:02.872+0000] {logging_mixin.py:188} INFO - [2025-02-20T14:07:02.871+0000] {dag.py:3036} INFO - Sync 2 DAGs
[2025-02-20T14:07:02.896+0000] {logging_mixin.py:188} INFO - [2025-02-20T14:07:02.896+0000] {dag.py:3823} INFO - Setting next_dagrun for example_xcom_args to None, run_after=None
[2025-02-20T14:07:02.906+0000] {logging_mixin.py:188} INFO - [2025-02-20T14:07:02.906+0000] {dag.py:3823} INFO - Setting next_dagrun for example_xcom_args_with_operators to None, run_after=None
[2025-02-20T14:07:02.998+0000] {processor.py:183} INFO - Processing /home/airflow/.local/lib/python3.8/site-packages/airflow/example_dags/example_xcomargs.py took 0.193 seconds
[2025-02-20T14:07:33.848+0000] {processor.py:161} INFO - Started process (PID=2838) to work on /home/airflow/.local/lib/python3.8/site-packages/airflow/example_dags/example_xcomargs.py
[2025-02-20T14:07:33.850+0000] {processor.py:830} INFO - Processing file /home/airflow/.local/lib/python3.8/site-packages/airflow/example_dags/example_xcomargs.py for tasks to queue
[2025-02-20T14:07:33.853+0000] {logging_mixin.py:188} INFO - [2025-02-20T14:07:33.853+0000] {dagbag.py:538} INFO - Filling up the DagBag from /home/airflow/.local/lib/python3.8/site-packages/airflow/example_dags/example_xcomargs.py
[2025-02-20T14:07:33.868+0000] {processor.py:840} INFO - DAG(s) 'example_xcom_args_with_operators', 'example_xcom_args' retrieved from /home/airflow/.local/lib/python3.8/site-packages/airflow/example_dags/example_xcomargs.py
[2025-02-20T14:07:33.913+0000] {logging_mixin.py:188} INFO - [2025-02-20T14:07:33.913+0000] {dag.py:3036} INFO - Sync 2 DAGs
[2025-02-20T14:07:33.933+0000] {logging_mixin.py:188} INFO - [2025-02-20T14:07:33.933+0000] {dag.py:3823} INFO - Setting next_dagrun for example_xcom_args to None, run_after=None
[2025-02-20T14:07:33.940+0000] {logging_mixin.py:188} INFO - [2025-02-20T14:07:33.939+0000] {dag.py:3823} INFO - Setting next_dagrun for example_xcom_args_with_operators to None, run_after=None
[2025-02-20T14:07:33.969+0000] {processor.py:183} INFO - Processing /home/airflow/.local/lib/python3.8/site-packages/airflow/example_dags/example_xcomargs.py took 0.128 seconds
[2025-02-20T14:08:04.444+0000] {processor.py:161} INFO - Started process (PID=2902) to work on /home/airflow/.local/lib/python3.8/site-packages/airflow/example_dags/example_xcomargs.py
[2025-02-20T14:08:04.446+0000] {processor.py:830} INFO - Processing file /home/airflow/.local/lib/python3.8/site-packages/airflow/example_dags/example_xcomargs.py for tasks to queue
[2025-02-20T14:08:04.451+0000] {logging_mixin.py:188} INFO - [2025-02-20T14:08:04.451+0000] {dagbag.py:538} INFO - Filling up the DagBag from /home/airflow/.local/lib/python3.8/site-packages/airflow/example_dags/example_xcomargs.py
[2025-02-20T14:08:04.468+0000] {processor.py:840} INFO - DAG(s) 'example_xcom_args', 'example_xcom_args_with_operators' retrieved from /home/airflow/.local/lib/python3.8/site-packages/airflow/example_dags/example_xcomargs.py
[2025-02-20T14:08:04.519+0000] {logging_mixin.py:188} INFO - [2025-02-20T14:08:04.519+0000] {dag.py:3036} INFO - Sync 2 DAGs
[2025-02-20T14:08:04.548+0000] {logging_mixin.py:188} INFO - [2025-02-20T14:08:04.547+0000] {dag.py:3823} INFO - Setting next_dagrun for example_xcom_args to None, run_after=None
[2025-02-20T14:08:04.557+0000] {logging_mixin.py:188} INFO - [2025-02-20T14:08:04.556+0000] {dag.py:3823} INFO - Setting next_dagrun for example_xcom_args_with_operators to None, run_after=None
[2025-02-20T14:08:04.592+0000] {processor.py:183} INFO - Processing /home/airflow/.local/lib/python3.8/site-packages/airflow/example_dags/example_xcomargs.py took 0.157 seconds
[2025-02-20T14:08:35.285+0000] {processor.py:161} INFO - Started process (PID=2966) to work on /home/airflow/.local/lib/python3.8/site-packages/airflow/example_dags/example_xcomargs.py
[2025-02-20T14:08:35.289+0000] {processor.py:830} INFO - Processing file /home/airflow/.local/lib/python3.8/site-packages/airflow/example_dags/example_xcomargs.py for tasks to queue
[2025-02-20T14:08:35.292+0000] {logging_mixin.py:188} INFO - [2025-02-20T14:08:35.291+0000] {dagbag.py:538} INFO - Filling up the DagBag from /home/airflow/.local/lib/python3.8/site-packages/airflow/example_dags/example_xcomargs.py
[2025-02-20T14:08:35.311+0000] {processor.py:840} INFO - DAG(s) 'example_xcom_args_with_operators', 'example_xcom_args' retrieved from /home/airflow/.local/lib/python3.8/site-packages/airflow/example_dags/example_xcomargs.py
[2025-02-20T14:08:35.357+0000] {logging_mixin.py:188} INFO - [2025-02-20T14:08:35.356+0000] {dag.py:3036} INFO - Sync 2 DAGs
[2025-02-20T14:08:35.382+0000] {logging_mixin.py:188} INFO - [2025-02-20T14:08:35.381+0000] {dag.py:3823} INFO - Setting next_dagrun for example_xcom_args to None, run_after=None
[2025-02-20T14:08:35.394+0000] {logging_mixin.py:188} INFO - [2025-02-20T14:08:35.393+0000] {dag.py:3823} INFO - Setting next_dagrun for example_xcom_args_with_operators to None, run_after=None
[2025-02-20T14:08:35.431+0000] {processor.py:183} INFO - Processing /home/airflow/.local/lib/python3.8/site-packages/airflow/example_dags/example_xcomargs.py took 0.153 seconds
[2025-02-20T14:09:05.688+0000] {processor.py:161} INFO - Started process (PID=3030) to work on /home/airflow/.local/lib/python3.8/site-packages/airflow/example_dags/example_xcomargs.py
[2025-02-20T14:09:05.690+0000] {processor.py:830} INFO - Processing file /home/airflow/.local/lib/python3.8/site-packages/airflow/example_dags/example_xcomargs.py for tasks to queue
[2025-02-20T14:09:05.693+0000] {logging_mixin.py:188} INFO - [2025-02-20T14:09:05.693+0000] {dagbag.py:538} INFO - Filling up the DagBag from /home/airflow/.local/lib/python3.8/site-packages/airflow/example_dags/example_xcomargs.py
[2025-02-20T14:09:05.710+0000] {processor.py:840} INFO - DAG(s) 'example_xcom_args_with_operators', 'example_xcom_args' retrieved from /home/airflow/.local/lib/python3.8/site-packages/airflow/example_dags/example_xcomargs.py
[2025-02-20T14:09:05.779+0000] {logging_mixin.py:188} INFO - [2025-02-20T14:09:05.778+0000] {dag.py:3036} INFO - Sync 2 DAGs
[2025-02-20T14:09:05.809+0000] {logging_mixin.py:188} INFO - [2025-02-20T14:09:05.809+0000] {dag.py:3823} INFO - Setting next_dagrun for example_xcom_args to None, run_after=None
[2025-02-20T14:09:05.815+0000] {logging_mixin.py:188} INFO - [2025-02-20T14:09:05.815+0000] {dag.py:3823} INFO - Setting next_dagrun for example_xcom_args_with_operators to None, run_after=None
[2025-02-20T14:09:05.859+0000] {processor.py:183} INFO - Processing /home/airflow/.local/lib/python3.8/site-packages/airflow/example_dags/example_xcomargs.py took 0.180 seconds
[2025-02-20T14:09:38.026+0000] {processor.py:161} INFO - Started process (PID=3094) to work on /home/airflow/.local/lib/python3.8/site-packages/airflow/example_dags/example_xcomargs.py
[2025-02-20T14:09:38.028+0000] {processor.py:830} INFO - Processing file /home/airflow/.local/lib/python3.8/site-packages/airflow/example_dags/example_xcomargs.py for tasks to queue
[2025-02-20T14:09:38.038+0000] {logging_mixin.py:188} INFO - [2025-02-20T14:09:38.033+0000] {dagbag.py:538} INFO - Filling up the DagBag from /home/airflow/.local/lib/python3.8/site-packages/airflow/example_dags/example_xcomargs.py
[2025-02-20T14:09:38.078+0000] {processor.py:840} INFO - DAG(s) 'example_xcom_args_with_operators', 'example_xcom_args' retrieved from /home/airflow/.local/lib/python3.8/site-packages/airflow/example_dags/example_xcomargs.py
[2025-02-20T14:09:38.653+0000] {logging_mixin.py:188} INFO - [2025-02-20T14:09:38.652+0000] {dag.py:3036} INFO - Sync 2 DAGs
[2025-02-20T14:09:38.745+0000] {logging_mixin.py:188} INFO - [2025-02-20T14:09:38.745+0000] {dag.py:3823} INFO - Setting next_dagrun for example_xcom_args to None, run_after=None
[2025-02-20T14:09:38.758+0000] {logging_mixin.py:188} INFO - [2025-02-20T14:09:38.758+0000] {dag.py:3823} INFO - Setting next_dagrun for example_xcom_args_with_operators to None, run_after=None
[2025-02-20T14:09:38.894+0000] {processor.py:183} INFO - Processing /home/airflow/.local/lib/python3.8/site-packages/airflow/example_dags/example_xcomargs.py took 0.904 seconds
[2025-02-20T14:10:09.460+0000] {processor.py:161} INFO - Started process (PID=3159) to work on /home/airflow/.local/lib/python3.8/site-packages/airflow/example_dags/example_xcomargs.py
[2025-02-20T14:10:09.463+0000] {processor.py:830} INFO - Processing file /home/airflow/.local/lib/python3.8/site-packages/airflow/example_dags/example_xcomargs.py for tasks to queue
[2025-02-20T14:10:09.484+0000] {logging_mixin.py:188} INFO - [2025-02-20T14:10:09.483+0000] {dagbag.py:538} INFO - Filling up the DagBag from /home/airflow/.local/lib/python3.8/site-packages/airflow/example_dags/example_xcomargs.py
[2025-02-20T14:10:09.545+0000] {processor.py:840} INFO - DAG(s) 'example_xcom_args_with_operators', 'example_xcom_args' retrieved from /home/airflow/.local/lib/python3.8/site-packages/airflow/example_dags/example_xcomargs.py
[2025-02-20T14:10:09.635+0000] {logging_mixin.py:188} INFO - [2025-02-20T14:10:09.634+0000] {dag.py:3036} INFO - Sync 2 DAGs
[2025-02-20T14:10:09.904+0000] {logging_mixin.py:188} INFO - [2025-02-20T14:10:09.901+0000] {dag.py:3823} INFO - Setting next_dagrun for example_xcom_args to None, run_after=None
[2025-02-20T14:10:09.915+0000] {logging_mixin.py:188} INFO - [2025-02-20T14:10:09.915+0000] {dag.py:3823} INFO - Setting next_dagrun for example_xcom_args_with_operators to None, run_after=None
[2025-02-20T14:10:09.951+0000] {processor.py:183} INFO - Processing /home/airflow/.local/lib/python3.8/site-packages/airflow/example_dags/example_xcomargs.py took 0.500 seconds
[2025-02-20T14:10:40.014+0000] {processor.py:161} INFO - Started process (PID=3224) to work on /home/airflow/.local/lib/python3.8/site-packages/airflow/example_dags/example_xcomargs.py
[2025-02-20T14:10:40.017+0000] {processor.py:830} INFO - Processing file /home/airflow/.local/lib/python3.8/site-packages/airflow/example_dags/example_xcomargs.py for tasks to queue
[2025-02-20T14:10:40.021+0000] {logging_mixin.py:188} INFO - [2025-02-20T14:10:40.021+0000] {dagbag.py:538} INFO - Filling up the DagBag from /home/airflow/.local/lib/python3.8/site-packages/airflow/example_dags/example_xcomargs.py
[2025-02-20T14:10:40.037+0000] {processor.py:840} INFO - DAG(s) 'example_xcom_args_with_operators', 'example_xcom_args' retrieved from /home/airflow/.local/lib/python3.8/site-packages/airflow/example_dags/example_xcomargs.py
[2025-02-20T14:10:40.088+0000] {logging_mixin.py:188} INFO - [2025-02-20T14:10:40.088+0000] {dag.py:3036} INFO - Sync 2 DAGs
[2025-02-20T14:10:40.312+0000] {logging_mixin.py:188} INFO - [2025-02-20T14:10:40.311+0000] {dag.py:3823} INFO - Setting next_dagrun for example_xcom_args to None, run_after=None
[2025-02-20T14:10:40.326+0000] {logging_mixin.py:188} INFO - [2025-02-20T14:10:40.325+0000] {dag.py:3823} INFO - Setting next_dagrun for example_xcom_args_with_operators to None, run_after=None
[2025-02-20T14:10:40.357+0000] {processor.py:183} INFO - Processing /home/airflow/.local/lib/python3.8/site-packages/airflow/example_dags/example_xcomargs.py took 0.349 seconds
[2025-02-20T14:11:11.119+0000] {processor.py:161} INFO - Started process (PID=3289) to work on /home/airflow/.local/lib/python3.8/site-packages/airflow/example_dags/example_xcomargs.py
[2025-02-20T14:11:11.121+0000] {processor.py:830} INFO - Processing file /home/airflow/.local/lib/python3.8/site-packages/airflow/example_dags/example_xcomargs.py for tasks to queue
[2025-02-20T14:11:11.127+0000] {logging_mixin.py:188} INFO - [2025-02-20T14:11:11.127+0000] {dagbag.py:538} INFO - Filling up the DagBag from /home/airflow/.local/lib/python3.8/site-packages/airflow/example_dags/example_xcomargs.py
[2025-02-20T14:11:11.142+0000] {processor.py:840} INFO - DAG(s) 'example_xcom_args_with_operators', 'example_xcom_args' retrieved from /home/airflow/.local/lib/python3.8/site-packages/airflow/example_dags/example_xcomargs.py
[2025-02-20T14:11:11.176+0000] {logging_mixin.py:188} INFO - [2025-02-20T14:11:11.175+0000] {dag.py:3036} INFO - Sync 2 DAGs
[2025-02-20T14:11:11.201+0000] {logging_mixin.py:188} INFO - [2025-02-20T14:11:11.200+0000] {dag.py:3823} INFO - Setting next_dagrun for example_xcom_args to None, run_after=None
[2025-02-20T14:11:11.205+0000] {logging_mixin.py:188} INFO - [2025-02-20T14:11:11.205+0000] {dag.py:3823} INFO - Setting next_dagrun for example_xcom_args_with_operators to None, run_after=None
[2025-02-20T14:11:11.226+0000] {processor.py:183} INFO - Processing /home/airflow/.local/lib/python3.8/site-packages/airflow/example_dags/example_xcomargs.py took 0.113 seconds
[2025-02-20T16:11:29.206+0000] {processor.py:161} INFO - Started process (PID=3354) to work on /home/airflow/.local/lib/python3.8/site-packages/airflow/example_dags/example_xcomargs.py
[2025-02-20T16:11:29.209+0000] {processor.py:830} INFO - Processing file /home/airflow/.local/lib/python3.8/site-packages/airflow/example_dags/example_xcomargs.py for tasks to queue
[2025-02-20T16:11:29.218+0000] {logging_mixin.py:188} INFO - [2025-02-20T16:11:29.217+0000] {dagbag.py:538} INFO - Filling up the DagBag from /home/airflow/.local/lib/python3.8/site-packages/airflow/example_dags/example_xcomargs.py
[2025-02-20T16:11:29.266+0000] {processor.py:840} INFO - DAG(s) 'example_xcom_args', 'example_xcom_args_with_operators' retrieved from /home/airflow/.local/lib/python3.8/site-packages/airflow/example_dags/example_xcomargs.py
[2025-02-20T16:11:29.379+0000] {logging_mixin.py:188} INFO - [2025-02-20T16:11:29.378+0000] {dag.py:3036} INFO - Sync 2 DAGs
[2025-02-20T16:11:29.418+0000] {logging_mixin.py:188} INFO - [2025-02-20T16:11:29.418+0000] {dag.py:3823} INFO - Setting next_dagrun for example_xcom_args to None, run_after=None
[2025-02-20T16:11:29.427+0000] {logging_mixin.py:188} INFO - [2025-02-20T16:11:29.427+0000] {dag.py:3823} INFO - Setting next_dagrun for example_xcom_args_with_operators to None, run_after=None
[2025-02-20T16:11:29.472+0000] {processor.py:183} INFO - Processing /home/airflow/.local/lib/python3.8/site-packages/airflow/example_dags/example_xcomargs.py took 0.283 seconds
[2025-02-20T16:12:00.172+0000] {processor.py:161} INFO - Started process (PID=3419) to work on /home/airflow/.local/lib/python3.8/site-packages/airflow/example_dags/example_xcomargs.py
[2025-02-20T16:12:00.175+0000] {processor.py:830} INFO - Processing file /home/airflow/.local/lib/python3.8/site-packages/airflow/example_dags/example_xcomargs.py for tasks to queue
[2025-02-20T16:12:00.178+0000] {logging_mixin.py:188} INFO - [2025-02-20T16:12:00.178+0000] {dagbag.py:538} INFO - Filling up the DagBag from /home/airflow/.local/lib/python3.8/site-packages/airflow/example_dags/example_xcomargs.py
[2025-02-20T16:12:00.194+0000] {processor.py:840} INFO - DAG(s) 'example_xcom_args_with_operators', 'example_xcom_args' retrieved from /home/airflow/.local/lib/python3.8/site-packages/airflow/example_dags/example_xcomargs.py
[2025-02-20T16:12:00.241+0000] {logging_mixin.py:188} INFO - [2025-02-20T16:12:00.241+0000] {dag.py:3036} INFO - Sync 2 DAGs
[2025-02-20T16:12:00.267+0000] {logging_mixin.py:188} INFO - [2025-02-20T16:12:00.266+0000] {dag.py:3823} INFO - Setting next_dagrun for example_xcom_args to None, run_after=None
[2025-02-20T16:12:00.273+0000] {logging_mixin.py:188} INFO - [2025-02-20T16:12:00.273+0000] {dag.py:3823} INFO - Setting next_dagrun for example_xcom_args_with_operators to None, run_after=None
[2025-02-20T16:12:00.303+0000] {processor.py:183} INFO - Processing /home/airflow/.local/lib/python3.8/site-packages/airflow/example_dags/example_xcomargs.py took 0.137 seconds
[2025-02-20T18:12:13.793+0000] {processor.py:161} INFO - Started process (PID=3461) to work on /home/airflow/.local/lib/python3.8/site-packages/airflow/example_dags/example_xcomargs.py
[2025-02-20T18:12:13.794+0000] {processor.py:830} INFO - Processing file /home/airflow/.local/lib/python3.8/site-packages/airflow/example_dags/example_xcomargs.py for tasks to queue
[2025-02-20T18:12:13.798+0000] {logging_mixin.py:188} INFO - [2025-02-20T18:12:13.798+0000] {dagbag.py:538} INFO - Filling up the DagBag from /home/airflow/.local/lib/python3.8/site-packages/airflow/example_dags/example_xcomargs.py
[2025-02-20T18:12:13.815+0000] {processor.py:840} INFO - DAG(s) 'example_xcom_args_with_operators', 'example_xcom_args' retrieved from /home/airflow/.local/lib/python3.8/site-packages/airflow/example_dags/example_xcomargs.py
[2025-02-20T18:12:13.875+0000] {logging_mixin.py:188} INFO - [2025-02-20T18:12:13.874+0000] {dag.py:3036} INFO - Sync 2 DAGs
[2025-02-20T18:12:13.909+0000] {logging_mixin.py:188} INFO - [2025-02-20T18:12:13.908+0000] {dag.py:3823} INFO - Setting next_dagrun for example_xcom_args to None, run_after=None
[2025-02-20T18:12:13.973+0000] {logging_mixin.py:188} INFO - [2025-02-20T18:12:13.973+0000] {dag.py:3823} INFO - Setting next_dagrun for example_xcom_args_with_operators to None, run_after=None
[2025-02-20T18:12:14.012+0000] {processor.py:183} INFO - Processing /home/airflow/.local/lib/python3.8/site-packages/airflow/example_dags/example_xcomargs.py took 0.225 seconds
[2025-02-20T18:12:44.106+0000] {processor.py:161} INFO - Started process (PID=3518) to work on /home/airflow/.local/lib/python3.8/site-packages/airflow/example_dags/example_xcomargs.py
[2025-02-20T18:12:44.107+0000] {processor.py:830} INFO - Processing file /home/airflow/.local/lib/python3.8/site-packages/airflow/example_dags/example_xcomargs.py for tasks to queue
[2025-02-20T18:12:44.110+0000] {logging_mixin.py:188} INFO - [2025-02-20T18:12:44.109+0000] {dagbag.py:538} INFO - Filling up the DagBag from /home/airflow/.local/lib/python3.8/site-packages/airflow/example_dags/example_xcomargs.py
[2025-02-20T18:12:44.119+0000] {processor.py:840} INFO - DAG(s) 'example_xcom_args_with_operators', 'example_xcom_args' retrieved from /home/airflow/.local/lib/python3.8/site-packages/airflow/example_dags/example_xcomargs.py
[2025-02-20T18:12:44.147+0000] {logging_mixin.py:188} INFO - [2025-02-20T18:12:44.147+0000] {dag.py:3036} INFO - Sync 2 DAGs
[2025-02-20T18:12:44.161+0000] {logging_mixin.py:188} INFO - [2025-02-20T18:12:44.161+0000] {dag.py:3823} INFO - Setting next_dagrun for example_xcom_args to None, run_after=None
[2025-02-20T18:12:44.165+0000] {logging_mixin.py:188} INFO - [2025-02-20T18:12:44.165+0000] {dag.py:3823} INFO - Setting next_dagrun for example_xcom_args_with_operators to None, run_after=None
[2025-02-20T18:12:44.187+0000] {processor.py:183} INFO - Processing /home/airflow/.local/lib/python3.8/site-packages/airflow/example_dags/example_xcomargs.py took 0.085 seconds
[2025-02-20T20:05:32.006+0000] {processor.py:161} INFO - Started process (PID=3573) to work on /home/airflow/.local/lib/python3.8/site-packages/airflow/example_dags/example_xcomargs.py
[2025-02-20T20:05:32.012+0000] {processor.py:830} INFO - Processing file /home/airflow/.local/lib/python3.8/site-packages/airflow/example_dags/example_xcomargs.py for tasks to queue
[2025-02-20T20:05:32.018+0000] {logging_mixin.py:188} INFO - [2025-02-20T20:05:32.018+0000] {dagbag.py:538} INFO - Filling up the DagBag from /home/airflow/.local/lib/python3.8/site-packages/airflow/example_dags/example_xcomargs.py
[2025-02-20T20:05:32.061+0000] {processor.py:840} INFO - DAG(s) 'example_xcom_args', 'example_xcom_args_with_operators' retrieved from /home/airflow/.local/lib/python3.8/site-packages/airflow/example_dags/example_xcomargs.py
[2025-02-20T20:05:32.171+0000] {logging_mixin.py:188} INFO - [2025-02-20T20:05:32.170+0000] {dag.py:3036} INFO - Sync 2 DAGs
[2025-02-20T20:05:32.324+0000] {logging_mixin.py:188} INFO - [2025-02-20T20:05:32.323+0000] {dag.py:3823} INFO - Setting next_dagrun for example_xcom_args to None, run_after=None
[2025-02-20T20:05:32.374+0000] {logging_mixin.py:188} INFO - [2025-02-20T20:05:32.353+0000] {dag.py:3823} INFO - Setting next_dagrun for example_xcom_args_with_operators to None, run_after=None
[2025-02-20T20:05:32.501+0000] {processor.py:183} INFO - Processing /home/airflow/.local/lib/python3.8/site-packages/airflow/example_dags/example_xcomargs.py took 0.505 seconds
[2025-02-20T20:06:02.733+0000] {processor.py:161} INFO - Started process (PID=3639) to work on /home/airflow/.local/lib/python3.8/site-packages/airflow/example_dags/example_xcomargs.py
[2025-02-20T20:06:02.739+0000] {processor.py:830} INFO - Processing file /home/airflow/.local/lib/python3.8/site-packages/airflow/example_dags/example_xcomargs.py for tasks to queue
[2025-02-20T20:06:02.750+0000] {logging_mixin.py:188} INFO - [2025-02-20T20:06:02.749+0000] {dagbag.py:538} INFO - Filling up the DagBag from /home/airflow/.local/lib/python3.8/site-packages/airflow/example_dags/example_xcomargs.py
[2025-02-20T20:06:02.787+0000] {processor.py:840} INFO - DAG(s) 'example_xcom_args', 'example_xcom_args_with_operators' retrieved from /home/airflow/.local/lib/python3.8/site-packages/airflow/example_dags/example_xcomargs.py
[2025-02-20T20:06:02.908+0000] {logging_mixin.py:188} INFO - [2025-02-20T20:06:02.908+0000] {dag.py:3036} INFO - Sync 2 DAGs
[2025-02-20T20:06:02.966+0000] {logging_mixin.py:188} INFO - [2025-02-20T20:06:02.965+0000] {dag.py:3823} INFO - Setting next_dagrun for example_xcom_args to None, run_after=None
[2025-02-20T20:06:02.977+0000] {logging_mixin.py:188} INFO - [2025-02-20T20:06:02.977+0000] {dag.py:3823} INFO - Setting next_dagrun for example_xcom_args_with_operators to None, run_after=None
[2025-02-20T20:06:03.063+0000] {processor.py:183} INFO - Processing /home/airflow/.local/lib/python3.8/site-packages/airflow/example_dags/example_xcomargs.py took 0.347 seconds
[2025-02-20T20:18:56.347+0000] {processor.py:161} INFO - Started process (PID=3665) to work on /home/airflow/.local/lib/python3.8/site-packages/airflow/example_dags/example_xcomargs.py
[2025-02-20T20:18:56.349+0000] {processor.py:830} INFO - Processing file /home/airflow/.local/lib/python3.8/site-packages/airflow/example_dags/example_xcomargs.py for tasks to queue
[2025-02-20T20:18:56.354+0000] {logging_mixin.py:188} INFO - [2025-02-20T20:18:56.354+0000] {dagbag.py:538} INFO - Filling up the DagBag from /home/airflow/.local/lib/python3.8/site-packages/airflow/example_dags/example_xcomargs.py
[2025-02-20T20:18:56.373+0000] {processor.py:840} INFO - DAG(s) 'example_xcom_args_with_operators', 'example_xcom_args' retrieved from /home/airflow/.local/lib/python3.8/site-packages/airflow/example_dags/example_xcomargs.py
[2025-02-20T20:18:56.427+0000] {logging_mixin.py:188} INFO - [2025-02-20T20:18:56.426+0000] {dag.py:3036} INFO - Sync 2 DAGs
[2025-02-20T20:18:56.451+0000] {logging_mixin.py:188} INFO - [2025-02-20T20:18:56.451+0000] {dag.py:3823} INFO - Setting next_dagrun for example_xcom_args to None, run_after=None
[2025-02-20T20:18:56.459+0000] {logging_mixin.py:188} INFO - [2025-02-20T20:18:56.458+0000] {dag.py:3823} INFO - Setting next_dagrun for example_xcom_args_with_operators to None, run_after=None
[2025-02-20T20:18:56.512+0000] {processor.py:183} INFO - Processing /home/airflow/.local/lib/python3.8/site-packages/airflow/example_dags/example_xcomargs.py took 0.172 seconds
[2025-02-20T20:19:26.745+0000] {processor.py:161} INFO - Started process (PID=3722) to work on /home/airflow/.local/lib/python3.8/site-packages/airflow/example_dags/example_xcomargs.py
[2025-02-20T20:19:26.747+0000] {processor.py:830} INFO - Processing file /home/airflow/.local/lib/python3.8/site-packages/airflow/example_dags/example_xcomargs.py for tasks to queue
[2025-02-20T20:19:26.749+0000] {logging_mixin.py:188} INFO - [2025-02-20T20:19:26.749+0000] {dagbag.py:538} INFO - Filling up the DagBag from /home/airflow/.local/lib/python3.8/site-packages/airflow/example_dags/example_xcomargs.py
[2025-02-20T20:19:26.762+0000] {processor.py:840} INFO - DAG(s) 'example_xcom_args_with_operators', 'example_xcom_args' retrieved from /home/airflow/.local/lib/python3.8/site-packages/airflow/example_dags/example_xcomargs.py
[2025-02-20T20:19:26.800+0000] {logging_mixin.py:188} INFO - [2025-02-20T20:19:26.800+0000] {dag.py:3036} INFO - Sync 2 DAGs
[2025-02-20T20:19:26.815+0000] {logging_mixin.py:188} INFO - [2025-02-20T20:19:26.814+0000] {dag.py:3823} INFO - Setting next_dagrun for example_xcom_args to None, run_after=None
[2025-02-20T20:19:26.819+0000] {logging_mixin.py:188} INFO - [2025-02-20T20:19:26.818+0000] {dag.py:3823} INFO - Setting next_dagrun for example_xcom_args_with_operators to None, run_after=None
[2025-02-20T20:19:26.840+0000] {processor.py:183} INFO - Processing /home/airflow/.local/lib/python3.8/site-packages/airflow/example_dags/example_xcomargs.py took 0.099 seconds
[2025-02-20T22:14:23.592+0000] {processor.py:161} INFO - Started process (PID=3763) to work on /home/airflow/.local/lib/python3.8/site-packages/airflow/example_dags/example_xcomargs.py
[2025-02-20T22:14:23.598+0000] {processor.py:830} INFO - Processing file /home/airflow/.local/lib/python3.8/site-packages/airflow/example_dags/example_xcomargs.py for tasks to queue
[2025-02-20T22:14:23.603+0000] {logging_mixin.py:188} INFO - [2025-02-20T22:14:23.603+0000] {dagbag.py:538} INFO - Filling up the DagBag from /home/airflow/.local/lib/python3.8/site-packages/airflow/example_dags/example_xcomargs.py
[2025-02-20T22:14:23.629+0000] {processor.py:840} INFO - DAG(s) 'example_xcom_args_with_operators', 'example_xcom_args' retrieved from /home/airflow/.local/lib/python3.8/site-packages/airflow/example_dags/example_xcomargs.py
[2025-02-20T22:14:23.682+0000] {logging_mixin.py:188} INFO - [2025-02-20T22:14:23.682+0000] {dag.py:3036} INFO - Sync 2 DAGs
[2025-02-20T22:14:23.712+0000] {logging_mixin.py:188} INFO - [2025-02-20T22:14:23.711+0000] {dag.py:3823} INFO - Setting next_dagrun for example_xcom_args to None, run_after=None
[2025-02-20T22:14:23.720+0000] {logging_mixin.py:188} INFO - [2025-02-20T22:14:23.720+0000] {dag.py:3823} INFO - Setting next_dagrun for example_xcom_args_with_operators to None, run_after=None
[2025-02-20T22:14:23.765+0000] {processor.py:183} INFO - Processing /home/airflow/.local/lib/python3.8/site-packages/airflow/example_dags/example_xcomargs.py took 0.183 seconds
