[2025-02-20T13:45:58.325+0000] {processor.py:161} INFO - Started process (PID=90) to work on /home/airflow/.local/lib/python3.8/site-packages/airflow/example_dags/example_short_circuit_operator.py
[2025-02-20T13:45:58.341+0000] {processor.py:830} INFO - Processing file /home/airflow/.local/lib/python3.8/site-packages/airflow/example_dags/example_short_circuit_operator.py for tasks to queue
[2025-02-20T13:45:58.351+0000] {logging_mixin.py:188} INFO - [2025-02-20T13:45:58.351+0000] {dagbag.py:538} INFO - Filling up the DagBag from /home/airflow/.local/lib/python3.8/site-packages/airflow/example_dags/example_short_circuit_operator.py
[2025-02-20T13:45:58.390+0000] {processor.py:840} INFO - DAG(s) 'example_short_circuit_operator' retrieved from /home/airflow/.local/lib/python3.8/site-packages/airflow/example_dags/example_short_circuit_operator.py
[2025-02-20T13:45:58.636+0000] {logging_mixin.py:188} INFO - [2025-02-20T13:45:58.636+0000] {dag.py:3036} INFO - Sync 1 DAGs
[2025-02-20T13:45:58.783+0000] {logging_mixin.py:188} INFO - [2025-02-20T13:45:58.782+0000] {dag.py:3823} INFO - Setting next_dagrun for example_short_circuit_operator to 2025-02-19 00:00:00+00:00, run_after=2025-02-20 00:00:00+00:00
[2025-02-20T13:45:58.834+0000] {processor.py:183} INFO - Processing /home/airflow/.local/lib/python3.8/site-packages/airflow/example_dags/example_short_circuit_operator.py took 0.556 seconds
[2025-02-20T13:46:29.454+0000] {processor.py:161} INFO - Started process (PID=155) to work on /home/airflow/.local/lib/python3.8/site-packages/airflow/example_dags/example_short_circuit_operator.py
[2025-02-20T13:46:29.456+0000] {processor.py:830} INFO - Processing file /home/airflow/.local/lib/python3.8/site-packages/airflow/example_dags/example_short_circuit_operator.py for tasks to queue
[2025-02-20T13:46:29.459+0000] {logging_mixin.py:188} INFO - [2025-02-20T13:46:29.458+0000] {dagbag.py:538} INFO - Filling up the DagBag from /home/airflow/.local/lib/python3.8/site-packages/airflow/example_dags/example_short_circuit_operator.py
[2025-02-20T13:46:29.474+0000] {processor.py:840} INFO - DAG(s) 'example_short_circuit_operator' retrieved from /home/airflow/.local/lib/python3.8/site-packages/airflow/example_dags/example_short_circuit_operator.py
[2025-02-20T13:46:29.521+0000] {logging_mixin.py:188} INFO - [2025-02-20T13:46:29.520+0000] {dag.py:3036} INFO - Sync 1 DAGs
[2025-02-20T13:46:29.559+0000] {logging_mixin.py:188} INFO - [2025-02-20T13:46:29.559+0000] {dag.py:3823} INFO - Setting next_dagrun for example_short_circuit_operator to 2025-02-19 00:00:00+00:00, run_after=2025-02-20 00:00:00+00:00
[2025-02-20T13:46:29.600+0000] {processor.py:183} INFO - Processing /home/airflow/.local/lib/python3.8/site-packages/airflow/example_dags/example_short_circuit_operator.py took 0.152 seconds
[2025-02-20T13:47:00.116+0000] {processor.py:161} INFO - Started process (PID=220) to work on /home/airflow/.local/lib/python3.8/site-packages/airflow/example_dags/example_short_circuit_operator.py
[2025-02-20T13:47:00.118+0000] {processor.py:830} INFO - Processing file /home/airflow/.local/lib/python3.8/site-packages/airflow/example_dags/example_short_circuit_operator.py for tasks to queue
[2025-02-20T13:47:00.122+0000] {logging_mixin.py:188} INFO - [2025-02-20T13:47:00.121+0000] {dagbag.py:538} INFO - Filling up the DagBag from /home/airflow/.local/lib/python3.8/site-packages/airflow/example_dags/example_short_circuit_operator.py
[2025-02-20T13:47:00.139+0000] {processor.py:840} INFO - DAG(s) 'example_short_circuit_operator' retrieved from /home/airflow/.local/lib/python3.8/site-packages/airflow/example_dags/example_short_circuit_operator.py
[2025-02-20T13:47:00.182+0000] {logging_mixin.py:188} INFO - [2025-02-20T13:47:00.182+0000] {dag.py:3036} INFO - Sync 1 DAGs
[2025-02-20T13:47:00.221+0000] {logging_mixin.py:188} INFO - [2025-02-20T13:47:00.220+0000] {dag.py:3823} INFO - Setting next_dagrun for example_short_circuit_operator to 2025-02-19 00:00:00+00:00, run_after=2025-02-20 00:00:00+00:00
[2025-02-20T13:47:00.258+0000] {processor.py:183} INFO - Processing /home/airflow/.local/lib/python3.8/site-packages/airflow/example_dags/example_short_circuit_operator.py took 0.146 seconds
[2025-02-20T13:47:30.743+0000] {processor.py:161} INFO - Started process (PID=286) to work on /home/airflow/.local/lib/python3.8/site-packages/airflow/example_dags/example_short_circuit_operator.py
[2025-02-20T13:47:30.755+0000] {processor.py:830} INFO - Processing file /home/airflow/.local/lib/python3.8/site-packages/airflow/example_dags/example_short_circuit_operator.py for tasks to queue
[2025-02-20T13:47:30.760+0000] {logging_mixin.py:188} INFO - [2025-02-20T13:47:30.759+0000] {dagbag.py:538} INFO - Filling up the DagBag from /home/airflow/.local/lib/python3.8/site-packages/airflow/example_dags/example_short_circuit_operator.py
[2025-02-20T13:47:30.788+0000] {processor.py:840} INFO - DAG(s) 'example_short_circuit_operator' retrieved from /home/airflow/.local/lib/python3.8/site-packages/airflow/example_dags/example_short_circuit_operator.py
[2025-02-20T13:47:30.955+0000] {logging_mixin.py:188} INFO - [2025-02-20T13:47:30.955+0000] {dag.py:3036} INFO - Sync 1 DAGs
[2025-02-20T13:47:31.043+0000] {logging_mixin.py:188} INFO - [2025-02-20T13:47:31.043+0000] {dag.py:3823} INFO - Setting next_dagrun for example_short_circuit_operator to 2025-02-19 00:00:00+00:00, run_after=2025-02-20 00:00:00+00:00
[2025-02-20T13:47:31.136+0000] {processor.py:183} INFO - Processing /home/airflow/.local/lib/python3.8/site-packages/airflow/example_dags/example_short_circuit_operator.py took 0.418 seconds
[2025-02-20T13:48:01.426+0000] {processor.py:161} INFO - Started process (PID=350) to work on /home/airflow/.local/lib/python3.8/site-packages/airflow/example_dags/example_short_circuit_operator.py
[2025-02-20T13:48:01.429+0000] {processor.py:830} INFO - Processing file /home/airflow/.local/lib/python3.8/site-packages/airflow/example_dags/example_short_circuit_operator.py for tasks to queue
[2025-02-20T13:48:01.432+0000] {logging_mixin.py:188} INFO - [2025-02-20T13:48:01.432+0000] {dagbag.py:538} INFO - Filling up the DagBag from /home/airflow/.local/lib/python3.8/site-packages/airflow/example_dags/example_short_circuit_operator.py
[2025-02-20T13:48:01.455+0000] {processor.py:840} INFO - DAG(s) 'example_short_circuit_operator' retrieved from /home/airflow/.local/lib/python3.8/site-packages/airflow/example_dags/example_short_circuit_operator.py
[2025-02-20T13:48:01.506+0000] {logging_mixin.py:188} INFO - [2025-02-20T13:48:01.506+0000] {dag.py:3036} INFO - Sync 1 DAGs
[2025-02-20T13:48:01.557+0000] {logging_mixin.py:188} INFO - [2025-02-20T13:48:01.556+0000] {dag.py:3823} INFO - Setting next_dagrun for example_short_circuit_operator to 2025-02-19 00:00:00+00:00, run_after=2025-02-20 00:00:00+00:00
[2025-02-20T13:48:01.602+0000] {processor.py:183} INFO - Processing /home/airflow/.local/lib/python3.8/site-packages/airflow/example_dags/example_short_circuit_operator.py took 0.185 seconds
[2025-02-20T13:48:32.323+0000] {processor.py:161} INFO - Started process (PID=414) to work on /home/airflow/.local/lib/python3.8/site-packages/airflow/example_dags/example_short_circuit_operator.py
[2025-02-20T13:48:32.330+0000] {processor.py:830} INFO - Processing file /home/airflow/.local/lib/python3.8/site-packages/airflow/example_dags/example_short_circuit_operator.py for tasks to queue
[2025-02-20T13:48:32.341+0000] {logging_mixin.py:188} INFO - [2025-02-20T13:48:32.338+0000] {dagbag.py:538} INFO - Filling up the DagBag from /home/airflow/.local/lib/python3.8/site-packages/airflow/example_dags/example_short_circuit_operator.py
[2025-02-20T13:48:32.392+0000] {processor.py:840} INFO - DAG(s) 'example_short_circuit_operator' retrieved from /home/airflow/.local/lib/python3.8/site-packages/airflow/example_dags/example_short_circuit_operator.py
[2025-02-20T13:48:32.444+0000] {logging_mixin.py:188} INFO - [2025-02-20T13:48:32.442+0000] {dag.py:3036} INFO - Sync 1 DAGs
[2025-02-20T13:48:32.503+0000] {logging_mixin.py:188} INFO - [2025-02-20T13:48:32.502+0000] {dag.py:3823} INFO - Setting next_dagrun for example_short_circuit_operator to 2025-02-19 00:00:00+00:00, run_after=2025-02-20 00:00:00+00:00
[2025-02-20T13:48:32.561+0000] {processor.py:183} INFO - Processing /home/airflow/.local/lib/python3.8/site-packages/airflow/example_dags/example_short_circuit_operator.py took 0.256 seconds
[2025-02-20T13:49:02.784+0000] {processor.py:161} INFO - Started process (PID=478) to work on /home/airflow/.local/lib/python3.8/site-packages/airflow/example_dags/example_short_circuit_operator.py
[2025-02-20T13:49:02.792+0000] {processor.py:830} INFO - Processing file /home/airflow/.local/lib/python3.8/site-packages/airflow/example_dags/example_short_circuit_operator.py for tasks to queue
[2025-02-20T13:49:02.802+0000] {logging_mixin.py:188} INFO - [2025-02-20T13:49:02.802+0000] {dagbag.py:538} INFO - Filling up the DagBag from /home/airflow/.local/lib/python3.8/site-packages/airflow/example_dags/example_short_circuit_operator.py
[2025-02-20T13:49:02.853+0000] {processor.py:840} INFO - DAG(s) 'example_short_circuit_operator' retrieved from /home/airflow/.local/lib/python3.8/site-packages/airflow/example_dags/example_short_circuit_operator.py
[2025-02-20T13:49:03.162+0000] {logging_mixin.py:188} INFO - [2025-02-20T13:49:03.161+0000] {dag.py:3036} INFO - Sync 1 DAGs
[2025-02-20T13:49:03.422+0000] {logging_mixin.py:188} INFO - [2025-02-20T13:49:03.421+0000] {dag.py:3823} INFO - Setting next_dagrun for example_short_circuit_operator to 2025-02-19 00:00:00+00:00, run_after=2025-02-20 00:00:00+00:00
[2025-02-20T13:49:03.809+0000] {processor.py:183} INFO - Processing /home/airflow/.local/lib/python3.8/site-packages/airflow/example_dags/example_short_circuit_operator.py took 1.035 seconds
[2025-02-20T13:49:34.009+0000] {processor.py:161} INFO - Started process (PID=535) to work on /home/airflow/.local/lib/python3.8/site-packages/airflow/example_dags/example_short_circuit_operator.py
[2025-02-20T13:49:34.011+0000] {processor.py:830} INFO - Processing file /home/airflow/.local/lib/python3.8/site-packages/airflow/example_dags/example_short_circuit_operator.py for tasks to queue
[2025-02-20T13:49:34.016+0000] {logging_mixin.py:188} INFO - [2025-02-20T13:49:34.015+0000] {dagbag.py:538} INFO - Filling up the DagBag from /home/airflow/.local/lib/python3.8/site-packages/airflow/example_dags/example_short_circuit_operator.py
[2025-02-20T13:49:34.037+0000] {processor.py:840} INFO - DAG(s) 'example_short_circuit_operator' retrieved from /home/airflow/.local/lib/python3.8/site-packages/airflow/example_dags/example_short_circuit_operator.py
[2025-02-20T13:49:34.106+0000] {logging_mixin.py:188} INFO - [2025-02-20T13:49:34.106+0000] {dag.py:3036} INFO - Sync 1 DAGs
[2025-02-20T13:49:34.164+0000] {logging_mixin.py:188} INFO - [2025-02-20T13:49:34.164+0000] {dag.py:3823} INFO - Setting next_dagrun for example_short_circuit_operator to 2025-02-19 00:00:00+00:00, run_after=2025-02-20 00:00:00+00:00
[2025-02-20T13:49:34.208+0000] {processor.py:183} INFO - Processing /home/airflow/.local/lib/python3.8/site-packages/airflow/example_dags/example_short_circuit_operator.py took 0.206 seconds
[2025-02-20T13:50:04.735+0000] {processor.py:161} INFO - Started process (PID=601) to work on /home/airflow/.local/lib/python3.8/site-packages/airflow/example_dags/example_short_circuit_operator.py
[2025-02-20T13:50:04.741+0000] {processor.py:830} INFO - Processing file /home/airflow/.local/lib/python3.8/site-packages/airflow/example_dags/example_short_circuit_operator.py for tasks to queue
[2025-02-20T13:50:04.745+0000] {logging_mixin.py:188} INFO - [2025-02-20T13:50:04.745+0000] {dagbag.py:538} INFO - Filling up the DagBag from /home/airflow/.local/lib/python3.8/site-packages/airflow/example_dags/example_short_circuit_operator.py
[2025-02-20T13:50:04.768+0000] {processor.py:840} INFO - DAG(s) 'example_short_circuit_operator' retrieved from /home/airflow/.local/lib/python3.8/site-packages/airflow/example_dags/example_short_circuit_operator.py
[2025-02-20T13:50:04.808+0000] {logging_mixin.py:188} INFO - [2025-02-20T13:50:04.808+0000] {dag.py:3036} INFO - Sync 1 DAGs
[2025-02-20T13:50:04.843+0000] {logging_mixin.py:188} INFO - [2025-02-20T13:50:04.842+0000] {dag.py:3823} INFO - Setting next_dagrun for example_short_circuit_operator to 2025-02-19 00:00:00+00:00, run_after=2025-02-20 00:00:00+00:00
[2025-02-20T13:50:04.878+0000] {processor.py:183} INFO - Processing /home/airflow/.local/lib/python3.8/site-packages/airflow/example_dags/example_short_circuit_operator.py took 0.148 seconds
[2025-02-20T13:50:35.273+0000] {processor.py:161} INFO - Started process (PID=667) to work on /home/airflow/.local/lib/python3.8/site-packages/airflow/example_dags/example_short_circuit_operator.py
[2025-02-20T13:50:35.278+0000] {processor.py:830} INFO - Processing file /home/airflow/.local/lib/python3.8/site-packages/airflow/example_dags/example_short_circuit_operator.py for tasks to queue
[2025-02-20T13:50:35.282+0000] {logging_mixin.py:188} INFO - [2025-02-20T13:50:35.282+0000] {dagbag.py:538} INFO - Filling up the DagBag from /home/airflow/.local/lib/python3.8/site-packages/airflow/example_dags/example_short_circuit_operator.py
[2025-02-20T13:50:35.314+0000] {processor.py:840} INFO - DAG(s) 'example_short_circuit_operator' retrieved from /home/airflow/.local/lib/python3.8/site-packages/airflow/example_dags/example_short_circuit_operator.py
[2025-02-20T13:50:35.407+0000] {logging_mixin.py:188} INFO - [2025-02-20T13:50:35.406+0000] {dag.py:3036} INFO - Sync 1 DAGs
[2025-02-20T13:50:35.471+0000] {logging_mixin.py:188} INFO - [2025-02-20T13:50:35.471+0000] {dag.py:3823} INFO - Setting next_dagrun for example_short_circuit_operator to 2025-02-19 00:00:00+00:00, run_after=2025-02-20 00:00:00+00:00
[2025-02-20T13:50:35.527+0000] {processor.py:183} INFO - Processing /home/airflow/.local/lib/python3.8/site-packages/airflow/example_dags/example_short_circuit_operator.py took 0.265 seconds
[2025-02-20T13:51:05.871+0000] {processor.py:161} INFO - Started process (PID=731) to work on /home/airflow/.local/lib/python3.8/site-packages/airflow/example_dags/example_short_circuit_operator.py
[2025-02-20T13:51:05.873+0000] {processor.py:830} INFO - Processing file /home/airflow/.local/lib/python3.8/site-packages/airflow/example_dags/example_short_circuit_operator.py for tasks to queue
[2025-02-20T13:51:05.875+0000] {logging_mixin.py:188} INFO - [2025-02-20T13:51:05.875+0000] {dagbag.py:538} INFO - Filling up the DagBag from /home/airflow/.local/lib/python3.8/site-packages/airflow/example_dags/example_short_circuit_operator.py
[2025-02-20T13:51:05.889+0000] {processor.py:840} INFO - DAG(s) 'example_short_circuit_operator' retrieved from /home/airflow/.local/lib/python3.8/site-packages/airflow/example_dags/example_short_circuit_operator.py
[2025-02-20T13:51:05.929+0000] {logging_mixin.py:188} INFO - [2025-02-20T13:51:05.928+0000] {dag.py:3036} INFO - Sync 1 DAGs
[2025-02-20T13:51:05.967+0000] {logging_mixin.py:188} INFO - [2025-02-20T13:51:05.966+0000] {dag.py:3823} INFO - Setting next_dagrun for example_short_circuit_operator to 2025-02-19 00:00:00+00:00, run_after=2025-02-20 00:00:00+00:00
[2025-02-20T13:51:06.002+0000] {processor.py:183} INFO - Processing /home/airflow/.local/lib/python3.8/site-packages/airflow/example_dags/example_short_circuit_operator.py took 0.136 seconds
[2025-02-20T13:51:36.432+0000] {processor.py:161} INFO - Started process (PID=796) to work on /home/airflow/.local/lib/python3.8/site-packages/airflow/example_dags/example_short_circuit_operator.py
[2025-02-20T13:51:36.434+0000] {processor.py:830} INFO - Processing file /home/airflow/.local/lib/python3.8/site-packages/airflow/example_dags/example_short_circuit_operator.py for tasks to queue
[2025-02-20T13:51:36.437+0000] {logging_mixin.py:188} INFO - [2025-02-20T13:51:36.436+0000] {dagbag.py:538} INFO - Filling up the DagBag from /home/airflow/.local/lib/python3.8/site-packages/airflow/example_dags/example_short_circuit_operator.py
[2025-02-20T13:51:36.457+0000] {processor.py:840} INFO - DAG(s) 'example_short_circuit_operator' retrieved from /home/airflow/.local/lib/python3.8/site-packages/airflow/example_dags/example_short_circuit_operator.py
[2025-02-20T13:51:36.503+0000] {logging_mixin.py:188} INFO - [2025-02-20T13:51:36.502+0000] {dag.py:3036} INFO - Sync 1 DAGs
[2025-02-20T13:51:36.547+0000] {logging_mixin.py:188} INFO - [2025-02-20T13:51:36.546+0000] {dag.py:3823} INFO - Setting next_dagrun for example_short_circuit_operator to 2025-02-19 00:00:00+00:00, run_after=2025-02-20 00:00:00+00:00
[2025-02-20T13:51:36.580+0000] {processor.py:183} INFO - Processing /home/airflow/.local/lib/python3.8/site-packages/airflow/example_dags/example_short_circuit_operator.py took 0.153 seconds
[2025-02-20T13:52:07.097+0000] {processor.py:161} INFO - Started process (PID=861) to work on /home/airflow/.local/lib/python3.8/site-packages/airflow/example_dags/example_short_circuit_operator.py
[2025-02-20T13:52:07.098+0000] {processor.py:830} INFO - Processing file /home/airflow/.local/lib/python3.8/site-packages/airflow/example_dags/example_short_circuit_operator.py for tasks to queue
[2025-02-20T13:52:07.102+0000] {logging_mixin.py:188} INFO - [2025-02-20T13:52:07.101+0000] {dagbag.py:538} INFO - Filling up the DagBag from /home/airflow/.local/lib/python3.8/site-packages/airflow/example_dags/example_short_circuit_operator.py
[2025-02-20T13:52:07.117+0000] {processor.py:840} INFO - DAG(s) 'example_short_circuit_operator' retrieved from /home/airflow/.local/lib/python3.8/site-packages/airflow/example_dags/example_short_circuit_operator.py
[2025-02-20T13:52:07.168+0000] {logging_mixin.py:188} INFO - [2025-02-20T13:52:07.167+0000] {dag.py:3036} INFO - Sync 1 DAGs
[2025-02-20T13:52:07.210+0000] {logging_mixin.py:188} INFO - [2025-02-20T13:52:07.210+0000] {dag.py:3823} INFO - Setting next_dagrun for example_short_circuit_operator to 2025-02-19 00:00:00+00:00, run_after=2025-02-20 00:00:00+00:00
[2025-02-20T13:52:07.243+0000] {processor.py:183} INFO - Processing /home/airflow/.local/lib/python3.8/site-packages/airflow/example_dags/example_short_circuit_operator.py took 0.154 seconds
[2025-02-20T13:52:37.421+0000] {processor.py:161} INFO - Started process (PID=925) to work on /home/airflow/.local/lib/python3.8/site-packages/airflow/example_dags/example_short_circuit_operator.py
[2025-02-20T13:52:37.422+0000] {processor.py:830} INFO - Processing file /home/airflow/.local/lib/python3.8/site-packages/airflow/example_dags/example_short_circuit_operator.py for tasks to queue
[2025-02-20T13:52:37.428+0000] {logging_mixin.py:188} INFO - [2025-02-20T13:52:37.427+0000] {dagbag.py:538} INFO - Filling up the DagBag from /home/airflow/.local/lib/python3.8/site-packages/airflow/example_dags/example_short_circuit_operator.py
[2025-02-20T13:52:37.454+0000] {processor.py:840} INFO - DAG(s) 'example_short_circuit_operator' retrieved from /home/airflow/.local/lib/python3.8/site-packages/airflow/example_dags/example_short_circuit_operator.py
[2025-02-20T13:52:37.491+0000] {logging_mixin.py:188} INFO - [2025-02-20T13:52:37.490+0000] {dag.py:3036} INFO - Sync 1 DAGs
[2025-02-20T13:52:37.528+0000] {logging_mixin.py:188} INFO - [2025-02-20T13:52:37.528+0000] {dag.py:3823} INFO - Setting next_dagrun for example_short_circuit_operator to 2025-02-19 00:00:00+00:00, run_after=2025-02-20 00:00:00+00:00
[2025-02-20T13:52:37.561+0000] {processor.py:183} INFO - Processing /home/airflow/.local/lib/python3.8/site-packages/airflow/example_dags/example_short_circuit_operator.py took 0.145 seconds
[2025-02-20T13:53:08.020+0000] {processor.py:161} INFO - Started process (PID=990) to work on /home/airflow/.local/lib/python3.8/site-packages/airflow/example_dags/example_short_circuit_operator.py
[2025-02-20T13:53:08.029+0000] {processor.py:830} INFO - Processing file /home/airflow/.local/lib/python3.8/site-packages/airflow/example_dags/example_short_circuit_operator.py for tasks to queue
[2025-02-20T13:53:08.033+0000] {logging_mixin.py:188} INFO - [2025-02-20T13:53:08.032+0000] {dagbag.py:538} INFO - Filling up the DagBag from /home/airflow/.local/lib/python3.8/site-packages/airflow/example_dags/example_short_circuit_operator.py
[2025-02-20T13:53:08.211+0000] {processor.py:840} INFO - DAG(s) 'example_short_circuit_operator' retrieved from /home/airflow/.local/lib/python3.8/site-packages/airflow/example_dags/example_short_circuit_operator.py
[2025-02-20T13:53:08.412+0000] {logging_mixin.py:188} INFO - [2025-02-20T13:53:08.411+0000] {dag.py:3036} INFO - Sync 1 DAGs
[2025-02-20T13:53:08.596+0000] {logging_mixin.py:188} INFO - [2025-02-20T13:53:08.595+0000] {dag.py:3823} INFO - Setting next_dagrun for example_short_circuit_operator to 2025-02-19 00:00:00+00:00, run_after=2025-02-20 00:00:00+00:00
[2025-02-20T13:53:08.698+0000] {processor.py:183} INFO - Processing /home/airflow/.local/lib/python3.8/site-packages/airflow/example_dags/example_short_circuit_operator.py took 0.686 seconds
[2025-02-20T13:53:39.310+0000] {processor.py:161} INFO - Started process (PID=1062) to work on /home/airflow/.local/lib/python3.8/site-packages/airflow/example_dags/example_short_circuit_operator.py
[2025-02-20T13:53:39.323+0000] {processor.py:830} INFO - Processing file /home/airflow/.local/lib/python3.8/site-packages/airflow/example_dags/example_short_circuit_operator.py for tasks to queue
[2025-02-20T13:53:39.327+0000] {logging_mixin.py:188} INFO - [2025-02-20T13:53:39.326+0000] {dagbag.py:538} INFO - Filling up the DagBag from /home/airflow/.local/lib/python3.8/site-packages/airflow/example_dags/example_short_circuit_operator.py
[2025-02-20T13:53:39.341+0000] {processor.py:840} INFO - DAG(s) 'example_short_circuit_operator' retrieved from /home/airflow/.local/lib/python3.8/site-packages/airflow/example_dags/example_short_circuit_operator.py
[2025-02-20T13:53:39.386+0000] {logging_mixin.py:188} INFO - [2025-02-20T13:53:39.386+0000] {dag.py:3036} INFO - Sync 1 DAGs
[2025-02-20T13:53:39.429+0000] {logging_mixin.py:188} INFO - [2025-02-20T13:53:39.429+0000] {dag.py:3823} INFO - Setting next_dagrun for example_short_circuit_operator to 2025-02-19 00:00:00+00:00, run_after=2025-02-20 00:00:00+00:00
[2025-02-20T13:53:39.461+0000] {processor.py:183} INFO - Processing /home/airflow/.local/lib/python3.8/site-packages/airflow/example_dags/example_short_circuit_operator.py took 0.162 seconds
[2025-02-20T13:54:09.767+0000] {processor.py:161} INFO - Started process (PID=1128) to work on /home/airflow/.local/lib/python3.8/site-packages/airflow/example_dags/example_short_circuit_operator.py
[2025-02-20T13:54:09.769+0000] {processor.py:830} INFO - Processing file /home/airflow/.local/lib/python3.8/site-packages/airflow/example_dags/example_short_circuit_operator.py for tasks to queue
[2025-02-20T13:54:09.772+0000] {logging_mixin.py:188} INFO - [2025-02-20T13:54:09.771+0000] {dagbag.py:538} INFO - Filling up the DagBag from /home/airflow/.local/lib/python3.8/site-packages/airflow/example_dags/example_short_circuit_operator.py
[2025-02-20T13:54:09.791+0000] {processor.py:840} INFO - DAG(s) 'example_short_circuit_operator' retrieved from /home/airflow/.local/lib/python3.8/site-packages/airflow/example_dags/example_short_circuit_operator.py
[2025-02-20T13:54:09.834+0000] {logging_mixin.py:188} INFO - [2025-02-20T13:54:09.834+0000] {dag.py:3036} INFO - Sync 1 DAGs
[2025-02-20T13:54:09.871+0000] {logging_mixin.py:188} INFO - [2025-02-20T13:54:09.871+0000] {dag.py:3823} INFO - Setting next_dagrun for example_short_circuit_operator to 2025-02-19 00:00:00+00:00, run_after=2025-02-20 00:00:00+00:00
[2025-02-20T13:54:09.910+0000] {processor.py:183} INFO - Processing /home/airflow/.local/lib/python3.8/site-packages/airflow/example_dags/example_short_circuit_operator.py took 0.150 seconds
[2025-02-20T13:54:40.021+0000] {processor.py:161} INFO - Started process (PID=1192) to work on /home/airflow/.local/lib/python3.8/site-packages/airflow/example_dags/example_short_circuit_operator.py
[2025-02-20T13:54:40.022+0000] {processor.py:830} INFO - Processing file /home/airflow/.local/lib/python3.8/site-packages/airflow/example_dags/example_short_circuit_operator.py for tasks to queue
[2025-02-20T13:54:40.030+0000] {logging_mixin.py:188} INFO - [2025-02-20T13:54:40.030+0000] {dagbag.py:538} INFO - Filling up the DagBag from /home/airflow/.local/lib/python3.8/site-packages/airflow/example_dags/example_short_circuit_operator.py
[2025-02-20T13:54:40.048+0000] {processor.py:840} INFO - DAG(s) 'example_short_circuit_operator' retrieved from /home/airflow/.local/lib/python3.8/site-packages/airflow/example_dags/example_short_circuit_operator.py
[2025-02-20T13:54:40.101+0000] {logging_mixin.py:188} INFO - [2025-02-20T13:54:40.101+0000] {dag.py:3036} INFO - Sync 1 DAGs
[2025-02-20T13:54:40.136+0000] {logging_mixin.py:188} INFO - [2025-02-20T13:54:40.135+0000] {dag.py:3823} INFO - Setting next_dagrun for example_short_circuit_operator to 2025-02-19 00:00:00+00:00, run_after=2025-02-20 00:00:00+00:00
[2025-02-20T13:54:40.165+0000] {processor.py:183} INFO - Processing /home/airflow/.local/lib/python3.8/site-packages/airflow/example_dags/example_short_circuit_operator.py took 0.150 seconds
[2025-02-20T13:55:10.281+0000] {processor.py:161} INFO - Started process (PID=1255) to work on /home/airflow/.local/lib/python3.8/site-packages/airflow/example_dags/example_short_circuit_operator.py
[2025-02-20T13:55:10.284+0000] {processor.py:830} INFO - Processing file /home/airflow/.local/lib/python3.8/site-packages/airflow/example_dags/example_short_circuit_operator.py for tasks to queue
[2025-02-20T13:55:10.287+0000] {logging_mixin.py:188} INFO - [2025-02-20T13:55:10.287+0000] {dagbag.py:538} INFO - Filling up the DagBag from /home/airflow/.local/lib/python3.8/site-packages/airflow/example_dags/example_short_circuit_operator.py
[2025-02-20T13:55:10.303+0000] {processor.py:840} INFO - DAG(s) 'example_short_circuit_operator' retrieved from /home/airflow/.local/lib/python3.8/site-packages/airflow/example_dags/example_short_circuit_operator.py
[2025-02-20T13:55:10.360+0000] {logging_mixin.py:188} INFO - [2025-02-20T13:55:10.359+0000] {dag.py:3036} INFO - Sync 1 DAGs
[2025-02-20T13:55:10.452+0000] {logging_mixin.py:188} INFO - [2025-02-20T13:55:10.452+0000] {dag.py:3823} INFO - Setting next_dagrun for example_short_circuit_operator to 2025-02-19 00:00:00+00:00, run_after=2025-02-20 00:00:00+00:00
[2025-02-20T13:55:10.489+0000] {processor.py:183} INFO - Processing /home/airflow/.local/lib/python3.8/site-packages/airflow/example_dags/example_short_circuit_operator.py took 0.214 seconds
[2025-02-20T13:55:41.336+0000] {processor.py:161} INFO - Started process (PID=1321) to work on /home/airflow/.local/lib/python3.8/site-packages/airflow/example_dags/example_short_circuit_operator.py
[2025-02-20T13:55:41.340+0000] {processor.py:830} INFO - Processing file /home/airflow/.local/lib/python3.8/site-packages/airflow/example_dags/example_short_circuit_operator.py for tasks to queue
[2025-02-20T13:55:41.346+0000] {logging_mixin.py:188} INFO - [2025-02-20T13:55:41.345+0000] {dagbag.py:538} INFO - Filling up the DagBag from /home/airflow/.local/lib/python3.8/site-packages/airflow/example_dags/example_short_circuit_operator.py
[2025-02-20T13:55:41.363+0000] {processor.py:840} INFO - DAG(s) 'example_short_circuit_operator' retrieved from /home/airflow/.local/lib/python3.8/site-packages/airflow/example_dags/example_short_circuit_operator.py
[2025-02-20T13:55:41.421+0000] {logging_mixin.py:188} INFO - [2025-02-20T13:55:41.421+0000] {dag.py:3036} INFO - Sync 1 DAGs
[2025-02-20T13:55:41.469+0000] {logging_mixin.py:188} INFO - [2025-02-20T13:55:41.468+0000] {dag.py:3823} INFO - Setting next_dagrun for example_short_circuit_operator to 2025-02-19 00:00:00+00:00, run_after=2025-02-20 00:00:00+00:00
[2025-02-20T13:55:41.518+0000] {processor.py:183} INFO - Processing /home/airflow/.local/lib/python3.8/site-packages/airflow/example_dags/example_short_circuit_operator.py took 0.191 seconds
[2025-02-20T13:56:11.603+0000] {processor.py:161} INFO - Started process (PID=1385) to work on /home/airflow/.local/lib/python3.8/site-packages/airflow/example_dags/example_short_circuit_operator.py
[2025-02-20T13:56:11.605+0000] {processor.py:830} INFO - Processing file /home/airflow/.local/lib/python3.8/site-packages/airflow/example_dags/example_short_circuit_operator.py for tasks to queue
[2025-02-20T13:56:11.607+0000] {logging_mixin.py:188} INFO - [2025-02-20T13:56:11.607+0000] {dagbag.py:538} INFO - Filling up the DagBag from /home/airflow/.local/lib/python3.8/site-packages/airflow/example_dags/example_short_circuit_operator.py
[2025-02-20T13:56:11.616+0000] {processor.py:840} INFO - DAG(s) 'example_short_circuit_operator' retrieved from /home/airflow/.local/lib/python3.8/site-packages/airflow/example_dags/example_short_circuit_operator.py
[2025-02-20T13:56:11.647+0000] {logging_mixin.py:188} INFO - [2025-02-20T13:56:11.647+0000] {dag.py:3036} INFO - Sync 1 DAGs
[2025-02-20T13:56:11.674+0000] {logging_mixin.py:188} INFO - [2025-02-20T13:56:11.674+0000] {dag.py:3823} INFO - Setting next_dagrun for example_short_circuit_operator to 2025-02-19 00:00:00+00:00, run_after=2025-02-20 00:00:00+00:00
[2025-02-20T13:56:11.710+0000] {processor.py:183} INFO - Processing /home/airflow/.local/lib/python3.8/site-packages/airflow/example_dags/example_short_circuit_operator.py took 0.112 seconds
[2025-02-20T13:56:41.789+0000] {processor.py:161} INFO - Started process (PID=1458) to work on /home/airflow/.local/lib/python3.8/site-packages/airflow/example_dags/example_short_circuit_operator.py
[2025-02-20T13:56:41.791+0000] {processor.py:830} INFO - Processing file /home/airflow/.local/lib/python3.8/site-packages/airflow/example_dags/example_short_circuit_operator.py for tasks to queue
[2025-02-20T13:56:41.794+0000] {logging_mixin.py:188} INFO - [2025-02-20T13:56:41.793+0000] {dagbag.py:538} INFO - Filling up the DagBag from /home/airflow/.local/lib/python3.8/site-packages/airflow/example_dags/example_short_circuit_operator.py
[2025-02-20T13:56:41.807+0000] {processor.py:840} INFO - DAG(s) 'example_short_circuit_operator' retrieved from /home/airflow/.local/lib/python3.8/site-packages/airflow/example_dags/example_short_circuit_operator.py
[2025-02-20T13:56:41.841+0000] {logging_mixin.py:188} INFO - [2025-02-20T13:56:41.841+0000] {dag.py:3036} INFO - Sync 1 DAGs
[2025-02-20T13:56:41.878+0000] {logging_mixin.py:188} INFO - [2025-02-20T13:56:41.877+0000] {dag.py:3823} INFO - Setting next_dagrun for example_short_circuit_operator to 2025-02-19 00:00:00+00:00, run_after=2025-02-20 00:00:00+00:00
[2025-02-20T13:56:41.905+0000] {processor.py:183} INFO - Processing /home/airflow/.local/lib/python3.8/site-packages/airflow/example_dags/example_short_circuit_operator.py took 0.122 seconds
[2025-02-20T13:57:12.686+0000] {processor.py:161} INFO - Started process (PID=1523) to work on /home/airflow/.local/lib/python3.8/site-packages/airflow/example_dags/example_short_circuit_operator.py
[2025-02-20T13:57:12.687+0000] {processor.py:830} INFO - Processing file /home/airflow/.local/lib/python3.8/site-packages/airflow/example_dags/example_short_circuit_operator.py for tasks to queue
[2025-02-20T13:57:12.692+0000] {logging_mixin.py:188} INFO - [2025-02-20T13:57:12.691+0000] {dagbag.py:538} INFO - Filling up the DagBag from /home/airflow/.local/lib/python3.8/site-packages/airflow/example_dags/example_short_circuit_operator.py
[2025-02-20T13:57:12.713+0000] {processor.py:840} INFO - DAG(s) 'example_short_circuit_operator' retrieved from /home/airflow/.local/lib/python3.8/site-packages/airflow/example_dags/example_short_circuit_operator.py
[2025-02-20T13:57:12.775+0000] {logging_mixin.py:188} INFO - [2025-02-20T13:57:12.774+0000] {dag.py:3036} INFO - Sync 1 DAGs
[2025-02-20T13:57:12.866+0000] {logging_mixin.py:188} INFO - [2025-02-20T13:57:12.866+0000] {dag.py:3823} INFO - Setting next_dagrun for example_short_circuit_operator to 2025-02-19 00:00:00+00:00, run_after=2025-02-20 00:00:00+00:00
[2025-02-20T13:57:12.908+0000] {processor.py:183} INFO - Processing /home/airflow/.local/lib/python3.8/site-packages/airflow/example_dags/example_short_circuit_operator.py took 0.228 seconds
[2025-02-20T13:57:43.356+0000] {processor.py:161} INFO - Started process (PID=1587) to work on /home/airflow/.local/lib/python3.8/site-packages/airflow/example_dags/example_short_circuit_operator.py
[2025-02-20T13:57:43.361+0000] {processor.py:830} INFO - Processing file /home/airflow/.local/lib/python3.8/site-packages/airflow/example_dags/example_short_circuit_operator.py for tasks to queue
[2025-02-20T13:57:43.367+0000] {logging_mixin.py:188} INFO - [2025-02-20T13:57:43.365+0000] {dagbag.py:538} INFO - Filling up the DagBag from /home/airflow/.local/lib/python3.8/site-packages/airflow/example_dags/example_short_circuit_operator.py
[2025-02-20T13:57:43.388+0000] {processor.py:840} INFO - DAG(s) 'example_short_circuit_operator' retrieved from /home/airflow/.local/lib/python3.8/site-packages/airflow/example_dags/example_short_circuit_operator.py
[2025-02-20T13:57:43.451+0000] {logging_mixin.py:188} INFO - [2025-02-20T13:57:43.451+0000] {dag.py:3036} INFO - Sync 1 DAGs
[2025-02-20T13:57:43.500+0000] {logging_mixin.py:188} INFO - [2025-02-20T13:57:43.499+0000] {dag.py:3823} INFO - Setting next_dagrun for example_short_circuit_operator to 2025-02-19 00:00:00+00:00, run_after=2025-02-20 00:00:00+00:00
[2025-02-20T13:57:43.536+0000] {processor.py:183} INFO - Processing /home/airflow/.local/lib/python3.8/site-packages/airflow/example_dags/example_short_circuit_operator.py took 0.189 seconds
[2025-02-20T13:58:14.279+0000] {processor.py:161} INFO - Started process (PID=1653) to work on /home/airflow/.local/lib/python3.8/site-packages/airflow/example_dags/example_short_circuit_operator.py
[2025-02-20T13:58:14.281+0000] {processor.py:830} INFO - Processing file /home/airflow/.local/lib/python3.8/site-packages/airflow/example_dags/example_short_circuit_operator.py for tasks to queue
[2025-02-20T13:58:14.284+0000] {logging_mixin.py:188} INFO - [2025-02-20T13:58:14.283+0000] {dagbag.py:538} INFO - Filling up the DagBag from /home/airflow/.local/lib/python3.8/site-packages/airflow/example_dags/example_short_circuit_operator.py
[2025-02-20T13:58:14.301+0000] {processor.py:840} INFO - DAG(s) 'example_short_circuit_operator' retrieved from /home/airflow/.local/lib/python3.8/site-packages/airflow/example_dags/example_short_circuit_operator.py
[2025-02-20T13:58:14.337+0000] {logging_mixin.py:188} INFO - [2025-02-20T13:58:14.337+0000] {dag.py:3036} INFO - Sync 1 DAGs
[2025-02-20T13:58:14.369+0000] {logging_mixin.py:188} INFO - [2025-02-20T13:58:14.369+0000] {dag.py:3823} INFO - Setting next_dagrun for example_short_circuit_operator to 2025-02-19 00:00:00+00:00, run_after=2025-02-20 00:00:00+00:00
[2025-02-20T13:58:14.402+0000] {processor.py:183} INFO - Processing /home/airflow/.local/lib/python3.8/site-packages/airflow/example_dags/example_short_circuit_operator.py took 0.127 seconds
[2025-02-20T13:58:44.866+0000] {processor.py:161} INFO - Started process (PID=1717) to work on /home/airflow/.local/lib/python3.8/site-packages/airflow/example_dags/example_short_circuit_operator.py
[2025-02-20T13:58:44.868+0000] {processor.py:830} INFO - Processing file /home/airflow/.local/lib/python3.8/site-packages/airflow/example_dags/example_short_circuit_operator.py for tasks to queue
[2025-02-20T13:58:44.870+0000] {logging_mixin.py:188} INFO - [2025-02-20T13:58:44.870+0000] {dagbag.py:538} INFO - Filling up the DagBag from /home/airflow/.local/lib/python3.8/site-packages/airflow/example_dags/example_short_circuit_operator.py
[2025-02-20T13:58:44.882+0000] {processor.py:840} INFO - DAG(s) 'example_short_circuit_operator' retrieved from /home/airflow/.local/lib/python3.8/site-packages/airflow/example_dags/example_short_circuit_operator.py
[2025-02-20T13:58:44.943+0000] {logging_mixin.py:188} INFO - [2025-02-20T13:58:44.942+0000] {dag.py:3036} INFO - Sync 1 DAGs
[2025-02-20T13:58:44.981+0000] {logging_mixin.py:188} INFO - [2025-02-20T13:58:44.981+0000] {dag.py:3823} INFO - Setting next_dagrun for example_short_circuit_operator to 2025-02-19 00:00:00+00:00, run_after=2025-02-20 00:00:00+00:00
[2025-02-20T13:58:45.020+0000] {processor.py:183} INFO - Processing /home/airflow/.local/lib/python3.8/site-packages/airflow/example_dags/example_short_circuit_operator.py took 0.162 seconds
[2025-02-20T13:59:15.324+0000] {processor.py:161} INFO - Started process (PID=1782) to work on /home/airflow/.local/lib/python3.8/site-packages/airflow/example_dags/example_short_circuit_operator.py
[2025-02-20T13:59:15.325+0000] {processor.py:830} INFO - Processing file /home/airflow/.local/lib/python3.8/site-packages/airflow/example_dags/example_short_circuit_operator.py for tasks to queue
[2025-02-20T13:59:15.328+0000] {logging_mixin.py:188} INFO - [2025-02-20T13:59:15.328+0000] {dagbag.py:538} INFO - Filling up the DagBag from /home/airflow/.local/lib/python3.8/site-packages/airflow/example_dags/example_short_circuit_operator.py
[2025-02-20T13:59:15.343+0000] {processor.py:840} INFO - DAG(s) 'example_short_circuit_operator' retrieved from /home/airflow/.local/lib/python3.8/site-packages/airflow/example_dags/example_short_circuit_operator.py
[2025-02-20T13:59:15.387+0000] {logging_mixin.py:188} INFO - [2025-02-20T13:59:15.386+0000] {dag.py:3036} INFO - Sync 1 DAGs
[2025-02-20T13:59:15.425+0000] {logging_mixin.py:188} INFO - [2025-02-20T13:59:15.425+0000] {dag.py:3823} INFO - Setting next_dagrun for example_short_circuit_operator to 2025-02-19 00:00:00+00:00, run_after=2025-02-20 00:00:00+00:00
[2025-02-20T13:59:15.464+0000] {processor.py:183} INFO - Processing /home/airflow/.local/lib/python3.8/site-packages/airflow/example_dags/example_short_circuit_operator.py took 0.146 seconds
[2025-02-20T13:59:45.918+0000] {processor.py:161} INFO - Started process (PID=1846) to work on /home/airflow/.local/lib/python3.8/site-packages/airflow/example_dags/example_short_circuit_operator.py
[2025-02-20T13:59:45.919+0000] {processor.py:830} INFO - Processing file /home/airflow/.local/lib/python3.8/site-packages/airflow/example_dags/example_short_circuit_operator.py for tasks to queue
[2025-02-20T13:59:45.922+0000] {logging_mixin.py:188} INFO - [2025-02-20T13:59:45.921+0000] {dagbag.py:538} INFO - Filling up the DagBag from /home/airflow/.local/lib/python3.8/site-packages/airflow/example_dags/example_short_circuit_operator.py
[2025-02-20T13:59:45.934+0000] {processor.py:840} INFO - DAG(s) 'example_short_circuit_operator' retrieved from /home/airflow/.local/lib/python3.8/site-packages/airflow/example_dags/example_short_circuit_operator.py
[2025-02-20T13:59:45.979+0000] {logging_mixin.py:188} INFO - [2025-02-20T13:59:45.978+0000] {dag.py:3036} INFO - Sync 1 DAGs
[2025-02-20T13:59:46.015+0000] {logging_mixin.py:188} INFO - [2025-02-20T13:59:46.015+0000] {dag.py:3823} INFO - Setting next_dagrun for example_short_circuit_operator to 2025-02-19 00:00:00+00:00, run_after=2025-02-20 00:00:00+00:00
[2025-02-20T13:59:46.046+0000] {processor.py:183} INFO - Processing /home/airflow/.local/lib/python3.8/site-packages/airflow/example_dags/example_short_circuit_operator.py took 0.133 seconds
[2025-02-20T14:00:16.657+0000] {processor.py:161} INFO - Started process (PID=1911) to work on /home/airflow/.local/lib/python3.8/site-packages/airflow/example_dags/example_short_circuit_operator.py
[2025-02-20T14:00:16.658+0000] {processor.py:830} INFO - Processing file /home/airflow/.local/lib/python3.8/site-packages/airflow/example_dags/example_short_circuit_operator.py for tasks to queue
[2025-02-20T14:00:16.661+0000] {logging_mixin.py:188} INFO - [2025-02-20T14:00:16.660+0000] {dagbag.py:538} INFO - Filling up the DagBag from /home/airflow/.local/lib/python3.8/site-packages/airflow/example_dags/example_short_circuit_operator.py
[2025-02-20T14:00:16.673+0000] {processor.py:840} INFO - DAG(s) 'example_short_circuit_operator' retrieved from /home/airflow/.local/lib/python3.8/site-packages/airflow/example_dags/example_short_circuit_operator.py
[2025-02-20T14:00:16.721+0000] {logging_mixin.py:188} INFO - [2025-02-20T14:00:16.721+0000] {dag.py:3036} INFO - Sync 1 DAGs
[2025-02-20T14:00:16.763+0000] {logging_mixin.py:188} INFO - [2025-02-20T14:00:16.763+0000] {dag.py:3823} INFO - Setting next_dagrun for example_short_circuit_operator to 2025-02-19 00:00:00+00:00, run_after=2025-02-20 00:00:00+00:00
[2025-02-20T14:00:16.793+0000] {processor.py:183} INFO - Processing /home/airflow/.local/lib/python3.8/site-packages/airflow/example_dags/example_short_circuit_operator.py took 0.142 seconds
[2025-02-20T14:00:47.150+0000] {processor.py:161} INFO - Started process (PID=1976) to work on /home/airflow/.local/lib/python3.8/site-packages/airflow/example_dags/example_short_circuit_operator.py
[2025-02-20T14:00:47.153+0000] {processor.py:830} INFO - Processing file /home/airflow/.local/lib/python3.8/site-packages/airflow/example_dags/example_short_circuit_operator.py for tasks to queue
[2025-02-20T14:00:47.158+0000] {logging_mixin.py:188} INFO - [2025-02-20T14:00:47.157+0000] {dagbag.py:538} INFO - Filling up the DagBag from /home/airflow/.local/lib/python3.8/site-packages/airflow/example_dags/example_short_circuit_operator.py
[2025-02-20T14:00:47.177+0000] {processor.py:840} INFO - DAG(s) 'example_short_circuit_operator' retrieved from /home/airflow/.local/lib/python3.8/site-packages/airflow/example_dags/example_short_circuit_operator.py
[2025-02-20T14:00:47.235+0000] {logging_mixin.py:188} INFO - [2025-02-20T14:00:47.234+0000] {dag.py:3036} INFO - Sync 1 DAGs
[2025-02-20T14:00:47.280+0000] {logging_mixin.py:188} INFO - [2025-02-20T14:00:47.280+0000] {dag.py:3823} INFO - Setting next_dagrun for example_short_circuit_operator to 2025-02-19 00:00:00+00:00, run_after=2025-02-20 00:00:00+00:00
[2025-02-20T14:00:47.314+0000] {processor.py:183} INFO - Processing /home/airflow/.local/lib/python3.8/site-packages/airflow/example_dags/example_short_circuit_operator.py took 0.169 seconds
[2025-02-20T14:01:17.872+0000] {processor.py:161} INFO - Started process (PID=2041) to work on /home/airflow/.local/lib/python3.8/site-packages/airflow/example_dags/example_short_circuit_operator.py
[2025-02-20T14:01:17.875+0000] {processor.py:830} INFO - Processing file /home/airflow/.local/lib/python3.8/site-packages/airflow/example_dags/example_short_circuit_operator.py for tasks to queue
[2025-02-20T14:01:17.879+0000] {logging_mixin.py:188} INFO - [2025-02-20T14:01:17.878+0000] {dagbag.py:538} INFO - Filling up the DagBag from /home/airflow/.local/lib/python3.8/site-packages/airflow/example_dags/example_short_circuit_operator.py
[2025-02-20T14:01:17.893+0000] {processor.py:840} INFO - DAG(s) 'example_short_circuit_operator' retrieved from /home/airflow/.local/lib/python3.8/site-packages/airflow/example_dags/example_short_circuit_operator.py
[2025-02-20T14:01:17.956+0000] {logging_mixin.py:188} INFO - [2025-02-20T14:01:17.955+0000] {dag.py:3036} INFO - Sync 1 DAGs
[2025-02-20T14:01:18.057+0000] {logging_mixin.py:188} INFO - [2025-02-20T14:01:18.053+0000] {dag.py:3823} INFO - Setting next_dagrun for example_short_circuit_operator to 2025-02-19 00:00:00+00:00, run_after=2025-02-20 00:00:00+00:00
[2025-02-20T14:01:18.127+0000] {processor.py:183} INFO - Processing /home/airflow/.local/lib/python3.8/site-packages/airflow/example_dags/example_short_circuit_operator.py took 0.260 seconds
[2025-02-20T14:01:48.913+0000] {processor.py:161} INFO - Started process (PID=2106) to work on /home/airflow/.local/lib/python3.8/site-packages/airflow/example_dags/example_short_circuit_operator.py
[2025-02-20T14:01:48.925+0000] {processor.py:830} INFO - Processing file /home/airflow/.local/lib/python3.8/site-packages/airflow/example_dags/example_short_circuit_operator.py for tasks to queue
[2025-02-20T14:01:48.945+0000] {logging_mixin.py:188} INFO - [2025-02-20T14:01:48.945+0000] {dagbag.py:538} INFO - Filling up the DagBag from /home/airflow/.local/lib/python3.8/site-packages/airflow/example_dags/example_short_circuit_operator.py
[2025-02-20T14:01:48.963+0000] {processor.py:840} INFO - DAG(s) 'example_short_circuit_operator' retrieved from /home/airflow/.local/lib/python3.8/site-packages/airflow/example_dags/example_short_circuit_operator.py
[2025-02-20T14:01:49.019+0000] {logging_mixin.py:188} INFO - [2025-02-20T14:01:49.018+0000] {dag.py:3036} INFO - Sync 1 DAGs
[2025-02-20T14:01:49.070+0000] {logging_mixin.py:188} INFO - [2025-02-20T14:01:49.070+0000] {dag.py:3823} INFO - Setting next_dagrun for example_short_circuit_operator to 2025-02-19 00:00:00+00:00, run_after=2025-02-20 00:00:00+00:00
[2025-02-20T14:01:49.109+0000] {processor.py:183} INFO - Processing /home/airflow/.local/lib/python3.8/site-packages/airflow/example_dags/example_short_circuit_operator.py took 0.230 seconds
[2025-02-20T14:02:19.768+0000] {processor.py:161} INFO - Started process (PID=2171) to work on /home/airflow/.local/lib/python3.8/site-packages/airflow/example_dags/example_short_circuit_operator.py
[2025-02-20T14:02:19.775+0000] {processor.py:830} INFO - Processing file /home/airflow/.local/lib/python3.8/site-packages/airflow/example_dags/example_short_circuit_operator.py for tasks to queue
[2025-02-20T14:02:19.781+0000] {logging_mixin.py:188} INFO - [2025-02-20T14:02:19.779+0000] {dagbag.py:538} INFO - Filling up the DagBag from /home/airflow/.local/lib/python3.8/site-packages/airflow/example_dags/example_short_circuit_operator.py
[2025-02-20T14:02:19.808+0000] {processor.py:840} INFO - DAG(s) 'example_short_circuit_operator' retrieved from /home/airflow/.local/lib/python3.8/site-packages/airflow/example_dags/example_short_circuit_operator.py
[2025-02-20T14:02:19.926+0000] {logging_mixin.py:188} INFO - [2025-02-20T14:02:19.926+0000] {dag.py:3036} INFO - Sync 1 DAGs
[2025-02-20T14:02:19.998+0000] {logging_mixin.py:188} INFO - [2025-02-20T14:02:19.998+0000] {dag.py:3823} INFO - Setting next_dagrun for example_short_circuit_operator to 2025-02-19 00:00:00+00:00, run_after=2025-02-20 00:00:00+00:00
[2025-02-20T14:02:20.066+0000] {processor.py:183} INFO - Processing /home/airflow/.local/lib/python3.8/site-packages/airflow/example_dags/example_short_circuit_operator.py took 0.304 seconds
[2025-02-20T14:02:51.490+0000] {processor.py:161} INFO - Started process (PID=2236) to work on /home/airflow/.local/lib/python3.8/site-packages/airflow/example_dags/example_short_circuit_operator.py
[2025-02-20T14:02:51.493+0000] {processor.py:830} INFO - Processing file /home/airflow/.local/lib/python3.8/site-packages/airflow/example_dags/example_short_circuit_operator.py for tasks to queue
[2025-02-20T14:02:51.499+0000] {logging_mixin.py:188} INFO - [2025-02-20T14:02:51.498+0000] {dagbag.py:538} INFO - Filling up the DagBag from /home/airflow/.local/lib/python3.8/site-packages/airflow/example_dags/example_short_circuit_operator.py
[2025-02-20T14:02:51.532+0000] {processor.py:840} INFO - DAG(s) 'example_short_circuit_operator' retrieved from /home/airflow/.local/lib/python3.8/site-packages/airflow/example_dags/example_short_circuit_operator.py
[2025-02-20T14:02:51.763+0000] {logging_mixin.py:188} INFO - [2025-02-20T14:02:51.762+0000] {dag.py:3036} INFO - Sync 1 DAGs
[2025-02-20T14:02:51.951+0000] {logging_mixin.py:188} INFO - [2025-02-20T14:02:51.951+0000] {dag.py:3823} INFO - Setting next_dagrun for example_short_circuit_operator to 2025-02-19 00:00:00+00:00, run_after=2025-02-20 00:00:00+00:00
[2025-02-20T14:02:52.110+0000] {processor.py:183} INFO - Processing /home/airflow/.local/lib/python3.8/site-packages/airflow/example_dags/example_short_circuit_operator.py took 0.627 seconds
[2025-02-20T14:03:22.209+0000] {processor.py:161} INFO - Started process (PID=2302) to work on /home/airflow/.local/lib/python3.8/site-packages/airflow/example_dags/example_short_circuit_operator.py
[2025-02-20T14:03:22.211+0000] {processor.py:830} INFO - Processing file /home/airflow/.local/lib/python3.8/site-packages/airflow/example_dags/example_short_circuit_operator.py for tasks to queue
[2025-02-20T14:03:22.213+0000] {logging_mixin.py:188} INFO - [2025-02-20T14:03:22.213+0000] {dagbag.py:538} INFO - Filling up the DagBag from /home/airflow/.local/lib/python3.8/site-packages/airflow/example_dags/example_short_circuit_operator.py
[2025-02-20T14:03:22.223+0000] {processor.py:840} INFO - DAG(s) 'example_short_circuit_operator' retrieved from /home/airflow/.local/lib/python3.8/site-packages/airflow/example_dags/example_short_circuit_operator.py
[2025-02-20T14:03:22.254+0000] {logging_mixin.py:188} INFO - [2025-02-20T14:03:22.254+0000] {dag.py:3036} INFO - Sync 1 DAGs
[2025-02-20T14:03:22.279+0000] {logging_mixin.py:188} INFO - [2025-02-20T14:03:22.279+0000] {dag.py:3823} INFO - Setting next_dagrun for example_short_circuit_operator to 2025-02-19 00:00:00+00:00, run_after=2025-02-20 00:00:00+00:00
[2025-02-20T14:03:22.302+0000] {processor.py:183} INFO - Processing /home/airflow/.local/lib/python3.8/site-packages/airflow/example_dags/example_short_circuit_operator.py took 0.099 seconds
[2025-02-20T14:03:52.746+0000] {processor.py:161} INFO - Started process (PID=2367) to work on /home/airflow/.local/lib/python3.8/site-packages/airflow/example_dags/example_short_circuit_operator.py
[2025-02-20T14:03:52.748+0000] {processor.py:830} INFO - Processing file /home/airflow/.local/lib/python3.8/site-packages/airflow/example_dags/example_short_circuit_operator.py for tasks to queue
[2025-02-20T14:03:52.753+0000] {logging_mixin.py:188} INFO - [2025-02-20T14:03:52.752+0000] {dagbag.py:538} INFO - Filling up the DagBag from /home/airflow/.local/lib/python3.8/site-packages/airflow/example_dags/example_short_circuit_operator.py
[2025-02-20T14:03:52.776+0000] {processor.py:840} INFO - DAG(s) 'example_short_circuit_operator' retrieved from /home/airflow/.local/lib/python3.8/site-packages/airflow/example_dags/example_short_circuit_operator.py
[2025-02-20T14:03:52.865+0000] {logging_mixin.py:188} INFO - [2025-02-20T14:03:52.865+0000] {dag.py:3036} INFO - Sync 1 DAGs
[2025-02-20T14:03:52.928+0000] {logging_mixin.py:188} INFO - [2025-02-20T14:03:52.928+0000] {dag.py:3823} INFO - Setting next_dagrun for example_short_circuit_operator to 2025-02-19 00:00:00+00:00, run_after=2025-02-20 00:00:00+00:00
[2025-02-20T14:03:53.003+0000] {processor.py:183} INFO - Processing /home/airflow/.local/lib/python3.8/site-packages/airflow/example_dags/example_short_circuit_operator.py took 0.270 seconds
[2025-02-20T14:04:23.843+0000] {processor.py:161} INFO - Started process (PID=2433) to work on /home/airflow/.local/lib/python3.8/site-packages/airflow/example_dags/example_short_circuit_operator.py
[2025-02-20T14:04:23.845+0000] {processor.py:830} INFO - Processing file /home/airflow/.local/lib/python3.8/site-packages/airflow/example_dags/example_short_circuit_operator.py for tasks to queue
[2025-02-20T14:04:23.847+0000] {logging_mixin.py:188} INFO - [2025-02-20T14:04:23.847+0000] {dagbag.py:538} INFO - Filling up the DagBag from /home/airflow/.local/lib/python3.8/site-packages/airflow/example_dags/example_short_circuit_operator.py
[2025-02-20T14:04:23.860+0000] {processor.py:840} INFO - DAG(s) 'example_short_circuit_operator' retrieved from /home/airflow/.local/lib/python3.8/site-packages/airflow/example_dags/example_short_circuit_operator.py
[2025-02-20T14:04:23.909+0000] {logging_mixin.py:188} INFO - [2025-02-20T14:04:23.909+0000] {dag.py:3036} INFO - Sync 1 DAGs
[2025-02-20T14:04:23.948+0000] {logging_mixin.py:188} INFO - [2025-02-20T14:04:23.948+0000] {dag.py:3823} INFO - Setting next_dagrun for example_short_circuit_operator to 2025-02-19 00:00:00+00:00, run_after=2025-02-20 00:00:00+00:00
[2025-02-20T14:04:23.984+0000] {processor.py:183} INFO - Processing /home/airflow/.local/lib/python3.8/site-packages/airflow/example_dags/example_short_circuit_operator.py took 0.146 seconds
[2025-02-20T14:04:54.863+0000] {processor.py:161} INFO - Started process (PID=2498) to work on /home/airflow/.local/lib/python3.8/site-packages/airflow/example_dags/example_short_circuit_operator.py
[2025-02-20T14:04:54.881+0000] {processor.py:830} INFO - Processing file /home/airflow/.local/lib/python3.8/site-packages/airflow/example_dags/example_short_circuit_operator.py for tasks to queue
[2025-02-20T14:04:54.917+0000] {logging_mixin.py:188} INFO - [2025-02-20T14:04:54.917+0000] {dagbag.py:538} INFO - Filling up the DagBag from /home/airflow/.local/lib/python3.8/site-packages/airflow/example_dags/example_short_circuit_operator.py
[2025-02-20T14:04:54.952+0000] {processor.py:840} INFO - DAG(s) 'example_short_circuit_operator' retrieved from /home/airflow/.local/lib/python3.8/site-packages/airflow/example_dags/example_short_circuit_operator.py
[2025-02-20T14:04:55.166+0000] {logging_mixin.py:188} INFO - [2025-02-20T14:04:55.166+0000] {dag.py:3036} INFO - Sync 1 DAGs
[2025-02-20T14:04:55.255+0000] {logging_mixin.py:188} INFO - [2025-02-20T14:04:55.254+0000] {dag.py:3823} INFO - Setting next_dagrun for example_short_circuit_operator to 2025-02-19 00:00:00+00:00, run_after=2025-02-20 00:00:00+00:00
[2025-02-20T14:04:55.354+0000] {processor.py:183} INFO - Processing /home/airflow/.local/lib/python3.8/site-packages/airflow/example_dags/example_short_circuit_operator.py took 0.518 seconds
[2025-02-20T14:05:26.305+0000] {processor.py:161} INFO - Started process (PID=2570) to work on /home/airflow/.local/lib/python3.8/site-packages/airflow/example_dags/example_short_circuit_operator.py
[2025-02-20T14:05:26.307+0000] {processor.py:830} INFO - Processing file /home/airflow/.local/lib/python3.8/site-packages/airflow/example_dags/example_short_circuit_operator.py for tasks to queue
[2025-02-20T14:05:26.312+0000] {logging_mixin.py:188} INFO - [2025-02-20T14:05:26.310+0000] {dagbag.py:538} INFO - Filling up the DagBag from /home/airflow/.local/lib/python3.8/site-packages/airflow/example_dags/example_short_circuit_operator.py
[2025-02-20T14:05:26.336+0000] {processor.py:840} INFO - DAG(s) 'example_short_circuit_operator' retrieved from /home/airflow/.local/lib/python3.8/site-packages/airflow/example_dags/example_short_circuit_operator.py
[2025-02-20T14:05:26.389+0000] {logging_mixin.py:188} INFO - [2025-02-20T14:05:26.387+0000] {dag.py:3036} INFO - Sync 1 DAGs
[2025-02-20T14:05:26.441+0000] {logging_mixin.py:188} INFO - [2025-02-20T14:05:26.440+0000] {dag.py:3823} INFO - Setting next_dagrun for example_short_circuit_operator to 2025-02-19 00:00:00+00:00, run_after=2025-02-20 00:00:00+00:00
[2025-02-20T14:05:26.514+0000] {processor.py:183} INFO - Processing /home/airflow/.local/lib/python3.8/site-packages/airflow/example_dags/example_short_circuit_operator.py took 0.217 seconds
[2025-02-20T14:05:57.354+0000] {processor.py:161} INFO - Started process (PID=2636) to work on /home/airflow/.local/lib/python3.8/site-packages/airflow/example_dags/example_short_circuit_operator.py
[2025-02-20T14:05:57.370+0000] {processor.py:830} INFO - Processing file /home/airflow/.local/lib/python3.8/site-packages/airflow/example_dags/example_short_circuit_operator.py for tasks to queue
[2025-02-20T14:05:57.380+0000] {logging_mixin.py:188} INFO - [2025-02-20T14:05:57.380+0000] {dagbag.py:538} INFO - Filling up the DagBag from /home/airflow/.local/lib/python3.8/site-packages/airflow/example_dags/example_short_circuit_operator.py
[2025-02-20T14:05:57.401+0000] {processor.py:840} INFO - DAG(s) 'example_short_circuit_operator' retrieved from /home/airflow/.local/lib/python3.8/site-packages/airflow/example_dags/example_short_circuit_operator.py
[2025-02-20T14:05:57.476+0000] {logging_mixin.py:188} INFO - [2025-02-20T14:05:57.475+0000] {dag.py:3036} INFO - Sync 1 DAGs
[2025-02-20T14:05:57.625+0000] {logging_mixin.py:188} INFO - [2025-02-20T14:05:57.625+0000] {dag.py:3823} INFO - Setting next_dagrun for example_short_circuit_operator to 2025-02-19 00:00:00+00:00, run_after=2025-02-20 00:00:00+00:00
[2025-02-20T14:05:57.748+0000] {processor.py:183} INFO - Processing /home/airflow/.local/lib/python3.8/site-packages/airflow/example_dags/example_short_circuit_operator.py took 0.400 seconds
[2025-02-20T14:06:28.247+0000] {processor.py:161} INFO - Started process (PID=2699) to work on /home/airflow/.local/lib/python3.8/site-packages/airflow/example_dags/example_short_circuit_operator.py
[2025-02-20T14:06:28.252+0000] {processor.py:830} INFO - Processing file /home/airflow/.local/lib/python3.8/site-packages/airflow/example_dags/example_short_circuit_operator.py for tasks to queue
[2025-02-20T14:06:28.262+0000] {logging_mixin.py:188} INFO - [2025-02-20T14:06:28.262+0000] {dagbag.py:538} INFO - Filling up the DagBag from /home/airflow/.local/lib/python3.8/site-packages/airflow/example_dags/example_short_circuit_operator.py
[2025-02-20T14:06:28.301+0000] {processor.py:840} INFO - DAG(s) 'example_short_circuit_operator' retrieved from /home/airflow/.local/lib/python3.8/site-packages/airflow/example_dags/example_short_circuit_operator.py
[2025-02-20T14:06:28.435+0000] {logging_mixin.py:188} INFO - [2025-02-20T14:06:28.435+0000] {dag.py:3036} INFO - Sync 1 DAGs
[2025-02-20T14:06:28.519+0000] {logging_mixin.py:188} INFO - [2025-02-20T14:06:28.516+0000] {dag.py:3823} INFO - Setting next_dagrun for example_short_circuit_operator to 2025-02-19 00:00:00+00:00, run_after=2025-02-20 00:00:00+00:00
[2025-02-20T14:06:28.573+0000] {processor.py:183} INFO - Processing /home/airflow/.local/lib/python3.8/site-packages/airflow/example_dags/example_short_circuit_operator.py took 0.338 seconds
[2025-02-20T14:06:58.918+0000] {processor.py:161} INFO - Started process (PID=2766) to work on /home/airflow/.local/lib/python3.8/site-packages/airflow/example_dags/example_short_circuit_operator.py
[2025-02-20T14:06:58.920+0000] {processor.py:830} INFO - Processing file /home/airflow/.local/lib/python3.8/site-packages/airflow/example_dags/example_short_circuit_operator.py for tasks to queue
[2025-02-20T14:06:58.924+0000] {logging_mixin.py:188} INFO - [2025-02-20T14:06:58.924+0000] {dagbag.py:538} INFO - Filling up the DagBag from /home/airflow/.local/lib/python3.8/site-packages/airflow/example_dags/example_short_circuit_operator.py
[2025-02-20T14:06:58.941+0000] {processor.py:840} INFO - DAG(s) 'example_short_circuit_operator' retrieved from /home/airflow/.local/lib/python3.8/site-packages/airflow/example_dags/example_short_circuit_operator.py
[2025-02-20T14:06:58.992+0000] {logging_mixin.py:188} INFO - [2025-02-20T14:06:58.992+0000] {dag.py:3036} INFO - Sync 1 DAGs
[2025-02-20T14:06:59.046+0000] {logging_mixin.py:188} INFO - [2025-02-20T14:06:59.045+0000] {dag.py:3823} INFO - Setting next_dagrun for example_short_circuit_operator to 2025-02-19 00:00:00+00:00, run_after=2025-02-20 00:00:00+00:00
[2025-02-20T14:06:59.083+0000] {processor.py:183} INFO - Processing /home/airflow/.local/lib/python3.8/site-packages/airflow/example_dags/example_short_circuit_operator.py took 0.171 seconds
[2025-02-20T14:07:30.035+0000] {processor.py:161} INFO - Started process (PID=2832) to work on /home/airflow/.local/lib/python3.8/site-packages/airflow/example_dags/example_short_circuit_operator.py
[2025-02-20T14:07:30.037+0000] {processor.py:830} INFO - Processing file /home/airflow/.local/lib/python3.8/site-packages/airflow/example_dags/example_short_circuit_operator.py for tasks to queue
[2025-02-20T14:07:30.054+0000] {logging_mixin.py:188} INFO - [2025-02-20T14:07:30.050+0000] {dagbag.py:538} INFO - Filling up the DagBag from /home/airflow/.local/lib/python3.8/site-packages/airflow/example_dags/example_short_circuit_operator.py
[2025-02-20T14:07:30.086+0000] {processor.py:840} INFO - DAG(s) 'example_short_circuit_operator' retrieved from /home/airflow/.local/lib/python3.8/site-packages/airflow/example_dags/example_short_circuit_operator.py
[2025-02-20T14:07:30.182+0000] {logging_mixin.py:188} INFO - [2025-02-20T14:07:30.182+0000] {dag.py:3036} INFO - Sync 1 DAGs
[2025-02-20T14:07:30.233+0000] {logging_mixin.py:188} INFO - [2025-02-20T14:07:30.233+0000] {dag.py:3823} INFO - Setting next_dagrun for example_short_circuit_operator to 2025-02-19 00:00:00+00:00, run_after=2025-02-20 00:00:00+00:00
[2025-02-20T14:07:30.280+0000] {processor.py:183} INFO - Processing /home/airflow/.local/lib/python3.8/site-packages/airflow/example_dags/example_short_circuit_operator.py took 0.254 seconds
[2025-02-20T14:08:00.742+0000] {processor.py:161} INFO - Started process (PID=2896) to work on /home/airflow/.local/lib/python3.8/site-packages/airflow/example_dags/example_short_circuit_operator.py
[2025-02-20T14:08:00.745+0000] {processor.py:830} INFO - Processing file /home/airflow/.local/lib/python3.8/site-packages/airflow/example_dags/example_short_circuit_operator.py for tasks to queue
[2025-02-20T14:08:00.749+0000] {logging_mixin.py:188} INFO - [2025-02-20T14:08:00.748+0000] {dagbag.py:538} INFO - Filling up the DagBag from /home/airflow/.local/lib/python3.8/site-packages/airflow/example_dags/example_short_circuit_operator.py
[2025-02-20T14:08:00.761+0000] {processor.py:840} INFO - DAG(s) 'example_short_circuit_operator' retrieved from /home/airflow/.local/lib/python3.8/site-packages/airflow/example_dags/example_short_circuit_operator.py
[2025-02-20T14:08:00.842+0000] {logging_mixin.py:188} INFO - [2025-02-20T14:08:00.841+0000] {dag.py:3036} INFO - Sync 1 DAGs
[2025-02-20T14:08:00.878+0000] {logging_mixin.py:188} INFO - [2025-02-20T14:08:00.877+0000] {dag.py:3823} INFO - Setting next_dagrun for example_short_circuit_operator to 2025-02-19 00:00:00+00:00, run_after=2025-02-20 00:00:00+00:00
[2025-02-20T14:08:00.919+0000] {processor.py:183} INFO - Processing /home/airflow/.local/lib/python3.8/site-packages/airflow/example_dags/example_short_circuit_operator.py took 0.183 seconds
[2025-02-20T14:08:31.657+0000] {processor.py:161} INFO - Started process (PID=2960) to work on /home/airflow/.local/lib/python3.8/site-packages/airflow/example_dags/example_short_circuit_operator.py
[2025-02-20T14:08:31.659+0000] {processor.py:830} INFO - Processing file /home/airflow/.local/lib/python3.8/site-packages/airflow/example_dags/example_short_circuit_operator.py for tasks to queue
[2025-02-20T14:08:31.662+0000] {logging_mixin.py:188} INFO - [2025-02-20T14:08:31.661+0000] {dagbag.py:538} INFO - Filling up the DagBag from /home/airflow/.local/lib/python3.8/site-packages/airflow/example_dags/example_short_circuit_operator.py
[2025-02-20T14:08:31.678+0000] {processor.py:840} INFO - DAG(s) 'example_short_circuit_operator' retrieved from /home/airflow/.local/lib/python3.8/site-packages/airflow/example_dags/example_short_circuit_operator.py
[2025-02-20T14:08:31.729+0000] {logging_mixin.py:188} INFO - [2025-02-20T14:08:31.729+0000] {dag.py:3036} INFO - Sync 1 DAGs
[2025-02-20T14:08:31.767+0000] {logging_mixin.py:188} INFO - [2025-02-20T14:08:31.767+0000] {dag.py:3823} INFO - Setting next_dagrun for example_short_circuit_operator to 2025-02-19 00:00:00+00:00, run_after=2025-02-20 00:00:00+00:00
[2025-02-20T14:08:31.807+0000] {processor.py:183} INFO - Processing /home/airflow/.local/lib/python3.8/site-packages/airflow/example_dags/example_short_circuit_operator.py took 0.159 seconds
[2025-02-20T14:09:03.275+0000] {processor.py:161} INFO - Started process (PID=3024) to work on /home/airflow/.local/lib/python3.8/site-packages/airflow/example_dags/example_short_circuit_operator.py
[2025-02-20T14:09:03.307+0000] {processor.py:830} INFO - Processing file /home/airflow/.local/lib/python3.8/site-packages/airflow/example_dags/example_short_circuit_operator.py for tasks to queue
[2025-02-20T14:09:03.365+0000] {logging_mixin.py:188} INFO - [2025-02-20T14:09:03.364+0000] {dagbag.py:538} INFO - Filling up the DagBag from /home/airflow/.local/lib/python3.8/site-packages/airflow/example_dags/example_short_circuit_operator.py
[2025-02-20T14:09:03.470+0000] {processor.py:840} INFO - DAG(s) 'example_short_circuit_operator' retrieved from /home/airflow/.local/lib/python3.8/site-packages/airflow/example_dags/example_short_circuit_operator.py
[2025-02-20T14:09:03.664+0000] {logging_mixin.py:188} INFO - [2025-02-20T14:09:03.663+0000] {dag.py:3036} INFO - Sync 1 DAGs
[2025-02-20T14:09:03.734+0000] {logging_mixin.py:188} INFO - [2025-02-20T14:09:03.732+0000] {dag.py:3823} INFO - Setting next_dagrun for example_short_circuit_operator to 2025-02-19 00:00:00+00:00, run_after=2025-02-20 00:00:00+00:00
[2025-02-20T14:09:03.917+0000] {processor.py:183} INFO - Processing /home/airflow/.local/lib/python3.8/site-packages/airflow/example_dags/example_short_circuit_operator.py took 0.715 seconds
[2025-02-20T14:09:34.454+0000] {processor.py:161} INFO - Started process (PID=3088) to work on /home/airflow/.local/lib/python3.8/site-packages/airflow/example_dags/example_short_circuit_operator.py
[2025-02-20T14:09:34.455+0000] {processor.py:830} INFO - Processing file /home/airflow/.local/lib/python3.8/site-packages/airflow/example_dags/example_short_circuit_operator.py for tasks to queue
[2025-02-20T14:09:34.460+0000] {logging_mixin.py:188} INFO - [2025-02-20T14:09:34.459+0000] {dagbag.py:538} INFO - Filling up the DagBag from /home/airflow/.local/lib/python3.8/site-packages/airflow/example_dags/example_short_circuit_operator.py
[2025-02-20T14:09:34.473+0000] {processor.py:840} INFO - DAG(s) 'example_short_circuit_operator' retrieved from /home/airflow/.local/lib/python3.8/site-packages/airflow/example_dags/example_short_circuit_operator.py
[2025-02-20T14:09:34.515+0000] {logging_mixin.py:188} INFO - [2025-02-20T14:09:34.515+0000] {dag.py:3036} INFO - Sync 1 DAGs
[2025-02-20T14:09:34.740+0000] {logging_mixin.py:188} INFO - [2025-02-20T14:09:34.740+0000] {dag.py:3823} INFO - Setting next_dagrun for example_short_circuit_operator to 2025-02-19 00:00:00+00:00, run_after=2025-02-20 00:00:00+00:00
[2025-02-20T14:09:34.787+0000] {processor.py:183} INFO - Processing /home/airflow/.local/lib/python3.8/site-packages/airflow/example_dags/example_short_circuit_operator.py took 0.341 seconds
[2025-02-20T14:10:05.014+0000] {processor.py:161} INFO - Started process (PID=3152) to work on /home/airflow/.local/lib/python3.8/site-packages/airflow/example_dags/example_short_circuit_operator.py
[2025-02-20T14:10:05.016+0000] {processor.py:830} INFO - Processing file /home/airflow/.local/lib/python3.8/site-packages/airflow/example_dags/example_short_circuit_operator.py for tasks to queue
[2025-02-20T14:10:05.018+0000] {logging_mixin.py:188} INFO - [2025-02-20T14:10:05.017+0000] {dagbag.py:538} INFO - Filling up the DagBag from /home/airflow/.local/lib/python3.8/site-packages/airflow/example_dags/example_short_circuit_operator.py
[2025-02-20T14:10:05.028+0000] {processor.py:840} INFO - DAG(s) 'example_short_circuit_operator' retrieved from /home/airflow/.local/lib/python3.8/site-packages/airflow/example_dags/example_short_circuit_operator.py
[2025-02-20T14:10:05.058+0000] {logging_mixin.py:188} INFO - [2025-02-20T14:10:05.058+0000] {dag.py:3036} INFO - Sync 1 DAGs
[2025-02-20T14:10:05.085+0000] {logging_mixin.py:188} INFO - [2025-02-20T14:10:05.085+0000] {dag.py:3823} INFO - Setting next_dagrun for example_short_circuit_operator to 2025-02-19 00:00:00+00:00, run_after=2025-02-20 00:00:00+00:00
[2025-02-20T14:10:05.348+0000] {processor.py:183} INFO - Processing /home/airflow/.local/lib/python3.8/site-packages/airflow/example_dags/example_short_circuit_operator.py took 0.338 seconds
[2025-02-20T14:10:35.507+0000] {processor.py:161} INFO - Started process (PID=3217) to work on /home/airflow/.local/lib/python3.8/site-packages/airflow/example_dags/example_short_circuit_operator.py
[2025-02-20T14:10:35.508+0000] {processor.py:830} INFO - Processing file /home/airflow/.local/lib/python3.8/site-packages/airflow/example_dags/example_short_circuit_operator.py for tasks to queue
[2025-02-20T14:10:35.512+0000] {logging_mixin.py:188} INFO - [2025-02-20T14:10:35.511+0000] {dagbag.py:538} INFO - Filling up the DagBag from /home/airflow/.local/lib/python3.8/site-packages/airflow/example_dags/example_short_circuit_operator.py
[2025-02-20T14:10:35.523+0000] {processor.py:840} INFO - DAG(s) 'example_short_circuit_operator' retrieved from /home/airflow/.local/lib/python3.8/site-packages/airflow/example_dags/example_short_circuit_operator.py
[2025-02-20T14:10:35.557+0000] {logging_mixin.py:188} INFO - [2025-02-20T14:10:35.557+0000] {dag.py:3036} INFO - Sync 1 DAGs
[2025-02-20T14:10:35.587+0000] {logging_mixin.py:188} INFO - [2025-02-20T14:10:35.586+0000] {dag.py:3823} INFO - Setting next_dagrun for example_short_circuit_operator to 2025-02-19 00:00:00+00:00, run_after=2025-02-20 00:00:00+00:00
[2025-02-20T14:10:35.832+0000] {processor.py:183} INFO - Processing /home/airflow/.local/lib/python3.8/site-packages/airflow/example_dags/example_short_circuit_operator.py took 0.332 seconds
[2025-02-20T14:11:06.900+0000] {processor.py:161} INFO - Started process (PID=3283) to work on /home/airflow/.local/lib/python3.8/site-packages/airflow/example_dags/example_short_circuit_operator.py
[2025-02-20T14:11:06.907+0000] {processor.py:830} INFO - Processing file /home/airflow/.local/lib/python3.8/site-packages/airflow/example_dags/example_short_circuit_operator.py for tasks to queue
[2025-02-20T14:11:06.914+0000] {logging_mixin.py:188} INFO - [2025-02-20T14:11:06.913+0000] {dagbag.py:538} INFO - Filling up the DagBag from /home/airflow/.local/lib/python3.8/site-packages/airflow/example_dags/example_short_circuit_operator.py
[2025-02-20T14:11:06.936+0000] {processor.py:840} INFO - DAG(s) 'example_short_circuit_operator' retrieved from /home/airflow/.local/lib/python3.8/site-packages/airflow/example_dags/example_short_circuit_operator.py
[2025-02-20T14:11:07.104+0000] {logging_mixin.py:188} INFO - [2025-02-20T14:11:07.104+0000] {dag.py:3036} INFO - Sync 1 DAGs
[2025-02-20T14:11:07.251+0000] {logging_mixin.py:188} INFO - [2025-02-20T14:11:07.251+0000] {dag.py:3823} INFO - Setting next_dagrun for example_short_circuit_operator to 2025-02-19 00:00:00+00:00, run_after=2025-02-20 00:00:00+00:00
[2025-02-20T14:11:07.329+0000] {processor.py:183} INFO - Processing /home/airflow/.local/lib/python3.8/site-packages/airflow/example_dags/example_short_circuit_operator.py took 0.437 seconds
[2025-02-20T16:11:27.829+0000] {processor.py:161} INFO - Started process (PID=3348) to work on /home/airflow/.local/lib/python3.8/site-packages/airflow/example_dags/example_short_circuit_operator.py
[2025-02-20T16:11:27.831+0000] {processor.py:830} INFO - Processing file /home/airflow/.local/lib/python3.8/site-packages/airflow/example_dags/example_short_circuit_operator.py for tasks to queue
[2025-02-20T16:11:27.845+0000] {logging_mixin.py:188} INFO - [2025-02-20T16:11:27.845+0000] {dagbag.py:538} INFO - Filling up the DagBag from /home/airflow/.local/lib/python3.8/site-packages/airflow/example_dags/example_short_circuit_operator.py
[2025-02-20T16:11:27.883+0000] {processor.py:840} INFO - DAG(s) 'example_short_circuit_operator' retrieved from /home/airflow/.local/lib/python3.8/site-packages/airflow/example_dags/example_short_circuit_operator.py
[2025-02-20T16:11:27.952+0000] {logging_mixin.py:188} INFO - [2025-02-20T16:11:27.951+0000] {dag.py:3036} INFO - Sync 1 DAGs
[2025-02-20T16:11:28.022+0000] {logging_mixin.py:188} INFO - [2025-02-20T16:11:28.021+0000] {dag.py:3823} INFO - Setting next_dagrun for example_short_circuit_operator to 2025-02-19 00:00:00+00:00, run_after=2025-02-20 00:00:00+00:00
[2025-02-20T16:11:28.104+0000] {processor.py:183} INFO - Processing /home/airflow/.local/lib/python3.8/site-packages/airflow/example_dags/example_short_circuit_operator.py took 0.281 seconds
[2025-02-20T16:11:58.541+0000] {processor.py:161} INFO - Started process (PID=3413) to work on /home/airflow/.local/lib/python3.8/site-packages/airflow/example_dags/example_short_circuit_operator.py
[2025-02-20T16:11:58.544+0000] {processor.py:830} INFO - Processing file /home/airflow/.local/lib/python3.8/site-packages/airflow/example_dags/example_short_circuit_operator.py for tasks to queue
[2025-02-20T16:11:58.549+0000] {logging_mixin.py:188} INFO - [2025-02-20T16:11:58.548+0000] {dagbag.py:538} INFO - Filling up the DagBag from /home/airflow/.local/lib/python3.8/site-packages/airflow/example_dags/example_short_circuit_operator.py
[2025-02-20T16:11:58.565+0000] {processor.py:840} INFO - DAG(s) 'example_short_circuit_operator' retrieved from /home/airflow/.local/lib/python3.8/site-packages/airflow/example_dags/example_short_circuit_operator.py
[2025-02-20T16:11:58.602+0000] {logging_mixin.py:188} INFO - [2025-02-20T16:11:58.601+0000] {dag.py:3036} INFO - Sync 1 DAGs
[2025-02-20T16:11:58.633+0000] {logging_mixin.py:188} INFO - [2025-02-20T16:11:58.633+0000] {dag.py:3823} INFO - Setting next_dagrun for example_short_circuit_operator to 2025-02-19 00:00:00+00:00, run_after=2025-02-20 00:00:00+00:00
[2025-02-20T16:11:58.672+0000] {processor.py:183} INFO - Processing /home/airflow/.local/lib/python3.8/site-packages/airflow/example_dags/example_short_circuit_operator.py took 0.138 seconds
[2025-02-20T18:12:11.861+0000] {processor.py:161} INFO - Started process (PID=3455) to work on /home/airflow/.local/lib/python3.8/site-packages/airflow/example_dags/example_short_circuit_operator.py
[2025-02-20T18:12:11.863+0000] {processor.py:830} INFO - Processing file /home/airflow/.local/lib/python3.8/site-packages/airflow/example_dags/example_short_circuit_operator.py for tasks to queue
[2025-02-20T18:12:11.866+0000] {logging_mixin.py:188} INFO - [2025-02-20T18:12:11.866+0000] {dagbag.py:538} INFO - Filling up the DagBag from /home/airflow/.local/lib/python3.8/site-packages/airflow/example_dags/example_short_circuit_operator.py
[2025-02-20T18:12:11.882+0000] {processor.py:840} INFO - DAG(s) 'example_short_circuit_operator' retrieved from /home/airflow/.local/lib/python3.8/site-packages/airflow/example_dags/example_short_circuit_operator.py
[2025-02-20T18:12:11.947+0000] {logging_mixin.py:188} INFO - [2025-02-20T18:12:11.946+0000] {dag.py:3036} INFO - Sync 1 DAGs
[2025-02-20T18:12:12.078+0000] {logging_mixin.py:188} INFO - [2025-02-20T18:12:12.078+0000] {dag.py:3823} INFO - Setting next_dagrun for example_short_circuit_operator to 2025-02-19 00:00:00+00:00, run_after=2025-02-20 00:00:00+00:00
[2025-02-20T18:12:12.142+0000] {processor.py:183} INFO - Processing /home/airflow/.local/lib/python3.8/site-packages/airflow/example_dags/example_short_circuit_operator.py took 0.288 seconds
[2025-02-20T18:12:42.602+0000] {processor.py:161} INFO - Started process (PID=3512) to work on /home/airflow/.local/lib/python3.8/site-packages/airflow/example_dags/example_short_circuit_operator.py
[2025-02-20T18:12:42.604+0000] {processor.py:830} INFO - Processing file /home/airflow/.local/lib/python3.8/site-packages/airflow/example_dags/example_short_circuit_operator.py for tasks to queue
[2025-02-20T18:12:42.607+0000] {logging_mixin.py:188} INFO - [2025-02-20T18:12:42.606+0000] {dagbag.py:538} INFO - Filling up the DagBag from /home/airflow/.local/lib/python3.8/site-packages/airflow/example_dags/example_short_circuit_operator.py
[2025-02-20T18:12:42.617+0000] {processor.py:840} INFO - DAG(s) 'example_short_circuit_operator' retrieved from /home/airflow/.local/lib/python3.8/site-packages/airflow/example_dags/example_short_circuit_operator.py
[2025-02-20T18:12:42.656+0000] {logging_mixin.py:188} INFO - [2025-02-20T18:12:42.656+0000] {dag.py:3036} INFO - Sync 1 DAGs
[2025-02-20T18:12:42.691+0000] {logging_mixin.py:188} INFO - [2025-02-20T18:12:42.691+0000] {dag.py:3823} INFO - Setting next_dagrun for example_short_circuit_operator to 2025-02-19 00:00:00+00:00, run_after=2025-02-20 00:00:00+00:00
[2025-02-20T18:12:42.723+0000] {processor.py:183} INFO - Processing /home/airflow/.local/lib/python3.8/site-packages/airflow/example_dags/example_short_circuit_operator.py took 0.126 seconds
[2025-02-20T20:05:30.481+0000] {processor.py:161} INFO - Started process (PID=3567) to work on /home/airflow/.local/lib/python3.8/site-packages/airflow/example_dags/example_short_circuit_operator.py
[2025-02-20T20:05:30.493+0000] {processor.py:830} INFO - Processing file /home/airflow/.local/lib/python3.8/site-packages/airflow/example_dags/example_short_circuit_operator.py for tasks to queue
[2025-02-20T20:05:30.527+0000] {logging_mixin.py:188} INFO - [2025-02-20T20:05:30.516+0000] {dagbag.py:538} INFO - Filling up the DagBag from /home/airflow/.local/lib/python3.8/site-packages/airflow/example_dags/example_short_circuit_operator.py
[2025-02-20T20:05:30.673+0000] {processor.py:840} INFO - DAG(s) 'example_short_circuit_operator' retrieved from /home/airflow/.local/lib/python3.8/site-packages/airflow/example_dags/example_short_circuit_operator.py
[2025-02-20T20:05:30.831+0000] {logging_mixin.py:188} INFO - [2025-02-20T20:05:30.831+0000] {dag.py:3036} INFO - Sync 1 DAGs
[2025-02-20T20:05:30.883+0000] {logging_mixin.py:188} INFO - [2025-02-20T20:05:30.883+0000] {dag.py:3823} INFO - Setting next_dagrun for example_short_circuit_operator to 2025-02-19 00:00:00+00:00, run_after=2025-02-20 00:00:00+00:00
[2025-02-20T20:05:30.989+0000] {processor.py:183} INFO - Processing /home/airflow/.local/lib/python3.8/site-packages/airflow/example_dags/example_short_circuit_operator.py took 0.528 seconds
[2025-02-20T20:06:01.819+0000] {processor.py:161} INFO - Started process (PID=3632) to work on /home/airflow/.local/lib/python3.8/site-packages/airflow/example_dags/example_short_circuit_operator.py
[2025-02-20T20:06:01.821+0000] {processor.py:830} INFO - Processing file /home/airflow/.local/lib/python3.8/site-packages/airflow/example_dags/example_short_circuit_operator.py for tasks to queue
[2025-02-20T20:06:01.829+0000] {logging_mixin.py:188} INFO - [2025-02-20T20:06:01.825+0000] {dagbag.py:538} INFO - Filling up the DagBag from /home/airflow/.local/lib/python3.8/site-packages/airflow/example_dags/example_short_circuit_operator.py
[2025-02-20T20:06:01.851+0000] {processor.py:840} INFO - DAG(s) 'example_short_circuit_operator' retrieved from /home/airflow/.local/lib/python3.8/site-packages/airflow/example_dags/example_short_circuit_operator.py
[2025-02-20T20:06:01.908+0000] {logging_mixin.py:188} INFO - [2025-02-20T20:06:01.908+0000] {dag.py:3036} INFO - Sync 1 DAGs
[2025-02-20T20:06:01.950+0000] {logging_mixin.py:188} INFO - [2025-02-20T20:06:01.949+0000] {dag.py:3823} INFO - Setting next_dagrun for example_short_circuit_operator to 2025-02-19 00:00:00+00:00, run_after=2025-02-20 00:00:00+00:00
[2025-02-20T20:06:02.002+0000] {processor.py:183} INFO - Processing /home/airflow/.local/lib/python3.8/site-packages/airflow/example_dags/example_short_circuit_operator.py took 0.189 seconds
[2025-02-20T20:18:55.567+0000] {processor.py:161} INFO - Started process (PID=3659) to work on /home/airflow/.local/lib/python3.8/site-packages/airflow/example_dags/example_short_circuit_operator.py
[2025-02-20T20:18:55.569+0000] {processor.py:830} INFO - Processing file /home/airflow/.local/lib/python3.8/site-packages/airflow/example_dags/example_short_circuit_operator.py for tasks to queue
[2025-02-20T20:18:55.572+0000] {logging_mixin.py:188} INFO - [2025-02-20T20:18:55.572+0000] {dagbag.py:538} INFO - Filling up the DagBag from /home/airflow/.local/lib/python3.8/site-packages/airflow/example_dags/example_short_circuit_operator.py
[2025-02-20T20:18:55.594+0000] {processor.py:840} INFO - DAG(s) 'example_short_circuit_operator' retrieved from /home/airflow/.local/lib/python3.8/site-packages/airflow/example_dags/example_short_circuit_operator.py
[2025-02-20T20:18:55.657+0000] {logging_mixin.py:188} INFO - [2025-02-20T20:18:55.657+0000] {dag.py:3036} INFO - Sync 1 DAGs
[2025-02-20T20:18:55.704+0000] {logging_mixin.py:188} INFO - [2025-02-20T20:18:55.704+0000] {dag.py:3823} INFO - Setting next_dagrun for example_short_circuit_operator to 2025-02-19 00:00:00+00:00, run_after=2025-02-20 00:00:00+00:00
[2025-02-20T20:18:55.782+0000] {processor.py:183} INFO - Processing /home/airflow/.local/lib/python3.8/site-packages/airflow/example_dags/example_short_circuit_operator.py took 0.227 seconds
[2025-02-20T20:19:26.200+0000] {processor.py:161} INFO - Started process (PID=3716) to work on /home/airflow/.local/lib/python3.8/site-packages/airflow/example_dags/example_short_circuit_operator.py
[2025-02-20T20:19:26.202+0000] {processor.py:830} INFO - Processing file /home/airflow/.local/lib/python3.8/site-packages/airflow/example_dags/example_short_circuit_operator.py for tasks to queue
[2025-02-20T20:19:26.207+0000] {logging_mixin.py:188} INFO - [2025-02-20T20:19:26.206+0000] {dagbag.py:538} INFO - Filling up the DagBag from /home/airflow/.local/lib/python3.8/site-packages/airflow/example_dags/example_short_circuit_operator.py
[2025-02-20T20:19:26.219+0000] {processor.py:840} INFO - DAG(s) 'example_short_circuit_operator' retrieved from /home/airflow/.local/lib/python3.8/site-packages/airflow/example_dags/example_short_circuit_operator.py
[2025-02-20T20:19:26.262+0000] {logging_mixin.py:188} INFO - [2025-02-20T20:19:26.262+0000] {dag.py:3036} INFO - Sync 1 DAGs
[2025-02-20T20:19:26.295+0000] {logging_mixin.py:188} INFO - [2025-02-20T20:19:26.294+0000] {dag.py:3823} INFO - Setting next_dagrun for example_short_circuit_operator to 2025-02-19 00:00:00+00:00, run_after=2025-02-20 00:00:00+00:00
[2025-02-20T20:19:26.329+0000] {processor.py:183} INFO - Processing /home/airflow/.local/lib/python3.8/site-packages/airflow/example_dags/example_short_circuit_operator.py took 0.134 seconds
[2025-02-20T22:14:22.349+0000] {processor.py:161} INFO - Started process (PID=3757) to work on /home/airflow/.local/lib/python3.8/site-packages/airflow/example_dags/example_short_circuit_operator.py
[2025-02-20T22:14:22.354+0000] {processor.py:830} INFO - Processing file /home/airflow/.local/lib/python3.8/site-packages/airflow/example_dags/example_short_circuit_operator.py for tasks to queue
[2025-02-20T22:14:22.359+0000] {logging_mixin.py:188} INFO - [2025-02-20T22:14:22.359+0000] {dagbag.py:538} INFO - Filling up the DagBag from /home/airflow/.local/lib/python3.8/site-packages/airflow/example_dags/example_short_circuit_operator.py
[2025-02-20T22:14:22.383+0000] {processor.py:840} INFO - DAG(s) 'example_short_circuit_operator' retrieved from /home/airflow/.local/lib/python3.8/site-packages/airflow/example_dags/example_short_circuit_operator.py
[2025-02-20T22:14:22.472+0000] {logging_mixin.py:188} INFO - [2025-02-20T22:14:22.472+0000] {dag.py:3036} INFO - Sync 1 DAGs
[2025-02-20T22:14:22.518+0000] {logging_mixin.py:188} INFO - [2025-02-20T22:14:22.518+0000] {dag.py:3823} INFO - Setting next_dagrun for example_short_circuit_operator to 2025-02-19 00:00:00+00:00, run_after=2025-02-20 00:00:00+00:00
[2025-02-20T22:14:22.609+0000] {processor.py:183} INFO - Processing /home/airflow/.local/lib/python3.8/site-packages/airflow/example_dags/example_short_circuit_operator.py took 0.267 seconds
