[2025-02-20T13:46:04.989+0000] {processor.py:161} INFO - Started process (PID=112) to work on /home/airflow/.local/lib/python3.8/site-packages/airflow/example_dags/example_latest_only_with_trigger.py
[2025-02-20T13:46:04.991+0000] {processor.py:830} INFO - Processing file /home/airflow/.local/lib/python3.8/site-packages/airflow/example_dags/example_latest_only_with_trigger.py for tasks to queue
[2025-02-20T13:46:04.996+0000] {logging_mixin.py:188} INFO - [2025-02-20T13:46:04.995+0000] {dagbag.py:538} INFO - Filling up the DagBag from /home/airflow/.local/lib/python3.8/site-packages/airflow/example_dags/example_latest_only_with_trigger.py
[2025-02-20T13:46:05.004+0000] {processor.py:840} INFO - DAG(s) 'latest_only_with_trigger' retrieved from /home/airflow/.local/lib/python3.8/site-packages/airflow/example_dags/example_latest_only_with_trigger.py
[2025-02-20T13:46:05.038+0000] {logging_mixin.py:188} INFO - [2025-02-20T13:46:05.038+0000] {dag.py:3036} INFO - Sync 1 DAGs
[2025-02-20T13:46:05.071+0000] {logging_mixin.py:188} INFO - [2025-02-20T13:46:05.071+0000] {dag.py:3823} INFO - Setting next_dagrun for latest_only_with_trigger to 2025-02-20 08:00:00+00:00, run_after=2025-02-20 12:00:00+00:00
[2025-02-20T13:46:05.098+0000] {processor.py:183} INFO - Processing /home/airflow/.local/lib/python3.8/site-packages/airflow/example_dags/example_latest_only_with_trigger.py took 0.114 seconds
[2025-02-20T13:46:35.448+0000] {processor.py:161} INFO - Started process (PID=177) to work on /home/airflow/.local/lib/python3.8/site-packages/airflow/example_dags/example_latest_only_with_trigger.py
[2025-02-20T13:46:35.451+0000] {processor.py:830} INFO - Processing file /home/airflow/.local/lib/python3.8/site-packages/airflow/example_dags/example_latest_only_with_trigger.py for tasks to queue
[2025-02-20T13:46:35.453+0000] {logging_mixin.py:188} INFO - [2025-02-20T13:46:35.453+0000] {dagbag.py:538} INFO - Filling up the DagBag from /home/airflow/.local/lib/python3.8/site-packages/airflow/example_dags/example_latest_only_with_trigger.py
[2025-02-20T13:46:35.462+0000] {processor.py:840} INFO - DAG(s) 'latest_only_with_trigger' retrieved from /home/airflow/.local/lib/python3.8/site-packages/airflow/example_dags/example_latest_only_with_trigger.py
[2025-02-20T13:46:35.495+0000] {logging_mixin.py:188} INFO - [2025-02-20T13:46:35.495+0000] {dag.py:3036} INFO - Sync 1 DAGs
[2025-02-20T13:46:35.533+0000] {logging_mixin.py:188} INFO - [2025-02-20T13:46:35.533+0000] {dag.py:3823} INFO - Setting next_dagrun for latest_only_with_trigger to 2025-02-20 08:00:00+00:00, run_after=2025-02-20 12:00:00+00:00
[2025-02-20T13:46:35.558+0000] {processor.py:183} INFO - Processing /home/airflow/.local/lib/python3.8/site-packages/airflow/example_dags/example_latest_only_with_trigger.py took 0.114 seconds
[2025-02-20T13:47:06.063+0000] {processor.py:161} INFO - Started process (PID=242) to work on /home/airflow/.local/lib/python3.8/site-packages/airflow/example_dags/example_latest_only_with_trigger.py
[2025-02-20T13:47:06.066+0000] {processor.py:830} INFO - Processing file /home/airflow/.local/lib/python3.8/site-packages/airflow/example_dags/example_latest_only_with_trigger.py for tasks to queue
[2025-02-20T13:47:06.069+0000] {logging_mixin.py:188} INFO - [2025-02-20T13:47:06.068+0000] {dagbag.py:538} INFO - Filling up the DagBag from /home/airflow/.local/lib/python3.8/site-packages/airflow/example_dags/example_latest_only_with_trigger.py
[2025-02-20T13:47:06.079+0000] {processor.py:840} INFO - DAG(s) 'latest_only_with_trigger' retrieved from /home/airflow/.local/lib/python3.8/site-packages/airflow/example_dags/example_latest_only_with_trigger.py
[2025-02-20T13:47:06.114+0000] {logging_mixin.py:188} INFO - [2025-02-20T13:47:06.114+0000] {dag.py:3036} INFO - Sync 1 DAGs
[2025-02-20T13:47:06.154+0000] {logging_mixin.py:188} INFO - [2025-02-20T13:47:06.153+0000] {dag.py:3823} INFO - Setting next_dagrun for latest_only_with_trigger to 2025-02-20 08:00:00+00:00, run_after=2025-02-20 12:00:00+00:00
[2025-02-20T13:47:06.178+0000] {processor.py:183} INFO - Processing /home/airflow/.local/lib/python3.8/site-packages/airflow/example_dags/example_latest_only_with_trigger.py took 0.118 seconds
[2025-02-20T13:47:37.756+0000] {processor.py:161} INFO - Started process (PID=308) to work on /home/airflow/.local/lib/python3.8/site-packages/airflow/example_dags/example_latest_only_with_trigger.py
[2025-02-20T13:47:37.759+0000] {processor.py:830} INFO - Processing file /home/airflow/.local/lib/python3.8/site-packages/airflow/example_dags/example_latest_only_with_trigger.py for tasks to queue
[2025-02-20T13:47:37.763+0000] {logging_mixin.py:188} INFO - [2025-02-20T13:47:37.763+0000] {dagbag.py:538} INFO - Filling up the DagBag from /home/airflow/.local/lib/python3.8/site-packages/airflow/example_dags/example_latest_only_with_trigger.py
[2025-02-20T13:47:37.771+0000] {processor.py:840} INFO - DAG(s) 'latest_only_with_trigger' retrieved from /home/airflow/.local/lib/python3.8/site-packages/airflow/example_dags/example_latest_only_with_trigger.py
[2025-02-20T13:47:37.811+0000] {logging_mixin.py:188} INFO - [2025-02-20T13:47:37.810+0000] {dag.py:3036} INFO - Sync 1 DAGs
[2025-02-20T13:47:37.849+0000] {logging_mixin.py:188} INFO - [2025-02-20T13:47:37.849+0000] {dag.py:3823} INFO - Setting next_dagrun for latest_only_with_trigger to 2025-02-20 08:00:00+00:00, run_after=2025-02-20 12:00:00+00:00
[2025-02-20T13:47:37.897+0000] {processor.py:183} INFO - Processing /home/airflow/.local/lib/python3.8/site-packages/airflow/example_dags/example_latest_only_with_trigger.py took 0.150 seconds
[2025-02-20T13:48:07.955+0000] {processor.py:161} INFO - Started process (PID=372) to work on /home/airflow/.local/lib/python3.8/site-packages/airflow/example_dags/example_latest_only_with_trigger.py
[2025-02-20T13:48:07.957+0000] {processor.py:830} INFO - Processing file /home/airflow/.local/lib/python3.8/site-packages/airflow/example_dags/example_latest_only_with_trigger.py for tasks to queue
[2025-02-20T13:48:07.960+0000] {logging_mixin.py:188} INFO - [2025-02-20T13:48:07.960+0000] {dagbag.py:538} INFO - Filling up the DagBag from /home/airflow/.local/lib/python3.8/site-packages/airflow/example_dags/example_latest_only_with_trigger.py
[2025-02-20T13:48:07.969+0000] {processor.py:840} INFO - DAG(s) 'latest_only_with_trigger' retrieved from /home/airflow/.local/lib/python3.8/site-packages/airflow/example_dags/example_latest_only_with_trigger.py
[2025-02-20T13:48:08.015+0000] {logging_mixin.py:188} INFO - [2025-02-20T13:48:08.015+0000] {dag.py:3036} INFO - Sync 1 DAGs
[2025-02-20T13:48:08.054+0000] {logging_mixin.py:188} INFO - [2025-02-20T13:48:08.054+0000] {dag.py:3823} INFO - Setting next_dagrun for latest_only_with_trigger to 2025-02-20 08:00:00+00:00, run_after=2025-02-20 12:00:00+00:00
[2025-02-20T13:48:08.079+0000] {processor.py:183} INFO - Processing /home/airflow/.local/lib/python3.8/site-packages/airflow/example_dags/example_latest_only_with_trigger.py took 0.129 seconds
[2025-02-20T13:48:38.873+0000] {processor.py:161} INFO - Started process (PID=436) to work on /home/airflow/.local/lib/python3.8/site-packages/airflow/example_dags/example_latest_only_with_trigger.py
[2025-02-20T13:48:38.876+0000] {processor.py:830} INFO - Processing file /home/airflow/.local/lib/python3.8/site-packages/airflow/example_dags/example_latest_only_with_trigger.py for tasks to queue
[2025-02-20T13:48:38.880+0000] {logging_mixin.py:188} INFO - [2025-02-20T13:48:38.879+0000] {dagbag.py:538} INFO - Filling up the DagBag from /home/airflow/.local/lib/python3.8/site-packages/airflow/example_dags/example_latest_only_with_trigger.py
[2025-02-20T13:48:38.892+0000] {processor.py:840} INFO - DAG(s) 'latest_only_with_trigger' retrieved from /home/airflow/.local/lib/python3.8/site-packages/airflow/example_dags/example_latest_only_with_trigger.py
[2025-02-20T13:48:38.934+0000] {logging_mixin.py:188} INFO - [2025-02-20T13:48:38.934+0000] {dag.py:3036} INFO - Sync 1 DAGs
[2025-02-20T13:48:38.977+0000] {logging_mixin.py:188} INFO - [2025-02-20T13:48:38.977+0000] {dag.py:3823} INFO - Setting next_dagrun for latest_only_with_trigger to 2025-02-20 08:00:00+00:00, run_after=2025-02-20 12:00:00+00:00
[2025-02-20T13:48:39.033+0000] {processor.py:183} INFO - Processing /home/airflow/.local/lib/python3.8/site-packages/airflow/example_dags/example_latest_only_with_trigger.py took 0.167 seconds
[2025-02-20T13:49:09.840+0000] {processor.py:161} INFO - Started process (PID=501) to work on /home/airflow/.local/lib/python3.8/site-packages/airflow/example_dags/example_latest_only_with_trigger.py
[2025-02-20T13:49:09.848+0000] {processor.py:830} INFO - Processing file /home/airflow/.local/lib/python3.8/site-packages/airflow/example_dags/example_latest_only_with_trigger.py for tasks to queue
[2025-02-20T13:49:09.851+0000] {logging_mixin.py:188} INFO - [2025-02-20T13:49:09.851+0000] {dagbag.py:538} INFO - Filling up the DagBag from /home/airflow/.local/lib/python3.8/site-packages/airflow/example_dags/example_latest_only_with_trigger.py
[2025-02-20T13:49:09.863+0000] {processor.py:840} INFO - DAG(s) 'latest_only_with_trigger' retrieved from /home/airflow/.local/lib/python3.8/site-packages/airflow/example_dags/example_latest_only_with_trigger.py
[2025-02-20T13:49:09.938+0000] {logging_mixin.py:188} INFO - [2025-02-20T13:49:09.937+0000] {dag.py:3036} INFO - Sync 1 DAGs
[2025-02-20T13:49:09.996+0000] {logging_mixin.py:188} INFO - [2025-02-20T13:49:09.996+0000] {dag.py:3823} INFO - Setting next_dagrun for latest_only_with_trigger to 2025-02-20 08:00:00+00:00, run_after=2025-02-20 12:00:00+00:00
[2025-02-20T13:49:10.039+0000] {processor.py:183} INFO - Processing /home/airflow/.local/lib/python3.8/site-packages/airflow/example_dags/example_latest_only_with_trigger.py took 0.205 seconds
[2025-02-20T13:49:41.017+0000] {processor.py:161} INFO - Started process (PID=567) to work on /home/airflow/.local/lib/python3.8/site-packages/airflow/example_dags/example_latest_only_with_trigger.py
[2025-02-20T13:49:41.021+0000] {processor.py:830} INFO - Processing file /home/airflow/.local/lib/python3.8/site-packages/airflow/example_dags/example_latest_only_with_trigger.py for tasks to queue
[2025-02-20T13:49:41.044+0000] {logging_mixin.py:188} INFO - [2025-02-20T13:49:41.044+0000] {dagbag.py:538} INFO - Filling up the DagBag from /home/airflow/.local/lib/python3.8/site-packages/airflow/example_dags/example_latest_only_with_trigger.py
[2025-02-20T13:49:41.080+0000] {processor.py:840} INFO - DAG(s) 'latest_only_with_trigger' retrieved from /home/airflow/.local/lib/python3.8/site-packages/airflow/example_dags/example_latest_only_with_trigger.py
[2025-02-20T13:49:41.185+0000] {logging_mixin.py:188} INFO - [2025-02-20T13:49:41.185+0000] {dag.py:3036} INFO - Sync 1 DAGs
[2025-02-20T13:49:41.317+0000] {logging_mixin.py:188} INFO - [2025-02-20T13:49:41.316+0000] {dag.py:3823} INFO - Setting next_dagrun for latest_only_with_trigger to 2025-02-20 08:00:00+00:00, run_after=2025-02-20 12:00:00+00:00
[2025-02-20T13:49:41.444+0000] {processor.py:183} INFO - Processing /home/airflow/.local/lib/python3.8/site-packages/airflow/example_dags/example_latest_only_with_trigger.py took 0.444 seconds
[2025-02-20T13:50:11.931+0000] {processor.py:161} INFO - Started process (PID=624) to work on /home/airflow/.local/lib/python3.8/site-packages/airflow/example_dags/example_latest_only_with_trigger.py
[2025-02-20T13:50:11.934+0000] {processor.py:830} INFO - Processing file /home/airflow/.local/lib/python3.8/site-packages/airflow/example_dags/example_latest_only_with_trigger.py for tasks to queue
[2025-02-20T13:50:11.939+0000] {logging_mixin.py:188} INFO - [2025-02-20T13:50:11.938+0000] {dagbag.py:538} INFO - Filling up the DagBag from /home/airflow/.local/lib/python3.8/site-packages/airflow/example_dags/example_latest_only_with_trigger.py
[2025-02-20T13:50:11.950+0000] {processor.py:840} INFO - DAG(s) 'latest_only_with_trigger' retrieved from /home/airflow/.local/lib/python3.8/site-packages/airflow/example_dags/example_latest_only_with_trigger.py
[2025-02-20T13:50:11.991+0000] {logging_mixin.py:188} INFO - [2025-02-20T13:50:11.991+0000] {dag.py:3036} INFO - Sync 1 DAGs
[2025-02-20T13:50:12.038+0000] {logging_mixin.py:188} INFO - [2025-02-20T13:50:12.038+0000] {dag.py:3823} INFO - Setting next_dagrun for latest_only_with_trigger to 2025-02-20 08:00:00+00:00, run_after=2025-02-20 12:00:00+00:00
[2025-02-20T13:50:12.078+0000] {processor.py:183} INFO - Processing /home/airflow/.local/lib/python3.8/site-packages/airflow/example_dags/example_latest_only_with_trigger.py took 0.152 seconds
[2025-02-20T13:50:42.434+0000] {processor.py:161} INFO - Started process (PID=697) to work on /home/airflow/.local/lib/python3.8/site-packages/airflow/example_dags/example_latest_only_with_trigger.py
[2025-02-20T13:50:42.436+0000] {processor.py:830} INFO - Processing file /home/airflow/.local/lib/python3.8/site-packages/airflow/example_dags/example_latest_only_with_trigger.py for tasks to queue
[2025-02-20T13:50:42.449+0000] {logging_mixin.py:188} INFO - [2025-02-20T13:50:42.449+0000] {dagbag.py:538} INFO - Filling up the DagBag from /home/airflow/.local/lib/python3.8/site-packages/airflow/example_dags/example_latest_only_with_trigger.py
[2025-02-20T13:50:42.471+0000] {processor.py:840} INFO - DAG(s) 'latest_only_with_trigger' retrieved from /home/airflow/.local/lib/python3.8/site-packages/airflow/example_dags/example_latest_only_with_trigger.py
[2025-02-20T13:50:42.539+0000] {logging_mixin.py:188} INFO - [2025-02-20T13:50:42.539+0000] {dag.py:3036} INFO - Sync 1 DAGs
[2025-02-20T13:50:42.676+0000] {logging_mixin.py:188} INFO - [2025-02-20T13:50:42.675+0000] {dag.py:3823} INFO - Setting next_dagrun for latest_only_with_trigger to 2025-02-20 08:00:00+00:00, run_after=2025-02-20 12:00:00+00:00
[2025-02-20T13:50:42.767+0000] {processor.py:183} INFO - Processing /home/airflow/.local/lib/python3.8/site-packages/airflow/example_dags/example_latest_only_with_trigger.py took 0.340 seconds
[2025-02-20T13:51:12.861+0000] {processor.py:161} INFO - Started process (PID=761) to work on /home/airflow/.local/lib/python3.8/site-packages/airflow/example_dags/example_latest_only_with_trigger.py
[2025-02-20T13:51:12.862+0000] {processor.py:830} INFO - Processing file /home/airflow/.local/lib/python3.8/site-packages/airflow/example_dags/example_latest_only_with_trigger.py for tasks to queue
[2025-02-20T13:51:12.865+0000] {logging_mixin.py:188} INFO - [2025-02-20T13:51:12.865+0000] {dagbag.py:538} INFO - Filling up the DagBag from /home/airflow/.local/lib/python3.8/site-packages/airflow/example_dags/example_latest_only_with_trigger.py
[2025-02-20T13:51:12.872+0000] {processor.py:840} INFO - DAG(s) 'latest_only_with_trigger' retrieved from /home/airflow/.local/lib/python3.8/site-packages/airflow/example_dags/example_latest_only_with_trigger.py
[2025-02-20T13:51:12.903+0000] {logging_mixin.py:188} INFO - [2025-02-20T13:51:12.903+0000] {dag.py:3036} INFO - Sync 1 DAGs
[2025-02-20T13:51:12.932+0000] {logging_mixin.py:188} INFO - [2025-02-20T13:51:12.932+0000] {dag.py:3823} INFO - Setting next_dagrun for latest_only_with_trigger to 2025-02-20 08:00:00+00:00, run_after=2025-02-20 12:00:00+00:00
[2025-02-20T13:51:12.967+0000] {processor.py:183} INFO - Processing /home/airflow/.local/lib/python3.8/site-packages/airflow/example_dags/example_latest_only_with_trigger.py took 0.110 seconds
[2025-02-20T13:51:43.380+0000] {processor.py:161} INFO - Started process (PID=826) to work on /home/airflow/.local/lib/python3.8/site-packages/airflow/example_dags/example_latest_only_with_trigger.py
[2025-02-20T13:51:43.382+0000] {processor.py:830} INFO - Processing file /home/airflow/.local/lib/python3.8/site-packages/airflow/example_dags/example_latest_only_with_trigger.py for tasks to queue
[2025-02-20T13:51:43.385+0000] {logging_mixin.py:188} INFO - [2025-02-20T13:51:43.385+0000] {dagbag.py:538} INFO - Filling up the DagBag from /home/airflow/.local/lib/python3.8/site-packages/airflow/example_dags/example_latest_only_with_trigger.py
[2025-02-20T13:51:43.396+0000] {processor.py:840} INFO - DAG(s) 'latest_only_with_trigger' retrieved from /home/airflow/.local/lib/python3.8/site-packages/airflow/example_dags/example_latest_only_with_trigger.py
[2025-02-20T13:51:43.431+0000] {logging_mixin.py:188} INFO - [2025-02-20T13:51:43.430+0000] {dag.py:3036} INFO - Sync 1 DAGs
[2025-02-20T13:51:43.473+0000] {logging_mixin.py:188} INFO - [2025-02-20T13:51:43.473+0000] {dag.py:3823} INFO - Setting next_dagrun for latest_only_with_trigger to 2025-02-20 08:00:00+00:00, run_after=2025-02-20 12:00:00+00:00
[2025-02-20T13:51:43.512+0000] {processor.py:183} INFO - Processing /home/airflow/.local/lib/python3.8/site-packages/airflow/example_dags/example_latest_only_with_trigger.py took 0.137 seconds
[2025-02-20T13:52:13.676+0000] {processor.py:161} INFO - Started process (PID=890) to work on /home/airflow/.local/lib/python3.8/site-packages/airflow/example_dags/example_latest_only_with_trigger.py
[2025-02-20T13:52:13.677+0000] {processor.py:830} INFO - Processing file /home/airflow/.local/lib/python3.8/site-packages/airflow/example_dags/example_latest_only_with_trigger.py for tasks to queue
[2025-02-20T13:52:13.680+0000] {logging_mixin.py:188} INFO - [2025-02-20T13:52:13.680+0000] {dagbag.py:538} INFO - Filling up the DagBag from /home/airflow/.local/lib/python3.8/site-packages/airflow/example_dags/example_latest_only_with_trigger.py
[2025-02-20T13:52:13.686+0000] {processor.py:840} INFO - DAG(s) 'latest_only_with_trigger' retrieved from /home/airflow/.local/lib/python3.8/site-packages/airflow/example_dags/example_latest_only_with_trigger.py
[2025-02-20T13:52:13.713+0000] {logging_mixin.py:188} INFO - [2025-02-20T13:52:13.712+0000] {dag.py:3036} INFO - Sync 1 DAGs
[2025-02-20T13:52:13.740+0000] {logging_mixin.py:188} INFO - [2025-02-20T13:52:13.739+0000] {dag.py:3823} INFO - Setting next_dagrun for latest_only_with_trigger to 2025-02-20 08:00:00+00:00, run_after=2025-02-20 12:00:00+00:00
[2025-02-20T13:52:13.770+0000] {processor.py:183} INFO - Processing /home/airflow/.local/lib/python3.8/site-packages/airflow/example_dags/example_latest_only_with_trigger.py took 0.098 seconds
[2025-02-20T13:52:44.654+0000] {processor.py:161} INFO - Started process (PID=955) to work on /home/airflow/.local/lib/python3.8/site-packages/airflow/example_dags/example_latest_only_with_trigger.py
[2025-02-20T13:52:44.655+0000] {processor.py:830} INFO - Processing file /home/airflow/.local/lib/python3.8/site-packages/airflow/example_dags/example_latest_only_with_trigger.py for tasks to queue
[2025-02-20T13:52:44.658+0000] {logging_mixin.py:188} INFO - [2025-02-20T13:52:44.658+0000] {dagbag.py:538} INFO - Filling up the DagBag from /home/airflow/.local/lib/python3.8/site-packages/airflow/example_dags/example_latest_only_with_trigger.py
[2025-02-20T13:52:44.667+0000] {processor.py:840} INFO - DAG(s) 'latest_only_with_trigger' retrieved from /home/airflow/.local/lib/python3.8/site-packages/airflow/example_dags/example_latest_only_with_trigger.py
[2025-02-20T13:52:44.704+0000] {logging_mixin.py:188} INFO - [2025-02-20T13:52:44.704+0000] {dag.py:3036} INFO - Sync 1 DAGs
[2025-02-20T13:52:44.757+0000] {logging_mixin.py:188} INFO - [2025-02-20T13:52:44.756+0000] {dag.py:3823} INFO - Setting next_dagrun for latest_only_with_trigger to 2025-02-20 08:00:00+00:00, run_after=2025-02-20 12:00:00+00:00
[2025-02-20T13:52:44.806+0000] {processor.py:183} INFO - Processing /home/airflow/.local/lib/python3.8/site-packages/airflow/example_dags/example_latest_only_with_trigger.py took 0.157 seconds
[2025-02-20T13:53:15.604+0000] {processor.py:161} INFO - Started process (PID=1020) to work on /home/airflow/.local/lib/python3.8/site-packages/airflow/example_dags/example_latest_only_with_trigger.py
[2025-02-20T13:53:15.606+0000] {processor.py:830} INFO - Processing file /home/airflow/.local/lib/python3.8/site-packages/airflow/example_dags/example_latest_only_with_trigger.py for tasks to queue
[2025-02-20T13:53:15.609+0000] {logging_mixin.py:188} INFO - [2025-02-20T13:53:15.609+0000] {dagbag.py:538} INFO - Filling up the DagBag from /home/airflow/.local/lib/python3.8/site-packages/airflow/example_dags/example_latest_only_with_trigger.py
[2025-02-20T13:53:15.616+0000] {processor.py:840} INFO - DAG(s) 'latest_only_with_trigger' retrieved from /home/airflow/.local/lib/python3.8/site-packages/airflow/example_dags/example_latest_only_with_trigger.py
[2025-02-20T13:53:15.647+0000] {logging_mixin.py:188} INFO - [2025-02-20T13:53:15.647+0000] {dag.py:3036} INFO - Sync 1 DAGs
[2025-02-20T13:53:15.682+0000] {logging_mixin.py:188} INFO - [2025-02-20T13:53:15.682+0000] {dag.py:3823} INFO - Setting next_dagrun for latest_only_with_trigger to 2025-02-20 08:00:00+00:00, run_after=2025-02-20 12:00:00+00:00
[2025-02-20T13:53:15.711+0000] {processor.py:183} INFO - Processing /home/airflow/.local/lib/python3.8/site-packages/airflow/example_dags/example_latest_only_with_trigger.py took 0.113 seconds
[2025-02-20T13:53:46.265+0000] {processor.py:161} INFO - Started process (PID=1085) to work on /home/airflow/.local/lib/python3.8/site-packages/airflow/example_dags/example_latest_only_with_trigger.py
[2025-02-20T13:53:46.267+0000] {processor.py:830} INFO - Processing file /home/airflow/.local/lib/python3.8/site-packages/airflow/example_dags/example_latest_only_with_trigger.py for tasks to queue
[2025-02-20T13:53:46.270+0000] {logging_mixin.py:188} INFO - [2025-02-20T13:53:46.270+0000] {dagbag.py:538} INFO - Filling up the DagBag from /home/airflow/.local/lib/python3.8/site-packages/airflow/example_dags/example_latest_only_with_trigger.py
[2025-02-20T13:53:46.279+0000] {processor.py:840} INFO - DAG(s) 'latest_only_with_trigger' retrieved from /home/airflow/.local/lib/python3.8/site-packages/airflow/example_dags/example_latest_only_with_trigger.py
[2025-02-20T13:53:46.318+0000] {logging_mixin.py:188} INFO - [2025-02-20T13:53:46.317+0000] {dag.py:3036} INFO - Sync 1 DAGs
[2025-02-20T13:53:46.361+0000] {logging_mixin.py:188} INFO - [2025-02-20T13:53:46.360+0000] {dag.py:3823} INFO - Setting next_dagrun for latest_only_with_trigger to 2025-02-20 08:00:00+00:00, run_after=2025-02-20 12:00:00+00:00
[2025-02-20T13:53:46.444+0000] {processor.py:183} INFO - Processing /home/airflow/.local/lib/python3.8/site-packages/airflow/example_dags/example_latest_only_with_trigger.py took 0.183 seconds
[2025-02-20T13:54:16.773+0000] {processor.py:161} INFO - Started process (PID=1150) to work on /home/airflow/.local/lib/python3.8/site-packages/airflow/example_dags/example_latest_only_with_trigger.py
[2025-02-20T13:54:16.774+0000] {processor.py:830} INFO - Processing file /home/airflow/.local/lib/python3.8/site-packages/airflow/example_dags/example_latest_only_with_trigger.py for tasks to queue
[2025-02-20T13:54:16.777+0000] {logging_mixin.py:188} INFO - [2025-02-20T13:54:16.777+0000] {dagbag.py:538} INFO - Filling up the DagBag from /home/airflow/.local/lib/python3.8/site-packages/airflow/example_dags/example_latest_only_with_trigger.py
[2025-02-20T13:54:16.785+0000] {processor.py:840} INFO - DAG(s) 'latest_only_with_trigger' retrieved from /home/airflow/.local/lib/python3.8/site-packages/airflow/example_dags/example_latest_only_with_trigger.py
[2025-02-20T13:54:16.813+0000] {logging_mixin.py:188} INFO - [2025-02-20T13:54:16.813+0000] {dag.py:3036} INFO - Sync 1 DAGs
[2025-02-20T13:54:16.842+0000] {logging_mixin.py:188} INFO - [2025-02-20T13:54:16.842+0000] {dag.py:3823} INFO - Setting next_dagrun for latest_only_with_trigger to 2025-02-20 08:00:00+00:00, run_after=2025-02-20 12:00:00+00:00
[2025-02-20T13:54:16.873+0000] {processor.py:183} INFO - Processing /home/airflow/.local/lib/python3.8/site-packages/airflow/example_dags/example_latest_only_with_trigger.py took 0.104 seconds
[2025-02-20T13:54:47.971+0000] {processor.py:161} INFO - Started process (PID=1215) to work on /home/airflow/.local/lib/python3.8/site-packages/airflow/example_dags/example_latest_only_with_trigger.py
[2025-02-20T13:54:47.977+0000] {processor.py:830} INFO - Processing file /home/airflow/.local/lib/python3.8/site-packages/airflow/example_dags/example_latest_only_with_trigger.py for tasks to queue
[2025-02-20T13:54:47.986+0000] {logging_mixin.py:188} INFO - [2025-02-20T13:54:47.985+0000] {dagbag.py:538} INFO - Filling up the DagBag from /home/airflow/.local/lib/python3.8/site-packages/airflow/example_dags/example_latest_only_with_trigger.py
[2025-02-20T13:54:48.002+0000] {processor.py:840} INFO - DAG(s) 'latest_only_with_trigger' retrieved from /home/airflow/.local/lib/python3.8/site-packages/airflow/example_dags/example_latest_only_with_trigger.py
[2025-02-20T13:54:48.063+0000] {logging_mixin.py:188} INFO - [2025-02-20T13:54:48.063+0000] {dag.py:3036} INFO - Sync 1 DAGs
[2025-02-20T13:54:48.150+0000] {logging_mixin.py:188} INFO - [2025-02-20T13:54:48.150+0000] {dag.py:3823} INFO - Setting next_dagrun for latest_only_with_trigger to 2025-02-20 08:00:00+00:00, run_after=2025-02-20 12:00:00+00:00
[2025-02-20T13:54:48.206+0000] {processor.py:183} INFO - Processing /home/airflow/.local/lib/python3.8/site-packages/airflow/example_dags/example_latest_only_with_trigger.py took 0.334 seconds
[2025-02-20T13:55:18.835+0000] {processor.py:161} INFO - Started process (PID=1288) to work on /home/airflow/.local/lib/python3.8/site-packages/airflow/example_dags/example_latest_only_with_trigger.py
[2025-02-20T13:55:18.836+0000] {processor.py:830} INFO - Processing file /home/airflow/.local/lib/python3.8/site-packages/airflow/example_dags/example_latest_only_with_trigger.py for tasks to queue
[2025-02-20T13:55:18.842+0000] {logging_mixin.py:188} INFO - [2025-02-20T13:55:18.841+0000] {dagbag.py:538} INFO - Filling up the DagBag from /home/airflow/.local/lib/python3.8/site-packages/airflow/example_dags/example_latest_only_with_trigger.py
[2025-02-20T13:55:18.852+0000] {processor.py:840} INFO - DAG(s) 'latest_only_with_trigger' retrieved from /home/airflow/.local/lib/python3.8/site-packages/airflow/example_dags/example_latest_only_with_trigger.py
[2025-02-20T13:55:18.887+0000] {logging_mixin.py:188} INFO - [2025-02-20T13:55:18.886+0000] {dag.py:3036} INFO - Sync 1 DAGs
[2025-02-20T13:55:18.924+0000] {logging_mixin.py:188} INFO - [2025-02-20T13:55:18.924+0000] {dag.py:3823} INFO - Setting next_dagrun for latest_only_with_trigger to 2025-02-20 08:00:00+00:00, run_after=2025-02-20 12:00:00+00:00
[2025-02-20T13:55:18.960+0000] {processor.py:183} INFO - Processing /home/airflow/.local/lib/python3.8/site-packages/airflow/example_dags/example_latest_only_with_trigger.py took 0.131 seconds
[2025-02-20T13:55:49.238+0000] {processor.py:161} INFO - Started process (PID=1353) to work on /home/airflow/.local/lib/python3.8/site-packages/airflow/example_dags/example_latest_only_with_trigger.py
[2025-02-20T13:55:49.240+0000] {processor.py:830} INFO - Processing file /home/airflow/.local/lib/python3.8/site-packages/airflow/example_dags/example_latest_only_with_trigger.py for tasks to queue
[2025-02-20T13:55:49.243+0000] {logging_mixin.py:188} INFO - [2025-02-20T13:55:49.243+0000] {dagbag.py:538} INFO - Filling up the DagBag from /home/airflow/.local/lib/python3.8/site-packages/airflow/example_dags/example_latest_only_with_trigger.py
[2025-02-20T13:55:49.255+0000] {processor.py:840} INFO - DAG(s) 'latest_only_with_trigger' retrieved from /home/airflow/.local/lib/python3.8/site-packages/airflow/example_dags/example_latest_only_with_trigger.py
[2025-02-20T13:55:49.293+0000] {logging_mixin.py:188} INFO - [2025-02-20T13:55:49.293+0000] {dag.py:3036} INFO - Sync 1 DAGs
[2025-02-20T13:55:49.333+0000] {logging_mixin.py:188} INFO - [2025-02-20T13:55:49.333+0000] {dag.py:3823} INFO - Setting next_dagrun for latest_only_with_trigger to 2025-02-20 08:00:00+00:00, run_after=2025-02-20 12:00:00+00:00
[2025-02-20T13:55:49.367+0000] {processor.py:183} INFO - Processing /home/airflow/.local/lib/python3.8/site-packages/airflow/example_dags/example_latest_only_with_trigger.py took 0.133 seconds
[2025-02-20T13:56:19.853+0000] {processor.py:161} INFO - Started process (PID=1418) to work on /home/airflow/.local/lib/python3.8/site-packages/airflow/example_dags/example_latest_only_with_trigger.py
[2025-02-20T13:56:19.856+0000] {processor.py:830} INFO - Processing file /home/airflow/.local/lib/python3.8/site-packages/airflow/example_dags/example_latest_only_with_trigger.py for tasks to queue
[2025-02-20T13:56:19.860+0000] {logging_mixin.py:188} INFO - [2025-02-20T13:56:19.859+0000] {dagbag.py:538} INFO - Filling up the DagBag from /home/airflow/.local/lib/python3.8/site-packages/airflow/example_dags/example_latest_only_with_trigger.py
[2025-02-20T13:56:19.871+0000] {processor.py:840} INFO - DAG(s) 'latest_only_with_trigger' retrieved from /home/airflow/.local/lib/python3.8/site-packages/airflow/example_dags/example_latest_only_with_trigger.py
[2025-02-20T13:56:19.903+0000] {logging_mixin.py:188} INFO - [2025-02-20T13:56:19.902+0000] {dag.py:3036} INFO - Sync 1 DAGs
[2025-02-20T13:56:19.937+0000] {logging_mixin.py:188} INFO - [2025-02-20T13:56:19.937+0000] {dag.py:3823} INFO - Setting next_dagrun for latest_only_with_trigger to 2025-02-20 08:00:00+00:00, run_after=2025-02-20 12:00:00+00:00
[2025-02-20T13:56:19.969+0000] {processor.py:183} INFO - Processing /home/airflow/.local/lib/python3.8/site-packages/airflow/example_dags/example_latest_only_with_trigger.py took 0.121 seconds
[2025-02-20T13:56:50.209+0000] {processor.py:161} INFO - Started process (PID=1483) to work on /home/airflow/.local/lib/python3.8/site-packages/airflow/example_dags/example_latest_only_with_trigger.py
[2025-02-20T13:56:50.211+0000] {processor.py:830} INFO - Processing file /home/airflow/.local/lib/python3.8/site-packages/airflow/example_dags/example_latest_only_with_trigger.py for tasks to queue
[2025-02-20T13:56:50.214+0000] {logging_mixin.py:188} INFO - [2025-02-20T13:56:50.213+0000] {dagbag.py:538} INFO - Filling up the DagBag from /home/airflow/.local/lib/python3.8/site-packages/airflow/example_dags/example_latest_only_with_trigger.py
[2025-02-20T13:56:50.222+0000] {processor.py:840} INFO - DAG(s) 'latest_only_with_trigger' retrieved from /home/airflow/.local/lib/python3.8/site-packages/airflow/example_dags/example_latest_only_with_trigger.py
[2025-02-20T13:56:50.281+0000] {logging_mixin.py:188} INFO - [2025-02-20T13:56:50.280+0000] {dag.py:3036} INFO - Sync 1 DAGs
[2025-02-20T13:56:50.321+0000] {logging_mixin.py:188} INFO - [2025-02-20T13:56:50.321+0000] {dag.py:3823} INFO - Setting next_dagrun for latest_only_with_trigger to 2025-02-20 08:00:00+00:00, run_after=2025-02-20 12:00:00+00:00
[2025-02-20T13:56:50.360+0000] {processor.py:183} INFO - Processing /home/airflow/.local/lib/python3.8/site-packages/airflow/example_dags/example_latest_only_with_trigger.py took 0.156 seconds
[2025-02-20T13:57:21.337+0000] {processor.py:161} INFO - Started process (PID=1548) to work on /home/airflow/.local/lib/python3.8/site-packages/airflow/example_dags/example_latest_only_with_trigger.py
[2025-02-20T13:57:21.339+0000] {processor.py:830} INFO - Processing file /home/airflow/.local/lib/python3.8/site-packages/airflow/example_dags/example_latest_only_with_trigger.py for tasks to queue
[2025-02-20T13:57:21.345+0000] {logging_mixin.py:188} INFO - [2025-02-20T13:57:21.344+0000] {dagbag.py:538} INFO - Filling up the DagBag from /home/airflow/.local/lib/python3.8/site-packages/airflow/example_dags/example_latest_only_with_trigger.py
[2025-02-20T13:57:21.393+0000] {processor.py:840} INFO - DAG(s) 'latest_only_with_trigger' retrieved from /home/airflow/.local/lib/python3.8/site-packages/airflow/example_dags/example_latest_only_with_trigger.py
[2025-02-20T13:57:21.541+0000] {logging_mixin.py:188} INFO - [2025-02-20T13:57:21.540+0000] {dag.py:3036} INFO - Sync 1 DAGs
[2025-02-20T13:57:21.596+0000] {logging_mixin.py:188} INFO - [2025-02-20T13:57:21.595+0000] {dag.py:3823} INFO - Setting next_dagrun for latest_only_with_trigger to 2025-02-20 08:00:00+00:00, run_after=2025-02-20 12:00:00+00:00
[2025-02-20T13:57:21.641+0000] {processor.py:183} INFO - Processing /home/airflow/.local/lib/python3.8/site-packages/airflow/example_dags/example_latest_only_with_trigger.py took 0.313 seconds
[2025-02-20T13:57:51.738+0000] {processor.py:161} INFO - Started process (PID=1612) to work on /home/airflow/.local/lib/python3.8/site-packages/airflow/example_dags/example_latest_only_with_trigger.py
[2025-02-20T13:57:51.739+0000] {processor.py:830} INFO - Processing file /home/airflow/.local/lib/python3.8/site-packages/airflow/example_dags/example_latest_only_with_trigger.py for tasks to queue
[2025-02-20T13:57:51.742+0000] {logging_mixin.py:188} INFO - [2025-02-20T13:57:51.741+0000] {dagbag.py:538} INFO - Filling up the DagBag from /home/airflow/.local/lib/python3.8/site-packages/airflow/example_dags/example_latest_only_with_trigger.py
[2025-02-20T13:57:51.750+0000] {processor.py:840} INFO - DAG(s) 'latest_only_with_trigger' retrieved from /home/airflow/.local/lib/python3.8/site-packages/airflow/example_dags/example_latest_only_with_trigger.py
[2025-02-20T13:57:51.782+0000] {logging_mixin.py:188} INFO - [2025-02-20T13:57:51.782+0000] {dag.py:3036} INFO - Sync 1 DAGs
[2025-02-20T13:57:51.814+0000] {logging_mixin.py:188} INFO - [2025-02-20T13:57:51.813+0000] {dag.py:3823} INFO - Setting next_dagrun for latest_only_with_trigger to 2025-02-20 08:00:00+00:00, run_after=2025-02-20 12:00:00+00:00
[2025-02-20T13:57:51.849+0000] {processor.py:183} INFO - Processing /home/airflow/.local/lib/python3.8/site-packages/airflow/example_dags/example_latest_only_with_trigger.py took 0.116 seconds
[2025-02-20T13:58:21.926+0000] {processor.py:161} INFO - Started process (PID=1677) to work on /home/airflow/.local/lib/python3.8/site-packages/airflow/example_dags/example_latest_only_with_trigger.py
[2025-02-20T13:58:21.928+0000] {processor.py:830} INFO - Processing file /home/airflow/.local/lib/python3.8/site-packages/airflow/example_dags/example_latest_only_with_trigger.py for tasks to queue
[2025-02-20T13:58:21.930+0000] {logging_mixin.py:188} INFO - [2025-02-20T13:58:21.930+0000] {dagbag.py:538} INFO - Filling up the DagBag from /home/airflow/.local/lib/python3.8/site-packages/airflow/example_dags/example_latest_only_with_trigger.py
[2025-02-20T13:58:21.939+0000] {processor.py:840} INFO - DAG(s) 'latest_only_with_trigger' retrieved from /home/airflow/.local/lib/python3.8/site-packages/airflow/example_dags/example_latest_only_with_trigger.py
[2025-02-20T13:58:21.972+0000] {logging_mixin.py:188} INFO - [2025-02-20T13:58:21.972+0000] {dag.py:3036} INFO - Sync 1 DAGs
[2025-02-20T13:58:22.009+0000] {logging_mixin.py:188} INFO - [2025-02-20T13:58:22.008+0000] {dag.py:3823} INFO - Setting next_dagrun for latest_only_with_trigger to 2025-02-20 08:00:00+00:00, run_after=2025-02-20 12:00:00+00:00
[2025-02-20T13:58:22.039+0000] {processor.py:183} INFO - Processing /home/airflow/.local/lib/python3.8/site-packages/airflow/example_dags/example_latest_only_with_trigger.py took 0.118 seconds
[2025-02-20T13:58:52.368+0000] {processor.py:161} INFO - Started process (PID=1748) to work on /home/airflow/.local/lib/python3.8/site-packages/airflow/example_dags/example_latest_only_with_trigger.py
[2025-02-20T13:58:52.369+0000] {processor.py:830} INFO - Processing file /home/airflow/.local/lib/python3.8/site-packages/airflow/example_dags/example_latest_only_with_trigger.py for tasks to queue
[2025-02-20T13:58:52.372+0000] {logging_mixin.py:188} INFO - [2025-02-20T13:58:52.371+0000] {dagbag.py:538} INFO - Filling up the DagBag from /home/airflow/.local/lib/python3.8/site-packages/airflow/example_dags/example_latest_only_with_trigger.py
[2025-02-20T13:58:52.380+0000] {processor.py:840} INFO - DAG(s) 'latest_only_with_trigger' retrieved from /home/airflow/.local/lib/python3.8/site-packages/airflow/example_dags/example_latest_only_with_trigger.py
[2025-02-20T13:58:52.416+0000] {logging_mixin.py:188} INFO - [2025-02-20T13:58:52.416+0000] {dag.py:3036} INFO - Sync 1 DAGs
[2025-02-20T13:58:52.467+0000] {logging_mixin.py:188} INFO - [2025-02-20T13:58:52.467+0000] {dag.py:3823} INFO - Setting next_dagrun for latest_only_with_trigger to 2025-02-20 08:00:00+00:00, run_after=2025-02-20 12:00:00+00:00
[2025-02-20T13:58:52.502+0000] {processor.py:183} INFO - Processing /home/airflow/.local/lib/python3.8/site-packages/airflow/example_dags/example_latest_only_with_trigger.py took 0.138 seconds
[2025-02-20T13:59:23.417+0000] {processor.py:161} INFO - Started process (PID=1812) to work on /home/airflow/.local/lib/python3.8/site-packages/airflow/example_dags/example_latest_only_with_trigger.py
[2025-02-20T13:59:23.418+0000] {processor.py:830} INFO - Processing file /home/airflow/.local/lib/python3.8/site-packages/airflow/example_dags/example_latest_only_with_trigger.py for tasks to queue
[2025-02-20T13:59:23.432+0000] {logging_mixin.py:188} INFO - [2025-02-20T13:59:23.432+0000] {dagbag.py:538} INFO - Filling up the DagBag from /home/airflow/.local/lib/python3.8/site-packages/airflow/example_dags/example_latest_only_with_trigger.py
[2025-02-20T13:59:23.473+0000] {processor.py:840} INFO - DAG(s) 'latest_only_with_trigger' retrieved from /home/airflow/.local/lib/python3.8/site-packages/airflow/example_dags/example_latest_only_with_trigger.py
[2025-02-20T13:59:23.525+0000] {logging_mixin.py:188} INFO - [2025-02-20T13:59:23.525+0000] {dag.py:3036} INFO - Sync 1 DAGs
[2025-02-20T13:59:23.709+0000] {logging_mixin.py:188} INFO - [2025-02-20T13:59:23.708+0000] {dag.py:3823} INFO - Setting next_dagrun for latest_only_with_trigger to 2025-02-20 08:00:00+00:00, run_after=2025-02-20 12:00:00+00:00
[2025-02-20T13:59:23.784+0000] {processor.py:183} INFO - Processing /home/airflow/.local/lib/python3.8/site-packages/airflow/example_dags/example_latest_only_with_trigger.py took 0.381 seconds
[2025-02-20T13:59:55.218+0000] {processor.py:161} INFO - Started process (PID=1878) to work on /home/airflow/.local/lib/python3.8/site-packages/airflow/example_dags/example_latest_only_with_trigger.py
[2025-02-20T13:59:55.223+0000] {processor.py:830} INFO - Processing file /home/airflow/.local/lib/python3.8/site-packages/airflow/example_dags/example_latest_only_with_trigger.py for tasks to queue
[2025-02-20T13:59:55.234+0000] {logging_mixin.py:188} INFO - [2025-02-20T13:59:55.229+0000] {dagbag.py:538} INFO - Filling up the DagBag from /home/airflow/.local/lib/python3.8/site-packages/airflow/example_dags/example_latest_only_with_trigger.py
[2025-02-20T13:59:55.271+0000] {processor.py:840} INFO - DAG(s) 'latest_only_with_trigger' retrieved from /home/airflow/.local/lib/python3.8/site-packages/airflow/example_dags/example_latest_only_with_trigger.py
[2025-02-20T13:59:55.432+0000] {logging_mixin.py:188} INFO - [2025-02-20T13:59:55.431+0000] {dag.py:3036} INFO - Sync 1 DAGs
[2025-02-20T13:59:55.586+0000] {logging_mixin.py:188} INFO - [2025-02-20T13:59:55.581+0000] {dag.py:3823} INFO - Setting next_dagrun for latest_only_with_trigger to 2025-02-20 08:00:00+00:00, run_after=2025-02-20 12:00:00+00:00
[2025-02-20T13:59:55.662+0000] {processor.py:183} INFO - Processing /home/airflow/.local/lib/python3.8/site-packages/airflow/example_dags/example_latest_only_with_trigger.py took 0.470 seconds
[2025-02-20T14:00:26.153+0000] {processor.py:161} INFO - Started process (PID=1943) to work on /home/airflow/.local/lib/python3.8/site-packages/airflow/example_dags/example_latest_only_with_trigger.py
[2025-02-20T14:00:26.155+0000] {processor.py:830} INFO - Processing file /home/airflow/.local/lib/python3.8/site-packages/airflow/example_dags/example_latest_only_with_trigger.py for tasks to queue
[2025-02-20T14:00:26.162+0000] {logging_mixin.py:188} INFO - [2025-02-20T14:00:26.161+0000] {dagbag.py:538} INFO - Filling up the DagBag from /home/airflow/.local/lib/python3.8/site-packages/airflow/example_dags/example_latest_only_with_trigger.py
[2025-02-20T14:00:26.180+0000] {processor.py:840} INFO - DAG(s) 'latest_only_with_trigger' retrieved from /home/airflow/.local/lib/python3.8/site-packages/airflow/example_dags/example_latest_only_with_trigger.py
[2025-02-20T14:00:26.246+0000] {logging_mixin.py:188} INFO - [2025-02-20T14:00:26.245+0000] {dag.py:3036} INFO - Sync 1 DAGs
[2025-02-20T14:00:26.309+0000] {logging_mixin.py:188} INFO - [2025-02-20T14:00:26.308+0000] {dag.py:3823} INFO - Setting next_dagrun for latest_only_with_trigger to 2025-02-20 08:00:00+00:00, run_after=2025-02-20 12:00:00+00:00
[2025-02-20T14:00:26.350+0000] {processor.py:183} INFO - Processing /home/airflow/.local/lib/python3.8/site-packages/airflow/example_dags/example_latest_only_with_trigger.py took 0.203 seconds
[2025-02-20T14:00:56.962+0000] {processor.py:161} INFO - Started process (PID=2006) to work on /home/airflow/.local/lib/python3.8/site-packages/airflow/example_dags/example_latest_only_with_trigger.py
[2025-02-20T14:00:56.964+0000] {processor.py:830} INFO - Processing file /home/airflow/.local/lib/python3.8/site-packages/airflow/example_dags/example_latest_only_with_trigger.py for tasks to queue
[2025-02-20T14:00:56.968+0000] {logging_mixin.py:188} INFO - [2025-02-20T14:00:56.967+0000] {dagbag.py:538} INFO - Filling up the DagBag from /home/airflow/.local/lib/python3.8/site-packages/airflow/example_dags/example_latest_only_with_trigger.py
[2025-02-20T14:00:56.977+0000] {processor.py:840} INFO - DAG(s) 'latest_only_with_trigger' retrieved from /home/airflow/.local/lib/python3.8/site-packages/airflow/example_dags/example_latest_only_with_trigger.py
[2025-02-20T14:00:57.018+0000] {logging_mixin.py:188} INFO - [2025-02-20T14:00:57.018+0000] {dag.py:3036} INFO - Sync 1 DAGs
[2025-02-20T14:00:57.057+0000] {logging_mixin.py:188} INFO - [2025-02-20T14:00:57.057+0000] {dag.py:3823} INFO - Setting next_dagrun for latest_only_with_trigger to 2025-02-20 08:00:00+00:00, run_after=2025-02-20 12:00:00+00:00
[2025-02-20T14:00:57.086+0000] {processor.py:183} INFO - Processing /home/airflow/.local/lib/python3.8/site-packages/airflow/example_dags/example_latest_only_with_trigger.py took 0.129 seconds
[2025-02-20T14:01:27.466+0000] {processor.py:161} INFO - Started process (PID=2071) to work on /home/airflow/.local/lib/python3.8/site-packages/airflow/example_dags/example_latest_only_with_trigger.py
[2025-02-20T14:01:27.468+0000] {processor.py:830} INFO - Processing file /home/airflow/.local/lib/python3.8/site-packages/airflow/example_dags/example_latest_only_with_trigger.py for tasks to queue
[2025-02-20T14:01:27.475+0000] {logging_mixin.py:188} INFO - [2025-02-20T14:01:27.475+0000] {dagbag.py:538} INFO - Filling up the DagBag from /home/airflow/.local/lib/python3.8/site-packages/airflow/example_dags/example_latest_only_with_trigger.py
[2025-02-20T14:01:27.501+0000] {processor.py:840} INFO - DAG(s) 'latest_only_with_trigger' retrieved from /home/airflow/.local/lib/python3.8/site-packages/airflow/example_dags/example_latest_only_with_trigger.py
[2025-02-20T14:01:27.566+0000] {logging_mixin.py:188} INFO - [2025-02-20T14:01:27.565+0000] {dag.py:3036} INFO - Sync 1 DAGs
[2025-02-20T14:01:27.622+0000] {logging_mixin.py:188} INFO - [2025-02-20T14:01:27.622+0000] {dag.py:3823} INFO - Setting next_dagrun for latest_only_with_trigger to 2025-02-20 08:00:00+00:00, run_after=2025-02-20 12:00:00+00:00
[2025-02-20T14:01:27.662+0000] {processor.py:183} INFO - Processing /home/airflow/.local/lib/python3.8/site-packages/airflow/example_dags/example_latest_only_with_trigger.py took 0.201 seconds
[2025-02-20T14:01:57.848+0000] {processor.py:161} INFO - Started process (PID=2136) to work on /home/airflow/.local/lib/python3.8/site-packages/airflow/example_dags/example_latest_only_with_trigger.py
[2025-02-20T14:01:57.849+0000] {processor.py:830} INFO - Processing file /home/airflow/.local/lib/python3.8/site-packages/airflow/example_dags/example_latest_only_with_trigger.py for tasks to queue
[2025-02-20T14:01:57.853+0000] {logging_mixin.py:188} INFO - [2025-02-20T14:01:57.852+0000] {dagbag.py:538} INFO - Filling up the DagBag from /home/airflow/.local/lib/python3.8/site-packages/airflow/example_dags/example_latest_only_with_trigger.py
[2025-02-20T14:01:57.865+0000] {processor.py:840} INFO - DAG(s) 'latest_only_with_trigger' retrieved from /home/airflow/.local/lib/python3.8/site-packages/airflow/example_dags/example_latest_only_with_trigger.py
[2025-02-20T14:01:57.919+0000] {logging_mixin.py:188} INFO - [2025-02-20T14:01:57.918+0000] {dag.py:3036} INFO - Sync 1 DAGs
[2025-02-20T14:01:58.085+0000] {logging_mixin.py:188} INFO - [2025-02-20T14:01:58.081+0000] {dag.py:3823} INFO - Setting next_dagrun for latest_only_with_trigger to 2025-02-20 08:00:00+00:00, run_after=2025-02-20 12:00:00+00:00
[2025-02-20T14:01:58.143+0000] {processor.py:183} INFO - Processing /home/airflow/.local/lib/python3.8/site-packages/airflow/example_dags/example_latest_only_with_trigger.py took 0.301 seconds
[2025-02-20T14:02:28.594+0000] {processor.py:161} INFO - Started process (PID=2201) to work on /home/airflow/.local/lib/python3.8/site-packages/airflow/example_dags/example_latest_only_with_trigger.py
[2025-02-20T14:02:28.596+0000] {processor.py:830} INFO - Processing file /home/airflow/.local/lib/python3.8/site-packages/airflow/example_dags/example_latest_only_with_trigger.py for tasks to queue
[2025-02-20T14:02:28.599+0000] {logging_mixin.py:188} INFO - [2025-02-20T14:02:28.599+0000] {dagbag.py:538} INFO - Filling up the DagBag from /home/airflow/.local/lib/python3.8/site-packages/airflow/example_dags/example_latest_only_with_trigger.py
[2025-02-20T14:02:28.611+0000] {processor.py:840} INFO - DAG(s) 'latest_only_with_trigger' retrieved from /home/airflow/.local/lib/python3.8/site-packages/airflow/example_dags/example_latest_only_with_trigger.py
[2025-02-20T14:02:28.646+0000] {logging_mixin.py:188} INFO - [2025-02-20T14:02:28.646+0000] {dag.py:3036} INFO - Sync 1 DAGs
[2025-02-20T14:02:28.689+0000] {logging_mixin.py:188} INFO - [2025-02-20T14:02:28.689+0000] {dag.py:3823} INFO - Setting next_dagrun for latest_only_with_trigger to 2025-02-20 08:00:00+00:00, run_after=2025-02-20 12:00:00+00:00
[2025-02-20T14:02:28.718+0000] {processor.py:183} INFO - Processing /home/airflow/.local/lib/python3.8/site-packages/airflow/example_dags/example_latest_only_with_trigger.py took 0.128 seconds
[2025-02-20T14:02:59.669+0000] {processor.py:161} INFO - Started process (PID=2267) to work on /home/airflow/.local/lib/python3.8/site-packages/airflow/example_dags/example_latest_only_with_trigger.py
[2025-02-20T14:02:59.671+0000] {processor.py:830} INFO - Processing file /home/airflow/.local/lib/python3.8/site-packages/airflow/example_dags/example_latest_only_with_trigger.py for tasks to queue
[2025-02-20T14:02:59.675+0000] {logging_mixin.py:188} INFO - [2025-02-20T14:02:59.675+0000] {dagbag.py:538} INFO - Filling up the DagBag from /home/airflow/.local/lib/python3.8/site-packages/airflow/example_dags/example_latest_only_with_trigger.py
[2025-02-20T14:02:59.690+0000] {processor.py:840} INFO - DAG(s) 'latest_only_with_trigger' retrieved from /home/airflow/.local/lib/python3.8/site-packages/airflow/example_dags/example_latest_only_with_trigger.py
[2025-02-20T14:02:59.749+0000] {logging_mixin.py:188} INFO - [2025-02-20T14:02:59.749+0000] {dag.py:3036} INFO - Sync 1 DAGs
[2025-02-20T14:02:59.836+0000] {logging_mixin.py:188} INFO - [2025-02-20T14:02:59.833+0000] {dag.py:3823} INFO - Setting next_dagrun for latest_only_with_trigger to 2025-02-20 08:00:00+00:00, run_after=2025-02-20 12:00:00+00:00
[2025-02-20T14:02:59.886+0000] {processor.py:183} INFO - Processing /home/airflow/.local/lib/python3.8/site-packages/airflow/example_dags/example_latest_only_with_trigger.py took 0.222 seconds
[2025-02-20T14:03:30.528+0000] {processor.py:161} INFO - Started process (PID=2332) to work on /home/airflow/.local/lib/python3.8/site-packages/airflow/example_dags/example_latest_only_with_trigger.py
[2025-02-20T14:03:30.530+0000] {processor.py:830} INFO - Processing file /home/airflow/.local/lib/python3.8/site-packages/airflow/example_dags/example_latest_only_with_trigger.py for tasks to queue
[2025-02-20T14:03:30.534+0000] {logging_mixin.py:188} INFO - [2025-02-20T14:03:30.534+0000] {dagbag.py:538} INFO - Filling up the DagBag from /home/airflow/.local/lib/python3.8/site-packages/airflow/example_dags/example_latest_only_with_trigger.py
[2025-02-20T14:03:30.563+0000] {processor.py:840} INFO - DAG(s) 'latest_only_with_trigger' retrieved from /home/airflow/.local/lib/python3.8/site-packages/airflow/example_dags/example_latest_only_with_trigger.py
[2025-02-20T14:03:30.614+0000] {logging_mixin.py:188} INFO - [2025-02-20T14:03:30.613+0000] {dag.py:3036} INFO - Sync 1 DAGs
[2025-02-20T14:03:30.665+0000] {logging_mixin.py:188} INFO - [2025-02-20T14:03:30.664+0000] {dag.py:3823} INFO - Setting next_dagrun for latest_only_with_trigger to 2025-02-20 08:00:00+00:00, run_after=2025-02-20 12:00:00+00:00
[2025-02-20T14:03:30.702+0000] {processor.py:183} INFO - Processing /home/airflow/.local/lib/python3.8/site-packages/airflow/example_dags/example_latest_only_with_trigger.py took 0.182 seconds
[2025-02-20T14:04:01.402+0000] {processor.py:161} INFO - Started process (PID=2398) to work on /home/airflow/.local/lib/python3.8/site-packages/airflow/example_dags/example_latest_only_with_trigger.py
[2025-02-20T14:04:01.404+0000] {processor.py:830} INFO - Processing file /home/airflow/.local/lib/python3.8/site-packages/airflow/example_dags/example_latest_only_with_trigger.py for tasks to queue
[2025-02-20T14:04:01.408+0000] {logging_mixin.py:188} INFO - [2025-02-20T14:04:01.407+0000] {dagbag.py:538} INFO - Filling up the DagBag from /home/airflow/.local/lib/python3.8/site-packages/airflow/example_dags/example_latest_only_with_trigger.py
[2025-02-20T14:04:01.420+0000] {processor.py:840} INFO - DAG(s) 'latest_only_with_trigger' retrieved from /home/airflow/.local/lib/python3.8/site-packages/airflow/example_dags/example_latest_only_with_trigger.py
[2025-02-20T14:04:01.466+0000] {logging_mixin.py:188} INFO - [2025-02-20T14:04:01.465+0000] {dag.py:3036} INFO - Sync 1 DAGs
[2025-02-20T14:04:01.664+0000] {logging_mixin.py:188} INFO - [2025-02-20T14:04:01.664+0000] {dag.py:3823} INFO - Setting next_dagrun for latest_only_with_trigger to 2025-02-20 08:00:00+00:00, run_after=2025-02-20 12:00:00+00:00
[2025-02-20T14:04:01.707+0000] {processor.py:183} INFO - Processing /home/airflow/.local/lib/python3.8/site-packages/airflow/example_dags/example_latest_only_with_trigger.py took 0.310 seconds
[2025-02-20T14:04:32.666+0000] {processor.py:161} INFO - Started process (PID=2463) to work on /home/airflow/.local/lib/python3.8/site-packages/airflow/example_dags/example_latest_only_with_trigger.py
[2025-02-20T14:04:32.669+0000] {processor.py:830} INFO - Processing file /home/airflow/.local/lib/python3.8/site-packages/airflow/example_dags/example_latest_only_with_trigger.py for tasks to queue
[2025-02-20T14:04:32.677+0000] {logging_mixin.py:188} INFO - [2025-02-20T14:04:32.671+0000] {dagbag.py:538} INFO - Filling up the DagBag from /home/airflow/.local/lib/python3.8/site-packages/airflow/example_dags/example_latest_only_with_trigger.py
[2025-02-20T14:04:32.686+0000] {processor.py:840} INFO - DAG(s) 'latest_only_with_trigger' retrieved from /home/airflow/.local/lib/python3.8/site-packages/airflow/example_dags/example_latest_only_with_trigger.py
[2025-02-20T14:04:32.739+0000] {logging_mixin.py:188} INFO - [2025-02-20T14:04:32.739+0000] {dag.py:3036} INFO - Sync 1 DAGs
[2025-02-20T14:04:32.791+0000] {logging_mixin.py:188} INFO - [2025-02-20T14:04:32.789+0000] {dag.py:3823} INFO - Setting next_dagrun for latest_only_with_trigger to 2025-02-20 08:00:00+00:00, run_after=2025-02-20 12:00:00+00:00
[2025-02-20T14:04:32.829+0000] {processor.py:183} INFO - Processing /home/airflow/.local/lib/python3.8/site-packages/airflow/example_dags/example_latest_only_with_trigger.py took 0.172 seconds
[2025-02-20T14:05:03.092+0000] {processor.py:161} INFO - Started process (PID=2528) to work on /home/airflow/.local/lib/python3.8/site-packages/airflow/example_dags/example_latest_only_with_trigger.py
[2025-02-20T14:05:03.093+0000] {processor.py:830} INFO - Processing file /home/airflow/.local/lib/python3.8/site-packages/airflow/example_dags/example_latest_only_with_trigger.py for tasks to queue
[2025-02-20T14:05:03.098+0000] {logging_mixin.py:188} INFO - [2025-02-20T14:05:03.097+0000] {dagbag.py:538} INFO - Filling up the DagBag from /home/airflow/.local/lib/python3.8/site-packages/airflow/example_dags/example_latest_only_with_trigger.py
[2025-02-20T14:05:03.115+0000] {processor.py:840} INFO - DAG(s) 'latest_only_with_trigger' retrieved from /home/airflow/.local/lib/python3.8/site-packages/airflow/example_dags/example_latest_only_with_trigger.py
[2025-02-20T14:05:03.157+0000] {logging_mixin.py:188} INFO - [2025-02-20T14:05:03.156+0000] {dag.py:3036} INFO - Sync 1 DAGs
[2025-02-20T14:05:03.200+0000] {logging_mixin.py:188} INFO - [2025-02-20T14:05:03.200+0000] {dag.py:3823} INFO - Setting next_dagrun for latest_only_with_trigger to 2025-02-20 08:00:00+00:00, run_after=2025-02-20 12:00:00+00:00
[2025-02-20T14:05:03.233+0000] {processor.py:183} INFO - Processing /home/airflow/.local/lib/python3.8/site-packages/airflow/example_dags/example_latest_only_with_trigger.py took 0.148 seconds
[2025-02-20T14:05:34.059+0000] {processor.py:161} INFO - Started process (PID=2593) to work on /home/airflow/.local/lib/python3.8/site-packages/airflow/example_dags/example_latest_only_with_trigger.py
[2025-02-20T14:05:34.065+0000] {processor.py:830} INFO - Processing file /home/airflow/.local/lib/python3.8/site-packages/airflow/example_dags/example_latest_only_with_trigger.py for tasks to queue
[2025-02-20T14:05:34.067+0000] {logging_mixin.py:188} INFO - [2025-02-20T14:05:34.067+0000] {dagbag.py:538} INFO - Filling up the DagBag from /home/airflow/.local/lib/python3.8/site-packages/airflow/example_dags/example_latest_only_with_trigger.py
[2025-02-20T14:05:34.077+0000] {processor.py:840} INFO - DAG(s) 'latest_only_with_trigger' retrieved from /home/airflow/.local/lib/python3.8/site-packages/airflow/example_dags/example_latest_only_with_trigger.py
[2025-02-20T14:05:34.110+0000] {logging_mixin.py:188} INFO - [2025-02-20T14:05:34.110+0000] {dag.py:3036} INFO - Sync 1 DAGs
[2025-02-20T14:05:34.137+0000] {logging_mixin.py:188} INFO - [2025-02-20T14:05:34.136+0000] {dag.py:3823} INFO - Setting next_dagrun for latest_only_with_trigger to 2025-02-20 08:00:00+00:00, run_after=2025-02-20 12:00:00+00:00
[2025-02-20T14:05:34.165+0000] {processor.py:183} INFO - Processing /home/airflow/.local/lib/python3.8/site-packages/airflow/example_dags/example_latest_only_with_trigger.py took 0.110 seconds
[2025-02-20T14:06:04.893+0000] {processor.py:161} INFO - Started process (PID=2658) to work on /home/airflow/.local/lib/python3.8/site-packages/airflow/example_dags/example_latest_only_with_trigger.py
[2025-02-20T14:06:04.894+0000] {processor.py:830} INFO - Processing file /home/airflow/.local/lib/python3.8/site-packages/airflow/example_dags/example_latest_only_with_trigger.py for tasks to queue
[2025-02-20T14:06:04.897+0000] {logging_mixin.py:188} INFO - [2025-02-20T14:06:04.896+0000] {dagbag.py:538} INFO - Filling up the DagBag from /home/airflow/.local/lib/python3.8/site-packages/airflow/example_dags/example_latest_only_with_trigger.py
[2025-02-20T14:06:04.907+0000] {processor.py:840} INFO - DAG(s) 'latest_only_with_trigger' retrieved from /home/airflow/.local/lib/python3.8/site-packages/airflow/example_dags/example_latest_only_with_trigger.py
[2025-02-20T14:06:04.953+0000] {logging_mixin.py:188} INFO - [2025-02-20T14:06:04.952+0000] {dag.py:3036} INFO - Sync 1 DAGs
[2025-02-20T14:06:04.987+0000] {logging_mixin.py:188} INFO - [2025-02-20T14:06:04.987+0000] {dag.py:3823} INFO - Setting next_dagrun for latest_only_with_trigger to 2025-02-20 08:00:00+00:00, run_after=2025-02-20 12:00:00+00:00
[2025-02-20T14:06:05.016+0000] {processor.py:183} INFO - Processing /home/airflow/.local/lib/python3.8/site-packages/airflow/example_dags/example_latest_only_with_trigger.py took 0.127 seconds
[2025-02-20T14:06:35.985+0000] {processor.py:161} INFO - Started process (PID=2723) to work on /home/airflow/.local/lib/python3.8/site-packages/airflow/example_dags/example_latest_only_with_trigger.py
[2025-02-20T14:06:35.986+0000] {processor.py:830} INFO - Processing file /home/airflow/.local/lib/python3.8/site-packages/airflow/example_dags/example_latest_only_with_trigger.py for tasks to queue
[2025-02-20T14:06:35.988+0000] {logging_mixin.py:188} INFO - [2025-02-20T14:06:35.988+0000] {dagbag.py:538} INFO - Filling up the DagBag from /home/airflow/.local/lib/python3.8/site-packages/airflow/example_dags/example_latest_only_with_trigger.py
[2025-02-20T14:06:35.995+0000] {processor.py:840} INFO - DAG(s) 'latest_only_with_trigger' retrieved from /home/airflow/.local/lib/python3.8/site-packages/airflow/example_dags/example_latest_only_with_trigger.py
[2025-02-20T14:06:36.025+0000] {logging_mixin.py:188} INFO - [2025-02-20T14:06:36.025+0000] {dag.py:3036} INFO - Sync 1 DAGs
[2025-02-20T14:06:36.052+0000] {logging_mixin.py:188} INFO - [2025-02-20T14:06:36.052+0000] {dag.py:3823} INFO - Setting next_dagrun for latest_only_with_trigger to 2025-02-20 08:00:00+00:00, run_after=2025-02-20 12:00:00+00:00
[2025-02-20T14:06:36.076+0000] {processor.py:183} INFO - Processing /home/airflow/.local/lib/python3.8/site-packages/airflow/example_dags/example_latest_only_with_trigger.py took 0.095 seconds
[2025-02-20T14:07:06.669+0000] {processor.py:161} INFO - Started process (PID=2789) to work on /home/airflow/.local/lib/python3.8/site-packages/airflow/example_dags/example_latest_only_with_trigger.py
[2025-02-20T14:07:06.671+0000] {processor.py:830} INFO - Processing file /home/airflow/.local/lib/python3.8/site-packages/airflow/example_dags/example_latest_only_with_trigger.py for tasks to queue
[2025-02-20T14:07:06.675+0000] {logging_mixin.py:188} INFO - [2025-02-20T14:07:06.674+0000] {dagbag.py:538} INFO - Filling up the DagBag from /home/airflow/.local/lib/python3.8/site-packages/airflow/example_dags/example_latest_only_with_trigger.py
[2025-02-20T14:07:06.682+0000] {processor.py:840} INFO - DAG(s) 'latest_only_with_trigger' retrieved from /home/airflow/.local/lib/python3.8/site-packages/airflow/example_dags/example_latest_only_with_trigger.py
[2025-02-20T14:07:06.714+0000] {logging_mixin.py:188} INFO - [2025-02-20T14:07:06.714+0000] {dag.py:3036} INFO - Sync 1 DAGs
[2025-02-20T14:07:06.745+0000] {logging_mixin.py:188} INFO - [2025-02-20T14:07:06.745+0000] {dag.py:3823} INFO - Setting next_dagrun for latest_only_with_trigger to 2025-02-20 08:00:00+00:00, run_after=2025-02-20 12:00:00+00:00
[2025-02-20T14:07:06.946+0000] {processor.py:183} INFO - Processing /home/airflow/.local/lib/python3.8/site-packages/airflow/example_dags/example_latest_only_with_trigger.py took 0.283 seconds
[2025-02-20T14:07:37.845+0000] {processor.py:161} INFO - Started process (PID=2854) to work on /home/airflow/.local/lib/python3.8/site-packages/airflow/example_dags/example_latest_only_with_trigger.py
[2025-02-20T14:07:37.851+0000] {processor.py:830} INFO - Processing file /home/airflow/.local/lib/python3.8/site-packages/airflow/example_dags/example_latest_only_with_trigger.py for tasks to queue
[2025-02-20T14:07:37.856+0000] {logging_mixin.py:188} INFO - [2025-02-20T14:07:37.855+0000] {dagbag.py:538} INFO - Filling up the DagBag from /home/airflow/.local/lib/python3.8/site-packages/airflow/example_dags/example_latest_only_with_trigger.py
[2025-02-20T14:07:37.867+0000] {processor.py:840} INFO - DAG(s) 'latest_only_with_trigger' retrieved from /home/airflow/.local/lib/python3.8/site-packages/airflow/example_dags/example_latest_only_with_trigger.py
[2025-02-20T14:07:37.917+0000] {logging_mixin.py:188} INFO - [2025-02-20T14:07:37.917+0000] {dag.py:3036} INFO - Sync 1 DAGs
[2025-02-20T14:07:37.985+0000] {logging_mixin.py:188} INFO - [2025-02-20T14:07:37.984+0000] {dag.py:3823} INFO - Setting next_dagrun for latest_only_with_trigger to 2025-02-20 08:00:00+00:00, run_after=2025-02-20 12:00:00+00:00
[2025-02-20T14:07:38.300+0000] {processor.py:183} INFO - Processing /home/airflow/.local/lib/python3.8/site-packages/airflow/example_dags/example_latest_only_with_trigger.py took 0.464 seconds
[2025-02-20T14:08:08.915+0000] {processor.py:161} INFO - Started process (PID=2918) to work on /home/airflow/.local/lib/python3.8/site-packages/airflow/example_dags/example_latest_only_with_trigger.py
[2025-02-20T14:08:08.916+0000] {processor.py:830} INFO - Processing file /home/airflow/.local/lib/python3.8/site-packages/airflow/example_dags/example_latest_only_with_trigger.py for tasks to queue
[2025-02-20T14:08:08.919+0000] {logging_mixin.py:188} INFO - [2025-02-20T14:08:08.918+0000] {dagbag.py:538} INFO - Filling up the DagBag from /home/airflow/.local/lib/python3.8/site-packages/airflow/example_dags/example_latest_only_with_trigger.py
[2025-02-20T14:08:08.927+0000] {processor.py:840} INFO - DAG(s) 'latest_only_with_trigger' retrieved from /home/airflow/.local/lib/python3.8/site-packages/airflow/example_dags/example_latest_only_with_trigger.py
[2025-02-20T14:08:08.957+0000] {logging_mixin.py:188} INFO - [2025-02-20T14:08:08.956+0000] {dag.py:3036} INFO - Sync 1 DAGs
[2025-02-20T14:08:09.007+0000] {logging_mixin.py:188} INFO - [2025-02-20T14:08:09.007+0000] {dag.py:3823} INFO - Setting next_dagrun for latest_only_with_trigger to 2025-02-20 08:00:00+00:00, run_after=2025-02-20 12:00:00+00:00
[2025-02-20T14:08:09.062+0000] {processor.py:183} INFO - Processing /home/airflow/.local/lib/python3.8/site-packages/airflow/example_dags/example_latest_only_with_trigger.py took 0.151 seconds
[2025-02-20T14:08:39.327+0000] {processor.py:161} INFO - Started process (PID=2989) to work on /home/airflow/.local/lib/python3.8/site-packages/airflow/example_dags/example_latest_only_with_trigger.py
[2025-02-20T14:08:39.329+0000] {processor.py:830} INFO - Processing file /home/airflow/.local/lib/python3.8/site-packages/airflow/example_dags/example_latest_only_with_trigger.py for tasks to queue
[2025-02-20T14:08:39.331+0000] {logging_mixin.py:188} INFO - [2025-02-20T14:08:39.331+0000] {dagbag.py:538} INFO - Filling up the DagBag from /home/airflow/.local/lib/python3.8/site-packages/airflow/example_dags/example_latest_only_with_trigger.py
[2025-02-20T14:08:39.339+0000] {processor.py:840} INFO - DAG(s) 'latest_only_with_trigger' retrieved from /home/airflow/.local/lib/python3.8/site-packages/airflow/example_dags/example_latest_only_with_trigger.py
[2025-02-20T14:08:39.371+0000] {logging_mixin.py:188} INFO - [2025-02-20T14:08:39.371+0000] {dag.py:3036} INFO - Sync 1 DAGs
[2025-02-20T14:08:39.403+0000] {logging_mixin.py:188} INFO - [2025-02-20T14:08:39.403+0000] {dag.py:3823} INFO - Setting next_dagrun for latest_only_with_trigger to 2025-02-20 08:00:00+00:00, run_after=2025-02-20 12:00:00+00:00
[2025-02-20T14:08:39.432+0000] {processor.py:183} INFO - Processing /home/airflow/.local/lib/python3.8/site-packages/airflow/example_dags/example_latest_only_with_trigger.py took 0.109 seconds
[2025-02-20T14:09:10.715+0000] {processor.py:161} INFO - Started process (PID=3052) to work on /home/airflow/.local/lib/python3.8/site-packages/airflow/example_dags/example_latest_only_with_trigger.py
[2025-02-20T14:09:10.717+0000] {processor.py:830} INFO - Processing file /home/airflow/.local/lib/python3.8/site-packages/airflow/example_dags/example_latest_only_with_trigger.py for tasks to queue
[2025-02-20T14:09:10.720+0000] {logging_mixin.py:188} INFO - [2025-02-20T14:09:10.720+0000] {dagbag.py:538} INFO - Filling up the DagBag from /home/airflow/.local/lib/python3.8/site-packages/airflow/example_dags/example_latest_only_with_trigger.py
[2025-02-20T14:09:10.736+0000] {processor.py:840} INFO - DAG(s) 'latest_only_with_trigger' retrieved from /home/airflow/.local/lib/python3.8/site-packages/airflow/example_dags/example_latest_only_with_trigger.py
[2025-02-20T14:09:10.815+0000] {logging_mixin.py:188} INFO - [2025-02-20T14:09:10.815+0000] {dag.py:3036} INFO - Sync 1 DAGs
[2025-02-20T14:09:10.894+0000] {logging_mixin.py:188} INFO - [2025-02-20T14:09:10.894+0000] {dag.py:3823} INFO - Setting next_dagrun for latest_only_with_trigger to 2025-02-20 08:00:00+00:00, run_after=2025-02-20 12:00:00+00:00
[2025-02-20T14:09:10.972+0000] {processor.py:183} INFO - Processing /home/airflow/.local/lib/python3.8/site-packages/airflow/example_dags/example_latest_only_with_trigger.py took 0.264 seconds
[2025-02-20T14:09:41.282+0000] {processor.py:161} INFO - Started process (PID=3118) to work on /home/airflow/.local/lib/python3.8/site-packages/airflow/example_dags/example_latest_only_with_trigger.py
[2025-02-20T14:09:41.284+0000] {processor.py:830} INFO - Processing file /home/airflow/.local/lib/python3.8/site-packages/airflow/example_dags/example_latest_only_with_trigger.py for tasks to queue
[2025-02-20T14:09:41.287+0000] {logging_mixin.py:188} INFO - [2025-02-20T14:09:41.287+0000] {dagbag.py:538} INFO - Filling up the DagBag from /home/airflow/.local/lib/python3.8/site-packages/airflow/example_dags/example_latest_only_with_trigger.py
[2025-02-20T14:09:41.300+0000] {processor.py:840} INFO - DAG(s) 'latest_only_with_trigger' retrieved from /home/airflow/.local/lib/python3.8/site-packages/airflow/example_dags/example_latest_only_with_trigger.py
[2025-02-20T14:09:41.369+0000] {logging_mixin.py:188} INFO - [2025-02-20T14:09:41.369+0000] {dag.py:3036} INFO - Sync 1 DAGs
[2025-02-20T14:09:41.481+0000] {logging_mixin.py:188} INFO - [2025-02-20T14:09:41.481+0000] {dag.py:3823} INFO - Setting next_dagrun for latest_only_with_trigger to 2025-02-20 08:00:00+00:00, run_after=2025-02-20 12:00:00+00:00
[2025-02-20T14:09:41.552+0000] {processor.py:183} INFO - Processing /home/airflow/.local/lib/python3.8/site-packages/airflow/example_dags/example_latest_only_with_trigger.py took 0.277 seconds
[2025-02-20T14:10:15.125+0000] {processor.py:161} INFO - Started process (PID=3182) to work on /home/airflow/.local/lib/python3.8/site-packages/airflow/example_dags/example_latest_only_with_trigger.py
[2025-02-20T14:10:15.126+0000] {processor.py:830} INFO - Processing file /home/airflow/.local/lib/python3.8/site-packages/airflow/example_dags/example_latest_only_with_trigger.py for tasks to queue
[2025-02-20T14:10:15.131+0000] {logging_mixin.py:188} INFO - [2025-02-20T14:10:15.131+0000] {dagbag.py:538} INFO - Filling up the DagBag from /home/airflow/.local/lib/python3.8/site-packages/airflow/example_dags/example_latest_only_with_trigger.py
[2025-02-20T14:10:15.148+0000] {processor.py:840} INFO - DAG(s) 'latest_only_with_trigger' retrieved from /home/airflow/.local/lib/python3.8/site-packages/airflow/example_dags/example_latest_only_with_trigger.py
[2025-02-20T14:10:15.200+0000] {logging_mixin.py:188} INFO - [2025-02-20T14:10:15.200+0000] {dag.py:3036} INFO - Sync 1 DAGs
[2025-02-20T14:10:15.242+0000] {logging_mixin.py:188} INFO - [2025-02-20T14:10:15.241+0000] {dag.py:3823} INFO - Setting next_dagrun for latest_only_with_trigger to 2025-02-20 08:00:00+00:00, run_after=2025-02-20 12:00:00+00:00
[2025-02-20T14:10:15.292+0000] {processor.py:183} INFO - Processing /home/airflow/.local/lib/python3.8/site-packages/airflow/example_dags/example_latest_only_with_trigger.py took 0.172 seconds
[2025-02-20T14:10:47.515+0000] {processor.py:161} INFO - Started process (PID=3248) to work on /home/airflow/.local/lib/python3.8/site-packages/airflow/example_dags/example_latest_only_with_trigger.py
[2025-02-20T14:10:47.518+0000] {processor.py:830} INFO - Processing file /home/airflow/.local/lib/python3.8/site-packages/airflow/example_dags/example_latest_only_with_trigger.py for tasks to queue
[2025-02-20T14:10:47.523+0000] {logging_mixin.py:188} INFO - [2025-02-20T14:10:47.522+0000] {dagbag.py:538} INFO - Filling up the DagBag from /home/airflow/.local/lib/python3.8/site-packages/airflow/example_dags/example_latest_only_with_trigger.py
[2025-02-20T14:10:47.538+0000] {processor.py:840} INFO - DAG(s) 'latest_only_with_trigger' retrieved from /home/airflow/.local/lib/python3.8/site-packages/airflow/example_dags/example_latest_only_with_trigger.py
[2025-02-20T14:10:47.895+0000] {logging_mixin.py:188} INFO - [2025-02-20T14:10:47.895+0000] {dag.py:3036} INFO - Sync 1 DAGs
[2025-02-20T14:10:47.947+0000] {logging_mixin.py:188} INFO - [2025-02-20T14:10:47.947+0000] {dag.py:3823} INFO - Setting next_dagrun for latest_only_with_trigger to 2025-02-20 08:00:00+00:00, run_after=2025-02-20 12:00:00+00:00
[2025-02-20T14:10:47.981+0000] {processor.py:183} INFO - Processing /home/airflow/.local/lib/python3.8/site-packages/airflow/example_dags/example_latest_only_with_trigger.py took 0.472 seconds
[2025-02-20T14:11:18.707+0000] {processor.py:161} INFO - Started process (PID=3313) to work on /home/airflow/.local/lib/python3.8/site-packages/airflow/example_dags/example_latest_only_with_trigger.py
[2025-02-20T14:11:18.709+0000] {processor.py:830} INFO - Processing file /home/airflow/.local/lib/python3.8/site-packages/airflow/example_dags/example_latest_only_with_trigger.py for tasks to queue
[2025-02-20T14:11:18.712+0000] {logging_mixin.py:188} INFO - [2025-02-20T14:11:18.712+0000] {dagbag.py:538} INFO - Filling up the DagBag from /home/airflow/.local/lib/python3.8/site-packages/airflow/example_dags/example_latest_only_with_trigger.py
[2025-02-20T14:11:18.724+0000] {processor.py:840} INFO - DAG(s) 'latest_only_with_trigger' retrieved from /home/airflow/.local/lib/python3.8/site-packages/airflow/example_dags/example_latest_only_with_trigger.py
[2025-02-20T14:11:18.764+0000] {logging_mixin.py:188} INFO - [2025-02-20T14:11:18.763+0000] {dag.py:3036} INFO - Sync 1 DAGs
[2025-02-20T14:11:18.796+0000] {logging_mixin.py:188} INFO - [2025-02-20T14:11:18.796+0000] {dag.py:3823} INFO - Setting next_dagrun for latest_only_with_trigger to 2025-02-20 08:00:00+00:00, run_after=2025-02-20 12:00:00+00:00
[2025-02-20T14:11:18.825+0000] {processor.py:183} INFO - Processing /home/airflow/.local/lib/python3.8/site-packages/airflow/example_dags/example_latest_only_with_trigger.py took 0.124 seconds
[2025-02-20T16:11:43.618+0000] {processor.py:161} INFO - Started process (PID=3377) to work on /home/airflow/.local/lib/python3.8/site-packages/airflow/example_dags/example_latest_only_with_trigger.py
[2025-02-20T16:11:43.623+0000] {processor.py:830} INFO - Processing file /home/airflow/.local/lib/python3.8/site-packages/airflow/example_dags/example_latest_only_with_trigger.py for tasks to queue
[2025-02-20T16:11:43.636+0000] {logging_mixin.py:188} INFO - [2025-02-20T16:11:43.633+0000] {dagbag.py:538} INFO - Filling up the DagBag from /home/airflow/.local/lib/python3.8/site-packages/airflow/example_dags/example_latest_only_with_trigger.py
[2025-02-20T16:11:43.678+0000] {processor.py:840} INFO - DAG(s) 'latest_only_with_trigger' retrieved from /home/airflow/.local/lib/python3.8/site-packages/airflow/example_dags/example_latest_only_with_trigger.py
[2025-02-20T16:11:43.790+0000] {logging_mixin.py:188} INFO - [2025-02-20T16:11:43.789+0000] {dag.py:3036} INFO - Sync 1 DAGs
[2025-02-20T16:11:43.952+0000] {logging_mixin.py:188} INFO - [2025-02-20T16:11:43.952+0000] {dag.py:3823} INFO - Setting next_dagrun for latest_only_with_trigger to 2025-02-20 12:00:00+00:00, run_after=2025-02-20 16:00:00+00:00
[2025-02-20T16:11:44.002+0000] {processor.py:183} INFO - Processing /home/airflow/.local/lib/python3.8/site-packages/airflow/example_dags/example_latest_only_with_trigger.py took 0.436 seconds
[2025-02-20T18:12:16.386+0000] {processor.py:161} INFO - Started process (PID=3477) to work on /home/airflow/.local/lib/python3.8/site-packages/airflow/example_dags/example_latest_only_with_trigger.py
[2025-02-20T18:12:16.391+0000] {processor.py:830} INFO - Processing file /home/airflow/.local/lib/python3.8/site-packages/airflow/example_dags/example_latest_only_with_trigger.py for tasks to queue
[2025-02-20T18:12:16.397+0000] {logging_mixin.py:188} INFO - [2025-02-20T18:12:16.395+0000] {dagbag.py:538} INFO - Filling up the DagBag from /home/airflow/.local/lib/python3.8/site-packages/airflow/example_dags/example_latest_only_with_trigger.py
[2025-02-20T18:12:16.416+0000] {processor.py:840} INFO - DAG(s) 'latest_only_with_trigger' retrieved from /home/airflow/.local/lib/python3.8/site-packages/airflow/example_dags/example_latest_only_with_trigger.py
[2025-02-20T18:12:16.466+0000] {logging_mixin.py:188} INFO - [2025-02-20T18:12:16.465+0000] {dag.py:3036} INFO - Sync 1 DAGs
[2025-02-20T18:12:16.521+0000] {logging_mixin.py:188} INFO - [2025-02-20T18:12:16.521+0000] {dag.py:3823} INFO - Setting next_dagrun for latest_only_with_trigger to 2025-02-20 12:00:00+00:00, run_after=2025-02-20 16:00:00+00:00
[2025-02-20T18:12:16.558+0000] {processor.py:183} INFO - Processing /home/airflow/.local/lib/python3.8/site-packages/airflow/example_dags/example_latest_only_with_trigger.py took 0.180 seconds
[2025-02-20T18:12:47.051+0000] {processor.py:161} INFO - Started process (PID=3542) to work on /home/airflow/.local/lib/python3.8/site-packages/airflow/example_dags/example_latest_only_with_trigger.py
[2025-02-20T18:12:47.053+0000] {processor.py:830} INFO - Processing file /home/airflow/.local/lib/python3.8/site-packages/airflow/example_dags/example_latest_only_with_trigger.py for tasks to queue
[2025-02-20T18:12:47.059+0000] {logging_mixin.py:188} INFO - [2025-02-20T18:12:47.059+0000] {dagbag.py:538} INFO - Filling up the DagBag from /home/airflow/.local/lib/python3.8/site-packages/airflow/example_dags/example_latest_only_with_trigger.py
[2025-02-20T18:12:47.082+0000] {processor.py:840} INFO - DAG(s) 'latest_only_with_trigger' retrieved from /home/airflow/.local/lib/python3.8/site-packages/airflow/example_dags/example_latest_only_with_trigger.py
[2025-02-20T18:12:47.134+0000] {logging_mixin.py:188} INFO - [2025-02-20T18:12:47.133+0000] {dag.py:3036} INFO - Sync 1 DAGs
[2025-02-20T18:12:47.178+0000] {logging_mixin.py:188} INFO - [2025-02-20T18:12:47.177+0000] {dag.py:3823} INFO - Setting next_dagrun for latest_only_with_trigger to 2025-02-20 12:00:00+00:00, run_after=2025-02-20 16:00:00+00:00
[2025-02-20T18:12:47.228+0000] {processor.py:183} INFO - Processing /home/airflow/.local/lib/python3.8/site-packages/airflow/example_dags/example_latest_only_with_trigger.py took 0.183 seconds
[2025-02-20T20:05:45.678+0000] {processor.py:161} INFO - Started process (PID=3589) to work on /home/airflow/.local/lib/python3.8/site-packages/airflow/example_dags/example_latest_only_with_trigger.py
[2025-02-20T20:05:45.681+0000] {processor.py:830} INFO - Processing file /home/airflow/.local/lib/python3.8/site-packages/airflow/example_dags/example_latest_only_with_trigger.py for tasks to queue
[2025-02-20T20:05:45.687+0000] {logging_mixin.py:188} INFO - [2025-02-20T20:05:45.686+0000] {dagbag.py:538} INFO - Filling up the DagBag from /home/airflow/.local/lib/python3.8/site-packages/airflow/example_dags/example_latest_only_with_trigger.py
[2025-02-20T20:05:45.701+0000] {processor.py:840} INFO - DAG(s) 'latest_only_with_trigger' retrieved from /home/airflow/.local/lib/python3.8/site-packages/airflow/example_dags/example_latest_only_with_trigger.py
[2025-02-20T20:05:45.752+0000] {logging_mixin.py:188} INFO - [2025-02-20T20:05:45.752+0000] {dag.py:3036} INFO - Sync 1 DAGs
[2025-02-20T20:05:45.811+0000] {logging_mixin.py:188} INFO - [2025-02-20T20:05:45.810+0000] {dag.py:3823} INFO - Setting next_dagrun for latest_only_with_trigger to 2025-02-20 16:00:00+00:00, run_after=2025-02-20 20:00:00+00:00
[2025-02-20T20:05:45.863+0000] {processor.py:183} INFO - Processing /home/airflow/.local/lib/python3.8/site-packages/airflow/example_dags/example_latest_only_with_trigger.py took 0.191 seconds
[2025-02-20T20:19:10.896+0000] {processor.py:161} INFO - Started process (PID=3688) to work on /home/airflow/.local/lib/python3.8/site-packages/airflow/example_dags/example_latest_only_with_trigger.py
[2025-02-20T20:19:10.899+0000] {processor.py:830} INFO - Processing file /home/airflow/.local/lib/python3.8/site-packages/airflow/example_dags/example_latest_only_with_trigger.py for tasks to queue
[2025-02-20T20:19:10.905+0000] {logging_mixin.py:188} INFO - [2025-02-20T20:19:10.905+0000] {dagbag.py:538} INFO - Filling up the DagBag from /home/airflow/.local/lib/python3.8/site-packages/airflow/example_dags/example_latest_only_with_trigger.py
[2025-02-20T20:19:10.927+0000] {processor.py:840} INFO - DAG(s) 'latest_only_with_trigger' retrieved from /home/airflow/.local/lib/python3.8/site-packages/airflow/example_dags/example_latest_only_with_trigger.py
[2025-02-20T20:19:11.010+0000] {logging_mixin.py:188} INFO - [2025-02-20T20:19:11.008+0000] {dag.py:3036} INFO - Sync 1 DAGs
[2025-02-20T20:19:11.095+0000] {logging_mixin.py:188} INFO - [2025-02-20T20:19:11.095+0000] {dag.py:3823} INFO - Setting next_dagrun for latest_only_with_trigger to 2025-02-20 16:00:00+00:00, run_after=2025-02-20 20:00:00+00:00
[2025-02-20T20:19:11.214+0000] {processor.py:183} INFO - Processing /home/airflow/.local/lib/python3.8/site-packages/airflow/example_dags/example_latest_only_with_trigger.py took 0.325 seconds
[2025-02-20T22:14:41.436+0000] {processor.py:161} INFO - Started process (PID=3787) to work on /home/airflow/.local/lib/python3.8/site-packages/airflow/example_dags/example_latest_only_with_trigger.py
[2025-02-20T22:14:41.438+0000] {processor.py:830} INFO - Processing file /home/airflow/.local/lib/python3.8/site-packages/airflow/example_dags/example_latest_only_with_trigger.py for tasks to queue
[2025-02-20T22:14:41.442+0000] {logging_mixin.py:188} INFO - [2025-02-20T22:14:41.441+0000] {dagbag.py:538} INFO - Filling up the DagBag from /home/airflow/.local/lib/python3.8/site-packages/airflow/example_dags/example_latest_only_with_trigger.py
[2025-02-20T22:14:41.466+0000] {processor.py:840} INFO - DAG(s) 'latest_only_with_trigger' retrieved from /home/airflow/.local/lib/python3.8/site-packages/airflow/example_dags/example_latest_only_with_trigger.py
[2025-02-20T22:14:41.522+0000] {logging_mixin.py:188} INFO - [2025-02-20T22:14:41.521+0000] {dag.py:3036} INFO - Sync 1 DAGs
[2025-02-20T22:14:41.565+0000] {logging_mixin.py:188} INFO - [2025-02-20T22:14:41.564+0000] {dag.py:3823} INFO - Setting next_dagrun for latest_only_with_trigger to 2025-02-20 16:00:00+00:00, run_after=2025-02-20 20:00:00+00:00
[2025-02-20T22:14:41.604+0000] {processor.py:183} INFO - Processing /home/airflow/.local/lib/python3.8/site-packages/airflow/example_dags/example_latest_only_with_trigger.py took 0.174 seconds
