[2025-02-20T13:46:00.548+0000] {processor.py:161} INFO - Started process (PID=95) to work on /home/airflow/.local/lib/python3.8/site-packages/airflow/example_dags/example_kubernetes_executor.py
[2025-02-20T13:46:00.554+0000] {processor.py:830} INFO - Processing file /home/airflow/.local/lib/python3.8/site-packages/airflow/example_dags/example_kubernetes_executor.py for tasks to queue
[2025-02-20T13:46:00.562+0000] {logging_mixin.py:188} INFO - [2025-02-20T13:46:00.559+0000] {dagbag.py:538} INFO - Filling up the DagBag from /home/airflow/.local/lib/python3.8/site-packages/airflow/example_dags/example_kubernetes_executor.py
[2025-02-20T13:46:00.639+0000] {processor.py:840} INFO - DAG(s) 'example_kubernetes_executor' retrieved from /home/airflow/.local/lib/python3.8/site-packages/airflow/example_dags/example_kubernetes_executor.py
[2025-02-20T13:46:00.784+0000] {logging_mixin.py:188} INFO - [2025-02-20T13:46:00.782+0000] {dag.py:3036} INFO - Sync 1 DAGs
[2025-02-20T13:46:00.819+0000] {logging_mixin.py:188} INFO - [2025-02-20T13:46:00.816+0000] {dag.py:3823} INFO - Setting next_dagrun for example_kubernetes_executor to None, run_after=None
[2025-02-20T13:46:00.958+0000] {processor.py:183} INFO - Processing /home/airflow/.local/lib/python3.8/site-packages/airflow/example_dags/example_kubernetes_executor.py took 0.447 seconds
[2025-02-20T13:46:31.120+0000] {processor.py:161} INFO - Started process (PID=161) to work on /home/airflow/.local/lib/python3.8/site-packages/airflow/example_dags/example_kubernetes_executor.py
[2025-02-20T13:46:31.122+0000] {processor.py:830} INFO - Processing file /home/airflow/.local/lib/python3.8/site-packages/airflow/example_dags/example_kubernetes_executor.py for tasks to queue
[2025-02-20T13:46:31.124+0000] {logging_mixin.py:188} INFO - [2025-02-20T13:46:31.124+0000] {dagbag.py:538} INFO - Filling up the DagBag from /home/airflow/.local/lib/python3.8/site-packages/airflow/example_dags/example_kubernetes_executor.py
[2025-02-20T13:46:31.141+0000] {processor.py:840} INFO - DAG(s) 'example_kubernetes_executor' retrieved from /home/airflow/.local/lib/python3.8/site-packages/airflow/example_dags/example_kubernetes_executor.py
[2025-02-20T13:46:31.187+0000] {logging_mixin.py:188} INFO - [2025-02-20T13:46:31.187+0000] {dag.py:3036} INFO - Sync 1 DAGs
[2025-02-20T13:46:31.201+0000] {logging_mixin.py:188} INFO - [2025-02-20T13:46:31.201+0000] {dag.py:3823} INFO - Setting next_dagrun for example_kubernetes_executor to None, run_after=None
[2025-02-20T13:46:31.223+0000] {processor.py:183} INFO - Processing /home/airflow/.local/lib/python3.8/site-packages/airflow/example_dags/example_kubernetes_executor.py took 0.108 seconds
[2025-02-20T13:47:01.604+0000] {processor.py:161} INFO - Started process (PID=225) to work on /home/airflow/.local/lib/python3.8/site-packages/airflow/example_dags/example_kubernetes_executor.py
[2025-02-20T13:47:01.606+0000] {processor.py:830} INFO - Processing file /home/airflow/.local/lib/python3.8/site-packages/airflow/example_dags/example_kubernetes_executor.py for tasks to queue
[2025-02-20T13:47:01.609+0000] {logging_mixin.py:188} INFO - [2025-02-20T13:47:01.608+0000] {dagbag.py:538} INFO - Filling up the DagBag from /home/airflow/.local/lib/python3.8/site-packages/airflow/example_dags/example_kubernetes_executor.py
[2025-02-20T13:47:01.636+0000] {processor.py:840} INFO - DAG(s) 'example_kubernetes_executor' retrieved from /home/airflow/.local/lib/python3.8/site-packages/airflow/example_dags/example_kubernetes_executor.py
[2025-02-20T13:47:01.718+0000] {logging_mixin.py:188} INFO - [2025-02-20T13:47:01.717+0000] {dag.py:3036} INFO - Sync 1 DAGs
[2025-02-20T13:47:01.754+0000] {logging_mixin.py:188} INFO - [2025-02-20T13:47:01.753+0000] {dag.py:3823} INFO - Setting next_dagrun for example_kubernetes_executor to None, run_after=None
[2025-02-20T13:47:01.790+0000] {processor.py:183} INFO - Processing /home/airflow/.local/lib/python3.8/site-packages/airflow/example_dags/example_kubernetes_executor.py took 0.191 seconds
[2025-02-20T13:47:32.706+0000] {processor.py:161} INFO - Started process (PID=291) to work on /home/airflow/.local/lib/python3.8/site-packages/airflow/example_dags/example_kubernetes_executor.py
[2025-02-20T13:47:32.708+0000] {processor.py:830} INFO - Processing file /home/airflow/.local/lib/python3.8/site-packages/airflow/example_dags/example_kubernetes_executor.py for tasks to queue
[2025-02-20T13:47:32.711+0000] {logging_mixin.py:188} INFO - [2025-02-20T13:47:32.710+0000] {dagbag.py:538} INFO - Filling up the DagBag from /home/airflow/.local/lib/python3.8/site-packages/airflow/example_dags/example_kubernetes_executor.py
[2025-02-20T13:47:32.742+0000] {processor.py:840} INFO - DAG(s) 'example_kubernetes_executor' retrieved from /home/airflow/.local/lib/python3.8/site-packages/airflow/example_dags/example_kubernetes_executor.py
[2025-02-20T13:47:32.820+0000] {logging_mixin.py:188} INFO - [2025-02-20T13:47:32.820+0000] {dag.py:3036} INFO - Sync 1 DAGs
[2025-02-20T13:47:32.845+0000] {logging_mixin.py:188} INFO - [2025-02-20T13:47:32.845+0000] {dag.py:3823} INFO - Setting next_dagrun for example_kubernetes_executor to None, run_after=None
[2025-02-20T13:47:32.881+0000] {processor.py:183} INFO - Processing /home/airflow/.local/lib/python3.8/site-packages/airflow/example_dags/example_kubernetes_executor.py took 0.180 seconds
[2025-02-20T13:48:03.027+0000] {processor.py:161} INFO - Started process (PID=355) to work on /home/airflow/.local/lib/python3.8/site-packages/airflow/example_dags/example_kubernetes_executor.py
[2025-02-20T13:48:03.028+0000] {processor.py:830} INFO - Processing file /home/airflow/.local/lib/python3.8/site-packages/airflow/example_dags/example_kubernetes_executor.py for tasks to queue
[2025-02-20T13:48:03.032+0000] {logging_mixin.py:188} INFO - [2025-02-20T13:48:03.031+0000] {dagbag.py:538} INFO - Filling up the DagBag from /home/airflow/.local/lib/python3.8/site-packages/airflow/example_dags/example_kubernetes_executor.py
[2025-02-20T13:48:03.058+0000] {processor.py:840} INFO - DAG(s) 'example_kubernetes_executor' retrieved from /home/airflow/.local/lib/python3.8/site-packages/airflow/example_dags/example_kubernetes_executor.py
[2025-02-20T13:48:03.154+0000] {logging_mixin.py:188} INFO - [2025-02-20T13:48:03.154+0000] {dag.py:3036} INFO - Sync 1 DAGs
[2025-02-20T13:48:03.177+0000] {logging_mixin.py:188} INFO - [2025-02-20T13:48:03.177+0000] {dag.py:3823} INFO - Setting next_dagrun for example_kubernetes_executor to None, run_after=None
[2025-02-20T13:48:03.210+0000] {processor.py:183} INFO - Processing /home/airflow/.local/lib/python3.8/site-packages/airflow/example_dags/example_kubernetes_executor.py took 0.189 seconds
[2025-02-20T13:48:34.223+0000] {processor.py:161} INFO - Started process (PID=419) to work on /home/airflow/.local/lib/python3.8/site-packages/airflow/example_dags/example_kubernetes_executor.py
[2025-02-20T13:48:34.225+0000] {processor.py:830} INFO - Processing file /home/airflow/.local/lib/python3.8/site-packages/airflow/example_dags/example_kubernetes_executor.py for tasks to queue
[2025-02-20T13:48:34.232+0000] {logging_mixin.py:188} INFO - [2025-02-20T13:48:34.230+0000] {dagbag.py:538} INFO - Filling up the DagBag from /home/airflow/.local/lib/python3.8/site-packages/airflow/example_dags/example_kubernetes_executor.py
[2025-02-20T13:48:34.340+0000] {processor.py:840} INFO - DAG(s) 'example_kubernetes_executor' retrieved from /home/airflow/.local/lib/python3.8/site-packages/airflow/example_dags/example_kubernetes_executor.py
[2025-02-20T13:48:34.459+0000] {logging_mixin.py:188} INFO - [2025-02-20T13:48:34.459+0000] {dag.py:3036} INFO - Sync 1 DAGs
[2025-02-20T13:48:34.491+0000] {logging_mixin.py:188} INFO - [2025-02-20T13:48:34.491+0000] {dag.py:3823} INFO - Setting next_dagrun for example_kubernetes_executor to None, run_after=None
[2025-02-20T13:48:34.543+0000] {processor.py:183} INFO - Processing /home/airflow/.local/lib/python3.8/site-packages/airflow/example_dags/example_kubernetes_executor.py took 0.331 seconds
[2025-02-20T13:49:05.651+0000] {processor.py:161} INFO - Started process (PID=484) to work on /home/airflow/.local/lib/python3.8/site-packages/airflow/example_dags/example_kubernetes_executor.py
[2025-02-20T13:49:05.673+0000] {processor.py:830} INFO - Processing file /home/airflow/.local/lib/python3.8/site-packages/airflow/example_dags/example_kubernetes_executor.py for tasks to queue
[2025-02-20T13:49:05.681+0000] {logging_mixin.py:188} INFO - [2025-02-20T13:49:05.681+0000] {dagbag.py:538} INFO - Filling up the DagBag from /home/airflow/.local/lib/python3.8/site-packages/airflow/example_dags/example_kubernetes_executor.py
[2025-02-20T13:49:05.719+0000] {processor.py:840} INFO - DAG(s) 'example_kubernetes_executor' retrieved from /home/airflow/.local/lib/python3.8/site-packages/airflow/example_dags/example_kubernetes_executor.py
[2025-02-20T13:49:05.821+0000] {logging_mixin.py:188} INFO - [2025-02-20T13:49:05.820+0000] {dag.py:3036} INFO - Sync 1 DAGs
[2025-02-20T13:49:05.917+0000] {logging_mixin.py:188} INFO - [2025-02-20T13:49:05.917+0000] {dag.py:3823} INFO - Setting next_dagrun for example_kubernetes_executor to None, run_after=None
[2025-02-20T13:49:06.112+0000] {processor.py:183} INFO - Processing /home/airflow/.local/lib/python3.8/site-packages/airflow/example_dags/example_kubernetes_executor.py took 0.470 seconds
[2025-02-20T13:49:36.617+0000] {processor.py:161} INFO - Started process (PID=549) to work on /home/airflow/.local/lib/python3.8/site-packages/airflow/example_dags/example_kubernetes_executor.py
[2025-02-20T13:49:36.621+0000] {processor.py:830} INFO - Processing file /home/airflow/.local/lib/python3.8/site-packages/airflow/example_dags/example_kubernetes_executor.py for tasks to queue
[2025-02-20T13:49:36.666+0000] {logging_mixin.py:188} INFO - [2025-02-20T13:49:36.666+0000] {dagbag.py:538} INFO - Filling up the DagBag from /home/airflow/.local/lib/python3.8/site-packages/airflow/example_dags/example_kubernetes_executor.py
[2025-02-20T13:49:36.763+0000] {processor.py:840} INFO - DAG(s) 'example_kubernetes_executor' retrieved from /home/airflow/.local/lib/python3.8/site-packages/airflow/example_dags/example_kubernetes_executor.py
[2025-02-20T13:49:36.879+0000] {logging_mixin.py:188} INFO - [2025-02-20T13:49:36.879+0000] {dag.py:3036} INFO - Sync 1 DAGs
[2025-02-20T13:49:36.923+0000] {logging_mixin.py:188} INFO - [2025-02-20T13:49:36.922+0000] {dag.py:3823} INFO - Setting next_dagrun for example_kubernetes_executor to None, run_after=None
[2025-02-20T13:49:36.974+0000] {processor.py:183} INFO - Processing /home/airflow/.local/lib/python3.8/site-packages/airflow/example_dags/example_kubernetes_executor.py took 0.370 seconds
[2025-02-20T13:50:07.179+0000] {processor.py:161} INFO - Started process (PID=607) to work on /home/airflow/.local/lib/python3.8/site-packages/airflow/example_dags/example_kubernetes_executor.py
[2025-02-20T13:50:07.181+0000] {processor.py:830} INFO - Processing file /home/airflow/.local/lib/python3.8/site-packages/airflow/example_dags/example_kubernetes_executor.py for tasks to queue
[2025-02-20T13:50:07.183+0000] {logging_mixin.py:188} INFO - [2025-02-20T13:50:07.183+0000] {dagbag.py:538} INFO - Filling up the DagBag from /home/airflow/.local/lib/python3.8/site-packages/airflow/example_dags/example_kubernetes_executor.py
[2025-02-20T13:50:07.208+0000] {processor.py:840} INFO - DAG(s) 'example_kubernetes_executor' retrieved from /home/airflow/.local/lib/python3.8/site-packages/airflow/example_dags/example_kubernetes_executor.py
[2025-02-20T13:50:07.289+0000] {logging_mixin.py:188} INFO - [2025-02-20T13:50:07.288+0000] {dag.py:3036} INFO - Sync 1 DAGs
[2025-02-20T13:50:07.307+0000] {logging_mixin.py:188} INFO - [2025-02-20T13:50:07.306+0000] {dag.py:3823} INFO - Setting next_dagrun for example_kubernetes_executor to None, run_after=None
[2025-02-20T13:50:07.342+0000] {processor.py:183} INFO - Processing /home/airflow/.local/lib/python3.8/site-packages/airflow/example_dags/example_kubernetes_executor.py took 0.167 seconds
[2025-02-20T13:50:38.662+0000] {processor.py:161} INFO - Started process (PID=672) to work on /home/airflow/.local/lib/python3.8/site-packages/airflow/example_dags/example_kubernetes_executor.py
[2025-02-20T13:50:38.677+0000] {processor.py:830} INFO - Processing file /home/airflow/.local/lib/python3.8/site-packages/airflow/example_dags/example_kubernetes_executor.py for tasks to queue
[2025-02-20T13:50:38.735+0000] {logging_mixin.py:188} INFO - [2025-02-20T13:50:38.716+0000] {dagbag.py:538} INFO - Filling up the DagBag from /home/airflow/.local/lib/python3.8/site-packages/airflow/example_dags/example_kubernetes_executor.py
[2025-02-20T13:50:38.827+0000] {processor.py:840} INFO - DAG(s) 'example_kubernetes_executor' retrieved from /home/airflow/.local/lib/python3.8/site-packages/airflow/example_dags/example_kubernetes_executor.py
[2025-02-20T13:50:39.004+0000] {logging_mixin.py:188} INFO - [2025-02-20T13:50:39.004+0000] {dag.py:3036} INFO - Sync 1 DAGs
[2025-02-20T13:50:39.049+0000] {logging_mixin.py:188} INFO - [2025-02-20T13:50:39.042+0000] {dag.py:3823} INFO - Setting next_dagrun for example_kubernetes_executor to None, run_after=None
[2025-02-20T13:50:39.154+0000] {processor.py:183} INFO - Processing /home/airflow/.local/lib/python3.8/site-packages/airflow/example_dags/example_kubernetes_executor.py took 0.499 seconds
[2025-02-20T13:51:09.495+0000] {processor.py:161} INFO - Started process (PID=744) to work on /home/airflow/.local/lib/python3.8/site-packages/airflow/example_dags/example_kubernetes_executor.py
[2025-02-20T13:51:09.497+0000] {processor.py:830} INFO - Processing file /home/airflow/.local/lib/python3.8/site-packages/airflow/example_dags/example_kubernetes_executor.py for tasks to queue
[2025-02-20T13:51:09.504+0000] {logging_mixin.py:188} INFO - [2025-02-20T13:51:09.503+0000] {dagbag.py:538} INFO - Filling up the DagBag from /home/airflow/.local/lib/python3.8/site-packages/airflow/example_dags/example_kubernetes_executor.py
[2025-02-20T13:51:09.566+0000] {processor.py:840} INFO - DAG(s) 'example_kubernetes_executor' retrieved from /home/airflow/.local/lib/python3.8/site-packages/airflow/example_dags/example_kubernetes_executor.py
[2025-02-20T13:51:09.664+0000] {logging_mixin.py:188} INFO - [2025-02-20T13:51:09.664+0000] {dag.py:3036} INFO - Sync 1 DAGs
[2025-02-20T13:51:09.707+0000] {logging_mixin.py:188} INFO - [2025-02-20T13:51:09.706+0000] {dag.py:3823} INFO - Setting next_dagrun for example_kubernetes_executor to None, run_after=None
[2025-02-20T13:51:09.812+0000] {processor.py:183} INFO - Processing /home/airflow/.local/lib/python3.8/site-packages/airflow/example_dags/example_kubernetes_executor.py took 0.323 seconds
[2025-02-20T13:51:40.208+0000] {processor.py:161} INFO - Started process (PID=809) to work on /home/airflow/.local/lib/python3.8/site-packages/airflow/example_dags/example_kubernetes_executor.py
[2025-02-20T13:51:40.210+0000] {processor.py:830} INFO - Processing file /home/airflow/.local/lib/python3.8/site-packages/airflow/example_dags/example_kubernetes_executor.py for tasks to queue
[2025-02-20T13:51:40.214+0000] {logging_mixin.py:188} INFO - [2025-02-20T13:51:40.214+0000] {dagbag.py:538} INFO - Filling up the DagBag from /home/airflow/.local/lib/python3.8/site-packages/airflow/example_dags/example_kubernetes_executor.py
[2025-02-20T13:51:40.251+0000] {processor.py:840} INFO - DAG(s) 'example_kubernetes_executor' retrieved from /home/airflow/.local/lib/python3.8/site-packages/airflow/example_dags/example_kubernetes_executor.py
[2025-02-20T13:51:40.333+0000] {logging_mixin.py:188} INFO - [2025-02-20T13:51:40.333+0000] {dag.py:3036} INFO - Sync 1 DAGs
[2025-02-20T13:51:40.360+0000] {logging_mixin.py:188} INFO - [2025-02-20T13:51:40.360+0000] {dag.py:3823} INFO - Setting next_dagrun for example_kubernetes_executor to None, run_after=None
[2025-02-20T13:51:40.540+0000] {processor.py:183} INFO - Processing /home/airflow/.local/lib/python3.8/site-packages/airflow/example_dags/example_kubernetes_executor.py took 0.339 seconds
[2025-02-20T13:52:10.670+0000] {processor.py:161} INFO - Started process (PID=873) to work on /home/airflow/.local/lib/python3.8/site-packages/airflow/example_dags/example_kubernetes_executor.py
[2025-02-20T13:52:10.672+0000] {processor.py:830} INFO - Processing file /home/airflow/.local/lib/python3.8/site-packages/airflow/example_dags/example_kubernetes_executor.py for tasks to queue
[2025-02-20T13:52:10.680+0000] {logging_mixin.py:188} INFO - [2025-02-20T13:52:10.679+0000] {dagbag.py:538} INFO - Filling up the DagBag from /home/airflow/.local/lib/python3.8/site-packages/airflow/example_dags/example_kubernetes_executor.py
[2025-02-20T13:52:10.717+0000] {processor.py:840} INFO - DAG(s) 'example_kubernetes_executor' retrieved from /home/airflow/.local/lib/python3.8/site-packages/airflow/example_dags/example_kubernetes_executor.py
[2025-02-20T13:52:10.805+0000] {logging_mixin.py:188} INFO - [2025-02-20T13:52:10.804+0000] {dag.py:3036} INFO - Sync 1 DAGs
[2025-02-20T13:52:10.837+0000] {logging_mixin.py:188} INFO - [2025-02-20T13:52:10.834+0000] {dag.py:3823} INFO - Setting next_dagrun for example_kubernetes_executor to None, run_after=None
[2025-02-20T13:52:10.882+0000] {processor.py:183} INFO - Processing /home/airflow/.local/lib/python3.8/site-packages/airflow/example_dags/example_kubernetes_executor.py took 0.218 seconds
[2025-02-20T13:52:41.365+0000] {processor.py:161} INFO - Started process (PID=938) to work on /home/airflow/.local/lib/python3.8/site-packages/airflow/example_dags/example_kubernetes_executor.py
[2025-02-20T13:52:41.367+0000] {processor.py:830} INFO - Processing file /home/airflow/.local/lib/python3.8/site-packages/airflow/example_dags/example_kubernetes_executor.py for tasks to queue
[2025-02-20T13:52:41.375+0000] {logging_mixin.py:188} INFO - [2025-02-20T13:52:41.374+0000] {dagbag.py:538} INFO - Filling up the DagBag from /home/airflow/.local/lib/python3.8/site-packages/airflow/example_dags/example_kubernetes_executor.py
[2025-02-20T13:52:41.411+0000] {processor.py:840} INFO - DAG(s) 'example_kubernetes_executor' retrieved from /home/airflow/.local/lib/python3.8/site-packages/airflow/example_dags/example_kubernetes_executor.py
[2025-02-20T13:52:41.492+0000] {logging_mixin.py:188} INFO - [2025-02-20T13:52:41.491+0000] {dag.py:3036} INFO - Sync 1 DAGs
[2025-02-20T13:52:41.518+0000] {logging_mixin.py:188} INFO - [2025-02-20T13:52:41.518+0000] {dag.py:3823} INFO - Setting next_dagrun for example_kubernetes_executor to None, run_after=None
[2025-02-20T13:52:41.550+0000] {processor.py:183} INFO - Processing /home/airflow/.local/lib/python3.8/site-packages/airflow/example_dags/example_kubernetes_executor.py took 0.192 seconds
[2025-02-20T13:53:12.748+0000] {processor.py:161} INFO - Started process (PID=1003) to work on /home/airflow/.local/lib/python3.8/site-packages/airflow/example_dags/example_kubernetes_executor.py
[2025-02-20T13:53:12.753+0000] {processor.py:830} INFO - Processing file /home/airflow/.local/lib/python3.8/site-packages/airflow/example_dags/example_kubernetes_executor.py for tasks to queue
[2025-02-20T13:53:12.759+0000] {logging_mixin.py:188} INFO - [2025-02-20T13:53:12.758+0000] {dagbag.py:538} INFO - Filling up the DagBag from /home/airflow/.local/lib/python3.8/site-packages/airflow/example_dags/example_kubernetes_executor.py
[2025-02-20T13:53:12.800+0000] {processor.py:840} INFO - DAG(s) 'example_kubernetes_executor' retrieved from /home/airflow/.local/lib/python3.8/site-packages/airflow/example_dags/example_kubernetes_executor.py
[2025-02-20T13:53:12.960+0000] {logging_mixin.py:188} INFO - [2025-02-20T13:53:12.960+0000] {dag.py:3036} INFO - Sync 1 DAGs
[2025-02-20T13:53:12.990+0000] {logging_mixin.py:188} INFO - [2025-02-20T13:53:12.990+0000] {dag.py:3823} INFO - Setting next_dagrun for example_kubernetes_executor to None, run_after=None
[2025-02-20T13:53:13.033+0000] {processor.py:183} INFO - Processing /home/airflow/.local/lib/python3.8/site-packages/airflow/example_dags/example_kubernetes_executor.py took 0.291 seconds
[2025-02-20T13:53:43.898+0000] {processor.py:161} INFO - Started process (PID=1068) to work on /home/airflow/.local/lib/python3.8/site-packages/airflow/example_dags/example_kubernetes_executor.py
[2025-02-20T13:53:43.901+0000] {processor.py:830} INFO - Processing file /home/airflow/.local/lib/python3.8/site-packages/airflow/example_dags/example_kubernetes_executor.py for tasks to queue
[2025-02-20T13:53:43.904+0000] {logging_mixin.py:188} INFO - [2025-02-20T13:53:43.904+0000] {dagbag.py:538} INFO - Filling up the DagBag from /home/airflow/.local/lib/python3.8/site-packages/airflow/example_dags/example_kubernetes_executor.py
[2025-02-20T13:53:43.930+0000] {processor.py:840} INFO - DAG(s) 'example_kubernetes_executor' retrieved from /home/airflow/.local/lib/python3.8/site-packages/airflow/example_dags/example_kubernetes_executor.py
[2025-02-20T13:53:44.019+0000] {logging_mixin.py:188} INFO - [2025-02-20T13:53:44.019+0000] {dag.py:3036} INFO - Sync 1 DAGs
[2025-02-20T13:53:44.053+0000] {logging_mixin.py:188} INFO - [2025-02-20T13:53:44.052+0000] {dag.py:3823} INFO - Setting next_dagrun for example_kubernetes_executor to None, run_after=None
[2025-02-20T13:53:44.088+0000] {processor.py:183} INFO - Processing /home/airflow/.local/lib/python3.8/site-packages/airflow/example_dags/example_kubernetes_executor.py took 0.195 seconds
[2025-02-20T13:54:14.284+0000] {processor.py:161} INFO - Started process (PID=1133) to work on /home/airflow/.local/lib/python3.8/site-packages/airflow/example_dags/example_kubernetes_executor.py
[2025-02-20T13:54:14.289+0000] {processor.py:830} INFO - Processing file /home/airflow/.local/lib/python3.8/site-packages/airflow/example_dags/example_kubernetes_executor.py for tasks to queue
[2025-02-20T13:54:14.301+0000] {logging_mixin.py:188} INFO - [2025-02-20T13:54:14.300+0000] {dagbag.py:538} INFO - Filling up the DagBag from /home/airflow/.local/lib/python3.8/site-packages/airflow/example_dags/example_kubernetes_executor.py
[2025-02-20T13:54:14.338+0000] {processor.py:840} INFO - DAG(s) 'example_kubernetes_executor' retrieved from /home/airflow/.local/lib/python3.8/site-packages/airflow/example_dags/example_kubernetes_executor.py
[2025-02-20T13:54:14.453+0000] {logging_mixin.py:188} INFO - [2025-02-20T13:54:14.453+0000] {dag.py:3036} INFO - Sync 1 DAGs
[2025-02-20T13:54:14.484+0000] {logging_mixin.py:188} INFO - [2025-02-20T13:54:14.483+0000] {dag.py:3823} INFO - Setting next_dagrun for example_kubernetes_executor to None, run_after=None
[2025-02-20T13:54:14.525+0000] {processor.py:183} INFO - Processing /home/airflow/.local/lib/python3.8/site-packages/airflow/example_dags/example_kubernetes_executor.py took 0.246 seconds
[2025-02-20T13:54:44.575+0000] {processor.py:161} INFO - Started process (PID=1198) to work on /home/airflow/.local/lib/python3.8/site-packages/airflow/example_dags/example_kubernetes_executor.py
[2025-02-20T13:54:44.576+0000] {processor.py:830} INFO - Processing file /home/airflow/.local/lib/python3.8/site-packages/airflow/example_dags/example_kubernetes_executor.py for tasks to queue
[2025-02-20T13:54:44.579+0000] {logging_mixin.py:188} INFO - [2025-02-20T13:54:44.578+0000] {dagbag.py:538} INFO - Filling up the DagBag from /home/airflow/.local/lib/python3.8/site-packages/airflow/example_dags/example_kubernetes_executor.py
[2025-02-20T13:54:44.598+0000] {processor.py:840} INFO - DAG(s) 'example_kubernetes_executor' retrieved from /home/airflow/.local/lib/python3.8/site-packages/airflow/example_dags/example_kubernetes_executor.py
[2025-02-20T13:54:44.646+0000] {logging_mixin.py:188} INFO - [2025-02-20T13:54:44.646+0000] {dag.py:3036} INFO - Sync 1 DAGs
[2025-02-20T13:54:44.667+0000] {logging_mixin.py:188} INFO - [2025-02-20T13:54:44.667+0000] {dag.py:3823} INFO - Setting next_dagrun for example_kubernetes_executor to None, run_after=None
[2025-02-20T13:54:44.701+0000] {processor.py:183} INFO - Processing /home/airflow/.local/lib/python3.8/site-packages/airflow/example_dags/example_kubernetes_executor.py took 0.132 seconds
[2025-02-20T13:55:15.111+0000] {processor.py:161} INFO - Started process (PID=1263) to work on /home/airflow/.local/lib/python3.8/site-packages/airflow/example_dags/example_kubernetes_executor.py
[2025-02-20T13:55:15.112+0000] {processor.py:830} INFO - Processing file /home/airflow/.local/lib/python3.8/site-packages/airflow/example_dags/example_kubernetes_executor.py for tasks to queue
[2025-02-20T13:55:15.114+0000] {logging_mixin.py:188} INFO - [2025-02-20T13:55:15.114+0000] {dagbag.py:538} INFO - Filling up the DagBag from /home/airflow/.local/lib/python3.8/site-packages/airflow/example_dags/example_kubernetes_executor.py
[2025-02-20T13:55:15.134+0000] {processor.py:840} INFO - DAG(s) 'example_kubernetes_executor' retrieved from /home/airflow/.local/lib/python3.8/site-packages/airflow/example_dags/example_kubernetes_executor.py
[2025-02-20T13:55:15.193+0000] {logging_mixin.py:188} INFO - [2025-02-20T13:55:15.193+0000] {dag.py:3036} INFO - Sync 1 DAGs
[2025-02-20T13:55:15.217+0000] {logging_mixin.py:188} INFO - [2025-02-20T13:55:15.216+0000] {dag.py:3823} INFO - Setting next_dagrun for example_kubernetes_executor to None, run_after=None
[2025-02-20T13:55:15.267+0000] {processor.py:183} INFO - Processing /home/airflow/.local/lib/python3.8/site-packages/airflow/example_dags/example_kubernetes_executor.py took 0.161 seconds
[2025-02-20T13:55:45.743+0000] {processor.py:161} INFO - Started process (PID=1336) to work on /home/airflow/.local/lib/python3.8/site-packages/airflow/example_dags/example_kubernetes_executor.py
[2025-02-20T13:55:45.745+0000] {processor.py:830} INFO - Processing file /home/airflow/.local/lib/python3.8/site-packages/airflow/example_dags/example_kubernetes_executor.py for tasks to queue
[2025-02-20T13:55:45.748+0000] {logging_mixin.py:188} INFO - [2025-02-20T13:55:45.748+0000] {dagbag.py:538} INFO - Filling up the DagBag from /home/airflow/.local/lib/python3.8/site-packages/airflow/example_dags/example_kubernetes_executor.py
[2025-02-20T13:55:45.775+0000] {processor.py:840} INFO - DAG(s) 'example_kubernetes_executor' retrieved from /home/airflow/.local/lib/python3.8/site-packages/airflow/example_dags/example_kubernetes_executor.py
[2025-02-20T13:55:45.839+0000] {logging_mixin.py:188} INFO - [2025-02-20T13:55:45.839+0000] {dag.py:3036} INFO - Sync 1 DAGs
[2025-02-20T13:55:45.860+0000] {logging_mixin.py:188} INFO - [2025-02-20T13:55:45.859+0000] {dag.py:3823} INFO - Setting next_dagrun for example_kubernetes_executor to None, run_after=None
[2025-02-20T13:55:45.892+0000] {processor.py:183} INFO - Processing /home/airflow/.local/lib/python3.8/site-packages/airflow/example_dags/example_kubernetes_executor.py took 0.154 seconds
[2025-02-20T13:56:16.283+0000] {processor.py:161} INFO - Started process (PID=1401) to work on /home/airflow/.local/lib/python3.8/site-packages/airflow/example_dags/example_kubernetes_executor.py
[2025-02-20T13:56:16.285+0000] {processor.py:830} INFO - Processing file /home/airflow/.local/lib/python3.8/site-packages/airflow/example_dags/example_kubernetes_executor.py for tasks to queue
[2025-02-20T13:56:16.288+0000] {logging_mixin.py:188} INFO - [2025-02-20T13:56:16.287+0000] {dagbag.py:538} INFO - Filling up the DagBag from /home/airflow/.local/lib/python3.8/site-packages/airflow/example_dags/example_kubernetes_executor.py
[2025-02-20T13:56:16.313+0000] {processor.py:840} INFO - DAG(s) 'example_kubernetes_executor' retrieved from /home/airflow/.local/lib/python3.8/site-packages/airflow/example_dags/example_kubernetes_executor.py
[2025-02-20T13:56:16.381+0000] {logging_mixin.py:188} INFO - [2025-02-20T13:56:16.381+0000] {dag.py:3036} INFO - Sync 1 DAGs
[2025-02-20T13:56:16.407+0000] {logging_mixin.py:188} INFO - [2025-02-20T13:56:16.407+0000] {dag.py:3823} INFO - Setting next_dagrun for example_kubernetes_executor to None, run_after=None
[2025-02-20T13:56:16.447+0000] {processor.py:183} INFO - Processing /home/airflow/.local/lib/python3.8/site-packages/airflow/example_dags/example_kubernetes_executor.py took 0.169 seconds
[2025-02-20T13:56:46.558+0000] {processor.py:161} INFO - Started process (PID=1466) to work on /home/airflow/.local/lib/python3.8/site-packages/airflow/example_dags/example_kubernetes_executor.py
[2025-02-20T13:56:46.560+0000] {processor.py:830} INFO - Processing file /home/airflow/.local/lib/python3.8/site-packages/airflow/example_dags/example_kubernetes_executor.py for tasks to queue
[2025-02-20T13:56:46.563+0000] {logging_mixin.py:188} INFO - [2025-02-20T13:56:46.563+0000] {dagbag.py:538} INFO - Filling up the DagBag from /home/airflow/.local/lib/python3.8/site-packages/airflow/example_dags/example_kubernetes_executor.py
[2025-02-20T13:56:46.589+0000] {processor.py:840} INFO - DAG(s) 'example_kubernetes_executor' retrieved from /home/airflow/.local/lib/python3.8/site-packages/airflow/example_dags/example_kubernetes_executor.py
[2025-02-20T13:56:46.664+0000] {logging_mixin.py:188} INFO - [2025-02-20T13:56:46.664+0000] {dag.py:3036} INFO - Sync 1 DAGs
[2025-02-20T13:56:46.685+0000] {logging_mixin.py:188} INFO - [2025-02-20T13:56:46.685+0000] {dag.py:3823} INFO - Setting next_dagrun for example_kubernetes_executor to None, run_after=None
[2025-02-20T13:56:46.729+0000] {processor.py:183} INFO - Processing /home/airflow/.local/lib/python3.8/site-packages/airflow/example_dags/example_kubernetes_executor.py took 0.175 seconds
[2025-02-20T13:57:16.777+0000] {processor.py:161} INFO - Started process (PID=1531) to work on /home/airflow/.local/lib/python3.8/site-packages/airflow/example_dags/example_kubernetes_executor.py
[2025-02-20T13:57:16.779+0000] {processor.py:830} INFO - Processing file /home/airflow/.local/lib/python3.8/site-packages/airflow/example_dags/example_kubernetes_executor.py for tasks to queue
[2025-02-20T13:57:16.783+0000] {logging_mixin.py:188} INFO - [2025-02-20T13:57:16.782+0000] {dagbag.py:538} INFO - Filling up the DagBag from /home/airflow/.local/lib/python3.8/site-packages/airflow/example_dags/example_kubernetes_executor.py
[2025-02-20T13:57:16.812+0000] {processor.py:840} INFO - DAG(s) 'example_kubernetes_executor' retrieved from /home/airflow/.local/lib/python3.8/site-packages/airflow/example_dags/example_kubernetes_executor.py
[2025-02-20T13:57:16.928+0000] {logging_mixin.py:188} INFO - [2025-02-20T13:57:16.928+0000] {dag.py:3036} INFO - Sync 1 DAGs
[2025-02-20T13:57:16.962+0000] {logging_mixin.py:188} INFO - [2025-02-20T13:57:16.962+0000] {dag.py:3823} INFO - Setting next_dagrun for example_kubernetes_executor to None, run_after=None
[2025-02-20T13:57:17.001+0000] {processor.py:183} INFO - Processing /home/airflow/.local/lib/python3.8/site-packages/airflow/example_dags/example_kubernetes_executor.py took 0.231 seconds
[2025-02-20T13:57:47.083+0000] {processor.py:161} INFO - Started process (PID=1594) to work on /home/airflow/.local/lib/python3.8/site-packages/airflow/example_dags/example_kubernetes_executor.py
[2025-02-20T13:57:47.084+0000] {processor.py:830} INFO - Processing file /home/airflow/.local/lib/python3.8/site-packages/airflow/example_dags/example_kubernetes_executor.py for tasks to queue
[2025-02-20T13:57:47.087+0000] {logging_mixin.py:188} INFO - [2025-02-20T13:57:47.086+0000] {dagbag.py:538} INFO - Filling up the DagBag from /home/airflow/.local/lib/python3.8/site-packages/airflow/example_dags/example_kubernetes_executor.py
[2025-02-20T13:57:47.105+0000] {processor.py:840} INFO - DAG(s) 'example_kubernetes_executor' retrieved from /home/airflow/.local/lib/python3.8/site-packages/airflow/example_dags/example_kubernetes_executor.py
[2025-02-20T13:57:47.151+0000] {logging_mixin.py:188} INFO - [2025-02-20T13:57:47.151+0000] {dag.py:3036} INFO - Sync 1 DAGs
[2025-02-20T13:57:47.166+0000] {logging_mixin.py:188} INFO - [2025-02-20T13:57:47.166+0000] {dag.py:3823} INFO - Setting next_dagrun for example_kubernetes_executor to None, run_after=None
[2025-02-20T13:57:47.191+0000] {processor.py:183} INFO - Processing /home/airflow/.local/lib/python3.8/site-packages/airflow/example_dags/example_kubernetes_executor.py took 0.112 seconds
[2025-02-20T13:58:17.648+0000] {processor.py:161} INFO - Started process (PID=1658) to work on /home/airflow/.local/lib/python3.8/site-packages/airflow/example_dags/example_kubernetes_executor.py
[2025-02-20T13:58:17.650+0000] {processor.py:830} INFO - Processing file /home/airflow/.local/lib/python3.8/site-packages/airflow/example_dags/example_kubernetes_executor.py for tasks to queue
[2025-02-20T13:58:17.653+0000] {logging_mixin.py:188} INFO - [2025-02-20T13:58:17.653+0000] {dagbag.py:538} INFO - Filling up the DagBag from /home/airflow/.local/lib/python3.8/site-packages/airflow/example_dags/example_kubernetes_executor.py
[2025-02-20T13:58:17.676+0000] {processor.py:840} INFO - DAG(s) 'example_kubernetes_executor' retrieved from /home/airflow/.local/lib/python3.8/site-packages/airflow/example_dags/example_kubernetes_executor.py
[2025-02-20T13:58:17.757+0000] {logging_mixin.py:188} INFO - [2025-02-20T13:58:17.757+0000] {dag.py:3036} INFO - Sync 1 DAGs
[2025-02-20T13:58:17.790+0000] {logging_mixin.py:188} INFO - [2025-02-20T13:58:17.787+0000] {dag.py:3823} INFO - Setting next_dagrun for example_kubernetes_executor to None, run_after=None
[2025-02-20T13:58:17.834+0000] {processor.py:183} INFO - Processing /home/airflow/.local/lib/python3.8/site-packages/airflow/example_dags/example_kubernetes_executor.py took 0.190 seconds
[2025-02-20T13:58:49.351+0000] {processor.py:161} INFO - Started process (PID=1722) to work on /home/airflow/.local/lib/python3.8/site-packages/airflow/example_dags/example_kubernetes_executor.py
[2025-02-20T13:58:49.353+0000] {processor.py:830} INFO - Processing file /home/airflow/.local/lib/python3.8/site-packages/airflow/example_dags/example_kubernetes_executor.py for tasks to queue
[2025-02-20T13:58:49.358+0000] {logging_mixin.py:188} INFO - [2025-02-20T13:58:49.357+0000] {dagbag.py:538} INFO - Filling up the DagBag from /home/airflow/.local/lib/python3.8/site-packages/airflow/example_dags/example_kubernetes_executor.py
[2025-02-20T13:58:49.392+0000] {processor.py:840} INFO - DAG(s) 'example_kubernetes_executor' retrieved from /home/airflow/.local/lib/python3.8/site-packages/airflow/example_dags/example_kubernetes_executor.py
[2025-02-20T13:58:49.472+0000] {logging_mixin.py:188} INFO - [2025-02-20T13:58:49.472+0000] {dag.py:3036} INFO - Sync 1 DAGs
[2025-02-20T13:58:49.494+0000] {logging_mixin.py:188} INFO - [2025-02-20T13:58:49.494+0000] {dag.py:3823} INFO - Setting next_dagrun for example_kubernetes_executor to None, run_after=None
[2025-02-20T13:58:49.544+0000] {processor.py:183} INFO - Processing /home/airflow/.local/lib/python3.8/site-packages/airflow/example_dags/example_kubernetes_executor.py took 0.200 seconds
[2025-02-20T13:59:19.850+0000] {processor.py:161} INFO - Started process (PID=1787) to work on /home/airflow/.local/lib/python3.8/site-packages/airflow/example_dags/example_kubernetes_executor.py
[2025-02-20T13:59:19.851+0000] {processor.py:830} INFO - Processing file /home/airflow/.local/lib/python3.8/site-packages/airflow/example_dags/example_kubernetes_executor.py for tasks to queue
[2025-02-20T13:59:19.854+0000] {logging_mixin.py:188} INFO - [2025-02-20T13:59:19.854+0000] {dagbag.py:538} INFO - Filling up the DagBag from /home/airflow/.local/lib/python3.8/site-packages/airflow/example_dags/example_kubernetes_executor.py
[2025-02-20T13:59:19.885+0000] {processor.py:840} INFO - DAG(s) 'example_kubernetes_executor' retrieved from /home/airflow/.local/lib/python3.8/site-packages/airflow/example_dags/example_kubernetes_executor.py
[2025-02-20T13:59:19.944+0000] {logging_mixin.py:188} INFO - [2025-02-20T13:59:19.944+0000] {dag.py:3036} INFO - Sync 1 DAGs
[2025-02-20T13:59:19.963+0000] {logging_mixin.py:188} INFO - [2025-02-20T13:59:19.963+0000] {dag.py:3823} INFO - Setting next_dagrun for example_kubernetes_executor to None, run_after=None
[2025-02-20T13:59:19.997+0000] {processor.py:183} INFO - Processing /home/airflow/.local/lib/python3.8/site-packages/airflow/example_dags/example_kubernetes_executor.py took 0.152 seconds
[2025-02-20T13:59:51.004+0000] {processor.py:161} INFO - Started process (PID=1851) to work on /home/airflow/.local/lib/python3.8/site-packages/airflow/example_dags/example_kubernetes_executor.py
[2025-02-20T13:59:51.009+0000] {processor.py:830} INFO - Processing file /home/airflow/.local/lib/python3.8/site-packages/airflow/example_dags/example_kubernetes_executor.py for tasks to queue
[2025-02-20T13:59:51.017+0000] {logging_mixin.py:188} INFO - [2025-02-20T13:59:51.016+0000] {dagbag.py:538} INFO - Filling up the DagBag from /home/airflow/.local/lib/python3.8/site-packages/airflow/example_dags/example_kubernetes_executor.py
[2025-02-20T13:59:51.043+0000] {processor.py:840} INFO - DAG(s) 'example_kubernetes_executor' retrieved from /home/airflow/.local/lib/python3.8/site-packages/airflow/example_dags/example_kubernetes_executor.py
[2025-02-20T13:59:51.130+0000] {logging_mixin.py:188} INFO - [2025-02-20T13:59:51.130+0000] {dag.py:3036} INFO - Sync 1 DAGs
[2025-02-20T13:59:51.159+0000] {logging_mixin.py:188} INFO - [2025-02-20T13:59:51.159+0000] {dag.py:3823} INFO - Setting next_dagrun for example_kubernetes_executor to None, run_after=None
[2025-02-20T13:59:51.394+0000] {processor.py:183} INFO - Processing /home/airflow/.local/lib/python3.8/site-packages/airflow/example_dags/example_kubernetes_executor.py took 0.397 seconds
[2025-02-20T14:00:21.528+0000] {processor.py:161} INFO - Started process (PID=1916) to work on /home/airflow/.local/lib/python3.8/site-packages/airflow/example_dags/example_kubernetes_executor.py
[2025-02-20T14:00:21.534+0000] {processor.py:830} INFO - Processing file /home/airflow/.local/lib/python3.8/site-packages/airflow/example_dags/example_kubernetes_executor.py for tasks to queue
[2025-02-20T14:00:21.539+0000] {logging_mixin.py:188} INFO - [2025-02-20T14:00:21.539+0000] {dagbag.py:538} INFO - Filling up the DagBag from /home/airflow/.local/lib/python3.8/site-packages/airflow/example_dags/example_kubernetes_executor.py
[2025-02-20T14:00:21.571+0000] {processor.py:840} INFO - DAG(s) 'example_kubernetes_executor' retrieved from /home/airflow/.local/lib/python3.8/site-packages/airflow/example_dags/example_kubernetes_executor.py
[2025-02-20T14:00:21.648+0000] {logging_mixin.py:188} INFO - [2025-02-20T14:00:21.648+0000] {dag.py:3036} INFO - Sync 1 DAGs
[2025-02-20T14:00:21.674+0000] {logging_mixin.py:188} INFO - [2025-02-20T14:00:21.673+0000] {dag.py:3823} INFO - Setting next_dagrun for example_kubernetes_executor to None, run_after=None
[2025-02-20T14:00:21.718+0000] {processor.py:183} INFO - Processing /home/airflow/.local/lib/python3.8/site-packages/airflow/example_dags/example_kubernetes_executor.py took 0.200 seconds
[2025-02-20T14:00:51.870+0000] {processor.py:161} INFO - Started process (PID=1981) to work on /home/airflow/.local/lib/python3.8/site-packages/airflow/example_dags/example_kubernetes_executor.py
[2025-02-20T14:00:51.872+0000] {processor.py:830} INFO - Processing file /home/airflow/.local/lib/python3.8/site-packages/airflow/example_dags/example_kubernetes_executor.py for tasks to queue
[2025-02-20T14:00:51.875+0000] {logging_mixin.py:188} INFO - [2025-02-20T14:00:51.875+0000] {dagbag.py:538} INFO - Filling up the DagBag from /home/airflow/.local/lib/python3.8/site-packages/airflow/example_dags/example_kubernetes_executor.py
[2025-02-20T14:00:51.904+0000] {processor.py:840} INFO - DAG(s) 'example_kubernetes_executor' retrieved from /home/airflow/.local/lib/python3.8/site-packages/airflow/example_dags/example_kubernetes_executor.py
[2025-02-20T14:00:51.976+0000] {logging_mixin.py:188} INFO - [2025-02-20T14:00:51.976+0000] {dag.py:3036} INFO - Sync 1 DAGs
[2025-02-20T14:00:52.002+0000] {logging_mixin.py:188} INFO - [2025-02-20T14:00:52.000+0000] {dag.py:3823} INFO - Setting next_dagrun for example_kubernetes_executor to None, run_after=None
[2025-02-20T14:00:52.037+0000] {processor.py:183} INFO - Processing /home/airflow/.local/lib/python3.8/site-packages/airflow/example_dags/example_kubernetes_executor.py took 0.172 seconds
[2025-02-20T14:01:22.694+0000] {processor.py:161} INFO - Started process (PID=2046) to work on /home/airflow/.local/lib/python3.8/site-packages/airflow/example_dags/example_kubernetes_executor.py
[2025-02-20T14:01:22.695+0000] {processor.py:830} INFO - Processing file /home/airflow/.local/lib/python3.8/site-packages/airflow/example_dags/example_kubernetes_executor.py for tasks to queue
[2025-02-20T14:01:22.701+0000] {logging_mixin.py:188} INFO - [2025-02-20T14:01:22.700+0000] {dagbag.py:538} INFO - Filling up the DagBag from /home/airflow/.local/lib/python3.8/site-packages/airflow/example_dags/example_kubernetes_executor.py
[2025-02-20T14:01:22.737+0000] {processor.py:840} INFO - DAG(s) 'example_kubernetes_executor' retrieved from /home/airflow/.local/lib/python3.8/site-packages/airflow/example_dags/example_kubernetes_executor.py
[2025-02-20T14:01:22.833+0000] {logging_mixin.py:188} INFO - [2025-02-20T14:01:22.833+0000] {dag.py:3036} INFO - Sync 1 DAGs
[2025-02-20T14:01:22.936+0000] {logging_mixin.py:188} INFO - [2025-02-20T14:01:22.934+0000] {dag.py:3823} INFO - Setting next_dagrun for example_kubernetes_executor to None, run_after=None
[2025-02-20T14:01:23.026+0000] {processor.py:183} INFO - Processing /home/airflow/.local/lib/python3.8/site-packages/airflow/example_dags/example_kubernetes_executor.py took 0.342 seconds
[2025-02-20T14:01:53.485+0000] {processor.py:161} INFO - Started process (PID=2111) to work on /home/airflow/.local/lib/python3.8/site-packages/airflow/example_dags/example_kubernetes_executor.py
[2025-02-20T14:01:53.487+0000] {processor.py:830} INFO - Processing file /home/airflow/.local/lib/python3.8/site-packages/airflow/example_dags/example_kubernetes_executor.py for tasks to queue
[2025-02-20T14:01:53.492+0000] {logging_mixin.py:188} INFO - [2025-02-20T14:01:53.491+0000] {dagbag.py:538} INFO - Filling up the DagBag from /home/airflow/.local/lib/python3.8/site-packages/airflow/example_dags/example_kubernetes_executor.py
[2025-02-20T14:01:53.518+0000] {processor.py:840} INFO - DAG(s) 'example_kubernetes_executor' retrieved from /home/airflow/.local/lib/python3.8/site-packages/airflow/example_dags/example_kubernetes_executor.py
[2025-02-20T14:01:53.590+0000] {logging_mixin.py:188} INFO - [2025-02-20T14:01:53.589+0000] {dag.py:3036} INFO - Sync 1 DAGs
[2025-02-20T14:01:53.607+0000] {logging_mixin.py:188} INFO - [2025-02-20T14:01:53.607+0000] {dag.py:3823} INFO - Setting next_dagrun for example_kubernetes_executor to None, run_after=None
[2025-02-20T14:01:53.635+0000] {processor.py:183} INFO - Processing /home/airflow/.local/lib/python3.8/site-packages/airflow/example_dags/example_kubernetes_executor.py took 0.155 seconds
[2025-02-20T14:02:24.590+0000] {processor.py:161} INFO - Started process (PID=2183) to work on /home/airflow/.local/lib/python3.8/site-packages/airflow/example_dags/example_kubernetes_executor.py
[2025-02-20T14:02:24.592+0000] {processor.py:830} INFO - Processing file /home/airflow/.local/lib/python3.8/site-packages/airflow/example_dags/example_kubernetes_executor.py for tasks to queue
[2025-02-20T14:02:24.597+0000] {logging_mixin.py:188} INFO - [2025-02-20T14:02:24.596+0000] {dagbag.py:538} INFO - Filling up the DagBag from /home/airflow/.local/lib/python3.8/site-packages/airflow/example_dags/example_kubernetes_executor.py
[2025-02-20T14:02:24.633+0000] {processor.py:840} INFO - DAG(s) 'example_kubernetes_executor' retrieved from /home/airflow/.local/lib/python3.8/site-packages/airflow/example_dags/example_kubernetes_executor.py
[2025-02-20T14:02:24.721+0000] {logging_mixin.py:188} INFO - [2025-02-20T14:02:24.721+0000] {dag.py:3036} INFO - Sync 1 DAGs
[2025-02-20T14:02:24.754+0000] {logging_mixin.py:188} INFO - [2025-02-20T14:02:24.753+0000] {dag.py:3823} INFO - Setting next_dagrun for example_kubernetes_executor to None, run_after=None
[2025-02-20T14:02:24.941+0000] {processor.py:183} INFO - Processing /home/airflow/.local/lib/python3.8/site-packages/airflow/example_dags/example_kubernetes_executor.py took 0.361 seconds
[2025-02-20T14:02:55.625+0000] {processor.py:161} INFO - Started process (PID=2250) to work on /home/airflow/.local/lib/python3.8/site-packages/airflow/example_dags/example_kubernetes_executor.py
[2025-02-20T14:02:55.629+0000] {processor.py:830} INFO - Processing file /home/airflow/.local/lib/python3.8/site-packages/airflow/example_dags/example_kubernetes_executor.py for tasks to queue
[2025-02-20T14:02:55.635+0000] {logging_mixin.py:188} INFO - [2025-02-20T14:02:55.633+0000] {dagbag.py:538} INFO - Filling up the DagBag from /home/airflow/.local/lib/python3.8/site-packages/airflow/example_dags/example_kubernetes_executor.py
[2025-02-20T14:02:55.671+0000] {processor.py:840} INFO - DAG(s) 'example_kubernetes_executor' retrieved from /home/airflow/.local/lib/python3.8/site-packages/airflow/example_dags/example_kubernetes_executor.py
[2025-02-20T14:02:55.875+0000] {logging_mixin.py:188} INFO - [2025-02-20T14:02:55.875+0000] {dag.py:3036} INFO - Sync 1 DAGs
[2025-02-20T14:02:55.926+0000] {logging_mixin.py:188} INFO - [2025-02-20T14:02:55.925+0000] {dag.py:3823} INFO - Setting next_dagrun for example_kubernetes_executor to None, run_after=None
[2025-02-20T14:02:56.007+0000] {processor.py:183} INFO - Processing /home/airflow/.local/lib/python3.8/site-packages/airflow/example_dags/example_kubernetes_executor.py took 0.401 seconds
[2025-02-20T14:03:27.410+0000] {processor.py:161} INFO - Started process (PID=2314) to work on /home/airflow/.local/lib/python3.8/site-packages/airflow/example_dags/example_kubernetes_executor.py
[2025-02-20T14:03:27.415+0000] {processor.py:830} INFO - Processing file /home/airflow/.local/lib/python3.8/site-packages/airflow/example_dags/example_kubernetes_executor.py for tasks to queue
[2025-02-20T14:03:27.423+0000] {logging_mixin.py:188} INFO - [2025-02-20T14:03:27.423+0000] {dagbag.py:538} INFO - Filling up the DagBag from /home/airflow/.local/lib/python3.8/site-packages/airflow/example_dags/example_kubernetes_executor.py
[2025-02-20T14:03:27.492+0000] {processor.py:840} INFO - DAG(s) 'example_kubernetes_executor' retrieved from /home/airflow/.local/lib/python3.8/site-packages/airflow/example_dags/example_kubernetes_executor.py
[2025-02-20T14:03:27.594+0000] {logging_mixin.py:188} INFO - [2025-02-20T14:03:27.594+0000] {dag.py:3036} INFO - Sync 1 DAGs
[2025-02-20T14:03:27.616+0000] {logging_mixin.py:188} INFO - [2025-02-20T14:03:27.615+0000] {dag.py:3823} INFO - Setting next_dagrun for example_kubernetes_executor to None, run_after=None
[2025-02-20T14:03:27.659+0000] {processor.py:183} INFO - Processing /home/airflow/.local/lib/python3.8/site-packages/airflow/example_dags/example_kubernetes_executor.py took 0.258 seconds
[2025-02-20T14:03:58.591+0000] {processor.py:161} INFO - Started process (PID=2380) to work on /home/airflow/.local/lib/python3.8/site-packages/airflow/example_dags/example_kubernetes_executor.py
[2025-02-20T14:03:58.595+0000] {processor.py:830} INFO - Processing file /home/airflow/.local/lib/python3.8/site-packages/airflow/example_dags/example_kubernetes_executor.py for tasks to queue
[2025-02-20T14:03:58.601+0000] {logging_mixin.py:188} INFO - [2025-02-20T14:03:58.600+0000] {dagbag.py:538} INFO - Filling up the DagBag from /home/airflow/.local/lib/python3.8/site-packages/airflow/example_dags/example_kubernetes_executor.py
[2025-02-20T14:03:58.665+0000] {processor.py:840} INFO - DAG(s) 'example_kubernetes_executor' retrieved from /home/airflow/.local/lib/python3.8/site-packages/airflow/example_dags/example_kubernetes_executor.py
[2025-02-20T14:03:58.921+0000] {logging_mixin.py:188} INFO - [2025-02-20T14:03:58.921+0000] {dag.py:3036} INFO - Sync 1 DAGs
[2025-02-20T14:03:58.965+0000] {logging_mixin.py:188} INFO - [2025-02-20T14:03:58.965+0000] {dag.py:3823} INFO - Setting next_dagrun for example_kubernetes_executor to None, run_after=None
[2025-02-20T14:03:59.017+0000] {processor.py:183} INFO - Processing /home/airflow/.local/lib/python3.8/site-packages/airflow/example_dags/example_kubernetes_executor.py took 0.438 seconds
[2025-02-20T14:04:29.196+0000] {processor.py:161} INFO - Started process (PID=2446) to work on /home/airflow/.local/lib/python3.8/site-packages/airflow/example_dags/example_kubernetes_executor.py
[2025-02-20T14:04:29.198+0000] {processor.py:830} INFO - Processing file /home/airflow/.local/lib/python3.8/site-packages/airflow/example_dags/example_kubernetes_executor.py for tasks to queue
[2025-02-20T14:04:29.203+0000] {logging_mixin.py:188} INFO - [2025-02-20T14:04:29.201+0000] {dagbag.py:538} INFO - Filling up the DagBag from /home/airflow/.local/lib/python3.8/site-packages/airflow/example_dags/example_kubernetes_executor.py
[2025-02-20T14:04:29.239+0000] {processor.py:840} INFO - DAG(s) 'example_kubernetes_executor' retrieved from /home/airflow/.local/lib/python3.8/site-packages/airflow/example_dags/example_kubernetes_executor.py
[2025-02-20T14:04:29.333+0000] {logging_mixin.py:188} INFO - [2025-02-20T14:04:29.332+0000] {dag.py:3036} INFO - Sync 1 DAGs
[2025-02-20T14:04:29.360+0000] {logging_mixin.py:188} INFO - [2025-02-20T14:04:29.360+0000] {dag.py:3823} INFO - Setting next_dagrun for example_kubernetes_executor to None, run_after=None
[2025-02-20T14:04:29.400+0000] {processor.py:183} INFO - Processing /home/airflow/.local/lib/python3.8/site-packages/airflow/example_dags/example_kubernetes_executor.py took 0.208 seconds
[2025-02-20T14:04:59.871+0000] {processor.py:161} INFO - Started process (PID=2511) to work on /home/airflow/.local/lib/python3.8/site-packages/airflow/example_dags/example_kubernetes_executor.py
[2025-02-20T14:04:59.873+0000] {processor.py:830} INFO - Processing file /home/airflow/.local/lib/python3.8/site-packages/airflow/example_dags/example_kubernetes_executor.py for tasks to queue
[2025-02-20T14:04:59.875+0000] {logging_mixin.py:188} INFO - [2025-02-20T14:04:59.875+0000] {dagbag.py:538} INFO - Filling up the DagBag from /home/airflow/.local/lib/python3.8/site-packages/airflow/example_dags/example_kubernetes_executor.py
[2025-02-20T14:04:59.910+0000] {processor.py:840} INFO - DAG(s) 'example_kubernetes_executor' retrieved from /home/airflow/.local/lib/python3.8/site-packages/airflow/example_dags/example_kubernetes_executor.py
[2025-02-20T14:05:00.010+0000] {logging_mixin.py:188} INFO - [2025-02-20T14:05:00.009+0000] {dag.py:3036} INFO - Sync 1 DAGs
[2025-02-20T14:05:00.037+0000] {logging_mixin.py:188} INFO - [2025-02-20T14:05:00.036+0000] {dag.py:3823} INFO - Setting next_dagrun for example_kubernetes_executor to None, run_after=None
[2025-02-20T14:05:00.088+0000] {processor.py:183} INFO - Processing /home/airflow/.local/lib/python3.8/site-packages/airflow/example_dags/example_kubernetes_executor.py took 0.222 seconds
[2025-02-20T14:05:30.979+0000] {processor.py:161} INFO - Started process (PID=2576) to work on /home/airflow/.local/lib/python3.8/site-packages/airflow/example_dags/example_kubernetes_executor.py
[2025-02-20T14:05:30.985+0000] {processor.py:830} INFO - Processing file /home/airflow/.local/lib/python3.8/site-packages/airflow/example_dags/example_kubernetes_executor.py for tasks to queue
[2025-02-20T14:05:30.992+0000] {logging_mixin.py:188} INFO - [2025-02-20T14:05:30.991+0000] {dagbag.py:538} INFO - Filling up the DagBag from /home/airflow/.local/lib/python3.8/site-packages/airflow/example_dags/example_kubernetes_executor.py
[2025-02-20T14:05:31.034+0000] {processor.py:840} INFO - DAG(s) 'example_kubernetes_executor' retrieved from /home/airflow/.local/lib/python3.8/site-packages/airflow/example_dags/example_kubernetes_executor.py
[2025-02-20T14:05:31.141+0000] {logging_mixin.py:188} INFO - [2025-02-20T14:05:31.140+0000] {dag.py:3036} INFO - Sync 1 DAGs
[2025-02-20T14:05:31.165+0000] {logging_mixin.py:188} INFO - [2025-02-20T14:05:31.165+0000] {dag.py:3823} INFO - Setting next_dagrun for example_kubernetes_executor to None, run_after=None
[2025-02-20T14:05:31.280+0000] {processor.py:183} INFO - Processing /home/airflow/.local/lib/python3.8/site-packages/airflow/example_dags/example_kubernetes_executor.py took 0.309 seconds
[2025-02-20T14:06:01.857+0000] {processor.py:161} INFO - Started process (PID=2641) to work on /home/airflow/.local/lib/python3.8/site-packages/airflow/example_dags/example_kubernetes_executor.py
[2025-02-20T14:06:01.863+0000] {processor.py:830} INFO - Processing file /home/airflow/.local/lib/python3.8/site-packages/airflow/example_dags/example_kubernetes_executor.py for tasks to queue
[2025-02-20T14:06:01.870+0000] {logging_mixin.py:188} INFO - [2025-02-20T14:06:01.869+0000] {dagbag.py:538} INFO - Filling up the DagBag from /home/airflow/.local/lib/python3.8/site-packages/airflow/example_dags/example_kubernetes_executor.py
[2025-02-20T14:06:01.909+0000] {processor.py:840} INFO - DAG(s) 'example_kubernetes_executor' retrieved from /home/airflow/.local/lib/python3.8/site-packages/airflow/example_dags/example_kubernetes_executor.py
[2025-02-20T14:06:01.990+0000] {logging_mixin.py:188} INFO - [2025-02-20T14:06:01.989+0000] {dag.py:3036} INFO - Sync 1 DAGs
[2025-02-20T14:06:02.019+0000] {logging_mixin.py:188} INFO - [2025-02-20T14:06:02.019+0000] {dag.py:3823} INFO - Setting next_dagrun for example_kubernetes_executor to None, run_after=None
[2025-02-20T14:06:02.091+0000] {processor.py:183} INFO - Processing /home/airflow/.local/lib/python3.8/site-packages/airflow/example_dags/example_kubernetes_executor.py took 0.242 seconds
[2025-02-20T14:06:32.202+0000] {processor.py:161} INFO - Started process (PID=2706) to work on /home/airflow/.local/lib/python3.8/site-packages/airflow/example_dags/example_kubernetes_executor.py
[2025-02-20T14:06:32.203+0000] {processor.py:830} INFO - Processing file /home/airflow/.local/lib/python3.8/site-packages/airflow/example_dags/example_kubernetes_executor.py for tasks to queue
[2025-02-20T14:06:32.206+0000] {logging_mixin.py:188} INFO - [2025-02-20T14:06:32.206+0000] {dagbag.py:538} INFO - Filling up the DagBag from /home/airflow/.local/lib/python3.8/site-packages/airflow/example_dags/example_kubernetes_executor.py
[2025-02-20T14:06:32.225+0000] {processor.py:840} INFO - DAG(s) 'example_kubernetes_executor' retrieved from /home/airflow/.local/lib/python3.8/site-packages/airflow/example_dags/example_kubernetes_executor.py
[2025-02-20T14:06:32.283+0000] {logging_mixin.py:188} INFO - [2025-02-20T14:06:32.283+0000] {dag.py:3036} INFO - Sync 1 DAGs
[2025-02-20T14:06:32.300+0000] {logging_mixin.py:188} INFO - [2025-02-20T14:06:32.299+0000] {dag.py:3823} INFO - Setting next_dagrun for example_kubernetes_executor to None, run_after=None
[2025-02-20T14:06:32.327+0000] {processor.py:183} INFO - Processing /home/airflow/.local/lib/python3.8/site-packages/airflow/example_dags/example_kubernetes_executor.py took 0.130 seconds
[2025-02-20T14:07:02.633+0000] {processor.py:161} INFO - Started process (PID=2772) to work on /home/airflow/.local/lib/python3.8/site-packages/airflow/example_dags/example_kubernetes_executor.py
[2025-02-20T14:07:02.635+0000] {processor.py:830} INFO - Processing file /home/airflow/.local/lib/python3.8/site-packages/airflow/example_dags/example_kubernetes_executor.py for tasks to queue
[2025-02-20T14:07:02.642+0000] {logging_mixin.py:188} INFO - [2025-02-20T14:07:02.641+0000] {dagbag.py:538} INFO - Filling up the DagBag from /home/airflow/.local/lib/python3.8/site-packages/airflow/example_dags/example_kubernetes_executor.py
[2025-02-20T14:07:02.676+0000] {processor.py:840} INFO - DAG(s) 'example_kubernetes_executor' retrieved from /home/airflow/.local/lib/python3.8/site-packages/airflow/example_dags/example_kubernetes_executor.py
[2025-02-20T14:07:02.773+0000] {logging_mixin.py:188} INFO - [2025-02-20T14:07:02.772+0000] {dag.py:3036} INFO - Sync 1 DAGs
[2025-02-20T14:07:02.798+0000] {logging_mixin.py:188} INFO - [2025-02-20T14:07:02.797+0000] {dag.py:3823} INFO - Setting next_dagrun for example_kubernetes_executor to None, run_after=None
[2025-02-20T14:07:02.838+0000] {processor.py:183} INFO - Processing /home/airflow/.local/lib/python3.8/site-packages/airflow/example_dags/example_kubernetes_executor.py took 0.212 seconds
[2025-02-20T14:07:33.710+0000] {processor.py:161} INFO - Started process (PID=2837) to work on /home/airflow/.local/lib/python3.8/site-packages/airflow/example_dags/example_kubernetes_executor.py
[2025-02-20T14:07:33.711+0000] {processor.py:830} INFO - Processing file /home/airflow/.local/lib/python3.8/site-packages/airflow/example_dags/example_kubernetes_executor.py for tasks to queue
[2025-02-20T14:07:33.714+0000] {logging_mixin.py:188} INFO - [2025-02-20T14:07:33.714+0000] {dagbag.py:538} INFO - Filling up the DagBag from /home/airflow/.local/lib/python3.8/site-packages/airflow/example_dags/example_kubernetes_executor.py
[2025-02-20T14:07:33.738+0000] {processor.py:840} INFO - DAG(s) 'example_kubernetes_executor' retrieved from /home/airflow/.local/lib/python3.8/site-packages/airflow/example_dags/example_kubernetes_executor.py
[2025-02-20T14:07:33.797+0000] {logging_mixin.py:188} INFO - [2025-02-20T14:07:33.797+0000] {dag.py:3036} INFO - Sync 1 DAGs
[2025-02-20T14:07:33.821+0000] {logging_mixin.py:188} INFO - [2025-02-20T14:07:33.821+0000] {dag.py:3823} INFO - Setting next_dagrun for example_kubernetes_executor to None, run_after=None
[2025-02-20T14:07:33.856+0000] {processor.py:183} INFO - Processing /home/airflow/.local/lib/python3.8/site-packages/airflow/example_dags/example_kubernetes_executor.py took 0.150 seconds
[2025-02-20T14:08:04.281+0000] {processor.py:161} INFO - Started process (PID=2901) to work on /home/airflow/.local/lib/python3.8/site-packages/airflow/example_dags/example_kubernetes_executor.py
[2025-02-20T14:08:04.283+0000] {processor.py:830} INFO - Processing file /home/airflow/.local/lib/python3.8/site-packages/airflow/example_dags/example_kubernetes_executor.py for tasks to queue
[2025-02-20T14:08:04.286+0000] {logging_mixin.py:188} INFO - [2025-02-20T14:08:04.285+0000] {dagbag.py:538} INFO - Filling up the DagBag from /home/airflow/.local/lib/python3.8/site-packages/airflow/example_dags/example_kubernetes_executor.py
[2025-02-20T14:08:04.315+0000] {processor.py:840} INFO - DAG(s) 'example_kubernetes_executor' retrieved from /home/airflow/.local/lib/python3.8/site-packages/airflow/example_dags/example_kubernetes_executor.py
[2025-02-20T14:08:04.380+0000] {logging_mixin.py:188} INFO - [2025-02-20T14:08:04.380+0000] {dag.py:3036} INFO - Sync 1 DAGs
[2025-02-20T14:08:04.405+0000] {logging_mixin.py:188} INFO - [2025-02-20T14:08:04.405+0000] {dag.py:3823} INFO - Setting next_dagrun for example_kubernetes_executor to None, run_after=None
[2025-02-20T14:08:04.445+0000] {processor.py:183} INFO - Processing /home/airflow/.local/lib/python3.8/site-packages/airflow/example_dags/example_kubernetes_executor.py took 0.169 seconds
[2025-02-20T14:08:35.110+0000] {processor.py:161} INFO - Started process (PID=2965) to work on /home/airflow/.local/lib/python3.8/site-packages/airflow/example_dags/example_kubernetes_executor.py
[2025-02-20T14:08:35.112+0000] {processor.py:830} INFO - Processing file /home/airflow/.local/lib/python3.8/site-packages/airflow/example_dags/example_kubernetes_executor.py for tasks to queue
[2025-02-20T14:08:35.116+0000] {logging_mixin.py:188} INFO - [2025-02-20T14:08:35.116+0000] {dagbag.py:538} INFO - Filling up the DagBag from /home/airflow/.local/lib/python3.8/site-packages/airflow/example_dags/example_kubernetes_executor.py
[2025-02-20T14:08:35.149+0000] {processor.py:840} INFO - DAG(s) 'example_kubernetes_executor' retrieved from /home/airflow/.local/lib/python3.8/site-packages/airflow/example_dags/example_kubernetes_executor.py
[2025-02-20T14:08:35.218+0000] {logging_mixin.py:188} INFO - [2025-02-20T14:08:35.218+0000] {dag.py:3036} INFO - Sync 1 DAGs
[2025-02-20T14:08:35.246+0000] {logging_mixin.py:188} INFO - [2025-02-20T14:08:35.246+0000] {dag.py:3823} INFO - Setting next_dagrun for example_kubernetes_executor to None, run_after=None
[2025-02-20T14:08:35.291+0000] {processor.py:183} INFO - Processing /home/airflow/.local/lib/python3.8/site-packages/airflow/example_dags/example_kubernetes_executor.py took 0.187 seconds
[2025-02-20T14:09:05.673+0000] {processor.py:161} INFO - Started process (PID=3029) to work on /home/airflow/.local/lib/python3.8/site-packages/airflow/example_dags/example_kubernetes_executor.py
[2025-02-20T14:09:05.676+0000] {processor.py:830} INFO - Processing file /home/airflow/.local/lib/python3.8/site-packages/airflow/example_dags/example_kubernetes_executor.py for tasks to queue
[2025-02-20T14:09:05.680+0000] {logging_mixin.py:188} INFO - [2025-02-20T14:09:05.679+0000] {dagbag.py:538} INFO - Filling up the DagBag from /home/airflow/.local/lib/python3.8/site-packages/airflow/example_dags/example_kubernetes_executor.py
[2025-02-20T14:09:05.713+0000] {processor.py:840} INFO - DAG(s) 'example_kubernetes_executor' retrieved from /home/airflow/.local/lib/python3.8/site-packages/airflow/example_dags/example_kubernetes_executor.py
[2025-02-20T14:09:05.814+0000] {logging_mixin.py:188} INFO - [2025-02-20T14:09:05.814+0000] {dag.py:3036} INFO - Sync 1 DAGs
[2025-02-20T14:09:05.844+0000] {logging_mixin.py:188} INFO - [2025-02-20T14:09:05.842+0000] {dag.py:3823} INFO - Setting next_dagrun for example_kubernetes_executor to None, run_after=None
[2025-02-20T14:09:05.890+0000] {processor.py:183} INFO - Processing /home/airflow/.local/lib/python3.8/site-packages/airflow/example_dags/example_kubernetes_executor.py took 0.226 seconds
[2025-02-20T14:09:37.985+0000] {processor.py:161} INFO - Started process (PID=3093) to work on /home/airflow/.local/lib/python3.8/site-packages/airflow/example_dags/example_kubernetes_executor.py
[2025-02-20T14:09:37.987+0000] {processor.py:830} INFO - Processing file /home/airflow/.local/lib/python3.8/site-packages/airflow/example_dags/example_kubernetes_executor.py for tasks to queue
[2025-02-20T14:09:38.027+0000] {logging_mixin.py:188} INFO - [2025-02-20T14:09:38.026+0000] {dagbag.py:538} INFO - Filling up the DagBag from /home/airflow/.local/lib/python3.8/site-packages/airflow/example_dags/example_kubernetes_executor.py
[2025-02-20T14:09:38.077+0000] {processor.py:840} INFO - DAG(s) 'example_kubernetes_executor' retrieved from /home/airflow/.local/lib/python3.8/site-packages/airflow/example_dags/example_kubernetes_executor.py
[2025-02-20T14:09:38.755+0000] {logging_mixin.py:188} INFO - [2025-02-20T14:09:38.754+0000] {dag.py:3036} INFO - Sync 1 DAGs
[2025-02-20T14:09:38.844+0000] {logging_mixin.py:188} INFO - [2025-02-20T14:09:38.843+0000] {dag.py:3823} INFO - Setting next_dagrun for example_kubernetes_executor to None, run_after=None
[2025-02-20T14:09:38.948+0000] {processor.py:183} INFO - Processing /home/airflow/.local/lib/python3.8/site-packages/airflow/example_dags/example_kubernetes_executor.py took 0.971 seconds
[2025-02-20T14:10:09.451+0000] {processor.py:161} INFO - Started process (PID=3158) to work on /home/airflow/.local/lib/python3.8/site-packages/airflow/example_dags/example_kubernetes_executor.py
[2025-02-20T14:10:09.453+0000] {processor.py:830} INFO - Processing file /home/airflow/.local/lib/python3.8/site-packages/airflow/example_dags/example_kubernetes_executor.py for tasks to queue
[2025-02-20T14:10:09.478+0000] {logging_mixin.py:188} INFO - [2025-02-20T14:10:09.461+0000] {dagbag.py:538} INFO - Filling up the DagBag from /home/airflow/.local/lib/python3.8/site-packages/airflow/example_dags/example_kubernetes_executor.py
[2025-02-20T14:10:09.563+0000] {processor.py:840} INFO - DAG(s) 'example_kubernetes_executor' retrieved from /home/airflow/.local/lib/python3.8/site-packages/airflow/example_dags/example_kubernetes_executor.py
[2025-02-20T14:10:09.908+0000] {logging_mixin.py:188} INFO - [2025-02-20T14:10:09.908+0000] {dag.py:3036} INFO - Sync 1 DAGs
[2025-02-20T14:10:09.930+0000] {logging_mixin.py:188} INFO - [2025-02-20T14:10:09.930+0000] {dag.py:3823} INFO - Setting next_dagrun for example_kubernetes_executor to None, run_after=None
[2025-02-20T14:10:09.969+0000] {processor.py:183} INFO - Processing /home/airflow/.local/lib/python3.8/site-packages/airflow/example_dags/example_kubernetes_executor.py took 0.613 seconds
[2025-02-20T14:10:40.006+0000] {processor.py:161} INFO - Started process (PID=3223) to work on /home/airflow/.local/lib/python3.8/site-packages/airflow/example_dags/example_kubernetes_executor.py
[2025-02-20T14:10:40.008+0000] {processor.py:830} INFO - Processing file /home/airflow/.local/lib/python3.8/site-packages/airflow/example_dags/example_kubernetes_executor.py for tasks to queue
[2025-02-20T14:10:40.011+0000] {logging_mixin.py:188} INFO - [2025-02-20T14:10:40.010+0000] {dagbag.py:538} INFO - Filling up the DagBag from /home/airflow/.local/lib/python3.8/site-packages/airflow/example_dags/example_kubernetes_executor.py
[2025-02-20T14:10:40.045+0000] {processor.py:840} INFO - DAG(s) 'example_kubernetes_executor' retrieved from /home/airflow/.local/lib/python3.8/site-packages/airflow/example_dags/example_kubernetes_executor.py
[2025-02-20T14:10:40.336+0000] {logging_mixin.py:188} INFO - [2025-02-20T14:10:40.335+0000] {dag.py:3036} INFO - Sync 1 DAGs
[2025-02-20T14:10:40.359+0000] {logging_mixin.py:188} INFO - [2025-02-20T14:10:40.359+0000] {dag.py:3823} INFO - Setting next_dagrun for example_kubernetes_executor to None, run_after=None
[2025-02-20T14:10:40.392+0000] {processor.py:183} INFO - Processing /home/airflow/.local/lib/python3.8/site-packages/airflow/example_dags/example_kubernetes_executor.py took 0.393 seconds
[2025-02-20T14:11:10.938+0000] {processor.py:161} INFO - Started process (PID=3288) to work on /home/airflow/.local/lib/python3.8/site-packages/airflow/example_dags/example_kubernetes_executor.py
[2025-02-20T14:11:10.941+0000] {processor.py:830} INFO - Processing file /home/airflow/.local/lib/python3.8/site-packages/airflow/example_dags/example_kubernetes_executor.py for tasks to queue
[2025-02-20T14:11:10.945+0000] {logging_mixin.py:188} INFO - [2025-02-20T14:11:10.945+0000] {dagbag.py:538} INFO - Filling up the DagBag from /home/airflow/.local/lib/python3.8/site-packages/airflow/example_dags/example_kubernetes_executor.py
[2025-02-20T14:11:10.977+0000] {processor.py:840} INFO - DAG(s) 'example_kubernetes_executor' retrieved from /home/airflow/.local/lib/python3.8/site-packages/airflow/example_dags/example_kubernetes_executor.py
[2025-02-20T14:11:11.054+0000] {logging_mixin.py:188} INFO - [2025-02-20T14:11:11.053+0000] {dag.py:3036} INFO - Sync 1 DAGs
[2025-02-20T14:11:11.083+0000] {logging_mixin.py:188} INFO - [2025-02-20T14:11:11.083+0000] {dag.py:3823} INFO - Setting next_dagrun for example_kubernetes_executor to None, run_after=None
[2025-02-20T14:11:11.118+0000] {processor.py:183} INFO - Processing /home/airflow/.local/lib/python3.8/site-packages/airflow/example_dags/example_kubernetes_executor.py took 0.185 seconds
[2025-02-20T16:11:28.851+0000] {processor.py:161} INFO - Started process (PID=3353) to work on /home/airflow/.local/lib/python3.8/site-packages/airflow/example_dags/example_kubernetes_executor.py
[2025-02-20T16:11:28.858+0000] {processor.py:830} INFO - Processing file /home/airflow/.local/lib/python3.8/site-packages/airflow/example_dags/example_kubernetes_executor.py for tasks to queue
[2025-02-20T16:11:28.873+0000] {logging_mixin.py:188} INFO - [2025-02-20T16:11:28.872+0000] {dagbag.py:538} INFO - Filling up the DagBag from /home/airflow/.local/lib/python3.8/site-packages/airflow/example_dags/example_kubernetes_executor.py
[2025-02-20T16:11:28.914+0000] {processor.py:840} INFO - DAG(s) 'example_kubernetes_executor' retrieved from /home/airflow/.local/lib/python3.8/site-packages/airflow/example_dags/example_kubernetes_executor.py
[2025-02-20T16:11:29.112+0000] {logging_mixin.py:188} INFO - [2025-02-20T16:11:29.111+0000] {dag.py:3036} INFO - Sync 1 DAGs
[2025-02-20T16:11:29.167+0000] {logging_mixin.py:188} INFO - [2025-02-20T16:11:29.166+0000] {dag.py:3823} INFO - Setting next_dagrun for example_kubernetes_executor to None, run_after=None
[2025-02-20T16:11:29.241+0000] {processor.py:183} INFO - Processing /home/airflow/.local/lib/python3.8/site-packages/airflow/example_dags/example_kubernetes_executor.py took 0.397 seconds
[2025-02-20T16:12:00.001+0000] {processor.py:161} INFO - Started process (PID=3418) to work on /home/airflow/.local/lib/python3.8/site-packages/airflow/example_dags/example_kubernetes_executor.py
[2025-02-20T16:12:00.003+0000] {processor.py:830} INFO - Processing file /home/airflow/.local/lib/python3.8/site-packages/airflow/example_dags/example_kubernetes_executor.py for tasks to queue
[2025-02-20T16:12:00.009+0000] {logging_mixin.py:188} INFO - [2025-02-20T16:12:00.009+0000] {dagbag.py:538} INFO - Filling up the DagBag from /home/airflow/.local/lib/python3.8/site-packages/airflow/example_dags/example_kubernetes_executor.py
[2025-02-20T16:12:00.041+0000] {processor.py:840} INFO - DAG(s) 'example_kubernetes_executor' retrieved from /home/airflow/.local/lib/python3.8/site-packages/airflow/example_dags/example_kubernetes_executor.py
[2025-02-20T16:12:00.116+0000] {logging_mixin.py:188} INFO - [2025-02-20T16:12:00.116+0000] {dag.py:3036} INFO - Sync 1 DAGs
[2025-02-20T16:12:00.146+0000] {logging_mixin.py:188} INFO - [2025-02-20T16:12:00.146+0000] {dag.py:3823} INFO - Setting next_dagrun for example_kubernetes_executor to None, run_after=None
[2025-02-20T16:12:00.182+0000] {processor.py:183} INFO - Processing /home/airflow/.local/lib/python3.8/site-packages/airflow/example_dags/example_kubernetes_executor.py took 0.188 seconds
[2025-02-20T18:12:12.893+0000] {processor.py:161} INFO - Started process (PID=3460) to work on /home/airflow/.local/lib/python3.8/site-packages/airflow/example_dags/example_kubernetes_executor.py
[2025-02-20T18:12:12.923+0000] {processor.py:830} INFO - Processing file /home/airflow/.local/lib/python3.8/site-packages/airflow/example_dags/example_kubernetes_executor.py for tasks to queue
[2025-02-20T18:12:12.942+0000] {logging_mixin.py:188} INFO - [2025-02-20T18:12:12.942+0000] {dagbag.py:538} INFO - Filling up the DagBag from /home/airflow/.local/lib/python3.8/site-packages/airflow/example_dags/example_kubernetes_executor.py
[2025-02-20T18:12:13.050+0000] {processor.py:840} INFO - DAG(s) 'example_kubernetes_executor' retrieved from /home/airflow/.local/lib/python3.8/site-packages/airflow/example_dags/example_kubernetes_executor.py
[2025-02-20T18:12:13.430+0000] {logging_mixin.py:188} INFO - [2025-02-20T18:12:13.430+0000] {dag.py:3036} INFO - Sync 1 DAGs
[2025-02-20T18:12:13.630+0000] {logging_mixin.py:188} INFO - [2025-02-20T18:12:13.630+0000] {dag.py:3823} INFO - Setting next_dagrun for example_kubernetes_executor to None, run_after=None
[2025-02-20T18:12:13.798+0000] {processor.py:183} INFO - Processing /home/airflow/.local/lib/python3.8/site-packages/airflow/example_dags/example_kubernetes_executor.py took 0.914 seconds
[2025-02-20T18:12:43.940+0000] {processor.py:161} INFO - Started process (PID=3517) to work on /home/airflow/.local/lib/python3.8/site-packages/airflow/example_dags/example_kubernetes_executor.py
[2025-02-20T18:12:43.943+0000] {processor.py:830} INFO - Processing file /home/airflow/.local/lib/python3.8/site-packages/airflow/example_dags/example_kubernetes_executor.py for tasks to queue
[2025-02-20T18:12:43.948+0000] {logging_mixin.py:188} INFO - [2025-02-20T18:12:43.947+0000] {dagbag.py:538} INFO - Filling up the DagBag from /home/airflow/.local/lib/python3.8/site-packages/airflow/example_dags/example_kubernetes_executor.py
[2025-02-20T18:12:43.975+0000] {processor.py:840} INFO - DAG(s) 'example_kubernetes_executor' retrieved from /home/airflow/.local/lib/python3.8/site-packages/airflow/example_dags/example_kubernetes_executor.py
[2025-02-20T18:12:44.034+0000] {logging_mixin.py:188} INFO - [2025-02-20T18:12:44.034+0000] {dag.py:3036} INFO - Sync 1 DAGs
[2025-02-20T18:12:44.052+0000] {logging_mixin.py:188} INFO - [2025-02-20T18:12:44.052+0000] {dag.py:3823} INFO - Setting next_dagrun for example_kubernetes_executor to None, run_after=None
[2025-02-20T18:12:44.079+0000] {processor.py:183} INFO - Processing /home/airflow/.local/lib/python3.8/site-packages/airflow/example_dags/example_kubernetes_executor.py took 0.145 seconds
[2025-02-20T20:05:31.801+0000] {processor.py:161} INFO - Started process (PID=3572) to work on /home/airflow/.local/lib/python3.8/site-packages/airflow/example_dags/example_kubernetes_executor.py
[2025-02-20T20:05:31.803+0000] {processor.py:830} INFO - Processing file /home/airflow/.local/lib/python3.8/site-packages/airflow/example_dags/example_kubernetes_executor.py for tasks to queue
[2025-02-20T20:05:31.809+0000] {logging_mixin.py:188} INFO - [2025-02-20T20:05:31.808+0000] {dagbag.py:538} INFO - Filling up the DagBag from /home/airflow/.local/lib/python3.8/site-packages/airflow/example_dags/example_kubernetes_executor.py
[2025-02-20T20:05:31.884+0000] {processor.py:840} INFO - DAG(s) 'example_kubernetes_executor' retrieved from /home/airflow/.local/lib/python3.8/site-packages/airflow/example_dags/example_kubernetes_executor.py
[2025-02-20T20:05:32.008+0000] {logging_mixin.py:188} INFO - [2025-02-20T20:05:32.007+0000] {dag.py:3036} INFO - Sync 1 DAGs
[2025-02-20T20:05:32.066+0000] {logging_mixin.py:188} INFO - [2025-02-20T20:05:32.066+0000] {dag.py:3823} INFO - Setting next_dagrun for example_kubernetes_executor to None, run_after=None
[2025-02-20T20:05:32.169+0000] {processor.py:183} INFO - Processing /home/airflow/.local/lib/python3.8/site-packages/airflow/example_dags/example_kubernetes_executor.py took 0.379 seconds
[2025-02-20T20:06:02.459+0000] {processor.py:161} INFO - Started process (PID=3637) to work on /home/airflow/.local/lib/python3.8/site-packages/airflow/example_dags/example_kubernetes_executor.py
[2025-02-20T20:06:02.464+0000] {processor.py:830} INFO - Processing file /home/airflow/.local/lib/python3.8/site-packages/airflow/example_dags/example_kubernetes_executor.py for tasks to queue
[2025-02-20T20:06:02.469+0000] {logging_mixin.py:188} INFO - [2025-02-20T20:06:02.469+0000] {dagbag.py:538} INFO - Filling up the DagBag from /home/airflow/.local/lib/python3.8/site-packages/airflow/example_dags/example_kubernetes_executor.py
[2025-02-20T20:06:02.514+0000] {processor.py:840} INFO - DAG(s) 'example_kubernetes_executor' retrieved from /home/airflow/.local/lib/python3.8/site-packages/airflow/example_dags/example_kubernetes_executor.py
[2025-02-20T20:06:02.694+0000] {logging_mixin.py:188} INFO - [2025-02-20T20:06:02.693+0000] {dag.py:3036} INFO - Sync 1 DAGs
[2025-02-20T20:06:02.742+0000] {logging_mixin.py:188} INFO - [2025-02-20T20:06:02.742+0000] {dag.py:3823} INFO - Setting next_dagrun for example_kubernetes_executor to None, run_after=None
[2025-02-20T20:06:02.836+0000] {processor.py:183} INFO - Processing /home/airflow/.local/lib/python3.8/site-packages/airflow/example_dags/example_kubernetes_executor.py took 0.389 seconds
[2025-02-20T20:18:56.337+0000] {processor.py:161} INFO - Started process (PID=3664) to work on /home/airflow/.local/lib/python3.8/site-packages/airflow/example_dags/example_kubernetes_executor.py
[2025-02-20T20:18:56.344+0000] {processor.py:830} INFO - Processing file /home/airflow/.local/lib/python3.8/site-packages/airflow/example_dags/example_kubernetes_executor.py for tasks to queue
[2025-02-20T20:18:56.348+0000] {logging_mixin.py:188} INFO - [2025-02-20T20:18:56.347+0000] {dagbag.py:538} INFO - Filling up the DagBag from /home/airflow/.local/lib/python3.8/site-packages/airflow/example_dags/example_kubernetes_executor.py
[2025-02-20T20:18:56.380+0000] {processor.py:840} INFO - DAG(s) 'example_kubernetes_executor' retrieved from /home/airflow/.local/lib/python3.8/site-packages/airflow/example_dags/example_kubernetes_executor.py
[2025-02-20T20:18:56.456+0000] {logging_mixin.py:188} INFO - [2025-02-20T20:18:56.455+0000] {dag.py:3036} INFO - Sync 1 DAGs
[2025-02-20T20:18:56.485+0000] {logging_mixin.py:188} INFO - [2025-02-20T20:18:56.485+0000] {dag.py:3823} INFO - Setting next_dagrun for example_kubernetes_executor to None, run_after=None
[2025-02-20T20:18:56.518+0000] {processor.py:183} INFO - Processing /home/airflow/.local/lib/python3.8/site-packages/airflow/example_dags/example_kubernetes_executor.py took 0.191 seconds
[2025-02-20T20:19:26.653+0000] {processor.py:161} INFO - Started process (PID=3721) to work on /home/airflow/.local/lib/python3.8/site-packages/airflow/example_dags/example_kubernetes_executor.py
[2025-02-20T20:19:26.654+0000] {processor.py:830} INFO - Processing file /home/airflow/.local/lib/python3.8/site-packages/airflow/example_dags/example_kubernetes_executor.py for tasks to queue
[2025-02-20T20:19:26.657+0000] {logging_mixin.py:188} INFO - [2025-02-20T20:19:26.656+0000] {dagbag.py:538} INFO - Filling up the DagBag from /home/airflow/.local/lib/python3.8/site-packages/airflow/example_dags/example_kubernetes_executor.py
[2025-02-20T20:19:26.682+0000] {processor.py:840} INFO - DAG(s) 'example_kubernetes_executor' retrieved from /home/airflow/.local/lib/python3.8/site-packages/airflow/example_dags/example_kubernetes_executor.py
[2025-02-20T20:19:26.735+0000] {logging_mixin.py:188} INFO - [2025-02-20T20:19:26.735+0000] {dag.py:3036} INFO - Sync 1 DAGs
[2025-02-20T20:19:26.754+0000] {logging_mixin.py:188} INFO - [2025-02-20T20:19:26.754+0000] {dag.py:3823} INFO - Setting next_dagrun for example_kubernetes_executor to None, run_after=None
[2025-02-20T20:19:26.782+0000] {processor.py:183} INFO - Processing /home/airflow/.local/lib/python3.8/site-packages/airflow/example_dags/example_kubernetes_executor.py took 0.137 seconds
[2025-02-20T22:14:23.398+0000] {processor.py:161} INFO - Started process (PID=3762) to work on /home/airflow/.local/lib/python3.8/site-packages/airflow/example_dags/example_kubernetes_executor.py
[2025-02-20T22:14:23.401+0000] {processor.py:830} INFO - Processing file /home/airflow/.local/lib/python3.8/site-packages/airflow/example_dags/example_kubernetes_executor.py for tasks to queue
[2025-02-20T22:14:23.409+0000] {logging_mixin.py:188} INFO - [2025-02-20T22:14:23.408+0000] {dagbag.py:538} INFO - Filling up the DagBag from /home/airflow/.local/lib/python3.8/site-packages/airflow/example_dags/example_kubernetes_executor.py
[2025-02-20T22:14:23.449+0000] {processor.py:840} INFO - DAG(s) 'example_kubernetes_executor' retrieved from /home/airflow/.local/lib/python3.8/site-packages/airflow/example_dags/example_kubernetes_executor.py
[2025-02-20T22:14:23.567+0000] {logging_mixin.py:188} INFO - [2025-02-20T22:14:23.567+0000] {dag.py:3036} INFO - Sync 1 DAGs
[2025-02-20T22:14:23.606+0000] {logging_mixin.py:188} INFO - [2025-02-20T22:14:23.605+0000] {dag.py:3823} INFO - Setting next_dagrun for example_kubernetes_executor to None, run_after=None
[2025-02-20T22:14:23.657+0000] {processor.py:183} INFO - Processing /home/airflow/.local/lib/python3.8/site-packages/airflow/example_dags/example_kubernetes_executor.py took 0.265 seconds
